256
Lattice="13.68625 0.0 -0.0 0.0 14.46855605 0.0001368625 -0.0 0.0001368625 13.6861131375"
PD 0.06248 0.06244 0.06244
FE 0.19036 0.19018 0.06235
FE 0.19163 0.06241 0.19148
FE 0.06275 0.19001 0.18991
FE 0.06268 0.06196 0.31241
FE 0.18812 0.18754 0.31252
FE 0.18764 0.06249 0.43765
FE 0.06531 0.18482 0.43758
FE 0.06271 0.06194 0.56271
FE 0.18788 0.18737 0.56276
FE 0.18765 0.06240 0.68747
FE 0.06276 0.18739 0.68778
FE 0.06246 0.06240 0.81234
FE 0.18790 0.18768 0.81228
FE 0.19154 0.06247 0.93344
FE 0.06251 0.19019 0.93468
FE 0.06253 0.31278 0.06235
FE 0.18758 0.43752 0.06234
FE 0.18812 0.31302 0.18739
FE 0.06276 0.43766 0.18717
FE 0.06659 0.31251 0.30856
FE 0.18782 0.43770 0.31222
FE 0.18770 0.31255 0.43759
FE 0.06531 0.44028 0.43760
FE 0.06658 0.31248 0.56657
FE 0.18784 0.43769 0.56276
FE 0.18788 0.31255 0.68782
FE 0.06276 0.43777 0.68778
FE 0.06254 0.31247 0.81255
FE 0.18759 0.43755 0.81259
FE 0.18782 0.31302 0.93729
FE 0.06251 0.43752 0.93755
FE 0.06246 0.56255 0.06241
FE 0.18749 0.68755 0.06246
FE 0.18762 0.56255 0.18747
FE 0.06246 0.68756 0.18746
FE 0.06272 0.56303 0.31228
FE 0.18752 0.68753 0.31252
FE 0.18758 0.56245 0.43753
FE 0.06244 0.68743 0.43759
FE 0.06272 0.56303 0.56272
FE 0.18754 0.68755 0.56246
FE 0.18760 0.56255 0.68759
FE 0.06246 0.68747 0.68747
FE 0.06247 0.56255 0.81251
FE 0.18750 0.68751 0.81247
FE 0.18755 0.56247 0.93750
FE 0.06247 0.68754 0.93756
FE 0.06248 0.81217 0.06247
FE 0.19028 0.93477 0.06246
FE 0.18776 0.81193 0.18776
FE 0.06246 0.93475 0.19026
FE 0.06250 0.81250 0.31251
FE 0.18782 0.93735 0.31283
FE 0.18754 0.81240 0.43759
FE 0.06245 0.93752 0.43759
FE 0.06250 0.81246 0.56250
FE 0.18758 0.93750 0.56246
FE 0.18751 0.81241 0.68745
FE 0.06246 0.93748 0.68747
FE 0.06248 0.81250 0.81243
FE 0.18780 0.93736 0.81216
FE 0.18777 0.81193 0.93729
FE 0.06248 0.93477 0.93469
FE 0.31268 0.06248 0.06247
FE 0.43759 0.18751 0.06252
FE 0.43765 0.06248 0.18758
FE 0.31293 0.18767 0.18771
FE 0.31291 0.06241 0.31286
FE 0.43765 0.18753 0.31254
FE 0.43781 0.06246 0.43781
FE 0.31264 0.18751 0.43765
FE 0.31261 0.06241 0.56246
FE 0.43748 0.18755 0.56251
FE 0.43781 0.06249 0.68723
FE 0.31270 0.18752 0.68748
FE 0.31285 0.06248 0.81211
FE 0.43765 0.18750 0.81235
FE 0.43765 0.06246 0.93746
FE 0.31277 0.18765 0.93724
FE 0.31283 0.31246 0.06217
FE 0.43760 0.43764 0.06252
FE 0.43759 0.31255 0.18744
FE 0.31264 0.43755 0.18741
FE 0.31267 0.31255 0.31249
FE 0.43754 0.43754 0.31244
FE 0.43753 0.31247 0.43753
FE 0.31255 0.43756 0.43754
FE 0.31261 0.31247 0.56255
FE 0.43752 0.43753 0.56251
FE 0.43753 0.31248 0.68758
FE 0.31261 0.43754 0.68760
FE 0.31284 0.31256 0.81270
FE 0.43754 0.43757 0.81244
FE 0.43759 0.31255 0.93754
FE 0.31246 0.43758 0.93754
FE 0.31252 0.56248 0.06247
FE 0.43760 0.68744 0.06248
FE 0.43753 0.56247 0.18752
FE 0.31252 0.68751 0.18750
FE 0.31255 0.56255 0.31249
FE 0.43754 0.68752 0.31248
FE 0.43753 0.56249 0.43753
FE 0.31255 0.68760 0.43754
FE 0.31255 0.56255 0.56247
FE 0.43752 0.68753 0.56247
FE 0.43753 0.56247 0.68752
FE 0.31249 0.68753 0.68750
FE 0.31248 0.56248 0.81248
FE 0.43754 0.68752 0.81248
FE 0.43753 0.56249 0.93752
FE 0.31250 0.68751 0.93754
FE 0.31253 0.81250 0.06247
FE 0.43759 0.93751 0.06248
FE 0.43759 0.81241 0.18750
FE 0.31282 0.93736 0.18780
FE 0.31256 0.81240 0.31255
FE 0.43765 0.93752 0.31258
FE 0.43753 0.81248 0.43753
FE 0.31264 0.93744 0.43765
FE 0.31249 0.81249 0.56248
FE 0.43748 0.93749 0.56247
FE 0.43753 0.81248 0.68752
FE 0.31258 0.93751 0.68739
FE 0.31255 0.81240 0.81241
FE 0.43765 0.93752 0.81239
FE 0.43759 0.81241 0.93753
FE 0.31281 0.93737 0.93724
FE 0.56247 0.06248 0.06247
FE 0.68736 0.18755 0.06235
FE 0.68733 0.06241 0.18751
FE 0.56235 0.18753 0.18746
FE 0.56241 0.06241 0.31256
FE 0.68706 0.18738 0.31230
FE 0.68717 0.06249 0.43782
FE 0.56241 0.18754 0.43748
FE 0.56241 0.06240 0.56246
FE 0.68723 0.18740 0.56276
FE 0.68716 0.06240 0.68730
FE 0.56235 0.18756 0.68765
FE 0.56247 0.06248 0.81242
FE 0.68730 0.18753 0.81252
FE 0.68739 0.06249 0.93745
FE 0.56252 0.18750 0.93749
FE 0.56219 0.31249 0.06219
FE 0.68736 0.43761 0.06235
FE 0.68709 0.31255 0.18714
FE 0.56235 0.43753 0.18742
FE 0.56235 0.31247 0.31242
FE 0.68718 0.43769 0.31220
FE 0.68732 0.31247 0.43753
FE 0.56241 0.43755 0.43752
FE 0.56236 0.31249 0.56254
FE 0.68719 0.43768 0.56276
FE 0.68715 0.31247 0.68789
FE 0.56235 0.43753 0.68761
FE 0.56219 0.31247 0.81277
FE 0.68742 0.43754 0.81261
FE 0.68739 0.31255 0.93754
FE 0.56252 0.43756 0.93753
FE 0.56247 0.56248 0.06247
FE 0.68745 0.68745 0.06246
FE 0.68744 0.56255 0.18745
FE 0.56246 0.68753 0.18752
FE 0.56241 0.56255 0.31250
FE 0.68748 0.68754 0.31250
FE 0.68747 0.56245 0.43753
FE 0.56240 0.68761 0.43752
FE 0.56241 0.56255 0.56247
FE 0.68750 0.68755 0.56246
FE 0.68745 0.56255 0.68759
FE 0.56246 0.68754 0.68752
FE 0.56247 0.56248 0.81248
FE 0.68751 0.68753 0.81250
FE 0.68751 0.56247 0.93752
FE 0.56248 0.68752 0.93753
FE 0.56247 0.81247 0.06247
FE 0.68745 0.93750 0.06246
FE 0.68745 0.81241 0.18751
FE 0.56246 0.93751 0.18756
FE 0.56247 0.81248 0.31248
FE 0.68736 0.93750 0.31259
FE 0.68748 0.81248 0.43753
FE 0.56240 0.93741 0.43748
FE 0.56247 0.81246 0.56248
FE 0.68754 0.93747 0.56246
FE 0.68752 0.81248 0.68752
FE 0.56246 0.93749 0.68756
FE 0.56247 0.81248 0.81248
FE 0.68739 0.93751 0.81240
FE 0.68745 0.81240 0.93753
FE 0.56248 0.93752 0.93749
FE 0.81230 0.06240 0.06241
FE 0.93468 0.19016 0.06241
FE 0.93341 0.06244 0.19145
FE 0.81188 0.18752 0.18748
FE 0.81187 0.06193 0.31261
FE 0.93723 0.18496 0.31010
FE 0.93747 0.06216 0.43765
FE 0.80964 0.18478 0.43764
FE 0.81218 0.06194 0.56271
FE 0.93748 0.18478 0.56531
FE 0.93746 0.06249 0.68745
FE 0.81211 0.18737 0.68772
FE 0.81212 0.06241 0.81218
FE 0.93724 0.18766 0.81222
FE 0.93342 0.06246 0.93343
FE 0.81212 0.18768 0.93724
FE 0.81236 0.31246 0.06235
FE 0.93755 0.43753 0.06241
FE 0.93732 0.31300 0.18759
FE 0.81218 0.43770 0.18718
FE 0.80837 0.31254 0.30852
FE 0.93755 0.44021 0.30974
PD 0.93752 0.31261 0.43756
FE 0.80972 0.44019 0.43755
FE 0.80846 0.31248 0.56656
FE 0.93753 0.44020 0.56532
FE 0.93754 0.31255 0.68766
FE 0.81220 0.43770 0.68784
FE 0.81235 0.31255 0.81253
FE 0.93754 0.43757 0.81253
FE 0.93729 0.31302 0.93729
FE 0.81242 0.43756 0.93754
FE 0.81246 0.56255 0.06241
FE 0.93756 0.68762 0.06241
FE 0.93750 0.56246 0.18749
FE 0.81248 0.68753 0.18748
FE 0.81225 0.56302 0.31224
FE 0.93754 0.68749 0.31254
FE 0.93752 0.56278 0.43753
FE 0.81251 0.68750 0.43754
FE 0.81224 0.56302 0.56272
FE 0.93753 0.68751 0.56244
FE 0.93752 0.56246 0.68757
FE 0.81250 0.68754 0.68753
FE 0.81249 0.56255 0.81255
FE 0.93754 0.68759 0.81253
FE 0.93750 0.56249 0.93750
FE 0.81246 0.68751 0.93754
FE 0.81242 0.81250 0.06247
FE 0.93470 0.93469 0.06240
FE 0.93729 0.81193 0.18773
FE 0.81218 0.93736 0.18778
FE 0.81238 0.81240 0.31253
FE 0.93724 0.93739 0.31283
FE 0.93754 0.81240 0.43759
FE 0.81242 0.93754 0.43766
FE 0.81245 0.81248 0.56250
FE 0.93749 0.93753 0.56245
FE 0.93754 0.81240 0.68749
FE 0.81241 0.93750 0.68741
FE 0.81240 0.81240 0.81241
FE 0.93724 0.93728 0.81223
FE 0.93729 0.81193 0.93728
FE 0.81216 0.93737 0.93724
