256
Lattice="13.70216 0.0 0.0 0.0 14.4285115016 -0.0005480864000000001 0.0 -0.0005480864000000001 13.7027080864"
PD 0.06251 0.06011 0.06495
FE 0.19274 0.18955 0.06567
FE 0.19105 0.06248 0.19100
FE 0.06248 0.18968 0.18992
FE 0.06248 0.06250 0.31273
FE 0.18761 0.18753 0.31266
FE 0.18753 0.06248 0.43757
FE 0.06248 0.18751 0.43754
FE 0.06248 0.06249 0.56246
FE 0.18753 0.18752 0.56243
FE 0.18761 0.06247 0.68734
FE 0.06248 0.18750 0.68727
FE 0.06248 0.06032 0.81008
FE 0.19105 0.18752 0.80900
FE 0.19274 0.06045 0.93433
PD 0.06251 0.18989 0.93505
FE 0.06249 0.31480 0.06473
FE 0.18756 0.43777 0.06257
FE 0.18769 0.31276 0.18772
FE 0.06249 0.43734 0.18736
FE 0.06248 0.31230 0.31238
FE 0.18751 0.43751 0.31247
FE 0.18752 0.31249 0.43752
FE 0.06248 0.43755 0.43754
FE 0.06248 0.31247 0.56247
FE 0.18750 0.43752 0.56248
FE 0.18760 0.31250 0.68739
FE 0.06248 0.43738 0.68760
FE 0.06249 0.31458 0.81027
FE 0.18761 0.43778 0.81241
FE 0.18994 0.31497 0.93746
FE 0.06248 0.43773 0.93756
FE 0.06248 0.56245 0.06243
FE 0.18747 0.68754 0.06249
FE 0.18752 0.56247 0.18751
FE 0.06248 0.68755 0.18748
FE 0.06249 0.56251 0.31253
FE 0.18752 0.68753 0.31246
FE 0.18751 0.56248 0.43751
FE 0.06248 0.68749 0.43755
FE 0.06248 0.56251 0.56245
FE 0.18751 0.68752 0.56249
FE 0.18752 0.56247 0.68754
FE 0.06249 0.68749 0.68747
FE 0.06248 0.56245 0.81252
FE 0.18752 0.68753 0.81249
FE 0.18747 0.56246 0.93751
FE 0.06248 0.68755 0.93757
FE 0.06248 0.81227 0.06244
FE 0.18994 0.93503 0.06254
FE 0.18761 0.81222 0.18759
FE 0.06249 0.93542 0.18973
FE 0.06248 0.81262 0.31240
FE 0.18760 0.93750 0.31261
FE 0.18750 0.81248 0.43752
FE 0.06248 0.93753 0.43753
FE 0.06248 0.81245 0.56246
FE 0.18752 0.93751 0.56248
FE 0.18751 0.81249 0.68753
FE 0.06248 0.93770 0.68762
FE 0.06249 0.81266 0.81264
FE 0.18769 0.93724 0.81228
FE 0.18756 0.81223 0.93743
FE 0.06249 0.93520 0.93527
FE 0.31276 0.06247 0.06257
FE 0.43760 0.18751 0.06249
FE 0.43758 0.06248 0.18752
FE 0.31247 0.18753 0.18748
FE 0.31236 0.06249 0.31237
FE 0.43762 0.18751 0.31258
FE 0.43758 0.06247 0.43761
FE 0.31251 0.18751 0.43752
FE 0.31251 0.06249 0.56248
FE 0.43758 0.18753 0.56239
FE 0.43762 0.06249 0.68742
FE 0.31236 0.18751 0.68763
FE 0.31247 0.06247 0.81252
FE 0.43758 0.18752 0.81248
FE 0.43760 0.06249 0.93751
FE 0.31276 0.18753 0.93743
FE 0.31247 0.31232 0.06258
FE 0.43755 0.43755 0.06248
FE 0.43753 0.31249 0.18751
FE 0.31250 0.43754 0.18754
FE 0.31250 0.31251 0.31251
FE 0.43752 0.43751 0.31248
FE 0.43748 0.31249 0.43751
FE 0.31249 0.43751 0.43752
FE 0.31248 0.31247 0.56248
FE 0.43751 0.43751 0.56249
FE 0.43751 0.31247 0.68753
FE 0.31251 0.43755 0.68749
FE 0.31263 0.31253 0.81237
FE 0.43752 0.43753 0.81249
FE 0.43754 0.31248 0.93753
FE 0.31235 0.43733 0.93752
FE 0.31249 0.56247 0.06248
FE 0.43754 0.68749 0.06249
FE 0.43752 0.56248 0.18752
FE 0.31247 0.68753 0.18751
FE 0.31248 0.56248 0.31249
FE 0.43752 0.68752 0.31248
FE 0.43752 0.56248 0.43752
FE 0.31248 0.68752 0.43752
FE 0.31248 0.56248 0.56248
FE 0.43752 0.68752 0.56248
FE 0.43752 0.56248 0.68752
FE 0.31248 0.68752 0.68751
FE 0.31247 0.56247 0.81249
FE 0.43752 0.68752 0.81248
FE 0.43754 0.56251 0.93751
FE 0.31249 0.68753 0.93752
FE 0.31235 0.81267 0.06248
FE 0.43754 0.93752 0.06247
FE 0.43752 0.81247 0.18751
FE 0.31263 0.93747 0.18763
FE 0.31251 0.81245 0.31251
FE 0.43751 0.93753 0.31247
FE 0.43751 0.81249 0.43751
FE 0.31248 0.93753 0.43752
FE 0.31249 0.81249 0.56248
FE 0.43748 0.93751 0.56249
FE 0.43752 0.81249 0.68752
FE 0.31250 0.93749 0.68749
FE 0.31250 0.81246 0.81246
FE 0.43753 0.93751 0.81249
FE 0.43755 0.81245 0.93752
FE 0.31247 0.93768 0.93742
FE 0.56248 0.06248 0.06250
FE 0.68743 0.18751 0.06249
FE 0.68745 0.06248 0.18752
FE 0.56248 0.18752 0.18756
FE 0.56248 0.06247 0.31248
FE 0.68741 0.18751 0.31258
FE 0.68745 0.06247 0.43761
FE 0.56248 0.18753 0.43749
FE 0.56248 0.06247 0.56251
FE 0.68745 0.18753 0.56239
FE 0.68741 0.06249 0.68742
FE 0.56248 0.18753 0.68752
FE 0.56248 0.06248 0.81244
FE 0.68745 0.18752 0.81248
FE 0.68743 0.06249 0.93751
FE 0.56248 0.18752 0.93750
FE 0.56248 0.31248 0.06249
FE 0.68748 0.43755 0.06248
FE 0.68750 0.31249 0.18751
FE 0.56248 0.43751 0.18751
FE 0.56248 0.31249 0.31245
FE 0.68752 0.43751 0.31248
FE 0.68755 0.31249 0.43751
FE 0.56248 0.43753 0.43752
FE 0.56248 0.31250 0.56251
FE 0.68752 0.43751 0.56249
FE 0.68752 0.31247 0.68753
FE 0.56248 0.43751 0.68751
FE 0.56248 0.31247 0.81247
FE 0.68751 0.43753 0.81249
FE 0.68749 0.31248 0.93753
FE 0.56248 0.43752 0.93752
FE 0.56248 0.56248 0.06248
FE 0.68749 0.68749 0.06249
FE 0.68752 0.56248 0.18752
FE 0.56248 0.68752 0.18751
FE 0.56248 0.56248 0.31248
FE 0.68751 0.68752 0.31248
FE 0.68752 0.56248 0.43752
FE 0.56248 0.68752 0.43752
FE 0.56248 0.56248 0.56248
FE 0.68752 0.68752 0.56248
FE 0.68751 0.56248 0.68752
FE 0.56248 0.68752 0.68752
FE 0.56248 0.56248 0.81249
FE 0.68752 0.68752 0.81248
FE 0.68749 0.56251 0.93751
FE 0.56248 0.68752 0.93752
FE 0.56248 0.81248 0.06248
FE 0.68749 0.93752 0.06247
FE 0.68751 0.81247 0.18751
FE 0.56248 0.93753 0.18753
FE 0.56248 0.81249 0.31249
FE 0.68752 0.93753 0.31247
FE 0.68752 0.81249 0.43751
FE 0.56248 0.93750 0.43749
FE 0.56248 0.81247 0.56248
FE 0.68755 0.93751 0.56249
FE 0.68752 0.81249 0.68752
FE 0.56248 0.93751 0.68755
FE 0.56248 0.81249 0.81249
FE 0.68750 0.93751 0.81249
FE 0.68748 0.81245 0.93752
FE 0.56248 0.93752 0.93751
FE 0.81220 0.06246 0.06257
FE 0.93226 0.18955 0.06567
FE 0.93396 0.06249 0.19100
FE 0.81250 0.18753 0.18748
FE 0.81261 0.06249 0.31237
FE 0.93742 0.18753 0.31266
FE 0.93750 0.06248 0.43757
FE 0.81246 0.18751 0.43752
FE 0.81246 0.06249 0.56248
FE 0.93750 0.18752 0.56243
FE 0.93742 0.06247 0.68734
FE 0.81261 0.18751 0.68763
FE 0.81250 0.06247 0.81252
FE 0.93396 0.18751 0.80900
FE 0.93226 0.06045 0.93433
FE 0.81220 0.18754 0.93743
FE 0.81249 0.31232 0.06258
FE 0.93747 0.43777 0.06257
FE 0.93734 0.31276 0.18772
FE 0.81247 0.43754 0.18754
FE 0.81247 0.31251 0.31251
FE 0.93753 0.43751 0.31247
FE 0.93752 0.31249 0.43752
FE 0.81248 0.43751 0.43752
FE 0.81249 0.31247 0.56248
FE 0.93753 0.43752 0.56248
FE 0.93743 0.31250 0.68739
FE 0.81246 0.43755 0.68749
FE 0.81234 0.31253 0.81237
FE 0.93743 0.43778 0.81241
FE 0.93508 0.31498 0.93746
FE 0.81262 0.43733 0.93752
FE 0.81248 0.56247 0.06248
FE 0.93756 0.68754 0.06249
FE 0.93751 0.56247 0.18751
FE 0.81250 0.68753 0.18751
FE 0.81249 0.56248 0.31249
FE 0.93752 0.68753 0.31246
FE 0.93752 0.56248 0.43751
FE 0.81249 0.68752 0.43752
FE 0.81249 0.56248 0.56248
FE 0.93752 0.68752 0.56249
FE 0.93752 0.56247 0.68754
FE 0.81249 0.68752 0.68751
FE 0.81250 0.56247 0.81249
FE 0.93751 0.68753 0.81249
FE 0.93756 0.56246 0.93751
FE 0.81248 0.68753 0.93752
FE 0.81262 0.81267 0.06248
FE 0.93508 0.93502 0.06254
FE 0.93743 0.81223 0.18759
FE 0.81234 0.93747 0.18763
FE 0.81246 0.81245 0.31251
FE 0.93743 0.93750 0.31261
FE 0.93753 0.81248 0.43752
FE 0.81249 0.93753 0.43752
FE 0.81248 0.81249 0.56248
FE 0.93752 0.93751 0.56248
FE 0.93753 0.81249 0.68753
FE 0.81247 0.93749 0.68749
FE 0.81247 0.81246 0.81246
FE 0.93734 0.93724 0.81228
FE 0.93747 0.81223 0.93743
FE 0.81249 0.93768 0.93742
