256
Lattice="13.68436 -0.0 -0.0 -0.0 14.462042178799999 0.0004105308 -0.0 0.0004105308 13.6886021516"
PD 0.06251 0.06008 0.06516
FE 0.19339 0.18986 0.06637
FE 0.19235 0.06227 0.19231
FE 0.06248 0.19023 0.19078
FE 0.06247 0.06236 0.31286
FE 0.18823 0.18789 0.31331
FE 0.18774 0.06241 0.43769
FE 0.06248 0.18761 0.43766
FE 0.06248 0.06239 0.56234
FE 0.18774 0.18759 0.56231
FE 0.18823 0.06211 0.68669
FE 0.06247 0.18764 0.68714
FE 0.06248 0.05977 0.80922
FE 0.19235 0.18773 0.80769
FE 0.19339 0.06014 0.93363
PD 0.06251 0.18992 0.93484
FE 0.06246 0.31571 0.06530
FE 0.18799 0.43846 0.06291
FE 0.18839 0.31371 0.18853
FE 0.06247 0.43787 0.18791
FE 0.06248 0.31282 0.31294
FE 0.18762 0.43788 0.31283
FE 0.18767 0.31278 0.43774
FE 0.06248 0.43782 0.43771
FE 0.06248 0.31267 0.56237
FE 0.18763 0.43783 0.56224
FE 0.18815 0.31308 0.68666
FE 0.06248 0.43803 0.68695
FE 0.06247 0.31575 0.80928
FE 0.18801 0.43855 0.81193
FE 0.19072 0.31610 0.93729
FE 0.06247 0.43807 0.93752
FE 0.06248 0.56253 0.06250
FE 0.18758 0.68748 0.06252
FE 0.18758 0.56264 0.18771
FE 0.06248 0.68749 0.18761
FE 0.06248 0.56269 0.31274
FE 0.18759 0.68737 0.31268
FE 0.18760 0.56255 0.43759
FE 0.06248 0.68729 0.43773
FE 0.06248 0.56271 0.56227
FE 0.18760 0.68745 0.56241
FE 0.18759 0.56263 0.68732
FE 0.06248 0.68731 0.68726
FE 0.06248 0.56251 0.81239
FE 0.18758 0.68736 0.81229
FE 0.18758 0.56252 0.93748
FE 0.06248 0.68747 0.93750
FE 0.06247 0.81193 0.06248
FE 0.19072 0.93390 0.06271
FE 0.18801 0.81145 0.18807
FE 0.06247 0.93425 0.19072
FE 0.06248 0.81197 0.31305
FE 0.18815 0.93692 0.31334
FE 0.18763 0.81217 0.43776
FE 0.06248 0.93733 0.43763
FE 0.06248 0.81218 0.56229
FE 0.18767 0.93722 0.56226
FE 0.18762 0.81212 0.68717
FE 0.06248 0.93718 0.68706
FE 0.06247 0.81213 0.81209
FE 0.18839 0.93629 0.81147
FE 0.18799 0.81154 0.93709
FE 0.06246 0.93429 0.93470
FE 0.31315 0.06215 0.06289
FE 0.43781 0.18759 0.06263
FE 0.43801 0.06235 0.18795
FE 0.31407 0.18790 0.18901
FE 0.31387 0.06238 0.31393
FE 0.43850 0.18763 0.31342
FE 0.43835 0.06231 0.43824
FE 0.31300 0.18765 0.43791
FE 0.31300 0.06235 0.56209
FE 0.43835 0.18769 0.56176
FE 0.43850 0.06237 0.68658
FE 0.31387 0.18762 0.68607
FE 0.31407 0.06210 0.81099
FE 0.43801 0.18765 0.81205
FE 0.43781 0.06241 0.93737
FE 0.31315 0.18785 0.93711
FE 0.31340 0.31306 0.06306
FE 0.43792 0.43793 0.06255
FE 0.43814 0.31282 0.18794
FE 0.31286 0.43792 0.18780
FE 0.31304 0.31283 0.31308
FE 0.43767 0.43769 0.31261
FE 0.43770 0.31273 0.43759
FE 0.31262 0.43770 0.43758
FE 0.31292 0.31271 0.56209
FE 0.43763 0.43764 0.56239
FE 0.43799 0.31269 0.68712
FE 0.31278 0.43782 0.68721
FE 0.31332 0.31308 0.81173
FE 0.43782 0.43782 0.81236
FE 0.43782 0.31275 0.93748
FE 0.31296 0.43792 0.93751
FE 0.31270 0.56263 0.06249
FE 0.43779 0.68731 0.06252
FE 0.43765 0.56254 0.18760
FE 0.31268 0.68736 0.18758
FE 0.31257 0.56254 0.31259
FE 0.43762 0.68745 0.31255
FE 0.43757 0.56251 0.43755
FE 0.31256 0.68745 0.43758
FE 0.31256 0.56255 0.56242
FE 0.43757 0.68749 0.56245
FE 0.43762 0.56255 0.68745
FE 0.31257 0.68746 0.68741
FE 0.31268 0.56264 0.81242
FE 0.43765 0.68746 0.81239
FE 0.43779 0.56269 0.93748
FE 0.31270 0.68737 0.93751
FE 0.31296 0.81208 0.06249
FE 0.43782 0.93725 0.06252
FE 0.43782 0.81218 0.18764
FE 0.31332 0.93692 0.18827
FE 0.31278 0.81218 0.31279
FE 0.43799 0.93731 0.31288
FE 0.43763 0.81236 0.43761
FE 0.31292 0.93729 0.43791
FE 0.31262 0.81230 0.56242
FE 0.43770 0.93727 0.56241
FE 0.43767 0.81231 0.68739
FE 0.31304 0.93717 0.68692
FE 0.31286 0.81208 0.81220
FE 0.43814 0.93718 0.81206
FE 0.43792 0.81207 0.93745
FE 0.31340 0.93694 0.93694
FE 0.56248 0.06242 0.06256
FE 0.68722 0.18759 0.06264
FE 0.68704 0.06236 0.18795
FE 0.56247 0.18758 0.18779
FE 0.56248 0.06233 0.31273
FE 0.68652 0.18763 0.31342
FE 0.68668 0.06232 0.43823
FE 0.56248 0.18767 0.43762
FE 0.56248 0.06233 0.56238
FE 0.68668 0.18768 0.56177
FE 0.68652 0.06237 0.68658
FE 0.56248 0.18767 0.68727
FE 0.56247 0.06242 0.81221
FE 0.68704 0.18764 0.81205
FE 0.68722 0.06241 0.93736
FE 0.56248 0.18758 0.93744
FE 0.56248 0.31260 0.06256
FE 0.68713 0.43792 0.06255
FE 0.68690 0.31283 0.18794
FE 0.56248 0.43771 0.18765
FE 0.56248 0.31274 0.31267
FE 0.68737 0.43769 0.31261
FE 0.68735 0.31273 0.43758
FE 0.56248 0.43763 0.43755
FE 0.56248 0.31272 0.56237
FE 0.68742 0.43764 0.56240
FE 0.68704 0.31269 0.68710
FE 0.56248 0.43767 0.68740
FE 0.56248 0.31264 0.81231
FE 0.68723 0.43782 0.81237
FE 0.68722 0.31276 0.93748
FE 0.56248 0.43766 0.93750
FE 0.56248 0.56255 0.06251
FE 0.68726 0.68730 0.06252
FE 0.68739 0.56254 0.18760
FE 0.56248 0.68745 0.18758
FE 0.56248 0.56251 0.31253
FE 0.68743 0.68745 0.31255
FE 0.68748 0.56251 0.43755
FE 0.56248 0.68749 0.43755
FE 0.56248 0.56251 0.56245
FE 0.68748 0.68749 0.56245
FE 0.68743 0.56255 0.68745
FE 0.56248 0.68749 0.68747
FE 0.56248 0.56255 0.81242
FE 0.68739 0.68746 0.81240
FE 0.68726 0.56270 0.93748
FE 0.56248 0.68745 0.93749
FE 0.56248 0.81234 0.06250
FE 0.68722 0.93724 0.06252
FE 0.68723 0.81218 0.18763
FE 0.56248 0.93736 0.18769
FE 0.56248 0.81233 0.31260
FE 0.68704 0.93731 0.31290
FE 0.68742 0.81236 0.43760
FE 0.56248 0.93728 0.43763
FE 0.56248 0.81237 0.56245
FE 0.68735 0.93727 0.56242
FE 0.68737 0.81231 0.68739
FE 0.56248 0.93726 0.68733
FE 0.56248 0.81229 0.81235
FE 0.68690 0.93717 0.81206
FE 0.68713 0.81208 0.93745
FE 0.56248 0.93740 0.93744
FE 0.81181 0.06215 0.06287
FE 0.93168 0.18986 0.06637
FE 0.93267 0.06226 0.19231
FE 0.81096 0.18792 0.18900
FE 0.81113 0.06237 0.31393
FE 0.93680 0.18788 0.31333
FE 0.93730 0.06241 0.43769
FE 0.81195 0.18765 0.43792
FE 0.81195 0.06235 0.56208
FE 0.93730 0.18759 0.56231
FE 0.93680 0.06212 0.68667
FE 0.81113 0.18763 0.68607
FE 0.81096 0.06208 0.81100
FE 0.93267 0.18774 0.80769
FE 0.93168 0.06014 0.93363
FE 0.81181 0.18785 0.93713
FE 0.81157 0.31304 0.06307
FE 0.93705 0.43846 0.06292
FE 0.93663 0.31372 0.18853
FE 0.81209 0.43792 0.18780
FE 0.81193 0.31283 0.31308
FE 0.93743 0.43788 0.31283
FE 0.93737 0.31278 0.43774
FE 0.81233 0.43770 0.43758
FE 0.81204 0.31271 0.56208
FE 0.93742 0.43783 0.56224
FE 0.93687 0.31309 0.68665
FE 0.81218 0.43783 0.68722
FE 0.81164 0.31307 0.81172
FE 0.93705 0.43855 0.81194
FE 0.93420 0.31609 0.93730
FE 0.81199 0.43793 0.93751
FE 0.81226 0.56263 0.06249
FE 0.93746 0.68748 0.06252
FE 0.93747 0.56264 0.18771
FE 0.81229 0.68736 0.18758
FE 0.81239 0.56254 0.31258
FE 0.93746 0.68737 0.31268
FE 0.93745 0.56255 0.43758
FE 0.81240 0.68745 0.43759
FE 0.81240 0.56255 0.56241
FE 0.93745 0.68745 0.56242
FE 0.93746 0.56263 0.68732
FE 0.81239 0.68746 0.68742
FE 0.81229 0.56264 0.81242
FE 0.93747 0.68736 0.81229
FE 0.93746 0.56252 0.93748
FE 0.81226 0.68737 0.93751
FE 0.81199 0.81207 0.06249
FE 0.93420 0.93391 0.06270
FE 0.93705 0.81145 0.18806
FE 0.81164 0.93693 0.18828
FE 0.81218 0.81217 0.31278
FE 0.93687 0.93691 0.31335
FE 0.93742 0.81217 0.43776
FE 0.81204 0.93729 0.43792
FE 0.81233 0.81230 0.56242
FE 0.93737 0.93722 0.56226
FE 0.93743 0.81212 0.68717
FE 0.81193 0.93717 0.68692
FE 0.81209 0.81208 0.81220
FE 0.93663 0.93628 0.81147
FE 0.93705 0.81154 0.93708
FE 0.81157 0.93696 0.93693
