256
Lattice="13.68721 0.00013687210000000002 0.0 0.00027374420000000004 14.462590446500002 -0.0 0.0 -0.0 13.6876206163"
PD 0.06254 0.06223 0.06226
FE 0.19051 0.19003 0.06212
FE 0.19181 0.06226 0.19134
FE 0.06302 0.18984 0.18962
FE 0.06280 0.06167 0.31224
FE 0.18862 0.18755 0.31254
FE 0.18799 0.06222 0.43769
FE 0.06533 0.18482 0.43765
FE 0.06288 0.06166 0.56288
FE 0.18821 0.18723 0.56302
FE 0.18791 0.06226 0.68758
FE 0.06302 0.18725 0.68801
FE 0.06252 0.06223 0.81244
FE 0.18838 0.18777 0.81224
FE 0.19165 0.06236 0.93340
FE 0.06255 0.19012 0.93466
FE 0.06261 0.31291 0.06227
FE 0.18786 0.43771 0.06210
FE 0.18885 0.31331 0.18692
FE 0.06301 0.43791 0.18694
FE 0.06671 0.31283 0.30883
FE 0.18816 0.43803 0.31208
FE 0.18785 0.31269 0.43776
FE 0.06533 0.44037 0.43772
FE 0.06663 0.31251 0.56661
FE 0.18816 0.43795 0.56302
FE 0.18858 0.31270 0.68830
FE 0.06302 0.43810 0.68795
FE 0.06264 0.31275 0.81234
FE 0.18787 0.43780 0.81273
FE 0.18807 0.31330 0.93713
FE 0.06256 0.43765 0.93750
FE 0.06254 0.56271 0.06226
FE 0.18759 0.68755 0.06241
FE 0.18779 0.56271 0.18734
FE 0.06250 0.68763 0.18741
FE 0.06288 0.56331 0.31218
FE 0.18768 0.68753 0.31260
FE 0.18788 0.56272 0.43759
FE 0.06249 0.68737 0.43770
FE 0.06289 0.56333 0.56289
FE 0.18769 0.68761 0.56250
FE 0.18780 0.56271 0.68769
FE 0.06250 0.68747 0.68747
FE 0.06255 0.56271 0.81263
FE 0.18759 0.68745 0.81241
FE 0.18766 0.56260 0.93748
FE 0.06251 0.68756 0.93751
FE 0.06250 0.81203 0.06240
FE 0.19029 0.93465 0.06242
FE 0.18797 0.81165 0.18789
FE 0.06249 0.93455 0.19013
FE 0.06253 0.81224 0.31277
FE 0.18815 0.93704 0.31305
FE 0.18767 0.81226 0.43774
FE 0.06250 0.93740 0.43764
FE 0.06253 0.81241 0.56252
FE 0.18774 0.93732 0.56250
FE 0.18764 0.81226 0.68735
FE 0.06251 0.93729 0.68752
FE 0.06251 0.81222 0.81220
FE 0.18809 0.93711 0.81193
FE 0.18795 0.81166 0.93713
FE 0.06249 0.93461 0.93465
FE 0.31277 0.06238 0.06238
FE 0.43764 0.18745 0.06238
FE 0.43769 0.06237 0.18757
FE 0.31344 0.18774 0.18769
FE 0.31369 0.06228 0.31341
FE 0.43789 0.18760 0.31271
FE 0.43818 0.06240 0.43818
FE 0.31292 0.18756 0.43788
FE 0.31288 0.06227 0.56254
FE 0.43762 0.18762 0.56256
FE 0.43818 0.06238 0.68695
FE 0.31320 0.18753 0.68747
FE 0.31356 0.06240 0.81158
FE 0.43789 0.18750 0.81226
FE 0.43770 0.06241 0.93737
FE 0.31318 0.18771 0.93699
FE 0.31346 0.31272 0.06181
FE 0.43770 0.43790 0.06237
FE 0.43774 0.31271 0.18740
FE 0.31300 0.43780 0.18721
FE 0.31289 0.31271 0.31255
FE 0.43759 0.43767 0.31244
FE 0.43760 0.31258 0.43760
FE 0.31265 0.43769 0.43759
FE 0.31277 0.31260 0.56265
FE 0.43755 0.43762 0.56256
FE 0.43760 0.31258 0.68763
FE 0.31291 0.43772 0.68779
FE 0.31339 0.31272 0.81294
FE 0.43759 0.43776 0.81254
FE 0.43773 0.31271 0.93746
FE 0.31271 0.43784 0.93750
FE 0.31263 0.56258 0.06240
FE 0.43770 0.68735 0.06246
FE 0.43759 0.56260 0.18747
FE 0.31268 0.68745 0.18750
FE 0.31274 0.56272 0.31246
FE 0.43759 0.68754 0.31250
FE 0.43755 0.56257 0.43755
FE 0.31271 0.68768 0.43759
FE 0.31274 0.56271 0.56255
FE 0.43755 0.68758 0.56251
FE 0.43755 0.56260 0.68759
FE 0.31259 0.68753 0.68750
FE 0.31260 0.56258 0.81251
FE 0.43759 0.68750 0.81246
FE 0.43758 0.56257 0.93748
FE 0.31264 0.68741 0.93750
FE 0.31283 0.81224 0.06246
FE 0.43765 0.93742 0.06245
FE 0.43774 0.81227 0.18756
FE 0.31314 0.93711 0.18798
FE 0.31277 0.81227 0.31267
FE 0.43789 0.93734 0.31277
FE 0.43760 0.81239 0.43760
FE 0.31298 0.93720 0.43788
FE 0.31264 0.81238 0.56252
FE 0.43762 0.93730 0.56251
FE 0.43760 0.81240 0.68748
FE 0.31288 0.93734 0.68718
FE 0.31273 0.81226 0.81227
FE 0.43790 0.93739 0.81218
FE 0.43774 0.81226 0.93746
FE 0.31311 0.93714 0.93699
FE 0.56240 0.06239 0.06240
FE 0.68709 0.18750 0.06212
FE 0.68711 0.06227 0.18745
FE 0.56211 0.18747 0.18728
FE 0.56226 0.06227 0.31259
FE 0.68655 0.18730 0.31231
FE 0.68653 0.06225 0.43819
FE 0.56235 0.18761 0.43762
FE 0.56226 0.06226 0.56254
FE 0.68681 0.18733 0.56301
FE 0.68661 0.06227 0.68707
FE 0.56211 0.18757 0.68774
FE 0.56239 0.06239 0.81237
FE 0.68680 0.18753 0.81253
FE 0.68723 0.06238 0.93735
FE 0.56238 0.18744 0.93744
FE 0.56182 0.31255 0.06182
FE 0.68702 0.43786 0.06211
FE 0.68631 0.31271 0.18659
FE 0.56211 0.43773 0.18723
FE 0.56231 0.31260 0.31243
FE 0.68687 0.43794 0.31202
FE 0.68723 0.31255 0.43761
FE 0.56236 0.43764 0.43755
FE 0.56230 0.31256 0.56263
FE 0.68690 0.43789 0.56301
FE 0.68644 0.31258 0.68842
FE 0.56210 0.43769 0.68782
FE 0.56182 0.31260 0.81305
FE 0.68713 0.43772 0.81282
FE 0.68712 0.31271 0.93746
FE 0.56238 0.43776 0.93750
FE 0.56240 0.56258 0.06240
FE 0.68729 0.68738 0.06242
FE 0.68723 0.56271 0.18733
FE 0.56242 0.68753 0.18751
FE 0.56227 0.56271 0.31245
FE 0.68733 0.68761 0.31251
FE 0.68719 0.56272 0.43755
FE 0.56230 0.68771 0.43755
FE 0.56227 0.56271 0.56255
FE 0.68737 0.68765 0.56250
FE 0.68727 0.56272 0.68772
FE 0.56241 0.68757 0.68754
FE 0.56240 0.56258 0.81252
FE 0.68741 0.68753 0.81250
FE 0.68736 0.56260 0.93748
FE 0.56246 0.68749 0.93749
FE 0.56245 0.81241 0.06245
FE 0.68734 0.93737 0.06242
FE 0.68726 0.81226 0.18755
FE 0.56241 0.93740 0.18756
FE 0.56241 0.81237 0.31253
FE 0.68699 0.93725 0.31279
FE 0.68737 0.81239 0.43760
FE 0.56230 0.93717 0.43762
FE 0.56241 0.81241 0.56252
FE 0.68728 0.93722 0.56250
FE 0.68740 0.81239 0.68749
FE 0.56241 0.93731 0.68746
FE 0.56245 0.81237 0.81241
FE 0.68709 0.93734 0.81221
FE 0.68727 0.81226 0.93745
FE 0.56246 0.93744 0.93743
FE 0.81214 0.06223 0.06223
FE 0.93465 0.19006 0.06234
FE 0.93328 0.06208 0.19115
FE 0.81138 0.18750 0.18746
FE 0.81114 0.06164 0.31305
FE 0.93697 0.18505 0.31038
FE 0.93740 0.06201 0.43773
FE 0.80949 0.18486 0.43787
FE 0.81190 0.06167 0.56287
FE 0.93744 0.18477 0.56532
FE 0.93736 0.06221 0.68768
FE 0.81162 0.18730 0.68776
FE 0.81142 0.06224 0.81170
FE 0.93698 0.18779 0.81200
FE 0.93337 0.06236 0.93339
FE 0.81179 0.18781 0.93698
FE 0.81203 0.31273 0.06231
FE 0.93751 0.43766 0.06236
FE 0.93720 0.31326 0.18773
FE 0.81186 0.43800 0.18696
FE 0.80819 0.31269 0.30865
FE 0.93751 0.44033 0.30986
PD 0.93746 0.31270 0.43773
FE 0.80970 0.44024 0.43759
FE 0.80835 0.31258 0.56660
FE 0.93752 0.44028 0.56537
FE 0.93747 0.31270 0.68756
FE 0.81190 0.43795 0.68808
FE 0.81210 0.31271 0.81243
FE 0.93750 0.43777 0.81247
FE 0.93712 0.31332 0.93712
FE 0.81226 0.43775 0.93750
FE 0.81234 0.56270 0.06227
FE 0.93751 0.68769 0.06230
FE 0.93747 0.56273 0.18725
FE 0.81232 0.68753 0.18741
FE 0.81206 0.56330 0.31215
FE 0.93750 0.68743 0.31261
FE 0.93750 0.56289 0.43760
FE 0.81242 0.68751 0.43759
FE 0.81207 0.56331 0.56288
FE 0.93749 0.68751 0.56249
FE 0.93749 0.56273 0.68779
FE 0.81241 0.68761 0.68759
FE 0.81237 0.56272 0.81266
FE 0.93750 0.68759 0.81252
FE 0.93747 0.56257 0.93748
FE 0.81231 0.68746 0.93750
FE 0.81211 0.81223 0.06241
FE 0.93468 0.93451 0.06228
FE 0.93712 0.81166 0.18785
FE 0.81184 0.93703 0.18791
FE 0.81220 0.81226 0.31266
FE 0.93699 0.93712 0.31306
FE 0.93746 0.81226 0.43774
FE 0.81213 0.93736 0.43790
FE 0.81234 0.81238 0.56252
FE 0.93743 0.93741 0.56250
FE 0.93745 0.81226 0.68737
FE 0.81213 0.93726 0.68727
FE 0.81220 0.81225 0.81231
FE 0.93697 0.93693 0.81205
FE 0.93711 0.81164 0.93710
FE 0.81184 0.93709 0.93698
