256
Lattice="13.68454 0.0 0.0 0.0 14.4633271714 0.00027369080000000005 0.0 0.00027369080000000005 13.688097980399998"
PD 0.06251 0.06009 0.06516
FE 0.19346 0.18989 0.06645
FE 0.19239 0.06225 0.19237
FE 0.06248 0.19023 0.19086
FE 0.06247 0.06234 0.31294
FE 0.18827 0.18789 0.31334
FE 0.18779 0.06238 0.43769
FE 0.06248 0.18763 0.43766
FE 0.06248 0.06237 0.56234
FE 0.18779 0.18762 0.56231
FE 0.18827 0.06211 0.68666
FE 0.06247 0.18766 0.68706
FE 0.06248 0.05977 0.80914
FE 0.19239 0.18775 0.80763
FE 0.19346 0.06011 0.93355
PD 0.06251 0.18991 0.93484
FE 0.06246 0.31570 0.06532
FE 0.18799 0.43846 0.06290
FE 0.18837 0.31370 0.18853
FE 0.06247 0.43791 0.18791
FE 0.06248 0.31285 0.31295
FE 0.18768 0.43795 0.31288
FE 0.18773 0.31284 0.43776
FE 0.06248 0.43789 0.43773
FE 0.06248 0.31273 0.56237
FE 0.18770 0.43791 0.56223
FE 0.18817 0.31312 0.68665
FE 0.06248 0.43804 0.68695
FE 0.06246 0.31573 0.80926
FE 0.18802 0.43854 0.81192
FE 0.19074 0.31606 0.93729
FE 0.06246 0.43812 0.93751
FE 0.06248 0.56256 0.06251
FE 0.18761 0.68745 0.06253
FE 0.18763 0.56268 0.18774
FE 0.06248 0.68747 0.18764
FE 0.06249 0.56273 0.31278
FE 0.18764 0.68734 0.31272
FE 0.18764 0.56260 0.43760
FE 0.06248 0.68726 0.43774
FE 0.06248 0.56274 0.56226
FE 0.18764 0.68740 0.56240
FE 0.18764 0.56266 0.68728
FE 0.06249 0.68727 0.68722
FE 0.06248 0.56253 0.81236
FE 0.18763 0.68732 0.81226
FE 0.18761 0.56255 0.93747
FE 0.06248 0.68744 0.93749
FE 0.06246 0.81188 0.06249
FE 0.19074 0.93394 0.06271
FE 0.18802 0.81146 0.18808
FE 0.06246 0.93427 0.19074
FE 0.06248 0.81196 0.31305
FE 0.18817 0.93688 0.31335
FE 0.18770 0.81209 0.43777
FE 0.06248 0.93727 0.43763
FE 0.06248 0.81211 0.56227
FE 0.18773 0.93716 0.56224
FE 0.18768 0.81205 0.68712
FE 0.06248 0.93715 0.68705
FE 0.06247 0.81209 0.81209
FE 0.18837 0.93630 0.81147
FE 0.18799 0.81154 0.93710
FE 0.06246 0.93430 0.93468
FE 0.31319 0.06215 0.06288
FE 0.43781 0.18760 0.06265
FE 0.43801 0.06230 0.18799
FE 0.31397 0.18789 0.18891
FE 0.31384 0.06234 0.31387
FE 0.43851 0.18767 0.31346
FE 0.43842 0.06225 0.43823
FE 0.31309 0.18769 0.43794
FE 0.31309 0.06231 0.56206
FE 0.43842 0.18775 0.56177
FE 0.43851 0.06233 0.68654
FE 0.31383 0.18766 0.68613
FE 0.31397 0.06211 0.81109
FE 0.43801 0.18770 0.81201
FE 0.43781 0.06240 0.93735
FE 0.31319 0.18785 0.93712
FE 0.31337 0.31304 0.06308
FE 0.43795 0.43798 0.06259
FE 0.43816 0.31289 0.18800
FE 0.31292 0.43800 0.18786
FE 0.31311 0.31293 0.31313
FE 0.43773 0.43781 0.31267
FE 0.43778 0.31286 0.43761
FE 0.31271 0.43782 0.43760
FE 0.31301 0.31283 0.56208
FE 0.43769 0.43777 0.56236
FE 0.43802 0.31281 0.68706
FE 0.31285 0.43792 0.68716
FE 0.31334 0.31312 0.81172
FE 0.43786 0.43789 0.81230
FE 0.43783 0.31280 0.93745
FE 0.31297 0.43794 0.93748
FE 0.31275 0.56267 0.06253
FE 0.43782 0.68729 0.06253
FE 0.43769 0.56258 0.18765
FE 0.31273 0.68733 0.18764
FE 0.31264 0.56259 0.31263
FE 0.43765 0.68740 0.31260
FE 0.43761 0.56256 0.43756
FE 0.31262 0.68741 0.43760
FE 0.31262 0.56259 0.56240
FE 0.43761 0.68744 0.56244
FE 0.43765 0.56260 0.68740
FE 0.31264 0.68741 0.68737
FE 0.31273 0.56267 0.81236
FE 0.43769 0.68742 0.81235
FE 0.43782 0.56271 0.93747
FE 0.31275 0.68733 0.93747
FE 0.31297 0.81206 0.06252
FE 0.43783 0.93720 0.06255
FE 0.43786 0.81211 0.18770
FE 0.31334 0.93688 0.18828
FE 0.31285 0.81208 0.31284
FE 0.43802 0.93719 0.31294
FE 0.43769 0.81223 0.43764
FE 0.31301 0.93717 0.43792
FE 0.31271 0.81218 0.56240
FE 0.43778 0.93714 0.56239
FE 0.43773 0.81219 0.68733
FE 0.31311 0.93707 0.68687
FE 0.31292 0.81200 0.81214
FE 0.43816 0.93711 0.81200
FE 0.43795 0.81202 0.93741
FE 0.31337 0.93696 0.93692
FE 0.56248 0.06240 0.06258
FE 0.68722 0.18760 0.06266
FE 0.68704 0.06232 0.18799
FE 0.56247 0.18759 0.18785
FE 0.56248 0.06227 0.31280
FE 0.68650 0.18766 0.31346
FE 0.68660 0.06226 0.43822
FE 0.56248 0.18774 0.43764
FE 0.56248 0.06226 0.56236
FE 0.68660 0.18774 0.56178
FE 0.68650 0.06234 0.68654
FE 0.56248 0.18773 0.68720
FE 0.56247 0.06241 0.81215
FE 0.68704 0.18768 0.81201
FE 0.68722 0.06240 0.93734
FE 0.56248 0.18760 0.93742
FE 0.56248 0.31265 0.06258
FE 0.68710 0.43797 0.06259
FE 0.68687 0.31290 0.18800
FE 0.56248 0.43782 0.18772
FE 0.56248 0.31287 0.31277
FE 0.68732 0.43781 0.31268
FE 0.68726 0.31287 0.43760
FE 0.56248 0.43776 0.43757
FE 0.56248 0.31286 0.56232
FE 0.68736 0.43777 0.56236
FE 0.68700 0.31281 0.68704
FE 0.56248 0.43778 0.68733
FE 0.56248 0.31273 0.81226
FE 0.68719 0.43789 0.81230
FE 0.68721 0.31280 0.93745
FE 0.56248 0.43774 0.93748
FE 0.56248 0.56259 0.06253
FE 0.68722 0.68728 0.06254
FE 0.68735 0.56259 0.18765
FE 0.56248 0.68740 0.18763
FE 0.56248 0.56256 0.31258
FE 0.68739 0.68740 0.31260
FE 0.68743 0.56256 0.43756
FE 0.56248 0.68744 0.43757
FE 0.56248 0.56256 0.56243
FE 0.68743 0.68744 0.56244
FE 0.68739 0.56260 0.68740
FE 0.56248 0.68744 0.68742
FE 0.56248 0.56260 0.81237
FE 0.68735 0.68741 0.81235
FE 0.68722 0.56272 0.93746
FE 0.56248 0.68741 0.93747
FE 0.56248 0.81226 0.06252
FE 0.68721 0.93720 0.06255
FE 0.68719 0.81211 0.18770
FE 0.56248 0.93727 0.18774
FE 0.56248 0.81222 0.31267
FE 0.68700 0.93719 0.31296
FE 0.68736 0.81223 0.43764
FE 0.56248 0.93714 0.43768
FE 0.56248 0.81224 0.56243
FE 0.68726 0.93713 0.56240
FE 0.68732 0.81219 0.68732
FE 0.56248 0.93713 0.68723
FE 0.56248 0.81218 0.81228
FE 0.68687 0.93710 0.81200
FE 0.68710 0.81203 0.93741
FE 0.56248 0.93735 0.93742
FE 0.81178 0.06216 0.06286
FE 0.93161 0.18989 0.06645
FE 0.93264 0.06224 0.19237
FE 0.81108 0.18791 0.18890
FE 0.81119 0.06233 0.31387
FE 0.93675 0.18788 0.31336
FE 0.93725 0.06239 0.43770
FE 0.81186 0.18770 0.43794
FE 0.81186 0.06230 0.56206
FE 0.93725 0.18761 0.56230
FE 0.93675 0.06212 0.68664
FE 0.81118 0.18767 0.68613
FE 0.81108 0.06209 0.81110
FE 0.93264 0.18776 0.80763
FE 0.93161 0.06011 0.93355
FE 0.81178 0.18784 0.93714
FE 0.81161 0.31303 0.06308
FE 0.93704 0.43847 0.06291
FE 0.93663 0.31371 0.18854
FE 0.81203 0.43801 0.18787
FE 0.81187 0.31292 0.31313
FE 0.93737 0.43796 0.31288
FE 0.93731 0.31284 0.43776
FE 0.81225 0.43782 0.43760
FE 0.81195 0.31283 0.56207
FE 0.93736 0.43791 0.56223
FE 0.93684 0.31313 0.68663
FE 0.81211 0.43793 0.68717
FE 0.81163 0.31311 0.81170
FE 0.93703 0.43854 0.81193
FE 0.93419 0.31605 0.93729
FE 0.81199 0.43795 0.93749
FE 0.81222 0.56266 0.06253
FE 0.93744 0.68745 0.06253
FE 0.93742 0.56268 0.18774
FE 0.81223 0.68733 0.18764
FE 0.81233 0.56259 0.31263
FE 0.93740 0.68734 0.31272
FE 0.93741 0.56260 0.43760
FE 0.81234 0.68741 0.43760
FE 0.81234 0.56259 0.56240
FE 0.93741 0.68740 0.56240
FE 0.93740 0.56266 0.68728
FE 0.81233 0.68741 0.68737
FE 0.81223 0.56267 0.81236
FE 0.93742 0.68732 0.81226
FE 0.93744 0.56255 0.93747
FE 0.81222 0.68734 0.93747
FE 0.81199 0.81205 0.06251
FE 0.93419 0.93395 0.06271
FE 0.93703 0.81146 0.18807
FE 0.81163 0.93689 0.18830
FE 0.81211 0.81207 0.31283
FE 0.93684 0.93687 0.31337
FE 0.93736 0.81209 0.43777
FE 0.81195 0.93717 0.43793
FE 0.81225 0.81218 0.56240
FE 0.93731 0.93716 0.56224
FE 0.93737 0.81204 0.68712
FE 0.81187 0.93708 0.68687
FE 0.81203 0.81199 0.81213
FE 0.93663 0.93629 0.81146
FE 0.93704 0.81153 0.93709
FE 0.81161 0.93697 0.93692
