32
Lattice="6.88846 0.0 0.0 0.0 7.2671875308 0.0 0.0 0.0 6.88846"
PD 0.00000 0.00000 0.00000
FE 0.25510 0.25496 0.00000
FE 0.25715 0.00000 0.25715
FE 0.00000 0.25496 0.25510
FE 0.00000 0.00000 0.50000
FE 0.25047 0.25070 0.50000
FE 0.25715 0.00000 0.74285
FE 0.00000 0.25496 0.74490
FE 0.00000 0.50000 0.00000
FE 0.25510 0.74504 0.00000
FE 0.25063 0.50000 0.25063
FE 0.00000 0.74504 0.25510
FE 0.00000 0.50000 0.50000
FE 0.25047 0.74930 0.50000
FE 0.25063 0.50000 0.74937
FE 0.00000 0.74504 0.74490
FE 0.50000 0.00000 0.00000
FE 0.74490 0.25496 0.00000
FE 0.74285 0.00000 0.25715
FE 0.50000 0.25070 0.25047
FE 0.50000 0.00000 0.50000
FE 0.74953 0.25070 0.50000
FE 0.74285 0.00000 0.74285
FE 0.50000 0.25070 0.74953
FE 0.50000 0.50000 0.00000
FE 0.74490 0.74504 0.00000
FE 0.74937 0.50000 0.25063
FE 0.50000 0.74930 0.25047
FE 0.50000 0.50000 0.50000
FE 0.74953 0.74930 0.50000
FE 0.74937 0.50000 0.74937
FE 0.50000 0.74930 0.74953
