256
Lattice="13.68512 -0.0 -0.0 -0.0 14.4691405248 -0.0001368512 -0.0 -0.0001368512 13.687309619199999"
PD 0.06251 0.06023 0.06489
FE 0.19365 0.18993 0.06629
FE 0.19218 0.06241 0.19211
FE 0.06247 0.19025 0.19058
FE 0.06248 0.06245 0.31279
FE 0.18786 0.18769 0.31293
FE 0.18761 0.06247 0.43764
FE 0.06248 0.18755 0.43759
FE 0.06248 0.06245 0.56241
FE 0.18761 0.18753 0.56236
FE 0.18786 0.06231 0.68707
FE 0.06248 0.18755 0.68721
FE 0.06247 0.05975 0.80942
FE 0.19218 0.18759 0.80789
FE 0.19365 0.06007 0.93371
PD 0.06251 0.18977 0.93511
FE 0.06248 0.31553 0.06534
FE 0.18775 0.43808 0.06273
FE 0.18801 0.31320 0.18810
FE 0.06248 0.43749 0.18756
FE 0.06248 0.31247 0.31258
FE 0.18749 0.43761 0.31257
FE 0.18754 0.31256 0.43759
FE 0.06248 0.43761 0.43760
FE 0.06248 0.31252 0.56242
FE 0.18750 0.43760 0.56241
FE 0.18781 0.31272 0.68709
FE 0.06248 0.43759 0.68737
FE 0.06248 0.31556 0.80936
FE 0.18777 0.43813 0.81221
FE 0.19073 0.31592 0.93739
FE 0.06248 0.43788 0.93755
FE 0.06248 0.56244 0.06244
FE 0.18750 0.68755 0.06250
FE 0.18752 0.56250 0.18757
FE 0.06248 0.68756 0.18752
FE 0.06248 0.56255 0.31258
FE 0.18751 0.68751 0.31251
FE 0.18752 0.56247 0.43753
FE 0.06248 0.68744 0.43761
FE 0.06248 0.56256 0.56239
FE 0.18752 0.68753 0.56247
FE 0.18751 0.56249 0.68749
FE 0.06248 0.68745 0.68742
FE 0.06248 0.56244 0.81248
FE 0.18752 0.68750 0.81243
FE 0.18750 0.56245 0.93750
FE 0.06248 0.68756 0.93756
FE 0.06248 0.81212 0.06245
FE 0.19073 0.93408 0.06261
FE 0.18777 0.81187 0.18779
FE 0.06248 0.93444 0.19064
FE 0.06248 0.81241 0.31263
FE 0.18781 0.93728 0.31291
FE 0.18750 0.81240 0.43759
FE 0.06248 0.93748 0.43758
FE 0.06248 0.81239 0.56240
FE 0.18754 0.93744 0.56241
FE 0.18749 0.81239 0.68743
FE 0.06248 0.93753 0.68742
FE 0.06248 0.81251 0.81244
FE 0.18801 0.93680 0.81190
FE 0.18775 0.81192 0.93727
FE 0.06248 0.93447 0.93466
FE 0.31293 0.06232 0.06272
FE 0.43773 0.18755 0.06254
FE 0.43777 0.06247 0.18767
FE 0.31321 0.18770 0.18822
FE 0.31295 0.06247 0.31299
FE 0.43793 0.18753 0.31284
FE 0.43779 0.06244 0.43783
FE 0.31264 0.18753 0.43765
FE 0.31264 0.06247 0.56235
FE 0.43779 0.18756 0.56217
FE 0.43793 0.06247 0.68716
FE 0.31295 0.18753 0.68701
FE 0.31321 0.06230 0.81178
FE 0.43777 0.18753 0.81233
FE 0.43773 0.06245 0.93746
FE 0.31293 0.18768 0.93728
FE 0.31288 0.31262 0.06277
FE 0.43766 0.43767 0.06247
FE 0.43774 0.31256 0.18761
FE 0.31258 0.43763 0.18758
FE 0.31264 0.31256 0.31268
FE 0.43754 0.43753 0.31248
FE 0.43748 0.31251 0.43752
FE 0.31248 0.43752 0.43754
FE 0.31257 0.31248 0.56235
FE 0.43753 0.43752 0.56247
FE 0.43766 0.31248 0.68743
FE 0.31256 0.43761 0.68743
FE 0.31290 0.31273 0.81211
FE 0.43761 0.43760 0.81249
FE 0.43765 0.31257 0.93754
FE 0.31255 0.43751 0.93755
FE 0.31254 0.56249 0.06245
FE 0.43761 0.68745 0.06249
FE 0.43755 0.56248 0.18753
FE 0.31250 0.68751 0.18750
FE 0.31248 0.56248 0.31249
FE 0.43754 0.68752 0.31248
FE 0.43753 0.56247 0.43753
FE 0.31248 0.68752 0.43754
FE 0.31248 0.56248 0.56246
FE 0.43753 0.68753 0.56247
FE 0.43754 0.56248 0.68752
FE 0.31247 0.68752 0.68751
FE 0.31250 0.56249 0.81250
FE 0.43755 0.68752 0.81247
FE 0.43761 0.56255 0.93751
FE 0.31254 0.68751 0.93755
FE 0.31255 0.81249 0.06245
FE 0.43765 0.93743 0.06246
FE 0.43761 0.81240 0.18751
FE 0.31290 0.93727 0.18789
FE 0.31256 0.81239 0.31257
FE 0.43766 0.93752 0.31257
FE 0.43753 0.81248 0.43753
FE 0.31257 0.93752 0.43765
FE 0.31248 0.81248 0.56246
FE 0.43748 0.93749 0.56248
FE 0.43754 0.81247 0.68752
FE 0.31264 0.93744 0.68732
FE 0.31258 0.81237 0.81242
FE 0.43774 0.93744 0.81239
FE 0.43766 0.81233 0.93753
FE 0.31288 0.93738 0.93723
FE 0.56248 0.06247 0.06251
FE 0.68732 0.18755 0.06254
FE 0.68727 0.06247 0.18767
FE 0.56248 0.18753 0.18763
FE 0.56248 0.06244 0.31250
FE 0.68711 0.18753 0.31285
FE 0.68725 0.06244 0.43783
FE 0.56248 0.18756 0.43749
FE 0.56248 0.06244 0.56251
FE 0.68725 0.18756 0.56217
FE 0.68711 0.06247 0.68715
FE 0.56248 0.18756 0.68750
FE 0.56248 0.06247 0.81237
FE 0.68727 0.18753 0.81233
FE 0.68732 0.06245 0.93746
FE 0.56248 0.18753 0.93749
FE 0.56248 0.31249 0.06251
FE 0.68738 0.43767 0.06247
FE 0.68731 0.31256 0.18761
FE 0.56248 0.43752 0.18752
FE 0.56248 0.31250 0.31243
FE 0.68750 0.43753 0.31248
FE 0.68756 0.31251 0.43753
FE 0.56248 0.43754 0.43752
FE 0.56248 0.31253 0.56252
FE 0.68752 0.43752 0.56247
FE 0.68738 0.31248 0.68742
FE 0.56248 0.43751 0.68752
FE 0.56248 0.31248 0.81244
FE 0.68744 0.43760 0.81249
FE 0.68739 0.31257 0.93754
FE 0.56248 0.43753 0.93753
FE 0.56248 0.56247 0.06247
FE 0.68744 0.68744 0.06249
FE 0.68750 0.56248 0.18753
FE 0.56248 0.68753 0.18752
FE 0.56248 0.56247 0.31248
FE 0.68750 0.68752 0.31248
FE 0.68752 0.56247 0.43753
FE 0.56248 0.68753 0.43752
FE 0.56248 0.56247 0.56248
FE 0.68752 0.68753 0.56247
FE 0.68750 0.56248 0.68752
FE 0.56248 0.68753 0.68752
FE 0.56248 0.56247 0.81248
FE 0.68750 0.68752 0.81247
FE 0.68743 0.56256 0.93751
FE 0.56248 0.68753 0.93753
FE 0.56248 0.81247 0.06247
FE 0.68739 0.93743 0.06246
FE 0.68744 0.81240 0.18751
FE 0.56248 0.93752 0.18756
FE 0.56248 0.81249 0.31248
FE 0.68738 0.93752 0.31258
FE 0.68752 0.81248 0.43753
FE 0.56248 0.93747 0.43748
FE 0.56248 0.81246 0.56248
FE 0.68756 0.93749 0.56247
FE 0.68750 0.81247 0.68752
FE 0.56248 0.93750 0.68757
FE 0.56248 0.81248 0.81248
FE 0.68731 0.93744 0.81239
FE 0.68738 0.81233 0.93753
FE 0.56248 0.93751 0.93749
FE 0.81203 0.06232 0.06271
FE 0.93139 0.18992 0.06630
FE 0.93281 0.06241 0.19211
FE 0.81175 0.18770 0.18822
FE 0.81201 0.06247 0.31299
FE 0.93718 0.18769 0.31294
FE 0.93744 0.06247 0.43764
FE 0.81232 0.18753 0.43765
FE 0.81232 0.06247 0.56235
FE 0.93744 0.18753 0.56236
FE 0.93718 0.06231 0.68706
FE 0.81201 0.18753 0.68701
FE 0.81175 0.06230 0.81178
FE 0.93281 0.18759 0.80789
FE 0.93139 0.06008 0.93370
FE 0.81203 0.18768 0.93729
FE 0.81208 0.31262 0.06277
FE 0.93730 0.43808 0.06273
FE 0.93703 0.31320 0.18810
FE 0.81237 0.43763 0.18758
FE 0.81232 0.31256 0.31268
FE 0.93756 0.43761 0.31257
FE 0.93750 0.31256 0.43759
FE 0.81248 0.43752 0.43754
FE 0.81239 0.31248 0.56235
FE 0.93754 0.43760 0.56241
FE 0.93723 0.31272 0.68709
FE 0.81240 0.43761 0.68743
FE 0.81206 0.31272 0.81211
FE 0.93728 0.43813 0.81221
FE 0.93425 0.31592 0.93738
FE 0.81240 0.43751 0.93754
FE 0.81242 0.56249 0.06245
FE 0.93754 0.68755 0.06250
FE 0.93753 0.56250 0.18757
FE 0.81245 0.68751 0.18750
FE 0.81248 0.56248 0.31249
FE 0.93754 0.68751 0.31251
FE 0.93753 0.56247 0.43753
FE 0.81248 0.68752 0.43754
FE 0.81248 0.56248 0.56246
FE 0.93753 0.68753 0.56247
FE 0.93754 0.56249 0.68749
FE 0.81248 0.68752 0.68751
FE 0.81245 0.56249 0.81250
FE 0.93753 0.68750 0.81243
FE 0.93754 0.56245 0.93750
FE 0.81242 0.68751 0.93755
FE 0.81240 0.81249 0.06246
FE 0.93425 0.93408 0.06262
FE 0.93728 0.81187 0.18779
FE 0.81206 0.93728 0.18789
FE 0.81240 0.81239 0.31257
FE 0.93723 0.93728 0.31291
FE 0.93754 0.81240 0.43759
FE 0.81239 0.93752 0.43765
FE 0.81248 0.81248 0.56246
FE 0.93750 0.93744 0.56241
FE 0.93756 0.81239 0.68743
FE 0.81232 0.93744 0.68732
FE 0.81237 0.81237 0.81242
FE 0.93703 0.93680 0.81190
FE 0.93730 0.81192 0.93727
FE 0.81208 0.93738 0.93723
