32
Lattice="6.88843 0.0 0.0 0.0 7.2566854678 0.0 0.0 0.0 6.88843"
PD 0.00000 0.00000 0.00000
FE 0.25324 0.25331 0.00000
FE 0.25564 0.00000 0.25564
FE 0.00000 0.25331 0.25324
FE 0.00000 0.00000 0.50000
FE 0.25041 0.25053 0.50000
FE 0.25564 0.00000 0.74436
FE 0.00000 0.25331 0.74676
FE 0.00000 0.50000 0.00000
FE 0.25324 0.74669 0.00000
FE 0.25043 0.50000 0.25043
FE 0.00000 0.74669 0.25324
FE 0.00000 0.50000 0.50000
FE 0.25041 0.74947 0.50000
FE 0.25043 0.50000 0.74957
FE 0.00000 0.74669 0.74676
FE 0.50000 0.00000 0.00000
FE 0.74676 0.25331 0.00000
FE 0.74436 0.00000 0.25564
FE 0.50000 0.25053 0.25041
FE 0.50000 0.00000 0.50000
FE 0.74959 0.25053 0.50000
FE 0.74436 0.00000 0.74436
FE 0.50000 0.25053 0.74959
FE 0.50000 0.50000 0.00000
FE 0.74676 0.74669 0.00000
FE 0.74957 0.50000 0.25043
FE 0.50000 0.74947 0.25041
FE 0.50000 0.50000 0.50000
FE 0.74959 0.74947 0.50000
FE 0.74957 0.50000 0.74957
FE 0.50000 0.74947 0.74959
