256
Lattice="13.68151 -0.0 0.0 -0.0 14.469291345799999 0.0004104453 0.0 0.0004104453 13.6845199322"
PD 0.06250 0.06032 0.06484
FE 0.19363 0.18994 0.06635
FE 0.19244 0.06235 0.19237
FE 0.06247 0.19034 0.19074
FE 0.06247 0.06242 0.31280
FE 0.18803 0.18780 0.31313
FE 0.18767 0.06245 0.43767
FE 0.06248 0.18758 0.43763
FE 0.06248 0.06242 0.56237
FE 0.18767 0.18755 0.56233
FE 0.18803 0.06220 0.68687
FE 0.06247 0.18758 0.68720
FE 0.06247 0.05966 0.80926
FE 0.19244 0.18765 0.80763
FE 0.19363 0.06006 0.93365
PD 0.06250 0.18968 0.93516
FE 0.06248 0.31573 0.06544
FE 0.18788 0.43829 0.06283
FE 0.18823 0.31349 0.18835
FE 0.06248 0.43765 0.18773
FE 0.06248 0.31263 0.31276
FE 0.18750 0.43770 0.31266
FE 0.18757 0.31264 0.43765
FE 0.06248 0.43768 0.43764
FE 0.06248 0.31257 0.56239
FE 0.18752 0.43767 0.56235
FE 0.18797 0.31289 0.68688
FE 0.06248 0.43779 0.68717
FE 0.06247 0.31586 0.80912
FE 0.18789 0.43836 0.81206
FE 0.19089 0.31619 0.93734
FE 0.06247 0.43795 0.93754
FE 0.06248 0.56246 0.06246
FE 0.18753 0.68754 0.06250
FE 0.18752 0.56254 0.18762
FE 0.06248 0.68755 0.18755
FE 0.06248 0.56260 0.31264
FE 0.18751 0.68747 0.31256
FE 0.18753 0.56248 0.43755
FE 0.06248 0.68739 0.43766
FE 0.06248 0.56261 0.56234
FE 0.18753 0.68752 0.56245
FE 0.18751 0.56253 0.68744
FE 0.06248 0.68740 0.68736
FE 0.06248 0.56245 0.81245
FE 0.18752 0.68746 0.81238
FE 0.18753 0.56246 0.93750
FE 0.06248 0.68754 0.93754
FE 0.06247 0.81205 0.06246
FE 0.19089 0.93381 0.06266
FE 0.18789 0.81164 0.18794
FE 0.06247 0.93414 0.19088
FE 0.06248 0.81221 0.31283
FE 0.18797 0.93711 0.31312
FE 0.18752 0.81233 0.43765
FE 0.06248 0.93743 0.43761
FE 0.06248 0.81232 0.56236
FE 0.18757 0.93736 0.56235
FE 0.18750 0.81230 0.68734
FE 0.06248 0.93737 0.68724
FE 0.06248 0.81235 0.81227
FE 0.18823 0.93651 0.81165
FE 0.18788 0.81171 0.93717
FE 0.06248 0.93427 0.93456
FE 0.31302 0.06222 0.06281
FE 0.43779 0.18757 0.06258
FE 0.43790 0.06244 0.18779
FE 0.31374 0.18782 0.18873
FE 0.31344 0.06245 0.31350
FE 0.43818 0.18755 0.31307
FE 0.43800 0.06241 0.43801
FE 0.31276 0.18756 0.43776
FE 0.31276 0.06244 0.56224
FE 0.43800 0.18759 0.56199
FE 0.43818 0.06245 0.68693
FE 0.31344 0.18755 0.68650
FE 0.31374 0.06218 0.81127
FE 0.43790 0.18756 0.81221
FE 0.43779 0.06243 0.93742
FE 0.31302 0.18778 0.93719
FE 0.31318 0.31287 0.06292
FE 0.43776 0.43776 0.06248
FE 0.43791 0.31264 0.18772
FE 0.31268 0.43771 0.18764
FE 0.31278 0.31263 0.31284
FE 0.43758 0.43755 0.31251
FE 0.43752 0.31255 0.43754
FE 0.31250 0.43755 0.43755
FE 0.31268 0.31252 0.56223
FE 0.43755 0.43753 0.56246
FE 0.43779 0.31251 0.68732
FE 0.31261 0.43766 0.68737
FE 0.31310 0.31289 0.81193
FE 0.43768 0.43767 0.81247
FE 0.43774 0.31264 0.93754
FE 0.31275 0.43769 0.93755
FE 0.31259 0.56253 0.06244
FE 0.43767 0.68740 0.06249
FE 0.43758 0.56249 0.18754
FE 0.31255 0.68747 0.18750
FE 0.31248 0.56249 0.31251
FE 0.43756 0.68751 0.31249
FE 0.43753 0.56247 0.43753
FE 0.31249 0.68751 0.43755
FE 0.31249 0.56249 0.56245
FE 0.43753 0.68753 0.56247
FE 0.43756 0.56249 0.68751
FE 0.31248 0.68751 0.68749
FE 0.31255 0.56253 0.81250
FE 0.43758 0.68751 0.81246
FE 0.43767 0.56260 0.93751
FE 0.31259 0.68747 0.93756
FE 0.31275 0.81231 0.06245
FE 0.43774 0.93736 0.06246
FE 0.43768 0.81233 0.18753
FE 0.31310 0.93711 0.18807
FE 0.31261 0.81234 0.31263
FE 0.43779 0.93749 0.31268
FE 0.43755 0.81247 0.43754
FE 0.31268 0.93748 0.43777
FE 0.31250 0.81245 0.56245
FE 0.43752 0.93745 0.56246
FE 0.43758 0.81245 0.68749
FE 0.31278 0.93737 0.68717
FE 0.31268 0.81229 0.81236
FE 0.43791 0.93736 0.81228
FE 0.43776 0.81224 0.93752
FE 0.31318 0.93713 0.93708
FE 0.56248 0.06246 0.06253
FE 0.68725 0.18757 0.06258
FE 0.68714 0.06244 0.18779
FE 0.56248 0.18755 0.18768
FE 0.56248 0.06241 0.31255
FE 0.68686 0.18755 0.31308
FE 0.68706 0.06241 0.43801
FE 0.56248 0.18758 0.43753
FE 0.56248 0.06242 0.56247
FE 0.68706 0.18759 0.56199
FE 0.68686 0.06245 0.68692
FE 0.56248 0.18759 0.68745
FE 0.56248 0.06245 0.81232
FE 0.68714 0.18756 0.81221
FE 0.68725 0.06243 0.93742
FE 0.56248 0.18754 0.93747
FE 0.56248 0.31252 0.06253
FE 0.68729 0.43776 0.06248
FE 0.68714 0.31264 0.18772
FE 0.56248 0.43755 0.18754
FE 0.56248 0.31255 0.31247
FE 0.68747 0.43755 0.31251
FE 0.68753 0.31255 0.43754
FE 0.56248 0.43754 0.43753
FE 0.56248 0.31257 0.56250
FE 0.68750 0.43753 0.56246
FE 0.68725 0.31252 0.68732
FE 0.56248 0.43753 0.68750
FE 0.56248 0.31251 0.81240
FE 0.68737 0.43767 0.81247
FE 0.68731 0.31264 0.93754
FE 0.56248 0.43756 0.93753
FE 0.56248 0.56248 0.06247
FE 0.68738 0.68740 0.06249
FE 0.68748 0.56249 0.18754
FE 0.56248 0.68752 0.18753
FE 0.56248 0.56247 0.31249
FE 0.68749 0.68751 0.31249
FE 0.68752 0.56247 0.43753
FE 0.56248 0.68753 0.43753
FE 0.56248 0.56247 0.56247
FE 0.68752 0.68753 0.56247
FE 0.68749 0.56249 0.68751
FE 0.56248 0.68753 0.68751
FE 0.56248 0.56248 0.81247
FE 0.68748 0.68751 0.81246
FE 0.68738 0.56260 0.93751
FE 0.56248 0.68752 0.93753
FE 0.56248 0.81244 0.06247
FE 0.68731 0.93736 0.06246
FE 0.68737 0.81233 0.18753
FE 0.56248 0.93749 0.18760
FE 0.56248 0.81247 0.31250
FE 0.68725 0.93748 0.31268
FE 0.68750 0.81247 0.43754
FE 0.56248 0.93743 0.43750
FE 0.56248 0.81246 0.56247
FE 0.68753 0.93745 0.56246
FE 0.68747 0.81245 0.68749
FE 0.56248 0.93745 0.68754
FE 0.56248 0.81245 0.81246
FE 0.68714 0.93736 0.81228
FE 0.68729 0.81224 0.93752
FE 0.56248 0.93748 0.93747
FE 0.81193 0.06222 0.06280
FE 0.93143 0.18994 0.06636
FE 0.93255 0.06234 0.19237
FE 0.81122 0.18783 0.18874
FE 0.81153 0.06245 0.31350
FE 0.93701 0.18780 0.31314
FE 0.93738 0.06246 0.43767
FE 0.81219 0.18756 0.43776
FE 0.81219 0.06244 0.56224
FE 0.93738 0.18754 0.56233
FE 0.93701 0.06220 0.68686
FE 0.81153 0.18755 0.68650
FE 0.81122 0.06217 0.81126
FE 0.93255 0.18766 0.80763
FE 0.93143 0.06006 0.93364
FE 0.81193 0.18778 0.93720
FE 0.81177 0.31286 0.06292
FE 0.93717 0.43829 0.06283
FE 0.93681 0.31350 0.18835
FE 0.81228 0.43771 0.18764
FE 0.81218 0.31262 0.31283
FE 0.93755 0.43770 0.31266
FE 0.93748 0.31264 0.43765
FE 0.81246 0.43755 0.43755
FE 0.81228 0.31252 0.56223
FE 0.93753 0.43767 0.56234
FE 0.93707 0.31289 0.68687
FE 0.81234 0.43767 0.68737
FE 0.81185 0.31288 0.81192
FE 0.93717 0.43836 0.81207
FE 0.93406 0.31619 0.93734
FE 0.81221 0.43769 0.93755
FE 0.81237 0.56253 0.06244
FE 0.93752 0.68754 0.06250
FE 0.93753 0.56254 0.18762
FE 0.81240 0.68747 0.18750
FE 0.81247 0.56249 0.31251
FE 0.93754 0.68747 0.31256
FE 0.93752 0.56248 0.43755
FE 0.81246 0.68751 0.43755
FE 0.81246 0.56249 0.56245
FE 0.93752 0.68752 0.56245
FE 0.93754 0.56253 0.68744
FE 0.81247 0.68751 0.68749
FE 0.81240 0.56253 0.81250
FE 0.93753 0.68746 0.81238
FE 0.93752 0.56246 0.93750
FE 0.81237 0.68747 0.93756
FE 0.81221 0.81231 0.06245
FE 0.93406 0.93381 0.06266
FE 0.93717 0.81164 0.18793
FE 0.81185 0.93712 0.18808
FE 0.81234 0.81233 0.31263
FE 0.93707 0.93711 0.31313
FE 0.93753 0.81233 0.43766
FE 0.81228 0.93748 0.43777
FE 0.81246 0.81245 0.56245
FE 0.93748 0.93736 0.56235
FE 0.93755 0.81230 0.68734
FE 0.81218 0.93738 0.68717
FE 0.81228 0.81229 0.81236
FE 0.93681 0.93650 0.81165
FE 0.93717 0.81171 0.93717
FE 0.81177 0.93714 0.93708
