32
Lattice="7.00656 7.006560000000002e-05 -0.0002101968 7.006560000000002e-05 7.3914303407999995 7.006560000000002e-05 -0.0002101968 7.006560000000002e-05 7.00656"
PD -0.00829 -0.00657 -0.00829
PD 0.25815 0.25631 -0.00825
PD 0.25817 -0.00646 0.25817
PD -0.00825 0.25631 0.25815
FE -0.00703 -0.00511 0.51069
FE 0.25702 0.25532 0.51038
FE 0.25707 -0.00518 0.73958
FE -0.00707 0.25533 0.73950
FE -0.00549 0.50842 -0.00549
FE 0.25569 0.74171 -0.00551
FE 0.25557 0.50815 0.25557
FE -0.00551 0.74171 0.25569
FE -0.00168 0.50567 0.50632
FE 0.25178 0.74414 0.50634
FE 0.25185 0.50585 0.74367
FE -0.00164 0.74395 0.74345
FE 0.51069 -0.00511 -0.00703
FE 0.73950 0.25533 -0.00707
FE 0.73958 -0.00518 0.25707
FE 0.51038 0.25532 0.25702
FE 0.50809 -0.00157 0.50809
FE 0.74189 0.25180 0.50826
FE 0.74167 -0.00154 0.74167
FE 0.50826 0.25180 0.74189
FE 0.50632 0.50567 -0.00168
FE 0.74345 0.74395 -0.00164
FE 0.74367 0.50585 0.25185
FE 0.50634 0.74414 0.25178
FE 0.50176 0.50164 0.50176
FE 0.74813 0.74834 0.50177
FE 0.74816 0.50166 0.74816
FE 0.50177 0.74834 0.74813
