256
Lattice="13.69143 0.0 -0.0 0.0 14.4644481378 -0.0006845715000000001 -0.0 -0.0005476572000000001 13.6929360573"
PD 0.06251 0.06010 0.06498
FE 0.19338 0.18981 0.06608
FE 0.19170 0.06246 0.19164
FE 0.06247 0.19003 0.19031
FE 0.06248 0.06248 0.31277
FE 0.18771 0.18759 0.31277
FE 0.18756 0.06248 0.43760
FE 0.06248 0.18752 0.43756
FE 0.06248 0.06248 0.56244
FE 0.18756 0.18752 0.56240
FE 0.18771 0.06241 0.68723
FE 0.06248 0.18752 0.68723
FE 0.06247 0.05997 0.80969
FE 0.19170 0.18754 0.80836
FE 0.19338 0.06019 0.93392
PD 0.06251 0.18990 0.93502
FE 0.06249 0.31521 0.06510
FE 0.18764 0.43790 0.06263
FE 0.18782 0.31293 0.18787
FE 0.06248 0.43738 0.18743
FE 0.06248 0.31235 0.31244
FE 0.18750 0.43755 0.31250
FE 0.18753 0.31251 0.43755
FE 0.06248 0.43757 0.43757
FE 0.06248 0.31249 0.56245
FE 0.18750 0.43755 0.56246
FE 0.18768 0.31258 0.68727
FE 0.06248 0.43744 0.68753
FE 0.06248 0.31509 0.80977
FE 0.18767 0.43792 0.81233
FE 0.19040 0.31549 0.93743
FE 0.06248 0.43780 0.93756
FE 0.06248 0.56244 0.06243
FE 0.18748 0.68755 0.06249
FE 0.18752 0.56248 0.18753
FE 0.06248 0.68756 0.18749
FE 0.06248 0.56252 0.31255
FE 0.18751 0.68753 0.31247
FE 0.18752 0.56247 0.43752
FE 0.06248 0.68747 0.43757
FE 0.06248 0.56253 0.56243
FE 0.18752 0.68753 0.56248
FE 0.18751 0.56247 0.68753
FE 0.06248 0.68748 0.68745
FE 0.06248 0.56244 0.81251
FE 0.18752 0.68752 0.81247
FE 0.18748 0.56245 0.93751
FE 0.06248 0.68756 0.93757
FE 0.06248 0.81220 0.06244
FE 0.19040 0.93451 0.06257
FE 0.18767 0.81208 0.18767
FE 0.06248 0.93491 0.19023
FE 0.06248 0.81256 0.31247
FE 0.18768 0.93742 0.31273
FE 0.18750 0.81245 0.43754
FE 0.06248 0.93751 0.43755
FE 0.06248 0.81243 0.56243
FE 0.18753 0.93749 0.56245
FE 0.18750 0.81245 0.68750
FE 0.06248 0.93765 0.68756
FE 0.06248 0.81262 0.81257
FE 0.18782 0.93707 0.81213
FE 0.18764 0.81210 0.93737
FE 0.06249 0.93479 0.93490
FE 0.31284 0.06241 0.06263
FE 0.43765 0.18752 0.06251
FE 0.43766 0.06248 0.18758
FE 0.31274 0.18760 0.18775
FE 0.31256 0.06248 0.31258
FE 0.43773 0.18752 0.31267
FE 0.43765 0.06245 0.43769
FE 0.31255 0.18752 0.43756
FE 0.31255 0.06248 0.56244
FE 0.43765 0.18755 0.56231
FE 0.43773 0.06248 0.68733
FE 0.31256 0.18752 0.68742
FE 0.31274 0.06240 0.81225
FE 0.43766 0.18752 0.81242
FE 0.43765 0.06248 0.93749
FE 0.31284 0.18759 0.93737
FE 0.31262 0.31242 0.06265
FE 0.43759 0.43759 0.06247
FE 0.43760 0.31251 0.18754
FE 0.31252 0.43757 0.18755
FE 0.31255 0.31252 0.31257
FE 0.43753 0.43752 0.31248
FE 0.43748 0.31250 0.43752
FE 0.31248 0.43751 0.43753
FE 0.31251 0.31247 0.56243
FE 0.43752 0.43751 0.56248
FE 0.43757 0.31247 0.68750
FE 0.31252 0.43757 0.68747
FE 0.31273 0.31260 0.81227
FE 0.43755 0.43755 0.81250
FE 0.43758 0.31251 0.93754
FE 0.31241 0.43738 0.93753
FE 0.31250 0.56247 0.06247
FE 0.43757 0.68748 0.06248
FE 0.43753 0.56248 0.18752
FE 0.31248 0.68753 0.18751
FE 0.31248 0.56248 0.31249
FE 0.43753 0.68752 0.31248
FE 0.43752 0.56247 0.43752
FE 0.31248 0.68752 0.43753
FE 0.31248 0.56248 0.56247
FE 0.43752 0.68753 0.56248
FE 0.43753 0.56248 0.68752
FE 0.31248 0.68752 0.68751
FE 0.31248 0.56247 0.81249
FE 0.43753 0.68752 0.81248
FE 0.43757 0.56252 0.93752
FE 0.31250 0.68753 0.93753
FE 0.31241 0.81262 0.06247
FE 0.43758 0.93749 0.06246
FE 0.43755 0.81245 0.18750
FE 0.31273 0.93740 0.18773
FE 0.31252 0.81243 0.31253
FE 0.43757 0.93753 0.31250
FE 0.43752 0.81249 0.43752
FE 0.31251 0.93753 0.43757
FE 0.31248 0.81249 0.56247
FE 0.43748 0.93750 0.56248
FE 0.43753 0.81248 0.68752
FE 0.31255 0.93748 0.68743
FE 0.31252 0.81243 0.81245
FE 0.43760 0.93749 0.81246
FE 0.43759 0.81241 0.93753
FE 0.31262 0.93758 0.93735
FE 0.56248 0.06248 0.06250
FE 0.68738 0.18752 0.06251
FE 0.68738 0.06248 0.18758
FE 0.56248 0.18752 0.18758
FE 0.56248 0.06246 0.31248
FE 0.68730 0.18752 0.31267
FE 0.68739 0.06246 0.43769
FE 0.56248 0.18754 0.43748
FE 0.56248 0.06246 0.56252
FE 0.68739 0.18754 0.56231
FE 0.68730 0.06248 0.68733
FE 0.56248 0.18754 0.68752
FE 0.56248 0.06248 0.81242
FE 0.68738 0.18752 0.81242
FE 0.68738 0.06248 0.93749
FE 0.56248 0.18752 0.93750
FE 0.56248 0.31249 0.06250
FE 0.68745 0.43759 0.06247
FE 0.68744 0.31251 0.18754
FE 0.56248 0.43751 0.18751
FE 0.56248 0.31249 0.31244
FE 0.68751 0.43752 0.31248
FE 0.68756 0.31249 0.43752
FE 0.56248 0.43753 0.43752
FE 0.56248 0.31251 0.56252
FE 0.68752 0.43751 0.56248
FE 0.68747 0.31247 0.68750
FE 0.56248 0.43751 0.68752
FE 0.56248 0.31247 0.81246
FE 0.68749 0.43755 0.81250
FE 0.68745 0.31251 0.93754
FE 0.56248 0.43752 0.93753
FE 0.56248 0.56247 0.06247
FE 0.68747 0.68748 0.06248
FE 0.68751 0.56248 0.18752
FE 0.56248 0.68753 0.18751
FE 0.56248 0.56247 0.31248
FE 0.68751 0.68752 0.31248
FE 0.68752 0.56247 0.43752
FE 0.56248 0.68752 0.43752
FE 0.56248 0.56248 0.56248
FE 0.68752 0.68753 0.56248
FE 0.68751 0.56248 0.68752
FE 0.56248 0.68753 0.68752
FE 0.56248 0.56247 0.81249
FE 0.68751 0.68752 0.81248
FE 0.68747 0.56252 0.93752
FE 0.56248 0.68753 0.93753
FE 0.56248 0.81248 0.06247
FE 0.68745 0.93749 0.06246
FE 0.68749 0.81245 0.18750
FE 0.56248 0.93753 0.18754
FE 0.56248 0.81249 0.31248
FE 0.68747 0.93753 0.31250
FE 0.68752 0.81249 0.43752
FE 0.56248 0.93749 0.43748
FE 0.56248 0.81247 0.56248
FE 0.68756 0.93751 0.56248
FE 0.68751 0.81248 0.68752
FE 0.56248 0.93751 0.68756
FE 0.56248 0.81249 0.81249
FE 0.68744 0.93749 0.81246
FE 0.68745 0.81241 0.93753
FE 0.56248 0.93751 0.93750
FE 0.81212 0.06241 0.06263
FE 0.93163 0.18980 0.06609
FE 0.93330 0.06246 0.19164
FE 0.81222 0.18760 0.18775
FE 0.81240 0.06248 0.31258
FE 0.93733 0.18759 0.31277
FE 0.93748 0.06248 0.43760
FE 0.81241 0.18752 0.43756
FE 0.81241 0.06248 0.56244
FE 0.93748 0.18752 0.56240
FE 0.93733 0.06241 0.68723
FE 0.81240 0.18752 0.68742
FE 0.81222 0.06240 0.81225
FE 0.93330 0.18754 0.80836
FE 0.93163 0.06020 0.93391
FE 0.81212 0.18759 0.93737
FE 0.81234 0.31242 0.06265
FE 0.93741 0.43790 0.06263
FE 0.93722 0.31294 0.18787
FE 0.81244 0.43757 0.18755
FE 0.81242 0.31252 0.31257
FE 0.93754 0.43755 0.31250
FE 0.93751 0.31251 0.43755
FE 0.81248 0.43751 0.43753
FE 0.81246 0.31247 0.56243
FE 0.93754 0.43755 0.56246
FE 0.93735 0.31258 0.68727
FE 0.81244 0.43757 0.68747
FE 0.81223 0.31260 0.81227
FE 0.93737 0.43792 0.81233
FE 0.93461 0.31549 0.93743
FE 0.81255 0.43738 0.93753
FE 0.81246 0.56247 0.06247
FE 0.93756 0.68755 0.06249
FE 0.93752 0.56248 0.18753
FE 0.81249 0.68753 0.18751
FE 0.81249 0.56248 0.31249
FE 0.93753 0.68753 0.31247
FE 0.93752 0.56247 0.43752
FE 0.81248 0.68752 0.43753
FE 0.81248 0.56248 0.56247
FE 0.93752 0.68753 0.56248
FE 0.93753 0.56247 0.68753
FE 0.81249 0.68752 0.68751
FE 0.81249 0.56247 0.81249
FE 0.93752 0.68752 0.81247
FE 0.93756 0.56245 0.93751
FE 0.81246 0.68753 0.93753
FE 0.81255 0.81262 0.06247
FE 0.93461 0.93451 0.06257
FE 0.93737 0.81208 0.18767
FE 0.81223 0.93740 0.18773
FE 0.81244 0.81243 0.31253
FE 0.93735 0.93742 0.31273
FE 0.93754 0.81245 0.43754
FE 0.81246 0.93753 0.43757
FE 0.81248 0.81249 0.56247
FE 0.93751 0.93749 0.56245
FE 0.93754 0.81245 0.68750
FE 0.81242 0.93748 0.68743
FE 0.81244 0.81243 0.81245
FE 0.93722 0.93706 0.81213
FE 0.93741 0.81210 0.93737
FE 0.81234 0.93758 0.93735
