256
Lattice="13.67994 0.0 0.0 0.0 14.386235302200001 0.0 0.0 0.0 13.67994"
PD 0.06250 0.06250 0.06250
FE 0.18750 0.18750 0.06250
FE 0.18750 0.06250 0.18750
FE 0.06250 0.18750 0.18750
FE 0.06250 0.06250 0.31250
FE 0.18750 0.18750 0.31250
FE 0.18750 0.06250 0.43750
FE 0.06250 0.18750 0.43750
FE 0.06250 0.06250 0.56250
FE 0.18750 0.18750 0.56250
FE 0.18750 0.06250 0.68750
FE 0.06250 0.18750 0.68750
FE 0.06250 0.06250 0.81250
FE 0.18750 0.18750 0.81250
FE 0.18750 0.06250 0.93750
PD 0.06250 0.18750 0.93750
FE 0.06250 0.31250 0.06250
FE 0.18750 0.43750 0.06250
FE 0.18750 0.31250 0.18750
FE 0.06250 0.43750 0.18750
FE 0.06250 0.31250 0.31250
FE 0.18750 0.43750 0.31250
FE 0.18750 0.31250 0.43750
FE 0.06250 0.43750 0.43750
FE 0.06250 0.31250 0.56250
FE 0.18750 0.43750 0.56250
FE 0.18750 0.31250 0.68750
FE 0.06250 0.43750 0.68750
FE 0.06250 0.31250 0.81250
FE 0.18750 0.43750 0.81250
FE 0.18750 0.31250 0.93750
FE 0.06250 0.43750 0.93750
FE 0.06250 0.56250 0.06250
FE 0.18750 0.68750 0.06250
FE 0.18750 0.56250 0.18750
FE 0.06250 0.68750 0.18750
FE 0.06250 0.56250 0.31250
FE 0.18750 0.68750 0.31250
FE 0.18750 0.56250 0.43750
FE 0.06250 0.68750 0.43750
FE 0.06250 0.56250 0.56250
FE 0.18750 0.68750 0.56250
FE 0.18750 0.56250 0.68750
FE 0.06250 0.68750 0.68750
FE 0.06250 0.56250 0.81250
FE 0.18750 0.68750 0.81250
FE 0.18750 0.56250 0.93750
FE 0.06250 0.68750 0.93750
FE 0.06250 0.81250 0.06250
FE 0.18750 0.93750 0.06250
FE 0.18750 0.81250 0.18750
FE 0.06250 0.93750 0.18750
FE 0.06250 0.81250 0.31250
FE 0.18750 0.93750 0.31250
FE 0.18750 0.81250 0.43750
FE 0.06250 0.93750 0.43750
FE 0.06250 0.81250 0.56250
FE 0.18750 0.93750 0.56250
FE 0.18750 0.81250 0.68750
FE 0.06250 0.93750 0.68750
FE 0.06250 0.81250 0.81250
FE 0.18750 0.93750 0.81250
FE 0.18750 0.81250 0.93750
FE 0.06250 0.93750 0.93750
FE 0.31250 0.06250 0.06250
FE 0.43750 0.18750 0.06250
FE 0.43750 0.06250 0.18750
FE 0.31250 0.18750 0.18750
FE 0.31250 0.06250 0.31250
FE 0.43750 0.18750 0.31250
FE 0.43750 0.06250 0.43750
FE 0.31250 0.18750 0.43750
FE 0.31250 0.06250 0.56250
FE 0.43750 0.18750 0.56250
FE 0.43750 0.06250 0.68750
FE 0.31250 0.18750 0.68750
FE 0.31250 0.06250 0.81250
FE 0.43750 0.18750 0.81250
FE 0.43750 0.06250 0.93750
FE 0.31250 0.18750 0.93750
FE 0.31250 0.31250 0.06250
FE 0.43750 0.43750 0.06250
FE 0.43750 0.31250 0.18750
FE 0.31250 0.43750 0.18750
FE 0.31250 0.31250 0.31250
FE 0.43750 0.43750 0.31250
FE 0.43750 0.31250 0.43750
FE 0.31250 0.43750 0.43750
FE 0.31250 0.31250 0.56250
FE 0.43750 0.43750 0.56250
FE 0.43750 0.31250 0.68750
FE 0.31250 0.43750 0.68750
FE 0.31250 0.31250 0.81250
FE 0.43750 0.43750 0.81250
FE 0.43750 0.31250 0.93750
FE 0.31250 0.43750 0.93750
FE 0.31250 0.56250 0.06250
FE 0.43750 0.68750 0.06250
FE 0.43750 0.56250 0.18750
FE 0.31250 0.68750 0.18750
FE 0.31250 0.56250 0.31250
FE 0.43750 0.68750 0.31250
FE 0.43750 0.56250 0.43750
FE 0.31250 0.68750 0.43750
FE 0.31250 0.56250 0.56250
FE 0.43750 0.68750 0.56250
FE 0.43750 0.56250 0.68750
FE 0.31250 0.68750 0.68750
FE 0.31250 0.56250 0.81250
FE 0.43750 0.68750 0.81250
FE 0.43750 0.56250 0.93750
FE 0.31250 0.68750 0.93750
FE 0.31250 0.81250 0.06250
FE 0.43750 0.93750 0.06250
FE 0.43750 0.81250 0.18750
FE 0.31250 0.93750 0.18750
FE 0.31250 0.81250 0.31250
FE 0.43750 0.93750 0.31250
FE 0.43750 0.81250 0.43750
FE 0.31250 0.93750 0.43750
FE 0.31250 0.81250 0.56250
FE 0.43750 0.93750 0.56250
FE 0.43750 0.81250 0.68750
FE 0.31250 0.93750 0.68750
FE 0.31250 0.81250 0.81250
FE 0.43750 0.93750 0.81250
FE 0.43750 0.81250 0.93750
FE 0.31250 0.93750 0.93750
FE 0.56250 0.06250 0.06250
FE 0.68750 0.18750 0.06250
FE 0.68750 0.06250 0.18750
FE 0.56250 0.18750 0.18750
FE 0.56250 0.06250 0.31250
FE 0.68750 0.18750 0.31250
FE 0.68750 0.06250 0.43750
FE 0.56250 0.18750 0.43750
FE 0.56250 0.06250 0.56250
FE 0.68750 0.18750 0.56250
FE 0.68750 0.06250 0.68750
FE 0.56250 0.18750 0.68750
FE 0.56250 0.06250 0.81250
FE 0.68750 0.18750 0.81250
FE 0.68750 0.06250 0.93750
FE 0.56250 0.18750 0.93750
FE 0.56250 0.31250 0.06250
FE 0.68750 0.43750 0.06250
FE 0.68750 0.31250 0.18750
FE 0.56250 0.43750 0.18750
FE 0.56250 0.31250 0.31250
FE 0.68750 0.43750 0.31250
FE 0.68750 0.31250 0.43750
FE 0.56250 0.43750 0.43750
FE 0.56250 0.31250 0.56250
FE 0.68750 0.43750 0.56250
FE 0.68750 0.31250 0.68750
FE 0.56250 0.43750 0.68750
FE 0.56250 0.31250 0.81250
FE 0.68750 0.43750 0.81250
FE 0.68750 0.31250 0.93750
FE 0.56250 0.43750 0.93750
FE 0.56250 0.56250 0.06250
FE 0.68750 0.68750 0.06250
FE 0.68750 0.56250 0.18750
FE 0.56250 0.68750 0.18750
FE 0.56250 0.56250 0.31250
FE 0.68750 0.68750 0.31250
FE 0.68750 0.56250 0.43750
FE 0.56250 0.68750 0.43750
FE 0.56250 0.56250 0.56250
FE 0.68750 0.68750 0.56250
FE 0.68750 0.56250 0.68750
FE 0.56250 0.68750 0.68750
FE 0.56250 0.56250 0.81250
FE 0.68750 0.68750 0.81250
FE 0.68750 0.56250 0.93750
FE 0.56250 0.68750 0.93750
FE 0.56250 0.81250 0.06250
FE 0.68750 0.93750 0.06250
FE 0.68750 0.81250 0.18750
FE 0.56250 0.93750 0.18750
FE 0.56250 0.81250 0.31250
FE 0.68750 0.93750 0.31250
FE 0.68750 0.81250 0.43750
FE 0.56250 0.93750 0.43750
FE 0.56250 0.81250 0.56250
FE 0.68750 0.93750 0.56250
FE 0.68750 0.81250 0.68750
FE 0.56250 0.93750 0.68750
FE 0.56250 0.81250 0.81250
FE 0.68750 0.93750 0.81250
FE 0.68750 0.81250 0.93750
FE 0.56250 0.93750 0.93750
FE 0.81250 0.06250 0.06250
FE 0.93750 0.18750 0.06250
FE 0.93750 0.06250 0.18750
FE 0.81250 0.18750 0.18750
FE 0.81250 0.06250 0.31250
FE 0.93750 0.18750 0.31250
FE 0.93750 0.06250 0.43750
FE 0.81250 0.18750 0.43750
FE 0.81250 0.06250 0.56250
FE 0.93750 0.18750 0.56250
FE 0.93750 0.06250 0.68750
FE 0.81250 0.18750 0.68750
FE 0.81250 0.06250 0.81250
FE 0.93750 0.18750 0.81250
FE 0.93750 0.06250 0.93750
FE 0.81250 0.18750 0.93750
FE 0.81250 0.31250 0.06250
FE 0.93750 0.43750 0.06250
FE 0.93750 0.31250 0.18750
FE 0.81250 0.43750 0.18750
FE 0.81250 0.31250 0.31250
FE 0.93750 0.43750 0.31250
FE 0.93750 0.31250 0.43750
FE 0.81250 0.43750 0.43750
FE 0.81250 0.31250 0.56250
FE 0.93750 0.43750 0.56250
FE 0.93750 0.31250 0.68750
FE 0.81250 0.43750 0.68750
FE 0.81250 0.31250 0.81250
FE 0.93750 0.43750 0.81250
FE 0.93750 0.31250 0.93750
FE 0.81250 0.43750 0.93750
FE 0.81250 0.56250 0.06250
FE 0.93750 0.68750 0.06250
FE 0.93750 0.56250 0.18750
FE 0.81250 0.68750 0.18750
FE 0.81250 0.56250 0.31250
FE 0.93750 0.68750 0.31250
FE 0.93750 0.56250 0.43750
FE 0.81250 0.68750 0.43750
FE 0.81250 0.56250 0.56250
FE 0.93750 0.68750 0.56250
FE 0.93750 0.56250 0.68750
FE 0.81250 0.68750 0.68750
FE 0.81250 0.56250 0.81250
FE 0.93750 0.68750 0.81250
FE 0.93750 0.56250 0.93750
FE 0.81250 0.68750 0.93750
FE 0.81250 0.81250 0.06250
FE 0.93750 0.93750 0.06250
FE 0.93750 0.81250 0.18750
FE 0.81250 0.93750 0.18750
FE 0.81250 0.81250 0.31250
FE 0.93750 0.93750 0.31250
FE 0.93750 0.81250 0.43750
FE 0.81250 0.93750 0.43750
FE 0.81250 0.81250 0.56250
FE 0.93750 0.93750 0.56250
FE 0.93750 0.81250 0.68750
FE 0.81250 0.93750 0.68750
FE 0.81250 0.81250 0.81250
FE 0.93750 0.93750 0.81250
FE 0.93750 0.81250 0.93750
FE 0.81250 0.93750 0.93750
