256
Lattice="13.68241 0.00013682410000000002 0.0 0.00013682410000000002 14.464496555600002 0.00013682410000000002 0.0 0.00013682410000000002 13.682546824100001"
PD 0.06251 0.06231 0.06232
FE 0.19053 0.19018 0.06219
FE 0.19182 0.06234 0.19148
FE 0.06298 0.18990 0.18969
FE 0.06280 0.06169 0.31221
FE 0.18856 0.18755 0.31254
FE 0.18794 0.06226 0.43770
FE 0.06540 0.18473 0.43764
FE 0.06286 0.06167 0.56286
FE 0.18816 0.18723 0.56298
FE 0.18782 0.06232 0.68751
FE 0.06298 0.18726 0.68798
FE 0.06248 0.06229 0.81245
FE 0.18827 0.18781 0.81221
FE 0.19166 0.06243 0.93333
FE 0.06254 0.19023 0.93458
FE 0.06258 0.31287 0.06228
FE 0.18777 0.43761 0.06215
FE 0.18885 0.31329 0.18694
FE 0.06297 0.43786 0.18697
FE 0.06676 0.31279 0.30874
FE 0.18808 0.43794 0.31207
FE 0.18773 0.31265 0.43770
FE 0.06541 0.44043 0.43768
FE 0.06670 0.31248 0.56669
FE 0.18810 0.43789 0.56298
FE 0.18851 0.31265 0.68832
FE 0.06298 0.43804 0.68795
FE 0.06261 0.31270 0.81236
FE 0.18776 0.43769 0.81270
FE 0.18802 0.31329 0.93714
FE 0.06254 0.43759 0.93752
FE 0.06249 0.56266 0.06231
FE 0.18754 0.68755 0.06243
FE 0.18773 0.56264 0.18740
FE 0.06246 0.68761 0.18743
FE 0.06287 0.56330 0.31216
FE 0.18760 0.68753 0.31259
FE 0.18783 0.56268 0.43757
FE 0.06248 0.68738 0.43767
FE 0.06287 0.56332 0.56288
FE 0.18762 0.68760 0.56246
FE 0.18771 0.56264 0.68765
FE 0.06246 0.68746 0.68747
FE 0.06250 0.56266 0.81259
FE 0.18752 0.68747 0.81242
FE 0.18760 0.56252 0.93749
FE 0.06248 0.68754 0.93752
FE 0.06248 0.81207 0.06243
FE 0.19033 0.93461 0.06244
FE 0.18794 0.81166 0.18791
FE 0.06246 0.93453 0.19024
FE 0.06252 0.81227 0.31274
FE 0.18809 0.93711 0.31306
FE 0.18760 0.81231 0.43769
FE 0.06248 0.93744 0.43764
FE 0.06251 0.81244 0.56251
FE 0.18768 0.93740 0.56246
FE 0.18756 0.81231 0.68737
FE 0.06247 0.93736 0.68749
FE 0.06250 0.81227 0.81221
FE 0.18803 0.93717 0.81194
FE 0.18793 0.81166 0.93714
FE 0.06248 0.93459 0.93458
FE 0.31269 0.06245 0.06242
FE 0.43764 0.18751 0.06246
FE 0.43770 0.06244 0.18761
FE 0.31335 0.18779 0.18775
FE 0.31362 0.06232 0.31343
FE 0.43784 0.18756 0.31266
FE 0.43809 0.06244 0.43809
FE 0.31284 0.18751 0.43783
FE 0.31278 0.06231 0.56249
FE 0.43754 0.18759 0.56254
FE 0.43809 0.06245 0.68699
FE 0.31305 0.18753 0.68746
FE 0.31349 0.06246 0.81155
FE 0.43783 0.18750 0.81225
FE 0.43770 0.06245 0.93739
FE 0.31307 0.18776 0.93702
FE 0.31334 0.31268 0.06189
FE 0.43767 0.43779 0.06246
FE 0.43769 0.31265 0.18741
FE 0.31290 0.43769 0.18725
FE 0.31282 0.31264 0.31251
FE 0.43757 0.43760 0.31242
FE 0.43756 0.31251 0.43756
FE 0.31262 0.43763 0.43756
FE 0.31270 0.31252 0.56262
FE 0.43753 0.43757 0.56254
FE 0.43757 0.31251 0.68762
FE 0.31281 0.43762 0.68773
FE 0.31322 0.31265 0.81289
FE 0.43757 0.43765 0.81248
FE 0.43769 0.31266 0.93751
FE 0.31258 0.43772 0.93754
FE 0.31257 0.56251 0.06244
FE 0.43767 0.68737 0.06247
FE 0.43757 0.56252 0.18751
FE 0.31261 0.68747 0.18749
FE 0.31267 0.56266 0.31247
FE 0.43756 0.68753 0.31249
FE 0.43754 0.56252 0.43753
FE 0.31264 0.68767 0.43757
FE 0.31267 0.56266 0.56250
FE 0.43753 0.68756 0.56248
FE 0.43754 0.56252 0.68755
FE 0.31253 0.68753 0.68750
FE 0.31253 0.56251 0.81250
FE 0.43756 0.68750 0.81247
FE 0.43756 0.56252 0.93750
FE 0.31258 0.68744 0.93754
FE 0.31278 0.81228 0.06247
FE 0.43765 0.93746 0.06247
FE 0.43770 0.81231 0.18753
FE 0.31308 0.93716 0.18799
FE 0.31268 0.81233 0.31262
FE 0.43784 0.93744 0.31272
FE 0.43756 0.81245 0.43756
FE 0.31287 0.93731 0.43783
FE 0.31255 0.81245 0.56250
FE 0.43754 0.93741 0.56248
FE 0.43756 0.81245 0.68750
FE 0.31277 0.93744 0.68722
FE 0.31265 0.81232 0.81232
FE 0.43784 0.93747 0.81223
FE 0.43770 0.81231 0.93751
FE 0.31306 0.93719 0.93703
FE 0.56244 0.06245 0.06244
FE 0.68716 0.18755 0.06217
FE 0.68718 0.06233 0.18748
FE 0.56216 0.18751 0.18734
FE 0.56230 0.06231 0.31259
FE 0.68664 0.18726 0.31225
FE 0.68665 0.06228 0.43811
FE 0.56235 0.18755 0.43754
FE 0.56231 0.06231 0.56249
FE 0.68693 0.18728 0.56298
FE 0.68678 0.06233 0.68711
FE 0.56217 0.18757 0.68775
FE 0.56243 0.06245 0.81238
FE 0.68695 0.18753 0.81254
FE 0.68730 0.06245 0.93738
FE 0.56246 0.18748 0.93746
FE 0.56191 0.31252 0.06191
FE 0.68713 0.43775 0.06217
FE 0.68638 0.31266 0.18657
FE 0.56216 0.43762 0.18728
FE 0.56230 0.31252 0.31239
FE 0.68693 0.43789 0.31201
FE 0.68731 0.31250 0.43758
FE 0.56236 0.43760 0.43753
FE 0.56230 0.31252 0.56261
FE 0.68695 0.43785 0.56297
FE 0.68651 0.31251 0.68845
FE 0.56216 0.43759 0.68777
FE 0.56191 0.31252 0.81301
FE 0.68723 0.43762 0.81278
FE 0.68722 0.31266 0.93751
FE 0.56246 0.43765 0.93752
FE 0.56244 0.56251 0.06244
FE 0.68736 0.68739 0.06244
FE 0.68732 0.56264 0.18738
FE 0.56244 0.68754 0.18751
FE 0.56231 0.56265 0.31248
FE 0.68739 0.68759 0.31251
FE 0.68723 0.56268 0.43754
FE 0.56233 0.68769 0.43753
FE 0.56231 0.56265 0.56249
FE 0.68743 0.68762 0.56246
FE 0.68735 0.56264 0.68768
FE 0.56244 0.68756 0.68753
FE 0.56244 0.56251 0.81250
FE 0.68747 0.68753 0.81250
FE 0.68745 0.56252 0.93750
FE 0.56247 0.68750 0.93752
FE 0.56246 0.81244 0.06247
FE 0.68738 0.93742 0.06244
FE 0.68734 0.81231 0.18753
FE 0.56244 0.93746 0.18758
FE 0.56243 0.81244 0.31249
FE 0.68710 0.93737 0.31275
FE 0.68743 0.81245 0.43756
FE 0.56233 0.93727 0.43754
FE 0.56244 0.81245 0.56250
FE 0.68742 0.93734 0.56246
FE 0.68747 0.81245 0.68750
FE 0.56244 0.93741 0.68752
FE 0.56246 0.81244 0.81245
FE 0.68719 0.93744 0.81227
FE 0.68733 0.81231 0.93750
FE 0.56247 0.93749 0.93746
FE 0.81226 0.06229 0.06230
FE 0.93457 0.19017 0.06235
FE 0.93324 0.06214 0.19125
FE 0.81144 0.18751 0.18746
FE 0.81114 0.06166 0.31304
FE 0.93700 0.18499 0.31032
FE 0.93742 0.06206 0.43772
FE 0.80947 0.18471 0.43781
FE 0.81196 0.06167 0.56286
FE 0.93745 0.18467 0.56540
FE 0.93739 0.06226 0.68764
FE 0.81173 0.18726 0.68779
FE 0.81148 0.06230 0.81168
FE 0.93702 0.18779 0.81203
FE 0.93330 0.06241 0.93331
FE 0.81184 0.18783 0.93702
FE 0.81206 0.31269 0.06229
FE 0.93752 0.43762 0.06236
FE 0.93720 0.31325 0.18777
FE 0.81191 0.43794 0.18695
FE 0.80818 0.31263 0.30852
FE 0.93754 0.44036 0.30975
PD 0.93749 0.31269 0.43768
FE 0.80966 0.44028 0.43757
FE 0.80834 0.31252 0.56667
FE 0.93753 0.44031 0.56544
FE 0.93752 0.31265 0.68755
FE 0.81197 0.43790 0.68807
FE 0.81218 0.31264 0.81249
FE 0.93754 0.43770 0.81251
FE 0.93714 0.31330 0.93714
FE 0.81232 0.43766 0.93754
FE 0.81240 0.56265 0.06231
FE 0.93752 0.68768 0.06233
FE 0.93749 0.56269 0.18727
FE 0.81240 0.68753 0.18741
FE 0.81209 0.56329 0.31211
FE 0.93754 0.68745 0.31258
FE 0.93751 0.56286 0.43757
FE 0.81246 0.68751 0.43756
FE 0.81209 0.56330 0.56287
FE 0.93752 0.68752 0.56248
FE 0.93751 0.56269 0.68778
FE 0.81248 0.68759 0.68758
FE 0.81244 0.56266 0.81263
FE 0.93754 0.68760 0.81253
FE 0.93749 0.56253 0.93749
FE 0.81238 0.68747 0.93754
FE 0.81216 0.81228 0.06243
FE 0.93461 0.93447 0.06232
FE 0.93713 0.81166 0.18786
FE 0.81192 0.93712 0.18792
FE 0.81227 0.81232 0.31260
FE 0.93703 0.93719 0.31304
FE 0.93751 0.81231 0.43770
FE 0.81222 0.93746 0.43784
FE 0.81240 0.81245 0.56251
FE 0.93746 0.93747 0.56248
FE 0.93751 0.81231 0.68741
FE 0.81224 0.93737 0.68730
FE 0.81228 0.81232 0.81235
FE 0.93702 0.93701 0.81205
FE 0.93713 0.81166 0.93712
FE 0.81190 0.93716 0.93702
