256
Lattice="13.70216 0.0 0.0 0.0 14.4285115016 -0.0005480864000000001 0.0 -0.0005480864000000001 13.7027080864"
PD 0.06250 0.06125 0.06382
FE 0.18968 0.18835 0.06380
FE 0.18883 0.06251 0.18882
FE 0.06249 0.18835 0.18845
FE 0.06249 0.06250 0.31258
FE 0.18752 0.18750 0.31254
FE 0.18750 0.06249 0.43752
FE 0.06249 0.18750 0.43751
FE 0.06249 0.06250 0.56249
FE 0.18750 0.18751 0.56248
FE 0.18752 0.06250 0.68746
FE 0.06249 0.18750 0.68742
FE 0.06249 0.06165 0.81155
FE 0.18883 0.18749 0.81118
FE 0.18968 0.06165 0.93620
PD 0.06250 0.18875 0.93618
FE 0.06249 0.31340 0.06337
FE 0.18750 0.43758 0.06251
FE 0.18754 0.31256 0.18755
FE 0.06249 0.43742 0.18742
FE 0.06249 0.31240 0.31243
FE 0.18751 0.43750 0.31248
FE 0.18751 0.31249 0.43750
FE 0.06249 0.43752 0.43751
FE 0.06249 0.31248 0.56249
FE 0.18750 0.43751 0.56250
FE 0.18752 0.31248 0.68748
FE 0.06249 0.43743 0.68756
FE 0.06249 0.31322 0.81171
FE 0.18753 0.43758 0.81249
FE 0.18841 0.31342 0.93749
FE 0.06249 0.43758 0.93753
FE 0.06249 0.56248 0.06247
FE 0.18748 0.68752 0.06250
FE 0.18751 0.56249 0.18750
FE 0.06249 0.68752 0.18749
FE 0.06249 0.56250 0.31251
FE 0.18751 0.68751 0.31248
FE 0.18751 0.56249 0.43750
FE 0.06249 0.68750 0.43752
FE 0.06249 0.56250 0.56248
FE 0.18751 0.68751 0.56250
FE 0.18751 0.56248 0.68752
FE 0.06249 0.68750 0.68749
FE 0.06249 0.56248 0.81251
FE 0.18751 0.68751 0.81250
FE 0.18748 0.56248 0.93750
FE 0.06249 0.68752 0.93753
FE 0.06249 0.81242 0.06247
FE 0.18841 0.93658 0.06251
FE 0.18753 0.81242 0.18751
FE 0.06249 0.93678 0.18829
FE 0.06249 0.81257 0.31244
FE 0.18752 0.93752 0.31252
FE 0.18750 0.81249 0.43750
FE 0.06249 0.93752 0.43751
FE 0.06249 0.81248 0.56249
FE 0.18751 0.93751 0.56250
FE 0.18751 0.81250 0.68752
FE 0.06249 0.93760 0.68757
FE 0.06249 0.81258 0.81258
FE 0.18754 0.93744 0.81245
FE 0.18750 0.81242 0.93749
FE 0.06249 0.93660 0.93663
FE 0.31259 0.06250 0.06251
FE 0.43753 0.18750 0.06249
FE 0.43751 0.06249 0.18749
FE 0.31242 0.18750 0.18743
FE 0.31239 0.06249 0.31239
FE 0.43752 0.18751 0.31251
FE 0.43752 0.06249 0.43753
FE 0.31249 0.18751 0.43750
FE 0.31249 0.06249 0.56250
FE 0.43752 0.18751 0.56247
FE 0.43752 0.06249 0.68749
FE 0.31239 0.18751 0.68761
FE 0.31242 0.06250 0.81257
FE 0.43751 0.18751 0.81251
FE 0.43753 0.06250 0.93751
FE 0.31259 0.18750 0.93749
FE 0.31245 0.31240 0.06251
FE 0.43751 0.43751 0.06249
FE 0.43749 0.31249 0.18750
FE 0.31249 0.43751 0.18752
FE 0.31249 0.31250 0.31249
FE 0.43750 0.43751 0.31249
FE 0.43749 0.31250 0.43750
FE 0.31250 0.43751 0.43751
FE 0.31249 0.31249 0.56250
FE 0.43750 0.43751 0.56250
FE 0.43749 0.31249 0.68752
FE 0.31250 0.43752 0.68750
FE 0.31253 0.31249 0.81247
FE 0.43750 0.43750 0.81250
FE 0.43750 0.31248 0.93751
FE 0.31242 0.43742 0.93750
FE 0.31249 0.56249 0.06250
FE 0.43751 0.68750 0.06249
FE 0.43750 0.56249 0.18751
FE 0.31249 0.68751 0.18751
FE 0.31249 0.56249 0.31250
FE 0.43751 0.68751 0.31249
FE 0.43751 0.56249 0.43751
FE 0.31249 0.68751 0.43751
FE 0.31249 0.56249 0.56249
FE 0.43751 0.68751 0.56249
FE 0.43751 0.56249 0.68751
FE 0.31249 0.68751 0.68750
FE 0.31249 0.56249 0.81249
FE 0.43750 0.68751 0.81249
FE 0.43751 0.56250 0.93751
FE 0.31249 0.68751 0.93750
FE 0.31242 0.81258 0.06250
FE 0.43750 0.93752 0.06249
FE 0.43750 0.81250 0.18750
FE 0.31253 0.93751 0.18753
FE 0.31250 0.81248 0.31250
FE 0.43749 0.93751 0.31248
FE 0.43750 0.81249 0.43750
FE 0.31249 0.93751 0.43750
FE 0.31250 0.81249 0.56249
FE 0.43749 0.93750 0.56250
FE 0.43750 0.81249 0.68751
FE 0.31249 0.93750 0.68751
FE 0.31249 0.81249 0.81248
FE 0.43749 0.93751 0.81250
FE 0.43751 0.81249 0.93751
FE 0.31245 0.93760 0.93749
FE 0.56249 0.06249 0.06250
FE 0.68748 0.18750 0.06249
FE 0.68750 0.06249 0.18749
FE 0.56249 0.18751 0.18752
FE 0.56249 0.06249 0.31249
FE 0.68749 0.18751 0.31251
FE 0.68749 0.06249 0.43753
FE 0.56249 0.18751 0.43750
FE 0.56249 0.06249 0.56250
FE 0.68749 0.18751 0.56247
FE 0.68749 0.06249 0.68749
FE 0.56249 0.18751 0.68751
FE 0.56249 0.06249 0.81248
FE 0.68750 0.18751 0.81251
FE 0.68748 0.06250 0.93751
FE 0.56249 0.18751 0.93750
FE 0.56249 0.31249 0.06250
FE 0.68750 0.43751 0.06249
FE 0.68752 0.31249 0.18750
FE 0.56249 0.43751 0.18751
FE 0.56249 0.31250 0.31249
FE 0.68751 0.43751 0.31249
FE 0.68752 0.31250 0.43750
FE 0.56249 0.43751 0.43751
FE 0.56249 0.31250 0.56250
FE 0.68751 0.43751 0.56250
FE 0.68752 0.31249 0.68752
FE 0.56249 0.43751 0.68750
FE 0.56249 0.31249 0.81249
FE 0.68751 0.43750 0.81250
FE 0.68751 0.31248 0.93751
FE 0.56249 0.43751 0.93751
FE 0.56249 0.56249 0.06249
FE 0.68750 0.68750 0.06249
FE 0.68751 0.56249 0.18751
FE 0.56249 0.68751 0.18750
FE 0.56249 0.56249 0.31249
FE 0.68750 0.68751 0.31249
FE 0.68751 0.56249 0.43751
FE 0.56249 0.68751 0.43751
FE 0.56249 0.56249 0.56249
FE 0.68751 0.68751 0.56249
FE 0.68750 0.56249 0.68751
FE 0.56249 0.68751 0.68751
FE 0.56249 0.56249 0.81250
FE 0.68751 0.68751 0.81249
FE 0.68750 0.56250 0.93751
FE 0.56249 0.68751 0.93751
FE 0.56249 0.81249 0.06249
FE 0.68751 0.93752 0.06249
FE 0.68751 0.81250 0.18750
FE 0.56249 0.93751 0.18751
FE 0.56249 0.81249 0.31250
FE 0.68752 0.93751 0.31248
FE 0.68751 0.81249 0.43750
FE 0.56249 0.93750 0.43750
FE 0.56249 0.81249 0.56249
FE 0.68752 0.93750 0.56250
FE 0.68751 0.81249 0.68751
FE 0.56249 0.93750 0.68751
FE 0.56249 0.81249 0.81249
FE 0.68752 0.93751 0.81250
FE 0.68750 0.81249 0.93751
FE 0.56249 0.93751 0.93750
FE 0.81240 0.06250 0.06251
FE 0.93533 0.18835 0.06380
FE 0.93618 0.06251 0.18882
FE 0.81257 0.18750 0.18743
FE 0.81260 0.06249 0.31239
FE 0.93749 0.18750 0.31254
FE 0.93751 0.06249 0.43752
FE 0.81250 0.18751 0.43750
FE 0.81250 0.06249 0.56250
FE 0.93751 0.18751 0.56248
FE 0.93749 0.06250 0.68746
FE 0.81260 0.18751 0.68761
FE 0.81257 0.06250 0.81257
FE 0.93618 0.18749 0.81118
FE 0.93533 0.06165 0.93620
FE 0.81240 0.18750 0.93749
FE 0.81254 0.31240 0.06251
FE 0.93751 0.43758 0.06251
FE 0.93747 0.31256 0.18755
FE 0.81250 0.43751 0.18752
FE 0.81250 0.31250 0.31249
FE 0.93750 0.43750 0.31248
FE 0.93751 0.31249 0.43750
FE 0.81249 0.43751 0.43751
FE 0.81250 0.31249 0.56250
FE 0.93751 0.43751 0.56250
FE 0.93749 0.31248 0.68748
FE 0.81249 0.43752 0.68750
FE 0.81246 0.31249 0.81247
FE 0.93748 0.43758 0.81249
FE 0.93660 0.31342 0.93749
FE 0.81257 0.43742 0.93750
FE 0.81250 0.56249 0.06250
FE 0.93753 0.68752 0.06250
FE 0.93750 0.56249 0.18750
FE 0.81250 0.68751 0.18751
FE 0.81249 0.56249 0.31250
FE 0.93750 0.68751 0.31248
FE 0.93751 0.56249 0.43750
FE 0.81249 0.68751 0.43751
FE 0.81249 0.56249 0.56249
FE 0.93751 0.68751 0.56250
FE 0.93750 0.56249 0.68752
FE 0.81249 0.68751 0.68750
FE 0.81250 0.56249 0.81249
FE 0.93750 0.68751 0.81250
FE 0.93753 0.56248 0.93750
FE 0.81250 0.68751 0.93750
FE 0.81257 0.81258 0.06250
FE 0.93660 0.93658 0.06251
FE 0.93748 0.81242 0.18751
FE 0.81246 0.93751 0.18753
FE 0.81249 0.81248 0.31250
FE 0.93749 0.93752 0.31252
FE 0.93751 0.81249 0.43750
FE 0.81250 0.93751 0.43750
FE 0.81249 0.81249 0.56249
FE 0.93751 0.93751 0.56250
FE 0.93750 0.81250 0.68752
FE 0.81250 0.93750 0.68751
FE 0.81250 0.81249 0.81248
FE 0.93747 0.93744 0.81245
FE 0.93751 0.81242 0.93749
FE 0.81254 0.93760 0.93749
