32
Lattice="7.00956 0.0002102868 -0.0 0.0002102868 7.3833097391999996 0.0002102868 -0.0 0.0002102868 7.00956"
PD -0.00828 -0.00659 -0.00828
PD 0.25817 0.25637 -0.00825
PD 0.25820 -0.00649 0.25820
PD -0.00825 0.25637 0.25817
FE -0.00701 -0.00518 0.51065
FE 0.25699 0.25534 0.51039
FE 0.25704 -0.00525 0.73958
FE -0.00707 0.25535 0.73953
FE -0.00553 0.50840 -0.00553
FE 0.25569 0.74172 -0.00556
FE 0.25558 0.50818 0.25558
FE -0.00556 0.74172 0.25569
FE -0.00170 0.50570 0.50632
FE 0.25179 0.74416 0.50634
FE 0.25185 0.50585 0.74369
FE -0.00167 0.74398 0.74349
FE 0.51065 -0.00518 -0.00701
FE 0.73953 0.25535 -0.00707
FE 0.73958 -0.00525 0.25704
FE 0.51039 0.25534 0.25699
FE 0.50810 -0.00162 0.50810
FE 0.74190 0.25182 0.50825
FE 0.74171 -0.00160 0.74171
FE 0.50825 0.25182 0.74190
FE 0.50632 0.50570 -0.00170
FE 0.74349 0.74398 -0.00167
FE 0.74369 0.50585 0.25185
FE 0.50634 0.74416 0.25179
FE 0.50176 0.50169 0.50176
FE 0.74812 0.74831 0.50178
FE 0.74815 0.50172 0.74815
FE 0.50178 0.74831 0.74812
