32
Lattice="7.04061 -0.00028162440000000004 -0.0004928427 -0.00028162440000000004 7.392147657300001 -0.00028162440000000004 -0.0004928427 -0.00028162440000000004 7.04061"
PD -0.00654 -0.00551 -0.00654
PD 0.25739 0.25643 -0.00627
PD 0.25785 -0.00504 0.25785
PD -0.00627 0.25643 0.25739
FE -0.00406 -0.00246 0.50608
FE 0.25459 0.25352 0.50652
FE 0.25724 -0.00208 0.74120
FE -0.00354 0.25515 0.74170
FE -0.00277 0.50483 -0.00277
FE 0.25549 0.74301 -0.00242
FE 0.25352 0.50507 0.25352
FE -0.00242 0.74301 0.25549
FE -0.00059 0.50299 0.50332
FE 0.25082 0.74623 0.50297
FE 0.25118 0.50274 0.74627
FE -0.00055 0.74488 0.74455
FE 0.50608 -0.00246 -0.00406
FE 0.74170 0.25515 -0.00354
FE 0.74120 -0.00208 0.25724
FE 0.50652 0.25352 0.25459
FE 0.50523 -0.00004 0.50523
FE 0.74469 0.25091 0.50476
FE 0.74233 -0.00008 0.74233
FE 0.50476 0.25091 0.74469
FE 0.50332 0.50299 -0.00059
FE 0.74455 0.74488 -0.00055
FE 0.74627 0.50274 0.25118
FE 0.50297 0.74623 0.25082
FE 0.50056 0.50003 0.50056
FE 0.74916 0.74906 0.50049
FE 0.74883 0.50002 0.74883
FE 0.50049 0.74906 0.74916
