32
Lattice="6.88843 0.0 0.0 0.0 7.2566854678 0.0 0.0 0.0 6.88843"
PD 0.00000 0.00000 0.00000
FE 0.25468 0.25457 0.00000
FE 0.25687 0.00000 0.25687
FE 0.00000 0.25457 0.25468
FE 0.00000 0.00000 0.50000
FE 0.25045 0.25061 0.50000
FE 0.25687 0.00000 0.74313
FE 0.00000 0.25457 0.74532
FE 0.00000 0.50000 0.00000
FE 0.25468 0.74543 0.00000
FE 0.25054 0.50000 0.25054
FE 0.00000 0.74543 0.25468
FE 0.00000 0.50000 0.50000
FE 0.25045 0.74939 0.50000
FE 0.25054 0.50000 0.74946
FE 0.00000 0.74543 0.74532
FE 0.50000 0.00000 0.00000
FE 0.74532 0.25457 0.00000
FE 0.74313 0.00000 0.25687
FE 0.50000 0.25061 0.25045
FE 0.50000 0.00000 0.50000
FE 0.74955 0.25061 0.50000
FE 0.74313 0.00000 0.74313
FE 0.50000 0.25061 0.74955
FE 0.50000 0.50000 0.00000
FE 0.74532 0.74543 0.00000
FE 0.74946 0.50000 0.25054
FE 0.50000 0.74939 0.25045
FE 0.50000 0.50000 0.50000
FE 0.74955 0.74939 0.50000
FE 0.74946 0.50000 0.74946
FE 0.50000 0.74939 0.74955
