32
Lattice="7.00234 -0.0005601872 -0.0007702574 -0.0006302106000000001 7.400423029000001 -0.0006302106000000001 -0.0007702574 -0.0005601872 7.00234"
PD -0.00906 -0.00732 -0.00906
PD 0.25799 0.25627 -0.00847
PD 0.25790 -0.00669 0.25790
PD -0.00847 0.25627 0.25799
FE -0.00689 -0.00443 0.51036
FE 0.25714 0.25512 0.51033
FE 0.25731 -0.00419 0.73984
FE -0.00651 0.25515 0.73955
FE -0.00496 0.50814 -0.00496
FE 0.25572 0.74182 -0.00471
FE 0.25535 0.50797 0.25535
FE -0.00471 0.74182 0.25572
FE -0.00134 0.50530 0.50596
FE 0.25146 0.74418 0.50573
FE 0.25168 0.50528 0.74386
FE -0.00128 0.74436 0.74374
FE 0.51036 -0.00443 -0.00689
FE 0.73955 0.25515 -0.00651
FE 0.73984 -0.00419 0.25731
FE 0.51033 0.25512 0.25714
FE 0.50846 -0.00075 0.50846
FE 0.74134 0.25133 0.50840
FE 0.74153 -0.00076 0.74153
FE 0.50840 0.25133 0.74134
FE 0.50596 0.50530 -0.00134
FE 0.74374 0.74436 -0.00128
FE 0.74386 0.50528 0.25168
FE 0.50573 0.74418 0.25146
FE 0.50137 0.50080 0.50137
FE 0.74850 0.74872 0.50132
FE 0.74837 0.50079 0.74837
FE 0.50132 0.74872 0.74850
