256
Lattice="13.68114 -0.0 0.0 -0.0 14.4663006246 0.000684057 0.0 0.000684057 13.6849707192"
PD 0.06250 0.06027 0.06493
FE 0.19350 0.18989 0.06634
FE 0.19244 0.06231 0.19238
FE 0.06247 0.19031 0.19076
FE 0.06247 0.06239 0.31281
FE 0.18814 0.18786 0.31324
FE 0.18770 0.06244 0.43768
FE 0.06248 0.18760 0.43765
FE 0.06248 0.06240 0.56235
FE 0.18770 0.18756 0.56232
FE 0.18814 0.06214 0.68676
FE 0.06247 0.18761 0.68719
FE 0.06247 0.05969 0.80924
FE 0.19244 0.18769 0.80762
FE 0.19350 0.06011 0.93366
PD 0.06250 0.18973 0.93507
FE 0.06247 0.31577 0.06540
FE 0.18795 0.43840 0.06289
FE 0.18834 0.31364 0.18848
FE 0.06248 0.43776 0.18784
FE 0.06248 0.31274 0.31287
FE 0.18753 0.43777 0.31274
FE 0.18761 0.31269 0.43769
FE 0.06248 0.43773 0.43767
FE 0.06248 0.31261 0.56237
FE 0.18755 0.43773 0.56230
FE 0.18807 0.31300 0.68675
FE 0.06248 0.43792 0.68703
FE 0.06247 0.31589 0.80913
FE 0.18796 0.43849 0.81198
FE 0.19085 0.31622 0.93731
FE 0.06247 0.43800 0.93753
FE 0.06248 0.56248 0.06248
FE 0.18756 0.68752 0.06251
FE 0.18754 0.56258 0.18766
FE 0.06248 0.68753 0.18758
FE 0.06248 0.56264 0.31268
FE 0.18753 0.68744 0.31261
FE 0.18755 0.56250 0.43756
FE 0.06248 0.68734 0.43769
FE 0.06248 0.56266 0.56231
FE 0.18755 0.68750 0.56244
FE 0.18753 0.56256 0.68739
FE 0.06248 0.68736 0.68732
FE 0.06248 0.56247 0.81242
FE 0.18754 0.68742 0.81234
FE 0.18756 0.56248 0.93749
FE 0.06248 0.68752 0.93752
FE 0.06247 0.81200 0.06247
FE 0.19085 0.93378 0.06269
FE 0.18796 0.81151 0.18802
FE 0.06247 0.93411 0.19087
FE 0.06248 0.81208 0.31297
FE 0.18807 0.93700 0.31325
FE 0.18755 0.81227 0.43770
FE 0.06248 0.93739 0.43763
FE 0.06248 0.81227 0.56233
FE 0.18761 0.93731 0.56231
FE 0.18753 0.81223 0.68726
FE 0.06248 0.93726 0.68713
FE 0.06248 0.81224 0.81216
FE 0.18834 0.93636 0.81152
FE 0.18795 0.81160 0.93711
FE 0.06247 0.93423 0.93460
FE 0.31308 0.06217 0.06286
FE 0.43782 0.18758 0.06260
FE 0.43798 0.06241 0.18787
FE 0.31402 0.18788 0.18899
FE 0.31373 0.06243 0.31380
FE 0.43835 0.18758 0.31324
FE 0.43816 0.06237 0.43814
FE 0.31286 0.18759 0.43783
FE 0.31286 0.06241 0.56217
FE 0.43816 0.18763 0.56186
FE 0.43835 0.06242 0.68676
FE 0.31373 0.18757 0.68620
FE 0.31402 0.06212 0.81101
FE 0.43798 0.18759 0.81213
FE 0.43782 0.06242 0.93740
FE 0.31308 0.18783 0.93714
FE 0.31335 0.31300 0.06301
FE 0.43783 0.43783 0.06250
FE 0.43803 0.31271 0.18781
FE 0.31275 0.43779 0.18769
FE 0.31289 0.31270 0.31295
FE 0.43761 0.43759 0.31254
FE 0.43757 0.31260 0.43756
FE 0.31253 0.43759 0.43756
FE 0.31277 0.31258 0.56215
FE 0.43757 0.43755 0.56244
FE 0.43789 0.31257 0.68723
FE 0.31267 0.43772 0.68731
FE 0.31323 0.31299 0.81182
FE 0.43774 0.43773 0.81244
FE 0.43779 0.31269 0.93752
FE 0.31288 0.43781 0.93754
FE 0.31263 0.56257 0.06245
FE 0.43772 0.68736 0.06250
FE 0.43761 0.56250 0.18756
FE 0.31260 0.68743 0.18752
FE 0.31251 0.56250 0.31253
FE 0.43758 0.68749 0.31250
FE 0.43754 0.56248 0.43753
FE 0.31251 0.68749 0.43756
FE 0.31251 0.56251 0.56244
FE 0.43754 0.68752 0.56247
FE 0.43758 0.56251 0.68750
FE 0.31251 0.68750 0.68747
FE 0.31260 0.56257 0.81248
FE 0.43761 0.68750 0.81244
FE 0.43772 0.56264 0.93750
FE 0.31263 0.68743 0.93755
FE 0.31288 0.81219 0.06246
FE 0.43779 0.93731 0.06248
FE 0.43774 0.81227 0.18756
FE 0.31323 0.93701 0.18818
FE 0.31267 0.81228 0.31269
FE 0.43789 0.93743 0.31277
FE 0.43757 0.81245 0.43756
FE 0.31277 0.93742 0.43785
FE 0.31253 0.81241 0.56244
FE 0.43757 0.93740 0.56244
FE 0.43761 0.81241 0.68746
FE 0.31289 0.93730 0.68705
FE 0.31275 0.81221 0.81231
FE 0.43803 0.93729 0.81219
FE 0.43783 0.81217 0.93750
FE 0.31335 0.93700 0.93699
FE 0.56248 0.06244 0.06254
FE 0.68722 0.18758 0.06261
FE 0.68707 0.06241 0.18787
FE 0.56247 0.18756 0.18773
FE 0.56248 0.06238 0.31262
FE 0.68668 0.18758 0.31325
FE 0.68689 0.06238 0.43813
FE 0.56248 0.18761 0.43756
FE 0.56248 0.06239 0.56244
FE 0.68689 0.18762 0.56187
FE 0.68668 0.06242 0.68675
FE 0.56248 0.18762 0.68738
FE 0.56247 0.06244 0.81227
FE 0.68707 0.18759 0.81213
FE 0.68722 0.06242 0.93739
FE 0.56248 0.18756 0.93746
FE 0.56248 0.31254 0.06254
FE 0.68722 0.43783 0.06250
FE 0.68702 0.31271 0.18781
FE 0.56248 0.43759 0.18757
FE 0.56248 0.31260 0.31253
FE 0.68744 0.43759 0.31254
FE 0.68748 0.31260 0.43756
FE 0.56248 0.43756 0.43753
FE 0.56248 0.31261 0.56246
FE 0.68748 0.43755 0.56244
FE 0.68716 0.31257 0.68722
FE 0.56248 0.43756 0.68748
FE 0.56248 0.31255 0.81237
FE 0.68731 0.43773 0.81244
FE 0.68726 0.31270 0.93752
FE 0.56248 0.43759 0.93752
FE 0.56248 0.56250 0.06248
FE 0.68733 0.68735 0.06250
FE 0.68745 0.56250 0.18756
FE 0.56248 0.68750 0.18754
FE 0.56248 0.56248 0.31250
FE 0.68747 0.68749 0.31250
FE 0.68751 0.56248 0.43753
FE 0.56248 0.68752 0.43753
FE 0.56248 0.56248 0.56247
FE 0.68751 0.68752 0.56247
FE 0.68747 0.56251 0.68750
FE 0.56248 0.68752 0.68750
FE 0.56248 0.56250 0.81246
FE 0.68745 0.68750 0.81244
FE 0.68733 0.56265 0.93750
FE 0.56248 0.68750 0.93752
FE 0.56248 0.81241 0.06248
FE 0.68726 0.93730 0.06248
FE 0.68731 0.81227 0.18756
FE 0.56248 0.93745 0.18763
FE 0.56248 0.81244 0.31252
FE 0.68716 0.93743 0.31278
FE 0.68748 0.81245 0.43756
FE 0.56248 0.93739 0.43754
FE 0.56248 0.81244 0.56247
FE 0.68748 0.93740 0.56244
FE 0.68744 0.81241 0.68746
FE 0.56248 0.93740 0.68747
FE 0.56248 0.81241 0.81243
FE 0.68702 0.93729 0.81219
FE 0.68722 0.81217 0.93750
FE 0.56248 0.93746 0.93746
FE 0.81187 0.06217 0.06285
FE 0.93157 0.18990 0.06634
FE 0.93255 0.06229 0.19238
FE 0.81096 0.18790 0.18899
FE 0.81125 0.06243 0.31379
FE 0.93689 0.18786 0.31325
FE 0.93735 0.06244 0.43769
FE 0.81209 0.18759 0.43784
FE 0.81209 0.06241 0.56216
FE 0.93735 0.18756 0.56231
FE 0.93689 0.06214 0.68675
FE 0.81125 0.18757 0.68621
FE 0.81096 0.06210 0.81101
FE 0.93255 0.18771 0.80762
FE 0.93157 0.06010 0.93366
FE 0.81187 0.18783 0.93715
FE 0.81161 0.31299 0.06301
FE 0.93710 0.43840 0.06289
FE 0.93669 0.31365 0.18848
FE 0.81220 0.43780 0.18770
FE 0.81207 0.31270 0.31295
FE 0.93752 0.43777 0.31274
FE 0.93744 0.31270 0.43769
FE 0.81242 0.43759 0.43756
FE 0.81218 0.31258 0.56215
FE 0.93750 0.43773 0.56230
FE 0.93697 0.31300 0.68674
FE 0.81228 0.43772 0.68731
FE 0.81173 0.31298 0.81180
FE 0.93710 0.43848 0.81198
FE 0.93407 0.31621 0.93731
FE 0.81208 0.43782 0.93755
FE 0.81233 0.56256 0.06245
FE 0.93749 0.68752 0.06251
FE 0.93752 0.56258 0.18766
FE 0.81236 0.68743 0.18752
FE 0.81245 0.56250 0.31253
FE 0.93752 0.68744 0.31261
FE 0.93750 0.56250 0.43756
FE 0.81245 0.68750 0.43756
FE 0.81245 0.56250 0.56244
FE 0.93750 0.68750 0.56244
FE 0.93752 0.56256 0.68739
FE 0.81245 0.68750 0.68747
FE 0.81236 0.56257 0.81248
FE 0.93752 0.68742 0.81234
FE 0.93749 0.56248 0.93749
FE 0.81233 0.68744 0.93755
FE 0.81208 0.81218 0.06245
FE 0.93407 0.93379 0.06269
FE 0.93710 0.81152 0.18802
FE 0.81173 0.93702 0.18820
FE 0.81228 0.81228 0.31269
FE 0.93697 0.93700 0.31326
FE 0.93750 0.81227 0.43770
FE 0.81218 0.93742 0.43785
FE 0.81242 0.81241 0.56244
FE 0.93744 0.93730 0.56231
FE 0.93752 0.81223 0.68726
FE 0.81207 0.93730 0.68705
FE 0.81220 0.81220 0.81230
FE 0.93669 0.93635 0.81152
FE 0.93710 0.81160 0.93711
FE 0.81161 0.93701 0.93699
