256
Lattice="13.68499 0.0 -0.0 0.0 14.4618868823 0.0002736998 -0.0 0.0002736998 13.689095497"
PD 0.06251 0.06005 0.06519
FE 0.19342 0.18987 0.06642
FE 0.19236 0.06226 0.19233
FE 0.06248 0.19022 0.19082
FE 0.06247 0.06235 0.31290
FE 0.18825 0.18789 0.31333
FE 0.18777 0.06240 0.43769
FE 0.06248 0.18762 0.43766
FE 0.06248 0.06238 0.56234
FE 0.18777 0.18760 0.56231
FE 0.18825 0.06211 0.68667
FE 0.06247 0.18765 0.68710
FE 0.06248 0.05978 0.80918
FE 0.19236 0.18774 0.80767
FE 0.19342 0.06013 0.93358
PD 0.06251 0.18995 0.93481
FE 0.06246 0.31570 0.06530
FE 0.18799 0.43847 0.06290
FE 0.18838 0.31370 0.18852
FE 0.06247 0.43790 0.18791
FE 0.06248 0.31284 0.31294
FE 0.18766 0.43793 0.31286
FE 0.18771 0.31281 0.43776
FE 0.06248 0.43787 0.43773
FE 0.06248 0.31270 0.56237
FE 0.18767 0.43788 0.56223
FE 0.18816 0.31310 0.68665
FE 0.06248 0.43804 0.68694
FE 0.06246 0.31572 0.80929
FE 0.18802 0.43855 0.81193
FE 0.19071 0.31606 0.93729
FE 0.06246 0.43810 0.93752
FE 0.06248 0.56255 0.06251
FE 0.18760 0.68746 0.06253
FE 0.18761 0.56267 0.18773
FE 0.06248 0.68748 0.18763
FE 0.06249 0.56271 0.31277
FE 0.18762 0.68735 0.31271
FE 0.18762 0.56258 0.43759
FE 0.06248 0.68727 0.43774
FE 0.06248 0.56273 0.56226
FE 0.18762 0.68742 0.56241
FE 0.18762 0.56265 0.68729
FE 0.06249 0.68729 0.68723
FE 0.06248 0.56252 0.81237
FE 0.18761 0.68733 0.81227
FE 0.18760 0.56254 0.93747
FE 0.06248 0.68745 0.93749
FE 0.06246 0.81190 0.06248
FE 0.19071 0.93394 0.06271
FE 0.18802 0.81145 0.18807
FE 0.06246 0.93428 0.19071
FE 0.06248 0.81196 0.31306
FE 0.18816 0.93690 0.31335
FE 0.18767 0.81212 0.43777
FE 0.06248 0.93730 0.43763
FE 0.06248 0.81213 0.56227
FE 0.18771 0.93719 0.56224
FE 0.18766 0.81207 0.68714
FE 0.06248 0.93716 0.68706
FE 0.06247 0.81210 0.81209
FE 0.18838 0.93630 0.81148
FE 0.18799 0.81153 0.93710
FE 0.06246 0.93430 0.93470
FE 0.31317 0.06215 0.06288
FE 0.43781 0.18760 0.06264
FE 0.43801 0.06232 0.18798
FE 0.31401 0.18789 0.18895
FE 0.31386 0.06235 0.31390
FE 0.43852 0.18766 0.31346
FE 0.43841 0.06227 0.43825
FE 0.31306 0.18767 0.43793
FE 0.31306 0.06233 0.56207
FE 0.43841 0.18773 0.56175
FE 0.43852 0.06234 0.68654
FE 0.31386 0.18765 0.68610
FE 0.31401 0.06211 0.81105
FE 0.43801 0.18768 0.81202
FE 0.43781 0.06240 0.93736
FE 0.31317 0.18785 0.93712
FE 0.31338 0.31305 0.06307
FE 0.43794 0.43796 0.06257
FE 0.43816 0.31286 0.18798
FE 0.31290 0.43797 0.18784
FE 0.31309 0.31289 0.31312
FE 0.43771 0.43775 0.31265
FE 0.43775 0.31280 0.43760
FE 0.31268 0.43777 0.43759
FE 0.31297 0.31279 0.56208
FE 0.43766 0.43771 0.56237
FE 0.43801 0.31276 0.68708
FE 0.31282 0.43788 0.68718
FE 0.31333 0.31311 0.81172
FE 0.43785 0.43786 0.81232
FE 0.43783 0.31278 0.93746
FE 0.31297 0.43793 0.93749
FE 0.31273 0.56266 0.06252
FE 0.43781 0.68729 0.06253
FE 0.43768 0.56256 0.18763
FE 0.31271 0.68734 0.18762
FE 0.31261 0.56257 0.31261
FE 0.43764 0.68743 0.31258
FE 0.43759 0.56253 0.43755
FE 0.31260 0.68743 0.43760
FE 0.31260 0.56257 0.56240
FE 0.43759 0.68747 0.56245
FE 0.43764 0.56257 0.68742
FE 0.31261 0.68743 0.68739
FE 0.31271 0.56266 0.81238
FE 0.43768 0.68744 0.81237
FE 0.43781 0.56271 0.93747
FE 0.31273 0.68734 0.93748
FE 0.31297 0.81207 0.06251
FE 0.43783 0.93722 0.06254
FE 0.43785 0.81214 0.18768
FE 0.31333 0.93689 0.18828
FE 0.31282 0.81212 0.31282
FE 0.43801 0.93724 0.31292
FE 0.43766 0.81229 0.43763
FE 0.31297 0.93721 0.43792
FE 0.31268 0.81223 0.56241
FE 0.43775 0.93720 0.56240
FE 0.43771 0.81225 0.68735
FE 0.31309 0.93711 0.68688
FE 0.31290 0.81203 0.81216
FE 0.43816 0.93714 0.81202
FE 0.43794 0.81204 0.93743
FE 0.31338 0.93695 0.93693
FE 0.56248 0.06241 0.06257
FE 0.68722 0.18759 0.06265
FE 0.68704 0.06234 0.18798
FE 0.56247 0.18759 0.18782
FE 0.56248 0.06230 0.31278
FE 0.68650 0.18765 0.31346
FE 0.68662 0.06229 0.43824
FE 0.56248 0.18771 0.43764
FE 0.56248 0.06229 0.56236
FE 0.68662 0.18771 0.56176
FE 0.68650 0.06235 0.68654
FE 0.56248 0.18770 0.68722
FE 0.56247 0.06241 0.81218
FE 0.68704 0.18766 0.81202
FE 0.68722 0.06241 0.93735
FE 0.56248 0.18759 0.93743
FE 0.56248 0.31263 0.06257
FE 0.68711 0.43796 0.06258
FE 0.68687 0.31287 0.18798
FE 0.56248 0.43778 0.18769
FE 0.56248 0.31282 0.31274
FE 0.68734 0.43775 0.31265
FE 0.68729 0.31280 0.43760
FE 0.56248 0.43769 0.43756
FE 0.56248 0.31279 0.56234
FE 0.68739 0.43771 0.56238
FE 0.68701 0.31276 0.68706
FE 0.56248 0.43773 0.68736
FE 0.56248 0.31269 0.81228
FE 0.68720 0.43786 0.81233
FE 0.68721 0.31278 0.93746
FE 0.56248 0.43771 0.93749
FE 0.56248 0.56257 0.06252
FE 0.68723 0.68728 0.06253
FE 0.68737 0.56256 0.18763
FE 0.56248 0.68742 0.18761
FE 0.56248 0.56253 0.31256
FE 0.68741 0.68742 0.31258
FE 0.68745 0.56253 0.43755
FE 0.56248 0.68747 0.43756
FE 0.56248 0.56253 0.56244
FE 0.68745 0.68747 0.56245
FE 0.68741 0.56258 0.68742
FE 0.56248 0.68747 0.68744
FE 0.56248 0.56258 0.81239
FE 0.68737 0.68744 0.81237
FE 0.68723 0.56272 0.93747
FE 0.56248 0.68743 0.93748
FE 0.56248 0.81229 0.06251
FE 0.68721 0.93722 0.06254
FE 0.68720 0.81214 0.18767
FE 0.56248 0.93731 0.18772
FE 0.56248 0.81227 0.31264
FE 0.68701 0.93724 0.31294
FE 0.68739 0.81229 0.43762
FE 0.56248 0.93721 0.43766
FE 0.56248 0.81231 0.56244
FE 0.68729 0.93720 0.56240
FE 0.68734 0.81225 0.68735
FE 0.56248 0.93718 0.68726
FE 0.56248 0.81222 0.81231
FE 0.68687 0.93713 0.81202
FE 0.68711 0.81204 0.93742
FE 0.56248 0.93737 0.93743
FE 0.81179 0.06216 0.06286
FE 0.93165 0.18988 0.06642
FE 0.93266 0.06225 0.19233
FE 0.81103 0.18791 0.18894
FE 0.81116 0.06234 0.31390
FE 0.93677 0.18788 0.31335
FE 0.93728 0.06240 0.43769
FE 0.81190 0.18768 0.43794
FE 0.81190 0.06232 0.56206
FE 0.93728 0.18760 0.56231
FE 0.93677 0.06212 0.68665
FE 0.81116 0.18766 0.68610
FE 0.81103 0.06209 0.81106
FE 0.93266 0.18775 0.80767
FE 0.93165 0.06012 0.93358
FE 0.81179 0.18784 0.93714
FE 0.81160 0.31303 0.06308
FE 0.93704 0.43847 0.06292
FE 0.93663 0.31372 0.18853
FE 0.81205 0.43798 0.18785
FE 0.81189 0.31289 0.31311
FE 0.93739 0.43793 0.31286
FE 0.93733 0.31282 0.43776
FE 0.81228 0.43777 0.43759
FE 0.81199 0.31278 0.56207
FE 0.93738 0.43788 0.56223
FE 0.93685 0.31311 0.68663
FE 0.81214 0.43789 0.68719
FE 0.81163 0.31310 0.81170
FE 0.93703 0.43855 0.81193
FE 0.93421 0.31606 0.93729
FE 0.81198 0.43795 0.93750
FE 0.81224 0.56265 0.06251
FE 0.93745 0.68746 0.06253
FE 0.93744 0.56267 0.18773
FE 0.81225 0.68734 0.18762
FE 0.81236 0.56257 0.31261
FE 0.93742 0.68735 0.31271
FE 0.93743 0.56258 0.43759
FE 0.81237 0.68743 0.43760
FE 0.81237 0.56257 0.56240
FE 0.93743 0.68742 0.56241
FE 0.93742 0.56265 0.68729
FE 0.81236 0.68743 0.68739
FE 0.81225 0.56266 0.81238
FE 0.93744 0.68733 0.81227
FE 0.93745 0.56254 0.93747
FE 0.81224 0.68735 0.93749
FE 0.81198 0.81205 0.06250
FE 0.93421 0.93394 0.06271
FE 0.93703 0.81145 0.18807
FE 0.81163 0.93690 0.18830
FE 0.81214 0.81211 0.31281
FE 0.93685 0.93689 0.31337
FE 0.93738 0.81212 0.43777
FE 0.81199 0.93722 0.43793
FE 0.81228 0.81223 0.56241
FE 0.93733 0.93718 0.56224
FE 0.93739 0.81207 0.68714
FE 0.81189 0.93711 0.68689
FE 0.81205 0.81202 0.81215
FE 0.93663 0.93628 0.81147
FE 0.93704 0.81153 0.93708
FE 0.81160 0.93697 0.93692
