256
Lattice="13.68245 0.0001368245 -0.0 0.0001368245 14.467412156499998 0.0001368245 -0.0 0.0001368245 13.68245"
PD 0.06249 0.06237 0.06237
FE 0.19052 0.19024 0.06225
FE 0.19181 0.06237 0.19155
FE 0.06291 0.18997 0.18979
FE 0.06277 0.06177 0.31226
FE 0.18843 0.18755 0.31253
FE 0.18784 0.06234 0.43769
FE 0.06542 0.18471 0.43762
FE 0.06281 0.06175 0.56281
FE 0.18807 0.18727 0.56291
FE 0.18775 0.06236 0.68748
FE 0.06290 0.18730 0.68791
FE 0.06246 0.06233 0.81241
FE 0.18814 0.18778 0.81222
FE 0.19167 0.06245 0.93330
FE 0.06253 0.19028 0.93456
FE 0.06257 0.31284 0.06230
FE 0.18770 0.43756 0.06222
FE 0.18864 0.31321 0.18708
FE 0.06290 0.43779 0.18703
FE 0.06676 0.31270 0.30862
FE 0.18799 0.43786 0.31211
FE 0.18771 0.31261 0.43766
FE 0.06543 0.44042 0.43765
FE 0.06672 0.31247 0.56671
FE 0.18802 0.43782 0.56291
FE 0.18831 0.31261 0.68818
FE 0.06290 0.43795 0.68790
FE 0.06259 0.31262 0.81242
FE 0.18768 0.43762 0.81266
FE 0.18796 0.31321 0.93718
FE 0.06253 0.43756 0.93753
FE 0.06247 0.56261 0.06234
FE 0.18752 0.68755 0.06245
FE 0.18768 0.56260 0.18743
FE 0.06245 0.68759 0.18744
FE 0.06283 0.56322 0.31219
FE 0.18756 0.68753 0.31257
FE 0.18775 0.56260 0.43755
FE 0.06246 0.68740 0.43764
FE 0.06283 0.56323 0.56283
FE 0.18758 0.68758 0.56245
FE 0.18766 0.56260 0.68762
FE 0.06245 0.68746 0.68747
FE 0.06248 0.56262 0.81256
FE 0.18750 0.68749 0.81244
FE 0.18757 0.56249 0.93749
FE 0.06247 0.68754 0.93754
FE 0.06248 0.81211 0.06245
FE 0.19036 0.93462 0.06245
FE 0.18788 0.81174 0.18787
FE 0.06246 0.93456 0.19031
FE 0.06251 0.81235 0.31267
FE 0.18800 0.93719 0.31299
FE 0.18757 0.81235 0.43765
FE 0.06247 0.93748 0.43763
FE 0.06251 0.81245 0.56251
FE 0.18764 0.93745 0.56245
FE 0.18753 0.81235 0.68740
FE 0.06245 0.93741 0.68748
FE 0.06249 0.81235 0.81228
FE 0.18795 0.93724 0.81200
FE 0.18788 0.81174 0.93718
FE 0.06247 0.93461 0.93457
FE 0.31267 0.06247 0.06245
FE 0.43763 0.18752 0.06250
FE 0.43769 0.06247 0.18761
FE 0.31321 0.18776 0.18775
FE 0.31339 0.06235 0.31327
FE 0.43777 0.18754 0.31261
FE 0.43799 0.06245 0.43799
FE 0.31276 0.18750 0.43776
FE 0.31271 0.06235 0.56247
FE 0.43750 0.18757 0.56253
FE 0.43799 0.06247 0.68707
FE 0.31292 0.18753 0.68746
FE 0.31329 0.06247 0.81171
FE 0.43777 0.18750 0.81227
FE 0.43769 0.06246 0.93741
FE 0.31296 0.18774 0.93709
FE 0.31316 0.31261 0.06199
FE 0.43764 0.43772 0.06250
FE 0.43765 0.31261 0.18742
FE 0.31280 0.43762 0.18731
FE 0.31277 0.31260 0.31250
FE 0.43755 0.43757 0.31243
FE 0.43755 0.31249 0.43755
FE 0.31259 0.43760 0.43755
FE 0.31267 0.31249 0.56259
FE 0.43753 0.43755 0.56253
FE 0.43755 0.31249 0.68761
FE 0.31273 0.43758 0.68768
FE 0.31307 0.31261 0.81282
FE 0.43755 0.43761 0.81245
FE 0.43765 0.31261 0.93753
FE 0.31252 0.43765 0.93755
FE 0.31255 0.56249 0.06245
FE 0.43764 0.68740 0.06248
FE 0.43755 0.56249 0.18752
FE 0.31257 0.68749 0.18749
FE 0.31261 0.56262 0.31248
FE 0.43755 0.68752 0.31249
FE 0.43753 0.56251 0.43753
FE 0.31260 0.68764 0.43755
FE 0.31262 0.56262 0.56248
FE 0.43753 0.68755 0.56247
FE 0.43753 0.56249 0.68753
FE 0.31251 0.68753 0.68750
FE 0.31251 0.56249 0.81249
FE 0.43755 0.68751 0.81247
FE 0.43755 0.56250 0.93751
FE 0.31254 0.68747 0.93755
FE 0.31270 0.81235 0.06247
FE 0.43763 0.93748 0.06247
FE 0.43766 0.81235 0.18751
FE 0.31300 0.93723 0.18793
FE 0.31263 0.81236 0.31259
FE 0.43777 0.93749 0.31267
FE 0.43755 0.81247 0.43755
FE 0.31278 0.93737 0.43777
FE 0.31252 0.81247 0.56249
FE 0.43750 0.93746 0.56247
FE 0.43755 0.81247 0.68751
FE 0.31269 0.93748 0.68728
FE 0.31261 0.81236 0.81236
FE 0.43777 0.93750 0.81229
FE 0.43765 0.81235 0.93753
FE 0.31298 0.93725 0.93710
FE 0.56245 0.06247 0.06245
FE 0.68724 0.18756 0.06224
FE 0.68723 0.06236 0.18750
FE 0.56223 0.18752 0.18739
FE 0.56234 0.06235 0.31258
FE 0.68678 0.18729 0.31225
FE 0.68683 0.06235 0.43800
FE 0.56237 0.18754 0.43750
FE 0.56235 0.06235 0.56247
FE 0.68704 0.18731 0.56291
FE 0.68693 0.06236 0.68718
FE 0.56223 0.18756 0.68773
FE 0.56245 0.06247 0.81239
FE 0.68708 0.18753 0.81254
FE 0.68733 0.06247 0.93741
FE 0.56250 0.18749 0.93747
FE 0.56201 0.31250 0.06201
FE 0.68722 0.43769 0.06223
FE 0.68661 0.31261 0.18673
FE 0.56223 0.43757 0.18733
FE 0.56231 0.31249 0.31239
FE 0.68701 0.43782 0.31207
FE 0.68733 0.31248 0.43755
FE 0.56237 0.43758 0.43753
FE 0.56231 0.31250 0.56259
FE 0.68703 0.43780 0.56290
FE 0.68671 0.31249 0.68829
FE 0.56223 0.43756 0.68771
FE 0.56201 0.31249 0.81293
FE 0.68731 0.43758 0.81272
FE 0.68729 0.31262 0.93753
FE 0.56250 0.43760 0.93753
FE 0.56245 0.56249 0.06245
FE 0.68740 0.68742 0.06245
FE 0.68737 0.56260 0.18741
FE 0.56245 0.68754 0.18752
FE 0.56235 0.56261 0.31249
FE 0.68743 0.68757 0.31251
FE 0.68731 0.56260 0.43753
FE 0.56236 0.68766 0.43753
FE 0.56235 0.56261 0.56247
FE 0.68746 0.68759 0.56245
FE 0.68739 0.56260 0.68764
FE 0.56245 0.68755 0.68753
FE 0.56245 0.56249 0.81249
FE 0.68749 0.68753 0.81250
FE 0.68748 0.56249 0.93751
FE 0.56248 0.68752 0.93753
FE 0.56247 0.81245 0.06247
FE 0.68741 0.93745 0.06245
FE 0.68739 0.81235 0.18752
FE 0.56245 0.93749 0.18757
FE 0.56245 0.81247 0.31248
FE 0.68720 0.93743 0.31269
FE 0.68745 0.81247 0.43755
FE 0.56236 0.93734 0.43750
FE 0.56245 0.81246 0.56249
FE 0.68748 0.93741 0.56245
FE 0.68749 0.81247 0.68751
FE 0.56245 0.93745 0.68755
FE 0.56247 0.81247 0.81247
FE 0.68727 0.93748 0.81232
FE 0.68738 0.81235 0.93753
FE 0.56247 0.93751 0.93747
FE 0.81229 0.06233 0.06234
FE 0.93456 0.19021 0.06237
FE 0.93324 0.06224 0.19137
FE 0.81158 0.18752 0.18746
FE 0.81135 0.06174 0.31291
FE 0.93708 0.18494 0.31021
FE 0.93744 0.06210 0.43770
FE 0.80949 0.18467 0.43774
FE 0.81203 0.06175 0.56281
FE 0.93746 0.18465 0.56542
FE 0.93741 0.06234 0.68758
FE 0.81186 0.18728 0.68778
FE 0.81169 0.06234 0.81182
FE 0.93710 0.18775 0.81209
FE 0.93327 0.06243 0.93329
FE 0.81193 0.18779 0.93709
FE 0.81216 0.31261 0.06231
FE 0.93753 0.43758 0.06237
FE 0.93723 0.31318 0.18772
FE 0.81200 0.43786 0.18701
FE 0.80819 0.31259 0.30845
FE 0.93755 0.44035 0.30969
PD 0.93751 0.31266 0.43763
FE 0.80964 0.44030 0.43756
FE 0.80833 0.31249 0.56670
FE 0.93754 0.44031 0.56545
FE 0.93754 0.31261 0.68759
FE 0.81205 0.43783 0.68800
FE 0.81225 0.31260 0.81252
FE 0.93755 0.43765 0.81252
FE 0.93718 0.31322 0.93718
FE 0.81236 0.43762 0.93755
FE 0.81243 0.56261 0.06235
FE 0.93754 0.68766 0.06236
FE 0.93749 0.56261 0.18734
FE 0.81244 0.68753 0.18743
FE 0.81214 0.56321 0.31214
FE 0.93755 0.68747 0.31256
FE 0.93752 0.56283 0.43755
FE 0.81249 0.68751 0.43755
FE 0.81213 0.56322 0.56282
FE 0.93753 0.68752 0.56246
FE 0.93751 0.56261 0.68772
FE 0.81250 0.68757 0.68756
FE 0.81247 0.56262 0.81260
FE 0.93755 0.68760 0.81253
FE 0.93749 0.56251 0.93749
FE 0.81242 0.68748 0.93755
FE 0.81225 0.81235 0.06245
FE 0.93459 0.93450 0.06235
FE 0.93718 0.81174 0.18782
FE 0.81201 0.93721 0.18788
FE 0.81232 0.81236 0.31257
FE 0.93710 0.93726 0.31297
FE 0.93753 0.81234 0.43766
FE 0.81230 0.93750 0.43778
FE 0.81243 0.81247 0.56251
FE 0.93747 0.93750 0.56247
FE 0.93753 0.81234 0.68744
FE 0.81232 0.93744 0.68734
FE 0.81233 0.81236 0.81237
FE 0.93709 0.93711 0.81210
FE 0.93718 0.81173 0.93717
FE 0.81198 0.93724 0.93709
