256
Lattice="13.68479 0.0001368479 0.0 0.0001368479 14.462907159399998 0.0001368479 0.0 0.0001368479 13.685063695799998"
PD 0.06252 0.06227 0.06229
FE 0.19051 0.19010 0.06215
FE 0.19181 0.06230 0.19140
FE 0.06301 0.18986 0.18963
FE 0.06280 0.06167 0.31221
FE 0.18861 0.18755 0.31254
FE 0.18798 0.06223 0.43770
FE 0.06536 0.18478 0.43765
FE 0.06287 0.06166 0.56288
FE 0.18819 0.18722 0.56301
FE 0.18786 0.06229 0.68754
FE 0.06300 0.18725 0.68800
FE 0.06250 0.06226 0.81245
FE 0.18834 0.18780 0.81222
FE 0.19164 0.06240 0.93337
FE 0.06255 0.19017 0.93463
FE 0.06260 0.31289 0.06227
FE 0.18782 0.43766 0.06212
FE 0.18888 0.31332 0.18691
FE 0.06300 0.43789 0.18695
FE 0.06672 0.31282 0.30881
FE 0.18812 0.43799 0.31207
FE 0.18778 0.31267 0.43773
FE 0.06536 0.44040 0.43770
FE 0.06665 0.31249 0.56664
FE 0.18814 0.43792 0.56301
FE 0.18858 0.31268 0.68833
FE 0.06301 0.43808 0.68796
FE 0.06263 0.31274 0.81234
FE 0.18782 0.43774 0.81272
FE 0.18805 0.31330 0.93713
FE 0.06255 0.43762 0.93751
FE 0.06252 0.56268 0.06228
FE 0.18756 0.68755 0.06242
FE 0.18776 0.56267 0.18737
FE 0.06248 0.68762 0.18742
FE 0.06288 0.56332 0.31216
FE 0.18764 0.68753 0.31260
FE 0.18787 0.56271 0.43758
FE 0.06249 0.68737 0.43769
FE 0.06288 0.56334 0.56289
FE 0.18765 0.68761 0.56248
FE 0.18775 0.56268 0.68767
FE 0.06248 0.68746 0.68747
FE 0.06252 0.56269 0.81261
FE 0.18755 0.68746 0.81241
FE 0.18763 0.56256 0.93748
FE 0.06249 0.68755 0.93751
FE 0.06249 0.81205 0.06242
FE 0.19030 0.93464 0.06243
FE 0.18796 0.81165 0.18790
FE 0.06248 0.93454 0.19018
FE 0.06252 0.81224 0.31277
FE 0.18812 0.93707 0.31306
FE 0.18763 0.81229 0.43772
FE 0.06249 0.93742 0.43764
FE 0.06252 0.81243 0.56251
FE 0.18771 0.93736 0.56248
FE 0.18760 0.81228 0.68735
FE 0.06248 0.93732 0.68751
FE 0.06250 0.81224 0.81220
FE 0.18807 0.93714 0.81192
FE 0.18795 0.81165 0.93713
FE 0.06248 0.93461 0.93462
FE 0.31272 0.06242 0.06241
FE 0.43765 0.18748 0.06242
FE 0.43770 0.06241 0.18760
FE 0.31341 0.18777 0.18772
FE 0.31368 0.06230 0.31345
FE 0.43787 0.18758 0.31269
FE 0.43814 0.06242 0.43814
FE 0.31288 0.18753 0.43786
FE 0.31283 0.06229 0.56251
FE 0.43758 0.18760 0.56255
FE 0.43814 0.06242 0.68696
FE 0.31313 0.18753 0.68746
FE 0.31355 0.06243 0.81154
FE 0.43787 0.18750 0.81225
FE 0.43770 0.06243 0.93738
FE 0.31313 0.18775 0.93700
FE 0.31342 0.31271 0.06184
FE 0.43769 0.43784 0.06242
FE 0.43772 0.31268 0.18740
FE 0.31295 0.43774 0.18723
FE 0.31286 0.31268 0.31253
FE 0.43758 0.43763 0.31243
FE 0.43758 0.31254 0.43758
FE 0.31263 0.43766 0.43757
FE 0.31274 0.31255 0.56264
FE 0.43754 0.43759 0.56255
FE 0.43758 0.31254 0.68762
FE 0.31286 0.43767 0.68776
FE 0.31332 0.31269 0.81292
FE 0.43758 0.43770 0.81251
FE 0.43771 0.31268 0.93748
FE 0.31264 0.43777 0.93752
FE 0.31260 0.56254 0.06242
FE 0.43769 0.68736 0.06247
FE 0.43758 0.56256 0.18749
FE 0.31264 0.68745 0.18749
FE 0.31271 0.56269 0.31247
FE 0.43757 0.68753 0.31249
FE 0.43754 0.56254 0.43754
FE 0.31267 0.68768 0.43758
FE 0.31270 0.56269 0.56252
FE 0.43754 0.68757 0.56249
FE 0.43754 0.56256 0.68757
FE 0.31256 0.68753 0.68750
FE 0.31257 0.56254 0.81251
FE 0.43757 0.68750 0.81246
FE 0.43757 0.56254 0.93749
FE 0.31261 0.68742 0.93752
FE 0.31281 0.81225 0.06246
FE 0.43765 0.93744 0.06246
FE 0.43772 0.81229 0.18754
FE 0.31312 0.93713 0.18799
FE 0.31273 0.81230 0.31265
FE 0.43787 0.93739 0.31275
FE 0.43758 0.81243 0.43758
FE 0.31293 0.93725 0.43786
FE 0.31259 0.81242 0.56251
FE 0.43758 0.93736 0.56249
FE 0.43758 0.81243 0.68749
FE 0.31283 0.93739 0.68719
FE 0.31269 0.81229 0.81229
FE 0.43787 0.93744 0.81220
FE 0.43772 0.81229 0.93748
FE 0.31309 0.93716 0.93700
FE 0.56242 0.06243 0.06242
FE 0.68712 0.18752 0.06214
FE 0.68714 0.06230 0.18747
FE 0.56213 0.18749 0.18731
FE 0.56228 0.06229 0.31259
FE 0.68658 0.18728 0.31228
FE 0.68657 0.06225 0.43816
FE 0.56235 0.18758 0.43758
FE 0.56228 0.06228 0.56252
FE 0.68686 0.18730 0.56300
FE 0.68668 0.06230 0.68708
FE 0.56213 0.18757 0.68775
FE 0.56242 0.06243 0.81238
FE 0.68687 0.18753 0.81254
FE 0.68726 0.06242 0.93736
FE 0.56242 0.18746 0.93745
FE 0.56186 0.31253 0.06186
FE 0.68707 0.43781 0.06213
FE 0.68632 0.31269 0.18655
FE 0.56213 0.43767 0.18725
FE 0.56230 0.31255 0.31240
FE 0.68689 0.43792 0.31201
FE 0.68728 0.31252 0.43759
FE 0.56235 0.43762 0.43754
FE 0.56230 0.31253 0.56262
FE 0.68692 0.43788 0.56300
FE 0.68645 0.31254 0.68846
FE 0.56213 0.43764 0.68780
FE 0.56186 0.31256 0.81304
FE 0.68718 0.43766 0.81281
FE 0.68717 0.31269 0.93748
FE 0.56242 0.43770 0.93751
FE 0.56242 0.56254 0.06242
FE 0.68733 0.68738 0.06243
FE 0.68727 0.56268 0.18735
FE 0.56243 0.68753 0.18751
FE 0.56228 0.56268 0.31246
FE 0.68736 0.68760 0.31251
FE 0.68720 0.56271 0.43754
FE 0.56231 0.68771 0.43754
FE 0.56228 0.56268 0.56252
FE 0.68740 0.68764 0.56248
FE 0.68731 0.56268 0.68770
FE 0.56242 0.68757 0.68754
FE 0.56242 0.56254 0.81251
FE 0.68744 0.68753 0.81250
FE 0.68741 0.56256 0.93749
FE 0.56247 0.68749 0.93751
FE 0.56246 0.81243 0.06246
FE 0.68736 0.93740 0.06243
FE 0.68730 0.81228 0.18754
FE 0.56243 0.93744 0.18757
FE 0.56242 0.81241 0.31251
FE 0.68704 0.93731 0.31277
FE 0.68740 0.81243 0.43758
FE 0.56231 0.93722 0.43758
FE 0.56243 0.81244 0.56250
FE 0.68735 0.93729 0.56248
FE 0.68743 0.81243 0.68749
FE 0.56242 0.93736 0.68749
FE 0.56246 0.81241 0.81243
FE 0.68714 0.93740 0.81224
FE 0.68730 0.81229 0.93748
FE 0.56247 0.93747 0.93745
FE 0.81221 0.06226 0.06226
FE 0.93462 0.19011 0.06234
FE 0.93327 0.06210 0.19118
FE 0.81140 0.18751 0.18746
FE 0.81110 0.06164 0.31306
FE 0.93698 0.18503 0.31037
FE 0.93741 0.06203 0.43773
FE 0.80949 0.18479 0.43784
FE 0.81193 0.06166 0.56287
FE 0.93745 0.18472 0.56535
FE 0.93737 0.06222 0.68767
FE 0.81167 0.18727 0.68778
FE 0.81142 0.06227 0.81166
FE 0.93700 0.18780 0.81201
FE 0.93335 0.06239 0.93336
FE 0.81181 0.18783 0.93699
FE 0.81203 0.31272 0.06230
FE 0.93751 0.43764 0.06236
FE 0.93719 0.31326 0.18776
FE 0.81188 0.43798 0.18695
FE 0.80820 0.31266 0.30860
FE 0.93753 0.44034 0.30981
PD 0.93748 0.31270 0.43771
FE 0.80969 0.44025 0.43758
FE 0.80836 0.31254 0.56662
FE 0.93752 0.44029 0.56540
FE 0.93750 0.31268 0.68755
FE 0.81193 0.43793 0.68808
FE 0.81214 0.31267 0.81246
FE 0.93752 0.43773 0.81249
FE 0.93712 0.31332 0.93712
FE 0.81229 0.43770 0.93753
FE 0.81237 0.56268 0.06229
FE 0.93751 0.68769 0.06231
FE 0.93748 0.56271 0.18725
FE 0.81236 0.68753 0.18741
FE 0.81207 0.56331 0.31212
FE 0.93752 0.68744 0.31259
FE 0.93751 0.56287 0.43758
FE 0.81244 0.68751 0.43758
FE 0.81208 0.56332 0.56288
FE 0.93751 0.68751 0.56248
FE 0.93750 0.56272 0.68779
FE 0.81245 0.68761 0.68758
FE 0.81241 0.56269 0.81265
FE 0.93752 0.68760 0.81253
FE 0.93748 0.56254 0.93749
FE 0.81235 0.68746 0.93752
FE 0.81212 0.81224 0.06242
FE 0.93465 0.93449 0.06230
FE 0.93712 0.81165 0.18786
FE 0.81188 0.93707 0.18792
FE 0.81223 0.81229 0.31263
FE 0.93700 0.93715 0.31306
FE 0.93749 0.81228 0.43772
FE 0.81217 0.93741 0.43788
FE 0.81237 0.81241 0.56252
FE 0.93745 0.93744 0.56249
FE 0.93748 0.81228 0.68739
FE 0.81218 0.93732 0.68728
FE 0.81224 0.81229 0.81233
FE 0.93699 0.93697 0.81205
FE 0.93712 0.81164 0.93711
FE 0.81186 0.93712 0.93699
