256
Lattice="13.702 0.0 -0.0 0.0 14.42779494 0.0 -0.0 0.0 13.702"
PD 0.06249 0.06250 0.06250
FE 0.18983 0.18974 0.06247
FE 0.19093 0.06244 0.19088
FE 0.06256 0.18973 0.18972
FE 0.06256 0.06222 0.31258
FE 0.18772 0.18752 0.31250
FE 0.18740 0.06265 0.43758
FE 0.06481 0.18528 0.43753
FE 0.06257 0.06221 0.56257
FE 0.18764 0.18751 0.56258
FE 0.18755 0.06245 0.68748
FE 0.06258 0.18750 0.68761
FE 0.06247 0.06247 0.81229
FE 0.18761 0.18754 0.81237
FE 0.19090 0.06248 0.93411
FE 0.06250 0.18974 0.93519
FE 0.06249 0.31269 0.06242
FE 0.18746 0.43749 0.06248
FE 0.18747 0.31274 0.18773
FE 0.06258 0.43751 0.18735
FE 0.06589 0.31232 0.30898
FE 0.18763 0.43752 0.31238
FE 0.18770 0.31249 0.43752
FE 0.06480 0.43977 0.43755
FE 0.06590 0.31249 0.56589
FE 0.18763 0.43753 0.56258
FE 0.18738 0.31249 0.68738
FE 0.06258 0.43756 0.68760
FE 0.06249 0.31231 0.81267
FE 0.18751 0.43750 0.81250
FE 0.18763 0.31275 0.93743
FE 0.06249 0.43750 0.93757
FE 0.06248 0.56249 0.06248
FE 0.18746 0.68754 0.06248
FE 0.18755 0.56251 0.18750
FE 0.06248 0.68753 0.18748
FE 0.06257 0.56275 0.31241
FE 0.18750 0.68752 0.31247
FE 0.18739 0.56231 0.43751
FE 0.06243 0.68747 0.43754
FE 0.06257 0.56275 0.56258
FE 0.18750 0.68751 0.56248
FE 0.18754 0.56251 0.68755
FE 0.06248 0.68748 0.68747
FE 0.06248 0.56249 0.81247
FE 0.18751 0.68753 0.81250
FE 0.18753 0.56247 0.93751
FE 0.06248 0.68754 0.93757
FE 0.06248 0.81227 0.06249
FE 0.18982 0.93529 0.06248
FE 0.18760 0.81221 0.18761
FE 0.06248 0.93531 0.18984
FE 0.06250 0.81265 0.31235
FE 0.18760 0.93752 0.31260
FE 0.18753 0.81247 0.43752
FE 0.06243 0.93756 0.43754
FE 0.06249 0.81247 0.56249
FE 0.18751 0.93754 0.56248
FE 0.18751 0.81247 0.68751
FE 0.06248 0.93755 0.68748
FE 0.06248 0.81265 0.81260
FE 0.18761 0.93751 0.81237
FE 0.18760 0.81221 0.93743
FE 0.06249 0.93529 0.93520
FE 0.31268 0.06249 0.06249
FE 0.43754 0.18749 0.06251
FE 0.43758 0.06249 0.18752
FE 0.31260 0.18754 0.18761
FE 0.31236 0.06247 0.31236
FE 0.43752 0.18752 0.31247
FE 0.43761 0.06248 0.43761
FE 0.31250 0.18753 0.43752
FE 0.31252 0.06247 0.56247
FE 0.43749 0.18754 0.56249
FE 0.43761 0.06249 0.68742
FE 0.31249 0.18752 0.68751
FE 0.31235 0.06249 0.81261
FE 0.43752 0.18750 0.81246
FE 0.43758 0.06247 0.93751
FE 0.31257 0.18752 0.93742
FE 0.31246 0.31231 0.06238
FE 0.43755 0.43756 0.06251
FE 0.43752 0.31249 0.18748
FE 0.31248 0.43750 0.18752
FE 0.31257 0.31251 0.31250
FE 0.43752 0.43752 0.31247
FE 0.43751 0.31248 0.43751
FE 0.31251 0.43751 0.43752
FE 0.31255 0.31247 0.56249
FE 0.43752 0.43752 0.56249
FE 0.43751 0.31248 0.68755
FE 0.31249 0.43752 0.68751
FE 0.31261 0.31251 0.81256
FE 0.43752 0.43753 0.81246
FE 0.43752 0.31249 0.93753
FE 0.31244 0.43752 0.93752
FE 0.31250 0.56248 0.06249
FE 0.43754 0.68749 0.06248
FE 0.43751 0.56248 0.18751
FE 0.31248 0.68753 0.18751
FE 0.31249 0.56249 0.31249
FE 0.43752 0.68752 0.31249
FE 0.43752 0.56249 0.43752
FE 0.31251 0.68755 0.43752
FE 0.31249 0.56249 0.56248
FE 0.43752 0.68752 0.56248
FE 0.43752 0.56248 0.68752
FE 0.31249 0.68752 0.68751
FE 0.31248 0.56248 0.81248
FE 0.43752 0.68752 0.81248
FE 0.43751 0.56249 0.93752
FE 0.31247 0.68753 0.93752
FE 0.31236 0.81265 0.06248
FE 0.43754 0.93753 0.06248
FE 0.43752 0.81247 0.18751
FE 0.31260 0.93751 0.18761
FE 0.31250 0.81245 0.31251
FE 0.43752 0.93753 0.31248
FE 0.43751 0.81249 0.43751
FE 0.31251 0.93750 0.43752
FE 0.31248 0.81249 0.56248
FE 0.43749 0.93751 0.56248
FE 0.43751 0.81248 0.68752
FE 0.31248 0.93752 0.68751
FE 0.31251 0.81245 0.81246
FE 0.43752 0.93753 0.81249
FE 0.43752 0.81247 0.93752
FE 0.31260 0.93751 0.93742
FE 0.56249 0.06249 0.06249
FE 0.68750 0.18751 0.06248
FE 0.68743 0.06245 0.18750
FE 0.56248 0.18752 0.18753
FE 0.56248 0.06247 0.31252
FE 0.68740 0.18750 0.31239
FE 0.68754 0.06265 0.43762
FE 0.56246 0.18755 0.43749
FE 0.56248 0.06247 0.56247
FE 0.68743 0.18752 0.56258
FE 0.68740 0.06245 0.68744
FE 0.56248 0.18754 0.68754
FE 0.56249 0.06248 0.81245
FE 0.68751 0.18752 0.81249
FE 0.68745 0.06249 0.93751
FE 0.56251 0.18750 0.93751
FE 0.56239 0.31248 0.06239
FE 0.68749 0.43754 0.06248
FE 0.68764 0.31249 0.18764
FE 0.56248 0.43752 0.18752
FE 0.56242 0.31248 0.31248
FE 0.68740 0.43753 0.31239
FE 0.68732 0.31247 0.43751
FE 0.56246 0.43751 0.43752
FE 0.56242 0.31249 0.56249
FE 0.68740 0.43753 0.56258
FE 0.68765 0.31247 0.68739
FE 0.56248 0.43751 0.68751
FE 0.56239 0.31247 0.81258
FE 0.68752 0.43752 0.81249
FE 0.68748 0.31249 0.93753
FE 0.56251 0.43753 0.93752
FE 0.56249 0.56248 0.06249
FE 0.68749 0.68749 0.06248
FE 0.68750 0.56251 0.18749
FE 0.56248 0.68752 0.18751
FE 0.56248 0.56249 0.31249
FE 0.68752 0.68751 0.31249
FE 0.68764 0.56231 0.43752
FE 0.56246 0.68755 0.43752
FE 0.56248 0.56249 0.56248
FE 0.68753 0.68751 0.56248
FE 0.68749 0.56251 0.68754
FE 0.56248 0.68752 0.68752
FE 0.56249 0.56248 0.81248
FE 0.68751 0.68752 0.81249
FE 0.68752 0.56247 0.93752
FE 0.56248 0.68752 0.93752
FE 0.56248 0.81248 0.06248
FE 0.68749 0.93753 0.06248
FE 0.68751 0.81247 0.18751
FE 0.56248 0.93752 0.18753
FE 0.56249 0.81249 0.31249
FE 0.68752 0.93754 0.31248
FE 0.68750 0.81249 0.43751
FE 0.56246 0.93748 0.43749
FE 0.56249 0.81247 0.56248
FE 0.68756 0.93752 0.56248
FE 0.68752 0.81249 0.68752
FE 0.56248 0.93751 0.68754
FE 0.56248 0.81249 0.81248
FE 0.68751 0.93753 0.81249
FE 0.68751 0.81247 0.93752
FE 0.56248 0.93752 0.93751
FE 0.81230 0.06247 0.06248
FE 0.93520 0.18974 0.06246
FE 0.93411 0.06265 0.19102
FE 0.81228 0.18752 0.18750
FE 0.81253 0.06222 0.31226
FE 0.93743 0.18530 0.31029
FE 0.93751 0.06227 0.43758
FE 0.81017 0.18529 0.43752
FE 0.81237 0.06221 0.56257
FE 0.93750 0.18528 0.56481
FE 0.93751 0.06265 0.68733
FE 0.81239 0.18750 0.68763
FE 0.81262 0.06247 0.81262
FE 0.93742 0.18754 0.81239
FE 0.93410 0.06248 0.93411
FE 0.81236 0.18753 0.93742
FE 0.81259 0.31231 0.06242
FE 0.93757 0.43748 0.06246
FE 0.93744 0.31274 0.18741
FE 0.81240 0.43752 0.18740
FE 0.80907 0.31250 0.30912
FE 0.93753 0.43973 0.31016
PD 0.93751 0.31254 0.43750
FE 0.81017 0.43974 0.43753
FE 0.80910 0.31248 0.56589
FE 0.93752 0.43973 0.56480
FE 0.93753 0.31249 0.68771
FE 0.81239 0.43753 0.68763
FE 0.81245 0.31251 0.81252
FE 0.93752 0.43749 0.81252
FE 0.93743 0.31275 0.93743
FE 0.81249 0.43750 0.93752
FE 0.81247 0.56249 0.06248
FE 0.93757 0.68757 0.06246
FE 0.93751 0.56231 0.18765
FE 0.81250 0.68752 0.18753
FE 0.81240 0.56275 0.31239
FE 0.93752 0.68751 0.31252
FE 0.93752 0.56269 0.43751
FE 0.81254 0.68750 0.43752
FE 0.81240 0.56275 0.56257
FE 0.93752 0.68750 0.56243
FE 0.93752 0.56231 0.68740
FE 0.81249 0.68751 0.68750
FE 0.81249 0.56249 0.81249
FE 0.93752 0.68756 0.81253
FE 0.93751 0.56249 0.93751
FE 0.81250 0.68753 0.93752
FE 0.81261 0.81265 0.06249
FE 0.93520 0.93526 0.06246
FE 0.93743 0.81221 0.18759
FE 0.81237 0.93752 0.18762
FE 0.81245 0.81245 0.31250
FE 0.93742 0.93753 0.31265
FE 0.93752 0.81247 0.43752
FE 0.81254 0.93755 0.43752
FE 0.81247 0.81249 0.56249
FE 0.93751 0.93754 0.56243
FE 0.93752 0.81247 0.68753
FE 0.81249 0.93754 0.68750
FE 0.81246 0.81245 0.81245
FE 0.93742 0.93748 0.81240
FE 0.93743 0.81221 0.93743
FE 0.81237 0.93751 0.93742
