256
Lattice="13.68284 -0.0 0.0 -0.0 14.463446022000001 0.0006841420000000001 0.0 0.0005473136000000001 13.6870816804"
PD 0.06251 0.06016 0.06506
FE 0.19340 0.18986 0.06633
FE 0.19238 0.06229 0.19233
FE 0.06247 0.19026 0.19076
FE 0.06247 0.06238 0.31283
FE 0.18820 0.18789 0.31329
FE 0.18772 0.06243 0.43769
FE 0.06248 0.18761 0.43766
FE 0.06248 0.06239 0.56234
FE 0.18772 0.18757 0.56231
FE 0.18820 0.06211 0.68671
FE 0.06247 0.18762 0.68717
FE 0.06247 0.05974 0.80924
FE 0.19238 0.18771 0.80767
FE 0.19340 0.06014 0.93367
PD 0.06251 0.18984 0.93494
FE 0.06247 0.31574 0.06534
FE 0.18798 0.43845 0.06291
FE 0.18838 0.31370 0.18852
FE 0.06248 0.43783 0.18789
FE 0.06248 0.31280 0.31292
FE 0.18757 0.43783 0.31279
FE 0.18764 0.31274 0.43772
FE 0.06248 0.43778 0.43770
FE 0.06248 0.31264 0.56237
FE 0.18759 0.43779 0.56226
FE 0.18812 0.31305 0.68668
FE 0.06248 0.43800 0.68697
FE 0.06247 0.31582 0.80922
FE 0.18800 0.43854 0.81194
FE 0.19077 0.31616 0.93729
FE 0.06247 0.43804 0.93752
FE 0.06248 0.56250 0.06249
FE 0.18757 0.68750 0.06251
FE 0.18756 0.56261 0.18769
FE 0.06248 0.68751 0.18759
FE 0.06248 0.56267 0.31271
FE 0.18756 0.68740 0.31265
FE 0.18757 0.56253 0.43758
FE 0.06248 0.68731 0.43772
FE 0.06248 0.56269 0.56228
FE 0.18757 0.68747 0.56242
FE 0.18756 0.56260 0.68735
FE 0.06248 0.68733 0.68729
FE 0.06248 0.56249 0.81241
FE 0.18756 0.68739 0.81231
FE 0.18757 0.56250 0.93749
FE 0.06248 0.68750 0.93751
FE 0.06247 0.81196 0.06248
FE 0.19077 0.93384 0.06271
FE 0.18800 0.81146 0.18806
FE 0.06247 0.93418 0.19078
FE 0.06248 0.81200 0.31303
FE 0.18812 0.93695 0.31332
FE 0.18759 0.81221 0.43774
FE 0.06248 0.93736 0.43763
FE 0.06248 0.81222 0.56230
FE 0.18764 0.93726 0.56228
FE 0.18757 0.81217 0.68721
FE 0.06248 0.93720 0.68708
FE 0.06248 0.81217 0.81211
FE 0.18838 0.93630 0.81148
FE 0.18798 0.81155 0.93709
FE 0.06247 0.93426 0.93466
FE 0.31312 0.06215 0.06288
FE 0.43782 0.18759 0.06262
FE 0.43800 0.06238 0.18792
FE 0.31409 0.18790 0.18905
FE 0.31385 0.06240 0.31391
FE 0.43845 0.18761 0.31335
FE 0.43827 0.06234 0.43821
FE 0.31294 0.18762 0.43788
FE 0.31294 0.06238 0.56212
FE 0.43827 0.18766 0.56179
FE 0.43845 0.06239 0.68665
FE 0.31385 0.18760 0.68609
FE 0.31409 0.06210 0.81095
FE 0.43800 0.18762 0.81208
FE 0.43782 0.06241 0.93738
FE 0.31312 0.18785 0.93712
FE 0.31341 0.31305 0.06305
FE 0.43789 0.43789 0.06252
FE 0.43810 0.31277 0.18788
FE 0.31282 0.43786 0.18775
FE 0.31298 0.31277 0.31303
FE 0.43764 0.43763 0.31257
FE 0.43764 0.31266 0.43757
FE 0.31258 0.43764 0.43757
FE 0.31285 0.31265 0.56211
FE 0.43760 0.43759 0.56241
FE 0.43795 0.31263 0.68716
FE 0.31273 0.43777 0.68726
FE 0.31329 0.31305 0.81176
FE 0.43779 0.43778 0.81240
FE 0.43781 0.31273 0.93750
FE 0.31294 0.43789 0.93753
FE 0.31267 0.56260 0.06247
FE 0.43776 0.68733 0.06251
FE 0.43763 0.56252 0.18758
FE 0.31264 0.68739 0.18755
FE 0.31254 0.56252 0.31256
FE 0.43760 0.68747 0.31252
FE 0.43755 0.56249 0.43754
FE 0.31253 0.68747 0.43757
FE 0.31253 0.56253 0.56243
FE 0.43755 0.68751 0.56246
FE 0.43760 0.56253 0.68748
FE 0.31254 0.68748 0.68744
FE 0.31264 0.56261 0.81245
FE 0.43763 0.68748 0.81242
FE 0.43776 0.56267 0.93749
FE 0.31267 0.68740 0.93753
FE 0.31294 0.81211 0.06247
FE 0.43781 0.93727 0.06250
FE 0.43779 0.81222 0.18760
FE 0.31329 0.93695 0.18824
FE 0.31273 0.81223 0.31274
FE 0.43795 0.93737 0.31284
FE 0.43760 0.81241 0.43759
FE 0.31285 0.93735 0.43789
FE 0.31258 0.81236 0.56243
FE 0.43764 0.93734 0.56243
FE 0.43764 0.81237 0.68743
FE 0.31298 0.93723 0.68697
FE 0.31282 0.81214 0.81225
FE 0.43810 0.93723 0.81212
FE 0.43789 0.81211 0.93748
FE 0.31341 0.93695 0.93695
FE 0.56248 0.06243 0.06255
FE 0.68722 0.18759 0.06263
FE 0.68704 0.06239 0.18792
FE 0.56247 0.18757 0.18776
FE 0.56248 0.06236 0.31268
FE 0.68657 0.18760 0.31336
FE 0.68677 0.06235 0.43820
FE 0.56248 0.18764 0.43760
FE 0.56248 0.06236 0.56240
FE 0.68677 0.18765 0.56180
FE 0.68657 0.06240 0.68664
FE 0.56248 0.18764 0.68732
FE 0.56247 0.06243 0.81224
FE 0.68704 0.18761 0.81208
FE 0.68722 0.06241 0.93737
FE 0.56248 0.18757 0.93745
FE 0.56248 0.31257 0.06255
FE 0.68717 0.43789 0.06253
FE 0.68694 0.31278 0.18788
FE 0.56248 0.43765 0.18761
FE 0.56248 0.31267 0.31260
FE 0.68741 0.43763 0.31257
FE 0.68741 0.31266 0.43757
FE 0.56248 0.43759 0.43754
FE 0.56248 0.31266 0.56242
FE 0.68745 0.43759 0.56241
FE 0.68709 0.31263 0.68715
FE 0.56248 0.43761 0.68744
FE 0.56248 0.31260 0.81234
FE 0.68726 0.43778 0.81241
FE 0.68723 0.31273 0.93750
FE 0.56248 0.43762 0.93751
FE 0.56248 0.56253 0.06249
FE 0.68729 0.68732 0.06251
FE 0.68742 0.56252 0.18758
FE 0.56248 0.68748 0.18756
FE 0.56248 0.56249 0.31251
FE 0.68745 0.68747 0.31252
FE 0.68750 0.56249 0.43754
FE 0.56248 0.68751 0.43754
FE 0.56248 0.56249 0.56246
FE 0.68750 0.68751 0.56246
FE 0.68745 0.56253 0.68748
FE 0.56248 0.68751 0.68749
FE 0.56248 0.56252 0.81244
FE 0.68742 0.68748 0.81242
FE 0.68729 0.56268 0.93749
FE 0.56248 0.68747 0.93751
FE 0.56248 0.81238 0.06249
FE 0.68723 0.93727 0.06250
FE 0.68726 0.81222 0.18759
FE 0.56248 0.93740 0.18766
FE 0.56248 0.81239 0.31256
FE 0.68709 0.93737 0.31285
FE 0.68745 0.81241 0.43759
FE 0.56248 0.93734 0.43758
FE 0.56248 0.81241 0.56246
FE 0.68741 0.93734 0.56243
FE 0.68741 0.81237 0.68743
FE 0.56248 0.93733 0.68740
FE 0.56248 0.81235 0.81239
FE 0.68694 0.93722 0.81212
FE 0.68717 0.81211 0.93747
FE 0.56248 0.93743 0.93745
FE 0.81183 0.06215 0.06287
FE 0.93167 0.18987 0.06634
FE 0.93262 0.06227 0.19233
FE 0.81091 0.18792 0.18904
FE 0.81114 0.06240 0.31391
FE 0.93683 0.18788 0.31330
FE 0.93732 0.06243 0.43769
FE 0.81201 0.18762 0.43789
FE 0.81201 0.06238 0.56211
FE 0.93732 0.18757 0.56231
FE 0.93683 0.06212 0.68670
FE 0.81114 0.18760 0.68609
FE 0.81091 0.06208 0.81096
FE 0.93262 0.18773 0.80767
FE 0.93167 0.06013 0.93366
FE 0.81183 0.18785 0.93713
FE 0.81156 0.31304 0.06305
FE 0.93707 0.43845 0.06291
FE 0.93664 0.31371 0.18852
FE 0.81214 0.43786 0.18775
FE 0.81199 0.31277 0.31303
FE 0.93748 0.43784 0.31279
FE 0.93741 0.31274 0.43772
FE 0.81238 0.43764 0.43757
FE 0.81210 0.31264 0.56210
FE 0.93746 0.43779 0.56226
FE 0.93690 0.31306 0.68667
FE 0.81223 0.43778 0.68726
FE 0.81167 0.31304 0.81174
FE 0.93706 0.43854 0.81195
FE 0.93415 0.31615 0.93730
FE 0.81201 0.43790 0.93753
FE 0.81229 0.56260 0.06247
FE 0.93748 0.68750 0.06251
FE 0.93749 0.56261 0.18769
FE 0.81232 0.68739 0.18755
FE 0.81242 0.56252 0.31256
FE 0.93749 0.68740 0.31265
FE 0.93748 0.56253 0.43758
FE 0.81243 0.68748 0.43757
FE 0.81243 0.56252 0.56243
FE 0.93748 0.68747 0.56242
FE 0.93749 0.56260 0.68735
FE 0.81242 0.68748 0.68744
FE 0.81232 0.56261 0.81245
FE 0.93749 0.68739 0.81231
FE 0.93748 0.56250 0.93749
FE 0.81229 0.68740 0.93753
FE 0.81201 0.81210 0.06247
FE 0.93415 0.93385 0.06270
FE 0.93706 0.81146 0.18805
FE 0.81167 0.93696 0.18826
FE 0.81223 0.81222 0.31274
FE 0.93690 0.93694 0.31333
FE 0.93746 0.81221 0.43774
FE 0.81210 0.93736 0.43790
FE 0.81238 0.81236 0.56243
FE 0.93741 0.93726 0.56228
FE 0.93748 0.81216 0.68721
FE 0.81199 0.93723 0.68697
FE 0.81214 0.81214 0.81225
FE 0.93664 0.93629 0.81148
FE 0.93707 0.81155 0.93709
FE 0.81156 0.93696 0.93695
