32
Lattice="6.88485 0.0 0.0 0.0 7.2619332345 0.0 0.0 0.0 6.88485"
PD 0.00000 0.00000 0.00000
FE 0.25523 0.25516 0.00000
FE 0.25708 0.00000 0.25708
FE 0.00000 0.25516 0.25523
FE 0.00000 0.00000 0.50000
FE 0.25049 0.25089 0.50000
FE 0.25708 0.00000 0.74292
FE 0.00000 0.25516 0.74477
FE 0.00000 0.50000 0.00000
FE 0.25523 0.74484 0.00000
FE 0.25080 0.50000 0.25080
FE 0.00000 0.74484 0.25523
FE 0.00000 0.50000 0.50000
FE 0.25049 0.74911 0.50000
FE 0.25080 0.50000 0.74920
FE 0.00000 0.74484 0.74477
FE 0.50000 0.00000 0.00000
FE 0.74477 0.25516 0.00000
FE 0.74292 0.00000 0.25708
FE 0.50000 0.25089 0.25049
FE 0.50000 0.00000 0.50000
FE 0.74951 0.25089 0.50000
FE 0.74292 0.00000 0.74292
FE 0.50000 0.25089 0.74951
FE 0.50000 0.50000 0.00000
FE 0.74477 0.74484 0.00000
FE 0.74920 0.50000 0.25080
FE 0.50000 0.74911 0.25049
FE 0.50000 0.50000 0.50000
FE 0.74951 0.74911 0.50000
FE 0.74920 0.50000 0.74920
FE 0.50000 0.74911 0.74951
