32
Lattice="7.04061 -0.00028162440000000004 -0.0004928427 -0.00028162440000000004 7.392147657300001 -0.00028162440000000004 -0.0004928427 -0.00028162440000000004 7.04061"
PD -0.00441 -0.00379 -0.00441
PD 0.25693 0.25632 -0.00453
PD 0.25782 -0.00364 0.25782
PD -0.00453 0.25632 0.25693
FE -0.00243 -0.00148 0.50367
FE 0.25299 0.25256 0.50412
FE 0.25713 -0.00118 0.74191
FE -0.00203 0.25520 0.74295
FE -0.00165 0.50297 -0.00165
FE 0.25534 0.74368 -0.00136
FE 0.25246 0.50325 0.25246
FE -0.00136 0.74368 0.25534
FE -0.00028 0.50174 0.50191
FE 0.25060 0.74741 0.50164
FE 0.25097 0.50151 0.74756
FE -0.00026 0.74492 0.74479
FE 0.50367 -0.00148 -0.00243
FE 0.74295 0.25520 -0.00203
FE 0.74191 -0.00118 0.25713
FE 0.50412 0.25256 0.25299
FE 0.50311 0.00006 0.50311
FE 0.74682 0.25085 0.50265
FE 0.74273 0.00004 0.74273
FE 0.50265 0.25085 0.74682
FE 0.50191 0.50174 -0.00028
FE 0.74479 0.74492 -0.00026
FE 0.74756 0.50151 0.25097
FE 0.50164 0.74741 0.25060
FE 0.50026 0.49992 0.50026
FE 0.74938 0.74911 0.50021
FE 0.74902 0.49990 0.74902
FE 0.50021 0.74911 0.74938
