32
Lattice="7.02975 -0.0004920825 -0.0009138674999999999 -0.00056238 7.4005693125 -0.00056238 -0.0009138674999999999 -0.0004920825 7.02975"
PD -0.00936 -0.00764 -0.00936
PD 0.25797 0.25634 -0.00856
PD 0.25785 -0.00682 0.25785
PD -0.00856 0.25634 0.25797
FE -0.00679 -0.00422 0.51016
FE 0.25713 0.25506 0.51027
FE 0.25737 -0.00387 0.73995
FE -0.00626 0.25511 0.73962
FE -0.00477 0.50797 -0.00477
FE 0.25573 0.74188 -0.00443
FE 0.25527 0.50790 0.25527
FE -0.00443 0.74188 0.25573
FE -0.00122 0.50515 0.50579
FE 0.25134 0.74424 0.50547
FE 0.25162 0.50502 0.74398
FE -0.00116 0.74456 0.74391
FE 0.51016 -0.00422 -0.00679
FE 0.73962 0.25511 -0.00626
FE 0.73995 -0.00387 0.25737
FE 0.51027 0.25506 0.25713
FE 0.50855 -0.00048 0.50855
FE 0.74118 0.25118 0.50838
FE 0.74154 -0.00053 0.74154
FE 0.50838 0.25118 0.74118
FE 0.50579 0.50515 -0.00122
FE 0.74391 0.74456 -0.00116
FE 0.74398 0.50502 0.25162
FE 0.50547 0.74424 0.25134
FE 0.50123 0.50053 0.50123
FE 0.74864 0.74884 0.50115
FE 0.74844 0.50052 0.74844
FE 0.50115 0.74884 0.74864
