128
Lattice="13.67994 0.0 0.0 0.0 14.386235302200001 0.0 0.0 0.0 13.67994"
PD 0.06219 0.06259 0.29061
FE 0.19189 0.19153 0.31189
FE 0.18823 0.06246 0.43584
FE 0.06248 0.18740 0.43595
FE 0.06245 0.06244 0.56610
FE 0.18714 0.18690 0.56423
FE 0.18891 0.06241 0.68687
FE 0.06250 0.18580 0.68459
FE 0.06245 0.31286 0.31629
FE 0.18782 0.43668 0.31404
FE 0.18838 0.31319 0.43582
FE 0.06248 0.43707 0.43427
FE 0.06249 0.31215 0.56424
FE 0.18748 0.43742 0.56448
FE 0.18690 0.31205 0.68587
FE 0.06249 0.43791 0.68494
FE 0.06250 0.56253 0.31573
FE 0.18791 0.68839 0.31398
FE 0.18728 0.56250 0.43583
FE 0.06248 0.68799 0.43423
FE 0.06249 0.56249 0.56455
FE 0.18749 0.68762 0.56448
FE 0.18741 0.56249 0.68565
FE 0.06251 0.68712 0.68493
FE 0.06245 0.81207 0.31633
FE 0.19181 0.93343 0.31189
FE 0.18840 0.81178 0.43583
FE 0.06246 0.93763 0.43592
FE 0.06250 0.81281 0.56423
FE 0.18713 0.93808 0.56423
FE 0.18690 0.81291 0.68588
FE 0.06246 0.93912 0.68464
FE 0.31253 0.06245 0.31532
FE 0.43660 0.18749 0.31421
FE 0.43744 0.06249 0.43558
FE 0.31259 0.18788 0.43583
FE 0.31202 0.06246 0.56477
FE 0.43782 0.18729 0.56455
FE 0.43827 0.06243 0.68653
FE 0.31283 0.18719 0.68390
FE 0.31436 0.31388 0.31689
FE 0.43801 0.43814 0.31431
FE 0.43818 0.31267 0.43656
FE 0.31276 0.43787 0.43541
FE 0.31251 0.31265 0.56535
FE 0.43753 0.43760 0.56487
FE 0.43725 0.31255 0.68634
FE 0.31216 0.43770 0.68508
FE 0.31225 0.56248 0.31564
FE 0.43797 0.68691 0.31435
FE 0.43742 0.56249 0.43596
FE 0.31277 0.68718 0.43542
FE 0.31242 0.56248 0.56503
FE 0.43753 0.68744 0.56488
FE 0.43770 0.56247 0.68610
FE 0.31217 0.68732 0.68508
FE 0.31441 0.81122 0.31694
FE 0.43667 0.93756 0.31421
FE 0.43821 0.81231 0.43659
FE 0.31259 0.93717 0.43581
FE 0.31253 0.81230 0.56536
FE 0.43783 0.93773 0.56454
FE 0.43727 0.81241 0.68637
FE 0.31283 0.93778 0.68388
FE 0.56251 0.06252 0.31552
FE 0.68843 0.18756 0.31417
FE 0.68758 0.06249 0.43559
FE 0.56249 0.18743 0.43462
FE 0.56247 0.06248 0.56504
FE 0.68718 0.18731 0.56457
FE 0.68675 0.06249 0.68650
FE 0.56245 0.18775 0.68508
FE 0.56247 0.31228 0.31524
FE 0.68704 0.43812 0.31433
FE 0.68685 0.31268 0.43655
FE 0.56249 0.43761 0.43563
FE 0.56247 0.31251 0.56579
FE 0.68752 0.43760 0.56488
FE 0.68775 0.31254 0.68635
FE 0.56249 0.43758 0.68523
FE 0.56250 0.56251 0.31572
FE 0.68705 0.68693 0.31437
FE 0.68762 0.56249 0.43596
FE 0.56248 0.68745 0.43564
FE 0.56249 0.56248 0.56496
FE 0.68751 0.68745 0.56488
FE 0.68735 0.56249 0.68610
FE 0.56249 0.68744 0.68523
FE 0.56248 0.81271 0.31524
FE 0.68839 0.93753 0.31418
FE 0.68683 0.81232 0.43658
FE 0.56249 0.93765 0.43464
FE 0.56248 0.81244 0.56582
FE 0.68721 0.93774 0.56456
FE 0.68777 0.81240 0.68638
FE 0.56250 0.93725 0.68505
FE 0.81242 0.06247 0.31535
FE 0.93307 0.19149 0.31191
FE 0.93676 0.06248 0.43583
FE 0.81234 0.18789 0.43585
FE 0.81294 0.06249 0.56475
FE 0.93787 0.18692 0.56424
FE 0.93603 0.06249 0.68687
FE 0.81215 0.18724 0.68390
FE 0.81071 0.31390 0.31693
FE 0.93719 0.43671 0.31405
FE 0.93662 0.31319 0.43586
FE 0.81221 0.43789 0.43544
FE 0.81243 0.31266 0.56538
FE 0.93756 0.43742 0.56450
FE 0.93816 0.31204 0.68590
FE 0.81282 0.43769 0.68509
FE 0.81275 0.56250 0.31565
FE 0.93716 0.68836 0.31400
FE 0.93776 0.56250 0.43584
FE 0.81222 0.68718 0.43544
FE 0.81256 0.56248 0.56504
FE 0.93757 0.68762 0.56449
FE 0.93764 0.56250 0.68566
FE 0.81282 0.68732 0.68508
FE 0.81068 0.81117 0.31701
FE 0.93313 0.93345 0.31189
FE 0.93663 0.81179 0.43589
FE 0.81237 0.93718 0.43584
FE 0.81242 0.81230 0.56539
FE 0.93787 0.93809 0.56426
FE 0.93814 0.81287 0.68589
FE 0.81214 0.93779 0.68392
