32
Lattice="6.88537 0.0 0.0 0.0 7.264960448099999 0.0 0.0 0.0 6.88537"
PD 0.00000 0.00000 0.00000
FE 0.25519 0.25507 0.00000
FE 0.25715 0.00000 0.25715
FE 0.00000 0.25507 0.25519
FE 0.00000 0.00000 0.50000
FE 0.25048 0.25079 0.50000
FE 0.25715 0.00000 0.74285
FE 0.00000 0.25507 0.74481
FE 0.00000 0.50000 0.00000
FE 0.25519 0.74493 0.00000
FE 0.25071 0.50000 0.25071
FE 0.00000 0.74493 0.25519
FE 0.00000 0.50000 0.50000
FE 0.25048 0.74921 0.50000
FE 0.25071 0.50000 0.74929
FE 0.00000 0.74493 0.74481
FE 0.50000 0.00000 0.00000
FE 0.74481 0.25507 0.00000
FE 0.74285 0.00000 0.25715
FE 0.50000 0.25079 0.25048
FE 0.50000 0.00000 0.50000
FE 0.74952 0.25079 0.50000
FE 0.74285 0.00000 0.74285
FE 0.50000 0.25079 0.74952
FE 0.50000 0.50000 0.00000
FE 0.74481 0.74493 0.00000
FE 0.74929 0.50000 0.25071
FE 0.50000 0.74921 0.25048
FE 0.50000 0.50000 0.50000
FE 0.74952 0.74921 0.50000
FE 0.74929 0.50000 0.74929
FE 0.50000 0.74921 0.74952
