32
Lattice="6.88626 0.0 0.0 0.0 7.2572916888 0.0 0.0 0.0 6.88626"
PD -0.00622 -0.00286 0.00613
FE 0.25521 0.25520 0.00000
FE 0.25703 0.00000 0.25703
FE 0.00000 0.25520 0.25521
FE 0.00000 0.00000 0.50000
FE 0.25049 0.25094 0.50000
FE 0.25703 0.00000 0.74297
FE 0.00000 0.25520 0.74479
FE 0.00000 0.50000 0.00000
FE 0.25521 0.74480 0.00000
FE 0.25085 0.50000 0.25085
FE 0.00000 0.74480 0.25521
FE 0.00000 0.50000 0.50000
FE 0.25049 0.74906 0.50000
FE 0.25085 0.50000 0.74915
FE 0.00000 0.74480 0.74479
FE 0.50000 0.00000 0.00000
FE 0.74479 0.25520 0.00000
FE 0.74297 0.00000 0.25703
FE 0.50000 0.25094 0.25049
FE 0.50000 0.00000 0.50000
FE 0.74951 0.25094 0.50000
FE 0.74297 0.00000 0.74297
FE 0.50000 0.25094 0.74951
FE 0.50000 0.50000 0.00000
FE 0.74479 0.74480 0.00000
FE 0.74915 0.50000 0.25085
FE 0.50000 0.74906 0.25049
FE 0.50000 0.50000 0.50000
FE 0.74951 0.74906 0.50000
FE 0.74915 0.50000 0.74915
FE 0.50000 0.74906 0.74951
