256
Lattice="13.702 0.0 -0.0 0.0 14.42779494 0.0 -0.0 0.0 13.702"
PD 0.06250 0.06251 0.06250
FE 0.18838 0.18835 0.06250
FE 0.18880 0.06248 0.18879
FE 0.06251 0.18836 0.18836
FE 0.06251 0.06242 0.31255
FE 0.18755 0.18751 0.31250
FE 0.18744 0.06257 0.43752
FE 0.06337 0.18666 0.43751
FE 0.06251 0.06242 0.56251
FE 0.18753 0.18752 0.56251
FE 0.18751 0.06248 0.68750
FE 0.06251 0.18751 0.68753
FE 0.06249 0.06249 0.81242
FE 0.18752 0.18750 0.81246
FE 0.18880 0.06249 0.93622
FE 0.06250 0.18835 0.93663
FE 0.06249 0.31257 0.06248
FE 0.18747 0.43750 0.06250
FE 0.18743 0.31257 0.18762
FE 0.06251 0.43749 0.18746
FE 0.06379 0.31241 0.31114
FE 0.18753 0.43749 0.31247
FE 0.18758 0.31249 0.43750
FE 0.06337 0.43836 0.43751
FE 0.06378 0.31249 0.56378
FE 0.18753 0.43750 0.56251
FE 0.18741 0.31249 0.68741
FE 0.06251 0.43750 0.68752
FE 0.06249 0.31241 0.81258
FE 0.18750 0.43750 0.81249
FE 0.18753 0.31257 0.93749
FE 0.06250 0.43750 0.93753
FE 0.06249 0.56249 0.06250
FE 0.18748 0.68752 0.06249
FE 0.18752 0.56250 0.18750
FE 0.06250 0.68751 0.18749
FE 0.06251 0.56257 0.31248
FE 0.18750 0.68751 0.31248
FE 0.18744 0.56241 0.43750
FE 0.06247 0.68749 0.43751
FE 0.06251 0.56257 0.56251
FE 0.18750 0.68750 0.56250
FE 0.18751 0.56250 0.68752
FE 0.06250 0.68749 0.68749
FE 0.06249 0.56249 0.81249
FE 0.18751 0.68751 0.81250
FE 0.18751 0.56249 0.93750
FE 0.06249 0.68752 0.93753
FE 0.06249 0.81242 0.06250
FE 0.18839 0.93667 0.06249
FE 0.18752 0.81242 0.18752
FE 0.06250 0.93667 0.18839
FE 0.06250 0.81257 0.31243
FE 0.18752 0.93753 0.31252
FE 0.18751 0.81250 0.43750
FE 0.06247 0.93753 0.43751
FE 0.06250 0.81249 0.56250
FE 0.18750 0.93752 0.56250
FE 0.18750 0.81250 0.68751
FE 0.06250 0.93752 0.68749
FE 0.06249 0.81257 0.81256
FE 0.18752 0.93752 0.81247
FE 0.18752 0.81242 0.93749
FE 0.06249 0.93667 0.93663
FE 0.31257 0.06249 0.06250
FE 0.43751 0.18749 0.06250
FE 0.43752 0.06249 0.18750
FE 0.31251 0.18750 0.18753
FE 0.31240 0.06249 0.31240
FE 0.43750 0.18751 0.31248
FE 0.43753 0.06249 0.43753
FE 0.31249 0.18752 0.43750
FE 0.31250 0.06250 0.56249
FE 0.43750 0.18751 0.56250
FE 0.43753 0.06249 0.68749
FE 0.31248 0.18751 0.68751
FE 0.31240 0.06249 0.81259
FE 0.43750 0.18750 0.81250
FE 0.43752 0.06249 0.93751
FE 0.31251 0.18749 0.93749
FE 0.31245 0.31241 0.06247
FE 0.43751 0.43752 0.06250
FE 0.43750 0.31249 0.18750
FE 0.31248 0.43750 0.18752
FE 0.31252 0.31250 0.31250
FE 0.43751 0.43751 0.31249
FE 0.43750 0.31249 0.43750
FE 0.31250 0.43750 0.43751
FE 0.31251 0.31249 0.56249
FE 0.43751 0.43751 0.56250
FE 0.43750 0.31249 0.68752
FE 0.31248 0.43751 0.68750
FE 0.31252 0.31250 0.81251
FE 0.43751 0.43751 0.81249
FE 0.43750 0.31249 0.93751
FE 0.31248 0.43750 0.93750
FE 0.31250 0.56249 0.06250
FE 0.43751 0.68750 0.06249
FE 0.43750 0.56249 0.18750
FE 0.31249 0.68751 0.18751
FE 0.31249 0.56249 0.31250
FE 0.43751 0.68751 0.31250
FE 0.43751 0.56249 0.43751
FE 0.31250 0.68751 0.43751
FE 0.31249 0.56249 0.56249
FE 0.43751 0.68751 0.56249
FE 0.43751 0.56249 0.68751
FE 0.31250 0.68751 0.68750
FE 0.31249 0.56249 0.81249
FE 0.43751 0.68751 0.81249
FE 0.43750 0.56249 0.93751
FE 0.31249 0.68751 0.93750
FE 0.31243 0.81257 0.06249
FE 0.43751 0.93752 0.06249
FE 0.43750 0.81249 0.18750
FE 0.31252 0.93752 0.18752
FE 0.31250 0.81248 0.31250
FE 0.43750 0.93751 0.31249
FE 0.43750 0.81249 0.43750
FE 0.31249 0.93750 0.43750
FE 0.31249 0.81249 0.56249
FE 0.43750 0.93750 0.56249
FE 0.43750 0.81249 0.68751
FE 0.31249 0.93751 0.68752
FE 0.31250 0.81248 0.81249
FE 0.43750 0.93751 0.81250
FE 0.43750 0.81249 0.93751
FE 0.31252 0.93752 0.93749
FE 0.56250 0.06249 0.06250
FE 0.68751 0.18750 0.06250
FE 0.68748 0.06248 0.18750
FE 0.56250 0.18751 0.18752
FE 0.56250 0.06249 0.31250
FE 0.68749 0.18752 0.31247
FE 0.68755 0.06257 0.43753
FE 0.56249 0.18752 0.43750
FE 0.56250 0.06249 0.56249
FE 0.68749 0.18752 0.56251
FE 0.68748 0.06248 0.68749
FE 0.56250 0.18751 0.68750
FE 0.56250 0.06249 0.81248
FE 0.68752 0.18751 0.81249
FE 0.68749 0.06249 0.93751
FE 0.56250 0.18750 0.93750
FE 0.56247 0.31249 0.06247
FE 0.68751 0.43751 0.06250
FE 0.68760 0.31249 0.18760
FE 0.56250 0.43751 0.18751
FE 0.56248 0.31249 0.31250
FE 0.68748 0.43750 0.31248
FE 0.68743 0.31249 0.43750
FE 0.56249 0.43750 0.43751
FE 0.56248 0.31249 0.56249
FE 0.68748 0.43750 0.56251
FE 0.68760 0.31249 0.68741
FE 0.56250 0.43751 0.68750
FE 0.56247 0.31249 0.81251
FE 0.68751 0.43751 0.81248
FE 0.68750 0.31249 0.93751
FE 0.56250 0.43751 0.93751
FE 0.56250 0.56249 0.06250
FE 0.68750 0.68750 0.06249
FE 0.68750 0.56250 0.18750
FE 0.56249 0.68751 0.18750
FE 0.56250 0.56249 0.31250
FE 0.68751 0.68750 0.31249
FE 0.68757 0.56241 0.43751
FE 0.56249 0.68751 0.43751
FE 0.56250 0.56249 0.56249
FE 0.68751 0.68750 0.56250
FE 0.68750 0.56250 0.68751
FE 0.56249 0.68751 0.68751
FE 0.56250 0.56249 0.81249
FE 0.68750 0.68751 0.81250
FE 0.68751 0.56249 0.93751
FE 0.56249 0.68751 0.93751
FE 0.56249 0.81249 0.06249
FE 0.68750 0.93752 0.06249
FE 0.68751 0.81250 0.18750
FE 0.56249 0.93751 0.18751
FE 0.56250 0.81249 0.31250
FE 0.68752 0.93752 0.31248
FE 0.68750 0.81249 0.43750
FE 0.56249 0.93750 0.43750
FE 0.56250 0.81249 0.56249
FE 0.68752 0.93751 0.56250
FE 0.68751 0.81249 0.68751
FE 0.56249 0.93750 0.68751
FE 0.56249 0.81249 0.81249
FE 0.68752 0.93751 0.81250
FE 0.68751 0.81249 0.93751
FE 0.56249 0.93751 0.93750
FE 0.81242 0.06250 0.06250
FE 0.93663 0.18836 0.06249
FE 0.93621 0.06257 0.18886
FE 0.81245 0.18751 0.18750
FE 0.81257 0.06242 0.31238
FE 0.93749 0.18665 0.31164
FE 0.93751 0.06242 0.43752
FE 0.81162 0.18666 0.43750
FE 0.81247 0.06242 0.56251
FE 0.93750 0.18666 0.56337
FE 0.93751 0.06257 0.68742
FE 0.81248 0.18752 0.68754
FE 0.81259 0.06250 0.81259
FE 0.93749 0.18751 0.81247
FE 0.93622 0.06249 0.93622
FE 0.81247 0.18750 0.93749
FE 0.81256 0.31241 0.06248
FE 0.93753 0.43749 0.06249
FE 0.93749 0.31257 0.18745
FE 0.81248 0.43749 0.18748
FE 0.81120 0.31250 0.31121
FE 0.93750 0.43834 0.31161
PD 0.93750 0.31251 0.43750
FE 0.81161 0.43835 0.43751
FE 0.81120 0.31249 0.56378
FE 0.93751 0.43835 0.56337
FE 0.93751 0.31249 0.68758
FE 0.81248 0.43750 0.68753
FE 0.81249 0.31250 0.81250
FE 0.93750 0.43749 0.81251
FE 0.93749 0.31257 0.93749
FE 0.81250 0.43750 0.93750
FE 0.81249 0.56249 0.06250
FE 0.93753 0.68752 0.06249
FE 0.93750 0.56241 0.18757
FE 0.81250 0.68751 0.18752
FE 0.81248 0.56257 0.31248
FE 0.93750 0.68751 0.31251
FE 0.93751 0.56257 0.43750
FE 0.81252 0.68750 0.43751
FE 0.81248 0.56257 0.56251
FE 0.93751 0.68750 0.56247
FE 0.93751 0.56241 0.68744
FE 0.81249 0.68750 0.68750
FE 0.81250 0.56249 0.81249
FE 0.93750 0.68752 0.81251
FE 0.93750 0.56249 0.93750
FE 0.81250 0.68752 0.93750
FE 0.81256 0.81257 0.06250
FE 0.93663 0.93666 0.06249
FE 0.93749 0.81242 0.18752
FE 0.81247 0.93753 0.18753
FE 0.81248 0.81248 0.31250
FE 0.93749 0.93753 0.31254
FE 0.93751 0.81250 0.43750
FE 0.81253 0.93752 0.43750
FE 0.81249 0.81249 0.56250
FE 0.93750 0.93752 0.56247
FE 0.93751 0.81250 0.68751
FE 0.81250 0.93752 0.68751
FE 0.81249 0.81248 0.81248
FE 0.93749 0.93751 0.81248
FE 0.93749 0.81242 0.93749
FE 0.81247 0.93752 0.93749
