129
Lattice="13.67994 0.0 0.0 0.0 14.386235302200001 0.0 0.0 0.0 13.67994"
PD 0.50254 0.50961 0.70531
FE 0.41875 0.46218 0.85112
FE 0.54843 0.59044 0.85144
FE 0.54682 0.46235 0.97213
FE 0.42250 0.58834 0.97245
FE 0.42232 0.46231 0.09973
FE 0.54766 0.58789 0.09981
FE 0.54822 0.46181 0.21790
FE 0.42166 0.58831 0.21794
FE 0.42536 0.71054 0.84723
FE 0.54774 0.83543 0.84754
FE 0.54812 0.71346 0.97122
FE 0.42339 0.83696 0.96857
FE 0.42283 0.71343 0.09786
FE 0.54855 0.83885 0.09822
FE 0.54873 0.71434 0.21746
FE 0.42033 0.83920 0.21624
FE 0.42485 0.96171 0.84451
FE 0.54475 0.08827 0.84455
FE 0.54637 0.96198 0.96713
FE 0.42337 0.08809 0.96715
FE 0.42158 0.96283 0.09620
FE 0.54826 0.08721 0.09606
FE 0.54880 0.96345 0.21617
FE 0.42133 0.08655 0.21621
FE 0.42184 0.21406 0.84720
FE 0.54295 0.34092 0.84394
FE 0.54629 0.21357 0.96792
FE 0.42186 0.33715 0.97062
FE 0.42139 0.21128 0.09798
FE 0.54692 0.33677 0.09771
FE 0.54963 0.21090 0.21603
FE 0.42128 0.33567 0.21752
FE 0.66764 0.46622 0.84223
FE 0.79571 0.58834 0.84719
FE 0.79415 0.46249 0.96420
FE 0.67216 0.58816 0.97186
FE 0.67241 0.46214 0.09661
FE 0.79855 0.58723 0.09605
FE 0.79801 0.46252 0.21599
FE 0.67467 0.58764 0.21590
FE 0.67126 0.71149 0.84709
FE 0.79549 0.83722 0.84471
FE 0.79748 0.71314 0.96699
FE 0.67254 0.83783 0.96665
FE 0.67417 0.71318 0.09793
FE 0.79904 0.83780 0.09328
FE 0.80031 0.71313 0.21459
FE 0.67592 0.83981 0.21553
FE 0.66836 0.96133 0.84473
FE 0.79393 0.08780 0.84302
FE 0.79588 0.96333 0.96222
FE 0.67042 0.08740 0.96344
FE 0.67430 0.96277 0.09414
FE 0.79852 0.08790 0.08990
FE 0.80192 0.96331 0.21249
FE 0.67621 0.08688 0.21428
FE 0.66740 0.21292 0.84478
FE 0.79445 0.33841 0.84504
FE 0.79563 0.21275 0.96152
FE 0.67012 0.33794 0.96638
FE 0.67380 0.21271 0.09326
FE 0.79771 0.33847 0.09236
FE 0.79933 0.21162 0.21290
FE 0.67480 0.33663 0.21594
FE 0.92161 0.46317 0.84469
FE 0.04840 0.58684 0.84483
FE 0.04857 0.46306 0.96527
FE 0.92114 0.58678 0.96527
FE 0.92198 0.46271 0.09355
FE 0.04744 0.58716 0.09411
FE 0.04559 0.46228 0.21509
FE 0.92380 0.58753 0.21528
FE 0.92075 0.71050 0.84398
FE 0.04724 0.83600 0.84238
FE 0.04756 0.71154 0.96359
FE 0.92260 0.83699 0.96214
FE 0.92327 0.71215 0.09357
FE 0.04798 0.83704 0.08992
FE 0.04824 0.71271 0.21500
FE 0.92519 0.83860 0.21224
FE 0.92126 0.96261 0.84227
FE 0.04877 0.08739 0.84232
FE 0.04832 0.96151 0.95946
FE 0.92154 0.08860 0.95934
FE 0.92303 0.96247 0.08765
FE 0.04674 0.08765 0.08778
FE 0.04579 0.96294 0.21057
FE 0.92379 0.08725 0.21053
FE 0.92264 0.21407 0.84220
FE 0.04913 0.33953 0.84415
FE 0.04725 0.21313 0.96211
FE 0.92186 0.33854 0.96331
FE 0.92174 0.21303 0.08967
FE 0.04648 0.33783 0.09346
FE 0.04450 0.21144 0.21208
FE 0.92129 0.33718 0.21465
FE 0.17453 0.46169 0.84712
FE 0.30022 0.58548 0.84648
FE 0.29748 0.46200 0.97231
FE 0.17448 0.58758 0.96556
FE 0.17107 0.46261 0.09639
FE 0.29712 0.58800 0.09705
FE 0.29528 0.46231 0.21577
FE 0.17162 0.58733 0.21629
FE 0.17508 0.71193 0.84511
FE 0.30214 0.83707 0.84517
FE 0.29876 0.71260 0.96737
FE 0.17395 0.83735 0.96199
FE 0.17161 0.71166 0.09312
FE 0.29588 0.83746 0.09375
FE 0.29496 0.71342 0.21602
FE 0.17029 0.83853 0.21330
FE 0.17591 0.96216 0.84308
FE 0.30126 0.08870 0.84481
FE 0.29936 0.96271 0.96371
FE 0.17393 0.08675 0.96247
FE 0.17124 0.96221 0.09013
FE 0.29563 0.08723 0.09433
FE 0.29366 0.96323 0.21443
FE 0.16786 0.08679 0.21258
FE 0.17437 0.21288 0.84468
FE 0.29888 0.33859 0.84720
FE 0.29734 0.21221 0.96668
FE 0.17260 0.33693 0.96706
FE 0.17084 0.21224 0.09329
FE 0.29587 0.33681 0.09800
FE 0.29410 0.21018 0.21538
FE 0.16949 0.33677 0.21464
