32
Lattice="7.00434 -0.0002101302 -0.0004202604 -0.0002101302 7.3966530833999995 -0.0002101302 -0.0004202604 -0.0002101302 7.00434"
PD -0.00872 -0.00698 -0.00872
PD 0.25804 0.25625 -0.00837
PD 0.25800 -0.00657 0.25800
PD -0.00837 0.25625 0.25804
FE -0.00696 -0.00469 0.51052
FE 0.25710 0.25520 0.51035
FE 0.25722 -0.00458 0.73973
FE -0.00675 0.25522 0.73951
FE -0.00517 0.50828 -0.00517
FE 0.25571 0.74177 -0.00503
FE 0.25544 0.50804 0.25544
FE -0.00503 0.74177 0.25571
FE -0.00148 0.50546 0.50612
FE 0.25160 0.74415 0.50600
FE 0.25176 0.50553 0.74377
FE -0.00142 0.74416 0.74359
FE 0.51052 -0.00469 -0.00696
FE 0.73951 0.25522 -0.00675
FE 0.73973 -0.00458 0.25722
FE 0.51035 0.25520 0.25710
FE 0.50830 -0.00108 0.50830
FE 0.74157 0.25153 0.50835
FE 0.74157 -0.00106 0.74157
FE 0.50835 0.25153 0.74157
FE 0.50612 0.50546 -0.00148
FE 0.74359 0.74416 -0.00142
FE 0.74377 0.50553 0.25176
FE 0.50600 0.74415 0.25160
FE 0.50154 0.50114 0.50154
FE 0.74835 0.74857 0.50151
FE 0.74829 0.50114 0.74829
FE 0.50151 0.74857 0.74835
