256
Lattice="13.69288 0.0 -0.0 0.0 14.466664648800002 0.0 -0.0 0.0 13.6927430712"
PD 0.06249 0.06249 0.06249
FE 0.19013 0.19001 0.06243
FE 0.19134 0.06243 0.19125
FE 0.06263 0.18993 0.18989
FE 0.06261 0.06211 0.31252
FE 0.18788 0.18753 0.31251
FE 0.18748 0.06260 0.43761
FE 0.06510 0.18501 0.43755
FE 0.06262 0.06210 0.56262
FE 0.18773 0.18746 0.56264
FE 0.18759 0.06243 0.68747
FE 0.06264 0.18746 0.68767
FE 0.06246 0.06244 0.81230
FE 0.18771 0.18759 0.81233
FE 0.19129 0.06248 0.93371
FE 0.06250 0.19001 0.93490
FE 0.06250 0.31273 0.06239
FE 0.18750 0.43750 0.06243
FE 0.18770 0.31285 0.18762
FE 0.06265 0.43756 0.18728
FE 0.06631 0.31238 0.30866
FE 0.18770 0.43758 0.31231
FE 0.18771 0.31251 0.43754
FE 0.06510 0.44006 0.43757
FE 0.06631 0.31248 0.56630
FE 0.18771 0.43759 0.56265
FE 0.18754 0.31251 0.68753
FE 0.06264 0.43764 0.68767
FE 0.06251 0.31236 0.81263
FE 0.18753 0.43752 0.81253
FE 0.18770 0.31286 0.93737
FE 0.06250 0.43750 0.93756
FE 0.06247 0.56251 0.06245
FE 0.18747 0.68755 0.06247
FE 0.18757 0.56252 0.18749
FE 0.06247 0.68754 0.18747
FE 0.06263 0.56286 0.31236
FE 0.18751 0.68752 0.31249
FE 0.18745 0.56235 0.43752
FE 0.06243 0.68745 0.43756
FE 0.06263 0.56286 0.56263
FE 0.18751 0.68752 0.56247
FE 0.18756 0.56252 0.68756
FE 0.06247 0.68747 0.68747
FE 0.06247 0.56251 0.81248
FE 0.18751 0.68753 0.81249
FE 0.18753 0.56247 0.93750
FE 0.06247 0.68755 0.93757
FE 0.06248 0.81223 0.06248
FE 0.19010 0.93500 0.06247
FE 0.18766 0.81210 0.18767
FE 0.06247 0.93500 0.19010
FE 0.06250 0.81261 0.31240
FE 0.18768 0.93746 0.31269
FE 0.18753 0.81245 0.43754
FE 0.06244 0.93755 0.43756
FE 0.06250 0.81247 0.56250
FE 0.18754 0.93753 0.56247
FE 0.18750 0.81245 0.68749
FE 0.06247 0.93753 0.68748
FE 0.06248 0.81261 0.81255
FE 0.18768 0.93746 0.81229
FE 0.18767 0.81210 0.93737
FE 0.06248 0.93500 0.93491
FE 0.31268 0.06248 0.06248
FE 0.43756 0.18750 0.06252
FE 0.43761 0.06249 0.18755
FE 0.31272 0.18759 0.18765
FE 0.31255 0.06245 0.31253
FE 0.43757 0.18752 0.31249
FE 0.43768 0.06247 0.43768
FE 0.31255 0.18752 0.43757
FE 0.31255 0.06245 0.56247
FE 0.43748 0.18754 0.56250
FE 0.43769 0.06249 0.68735
FE 0.31256 0.18752 0.68750
FE 0.31252 0.06249 0.81244
FE 0.43757 0.18750 0.81242
FE 0.43761 0.06247 0.93749
FE 0.31264 0.18757 0.93735
FE 0.31259 0.31235 0.06231
FE 0.43756 0.43759 0.06252
FE 0.43755 0.31251 0.18747
FE 0.31253 0.43752 0.18748
FE 0.31261 0.31252 0.31249
FE 0.43753 0.43753 0.31246
FE 0.43752 0.31247 0.43752
FE 0.31252 0.43752 0.43753
FE 0.31257 0.31247 0.56251
FE 0.43752 0.43752 0.56250
FE 0.43752 0.31247 0.68756
FE 0.31253 0.43752 0.68754
FE 0.31269 0.31253 0.81261
FE 0.43753 0.43755 0.81244
FE 0.43754 0.31251 0.93753
FE 0.31244 0.43754 0.93753
FE 0.31250 0.56247 0.06248
FE 0.43756 0.68748 0.06248
FE 0.43752 0.56247 0.18752
FE 0.31249 0.68753 0.18751
FE 0.31250 0.56251 0.31249
FE 0.43753 0.68752 0.31249
FE 0.43752 0.56249 0.43752
FE 0.31252 0.68757 0.43753
FE 0.31251 0.56251 0.56247
FE 0.43752 0.68752 0.56247
FE 0.43752 0.56247 0.68752
FE 0.31249 0.68752 0.68751
FE 0.31248 0.56247 0.81248
FE 0.43753 0.68752 0.81248
FE 0.43752 0.56249 0.93752
FE 0.31248 0.68753 0.93753
FE 0.31242 0.81261 0.06248
FE 0.43756 0.93753 0.06248
FE 0.43755 0.81245 0.18750
FE 0.31268 0.93746 0.18768
FE 0.31252 0.81243 0.31252
FE 0.43757 0.93753 0.31251
FE 0.43752 0.81248 0.43752
FE 0.31255 0.93748 0.43757
FE 0.31248 0.81249 0.56248
FE 0.43748 0.93750 0.56247
FE 0.43752 0.81248 0.68752
FE 0.31252 0.93753 0.68747
FE 0.31252 0.81243 0.81244
FE 0.43757 0.93753 0.81245
FE 0.43754 0.81245 0.93753
FE 0.31268 0.93746 0.93736
FE 0.56248 0.06248 0.06248
FE 0.68745 0.18753 0.06243
FE 0.68739 0.06243 0.18751
FE 0.56243 0.18753 0.18751
FE 0.56245 0.06245 0.31253
FE 0.68728 0.18746 0.31235
FE 0.68741 0.06260 0.43769
FE 0.56244 0.18755 0.43748
FE 0.56246 0.06245 0.56247
FE 0.68736 0.18748 0.56264
FE 0.68731 0.06243 0.68739
FE 0.56243 0.18755 0.68758
FE 0.56248 0.06248 0.81244
FE 0.68744 0.18753 0.81250
FE 0.68743 0.06249 0.93749
FE 0.56252 0.18750 0.93750
FE 0.56232 0.31248 0.06232
FE 0.68745 0.43756 0.06243
FE 0.68745 0.31251 0.18747
FE 0.56243 0.43752 0.18749
FE 0.56239 0.31247 0.31245
FE 0.68732 0.43759 0.31232
FE 0.68732 0.31247 0.43752
FE 0.56244 0.43752 0.43752
FE 0.56239 0.31249 0.56251
FE 0.68732 0.43759 0.56264
FE 0.68748 0.31247 0.68756
FE 0.56243 0.43752 0.68755
FE 0.56231 0.31247 0.81265
FE 0.68748 0.43752 0.81253
FE 0.68745 0.31251 0.93753
FE 0.56252 0.43754 0.93753
FE 0.56248 0.56247 0.06248
FE 0.68748 0.68748 0.06247
FE 0.68748 0.56252 0.18748
FE 0.56247 0.68753 0.18751
FE 0.56245 0.56251 0.31250
FE 0.68751 0.68752 0.31249
FE 0.68758 0.56235 0.43752
FE 0.56244 0.68757 0.43752
FE 0.56246 0.56251 0.56247
FE 0.68752 0.68752 0.56247
FE 0.68748 0.56252 0.68756
FE 0.56247 0.68753 0.68752
FE 0.56248 0.56247 0.81248
FE 0.68751 0.68752 0.81249
FE 0.68752 0.56247 0.93752
FE 0.56248 0.68752 0.93753
FE 0.56248 0.81247 0.06248
FE 0.68748 0.93752 0.06247
FE 0.68749 0.81245 0.18751
FE 0.56247 0.93752 0.18754
FE 0.56248 0.81249 0.31248
FE 0.68747 0.93753 0.31252
FE 0.68750 0.81248 0.43752
FE 0.56244 0.93746 0.43748
FE 0.56248 0.81247 0.56248
FE 0.68756 0.93751 0.56247
FE 0.68752 0.81248 0.68752
FE 0.56247 0.93750 0.68756
FE 0.56248 0.81249 0.81248
FE 0.68747 0.93753 0.81246
FE 0.68749 0.81245 0.93753
FE 0.56248 0.93752 0.93750
FE 0.81229 0.06244 0.06246
FE 0.93490 0.19000 0.06244
FE 0.93369 0.06258 0.19134
FE 0.81212 0.18752 0.18749
FE 0.81229 0.06210 0.31237
FE 0.93736 0.18507 0.31011
FE 0.93750 0.06222 0.43761
FE 0.80987 0.18500 0.43756
FE 0.81230 0.06210 0.56262
FE 0.93749 0.18500 0.56510
FE 0.93749 0.06260 0.68737
FE 0.81229 0.18746 0.68767
FE 0.81246 0.06245 0.81247
FE 0.93736 0.18759 0.81233
FE 0.93369 0.06247 0.93370
FE 0.81227 0.18759 0.93736
FE 0.81251 0.31235 0.06239
FE 0.93756 0.43750 0.06244
FE 0.93739 0.31284 0.18747
FE 0.81232 0.43758 0.18731
FE 0.80866 0.31251 0.30875
FE 0.93754 0.44000 0.30989
PD 0.93751 0.31256 0.43751
FE 0.80990 0.44001 0.43754
FE 0.80871 0.31248 0.56629
FE 0.93753 0.44000 0.56510
FE 0.93754 0.31251 0.68770
FE 0.81232 0.43759 0.68771
FE 0.81241 0.31252 0.81253
FE 0.93753 0.43752 0.81253
FE 0.93738 0.31286 0.93738
FE 0.81246 0.43752 0.93753
FE 0.81247 0.56251 0.06246
FE 0.93757 0.68759 0.06244
FE 0.93750 0.56235 0.18760
FE 0.81249 0.68752 0.18751
FE 0.81234 0.56286 0.31233
FE 0.93753 0.68750 0.31253
FE 0.93752 0.56273 0.43752
FE 0.81253 0.68750 0.43753
FE 0.81234 0.56286 0.56263
FE 0.93753 0.68750 0.56243
FE 0.93752 0.56235 0.68746
FE 0.81249 0.68752 0.68751
FE 0.81250 0.56251 0.81251
FE 0.93753 0.68757 0.81253
FE 0.93750 0.56249 0.93750
FE 0.81249 0.68753 0.93753
FE 0.81255 0.81261 0.06248
FE 0.93491 0.93495 0.06244
FE 0.93737 0.81210 0.18764
FE 0.81230 0.93747 0.18769
FE 0.81242 0.81243 0.31251
FE 0.93735 0.93748 0.31272
FE 0.93753 0.81245 0.43755
FE 0.81250 0.93755 0.43757
FE 0.81247 0.81249 0.56250
FE 0.93750 0.93754 0.56244
FE 0.93753 0.81245 0.68752
FE 0.81247 0.93753 0.68747
FE 0.81244 0.81243 0.81244
FE 0.93736 0.93741 0.81233
FE 0.93737 0.81210 0.93737
FE 0.81229 0.93746 0.93735
