129
Lattice="13.67994 0.0 0.0 0.0 14.386235302200001 0.0 0.0 0.0 13.67994"
PD 0.12547 0.12547 0.17629
FE 0.05311 0.05311 0.30134
FE 0.19703 0.19703 0.30187
FE 0.18661 0.06333 0.42901
FE 0.06333 0.18661 0.42901
FE 0.06207 0.06207 0.54840
FE 0.18773 0.18773 0.54834
FE 0.18720 0.06267 0.67168
FE 0.06267 0.18720 0.67168
FE 0.06378 0.30803 0.30326
FE 0.18646 0.43613 0.31421
FE 0.18739 0.31225 0.43459
FE 0.06300 0.43654 0.43968
FE 0.06299 0.31110 0.55161
FE 0.18848 0.43740 0.55653
FE 0.18876 0.31275 0.67584
FE 0.06224 0.43696 0.67930
FE 0.06254 0.56156 0.31801
FE 0.18731 0.68834 0.31806
FE 0.18768 0.56229 0.44270
FE 0.06217 0.68760 0.44282
FE 0.06252 0.56181 0.55865
FE 0.18735 0.68811 0.55863
FE 0.18844 0.56299 0.68298
FE 0.06138 0.68703 0.68300
FE 0.06346 0.81377 0.31426
FE 0.18629 0.94182 0.30345
FE 0.18693 0.81335 0.43958
FE 0.06255 0.93804 0.43430
FE 0.06136 0.81267 0.55651
FE 0.18677 0.93875 0.55156
FE 0.18766 0.81291 0.67931
FE 0.06119 0.93719 0.67591
FE 0.30803 0.06378 0.30326
FE 0.43613 0.18646 0.31421
FE 0.43654 0.06300 0.43968
FE 0.31225 0.18739 0.43459
FE 0.31110 0.06299 0.55161
FE 0.43740 0.18848 0.55653
FE 0.43696 0.06224 0.67930
FE 0.31275 0.18876 0.67584
FE 0.31628 0.31628 0.31383
FE 0.43868 0.43868 0.32307
FE 0.43792 0.31243 0.44235
FE 0.31243 0.43792 0.44235
FE 0.31292 0.31292 0.55460
FE 0.43797 0.43797 0.56251
FE 0.43955 0.31405 0.68383
FE 0.31405 0.43955 0.68383
FE 0.31122 0.56243 0.32098
FE 0.43628 0.68880 0.32513
FE 0.43710 0.56294 0.44870
FE 0.31212 0.68848 0.44473
FE 0.31298 0.56322 0.56176
FE 0.43719 0.68838 0.56523
FE 0.43872 0.56342 0.69185
FE 0.31323 0.68860 0.68657
FE 0.30963 0.81491 0.31753
FE 0.43496 0.94023 0.31747
FE 0.43612 0.81380 0.44508
FE 0.31030 0.93958 0.43710
FE 0.31227 0.81320 0.55821
FE 0.43669 0.93758 0.55825
FE 0.43822 0.81167 0.68793
FE 0.31194 0.93792 0.67796
FE 0.56156 0.06254 0.31801
FE 0.68834 0.18731 0.31806
FE 0.68760 0.06217 0.44282
FE 0.56229 0.18768 0.44270
FE 0.56181 0.06252 0.55865
FE 0.68811 0.18735 0.55863
FE 0.68703 0.06138 0.68300
FE 0.56299 0.18844 0.68298
FE 0.56243 0.31122 0.32098
FE 0.68880 0.43628 0.32513
FE 0.68848 0.31212 0.44473
FE 0.56294 0.43710 0.44870
FE 0.56322 0.31298 0.56176
FE 0.68838 0.43719 0.56523
FE 0.68860 0.31323 0.68657
FE 0.56342 0.43872 0.69185
FE 0.56309 0.56309 0.32874
FE 0.68689 0.68689 0.32879
FE 0.68831 0.56165 0.45112
FE 0.56165 0.68831 0.45112
FE 0.56276 0.56276 0.56780
FE 0.68710 0.68710 0.56791
FE 0.68704 0.56281 0.69671
FE 0.56281 0.68704 0.69671
FE 0.56106 0.81365 0.32521
FE 0.68749 0.93861 0.32114
FE 0.68703 0.81282 0.44882
FE 0.56142 0.93773 0.44489
FE 0.56145 0.81267 0.56531
FE 0.68673 0.93697 0.56183
FE 0.68643 0.81105 0.69206
FE 0.56132 0.93659 0.68658
FE 0.81377 0.06346 0.31426
FE 0.94182 0.18629 0.30345
FE 0.93804 0.06255 0.43430
FE 0.81335 0.18693 0.43958
FE 0.81267 0.06136 0.55651
FE 0.93875 0.18677 0.55156
FE 0.93719 0.06119 0.67591
FE 0.81290 0.18766 0.67931
FE 0.81490 0.30963 0.31753
FE 0.94023 0.43496 0.31747
FE 0.93958 0.31030 0.43710
FE 0.81380 0.43612 0.44508
FE 0.81320 0.31227 0.55821
FE 0.93758 0.43669 0.55825
FE 0.93792 0.31194 0.67796
FE 0.81167 0.43822 0.68793
FE 0.81365 0.56106 0.32521
FE 0.93861 0.68749 0.32114
FE 0.93773 0.56142 0.44489
FE 0.81282 0.68703 0.44882
FE 0.81267 0.56145 0.56531
FE 0.93696 0.68673 0.56183
FE 0.93659 0.56132 0.68658
FE 0.81105 0.68643 0.69206
FE 0.81145 0.81145 0.32316
FE 0.93397 0.93397 0.31374
FE 0.93746 0.81213 0.44238
FE 0.81213 0.93746 0.44238
FE 0.81193 0.81193 0.56262
FE 0.93701 0.93701 0.55467
FE 0.93579 0.81034 0.68400
FE 0.81034 0.93579 0.68400
