256
Lattice="13.69684 0.0 -0.0 0.0 14.419759215200001 -0.0012327156 -0.0 -0.0012327156 13.698072715599999"
RU 0.06250 0.06052 0.06437
FE 0.19059 0.18864 0.06458
FE 0.18976 0.06244 0.18983
FE 0.06248 0.18870 0.18887
FE 0.06248 0.06247 0.31273
FE 0.18759 0.18754 0.31255
FE 0.18750 0.06248 0.43745
FE 0.06248 0.18752 0.43749
FE 0.06248 0.06248 0.56251
FE 0.18750 0.18752 0.56255
FE 0.18759 0.06246 0.68745
FE 0.06248 0.18753 0.68727
FE 0.06248 0.06130 0.81113
FE 0.18976 0.18756 0.81017
FE 0.19059 0.06136 0.93542
RU 0.06250 0.18948 0.93563
FE 0.06249 0.31375 0.06358
FE 0.18752 0.43754 0.06251
FE 0.18761 0.31253 0.18768
FE 0.06248 0.43759 0.18758
FE 0.06248 0.31258 0.31255
FE 0.18753 0.43754 0.31251
FE 0.18752 0.31247 0.43751
FE 0.06248 0.43750 0.43750
FE 0.06248 0.31248 0.56250
FE 0.18752 0.43751 0.56249
FE 0.18761 0.31251 0.68738
FE 0.06248 0.43759 0.68744
FE 0.06249 0.31402 0.81105
FE 0.18756 0.43758 0.81242
FE 0.18863 0.31369 0.93748
FE 0.06248 0.43760 0.93753
FE 0.06248 0.56247 0.06246
FE 0.18749 0.68752 0.06248
FE 0.18752 0.56250 0.18754
FE 0.06248 0.68752 0.18749
FE 0.06248 0.56247 0.31246
FE 0.18753 0.68750 0.31251
FE 0.18752 0.56248 0.43751
FE 0.06248 0.68754 0.43749
FE 0.06248 0.56246 0.56251
FE 0.18752 0.68752 0.56249
FE 0.18753 0.56250 0.68749
FE 0.06248 0.68753 0.68754
FE 0.06248 0.56248 0.81251
FE 0.18752 0.68750 0.81246
FE 0.18749 0.56248 0.93752
FE 0.06248 0.68753 0.93754
FE 0.06248 0.81240 0.06247
FE 0.18863 0.93631 0.06252
FE 0.18756 0.81242 0.18758
FE 0.06249 0.93598 0.18895
FE 0.06248 0.81241 0.31256
FE 0.18761 0.93749 0.31262
FE 0.18752 0.81249 0.43751
FE 0.06248 0.93752 0.43750
FE 0.06248 0.81250 0.56250
FE 0.18752 0.93753 0.56249
FE 0.18753 0.81246 0.68749
FE 0.06248 0.93742 0.68745
FE 0.06248 0.81241 0.81242
FE 0.18761 0.93747 0.81232
FE 0.18752 0.81246 0.93749
FE 0.06249 0.93625 0.93642
FE 0.31288 0.06246 0.06256
FE 0.43742 0.18752 0.06247
FE 0.43746 0.06247 0.18753
FE 0.31292 0.18754 0.18790
FE 0.31285 0.06248 0.31283
FE 0.43753 0.18753 0.31252
FE 0.43751 0.06249 0.43752
FE 0.31252 0.18753 0.43753
FE 0.31252 0.06247 0.56247
FE 0.43751 0.18751 0.56248
FE 0.43753 0.06247 0.68748
FE 0.31285 0.18752 0.68717
FE 0.31292 0.06246 0.81210
FE 0.43746 0.18753 0.81247
FE 0.43742 0.06248 0.93753
FE 0.31288 0.18754 0.93744
FE 0.31269 0.31258 0.06256
FE 0.43749 0.43750 0.06249
FE 0.43753 0.31248 0.18755
FE 0.31252 0.43754 0.18753
FE 0.31252 0.31249 0.31250
FE 0.43751 0.43753 0.31248
FE 0.43750 0.31248 0.43751
FE 0.31248 0.43751 0.43751
FE 0.31251 0.31248 0.56248
FE 0.43751 0.43752 0.56249
FE 0.43752 0.31249 0.68750
FE 0.31250 0.43752 0.68751
FE 0.31263 0.31251 0.81240
FE 0.43751 0.43751 0.81248
FE 0.43750 0.31248 0.93751
FE 0.31261 0.43764 0.93751
FE 0.31251 0.56250 0.06249
FE 0.43749 0.68754 0.06249
FE 0.43751 0.56248 0.18752
FE 0.31251 0.68750 0.18752
FE 0.31249 0.56248 0.31248
FE 0.43751 0.68752 0.31249
FE 0.43751 0.56248 0.43751
FE 0.31249 0.68752 0.43751
FE 0.31249 0.56248 0.56249
FE 0.43751 0.68752 0.56249
FE 0.43751 0.56248 0.68751
FE 0.31249 0.68752 0.68752
FE 0.31251 0.56250 0.81248
FE 0.43751 0.68752 0.81248
FE 0.43749 0.56246 0.93751
FE 0.31251 0.68750 0.93751
FE 0.31261 0.81236 0.06249
FE 0.43750 0.93752 0.06249
FE 0.43751 0.81249 0.18752
FE 0.31263 0.93749 0.18760
FE 0.31250 0.81248 0.31249
FE 0.43752 0.93751 0.31250
FE 0.43751 0.81248 0.43751
FE 0.31251 0.93752 0.43752
FE 0.31248 0.81249 0.56249
FE 0.43750 0.93752 0.56249
FE 0.43751 0.81247 0.68752
FE 0.31252 0.93751 0.68750
FE 0.31252 0.81246 0.81247
FE 0.43753 0.93752 0.81245
FE 0.43749 0.81250 0.93751
FE 0.31269 0.93742 0.93744
FE 0.56248 0.06248 0.06248
FE 0.68761 0.18752 0.06247
FE 0.68757 0.06247 0.18753
FE 0.56248 0.18752 0.18752
FE 0.56248 0.06249 0.31249
FE 0.68750 0.18753 0.31252
FE 0.68752 0.06249 0.43752
FE 0.56248 0.18751 0.43751
FE 0.56248 0.06249 0.56249
FE 0.68752 0.18751 0.56248
FE 0.68750 0.06247 0.68748
FE 0.56248 0.18751 0.68751
FE 0.56248 0.06248 0.81248
FE 0.68757 0.18753 0.81247
FE 0.68761 0.06248 0.93753
FE 0.56248 0.18752 0.93752
FE 0.56248 0.31248 0.06248
FE 0.68754 0.43750 0.06249
FE 0.68750 0.31248 0.18755
FE 0.56248 0.43751 0.18751
FE 0.56248 0.31247 0.31248
FE 0.68752 0.43753 0.31248
FE 0.68753 0.31248 0.43751
FE 0.56248 0.43753 0.43751
FE 0.56248 0.31248 0.56249
FE 0.68753 0.43752 0.56249
FE 0.68751 0.31249 0.68750
FE 0.56248 0.43751 0.68752
FE 0.56248 0.31248 0.81249
FE 0.68752 0.43751 0.81248
FE 0.68753 0.31248 0.93751
FE 0.56248 0.43752 0.93752
FE 0.56248 0.56248 0.06249
FE 0.68754 0.68754 0.06249
FE 0.68752 0.56248 0.18752
FE 0.56248 0.68752 0.18752
FE 0.56248 0.56248 0.31249
FE 0.68752 0.68752 0.31249
FE 0.68752 0.56248 0.43751
FE 0.56248 0.68752 0.43751
FE 0.56248 0.56248 0.56249
FE 0.68752 0.68752 0.56249
FE 0.68752 0.56248 0.68751
FE 0.56248 0.68752 0.68751
FE 0.56248 0.56248 0.81248
FE 0.68752 0.68752 0.81248
FE 0.68754 0.56246 0.93751
FE 0.56248 0.68752 0.93751
FE 0.56248 0.81248 0.06248
FE 0.68753 0.93752 0.06249
FE 0.68752 0.81249 0.18752
FE 0.56248 0.93752 0.18751
FE 0.56248 0.81249 0.31248
FE 0.68751 0.93751 0.31250
FE 0.68753 0.81248 0.43751
FE 0.56248 0.93752 0.43751
FE 0.56248 0.81247 0.56249
FE 0.68753 0.93752 0.56249
FE 0.68752 0.81247 0.68752
FE 0.56248 0.93753 0.68752
FE 0.56248 0.81249 0.81249
FE 0.68750 0.93752 0.81245
FE 0.68754 0.81250 0.93751
FE 0.56248 0.93752 0.93752
FE 0.81209 0.06246 0.06256
FE 0.93442 0.18863 0.06458
FE 0.93526 0.06244 0.18983
FE 0.81205 0.18754 0.18790
FE 0.81212 0.06248 0.31283
FE 0.93744 0.18754 0.31255
FE 0.93753 0.06248 0.43745
FE 0.81245 0.18753 0.43753
FE 0.81245 0.06247 0.56247
FE 0.93753 0.18752 0.56255
FE 0.93744 0.06246 0.68745
FE 0.81212 0.18752 0.68717
FE 0.81205 0.06246 0.81210
FE 0.93526 0.18756 0.81017
FE 0.93442 0.06137 0.93542
FE 0.81209 0.18754 0.93744
FE 0.81228 0.31258 0.06256
FE 0.93751 0.43754 0.06251
FE 0.93742 0.31253 0.18768
FE 0.81245 0.43754 0.18753
FE 0.81245 0.31249 0.31250
FE 0.93750 0.43754 0.31251
FE 0.93751 0.31247 0.43751
FE 0.81248 0.43751 0.43751
FE 0.81246 0.31248 0.56248
FE 0.93751 0.43751 0.56249
FE 0.93742 0.31251 0.68737
FE 0.81247 0.43752 0.68751
FE 0.81234 0.31251 0.81240
FE 0.93747 0.43758 0.81242
FE 0.93639 0.31369 0.93748
FE 0.81236 0.43764 0.93751
FE 0.81246 0.56250 0.06249
FE 0.93754 0.68752 0.06248
FE 0.93751 0.56250 0.18754
FE 0.81246 0.68750 0.18752
FE 0.81248 0.56248 0.31248
FE 0.93750 0.68750 0.31251
FE 0.93751 0.56248 0.43751
FE 0.81248 0.68752 0.43751
FE 0.81248 0.56248 0.56249
FE 0.93751 0.68752 0.56249
FE 0.93750 0.56250 0.68749
FE 0.81248 0.68752 0.68752
FE 0.81246 0.56250 0.81248
FE 0.93751 0.68750 0.81246
FE 0.93754 0.56248 0.93752
FE 0.81246 0.68750 0.93751
FE 0.81236 0.81236 0.06249
FE 0.93639 0.93631 0.06252
FE 0.93747 0.81242 0.18758
FE 0.81234 0.93749 0.18760
FE 0.81247 0.81248 0.31249
FE 0.93742 0.93749 0.31263
FE 0.93751 0.81249 0.43751
FE 0.81246 0.93752 0.43752
FE 0.81248 0.81249 0.56249
FE 0.93751 0.93753 0.56249
FE 0.93750 0.81246 0.68749
FE 0.81245 0.93751 0.68750
FE 0.81245 0.81246 0.81247
FE 0.93742 0.93747 0.81232
FE 0.93751 0.81246 0.93749
FE 0.81228 0.93742 0.93744
