256
Lattice="13.68744 0.0 0.0 0.0 14.4573585 -0.0009581208 0.0 -0.0009581208 13.694557468800001"
RU 0.06248 0.06074 0.06438
FE 0.19115 0.18877 0.06537
FE 0.19073 0.06224 0.19091
FE 0.06244 0.18892 0.18933
FE 0.06247 0.06242 0.31294
FE 0.18812 0.18790 0.31287
FE 0.18804 0.06267 0.43697
FE 0.06249 0.18799 0.43714
FE 0.06248 0.06387 0.56116
FE 0.18785 0.18785 0.56230
FE 0.18921 0.06364 0.68698
FE 0.06246 0.18807 0.68703
FE 0.06245 0.06259 0.81194
FE 0.19085 0.18808 0.80928
FE 0.19146 0.06159 0.93537
RU 0.06248 0.18980 0.93613
FE 0.06248 0.31442 0.06391
FE 0.18777 0.43783 0.06270
FE 0.18806 0.31302 0.18825
FE 0.06248 0.43796 0.18797
FE 0.06249 0.31307 0.31288
FE 0.18770 0.43778 0.31272
FE 0.18772 0.31279 0.43754
FE 0.06248 0.43767 0.43756
FE 0.06248 0.31267 0.56239
FE 0.18766 0.43773 0.56228
FE 0.18809 0.31295 0.68672
FE 0.06248 0.43816 0.68689
FE 0.06247 0.31499 0.81030
FE 0.18785 0.43803 0.81213
FE 0.18897 0.31434 0.93742
FE 0.06248 0.43795 0.93754
FE 0.06248 0.56241 0.06257
FE 0.18765 0.68736 0.06265
FE 0.18761 0.56257 0.18766
FE 0.06248 0.68743 0.18758
FE 0.06248 0.56247 0.31251
FE 0.18771 0.68724 0.31250
FE 0.18763 0.56239 0.43743
FE 0.06249 0.68697 0.43718
FE 0.06248 0.56258 0.56235
FE 0.18776 0.68722 0.56226
FE 0.18764 0.56261 0.68733
FE 0.06248 0.68708 0.68741
FE 0.06248 0.56249 0.81245
FE 0.18776 0.68712 0.81252
FE 0.18762 0.56237 0.93764
FE 0.06248 0.68710 0.93791
FE 0.06247 0.81195 0.06254
FE 0.18896 0.93584 0.06270
FE 0.18788 0.81193 0.18788
FE 0.06247 0.93503 0.18969
FE 0.06248 0.81176 0.31306
FE 0.18816 0.93707 0.31330
FE 0.18804 0.81202 0.43718
FE 0.06247 0.93736 0.43715
FE 0.06245 0.81084 0.56102
FE 0.19045 0.93734 0.55953
FE 0.18894 0.81085 0.68728
RU 0.06248 0.93696 0.68703
FE 0.06247 0.81068 0.81337
FE 0.19086 0.93701 0.81462
FE 0.18811 0.81192 0.93788
FE 0.06247 0.93569 0.93674
FE 0.31358 0.06241 0.06309
FE 0.43756 0.18767 0.06261
FE 0.43788 0.06242 0.18785
FE 0.31431 0.18779 0.18914
FE 0.31447 0.06250 0.31392
FE 0.43831 0.18775 0.31315
FE 0.43846 0.06252 0.43780
FE 0.31297 0.18778 0.43769
FE 0.31334 0.06256 0.56184
FE 0.43833 0.18774 0.56186
FE 0.43830 0.06242 0.68680
FE 0.31453 0.18800 0.68583
FE 0.31470 0.06254 0.81122
FE 0.43792 0.18780 0.81223
FE 0.43780 0.06255 0.93769
FE 0.31343 0.18784 0.93730
FE 0.31335 0.31310 0.06288
FE 0.43776 0.43772 0.06259
FE 0.43796 0.31275 0.18786
FE 0.31275 0.43777 0.18769
FE 0.31291 0.31278 0.31283
FE 0.43763 0.43765 0.31253
FE 0.43773 0.31270 0.43750
FE 0.31267 0.43767 0.43750
FE 0.31302 0.31287 0.56211
FE 0.43764 0.43763 0.56240
FE 0.43794 0.31280 0.68720
FE 0.31270 0.43771 0.68735
FE 0.31326 0.31299 0.81204
FE 0.43778 0.43771 0.81236
FE 0.43773 0.31273 0.93748
FE 0.31310 0.43808 0.93751
FE 0.31268 0.56257 0.06257
FE 0.43769 0.68735 0.06254
FE 0.43763 0.56249 0.18758
FE 0.31278 0.68726 0.18762
FE 0.31262 0.56247 0.31252
FE 0.43763 0.68738 0.31249
FE 0.43761 0.56245 0.43750
FE 0.31268 0.68734 0.43744
FE 0.31268 0.56239 0.56238
FE 0.43772 0.68737 0.56237
FE 0.43767 0.56245 0.68746
FE 0.31299 0.68708 0.68743
FE 0.31281 0.56251 0.81242
FE 0.43777 0.68735 0.81251
FE 0.43769 0.56251 0.93754
FE 0.31276 0.68725 0.93758
FE 0.31330 0.81180 0.06281
FE 0.43819 0.93732 0.06306
FE 0.43784 0.81220 0.18765
FE 0.31324 0.93715 0.18802
FE 0.31294 0.81215 0.31236
FE 0.43837 0.93730 0.31227
FE 0.43789 0.81222 0.43731
FE 0.31431 0.93725 0.43643
FE 0.31314 0.81209 0.56208
FE 0.43767 0.93735 0.56236
FE 0.43765 0.81226 0.68745
FE 0.31326 0.93728 0.68715
FE 0.31324 0.81200 0.81269
FE 0.43793 0.93727 0.81224
FE 0.43803 0.81213 0.93770
FE 0.31465 0.93698 0.93852
FE 0.56249 0.06252 0.06261
FE 0.68749 0.18768 0.06262
FE 0.68718 0.06243 0.18786
FE 0.56248 0.18763 0.18764
FE 0.56248 0.06248 0.31256
FE 0.68672 0.18774 0.31316
FE 0.68657 0.06253 0.43778
FE 0.56248 0.18771 0.43751
FE 0.56248 0.06243 0.56238
FE 0.68671 0.18773 0.56187
FE 0.68674 0.06243 0.68679
FE 0.56248 0.18765 0.68732
FE 0.56248 0.06247 0.81238
FE 0.68714 0.18779 0.81223
FE 0.68725 0.06255 0.93768
FE 0.56249 0.18767 0.93758
FE 0.56248 0.31258 0.06253
FE 0.68729 0.43772 0.06259
FE 0.68709 0.31276 0.18786
FE 0.56248 0.43766 0.18763
FE 0.56249 0.31269 0.31263
FE 0.68742 0.43765 0.31253
FE 0.68732 0.31270 0.43750
FE 0.56248 0.43761 0.43751
FE 0.56248 0.31267 0.56235
FE 0.68741 0.43763 0.56240
FE 0.68710 0.31280 0.68719
FE 0.56248 0.43765 0.68740
FE 0.56248 0.31267 0.81237
FE 0.68728 0.43771 0.81236
FE 0.68731 0.31274 0.93748
FE 0.56248 0.43761 0.93754
FE 0.56248 0.56250 0.06251
FE 0.68736 0.68734 0.06254
FE 0.68742 0.56250 0.18758
FE 0.56248 0.68741 0.18755
FE 0.56248 0.56247 0.31250
FE 0.68742 0.68738 0.31249
FE 0.68745 0.56245 0.43750
FE 0.56248 0.68739 0.43745
FE 0.56248 0.56245 0.56244
FE 0.68733 0.68736 0.56237
FE 0.68739 0.56245 0.68746
FE 0.56248 0.68746 0.68748
FE 0.56248 0.56248 0.81245
FE 0.68728 0.68734 0.81251
FE 0.68737 0.56252 0.93754
FE 0.56248 0.68738 0.93759
FE 0.56248 0.81230 0.06259
FE 0.68684 0.93731 0.06307
FE 0.68721 0.81220 0.18765
FE 0.56249 0.93738 0.18762
FE 0.56248 0.81225 0.31248
FE 0.68666 0.93729 0.31229
FE 0.68716 0.81223 0.43730
FE 0.56248 0.93737 0.43754
FE 0.56248 0.81234 0.56243
FE 0.68737 0.93735 0.56235
FE 0.68741 0.81226 0.68745
FE 0.56249 0.93733 0.68735
FE 0.56248 0.81229 0.81241
FE 0.68711 0.93726 0.81225
FE 0.68703 0.81214 0.93770
FE 0.56248 0.93744 0.93759
FE 0.81139 0.06240 0.06308
FE 0.93380 0.18877 0.06539
FE 0.93420 0.06223 0.19090
FE 0.81071 0.18782 0.18916
FE 0.81055 0.06249 0.31393
FE 0.93691 0.18790 0.31290
FE 0.93699 0.06268 0.43697
FE 0.81198 0.18778 0.43770
FE 0.81161 0.06256 0.56182
FE 0.93720 0.18785 0.56229
FE 0.93575 0.06363 0.68696
FE 0.81050 0.18801 0.68582
FE 0.81034 0.06253 0.81121
FE 0.93408 0.18809 0.80929
FE 0.93350 0.06160 0.93536
FE 0.81153 0.18786 0.93731
FE 0.81163 0.31310 0.06288
FE 0.93728 0.43783 0.06271
FE 0.93698 0.31304 0.18825
FE 0.81221 0.43777 0.18770
FE 0.81206 0.31278 0.31283
FE 0.93735 0.43778 0.31272
FE 0.93733 0.31280 0.43754
FE 0.81229 0.43767 0.43750
FE 0.81195 0.31286 0.56210
FE 0.93739 0.43773 0.56228
FE 0.93694 0.31297 0.68671
FE 0.81226 0.43771 0.68735
FE 0.81170 0.31299 0.81202
FE 0.93721 0.43803 0.81213
FE 0.93601 0.31434 0.93741
FE 0.81186 0.43810 0.93752
FE 0.81229 0.56257 0.06257
FE 0.93739 0.68735 0.06265
FE 0.93745 0.56257 0.18766
FE 0.81219 0.68726 0.18763
FE 0.81235 0.56247 0.31252
FE 0.93734 0.68723 0.31250
FE 0.93743 0.56239 0.43743
FE 0.81229 0.68734 0.43744
FE 0.81228 0.56239 0.56238
FE 0.93729 0.68720 0.56226
FE 0.93741 0.56261 0.68733
FE 0.81198 0.68708 0.68743
FE 0.81215 0.56250 0.81242
FE 0.93728 0.68711 0.81252
FE 0.93743 0.56237 0.93764
FE 0.81221 0.68726 0.93758
FE 0.81167 0.81179 0.06280
FE 0.93602 0.93584 0.06272
FE 0.93718 0.81193 0.18787
FE 0.81172 0.93715 0.18803
FE 0.81202 0.81214 0.31235
FE 0.93686 0.93706 0.31330
FE 0.93699 0.81202 0.43716
FE 0.81071 0.93726 0.43643
FE 0.81181 0.81207 0.56206
FE 0.93448 0.93735 0.55954
FE 0.93603 0.81085 0.68725
FE 0.81168 0.93729 0.68716
FE 0.81173 0.81198 0.81268
FE 0.93409 0.93700 0.81461
FE 0.93693 0.81192 0.93787
FE 0.81039 0.93698 0.93853
