256
Lattice="13.68169 0.0 -0.0 0.0 14.455115935699999 -0.0019154365999999997 -0.0 -0.0017786196999999998 13.6859313239"
RU 0.06250 0.06044 0.06436
FE 0.19126 0.18885 0.06516
FE 0.19062 0.06234 0.19073
FE 0.06246 0.18901 0.18924
FE 0.06248 0.06243 0.31287
FE 0.18776 0.18766 0.31274
FE 0.18755 0.06247 0.43745
FE 0.06248 0.18756 0.43751
FE 0.06248 0.06244 0.56249
FE 0.18755 0.18753 0.56255
FE 0.18776 0.06234 0.68726
FE 0.06248 0.18757 0.68713
FE 0.06246 0.06099 0.81076
FE 0.19062 0.18766 0.80927
FE 0.19126 0.06115 0.93484
RU 0.06250 0.18956 0.93564
FE 0.06249 0.31419 0.06385
FE 0.18761 0.43764 0.06257
FE 0.18781 0.31273 0.18795
FE 0.06248 0.43776 0.18775
FE 0.06248 0.31277 0.31272
FE 0.18756 0.43761 0.31259
FE 0.18755 0.31251 0.43757
FE 0.06248 0.43753 0.43753
FE 0.06248 0.31251 0.56247
FE 0.18755 0.43756 0.56243
FE 0.18779 0.31266 0.68710
FE 0.06248 0.43783 0.68722
FE 0.06248 0.31481 0.81041
FE 0.18767 0.43775 0.81230
FE 0.18898 0.31415 0.93741
FE 0.06248 0.43775 0.93754
FE 0.06248 0.56246 0.06246
FE 0.18751 0.68753 0.06248
FE 0.18753 0.56253 0.18758
FE 0.06248 0.68753 0.18751
FE 0.06248 0.56248 0.31248
FE 0.18755 0.68747 0.31255
FE 0.18753 0.56247 0.43753
FE 0.06248 0.68752 0.43753
FE 0.06248 0.56248 0.56247
FE 0.18753 0.68753 0.56247
FE 0.18755 0.56253 0.68745
FE 0.06248 0.68752 0.68752
FE 0.06248 0.56247 0.81249
FE 0.18753 0.68747 0.81242
FE 0.18751 0.56247 0.93752
FE 0.06248 0.68754 0.93754
FE 0.06248 0.81225 0.06246
FE 0.18898 0.93585 0.06259
FE 0.18767 0.81225 0.18770
FE 0.06248 0.93519 0.18959
FE 0.06248 0.81217 0.31278
FE 0.18779 0.93734 0.31290
FE 0.18755 0.81244 0.43757
FE 0.06248 0.93749 0.43753
FE 0.06248 0.81247 0.56247
FE 0.18755 0.93749 0.56243
FE 0.18756 0.81239 0.68741
FE 0.06248 0.93723 0.68728
FE 0.06248 0.81224 0.81225
FE 0.18781 0.93727 0.81205
FE 0.18761 0.81236 0.93743
FE 0.06249 0.93581 0.93615
FE 0.31313 0.06237 0.06267
FE 0.43743 0.18755 0.06250
FE 0.43755 0.06244 0.18764
FE 0.31356 0.18762 0.18853
FE 0.31348 0.06245 0.31347
FE 0.43778 0.18756 0.31273
FE 0.43769 0.06248 0.43769
FE 0.31260 0.18756 0.43762
FE 0.31260 0.06244 0.56238
FE 0.43769 0.18752 0.56231
FE 0.43778 0.06244 0.68727
FE 0.31348 0.18755 0.68653
FE 0.31356 0.06238 0.81147
FE 0.43755 0.18756 0.81236
FE 0.43743 0.06245 0.93750
FE 0.31313 0.18763 0.93733
FE 0.31300 0.31282 0.06268
FE 0.43757 0.43755 0.06250
FE 0.43767 0.31254 0.18764
FE 0.31257 0.43760 0.18757
FE 0.31261 0.31253 0.31261
FE 0.43753 0.43754 0.31248
FE 0.43752 0.31248 0.43752
FE 0.31249 0.43753 0.43753
FE 0.31259 0.31252 0.56237
FE 0.43752 0.43753 0.56248
FE 0.43763 0.31252 0.68743
FE 0.31252 0.43756 0.68748
FE 0.31284 0.31263 0.81224
FE 0.43757 0.43756 0.81245
FE 0.43757 0.31254 0.93750
FE 0.31281 0.43785 0.93751
FE 0.31255 0.56254 0.06249
FE 0.43753 0.68752 0.06248
FE 0.43754 0.56248 0.18753
FE 0.31256 0.68746 0.18755
FE 0.31249 0.56248 0.31249
FE 0.43753 0.68752 0.31248
FE 0.43752 0.56247 0.43752
FE 0.31249 0.68752 0.43753
FE 0.31249 0.56248 0.56247
FE 0.43752 0.68753 0.56248
FE 0.43753 0.56248 0.68752
FE 0.31249 0.68752 0.68751
FE 0.31256 0.56254 0.81245
FE 0.43754 0.68752 0.81247
FE 0.43753 0.56248 0.93752
FE 0.31255 0.68746 0.93751
FE 0.31281 0.81215 0.06249
FE 0.43757 0.93746 0.06250
FE 0.43757 0.81244 0.18755
FE 0.31284 0.93737 0.18776
FE 0.31252 0.81244 0.31252
FE 0.43763 0.93748 0.31257
FE 0.43752 0.81247 0.43752
FE 0.31259 0.93748 0.43763
FE 0.31249 0.81247 0.56247
FE 0.43752 0.93752 0.56248
FE 0.43753 0.81246 0.68752
FE 0.31261 0.93747 0.68739
FE 0.31257 0.81240 0.81243
FE 0.43767 0.93746 0.81236
FE 0.43757 0.81245 0.93750
FE 0.31300 0.93718 0.93732
FE 0.56248 0.06247 0.06248
FE 0.68761 0.18755 0.06250
FE 0.68750 0.06244 0.18764
FE 0.56248 0.18753 0.18755
FE 0.56248 0.06248 0.31250
FE 0.68727 0.18756 0.31273
FE 0.68736 0.06248 0.43769
FE 0.56248 0.18752 0.43752
FE 0.56248 0.06248 0.56248
FE 0.68736 0.18752 0.56231
FE 0.68727 0.06244 0.68727
FE 0.56248 0.18752 0.68750
FE 0.56248 0.06247 0.81245
FE 0.68750 0.18756 0.81236
FE 0.68761 0.06245 0.93750
FE 0.56248 0.18753 0.93752
FE 0.56248 0.31248 0.06248
FE 0.68748 0.43755 0.06250
FE 0.68738 0.31254 0.18764
FE 0.56248 0.43753 0.18753
FE 0.56248 0.31247 0.31248
FE 0.68752 0.43754 0.31248
FE 0.68752 0.31248 0.43752
FE 0.56248 0.43754 0.43752
FE 0.56248 0.31249 0.56248
FE 0.68753 0.43753 0.56248
FE 0.68742 0.31252 0.68742
FE 0.56248 0.43752 0.68752
FE 0.56248 0.31249 0.81247
FE 0.68747 0.43756 0.81245
FE 0.68748 0.31254 0.93750
FE 0.56248 0.43752 0.93753
FE 0.56248 0.56248 0.06248
FE 0.68752 0.68752 0.06248
FE 0.68751 0.56248 0.18753
FE 0.56248 0.68753 0.18753
FE 0.56248 0.56247 0.31249
FE 0.68752 0.68752 0.31248
FE 0.68753 0.56247 0.43752
FE 0.56248 0.68753 0.43752
FE 0.56248 0.56247 0.56248
FE 0.68753 0.68753 0.56248
FE 0.68752 0.56248 0.68752
FE 0.56248 0.68753 0.68751
FE 0.56248 0.56247 0.81247
FE 0.68751 0.68752 0.81247
FE 0.68752 0.56248 0.93752
FE 0.56248 0.68752 0.93752
FE 0.56248 0.81248 0.06247
FE 0.68748 0.93746 0.06250
FE 0.68747 0.81244 0.18755
FE 0.56248 0.93751 0.18753
FE 0.56248 0.81248 0.31248
FE 0.68742 0.93748 0.31258
FE 0.68753 0.81247 0.43752
FE 0.56248 0.93751 0.43752
FE 0.56248 0.81246 0.56248
FE 0.68752 0.93752 0.56248
FE 0.68752 0.81246 0.68752
FE 0.56248 0.93753 0.68752
FE 0.56248 0.81247 0.81247
FE 0.68738 0.93746 0.81236
FE 0.68748 0.81245 0.93750
FE 0.56248 0.93752 0.93752
FE 0.81182 0.06237 0.06266
FE 0.93372 0.18885 0.06517
FE 0.93435 0.06234 0.19073
FE 0.81140 0.18763 0.18853
FE 0.81149 0.06244 0.31347
FE 0.93728 0.18766 0.31274
FE 0.93750 0.06247 0.43745
FE 0.81236 0.18756 0.43762
FE 0.81236 0.06244 0.56238
FE 0.93750 0.18753 0.56255
FE 0.93728 0.06234 0.68726
FE 0.81149 0.18756 0.68653
FE 0.81140 0.06237 0.81147
FE 0.93435 0.18766 0.80927
FE 0.93372 0.06115 0.93483
FE 0.81182 0.18763 0.93734
FE 0.81197 0.31281 0.06267
FE 0.93744 0.43764 0.06257
FE 0.93724 0.31273 0.18795
FE 0.81238 0.43760 0.18757
FE 0.81235 0.31253 0.31261
FE 0.93748 0.43761 0.31259
FE 0.93750 0.31251 0.43757
FE 0.81246 0.43753 0.43753
FE 0.81236 0.31252 0.56237
FE 0.93750 0.43756 0.56243
FE 0.93725 0.31266 0.68710
FE 0.81244 0.43756 0.68748
FE 0.81211 0.31263 0.81223
FE 0.93738 0.43775 0.81230
FE 0.93603 0.31415 0.93740
FE 0.81215 0.43786 0.93751
FE 0.81241 0.56253 0.06249
FE 0.93754 0.68753 0.06248
FE 0.93751 0.56253 0.18758
FE 0.81240 0.68746 0.18755
FE 0.81247 0.56248 0.31249
FE 0.93750 0.68747 0.31255
FE 0.93752 0.56247 0.43753
FE 0.81246 0.68752 0.43753
FE 0.81246 0.56248 0.56247
FE 0.93752 0.68753 0.56247
FE 0.93750 0.56253 0.68745
FE 0.81247 0.68752 0.68751
FE 0.81240 0.56254 0.81245
FE 0.93751 0.68747 0.81242
FE 0.93754 0.56247 0.93752
FE 0.81241 0.68747 0.93751
FE 0.81215 0.81214 0.06249
FE 0.93603 0.93585 0.06260
FE 0.93738 0.81225 0.18770
FE 0.81211 0.93737 0.18777
FE 0.81244 0.81244 0.31252
FE 0.93725 0.93734 0.31290
FE 0.93750 0.81244 0.43757
FE 0.81236 0.93748 0.43763
FE 0.81246 0.81247 0.56247
FE 0.93750 0.93749 0.56243
FE 0.93748 0.81239 0.68741
FE 0.81235 0.93747 0.68739
FE 0.81238 0.81240 0.81243
FE 0.93724 0.93727 0.81205
FE 0.93744 0.81236 0.93743
FE 0.81197 0.93719 0.93733
