32
Lattice="7.00085 0.000420051 -0.0 0.000420051 7.332060213499999 0.000420051 -0.0 0.000420051 7.00085"
RU -0.00375 -0.00275 -0.00375
RU 0.25639 0.25579 -0.00363
RU 0.25743 -0.00240 0.25743
RU -0.00363 0.25579 0.25639
FE -0.00172 -0.00082 0.50225
FE 0.25219 0.25181 0.50242
FE 0.25637 -0.00063 0.74325
FE -0.00140 0.25452 0.74440
FE -0.00086 0.50158 -0.00086
FE 0.25447 0.74480 -0.00071
FE 0.25157 0.50161 0.25157
FE -0.00071 0.74480 0.25447
FE -0.00021 0.50111 0.50110
FE 0.25056 0.74807 0.50095
FE 0.25089 0.50094 0.74838
FE -0.00015 0.74540 0.74553
FE 0.50225 -0.00082 -0.00172
FE 0.74440 0.25452 -0.00140
FE 0.74325 -0.00063 0.25637
FE 0.50242 0.25181 0.25219
FE 0.50207 0.00003 0.50207
FE 0.74783 0.25094 0.50178
FE 0.74371 0.00003 0.74371
FE 0.50178 0.25094 0.74783
FE 0.50110 0.50111 -0.00021
FE 0.74553 0.74540 -0.00015
FE 0.74838 0.50094 0.25089
FE 0.50095 0.74807 0.25056
FE 0.50019 0.49998 0.50019
FE 0.74943 0.74904 0.50018
FE 0.74909 0.49998 0.74909
FE 0.50018 0.74904 0.74943
