256
Lattice="13.70152 0.0 -0.0 0.0 14.4555146456 -0.0019182128 -0.0 -0.0017811976 13.7052194104"
RU 0.06250 0.06035 0.06448
FE 0.19113 0.18882 0.06502
FE 0.19029 0.06239 0.19039
FE 0.06247 0.18894 0.18915
FE 0.06248 0.06247 0.31283
FE 0.18767 0.18760 0.31261
FE 0.18765 0.06254 0.43723
FE 0.06248 0.18768 0.43735
FE 0.06248 0.06389 0.56122
FE 0.18757 0.18759 0.56250
FE 0.18891 0.06381 0.68739
FE 0.06248 0.18772 0.68718
FE 0.06248 0.06249 0.81214
FE 0.19035 0.18767 0.80965
FE 0.19123 0.06125 0.93522
RU 0.06250 0.18990 0.93574
FE 0.06249 0.31403 0.06379
FE 0.18756 0.43758 0.06253
FE 0.18770 0.31261 0.18780
FE 0.06248 0.43767 0.18766
FE 0.06248 0.31264 0.31263
FE 0.18755 0.43756 0.31254
FE 0.18754 0.31252 0.43749
FE 0.06248 0.43751 0.43750
FE 0.06248 0.31248 0.56251
FE 0.18752 0.43753 0.56247
FE 0.18766 0.31256 0.68727
FE 0.06248 0.43769 0.68735
FE 0.06248 0.31446 0.81064
FE 0.18760 0.43765 0.81236
FE 0.18889 0.31402 0.93750
FE 0.06248 0.43766 0.93754
FE 0.06248 0.56248 0.06244
FE 0.18751 0.68753 0.06249
FE 0.18753 0.56251 0.18756
FE 0.06248 0.68753 0.18750
FE 0.06248 0.56248 0.31248
FE 0.18755 0.68748 0.31251
FE 0.18754 0.56244 0.43748
FE 0.06248 0.68738 0.43735
FE 0.06248 0.56247 0.56251
FE 0.18758 0.68746 0.56242
FE 0.18752 0.56252 0.68747
FE 0.06248 0.68738 0.68753
FE 0.06248 0.56248 0.81248
FE 0.18758 0.68742 0.81250
FE 0.18751 0.56243 0.93757
FE 0.06248 0.68738 0.93770
FE 0.06248 0.81232 0.06245
FE 0.18887 0.93603 0.06247
FE 0.18760 0.81235 0.18763
FE 0.06248 0.93554 0.18933
FE 0.06248 0.81231 0.31266
FE 0.18768 0.93744 0.31282
FE 0.18766 0.81241 0.43732
FE 0.06248 0.93751 0.43716
FE 0.06247 0.81105 0.56117
FE 0.19012 0.93752 0.55986
FE 0.18883 0.81102 0.68747
RU 0.06250 0.93722 0.68730
FE 0.06248 0.81093 0.81364
FE 0.19028 0.93740 0.81482
FE 0.18769 0.81235 0.93767
FE 0.06249 0.93594 0.93658
FE 0.31306 0.06244 0.06265
FE 0.43741 0.18754 0.06247
FE 0.43748 0.06245 0.18757
FE 0.31320 0.18757 0.18818
FE 0.31317 0.06248 0.31307
FE 0.43762 0.18755 0.31260
FE 0.43762 0.06250 0.43753
FE 0.31256 0.18755 0.43755
FE 0.31275 0.06252 0.56231
FE 0.43759 0.18752 0.56241
FE 0.43761 0.06247 0.68741
FE 0.31326 0.18769 0.68690
FE 0.31340 0.06249 0.81195
FE 0.43750 0.18754 0.81244
FE 0.43746 0.06249 0.93757
FE 0.31303 0.18758 0.93741
FE 0.31283 0.31268 0.06261
FE 0.43752 0.43751 0.06249
FE 0.43758 0.31249 0.18758
FE 0.31255 0.43757 0.18755
FE 0.31256 0.31250 0.31254
FE 0.43751 0.43753 0.31248
FE 0.43751 0.31248 0.43751
FE 0.31249 0.43752 0.43752
FE 0.31258 0.31253 0.56242
FE 0.43751 0.43752 0.56248
FE 0.43755 0.31249 0.68747
FE 0.31250 0.43753 0.68750
FE 0.31275 0.31258 0.81234
FE 0.43754 0.43753 0.81247
FE 0.43752 0.31250 0.93751
FE 0.31269 0.43773 0.93751
FE 0.31253 0.56251 0.06249
FE 0.43750 0.68753 0.06248
FE 0.43752 0.56249 0.18753
FE 0.31253 0.68749 0.18753
FE 0.31249 0.56248 0.31248
FE 0.43751 0.68752 0.31249
FE 0.43751 0.56247 0.43752
FE 0.31251 0.68751 0.43750
FE 0.31254 0.56244 0.56247
FE 0.43753 0.68752 0.56247
FE 0.43750 0.56249 0.68752
FE 0.31264 0.68737 0.68752
FE 0.31257 0.56248 0.81248
FE 0.43754 0.68752 0.81249
FE 0.43751 0.56246 0.93752
FE 0.31254 0.68748 0.93752
FE 0.31274 0.81225 0.06253
FE 0.43758 0.93750 0.06255
FE 0.43753 0.81248 0.18753
FE 0.31273 0.93745 0.18767
FE 0.31256 0.81245 0.31245
FE 0.43762 0.93750 0.31247
FE 0.43755 0.81246 0.43746
FE 0.31310 0.93751 0.43699
FE 0.31270 0.81241 0.56235
FE 0.43743 0.93753 0.56248
FE 0.43750 0.81246 0.68752
FE 0.31289 0.93750 0.68746
FE 0.31275 0.81238 0.81258
FE 0.43750 0.93750 0.81242
FE 0.43756 0.81247 0.93756
FE 0.31338 0.93732 0.93795
FE 0.56248 0.06246 0.06247
FE 0.68763 0.18754 0.06247
FE 0.68756 0.06245 0.18757
FE 0.56248 0.18754 0.18753
FE 0.56248 0.06248 0.31249
FE 0.68742 0.18755 0.31260
FE 0.68742 0.06250 0.43753
FE 0.56248 0.18751 0.43751
FE 0.56248 0.06249 0.56250
FE 0.68745 0.18752 0.56241
FE 0.68743 0.06247 0.68741
FE 0.56248 0.18751 0.68751
FE 0.56248 0.06248 0.81247
FE 0.68754 0.18755 0.81244
FE 0.68758 0.06249 0.93757
FE 0.56248 0.18752 0.93752
FE 0.56248 0.31247 0.06247
FE 0.68752 0.43751 0.06249
FE 0.68747 0.31249 0.18758
FE 0.56248 0.43752 0.18752
FE 0.56248 0.31246 0.31248
FE 0.68753 0.43753 0.31248
FE 0.68753 0.31248 0.43751
FE 0.56248 0.43753 0.43751
FE 0.56248 0.31248 0.56249
FE 0.68753 0.43752 0.56248
FE 0.68750 0.31249 0.68747
FE 0.56248 0.43751 0.68752
FE 0.56248 0.31247 0.81248
FE 0.68751 0.43753 0.81247
FE 0.68752 0.31250 0.93751
FE 0.56248 0.43752 0.93753
FE 0.56248 0.56248 0.06248
FE 0.68754 0.68753 0.06248
FE 0.68752 0.56249 0.18753
FE 0.56248 0.68751 0.18753
FE 0.56248 0.56248 0.31249
FE 0.68753 0.68752 0.31249
FE 0.68753 0.56247 0.43752
FE 0.56248 0.68753 0.43752
FE 0.56248 0.56247 0.56249
FE 0.68751 0.68752 0.56247
FE 0.68754 0.56249 0.68752
FE 0.56248 0.68754 0.68752
FE 0.56248 0.56248 0.81247
FE 0.68751 0.68752 0.81249
FE 0.68754 0.56246 0.93752
FE 0.56248 0.68753 0.93752
FE 0.56248 0.81249 0.06247
FE 0.68746 0.93750 0.06255
FE 0.68752 0.81248 0.18753
FE 0.56248 0.93753 0.18751
FE 0.56248 0.81250 0.31248
FE 0.68742 0.93750 0.31247
FE 0.68749 0.81246 0.43746
FE 0.56248 0.93752 0.43750
FE 0.56248 0.81246 0.56249
FE 0.68761 0.93753 0.56248
FE 0.68754 0.81246 0.68752
FE 0.56248 0.93754 0.68753
FE 0.56248 0.81248 0.81248
FE 0.68754 0.93750 0.81242
FE 0.68748 0.81247 0.93756
FE 0.56248 0.93753 0.93754
FE 0.81190 0.06244 0.06264
FE 0.93386 0.18881 0.06503
FE 0.93471 0.06240 0.19039
FE 0.81176 0.18757 0.18818
FE 0.81179 0.06248 0.31306
FE 0.93737 0.18760 0.31261
FE 0.93739 0.06254 0.43723
FE 0.81240 0.18755 0.43755
FE 0.81221 0.06252 0.56231
FE 0.93747 0.18759 0.56250
FE 0.93611 0.06382 0.68739
FE 0.81171 0.18769 0.68691
FE 0.81156 0.06249 0.81195
FE 0.93465 0.18766 0.80965
FE 0.93376 0.06125 0.93522
FE 0.81193 0.18759 0.93741
FE 0.81214 0.31268 0.06261
FE 0.93748 0.43758 0.06253
FE 0.93734 0.31261 0.18780
FE 0.81241 0.43757 0.18755
FE 0.81241 0.31250 0.31254
FE 0.93749 0.43756 0.31254
FE 0.93750 0.31252 0.43749
FE 0.81248 0.43752 0.43752
FE 0.81238 0.31253 0.56242
FE 0.93752 0.43753 0.56247
FE 0.93738 0.31256 0.68727
FE 0.81246 0.43753 0.68750
FE 0.81221 0.31258 0.81234
FE 0.93744 0.43765 0.81236
FE 0.93613 0.31402 0.93749
FE 0.81227 0.43773 0.93751
FE 0.81244 0.56251 0.06249
FE 0.93753 0.68753 0.06249
FE 0.93752 0.56251 0.18756
FE 0.81243 0.68749 0.18753
FE 0.81247 0.56248 0.31248
FE 0.93749 0.68748 0.31251
FE 0.93750 0.56244 0.43748
FE 0.81245 0.68751 0.43750
FE 0.81243 0.56244 0.56247
FE 0.93746 0.68746 0.56242
FE 0.93752 0.56252 0.68747
FE 0.81233 0.68737 0.68752
FE 0.81239 0.56248 0.81248
FE 0.93746 0.68742 0.81250
FE 0.93753 0.56243 0.93757
FE 0.81242 0.68748 0.93752
FE 0.81222 0.81225 0.06253
FE 0.93616 0.93603 0.06248
FE 0.93744 0.81235 0.18763
FE 0.81223 0.93745 0.18767
FE 0.81241 0.81245 0.31245
FE 0.93736 0.93744 0.31282
FE 0.93738 0.81241 0.43732
FE 0.81186 0.93751 0.43700
FE 0.81226 0.81241 0.56235
FE 0.93489 0.93751 0.55986
FE 0.93621 0.81103 0.68746
FE 0.81207 0.93750 0.68747
FE 0.81222 0.81237 0.81258
FE 0.93472 0.93739 0.81482
FE 0.93736 0.81235 0.93767
FE 0.81159 0.93732 0.93795
