256
Lattice="13.67872 0.0 0.0 0.0 14.452661977600002 -0.0009575103999999999 0.0 -0.0008207232 13.684191488"
RU 0.06248 0.06072 0.06425
FE 0.19106 0.18870 0.06519
FE 0.19074 0.06221 0.19092
FE 0.06244 0.18888 0.18927
FE 0.06247 0.06235 0.31295
FE 0.18799 0.18777 0.31300
FE 0.18764 0.06244 0.43749
FE 0.06248 0.18760 0.43755
FE 0.06248 0.06240 0.56245
FE 0.18764 0.18756 0.56251
FE 0.18799 0.06223 0.68700
FE 0.06247 0.18765 0.68705
FE 0.06244 0.06112 0.81073
FE 0.19074 0.18779 0.80908
FE 0.19106 0.06130 0.93481
RU 0.06248 0.18928 0.93575
FE 0.06248 0.31426 0.06375
FE 0.18773 0.43780 0.06265
FE 0.18802 0.31296 0.18823
FE 0.06247 0.43793 0.18794
FE 0.06248 0.31298 0.31293
FE 0.18765 0.43776 0.31273
FE 0.18764 0.31263 0.43766
FE 0.06248 0.43764 0.43759
FE 0.06248 0.31261 0.56243
FE 0.18763 0.43769 0.56230
FE 0.18804 0.31290 0.68676
FE 0.06248 0.43814 0.68692
FE 0.06247 0.31504 0.81028
FE 0.18783 0.43800 0.81214
FE 0.18891 0.31420 0.93730
FE 0.06247 0.43793 0.93752
FE 0.06248 0.56248 0.06249
FE 0.18755 0.68751 0.06249
FE 0.18757 0.56260 0.18765
FE 0.06248 0.68750 0.18756
FE 0.06248 0.56255 0.31257
FE 0.18760 0.68738 0.31264
FE 0.18755 0.56251 0.43756
FE 0.06248 0.68742 0.43761
FE 0.06248 0.56258 0.56239
FE 0.18755 0.68749 0.56244
FE 0.18760 0.56262 0.68736
FE 0.06248 0.68745 0.68743
FE 0.06248 0.56250 0.81244
FE 0.18757 0.68740 0.81235
FE 0.18755 0.56249 0.93751
FE 0.06248 0.68752 0.93751
FE 0.06247 0.81207 0.06248
FE 0.18891 0.93580 0.06270
FE 0.18783 0.81200 0.18786
FE 0.06247 0.93496 0.18972
FE 0.06248 0.81186 0.31308
FE 0.18804 0.93710 0.31324
FE 0.18763 0.81231 0.43770
FE 0.06248 0.93739 0.43757
FE 0.06248 0.81236 0.56241
FE 0.18764 0.93737 0.56234
FE 0.18765 0.81224 0.68727
FE 0.06248 0.93702 0.68707
FE 0.06247 0.81207 0.81206
FE 0.18802 0.93704 0.81177
FE 0.18773 0.81220 0.93735
FE 0.06248 0.93574 0.93625
FE 0.31332 0.06228 0.06280
FE 0.43750 0.18759 0.06256
FE 0.43774 0.06236 0.18782
FE 0.31420 0.18770 0.18914
FE 0.31417 0.06237 0.31418
FE 0.43821 0.18765 0.31314
FE 0.43811 0.06241 0.43801
FE 0.31280 0.18765 0.43779
FE 0.31280 0.06235 0.56221
FE 0.43811 0.18759 0.56199
FE 0.43821 0.06235 0.68686
FE 0.31417 0.18763 0.68582
FE 0.31420 0.06230 0.81086
FE 0.43774 0.18764 0.81218
FE 0.43750 0.06241 0.93744
FE 0.31332 0.18772 0.93720
FE 0.31330 0.31306 0.06283
FE 0.43772 0.43769 0.06255
FE 0.43791 0.31270 0.18783
FE 0.31270 0.43774 0.18767
FE 0.31282 0.31269 0.31283
FE 0.43759 0.43762 0.31253
FE 0.43765 0.31259 0.43754
FE 0.31259 0.43763 0.43754
FE 0.31283 0.31268 0.56219
FE 0.43758 0.43759 0.56244
FE 0.43783 0.31266 0.68725
FE 0.31264 0.43767 0.68738
FE 0.31312 0.31284 0.81200
FE 0.43771 0.43768 0.81237
FE 0.43768 0.31266 0.93746
FE 0.31304 0.43808 0.93748
FE 0.31262 0.56261 0.06253
FE 0.43763 0.68745 0.06249
FE 0.43760 0.56251 0.18757
FE 0.31266 0.68737 0.18761
FE 0.31255 0.56251 0.31255
FE 0.43758 0.68748 0.31252
FE 0.43755 0.56249 0.43753
FE 0.31253 0.68748 0.43755
FE 0.31253 0.56252 0.56245
FE 0.43755 0.68751 0.56247
FE 0.43758 0.56252 0.68748
FE 0.31255 0.68749 0.68745
FE 0.31266 0.56263 0.81239
FE 0.43760 0.68749 0.81243
FE 0.43763 0.56255 0.93751
FE 0.31262 0.68739 0.93747
FE 0.31304 0.81192 0.06252
FE 0.43768 0.93734 0.06254
FE 0.43771 0.81232 0.18763
FE 0.31312 0.93716 0.18800
FE 0.31264 0.81233 0.31262
FE 0.43783 0.93734 0.31275
FE 0.43758 0.81241 0.43756
FE 0.31283 0.93732 0.43781
FE 0.31259 0.81237 0.56246
FE 0.43765 0.93741 0.56246
FE 0.43759 0.81238 0.68747
FE 0.31282 0.93731 0.68717
FE 0.31270 0.81226 0.81233
FE 0.43791 0.93730 0.81217
FE 0.43772 0.81231 0.93745
FE 0.31330 0.93694 0.93717
FE 0.56248 0.06244 0.06250
FE 0.68754 0.18760 0.06257
FE 0.68732 0.06236 0.18783
FE 0.56248 0.18756 0.18762
FE 0.56248 0.06242 0.31263
FE 0.68682 0.18764 0.31315
FE 0.68693 0.06241 0.43801
FE 0.56248 0.18759 0.43758
FE 0.56248 0.06241 0.56242
FE 0.68693 0.18759 0.56199
FE 0.68682 0.06236 0.68685
FE 0.56248 0.18758 0.68737
FE 0.56248 0.06244 0.81238
FE 0.68732 0.18764 0.81217
FE 0.68754 0.06240 0.93743
FE 0.56248 0.18756 0.93750
FE 0.56248 0.31254 0.06251
FE 0.68733 0.43769 0.06255
FE 0.68713 0.31270 0.18782
FE 0.56248 0.43762 0.18760
FE 0.56248 0.31261 0.31261
FE 0.68746 0.43762 0.31253
FE 0.68740 0.31260 0.43754
FE 0.56248 0.43758 0.43753
FE 0.56248 0.31258 0.56239
FE 0.68748 0.43759 0.56244
FE 0.68721 0.31267 0.68724
FE 0.56248 0.43761 0.68744
FE 0.56248 0.31259 0.81239
FE 0.68734 0.43768 0.81237
FE 0.68737 0.31267 0.93746
FE 0.56248 0.43759 0.93752
FE 0.56248 0.56251 0.06249
FE 0.68742 0.68744 0.06249
FE 0.68746 0.56251 0.18757
FE 0.56248 0.68749 0.18755
FE 0.56248 0.56248 0.31251
FE 0.68748 0.68748 0.31252
FE 0.68750 0.56249 0.43753
FE 0.56248 0.68751 0.43754
FE 0.56248 0.56249 0.56246
FE 0.68750 0.68751 0.56247
FE 0.68748 0.56252 0.68748
FE 0.56248 0.68752 0.68749
FE 0.56248 0.56251 0.81245
FE 0.68746 0.68749 0.81243
FE 0.68742 0.56256 0.93751
FE 0.56248 0.68749 0.93751
FE 0.56248 0.81241 0.06248
FE 0.68737 0.93733 0.06254
FE 0.68734 0.81232 0.18763
FE 0.56248 0.93741 0.18761
FE 0.56248 0.81239 0.31256
FE 0.68721 0.93733 0.31276
FE 0.68748 0.81241 0.43756
FE 0.56248 0.93742 0.43761
FE 0.56248 0.81242 0.56247
FE 0.68740 0.93740 0.56246
FE 0.68746 0.81238 0.68747
FE 0.56248 0.93739 0.68739
FE 0.56248 0.81238 0.81240
FE 0.68713 0.93730 0.81218
FE 0.68733 0.81231 0.93745
FE 0.56248 0.93746 0.93749
FE 0.81163 0.06227 0.06279
FE 0.93388 0.18870 0.06521
FE 0.93419 0.06220 0.19091
FE 0.81080 0.18773 0.18915
FE 0.81084 0.06236 0.31419
FE 0.93704 0.18777 0.31302
FE 0.93741 0.06244 0.43750
FE 0.81215 0.18765 0.43779
FE 0.81215 0.06235 0.56221
FE 0.93741 0.18756 0.56250
FE 0.93704 0.06223 0.68698
FE 0.81084 0.18764 0.68581
FE 0.81080 0.06227 0.81085
FE 0.93419 0.18780 0.80909
FE 0.93388 0.06130 0.93479
FE 0.81163 0.18773 0.93721
FE 0.81167 0.31305 0.06282
FE 0.93732 0.43780 0.06266
FE 0.93702 0.31298 0.18823
FE 0.81226 0.43774 0.18767
FE 0.81215 0.31269 0.31283
FE 0.93740 0.43776 0.31274
FE 0.93742 0.31263 0.43766
FE 0.81237 0.43763 0.43754
FE 0.81213 0.31268 0.56218
FE 0.93743 0.43769 0.56230
FE 0.93699 0.31291 0.68675
FE 0.81232 0.43768 0.68738
FE 0.81183 0.31283 0.81199
FE 0.93723 0.43800 0.81214
FE 0.93607 0.31420 0.93729
FE 0.81192 0.43808 0.93748
FE 0.81234 0.56261 0.06253
FE 0.93750 0.68750 0.06249
FE 0.93748 0.56260 0.18765
FE 0.81230 0.68737 0.18761
FE 0.81241 0.56251 0.31255
FE 0.93745 0.68738 0.31264
FE 0.93750 0.56251 0.43756
FE 0.81243 0.68748 0.43756
FE 0.81243 0.56252 0.56244
FE 0.93750 0.68749 0.56244
FE 0.93745 0.56262 0.68736
FE 0.81241 0.68749 0.68745
FE 0.81230 0.56263 0.81239
FE 0.93748 0.68740 0.81235
FE 0.93750 0.56250 0.93751
FE 0.81234 0.68739 0.93747
FE 0.81192 0.81192 0.06252
FE 0.93607 0.93580 0.06271
FE 0.93723 0.81200 0.18786
FE 0.81183 0.93717 0.18801
FE 0.81232 0.81232 0.31262
FE 0.93699 0.93709 0.31325
FE 0.93743 0.81231 0.43770
FE 0.81213 0.93732 0.43782
FE 0.81237 0.81237 0.56246
FE 0.93742 0.93737 0.56234
FE 0.93740 0.81224 0.68726
FE 0.81215 0.93731 0.68717
FE 0.81226 0.81226 0.81233
FE 0.93702 0.93702 0.81177
FE 0.93732 0.81220 0.93734
FE 0.81167 0.93695 0.93718
