256
Lattice="13.70722 0.0 0.0 0.0 14.42684905 -0.0012336498000000001 0.0 -0.0010965776 13.7087277942"
RU 0.06250 0.06060 0.06427
FE 0.19045 0.18857 0.06448
FE 0.18962 0.06244 0.18970
FE 0.06248 0.18864 0.18881
FE 0.06249 0.06248 0.31274
FE 0.18759 0.18753 0.31255
FE 0.18757 0.06251 0.43732
FE 0.06249 0.18759 0.43741
FE 0.06249 0.06360 0.56148
FE 0.18753 0.18754 0.56252
FE 0.18858 0.06356 0.68747
FE 0.06249 0.18763 0.68727
FE 0.06248 0.06248 0.81221
FE 0.18966 0.18758 0.81032
FE 0.19049 0.06144 0.93565
RU 0.06250 0.18953 0.93583
FE 0.06249 0.31366 0.06351
FE 0.18752 0.43754 0.06251
FE 0.18761 0.31253 0.18766
FE 0.06249 0.43759 0.18758
FE 0.06249 0.31255 0.31257
FE 0.18753 0.43753 0.31251
FE 0.18752 0.31249 0.43748
FE 0.06249 0.43750 0.43750
FE 0.06249 0.31247 0.56252
FE 0.18751 0.43751 0.56250
FE 0.18758 0.31250 0.68739
FE 0.06249 0.43758 0.68745
FE 0.06249 0.31393 0.81111
FE 0.18755 0.43757 0.81242
FE 0.18858 0.31365 0.93751
FE 0.06249 0.43759 0.93753
FE 0.06249 0.56249 0.06245
FE 0.18750 0.68753 0.06248
FE 0.18752 0.56250 0.18754
FE 0.06249 0.68752 0.18749
FE 0.06249 0.56248 0.31248
FE 0.18753 0.68751 0.31251
FE 0.18753 0.56246 0.43749
FE 0.06249 0.68745 0.43741
FE 0.06249 0.56247 0.56252
FE 0.18754 0.68750 0.56246
FE 0.18751 0.56250 0.68749
FE 0.06249 0.68744 0.68753
FE 0.06249 0.56249 0.81249
FE 0.18754 0.68748 0.81249
FE 0.18750 0.56246 0.93755
FE 0.06249 0.68744 0.93762
FE 0.06249 0.81241 0.06245
FE 0.18856 0.93638 0.06245
FE 0.18755 0.81243 0.18757
FE 0.06249 0.93607 0.18886
FE 0.06249 0.81242 0.31257
FE 0.18759 0.93750 0.31268
FE 0.18759 0.81247 0.43739
FE 0.06249 0.93752 0.43724
FE 0.06248 0.81138 0.56147
FE 0.18953 0.93753 0.56046
FE 0.18855 0.81136 0.68749
RU 0.06250 0.93735 0.68741
FE 0.06248 0.81131 0.81345
FE 0.18961 0.93748 0.81435
FE 0.18759 0.81244 0.93761
FE 0.06249 0.93630 0.93675
FE 0.31288 0.06247 0.06257
FE 0.43742 0.18752 0.06247
FE 0.43745 0.06247 0.18753
FE 0.31289 0.18753 0.18787
FE 0.31285 0.06248 0.31280
FE 0.43752 0.18753 0.31252
FE 0.43752 0.06250 0.43750
FE 0.31252 0.18752 0.43752
FE 0.31264 0.06250 0.56240
FE 0.43751 0.18750 0.56247
FE 0.43751 0.06247 0.68749
FE 0.31290 0.18760 0.68720
FE 0.31301 0.06249 0.81219
FE 0.43746 0.18752 0.81248
FE 0.43743 0.06249 0.93755
FE 0.31287 0.18754 0.93745
FE 0.31268 0.31258 0.06255
FE 0.43749 0.43749 0.06249
FE 0.43752 0.31248 0.18754
FE 0.31252 0.43754 0.18753
FE 0.31252 0.31249 0.31250
FE 0.43751 0.43752 0.31248
FE 0.43750 0.31248 0.43751
FE 0.31249 0.43751 0.43751
FE 0.31253 0.31250 0.56247
FE 0.43750 0.43752 0.56249
FE 0.43750 0.31248 0.68750
FE 0.31249 0.43752 0.68751
FE 0.31264 0.31252 0.81242
FE 0.43751 0.43751 0.81248
FE 0.43749 0.31248 0.93751
FE 0.31260 0.43762 0.93751
FE 0.31251 0.56250 0.06249
FE 0.43749 0.68753 0.06248
FE 0.43751 0.56249 0.18752
FE 0.31251 0.68750 0.18752
FE 0.31249 0.56248 0.31249
FE 0.43750 0.68751 0.31249
FE 0.43751 0.56248 0.43751
FE 0.31250 0.68752 0.43750
FE 0.31252 0.56246 0.56248
FE 0.43751 0.68753 0.56248
FE 0.43749 0.56250 0.68751
FE 0.31257 0.68744 0.68752
FE 0.31254 0.56248 0.81249
FE 0.43751 0.68752 0.81249
FE 0.43749 0.56246 0.93751
FE 0.31252 0.68750 0.93751
FE 0.31262 0.81237 0.06250
FE 0.43750 0.93752 0.06249
FE 0.43750 0.81250 0.18752
FE 0.31262 0.93750 0.18759
FE 0.31252 0.81247 0.31248
FE 0.43752 0.93751 0.31250
FE 0.43751 0.81248 0.43749
FE 0.31282 0.93752 0.43721
FE 0.31261 0.81246 0.56242
FE 0.43743 0.93752 0.56250
FE 0.43749 0.81248 0.68752
FE 0.31278 0.93751 0.68750
FE 0.31264 0.81244 0.81254
FE 0.43746 0.93752 0.81245
FE 0.43750 0.81250 0.93753
FE 0.31299 0.93742 0.93776
FE 0.56249 0.06247 0.06247
FE 0.68761 0.18752 0.06247
FE 0.68758 0.06247 0.18753
FE 0.56249 0.18753 0.18752
FE 0.56249 0.06248 0.31249
FE 0.68751 0.18753 0.31252
FE 0.68751 0.06250 0.43750
FE 0.56249 0.18750 0.43751
FE 0.56249 0.06249 0.56250
FE 0.68752 0.18750 0.56247
FE 0.68752 0.06247 0.68749
FE 0.56249 0.18751 0.68751
FE 0.56249 0.06248 0.81248
FE 0.68757 0.18752 0.81248
FE 0.68760 0.06249 0.93755
FE 0.56249 0.18751 0.93752
FE 0.56249 0.31247 0.06248
FE 0.68754 0.43749 0.06249
FE 0.68751 0.31248 0.18754
FE 0.56249 0.43751 0.18751
FE 0.56249 0.31247 0.31248
FE 0.68752 0.43752 0.31248
FE 0.68753 0.31248 0.43751
FE 0.56249 0.43753 0.43751
FE 0.56249 0.31249 0.56249
FE 0.68753 0.43752 0.56249
FE 0.68753 0.31248 0.68750
FE 0.56249 0.43751 0.68752
FE 0.56249 0.31248 0.81249
FE 0.68752 0.43751 0.81248
FE 0.68754 0.31248 0.93751
FE 0.56249 0.43751 0.93752
FE 0.56249 0.56249 0.06248
FE 0.68754 0.68753 0.06248
FE 0.68752 0.56249 0.18752
FE 0.56249 0.68750 0.18752
FE 0.56249 0.56248 0.31249
FE 0.68752 0.68751 0.31249
FE 0.68752 0.56248 0.43751
FE 0.56249 0.68753 0.43751
FE 0.56249 0.56248 0.56249
FE 0.68752 0.68753 0.56248
FE 0.68754 0.56250 0.68751
FE 0.56249 0.68753 0.68751
FE 0.56249 0.56248 0.81248
FE 0.68752 0.68752 0.81249
FE 0.68754 0.56246 0.93751
FE 0.56249 0.68752 0.93751
FE 0.56249 0.81249 0.06248
FE 0.68753 0.93752 0.06249
FE 0.68753 0.81250 0.18752
FE 0.56249 0.93752 0.18751
FE 0.56249 0.81250 0.31249
FE 0.68751 0.93751 0.31250
FE 0.68752 0.81248 0.43749
FE 0.56249 0.93751 0.43750
FE 0.56249 0.81247 0.56249
FE 0.68759 0.93752 0.56250
FE 0.68754 0.81248 0.68752
FE 0.56249 0.93753 0.68752
FE 0.56249 0.81249 0.81248
FE 0.68757 0.93752 0.81245
FE 0.68753 0.81250 0.93753
FE 0.56249 0.93752 0.93753
FE 0.81209 0.06247 0.06256
FE 0.93456 0.18857 0.06449
FE 0.93540 0.06245 0.18970
FE 0.81208 0.18753 0.18787
FE 0.81212 0.06248 0.31280
FE 0.93744 0.18753 0.31255
FE 0.93746 0.06251 0.43732
FE 0.81245 0.18752 0.43752
FE 0.81234 0.06250 0.56240
FE 0.93750 0.18754 0.56252
FE 0.93644 0.06356 0.68746
FE 0.81207 0.18760 0.68720
FE 0.81196 0.06249 0.81219
FE 0.93537 0.18757 0.81032
FE 0.93452 0.06145 0.93564
FE 0.81210 0.18754 0.93745
FE 0.81229 0.31258 0.06255
FE 0.93751 0.43754 0.06251
FE 0.93742 0.31253 0.18766
FE 0.81245 0.43754 0.18753
FE 0.81245 0.31249 0.31250
FE 0.93749 0.43753 0.31251
FE 0.93750 0.31249 0.43748
FE 0.81249 0.43751 0.43751
FE 0.81244 0.31250 0.56247
FE 0.93751 0.43751 0.56250
FE 0.93745 0.31250 0.68739
FE 0.81248 0.43752 0.68751
FE 0.81234 0.31252 0.81242
FE 0.93748 0.43757 0.81242
FE 0.93644 0.31365 0.93750
FE 0.81238 0.43763 0.93751
FE 0.81246 0.56250 0.06249
FE 0.93753 0.68753 0.06248
FE 0.93751 0.56250 0.18754
FE 0.81246 0.68750 0.18752
FE 0.81248 0.56248 0.31249
FE 0.93750 0.68751 0.31251
FE 0.93750 0.56246 0.43749
FE 0.81247 0.68752 0.43750
FE 0.81245 0.56246 0.56248
FE 0.93749 0.68750 0.56246
FE 0.93752 0.56250 0.68749
FE 0.81240 0.68744 0.68752
FE 0.81243 0.56248 0.81249
FE 0.93749 0.68748 0.81249
FE 0.93753 0.56246 0.93755
FE 0.81245 0.68750 0.93751
FE 0.81235 0.81237 0.06250
FE 0.93646 0.93638 0.06246
FE 0.93748 0.81243 0.18757
FE 0.81235 0.93750 0.18759
FE 0.81245 0.81247 0.31248
FE 0.93744 0.93750 0.31268
FE 0.93744 0.81247 0.43739
FE 0.81215 0.93752 0.43721
FE 0.81236 0.81246 0.56242
FE 0.93549 0.93752 0.56046
FE 0.93648 0.81136 0.68749
FE 0.81219 0.93751 0.68750
FE 0.81233 0.81244 0.81254
FE 0.93541 0.93748 0.81436
FE 0.93744 0.81244 0.93761
FE 0.81199 0.93742 0.93776
