256
Lattice="13.70228 -0.0 -0.0 -0.0 14.4667302012 -0.00013702280000000002 -0.0 -0.00013702280000000002 13.7020059544"
RU 0.06258 0.06254 0.06239
FE 0.18877 0.18886 0.06257
FE 0.19023 0.06250 0.19008
FE 0.06251 0.18890 0.18882
FE 0.06276 0.06257 0.31268
FE 0.18765 0.18761 0.31266
FE 0.18750 0.06248 0.43742
FE 0.06260 0.18772 0.43743
FE 0.06272 0.06256 0.56263
FE 0.18728 0.18744 0.56232
FE 0.18741 0.06231 0.68767
FE 0.06253 0.18749 0.68750
FE 0.06252 0.06249 0.81221
FE 0.18747 0.18748 0.81236
FE 0.19013 0.06246 0.93485
FE 0.06239 0.18892 0.93631
FE 0.06244 0.31258 0.06267
FE 0.18769 0.43745 0.06273
FE 0.18761 0.31257 0.18762
FE 0.06266 0.43741 0.18777
FE 0.06243 0.31271 0.31258
FE 0.18754 0.43757 0.31253
FE 0.18680 0.31250 0.43682
FE 0.06240 0.43755 0.43744
FE 0.06263 0.31251 0.56245
FE 0.18733 0.43760 0.56224
FE 0.18720 0.31249 0.68746
FE 0.06267 0.43744 0.68726
FE 0.06264 0.31258 0.81221
FE 0.18753 0.43757 0.81242
FE 0.18707 0.31236 0.93818
FE 0.06370 0.43611 0.93761
FE 0.06519 0.56249 0.06517
FE 0.18777 0.68764 0.06265
FE 0.18824 0.56246 0.18824
FE 0.06268 0.68762 0.18775
FE 0.06255 0.56243 0.31239
FE 0.18764 0.68749 0.31259
FE 0.18751 0.56249 0.43750
FE 0.06268 0.68734 0.43751
FE 0.06252 0.56245 0.56255
FE 0.18757 0.68759 0.56241
FE 0.18805 0.56268 0.68678
FE 0.06269 0.68761 0.68728
FE 0.06514 0.56249 0.80987
FE 0.18775 0.68762 0.81226
FE 0.18786 0.56250 0.93756
FE 0.06377 0.68895 0.93754
FE 0.06264 0.81234 0.06248
FE 0.18894 0.93613 0.06239
FE 0.18770 0.81236 0.18755
FE 0.06328 0.93610 0.18811
FE 0.06277 0.81220 0.31254
FE 0.18762 0.93742 0.31274
FE 0.18753 0.81243 0.43755
FE 0.06285 0.93749 0.43751
FE 0.06277 0.81240 0.56261
FE 0.18739 0.93747 0.56248
FE 0.18764 0.81244 0.68754
FE 0.06323 0.93755 0.68820
FE 0.06263 0.81234 0.81227
FE 0.18782 0.93742 0.81232
FE 0.18780 0.81258 0.93745
FE 0.06249 0.93606 0.93624
FE 0.31283 0.06245 0.06252
FE 0.43751 0.18753 0.06247
FE 0.43737 0.06251 0.18746
FE 0.31275 0.18761 0.18769
FE 0.31319 0.06247 0.31318
FE 0.43757 0.18756 0.31254
FE 0.43765 0.06230 0.43744
FE 0.31238 0.18746 0.43732
FE 0.31241 0.06238 0.56240
FE 0.43748 0.18610 0.56124
FE 0.43757 0.06230 0.68747
FE 0.31130 0.18610 0.68744
FE 0.31314 0.06237 0.81182
FE 0.43760 0.18612 0.81369
FE 0.43745 0.06227 0.93771
FE 0.31257 0.18755 0.93762
FE 0.31270 0.31266 0.06242
FE 0.43752 0.43754 0.06247
FE 0.43755 0.31250 0.18754
FE 0.31261 0.43755 0.18760
FE 0.31249 0.31249 0.31258
FE 0.43752 0.43756 0.31248
FE 0.43752 0.31247 0.43714
FE 0.31231 0.43764 0.43725
FE 0.30984 0.31246 0.55984
FE 0.43753 0.43894 0.56122
RU 0.43749 0.31253 0.68750
FE 0.31130 0.43891 0.68746
FE 0.30990 0.31246 0.81512
FE 0.43753 0.43893 0.81376
FE 0.43756 0.31249 0.93788
FE 0.31235 0.43766 0.93778
FE 0.31239 0.56250 0.06253
FE 0.43752 0.68752 0.06247
FE 0.43752 0.56247 0.18754
FE 0.31262 0.68751 0.18761
FE 0.31259 0.56250 0.31257
FE 0.43749 0.68749 0.31247
FE 0.43752 0.56268 0.43731
FE 0.31247 0.68756 0.43747
FE 0.31253 0.56258 0.56227
FE 0.43749 0.68750 0.56251
FE 0.43752 0.56268 0.68751
FE 0.31258 0.68754 0.68744
FE 0.31233 0.56259 0.81254
FE 0.43753 0.68751 0.81246
FE 0.43753 0.56269 0.93772
FE 0.31251 0.68753 0.93756
FE 0.31271 0.81230 0.06250
FE 0.43739 0.93750 0.06235
FE 0.43748 0.81243 0.18746
FE 0.31276 0.93743 0.18768
FE 0.31250 0.81246 0.31250
FE 0.43767 0.93749 0.31255
FE 0.43753 0.81246 0.43751
FE 0.31254 0.93744 0.43754
FE 0.31249 0.81248 0.56249
FE 0.43759 0.93753 0.56251
FE 0.43744 0.81244 0.68760
FE 0.31258 0.93751 0.68746
FE 0.31255 0.81249 0.81242
FE 0.43747 0.93750 0.81251
FE 0.43755 0.81246 0.93750
FE 0.31274 0.93737 0.93740
FE 0.56241 0.06249 0.06244
FE 0.68753 0.18749 0.06254
FE 0.68742 0.06258 0.18726
FE 0.56245 0.18753 0.18750
FE 0.56222 0.06256 0.31229
FE 0.68743 0.18762 0.31240
FE 0.68615 0.06391 0.43759
FE 0.56245 0.18763 0.43725
FE 0.56229 0.06248 0.56257
FE 0.68771 0.18752 0.56238
FE 0.68743 0.06238 0.68767
FE 0.56374 0.18608 0.68754
FE 0.56248 0.06240 0.81261
FE 0.68764 0.18742 0.81259
FE 0.68762 0.06247 0.93753
FE 0.56265 0.18743 0.93779
FE 0.56246 0.31246 0.06242
FE 0.68733 0.43745 0.06272
FE 0.68746 0.31253 0.18751
FE 0.56240 0.43750 0.18759
FE 0.56244 0.31252 0.31254
FE 0.68752 0.43753 0.31249
FE 0.68826 0.31248 0.43679
FE 0.56265 0.43763 0.43724
FE 0.56512 0.31254 0.55985
FE 0.68773 0.43759 0.56222
FE 0.68786 0.31251 0.68755
FE 0.56368 0.43890 0.68744
FE 0.56513 0.31246 0.81515
FE 0.68751 0.43753 0.81248
FE 0.68802 0.31228 0.93824
FE 0.56265 0.43761 0.93780
FE 0.56257 0.56249 0.06252
FE 0.68724 0.68762 0.06262
FE 0.68678 0.56243 0.18820
FE 0.56237 0.68754 0.18757
FE 0.56232 0.56245 0.31256
FE 0.68736 0.68745 0.31247
FE 0.68755 0.56250 0.43749
FE 0.56229 0.68737 0.43746
FE 0.56238 0.56253 0.56229
FE 0.68742 0.68751 0.56247
FE 0.68698 0.56264 0.68684
FE 0.56236 0.68754 0.68747
FE 0.56263 0.56257 0.81254
FE 0.68729 0.68765 0.81235
FE 0.68718 0.56250 0.93754
FE 0.56250 0.68760 0.93758
FE 0.56237 0.81247 0.06242
FE 0.68746 0.93755 0.06257
FE 0.68730 0.81237 0.18729
FE 0.56174 0.93752 0.18679
FE 0.56221 0.81238 0.31230
FE 0.68475 0.93750 0.30991
FE 0.68624 0.81106 0.43751
FE 0.56212 0.93748 0.43746
FE 0.56220 0.81236 0.56266
FE 0.68488 0.93747 0.56517
FE 0.68733 0.81238 0.68777
FE 0.56173 0.93755 0.68825
FE 0.56236 0.81246 0.81252
FE 0.68743 0.93750 0.81232
FE 0.68729 0.81266 0.93751
FE 0.56248 0.93747 0.93758
FE 0.81211 0.06249 0.06247
FE 0.93625 0.18896 0.06243
FE 0.93500 0.06257 0.18986
FE 0.81219 0.18778 0.18755
FE 0.81170 0.06395 0.31196
FE 0.93743 0.18774 0.31266
FE 0.93877 0.06392 0.43744
FE 0.81248 0.18773 0.43752
FE 0.81250 0.06391 0.56375
FE 0.93760 0.18763 0.56257
FE 0.93768 0.06258 0.68786
FE 0.81237 0.18769 0.68759
FE 0.81178 0.06248 0.81176
FE 0.93737 0.18765 0.81225
FE 0.93482 0.06249 0.93483
FE 0.81230 0.18760 0.93743
FE 0.81232 0.31257 0.06269
FE 0.93753 0.43607 0.06375
FE 0.93745 0.31242 0.18775
FE 0.81225 0.43747 0.18780
FE 0.81256 0.31247 0.31243
FE 0.93750 0.43755 0.31254
FE 0.93749 0.31249 0.43754
FE 0.81255 0.43755 0.43744
FE 0.81238 0.31245 0.56242
FE 0.93752 0.43751 0.56248
FE 0.93752 0.31234 0.68734
FE 0.81229 0.43745 0.68725
FE 0.81230 0.31239 0.81238
FE 0.93751 0.43615 0.81116
FE 0.93744 0.31238 0.93746
FE 0.81123 0.43617 0.93759
FE 0.80984 0.56248 0.06517
FE 0.93755 0.68891 0.06372
FE 0.93754 0.56244 0.18783
FE 0.81225 0.68737 0.18760
FE 0.81246 0.56249 0.31243
FE 0.93759 0.68739 0.31245
FE 0.93750 0.56248 0.43752
FE 0.81248 0.68733 0.43752
FE 0.81249 0.56250 0.56252
FE 0.93761 0.68744 0.56257
FE 0.93753 0.56243 0.68720
FE 0.81230 0.68742 0.68745
FE 0.80988 0.56249 0.80986
FE 0.93753 0.68886 0.81118
RU 0.93751 0.56250 0.93752
FE 0.81116 0.68889 0.93752
FE 0.81219 0.81235 0.06257
FE 0.93625 0.93609 0.06254
FE 0.93762 0.81248 0.18754
FE 0.81219 0.93748 0.18738
FE 0.81242 0.81107 0.31127
FE 0.93999 0.93743 0.31014
FE 0.93877 0.81104 0.43755
RU 0.81242 0.93745 0.43759
FE 0.81246 0.81108 0.56373
FE 0.94016 0.93752 0.56518
FE 0.93768 0.81256 0.68755
FE 0.81238 0.93754 0.68776
FE 0.81238 0.81254 0.81237
FE 0.93736 0.93742 0.81215
FE 0.93744 0.81257 0.93745
FE 0.81223 0.93741 0.93735
