32
Lattice="6.97272 -0.0001394544 -6.97272e-05 -0.0001394544 7.304272836 -0.0001394544 -6.97272e-05 -0.0001394544 6.97272"
RU -0.00755 -0.00543 -0.00755
RU 0.25697 0.25502 -0.00729
RU 0.25696 -0.00505 0.25696
RU -0.00729 0.25502 0.25697
FE -0.00476 -0.00239 0.50552
FE 0.25495 0.25282 0.50538
FE 0.25501 -0.00227 0.74456
FE -0.00452 0.25286 0.74447
FE -0.00208 0.50385 -0.00208
FE 0.25248 0.74594 -0.00198
FE 0.25231 0.50365 0.25231
FE -0.00198 0.74594 0.25248
FE -0.00088 0.50329 0.50258
FE 0.25103 0.74635 0.50249
FE 0.25116 0.50335 0.74725
FE -0.00082 0.74634 0.74721
FE 0.50552 -0.00239 -0.00476
FE 0.74447 0.25286 -0.00452
FE 0.74456 -0.00227 0.25501
FE 0.50538 0.25282 0.25495
FE 0.50500 -0.00068 0.50500
FE 0.74487 0.25116 0.50503
FE 0.74489 -0.00063 0.74489
FE 0.50503 0.25116 0.74487
FE 0.50258 0.50329 -0.00088
FE 0.74721 0.74634 -0.00082
FE 0.74725 0.50335 0.25116
FE 0.50249 0.74635 0.25103
FE 0.50090 0.50085 0.50090
FE 0.74900 0.74882 0.50092
FE 0.74892 0.50087 0.74892
FE 0.50092 0.74882 0.74900
