256
Lattice="13.70768 0.0001370768 -0.0 -0.0001370768 14.469415777599998 -0.0001370768 -0.0 0.0001370768 13.706994616"
RU 0.06265 0.06265 0.06219
FE 0.18867 0.18877 0.06269
FE 0.19030 0.06262 0.18999
FE 0.06251 0.18882 0.18877
FE 0.06293 0.06268 0.31257
FE 0.18773 0.18776 0.31267
FE 0.18742 0.06257 0.43746
FE 0.06263 0.18786 0.43733
FE 0.06284 0.06268 0.56278
FE 0.18719 0.18744 0.56221
FE 0.18748 0.06228 0.68776
FE 0.06258 0.18751 0.68748
FE 0.06256 0.06253 0.81234
FE 0.18750 0.18748 0.81231
FE 0.19023 0.06247 0.93473
FE 0.06230 0.18888 0.93641
FE 0.06226 0.31260 0.06299
FE 0.18777 0.43738 0.06299
FE 0.18769 0.31264 0.18772
FE 0.06277 0.43733 0.18795
FE 0.06224 0.31285 0.31252
FE 0.18754 0.43757 0.31256
FE 0.18639 0.31260 0.43638
FE 0.06229 0.43764 0.43736
FE 0.06269 0.31253 0.56234
FE 0.18728 0.43764 0.56196
FE 0.18727 0.31252 0.68735
FE 0.06282 0.43743 0.68704
FE 0.06269 0.31263 0.81204
FE 0.18757 0.43762 0.81237
FE 0.18680 0.31234 0.93862
FE 0.06355 0.43619 0.93770
FE 0.06532 0.56243 0.06526
FE 0.18776 0.68762 0.06258
FE 0.18862 0.56239 0.18868
FE 0.06288 0.68764 0.18788
FE 0.06263 0.56239 0.31239
FE 0.18783 0.68739 0.31271
FE 0.18744 0.56241 0.43752
FE 0.06283 0.68714 0.43755
FE 0.06253 0.56241 0.56253
FE 0.18751 0.68752 0.56247
FE 0.18840 0.56279 0.68624
FE 0.06284 0.68761 0.68714
FE 0.06521 0.56251 0.80982
FE 0.18788 0.68766 0.81210
FE 0.18785 0.56251 0.93759
FE 0.06378 0.68881 0.93747
FE 0.06283 0.81226 0.06234
FE 0.18894 0.93629 0.06194
FE 0.18800 0.81222 0.18747
FE 0.06385 0.93613 0.18758
FE 0.06298 0.81203 0.31262
FE 0.18778 0.93739 0.31287
FE 0.18766 0.81238 0.43768
FE 0.06286 0.93750 0.43755
FE 0.06298 0.81234 0.56273
FE 0.18719 0.93752 0.56268
FE 0.18747 0.81236 0.68792
FE 0.06375 0.93754 0.68870
FE 0.06280 0.81223 0.81217
FE 0.18819 0.93735 0.81239
FE 0.18766 0.81256 0.93697
FE 0.06253 0.93610 0.93618
FE 0.31277 0.06251 0.06245
FE 0.43748 0.18766 0.06237
FE 0.43709 0.06279 0.18724
FE 0.31283 0.18784 0.18777
FE 0.31331 0.06281 0.31363
FE 0.43762 0.18766 0.31260
FE 0.43773 0.06244 0.43770
FE 0.31226 0.18755 0.43732
FE 0.31230 0.06236 0.56241
FE 0.43741 0.18633 0.56141
FE 0.43764 0.06233 0.68743
FE 0.31146 0.18623 0.68733
FE 0.31356 0.06234 0.81144
FE 0.43774 0.18623 0.81358
FE 0.43737 0.06227 0.93769
FE 0.31265 0.18754 0.93764
FE 0.31286 0.31275 0.06246
FE 0.43752 0.43751 0.06239
FE 0.43761 0.31255 0.18761
FE 0.31268 0.43745 0.18771
FE 0.31249 0.31254 0.31261
FE 0.43750 0.43757 0.31252
FE 0.43750 0.31255 0.43712
FE 0.31213 0.43762 0.43712
FE 0.30980 0.31251 0.55977
FE 0.43748 0.43875 0.56130
RU 0.43750 0.31253 0.68749
FE 0.31147 0.43879 0.68734
FE 0.30995 0.31246 0.81517
FE 0.43754 0.43887 0.81373
FE 0.43763 0.31255 0.93787
FE 0.31225 0.43775 0.93792
FE 0.31231 0.56248 0.06257
FE 0.43720 0.68729 0.06203
FE 0.43735 0.56223 0.18740
FE 0.31232 0.68725 0.18736
FE 0.31247 0.56218 0.31279
FE 0.43607 0.68598 0.31243
FE 0.43732 0.56255 0.43733
FE 0.31204 0.68740 0.43776
FE 0.31264 0.56259 0.56200
FE 0.43708 0.68726 0.56292
FE 0.43744 0.56269 0.68758
FE 0.31251 0.68745 0.68756
FE 0.31226 0.56265 0.81253
FE 0.43750 0.68746 0.81246
FE 0.43747 0.56274 0.93774
FE 0.31235 0.68745 0.93734
FE 0.31167 0.81214 0.06120
FE 0.43683 0.93763 0.06168
FE 0.43455 0.81234 0.18454
FE 0.31247 0.93754 0.18746
FE 0.31213 0.81239 0.31251
FE 0.43647 0.93876 0.31256
FE 0.43465 0.81240 0.44026
FE 0.31217 0.93755 0.43795
FE 0.31131 0.81244 0.56373
FE 0.43727 0.93769 0.56299
FE 0.43725 0.81239 0.68761
FE 0.31248 0.93755 0.68755
FE 0.31261 0.81245 0.81238
FE 0.43731 0.93747 0.81267
FE 0.43749 0.81237 0.93750
FE 0.31274 0.93736 0.93706
FE 0.56230 0.06285 0.06202
FE 0.68757 0.18759 0.06251
FE 0.68741 0.06289 0.18698
FE 0.56238 0.18759 0.18746
FE 0.56207 0.06295 0.31211
FE 0.68731 0.18776 0.31232
FE 0.68611 0.06407 0.43794
FE 0.56242 0.18772 0.43712
FE 0.56217 0.06282 0.56299
FE 0.68778 0.18767 0.56239
FE 0.68718 0.06244 0.68768
FE 0.56365 0.18625 0.68759
FE 0.56240 0.06238 0.81279
FE 0.68760 0.18742 0.81268
FE 0.68766 0.06253 0.93740
FE 0.56270 0.18740 0.93792
FE 0.56241 0.31244 0.06246
FE 0.68723 0.43735 0.06289
FE 0.68734 0.31261 0.18756
FE 0.56223 0.43748 0.18768
FE 0.56241 0.31261 0.31255
FE 0.68750 0.43755 0.31249
FE 0.68866 0.31249 0.43628
FE 0.56272 0.43770 0.43707
FE 0.56518 0.31260 0.55977
FE 0.68782 0.43755 0.56203
FE 0.68782 0.31254 0.68755
FE 0.56351 0.43875 0.68738
FE 0.56516 0.31246 0.81521
FE 0.68749 0.43754 0.81248
FE 0.68830 0.31221 0.93870
FE 0.56277 0.43764 0.93793
FE 0.56255 0.56218 0.06226
FE 0.68728 0.68740 0.06223
FE 0.68640 0.56219 0.18850
FE 0.56215 0.68608 0.18631
FE 0.56203 0.56212 0.31272
FE 0.68840 0.68594 0.31254
FE 0.68768 0.56232 0.43760
FE 0.56214 0.68595 0.43864
FE 0.56213 0.56223 0.56232
FE 0.68756 0.68727 0.56284
FE 0.68665 0.56266 0.68646
FE 0.56217 0.68748 0.68741
FE 0.56265 0.56266 0.81257
FE 0.68710 0.68769 0.81228
FE 0.68722 0.56244 0.93747
FE 0.56243 0.68755 0.93759
FE 0.56215 0.81244 0.06191
FE 0.68767 0.93776 0.06208
FE 0.68974 0.81224 0.18440
FE 0.56129 0.93883 0.18512
RU 0.56194 0.81222 0.31218
FE 0.68578 0.93897 0.30985
FE 0.68891 0.81096 0.44029
FE 0.56201 0.93880 0.43871
FE 0.56197 0.81229 0.56319
FE 0.68496 0.93760 0.56568
FE 0.68715 0.81229 0.68785
FE 0.56120 0.93759 0.68870
FE 0.56214 0.81241 0.81257
FE 0.68723 0.93746 0.81222
FE 0.68711 0.81271 0.93751
FE 0.56238 0.93752 0.93757
FE 0.81215 0.06258 0.06236
FE 0.93632 0.18895 0.06240
FE 0.93510 0.06279 0.18970
FE 0.81213 0.18804 0.18755
FE 0.81148 0.06429 0.31250
FE 0.93739 0.18791 0.31275
FE 0.93885 0.06404 0.43750
FE 0.81259 0.18797 0.43758
FE 0.81261 0.06396 0.56380
FE 0.93769 0.18775 0.56260
FE 0.93780 0.06272 0.68803
FE 0.81227 0.18786 0.68760
FE 0.81140 0.06250 0.81131
FE 0.93727 0.18782 0.81213
FE 0.93471 0.06250 0.93471
FE 0.81225 0.18770 0.93737
FE 0.81239 0.31266 0.06296
FE 0.93754 0.43611 0.06375
FE 0.93743 0.31245 0.18792
FE 0.81221 0.43735 0.18796
FE 0.81275 0.31248 0.31226
FE 0.93753 0.43755 0.31254
FE 0.93750 0.31255 0.43758
FE 0.81277 0.43752 0.43737
FE 0.81235 0.31245 0.56232
FE 0.93754 0.43749 0.56245
FE 0.93751 0.31233 0.68714
FE 0.81218 0.43739 0.68707
FE 0.81222 0.31239 0.81235
FE 0.93751 0.43622 0.81117
FE 0.93737 0.31239 0.93741
FE 0.81137 0.43628 0.93768
FE 0.80985 0.56235 0.06518
FE 0.93782 0.68870 0.06343
FE 0.93769 0.56231 0.18778
FE 0.81252 0.68708 0.18733
FE 0.81275 0.56217 0.31242
FE 0.93767 0.68720 0.31244
FE 0.93763 0.56244 0.43754
FE 0.81291 0.68700 0.43783
FE 0.81260 0.56249 0.56254
FE 0.93789 0.68727 0.56281
FE 0.93757 0.56235 0.68720
FE 0.81238 0.68730 0.68762
FE 0.80992 0.56246 0.80985
FE 0.93762 0.68865 0.81124
RU 0.93756 0.56247 0.93755
FE 0.81135 0.68869 0.93727
FE 0.81321 0.81227 0.06134
FE 0.93653 0.93620 0.06230
FE 0.93765 0.81240 0.18750
FE 0.81243 0.93761 0.18719
FE 0.81277 0.81108 0.31140
FE 0.93996 0.93742 0.31026
FE 0.93866 0.81104 0.43770
RU 0.81281 0.93765 0.43807
FE 0.81354 0.81117 0.56478
FE 0.94046 0.93762 0.56551
FE 0.93816 0.81252 0.68787
FE 0.81245 0.93757 0.68782
FE 0.81232 0.81254 0.81226
FE 0.93732 0.93734 0.81196
FE 0.93776 0.81254 0.93697
FE 0.81224 0.93738 0.93697
