128
Lattice="13.67994 0.0 0.0 0.0 14.386235302200001 0.0 0.0 0.0 13.67994"
FE 0.06249 0.06249 0.31476
FE 0.18751 0.18751 0.31476
FE 0.18751 0.06249 0.43537
FE 0.06249 0.18751 0.43537
FE 0.06249 0.06249 0.56463
FE 0.18751 0.18751 0.56463
FE 0.18751 0.06249 0.68524
FE 0.06249 0.18751 0.68524
FE 0.06249 0.31249 0.31476
FE 0.18751 0.43751 0.31476
FE 0.18751 0.31249 0.43537
FE 0.06249 0.43751 0.43537
FE 0.06249 0.31249 0.56463
FE 0.18751 0.43751 0.56463
FE 0.18751 0.31249 0.68524
FE 0.06249 0.43751 0.68524
FE 0.06249 0.56249 0.31476
FE 0.18751 0.68751 0.31476
FE 0.18751 0.56249 0.43537
FE 0.06249 0.68751 0.43537
FE 0.06249 0.56249 0.56463
FE 0.18751 0.68751 0.56463
FE 0.18751 0.56249 0.68524
FE 0.06249 0.68751 0.68524
FE 0.06249 0.81249 0.31476
FE 0.18751 0.93751 0.31476
FE 0.18751 0.81249 0.43537
FE 0.06249 0.93751 0.43537
RU 0.06249 0.81249 0.56463
FE 0.18751 0.93751 0.56463
FE 0.18751 0.81249 0.68524
FE 0.06249 0.93751 0.68524
FE 0.31249 0.06249 0.31476
FE 0.43751 0.18751 0.31476
FE 0.43751 0.06249 0.43537
FE 0.31249 0.18751 0.43537
FE 0.31249 0.06249 0.56463
FE 0.43751 0.18751 0.56463
FE 0.43751 0.06249 0.68524
FE 0.31249 0.18751 0.68524
FE 0.31249 0.31249 0.31476
FE 0.43751 0.43751 0.31476
FE 0.43751 0.31249 0.43537
FE 0.31249 0.43751 0.43537
FE 0.31249 0.31249 0.56463
FE 0.43751 0.43751 0.56463
FE 0.43751 0.31249 0.68524
FE 0.31249 0.43751 0.68524
FE 0.31249 0.56249 0.31476
FE 0.43751 0.68751 0.31476
FE 0.43751 0.56249 0.43537
FE 0.31249 0.68751 0.43537
FE 0.31249 0.56249 0.56463
FE 0.43751 0.68751 0.56463
FE 0.43751 0.56249 0.68524
FE 0.31249 0.68751 0.68524
FE 0.31249 0.81249 0.31476
FE 0.43751 0.93751 0.31476
FE 0.43751 0.81249 0.43537
FE 0.31249 0.93751 0.43537
FE 0.31249 0.81249 0.56463
FE 0.43751 0.93751 0.56463
FE 0.43751 0.81249 0.68524
FE 0.31249 0.93751 0.68524
FE 0.56249 0.06249 0.31476
FE 0.68751 0.18751 0.31476
FE 0.68751 0.06249 0.43537
FE 0.56249 0.18751 0.43537
FE 0.56249 0.06249 0.56463
FE 0.68751 0.18751 0.56463
FE 0.68751 0.06249 0.68524
FE 0.56249 0.18751 0.68524
FE 0.56249 0.31249 0.31476
FE 0.68751 0.43751 0.31476
FE 0.68751 0.31249 0.43537
FE 0.56249 0.43751 0.43537
FE 0.56249 0.31249 0.56463
FE 0.68751 0.43751 0.56463
FE 0.68751 0.31249 0.68524
FE 0.56249 0.43751 0.68524
FE 0.56249 0.56249 0.31476
FE 0.68751 0.68751 0.31476
FE 0.68751 0.56249 0.43537
FE 0.56249 0.68751 0.43537
FE 0.56249 0.56249 0.56463
FE 0.68751 0.68751 0.56463
FE 0.68751 0.56249 0.68524
FE 0.56249 0.68751 0.68524
FE 0.56249 0.81249 0.31476
FE 0.68751 0.93751 0.31476
FE 0.68751 0.81249 0.43537
FE 0.56249 0.93751 0.43537
FE 0.56249 0.81249 0.56463
FE 0.68751 0.93751 0.56463
FE 0.68751 0.81249 0.68524
FE 0.56249 0.93751 0.68524
FE 0.81249 0.06249 0.31476
FE 0.93751 0.18751 0.31476
FE 0.93751 0.06249 0.43537
FE 0.81249 0.18751 0.43537
FE 0.81249 0.06249 0.56463
FE 0.93751 0.18751 0.56463
FE 0.93751 0.06249 0.68524
FE 0.81249 0.18751 0.68524
FE 0.81249 0.31249 0.31476
FE 0.93751 0.43751 0.31476
FE 0.93751 0.31249 0.43537
FE 0.81249 0.43751 0.43537
FE 0.81249 0.31249 0.56463
FE 0.93751 0.43751 0.56463
FE 0.93751 0.31249 0.68524
FE 0.81249 0.43751 0.68524
FE 0.81249 0.56249 0.31476
FE 0.93751 0.68751 0.31476
FE 0.93751 0.56249 0.43537
FE 0.81249 0.68751 0.43537
FE 0.81249 0.56249 0.56463
FE 0.93751 0.68751 0.56463
FE 0.93751 0.56249 0.68524
FE 0.81249 0.68751 0.68524
FE 0.81249 0.81249 0.31476
FE 0.93751 0.93751 0.31476
FE 0.93751 0.81249 0.43537
FE 0.81249 0.93751 0.43537
FE 0.81249 0.81249 0.56463
FE 0.93751 0.93751 0.56463
FE 0.93751 0.81249 0.68524
FE 0.81249 0.93751 0.68524
