256
Lattice="13.68896 0.0 0.0 0.0 14.4567737664 -0.001368896 0.0 -0.0012320064 13.695393811199999"
RU 0.06248 0.06068 0.06449
FE 0.19119 0.18879 0.06540
FE 0.19073 0.06224 0.19092
FE 0.06244 0.18893 0.18938
FE 0.06247 0.06241 0.31296
FE 0.18815 0.18790 0.31288
FE 0.18807 0.06265 0.43698
FE 0.06249 0.18798 0.43715
FE 0.06248 0.06385 0.56114
FE 0.18787 0.18786 0.56229
FE 0.18924 0.06363 0.68696
FE 0.06246 0.18808 0.68700
FE 0.06244 0.06259 0.81191
FE 0.19084 0.18808 0.80928
FE 0.19150 0.06158 0.93536
RU 0.06248 0.18983 0.93602
FE 0.06248 0.31440 0.06391
FE 0.18778 0.43783 0.06271
FE 0.18807 0.31303 0.18824
FE 0.06248 0.43796 0.18797
FE 0.06249 0.31308 0.31288
FE 0.18773 0.43781 0.31273
FE 0.18775 0.31283 0.43754
FE 0.06248 0.43771 0.43756
FE 0.06248 0.31270 0.56237
FE 0.18770 0.43777 0.56226
FE 0.18811 0.31298 0.68671
FE 0.06248 0.43815 0.68689
FE 0.06247 0.31495 0.81032
FE 0.18786 0.43804 0.81212
FE 0.18897 0.31433 0.93742
FE 0.06247 0.43796 0.93753
FE 0.06248 0.56241 0.06259
FE 0.18768 0.68733 0.06267
FE 0.18763 0.56255 0.18767
FE 0.06248 0.68740 0.18759
FE 0.06248 0.56247 0.31252
FE 0.18774 0.68720 0.31251
FE 0.18766 0.56239 0.43743
FE 0.06249 0.68696 0.43720
FE 0.06248 0.56259 0.56234
FE 0.18778 0.68720 0.56226
FE 0.18767 0.56262 0.68732
FE 0.06248 0.68708 0.68740
FE 0.06248 0.56250 0.81244
FE 0.18777 0.68712 0.81250
FE 0.18765 0.56237 0.93764
FE 0.06248 0.68710 0.93789
FE 0.06247 0.81194 0.06256
FE 0.18897 0.93586 0.06272
FE 0.18789 0.81191 0.18789
FE 0.06247 0.93508 0.18969
FE 0.06248 0.81176 0.31306
FE 0.18819 0.93705 0.31330
FE 0.18807 0.81199 0.43720
FE 0.06247 0.93733 0.43715
FE 0.06244 0.81084 0.56101
FE 0.19046 0.93732 0.55953
FE 0.18897 0.81085 0.68726
RU 0.06248 0.93699 0.68704
FE 0.06247 0.81070 0.81338
FE 0.19085 0.93702 0.81461
FE 0.18812 0.81192 0.93788
FE 0.06247 0.93571 0.93675
FE 0.31361 0.06243 0.06312
FE 0.43758 0.18770 0.06263
FE 0.43792 0.06243 0.18787
FE 0.31430 0.18780 0.18910
FE 0.31448 0.06250 0.31388
FE 0.43834 0.18779 0.31317
FE 0.43851 0.06251 0.43779
FE 0.31304 0.18781 0.43769
FE 0.31339 0.06254 0.56182
FE 0.43837 0.18779 0.56184
FE 0.43832 0.06240 0.68677
FE 0.31450 0.18800 0.68586
FE 0.31466 0.06255 0.81126
FE 0.43794 0.18783 0.81222
FE 0.43782 0.06256 0.93770
FE 0.31345 0.18787 0.93730
FE 0.31334 0.31309 0.06289
FE 0.43778 0.43774 0.06261
FE 0.43798 0.31280 0.18788
FE 0.31278 0.43780 0.18772
FE 0.31296 0.31284 0.31285
FE 0.43766 0.43770 0.31254
FE 0.43777 0.31278 0.43749
FE 0.31272 0.43772 0.43749
FE 0.31307 0.31293 0.56209
FE 0.43767 0.43768 0.56238
FE 0.43797 0.31286 0.68717
FE 0.31274 0.43775 0.68732
FE 0.31328 0.31302 0.81203
FE 0.43780 0.43774 0.81234
FE 0.43774 0.31277 0.93748
FE 0.31311 0.43807 0.93751
FE 0.31271 0.56256 0.06259
FE 0.43771 0.68730 0.06255
FE 0.43765 0.56249 0.18760
FE 0.31282 0.68721 0.18764
FE 0.31266 0.56247 0.31253
FE 0.43766 0.68733 0.31250
FE 0.43763 0.56245 0.43749
FE 0.31272 0.68730 0.43743
FE 0.31272 0.56240 0.56236
FE 0.43775 0.68734 0.56235
FE 0.43769 0.56245 0.68744
FE 0.31301 0.68708 0.68741
FE 0.31284 0.56251 0.81241
FE 0.43779 0.68732 0.81251
FE 0.43771 0.56251 0.93755
FE 0.31279 0.68722 0.93758
FE 0.31332 0.81180 0.06284
FE 0.43821 0.93731 0.06309
FE 0.43788 0.81214 0.18768
FE 0.31327 0.93714 0.18804
FE 0.31300 0.81209 0.31237
FE 0.43841 0.93725 0.31229
FE 0.43792 0.81215 0.43730
FE 0.31432 0.93720 0.43649
FE 0.31318 0.81206 0.56208
FE 0.43772 0.93729 0.56235
FE 0.43767 0.81221 0.68743
FE 0.31331 0.93725 0.68713
FE 0.31326 0.81198 0.81267
FE 0.43795 0.93724 0.81222
FE 0.43805 0.81209 0.93771
FE 0.31459 0.93700 0.93848
FE 0.56250 0.06254 0.06264
FE 0.68747 0.18771 0.06265
FE 0.68714 0.06244 0.18788
FE 0.56248 0.18767 0.18767
FE 0.56248 0.06248 0.31257
FE 0.68669 0.18778 0.31318
FE 0.68651 0.06252 0.43777
FE 0.56248 0.18777 0.43750
FE 0.56249 0.06241 0.56236
FE 0.68666 0.18778 0.56185
FE 0.68671 0.06242 0.68677
FE 0.56248 0.18770 0.68729
FE 0.56248 0.06248 0.81237
FE 0.68712 0.18782 0.81221
FE 0.68723 0.06256 0.93769
FE 0.56249 0.18771 0.93759
FE 0.56249 0.31262 0.06255
FE 0.68727 0.43774 0.06261
FE 0.68706 0.31281 0.18788
FE 0.56248 0.43771 0.18765
FE 0.56249 0.31277 0.31266
FE 0.68739 0.43770 0.31255
FE 0.68727 0.31278 0.43749
FE 0.56248 0.43765 0.43751
FE 0.56248 0.31275 0.56231
FE 0.68738 0.43768 0.56238
FE 0.68707 0.31286 0.68716
FE 0.56248 0.43770 0.68737
FE 0.56249 0.31273 0.81236
FE 0.68726 0.43774 0.81235
FE 0.68730 0.31278 0.93748
FE 0.56248 0.43764 0.93754
FE 0.56248 0.56249 0.06253
FE 0.68734 0.68730 0.06256
FE 0.68740 0.56249 0.18759
FE 0.56248 0.68736 0.18757
FE 0.56248 0.56247 0.31250
FE 0.68739 0.68732 0.31250
FE 0.68742 0.56245 0.43749
FE 0.56249 0.68734 0.43744
FE 0.56248 0.56246 0.56242
FE 0.68730 0.68733 0.56235
FE 0.68736 0.56245 0.68744
FE 0.56248 0.68742 0.68746
FE 0.56248 0.56248 0.81245
FE 0.68726 0.68731 0.81251
FE 0.68734 0.56251 0.93755
FE 0.56249 0.68733 0.93760
FE 0.56248 0.81223 0.06262
FE 0.68682 0.93729 0.06309
FE 0.68717 0.81213 0.18767
FE 0.56249 0.93733 0.18764
FE 0.56248 0.81217 0.31248
FE 0.68661 0.93724 0.31230
FE 0.68712 0.81216 0.43729
FE 0.56248 0.93730 0.43755
FE 0.56248 0.81228 0.56241
FE 0.68732 0.93729 0.56233
FE 0.68738 0.81220 0.68743
FE 0.56250 0.93727 0.68731
FE 0.56248 0.81223 0.81239
FE 0.68709 0.93723 0.81224
FE 0.68700 0.81210 0.93771
FE 0.56248 0.93742 0.93760
FE 0.81136 0.06242 0.06310
FE 0.93376 0.18879 0.06541
FE 0.93420 0.06223 0.19090
FE 0.81075 0.18783 0.18911
FE 0.81055 0.06249 0.31389
FE 0.93688 0.18790 0.31291
FE 0.93696 0.06266 0.43698
FE 0.81192 0.18782 0.43770
FE 0.81157 0.06253 0.56180
FE 0.93718 0.18786 0.56227
FE 0.93572 0.06363 0.68694
FE 0.81054 0.18801 0.68583
FE 0.81039 0.06253 0.81125
FE 0.93410 0.18810 0.80930
FE 0.93346 0.06158 0.93535
FE 0.81150 0.18788 0.93732
FE 0.81164 0.31310 0.06289
FE 0.93726 0.43784 0.06271
FE 0.93697 0.31305 0.18825
FE 0.81218 0.43780 0.18772
FE 0.81202 0.31283 0.31285
FE 0.93732 0.43781 0.31273
FE 0.93730 0.31284 0.43754
FE 0.81224 0.43772 0.43749
FE 0.81190 0.31292 0.56208
FE 0.93736 0.43777 0.56226
FE 0.93691 0.31300 0.68670
FE 0.81223 0.43776 0.68732
FE 0.81169 0.31302 0.81201
FE 0.93720 0.43804 0.81212
FE 0.93600 0.31433 0.93741
FE 0.81186 0.43808 0.93752
FE 0.81226 0.56256 0.06259
FE 0.93736 0.68732 0.06267
FE 0.93742 0.56256 0.18767
FE 0.81215 0.68721 0.18764
FE 0.81231 0.56247 0.31253
FE 0.93731 0.68720 0.31251
FE 0.93740 0.56240 0.43742
FE 0.81225 0.68730 0.43743
FE 0.81225 0.56240 0.56236
FE 0.93726 0.68718 0.56225
FE 0.93738 0.56262 0.68731
FE 0.81197 0.68708 0.68742
FE 0.81213 0.56250 0.81241
FE 0.93727 0.68711 0.81251
FE 0.93741 0.56237 0.93764
FE 0.81218 0.68723 0.93758
FE 0.81166 0.81179 0.06282
FE 0.93601 0.93586 0.06275
FE 0.93716 0.81191 0.18788
FE 0.81169 0.93714 0.18805
FE 0.81196 0.81208 0.31236
FE 0.93683 0.93704 0.31330
FE 0.93695 0.81199 0.43717
FE 0.81070 0.93721 0.43648
FE 0.81177 0.81203 0.56206
FE 0.93446 0.93732 0.55954
FE 0.93600 0.81084 0.68724
FE 0.81163 0.93726 0.68713
FE 0.81171 0.81196 0.81266
FE 0.93410 0.93702 0.81460
FE 0.93692 0.81192 0.93788
FE 0.81045 0.93700 0.93849
