256
Lattice="13.7107 0.000137107 -0.000137107 0.000137107 14.473837562 0.0 -0.000137107 0.0 13.710288679"
RU 0.06257 0.06254 0.06238
FE 0.18876 0.18886 0.06256
FE 0.19019 0.06252 0.19006
FE 0.06251 0.18889 0.18882
FE 0.06275 0.06257 0.31269
FE 0.18766 0.18760 0.31266
FE 0.18747 0.06250 0.43743
FE 0.06260 0.18772 0.43743
FE 0.06272 0.06256 0.56264
FE 0.18728 0.18745 0.56233
FE 0.18742 0.06232 0.68767
FE 0.06253 0.18749 0.68750
FE 0.06252 0.06251 0.81221
FE 0.18748 0.18748 0.81236
FE 0.19013 0.06246 0.93486
FE 0.06239 0.18890 0.93632
FE 0.06245 0.31258 0.06266
FE 0.18769 0.43744 0.06272
FE 0.18761 0.31257 0.18762
FE 0.06266 0.43741 0.18777
FE 0.06243 0.31271 0.31258
FE 0.18755 0.43758 0.31253
FE 0.18681 0.31250 0.43683
FE 0.06241 0.43755 0.43744
FE 0.06263 0.31251 0.56246
FE 0.18733 0.43759 0.56224
FE 0.18719 0.31249 0.68747
FE 0.06267 0.43745 0.68726
FE 0.06264 0.31258 0.81221
FE 0.18754 0.43758 0.81242
FE 0.18708 0.31237 0.93817
FE 0.06369 0.43612 0.93761
FE 0.06518 0.56249 0.06516
FE 0.18769 0.68760 0.06258
FE 0.18820 0.56245 0.18822
FE 0.06268 0.68761 0.18775
FE 0.06255 0.56244 0.31239
FE 0.18765 0.68747 0.31259
FE 0.18748 0.56248 0.43752
FE 0.06268 0.68733 0.43751
FE 0.06252 0.56245 0.56256
FE 0.18750 0.68756 0.56248
FE 0.18805 0.56267 0.68678
FE 0.06268 0.68761 0.68728
FE 0.06514 0.56248 0.80987
FE 0.18775 0.68763 0.81226
FE 0.18786 0.56249 0.93756
FE 0.06376 0.68894 0.93755
FE 0.06264 0.81234 0.06247
FE 0.18886 0.93618 0.06231
FE 0.18777 0.81236 0.18754
FE 0.06327 0.93612 0.18811
FE 0.06276 0.81220 0.31254
FE 0.18762 0.93745 0.31274
FE 0.18761 0.81244 0.43756
FE 0.06285 0.93750 0.43751
FE 0.06277 0.81240 0.56263
FE 0.18732 0.93751 0.56255
FE 0.18752 0.81244 0.68766
FE 0.06323 0.93754 0.68820
FE 0.06263 0.81235 0.81228
FE 0.18781 0.93742 0.81233
FE 0.18768 0.81258 0.93733
FE 0.06249 0.93607 0.93625
FE 0.31281 0.06247 0.06249
FE 0.43750 0.18758 0.06241
FE 0.43729 0.06261 0.18738
FE 0.31269 0.18766 0.18768
FE 0.31298 0.06268 0.31318
FE 0.43758 0.18755 0.31255
FE 0.43756 0.06241 0.43751
FE 0.31233 0.18751 0.43734
FE 0.31239 0.06240 0.56243
FE 0.43747 0.18616 0.56130
FE 0.43755 0.06232 0.68750
FE 0.31130 0.18612 0.68744
FE 0.31312 0.06237 0.81183
FE 0.43760 0.18613 0.81368
FE 0.43743 0.06229 0.93768
FE 0.31257 0.18755 0.93762
FE 0.31269 0.31265 0.06242
FE 0.43750 0.43749 0.06241
FE 0.43756 0.31250 0.18755
FE 0.31256 0.43750 0.18759
FE 0.31249 0.31249 0.31258
FE 0.43753 0.43757 0.31249
FE 0.43753 0.31247 0.43713
FE 0.31225 0.43759 0.43727
FE 0.30985 0.31246 0.55985
FE 0.43751 0.43889 0.56128
RU 0.43749 0.31253 0.68751
FE 0.31130 0.43890 0.68746
FE 0.30990 0.31246 0.81511
FE 0.43753 0.43893 0.81375
FE 0.43755 0.31249 0.93788
FE 0.31235 0.43765 0.93777
FE 0.31236 0.56249 0.06250
FE 0.43734 0.68742 0.06220
FE 0.43744 0.56236 0.18746
FE 0.31234 0.68740 0.18744
FE 0.31238 0.56229 0.31257
FE 0.43618 0.68602 0.31246
FE 0.43745 0.56258 0.43740
FE 0.31220 0.68746 0.43764
FE 0.31250 0.56256 0.56230
FE 0.43732 0.68740 0.56278
FE 0.43750 0.56266 0.68754
FE 0.31250 0.68751 0.68752
FE 0.31232 0.56259 0.81254
FE 0.43753 0.68751 0.81246
FE 0.43751 0.56267 0.93769
FE 0.31243 0.68750 0.93749
FE 0.31198 0.81229 0.06177
FE 0.43723 0.93761 0.06209
FE 0.43477 0.81243 0.18475
FE 0.31248 0.93753 0.18751
FE 0.31212 0.81245 0.31250
FE 0.43639 0.93890 0.31255
FE 0.43483 0.81247 0.44016
FE 0.31227 0.93754 0.43771
FE 0.31177 0.81248 0.56321
FE 0.43742 0.93763 0.56278
FE 0.43744 0.81244 0.68752
FE 0.31250 0.93754 0.68753
FE 0.31253 0.81249 0.81242
FE 0.43748 0.93751 0.81251
FE 0.43754 0.81246 0.93758
FE 0.31266 0.93740 0.93733
FE 0.56241 0.06269 0.06224
FE 0.68755 0.18753 0.06248
FE 0.68751 0.06268 0.18719
FE 0.56245 0.18753 0.18751
FE 0.56224 0.06276 0.31230
FE 0.68742 0.18762 0.31241
FE 0.68623 0.06401 0.43768
FE 0.56245 0.18762 0.43723
FE 0.56230 0.06267 0.56277
FE 0.68772 0.18756 0.56244
FE 0.68745 0.06240 0.68770
FE 0.56373 0.18609 0.68754
FE 0.56248 0.06240 0.81261
FE 0.68764 0.18742 0.81259
FE 0.68764 0.06249 0.93750
FE 0.56265 0.18743 0.93780
FE 0.56246 0.31246 0.06242
FE 0.68734 0.43740 0.06266
FE 0.68746 0.31253 0.18751
FE 0.56240 0.43751 0.18761
FE 0.56244 0.31252 0.31255
FE 0.68751 0.43754 0.31249
FE 0.68824 0.31248 0.43679
FE 0.56265 0.43763 0.43723
FE 0.56511 0.31254 0.55986
FE 0.68774 0.43754 0.56228
FE 0.68787 0.31251 0.68756
FE 0.56368 0.43889 0.68744
FE 0.56513 0.31247 0.81514
FE 0.68751 0.43753 0.81248
FE 0.68802 0.31228 0.93823
FE 0.56265 0.43761 0.93780
FE 0.56257 0.56229 0.06232
FE 0.68741 0.68752 0.06235
FE 0.68686 0.56233 0.18812
FE 0.56237 0.68609 0.18627
FE 0.56232 0.56224 0.31256
FE 0.68863 0.68601 0.31247
FE 0.68763 0.56239 0.43757
FE 0.56233 0.68597 0.43873
FE 0.56239 0.56233 0.56250
FE 0.68759 0.68741 0.56274
FE 0.68700 0.56262 0.68688
FE 0.56236 0.68752 0.68746
FE 0.56263 0.56258 0.81254
FE 0.68729 0.68764 0.81235
FE 0.68719 0.56248 0.93751
FE 0.56250 0.68757 0.93759
FE 0.56237 0.81247 0.06205
FE 0.68764 0.93765 0.06229
FE 0.68995 0.81237 0.18462
FE 0.56181 0.93892 0.18558
RU 0.56214 0.81235 0.31229
FE 0.68606 0.93895 0.30989
FE 0.68890 0.81101 0.44017
FE 0.56208 0.93893 0.43875
FE 0.56221 0.81237 0.56303
FE 0.68504 0.93757 0.56542
FE 0.68734 0.81238 0.68770
FE 0.56174 0.93757 0.68823
FE 0.56236 0.81247 0.81252
FE 0.68743 0.93750 0.81232
FE 0.68731 0.81265 0.93759
FE 0.56248 0.93749 0.93759
FE 0.81213 0.06251 0.06245
FE 0.93626 0.18896 0.06242
FE 0.93503 0.06259 0.18984
FE 0.81225 0.18783 0.18753
FE 0.81188 0.06412 0.31195
FE 0.93742 0.18772 0.31266
FE 0.93883 0.06396 0.43746
FE 0.81253 0.18778 0.43753
FE 0.81252 0.06393 0.56378
FE 0.93761 0.18764 0.56257
FE 0.93768 0.06259 0.68786
FE 0.81238 0.18769 0.68760
FE 0.81180 0.06248 0.81177
FE 0.93737 0.18764 0.81226
FE 0.93482 0.06250 0.93484
FE 0.81231 0.18761 0.93743
FE 0.81232 0.31257 0.06268
FE 0.93754 0.43607 0.06374
FE 0.93746 0.31242 0.18774
FE 0.81231 0.43742 0.18779
FE 0.81256 0.31247 0.31243
FE 0.93750 0.43755 0.31254
FE 0.93749 0.31249 0.43754
FE 0.81261 0.43750 0.43746
FE 0.81238 0.31245 0.56242
FE 0.93752 0.43750 0.56249
FE 0.93752 0.31234 0.68734
FE 0.81230 0.43745 0.68725
FE 0.81231 0.31239 0.81238
FE 0.93751 0.43616 0.81117
FE 0.93744 0.31238 0.93746
FE 0.81124 0.43617 0.93758
FE 0.80987 0.56247 0.06514
FE 0.93763 0.68887 0.06364
FE 0.93758 0.56243 0.18781
FE 0.81252 0.68728 0.18743
FE 0.81266 0.56230 0.31242
FE 0.93758 0.68737 0.31245
FE 0.93753 0.56247 0.43754
FE 0.81274 0.68723 0.43769
FE 0.81252 0.56249 0.56255
FE 0.93768 0.68741 0.56265
FE 0.93753 0.56242 0.68719
FE 0.81238 0.68739 0.68753
FE 0.80989 0.56249 0.80987
FE 0.93753 0.68886 0.81119
RU 0.93751 0.56249 0.93752
FE 0.81124 0.68886 0.93744
FE 0.81292 0.81235 0.06184
FE 0.93633 0.93613 0.06247
FE 0.93754 0.81248 0.18752
FE 0.81246 0.93757 0.18721
FE 0.81283 0.81103 0.31125
FE 0.93998 0.93745 0.31013
FE 0.93869 0.81105 0.43757
RU 0.81279 0.93762 0.43780
FE 0.81313 0.81110 0.56439
FE 0.94025 0.93754 0.56529
FE 0.93779 0.81256 0.68767
FE 0.81246 0.93758 0.68784
FE 0.81240 0.81254 0.81237
FE 0.93736 0.93741 0.81215
FE 0.93756 0.81257 0.93733
FE 0.81231 0.93744 0.93728
