256
Lattice="13.6776 0.0 0.0 0.0 14.456539320000001 -0.00136776 0.0 -0.001230984 13.682523935999999"
RU 0.06249 0.06062 0.06420
FE 0.19124 0.18880 0.06524
FE 0.19081 0.06227 0.19095
FE 0.06245 0.18900 0.18928
FE 0.06247 0.06239 0.31292
FE 0.18788 0.18773 0.31287
FE 0.18759 0.06246 0.43746
FE 0.06248 0.18758 0.43753
FE 0.06248 0.06242 0.56247
FE 0.18759 0.18754 0.56254
FE 0.18788 0.06227 0.68713
FE 0.06247 0.18761 0.68708
FE 0.06245 0.06100 0.81072
FE 0.19081 0.18773 0.80905
FE 0.19124 0.06120 0.93476
RU 0.06249 0.18938 0.93580
FE 0.06248 0.31429 0.06384
FE 0.18768 0.43773 0.06262
FE 0.18793 0.31287 0.18812
FE 0.06247 0.43786 0.18786
FE 0.06248 0.31289 0.31284
FE 0.18759 0.43767 0.31265
FE 0.18758 0.31256 0.43761
FE 0.06248 0.43757 0.43755
FE 0.06248 0.31255 0.56245
FE 0.18757 0.43760 0.56237
FE 0.18792 0.31278 0.68691
FE 0.06248 0.43800 0.68705
FE 0.06247 0.31506 0.81024
FE 0.18775 0.43788 0.81222
FE 0.18901 0.31425 0.93736
FE 0.06248 0.43785 0.93754
FE 0.06248 0.56246 0.06247
FE 0.18752 0.68753 0.06248
FE 0.18755 0.56256 0.18761
FE 0.06248 0.68752 0.18753
FE 0.06248 0.56250 0.31251
FE 0.18756 0.68743 0.31259
FE 0.18753 0.56248 0.43754
FE 0.06248 0.68748 0.43756
FE 0.06248 0.56252 0.56244
FE 0.18753 0.68752 0.56246
FE 0.18756 0.56257 0.68741
FE 0.06248 0.68750 0.68749
FE 0.06248 0.56248 0.81247
FE 0.18755 0.68744 0.81239
FE 0.18752 0.56247 0.93752
FE 0.06248 0.68754 0.93753
FE 0.06248 0.81215 0.06246
FE 0.18901 0.93575 0.06264
FE 0.18775 0.81212 0.18778
FE 0.06247 0.93494 0.18976
FE 0.06248 0.81200 0.31295
FE 0.18792 0.93722 0.31309
FE 0.18757 0.81240 0.43763
FE 0.06248 0.93745 0.43755
FE 0.06248 0.81243 0.56245
FE 0.18758 0.93744 0.56239
FE 0.18759 0.81233 0.68735
FE 0.06248 0.93711 0.68716
FE 0.06247 0.81214 0.81214
FE 0.18793 0.93713 0.81188
FE 0.18768 0.81227 0.93738
FE 0.06248 0.93571 0.93616
FE 0.31325 0.06232 0.06274
FE 0.43746 0.18757 0.06252
FE 0.43764 0.06241 0.18772
FE 0.31396 0.18768 0.18891
FE 0.31389 0.06242 0.31390
FE 0.43799 0.18760 0.31292
FE 0.43787 0.06246 0.43784
FE 0.31268 0.18760 0.43770
FE 0.31268 0.06240 0.56230
FE 0.43787 0.18754 0.56216
FE 0.43799 0.06240 0.68708
FE 0.31389 0.18758 0.68610
FE 0.31396 0.06232 0.81109
FE 0.43764 0.18759 0.81228
FE 0.43746 0.06243 0.93748
FE 0.31325 0.18768 0.93726
FE 0.31319 0.31297 0.06276
FE 0.43764 0.43761 0.06251
FE 0.43779 0.31260 0.18772
FE 0.31262 0.43766 0.18760
FE 0.31270 0.31259 0.31270
FE 0.43755 0.43756 0.31249
FE 0.43756 0.31251 0.43753
FE 0.31252 0.43756 0.43754
FE 0.31269 0.31257 0.56228
FE 0.43754 0.43754 0.56247
FE 0.43772 0.31257 0.68735
FE 0.31256 0.43759 0.68745
FE 0.31300 0.31273 0.81212
FE 0.43763 0.43760 0.81242
FE 0.43762 0.31260 0.93749
FE 0.31294 0.43799 0.93750
FE 0.31258 0.56257 0.06250
FE 0.43757 0.68749 0.06248
FE 0.43756 0.56249 0.18754
FE 0.31260 0.68742 0.18757
FE 0.31251 0.56249 0.31251
FE 0.43755 0.68751 0.31249
FE 0.43753 0.56247 0.43753
FE 0.31250 0.68751 0.43754
FE 0.31250 0.56249 0.56246
FE 0.43753 0.68753 0.56247
FE 0.43755 0.56249 0.68751
FE 0.31251 0.68751 0.68749
FE 0.31260 0.56258 0.81243
FE 0.43756 0.68751 0.81246
FE 0.43757 0.56251 0.93752
FE 0.31258 0.68743 0.93750
FE 0.31294 0.81201 0.06250
FE 0.43762 0.93740 0.06251
FE 0.43763 0.81240 0.18758
FE 0.31300 0.93727 0.18788
FE 0.31256 0.81241 0.31255
FE 0.43772 0.93743 0.31265
FE 0.43754 0.81246 0.43753
FE 0.31269 0.93743 0.43772
FE 0.31252 0.81244 0.56246
FE 0.43756 0.93749 0.56247
FE 0.43755 0.81244 0.68751
FE 0.31270 0.93741 0.68730
FE 0.31262 0.81234 0.81240
FE 0.43779 0.93740 0.81228
FE 0.43764 0.81239 0.93749
FE 0.31319 0.93703 0.93724
FE 0.56248 0.06246 0.06248
FE 0.68759 0.18758 0.06253
FE 0.68741 0.06241 0.18773
FE 0.56248 0.18755 0.18757
FE 0.56248 0.06246 0.31254
FE 0.68706 0.18760 0.31292
FE 0.68718 0.06246 0.43784
FE 0.56248 0.18754 0.43754
FE 0.56248 0.06246 0.56246
FE 0.68718 0.18754 0.56216
FE 0.68706 0.06240 0.68708
FE 0.56248 0.18754 0.68746
FE 0.56248 0.06245 0.81243
FE 0.68741 0.18759 0.81227
FE 0.68759 0.06242 0.93747
FE 0.56248 0.18754 0.93752
FE 0.56248 0.31249 0.06249
FE 0.68742 0.43761 0.06251
FE 0.68726 0.31261 0.18772
FE 0.56248 0.43755 0.18755
FE 0.56248 0.31251 0.31252
FE 0.68750 0.43756 0.31249
FE 0.68749 0.31251 0.43753
FE 0.56248 0.43754 0.43752
FE 0.56248 0.31251 0.56245
FE 0.68751 0.43754 0.56247
FE 0.68733 0.31257 0.68735
FE 0.56248 0.43754 0.68749
FE 0.56248 0.31251 0.81244
FE 0.68742 0.43761 0.81242
FE 0.68743 0.31260 0.93749
FE 0.56248 0.43754 0.93753
FE 0.56248 0.56248 0.06247
FE 0.68748 0.68749 0.06248
FE 0.68749 0.56249 0.18754
FE 0.56248 0.68752 0.18753
FE 0.56248 0.56247 0.31249
FE 0.68751 0.68751 0.31249
FE 0.68752 0.56247 0.43753
FE 0.56248 0.68753 0.43752
FE 0.56248 0.56247 0.56248
FE 0.68752 0.68753 0.56247
FE 0.68751 0.56249 0.68751
FE 0.56248 0.68753 0.68751
FE 0.56248 0.56248 0.81247
FE 0.68749 0.68751 0.81246
FE 0.68748 0.56251 0.93752
FE 0.56248 0.68752 0.93753
FE 0.56248 0.81246 0.06247
FE 0.68743 0.93740 0.06251
FE 0.68742 0.81239 0.18758
FE 0.56248 0.93749 0.18756
FE 0.56248 0.81246 0.31251
FE 0.68733 0.93743 0.31265
FE 0.68751 0.81246 0.43753
FE 0.56248 0.93749 0.43755
FE 0.56248 0.81246 0.56248
FE 0.68749 0.93749 0.56247
FE 0.68750 0.81244 0.68751
FE 0.56248 0.93749 0.68748
FE 0.56248 0.81245 0.81245
FE 0.68726 0.93739 0.81228
FE 0.68742 0.81239 0.93749
FE 0.56248 0.93751 0.93751
FE 0.81170 0.06231 0.06273
FE 0.93372 0.18880 0.06525
FE 0.93413 0.06227 0.19094
FE 0.81101 0.18770 0.18892
FE 0.81109 0.06241 0.31389
FE 0.93716 0.18773 0.31288
FE 0.93746 0.06246 0.43747
FE 0.81228 0.18760 0.43770
FE 0.81228 0.06240 0.56230
FE 0.93746 0.18754 0.56253
FE 0.93716 0.06227 0.68712
FE 0.81109 0.18759 0.68611
FE 0.81101 0.06230 0.81108
FE 0.93413 0.18773 0.80906
FE 0.93372 0.06120 0.93475
FE 0.81170 0.18769 0.93727
FE 0.81178 0.31297 0.06275
FE 0.93738 0.43773 0.06262
FE 0.93712 0.31288 0.18812
FE 0.81233 0.43766 0.18760
FE 0.81226 0.31259 0.31270
FE 0.93746 0.43767 0.31265
FE 0.93747 0.31256 0.43761
FE 0.81244 0.43756 0.43754
FE 0.81227 0.31257 0.56228
FE 0.93748 0.43760 0.56237
FE 0.93712 0.31278 0.68691
FE 0.81240 0.43760 0.68745
FE 0.81196 0.31273 0.81211
FE 0.93730 0.43788 0.81222
FE 0.93599 0.31425 0.93735
FE 0.81201 0.43799 0.93751
FE 0.81238 0.56256 0.06250
FE 0.93753 0.68753 0.06248
FE 0.93751 0.56256 0.18761
FE 0.81236 0.68742 0.18757
FE 0.81245 0.56249 0.31251
FE 0.93749 0.68743 0.31259
FE 0.93752 0.56248 0.43754
FE 0.81245 0.68751 0.43754
FE 0.81245 0.56249 0.56246
FE 0.93752 0.68752 0.56246
FE 0.93749 0.56257 0.68741
FE 0.81245 0.68751 0.68749
FE 0.81236 0.56258 0.81243
FE 0.93751 0.68744 0.81239
FE 0.93753 0.56247 0.93752
FE 0.81238 0.68744 0.93750
FE 0.81201 0.81201 0.06249
FE 0.93599 0.93575 0.06265
FE 0.93730 0.81212 0.18778
FE 0.81196 0.93727 0.18789
FE 0.81240 0.81240 0.31255
FE 0.93712 0.93722 0.31309
FE 0.93748 0.81240 0.43763
FE 0.81227 0.93743 0.43772
FE 0.81244 0.81244 0.56246
FE 0.93747 0.93744 0.56239
FE 0.93746 0.81233 0.68735
FE 0.81226 0.93741 0.68730
FE 0.81233 0.81234 0.81240
FE 0.93712 0.93712 0.81188
FE 0.93738 0.81227 0.93738
FE 0.81178 0.93703 0.93725
