32
Lattice="6.98683 0.00020960490000000002 -0.00027947320000000004 0.00020960490000000002 7.3192633714 0.00020960490000000002 -0.00027947320000000004 0.00020960490000000002 6.98683"
RU -0.00807 -0.00579 -0.00807
RU 0.25704 0.25532 -0.00749
RU 0.25700 -0.00509 0.25700
RU -0.00749 0.25532 0.25704
FE -0.00450 -0.00213 0.50535
FE 0.25483 0.25286 0.50531
FE 0.25507 -0.00187 0.74446
FE -0.00403 0.25300 0.74438
FE -0.00199 0.50373 -0.00199
FE 0.25279 0.74564 -0.00180
FE 0.25236 0.50356 0.25236
FE -0.00180 0.74564 0.25279
FE -0.00076 0.50302 0.50259
FE 0.25094 0.74647 0.50236
FE 0.25117 0.50289 0.74724
FE -0.00068 0.74648 0.74709
FE 0.50535 -0.00213 -0.00450
FE 0.74438 0.25300 -0.00403
FE 0.74446 -0.00187 0.25507
FE 0.50531 0.25286 0.25483
FE 0.50504 -0.00031 0.50504
FE 0.74491 0.25110 0.50487
FE 0.74503 -0.00031 0.74503
FE 0.50487 0.25110 0.74491
FE 0.50259 0.50302 -0.00076
FE 0.74709 0.74648 -0.00068
FE 0.74724 0.50289 0.25117
FE 0.50236 0.74647 0.25094
FE 0.50077 0.50046 0.50077
FE 0.74908 0.74886 0.50078
FE 0.74887 0.50050 0.74887
FE 0.50078 0.74886 0.74908
