129
Lattice="13.67994 0.0 0.0 0.0 14.386235302200001 0.0 0.0 0.0 13.67994"
RU 0.13947 0.10534 0.17443
FE 0.05875 0.06218 0.32112
FE 0.18843 0.19044 0.32144
FE 0.18682 0.06235 0.44213
FE 0.06250 0.18834 0.44245
FE 0.06232 0.06231 0.56973
FE 0.18766 0.18789 0.56981
FE 0.18822 0.06181 0.68790
FE 0.06166 0.18831 0.68794
FE 0.06536 0.31054 0.31723
FE 0.18774 0.43543 0.31754
FE 0.18812 0.31346 0.44122
FE 0.06339 0.43696 0.43857
FE 0.06283 0.31343 0.56786
FE 0.18855 0.43885 0.56822
FE 0.18873 0.31434 0.68746
FE 0.06033 0.43920 0.68624
FE 0.06485 0.56171 0.31451
FE 0.18475 0.68827 0.31455
FE 0.18637 0.56198 0.43713
FE 0.06337 0.68809 0.43715
FE 0.06158 0.56283 0.56620
FE 0.18826 0.68721 0.56606
FE 0.18880 0.56345 0.68617
FE 0.06133 0.68655 0.68621
FE 0.06184 0.81406 0.31720
FE 0.18295 0.94092 0.31394
FE 0.18629 0.81357 0.43792
FE 0.06186 0.93715 0.44062
FE 0.06139 0.81128 0.56798
FE 0.18692 0.93677 0.56771
FE 0.18963 0.81090 0.68603
FE 0.06128 0.93567 0.68752
FE 0.30764 0.06622 0.31223
FE 0.43571 0.18834 0.31719
FE 0.43415 0.06249 0.43420
FE 0.31216 0.18816 0.44186
FE 0.31241 0.06214 0.56661
FE 0.43855 0.18723 0.56605
FE 0.43801 0.06252 0.68599
FE 0.31467 0.18764 0.68590
FE 0.31126 0.31149 0.31709
FE 0.43549 0.43722 0.31471
FE 0.43748 0.31314 0.43699
FE 0.31254 0.43783 0.43665
FE 0.31417 0.31318 0.56793
FE 0.43904 0.43780 0.56328
FE 0.44031 0.31313 0.68459
FE 0.31592 0.43981 0.68553
FE 0.30836 0.56133 0.31473
FE 0.43393 0.68780 0.31302
FE 0.43588 0.56333 0.43222
FE 0.31042 0.68740 0.43344
FE 0.31430 0.56277 0.56414
FE 0.43852 0.68790 0.55990
FE 0.44192 0.56331 0.68249
FE 0.31621 0.68688 0.68428
FE 0.30740 0.81292 0.31478
FE 0.43445 0.93841 0.31504
FE 0.43563 0.81275 0.43152
FE 0.31012 0.93794 0.43638
FE 0.31380 0.81271 0.56326
FE 0.43771 0.93847 0.56236
FE 0.43933 0.81162 0.68290
FE 0.31480 0.93663 0.68594
FE 0.56161 0.06317 0.31469
FE 0.68840 0.18684 0.31483
FE 0.68857 0.06306 0.43527
FE 0.56114 0.18678 0.43527
FE 0.56198 0.06271 0.56355
FE 0.68744 0.18716 0.56411
FE 0.68559 0.06228 0.68509
FE 0.56380 0.18753 0.68528
FE 0.56075 0.31050 0.31398
FE 0.68724 0.43600 0.31238
FE 0.68756 0.31154 0.43359
FE 0.56260 0.43699 0.43214
FE 0.56327 0.31215 0.56357
FE 0.68798 0.43704 0.55992
FE 0.68824 0.31271 0.68500
FE 0.56519 0.43860 0.68224
FE 0.56126 0.56261 0.31227
FE 0.68877 0.68739 0.31232
FE 0.68832 0.56151 0.42946
FE 0.56154 0.68860 0.42934
FE 0.56303 0.56247 0.55765
FE 0.68674 0.68765 0.55778
FE 0.68579 0.56294 0.68057
FE 0.56379 0.68725 0.68053
FE 0.56264 0.81407 0.31220
FE 0.68913 0.93953 0.31415
FE 0.68725 0.81313 0.43211
FE 0.56186 0.93854 0.43331
FE 0.56174 0.81303 0.55967
FE 0.68648 0.93783 0.56346
FE 0.68450 0.81144 0.68208
FE 0.56129 0.93718 0.68465
FE 0.81453 0.06169 0.31712
FE 0.94022 0.18548 0.31648
FE 0.93748 0.06200 0.44231
FE 0.81448 0.18758 0.43556
FE 0.81107 0.06261 0.56639
FE 0.93712 0.18800 0.56705
FE 0.93528 0.06231 0.68577
FE 0.81162 0.18733 0.68629
FE 0.81508 0.31193 0.31511
FE 0.94214 0.43707 0.31517
FE 0.93876 0.31260 0.43737
FE 0.81395 0.43735 0.43199
FE 0.81161 0.31166 0.56312
FE 0.93588 0.43746 0.56375
FE 0.93496 0.31342 0.68602
FE 0.81029 0.43853 0.68330
FE 0.81591 0.56216 0.31308
FE 0.94126 0.68870 0.31481
FE 0.93936 0.56271 0.43371
FE 0.81393 0.68675 0.43247
FE 0.81124 0.56221 0.56013
FE 0.93563 0.68723 0.56433
FE 0.93366 0.56323 0.68444
FE 0.80786 0.68679 0.68258
FE 0.81437 0.81289 0.31468
FE 0.93888 0.93859 0.31720
FE 0.93734 0.81221 0.43668
FE 0.81260 0.93693 0.43706
FE 0.81084 0.81224 0.56329
FE 0.93587 0.93682 0.56800
FE 0.93410 0.81018 0.68538
FE 0.80949 0.93677 0.68464
