256
Lattice="13.69684 0.0 -0.0 0.0 14.419759215200001 -0.0012327156 -0.0 -0.0012327156 13.698072715599999"
RU 0.06250 0.06158 0.06342
FE 0.18880 0.18798 0.06335
FE 0.18837 0.06249 0.18840
FE 0.06249 0.18798 0.18806
FE 0.06249 0.06249 0.31258
FE 0.18752 0.18751 0.31250
FE 0.18750 0.06249 0.43748
FE 0.06249 0.18750 0.43750
FE 0.06249 0.06250 0.56250
FE 0.18750 0.18751 0.56252
FE 0.18752 0.06249 0.68750
FE 0.06249 0.18751 0.68742
FE 0.06249 0.06202 0.81194
FE 0.18837 0.18751 0.81160
FE 0.18880 0.06202 0.93665
RU 0.06250 0.18842 0.93658
FE 0.06249 0.31299 0.06294
FE 0.18750 0.43751 0.06250
FE 0.18753 0.31249 0.18755
FE 0.06249 0.43752 0.18752
FE 0.06249 0.31251 0.31250
FE 0.18751 0.43751 0.31250
FE 0.18750 0.31249 0.43750
FE 0.06249 0.43750 0.43750
FE 0.06249 0.31249 0.56250
FE 0.18751 0.43750 0.56250
FE 0.18753 0.31249 0.68747
FE 0.06249 0.43751 0.68750
FE 0.06249 0.31307 0.81195
FE 0.18752 0.43752 0.81248
FE 0.18795 0.31296 0.93750
FE 0.06249 0.43753 0.93751
FE 0.06249 0.56249 0.06249
FE 0.18749 0.68751 0.06249
FE 0.18751 0.56250 0.18751
FE 0.06249 0.68751 0.18750
FE 0.06249 0.56248 0.31248
FE 0.18751 0.68750 0.31250
FE 0.18751 0.56249 0.43750
FE 0.06249 0.68752 0.43750
FE 0.06249 0.56248 0.56250
FE 0.18751 0.68751 0.56250
FE 0.18751 0.56250 0.68750
FE 0.06249 0.68752 0.68752
FE 0.06249 0.56249 0.81250
FE 0.18751 0.68750 0.81249
FE 0.18750 0.56249 0.93751
FE 0.06249 0.68751 0.93751
FE 0.06249 0.81247 0.06249
FE 0.18795 0.93704 0.06250
FE 0.18752 0.81248 0.18752
FE 0.06249 0.93693 0.18805
FE 0.06249 0.81249 0.31250
FE 0.18753 0.93751 0.31253
FE 0.18751 0.81250 0.43750
FE 0.06249 0.93751 0.43750
FE 0.06249 0.81250 0.56250
FE 0.18750 0.93751 0.56250
FE 0.18751 0.81249 0.68750
FE 0.06249 0.93749 0.68750
FE 0.06249 0.81248 0.81248
FE 0.18753 0.93751 0.81245
FE 0.18750 0.81249 0.93750
FE 0.06249 0.93701 0.93706
FE 0.31263 0.06249 0.06251
FE 0.43747 0.18750 0.06249
FE 0.43747 0.06249 0.18750
FE 0.31261 0.18750 0.18761
FE 0.31259 0.06249 0.31258
FE 0.43749 0.18751 0.31249
FE 0.43749 0.06250 0.43750
FE 0.31250 0.18751 0.43750
FE 0.31250 0.06249 0.56250
FE 0.43749 0.18750 0.56250
FE 0.43749 0.06249 0.68751
FE 0.31259 0.18751 0.68742
FE 0.31261 0.06250 0.81239
FE 0.43747 0.18751 0.81250
FE 0.43747 0.06250 0.93751
FE 0.31263 0.18751 0.93749
FE 0.31255 0.31251 0.06251
FE 0.43749 0.43749 0.06250
FE 0.43750 0.31249 0.18751
FE 0.31251 0.43751 0.18751
FE 0.31250 0.31249 0.31249
FE 0.43750 0.43751 0.31249
FE 0.43750 0.31249 0.43750
FE 0.31249 0.43751 0.43750
FE 0.31250 0.31249 0.56250
FE 0.43750 0.43751 0.56250
FE 0.43750 0.31250 0.68750
FE 0.31250 0.43751 0.68750
FE 0.31253 0.31249 0.81247
FE 0.43750 0.43750 0.81249
FE 0.43749 0.31248 0.93750
FE 0.31252 0.43753 0.93750
FE 0.31250 0.56250 0.06250
FE 0.43749 0.68752 0.06250
FE 0.43750 0.56249 0.18751
FE 0.31250 0.68750 0.18751
FE 0.31249 0.56249 0.31249
FE 0.43750 0.68751 0.31249
FE 0.43750 0.56249 0.43750
FE 0.31250 0.68751 0.43750
FE 0.31250 0.56249 0.56250
FE 0.43750 0.68751 0.56250
FE 0.43750 0.56249 0.68751
FE 0.31249 0.68751 0.68751
FE 0.31250 0.56250 0.81249
FE 0.43750 0.68751 0.81249
FE 0.43749 0.56248 0.93750
FE 0.31250 0.68750 0.93750
FE 0.31252 0.81247 0.06250
FE 0.43749 0.93752 0.06250
FE 0.43750 0.81250 0.18751
FE 0.31253 0.93751 0.18753
FE 0.31250 0.81249 0.31250
FE 0.43750 0.93750 0.31250
FE 0.43750 0.81249 0.43750
FE 0.31250 0.93751 0.43750
FE 0.31249 0.81249 0.56250
FE 0.43750 0.93751 0.56250
FE 0.43750 0.81249 0.68751
FE 0.31250 0.93751 0.68751
FE 0.31251 0.81249 0.81249
FE 0.43750 0.93751 0.81249
FE 0.43749 0.81251 0.93750
FE 0.31255 0.93749 0.93749
FE 0.56249 0.06249 0.06249
FE 0.68755 0.18750 0.06249
FE 0.68754 0.06249 0.18750
FE 0.56249 0.18751 0.18751
FE 0.56249 0.06250 0.31250
FE 0.68752 0.18751 0.31249
FE 0.68752 0.06250 0.43750
FE 0.56249 0.18750 0.43750
FE 0.56249 0.06250 0.56250
FE 0.68752 0.18750 0.56250
FE 0.68752 0.06249 0.68751
FE 0.56249 0.18750 0.68750
FE 0.56249 0.06249 0.81249
FE 0.68754 0.18751 0.81250
FE 0.68755 0.06250 0.93751
FE 0.56249 0.18751 0.93751
FE 0.56249 0.31249 0.06249
FE 0.68752 0.43749 0.06250
FE 0.68751 0.31249 0.18751
FE 0.56249 0.43751 0.18751
FE 0.56249 0.31249 0.31249
FE 0.68751 0.43751 0.31249
FE 0.68751 0.31249 0.43750
FE 0.56249 0.43751 0.43750
FE 0.56249 0.31249 0.56250
FE 0.68751 0.43751 0.56250
FE 0.68751 0.31250 0.68750
FE 0.56249 0.43750 0.68751
FE 0.56249 0.31249 0.81250
FE 0.68751 0.43750 0.81249
FE 0.68752 0.31248 0.93750
FE 0.56249 0.43751 0.93750
FE 0.56249 0.56249 0.06249
FE 0.68752 0.68752 0.06250
FE 0.68751 0.56249 0.18751
FE 0.56249 0.68751 0.18751
FE 0.56249 0.56249 0.31249
FE 0.68751 0.68751 0.31249
FE 0.68751 0.56249 0.43751
FE 0.56249 0.68751 0.43750
FE 0.56249 0.56249 0.56250
FE 0.68751 0.68751 0.56250
FE 0.68751 0.56249 0.68751
FE 0.56249 0.68751 0.68751
FE 0.56249 0.56249 0.81249
FE 0.68751 0.68751 0.81249
FE 0.68752 0.56248 0.93750
FE 0.56249 0.68751 0.93751
FE 0.56249 0.81249 0.06250
FE 0.68752 0.93752 0.06250
FE 0.68751 0.81250 0.18751
FE 0.56249 0.93751 0.18750
FE 0.56249 0.81250 0.31249
FE 0.68751 0.93750 0.31250
FE 0.68751 0.81249 0.43750
FE 0.56249 0.93751 0.43750
FE 0.56249 0.81249 0.56250
FE 0.68751 0.93751 0.56250
FE 0.68751 0.81249 0.68751
FE 0.56249 0.93751 0.68751
FE 0.56249 0.81249 0.81249
FE 0.68751 0.93751 0.81249
FE 0.68752 0.81251 0.93750
FE 0.56249 0.93751 0.93751
FE 0.81235 0.06249 0.06251
FE 0.93621 0.18798 0.06336
FE 0.93664 0.06249 0.18840
FE 0.81237 0.18750 0.18761
FE 0.81240 0.06249 0.31258
FE 0.93749 0.18751 0.31250
FE 0.93751 0.06249 0.43748
FE 0.81249 0.18751 0.43750
FE 0.81249 0.06249 0.56250
FE 0.93751 0.18751 0.56252
FE 0.93749 0.06249 0.68750
FE 0.81240 0.18751 0.68742
FE 0.81237 0.06250 0.81239
FE 0.93664 0.18751 0.81160
FE 0.93621 0.06202 0.93664
FE 0.81235 0.18751 0.93749
FE 0.81244 0.31251 0.06251
FE 0.93751 0.43751 0.06250
FE 0.93748 0.31249 0.18755
FE 0.81248 0.43751 0.18751
FE 0.81249 0.31249 0.31249
FE 0.93750 0.43751 0.31250
FE 0.93751 0.31249 0.43750
FE 0.81249 0.43751 0.43750
FE 0.81249 0.31249 0.56250
FE 0.93750 0.43750 0.56250
FE 0.93748 0.31249 0.68747
FE 0.81249 0.43751 0.68750
FE 0.81246 0.31249 0.81247
FE 0.93749 0.43752 0.81248
FE 0.93706 0.31296 0.93750
FE 0.81247 0.43753 0.93750
FE 0.81249 0.56250 0.06250
FE 0.93752 0.68751 0.06249
FE 0.93750 0.56250 0.18751
FE 0.81249 0.68750 0.18751
FE 0.81249 0.56249 0.31249
FE 0.93750 0.68750 0.31250
FE 0.93750 0.56249 0.43750
FE 0.81249 0.68751 0.43750
FE 0.81249 0.56249 0.56250
FE 0.93750 0.68751 0.56250
FE 0.93750 0.56250 0.68750
FE 0.81249 0.68751 0.68751
FE 0.81249 0.56250 0.81249
FE 0.93750 0.68750 0.81249
FE 0.93752 0.56249 0.93751
FE 0.81249 0.68750 0.93750
FE 0.81247 0.81247 0.06250
FE 0.93706 0.93704 0.06250
FE 0.93749 0.81248 0.18752
FE 0.81246 0.93751 0.18753
FE 0.81249 0.81249 0.31250
FE 0.93748 0.93751 0.31253
FE 0.93750 0.81250 0.43750
FE 0.81249 0.93751 0.43750
FE 0.81249 0.81249 0.56250
FE 0.93751 0.93751 0.56250
FE 0.93750 0.81249 0.68750
FE 0.81249 0.93751 0.68751
FE 0.81248 0.81249 0.81249
FE 0.93748 0.93751 0.81245
FE 0.93751 0.81249 0.93750
FE 0.81244 0.93749 0.93749
