32
Lattice="6.97394 0.0001394788 6.97394e-05 0.0001394788 7.30520215 0.0001394788 6.97394e-05 0.0001394788 6.97394"
RU -0.00718 -0.00510 -0.00718
RU 0.25700 0.25482 -0.00715
RU 0.25700 -0.00499 0.25700
RU -0.00715 0.25482 0.25700
FE -0.00493 -0.00262 0.50561
FE 0.25502 0.25277 0.50542
FE 0.25499 -0.00263 0.74461
FE -0.00490 0.25277 0.74454
FE -0.00211 0.50390 -0.00211
FE 0.25223 0.74619 -0.00210
FE 0.25223 0.50370 0.25223
FE -0.00210 0.74619 0.25223
FE -0.00098 0.50352 0.50252
FE 0.25110 0.74628 0.50256
FE 0.25113 0.50370 0.74733
FE -0.00096 0.74623 0.74733
FE 0.50561 -0.00262 -0.00493
FE 0.74454 0.25277 -0.00490
FE 0.74461 -0.00263 0.25499
FE 0.50542 0.25277 0.25502
FE 0.50494 -0.00102 0.50494
FE 0.74490 0.25121 0.50509
FE 0.74482 -0.00094 0.74482
FE 0.50509 0.25121 0.74490
FE 0.50252 0.50352 -0.00098
FE 0.74733 0.74623 -0.00096
FE 0.74733 0.50370 0.25113
FE 0.50256 0.74628 0.25110
FE 0.50101 0.50119 0.50101
FE 0.74894 0.74878 0.50104
FE 0.74895 0.50120 0.74895
FE 0.50104 0.74878 0.74894
