256
Lattice="13.72818 -0.0 0.0 -0.0 14.4397115694 0.0001372818 0.0 0.0 13.728042718200001"
RU 0.06252 0.06250 0.06248
FE 0.18842 0.18849 0.06250
FE 0.18933 0.06248 0.18929
FE 0.06251 0.18849 0.18844
FE 0.06260 0.06250 0.31267
FE 0.18757 0.18751 0.31258
FE 0.18748 0.06247 0.43745
FE 0.06255 0.18758 0.43747
FE 0.06260 0.06250 0.56254
FE 0.18740 0.18749 0.56243
FE 0.18744 0.06242 0.68759
FE 0.06252 0.18749 0.68751
FE 0.06250 0.06251 0.81227
FE 0.18749 0.18750 0.81242
FE 0.18930 0.06248 0.93571
FE 0.06246 0.18849 0.93663
FE 0.06251 0.31255 0.06250
FE 0.18759 0.43750 0.06255
FE 0.18754 0.31251 0.18754
FE 0.06255 0.43748 0.18761
FE 0.06252 0.31258 0.31255
FE 0.18754 0.43755 0.31251
FE 0.18722 0.31247 0.43723
FE 0.06247 0.43751 0.43748
FE 0.06258 0.31250 0.56251
FE 0.18742 0.43753 0.56243
FE 0.18728 0.31248 0.68751
FE 0.06257 0.43748 0.68742
FE 0.06257 0.31253 0.81238
FE 0.18752 0.43754 0.81246
FE 0.18733 0.31243 0.93777
FE 0.06339 0.43653 0.93755
FE 0.06431 0.56250 0.06430
FE 0.18759 0.68753 0.06253
FE 0.18779 0.56248 0.18778
FE 0.06256 0.68754 0.18760
FE 0.06251 0.56247 0.31242
FE 0.18756 0.68751 0.31251
FE 0.18750 0.56251 0.43751
FE 0.06255 0.68746 0.43749
FE 0.06251 0.56246 0.56255
FE 0.18750 0.68754 0.56250
FE 0.18773 0.56255 0.68723
FE 0.06257 0.68754 0.68742
FE 0.06430 0.56247 0.81070
FE 0.18761 0.68754 0.81240
FE 0.18774 0.56248 0.93753
FE 0.06339 0.68852 0.93754
FE 0.06253 0.81241 0.06250
FE 0.18843 0.93655 0.06247
FE 0.18761 0.81246 0.18753
FE 0.06279 0.93654 0.18817
FE 0.06260 0.81239 0.31249
FE 0.18753 0.93749 0.31261
FE 0.18756 0.81249 0.43750
FE 0.06273 0.93752 0.43749
FE 0.06261 0.81246 0.56255
FE 0.18742 0.93751 0.56249
FE 0.18753 0.81248 0.68753
FE 0.06279 0.93754 0.68778
FE 0.06253 0.81243 0.81240
FE 0.18758 0.93749 0.81238
FE 0.18760 0.81254 0.93749
FE 0.06248 0.93651 0.93661
FE 0.31271 0.06248 0.06249
FE 0.43749 0.18754 0.06245
FE 0.43742 0.06251 0.18747
FE 0.31258 0.18755 0.18757
FE 0.31269 0.06256 0.31277
FE 0.43754 0.18752 0.31252
FE 0.43751 0.06243 0.43746
FE 0.31242 0.18752 0.43742
FE 0.31246 0.06246 0.56247
FE 0.43750 0.18653 0.56162
FE 0.43750 0.06240 0.68752
FE 0.31160 0.18652 0.68750
FE 0.31274 0.06245 0.81222
FE 0.43752 0.18653 0.81337
FE 0.43745 0.06240 0.93760
FE 0.31252 0.18755 0.93757
FE 0.31256 0.31256 0.06243
FE 0.43749 0.43748 0.06244
FE 0.43752 0.31248 0.18752
FE 0.31250 0.43751 0.18753
FE 0.31250 0.31248 0.31255
FE 0.43753 0.43753 0.31250
FE 0.43753 0.31246 0.43726
FE 0.31240 0.43753 0.43741
FE 0.31068 0.31247 0.56069
FE 0.43751 0.43849 0.56162
RU 0.43749 0.31252 0.68751
FE 0.31159 0.43850 0.68750
FE 0.31068 0.31248 0.81428
FE 0.43751 0.43850 0.81339
FE 0.43751 0.31248 0.93775
FE 0.31243 0.43756 0.93762
FE 0.31241 0.56248 0.06247
FE 0.43744 0.68749 0.06236
FE 0.43749 0.56246 0.18750
FE 0.31241 0.68749 0.18748
FE 0.31241 0.56241 0.31249
FE 0.43660 0.68650 0.31249
FE 0.43751 0.56255 0.43746
FE 0.31236 0.68751 0.43755
FE 0.31246 0.56250 0.56247
FE 0.43745 0.68750 0.56263
FE 0.43751 0.56257 0.68751
FE 0.31249 0.68752 0.68750
FE 0.31240 0.56251 0.81252
FE 0.43752 0.68751 0.81247
FE 0.43751 0.56256 0.93758
FE 0.31246 0.68750 0.93752
FE 0.31227 0.81241 0.06222
FE 0.43743 0.93755 0.06236
FE 0.43569 0.81248 0.18567
FE 0.31248 0.93752 0.18751
FE 0.31224 0.81249 0.31250
FE 0.43668 0.93851 0.31253
FE 0.43572 0.81250 0.43931
FE 0.31238 0.93751 0.43756
FE 0.31221 0.81249 0.56277
FE 0.43751 0.93754 0.56261
FE 0.43751 0.81247 0.68748
FE 0.31250 0.93752 0.68752
FE 0.31249 0.81249 0.81246
FE 0.43752 0.93751 0.81245
FE 0.43752 0.81249 0.93757
FE 0.31256 0.93747 0.93747
FE 0.56248 0.06257 0.06241
FE 0.68753 0.18750 0.06248
FE 0.68753 0.06253 0.18737
FE 0.56248 0.18751 0.18752
FE 0.56238 0.06259 0.31243
FE 0.68748 0.18753 0.31248
FE 0.68663 0.06351 0.43753
FE 0.56248 0.18756 0.43738
FE 0.56240 0.06255 0.56260
FE 0.68761 0.18753 0.56247
FE 0.68753 0.06243 0.68762
FE 0.56339 0.18650 0.68751
FE 0.56249 0.06247 0.81251
FE 0.68759 0.18748 0.81252
FE 0.68760 0.06248 0.93753
FE 0.56257 0.18749 0.93765
FE 0.56248 0.31249 0.06243
FE 0.68744 0.43747 0.06253
FE 0.68750 0.31250 0.18751
FE 0.56248 0.43751 0.18755
FE 0.56246 0.31249 0.31254
FE 0.68750 0.43752 0.31250
FE 0.68781 0.31249 0.43722
FE 0.56256 0.43754 0.43738
FE 0.56428 0.31251 0.56070
FE 0.68762 0.43751 0.56244
FE 0.68775 0.31250 0.68753
FE 0.56339 0.43851 0.68748
FE 0.56430 0.31249 0.81429
FE 0.68751 0.43752 0.81248
FE 0.68773 0.31241 0.93779
FE 0.56256 0.43755 0.93764
FE 0.56255 0.56241 0.06241
FE 0.68748 0.68754 0.06244
FE 0.68725 0.56244 0.18775
FE 0.56248 0.68653 0.18661
FE 0.56247 0.56237 0.31249
FE 0.68839 0.68650 0.31247
FE 0.68756 0.56246 0.43752
FE 0.56244 0.68647 0.43839
FE 0.56249 0.56241 0.56255
FE 0.68756 0.68750 0.56260
FE 0.68731 0.56254 0.68726
FE 0.56246 0.68752 0.68749
FE 0.56257 0.56251 0.81251
FE 0.68742 0.68756 0.81243
FE 0.68729 0.56249 0.93752
FE 0.56252 0.68754 0.93756
FE 0.56247 0.81247 0.06224
FE 0.68758 0.93756 0.06244
FE 0.68925 0.81247 0.18561
FE 0.56222 0.93850 0.18634
RU 0.56234 0.81246 0.31241
FE 0.68661 0.93847 0.31073
FE 0.68842 0.81151 0.43928
FE 0.56225 0.93851 0.43840
FE 0.56238 0.81246 0.56280
FE 0.68579 0.93752 0.56441
FE 0.68744 0.81246 0.68756
FE 0.56219 0.93753 0.68777
FE 0.56246 0.81248 0.81248
FE 0.68751 0.93751 0.81240
FE 0.68744 0.81256 0.93757
FE 0.56251 0.93748 0.93756
FE 0.81226 0.06248 0.06249
FE 0.93661 0.18851 0.06246
FE 0.93576 0.06249 0.18919
FE 0.81238 0.18761 0.18752
FE 0.81225 0.06355 0.31187
FE 0.93745 0.18756 0.31256
FE 0.93842 0.06348 0.43746
FE 0.81250 0.18762 0.43751
FE 0.81248 0.06349 0.56340
FE 0.93754 0.18755 0.56253
FE 0.93758 0.06251 0.68768
FE 0.81244 0.18758 0.68755
FE 0.81221 0.06248 0.81220
FE 0.93745 0.18753 0.81239
FE 0.93569 0.06250 0.93571
FE 0.81240 0.18753 0.93747
FE 0.81239 0.31252 0.06253
FE 0.93753 0.43651 0.06338
FE 0.93750 0.31245 0.18758
FE 0.81242 0.43749 0.18763
FE 0.81247 0.31249 0.31251
FE 0.93748 0.43755 0.31251
FE 0.93749 0.31248 0.43751
FE 0.81252 0.43750 0.43750
FE 0.81242 0.31248 0.56248
FE 0.93750 0.43752 0.56251
FE 0.93752 0.31243 0.68747
FE 0.81240 0.43749 0.68740
FE 0.81240 0.31245 0.81243
FE 0.93750 0.43655 0.81155
FE 0.93749 0.31242 0.93750
FE 0.81156 0.43655 0.93753
FE 0.81069 0.56250 0.06430
FE 0.93754 0.68850 0.06337
FE 0.93752 0.56248 0.18772
FE 0.81251 0.68743 0.18750
FE 0.81256 0.56242 0.31244
FE 0.93751 0.68748 0.31248
FE 0.93749 0.56249 0.43752
FE 0.81260 0.68741 0.43757
FE 0.81250 0.56248 0.56253
FE 0.93754 0.68749 0.56255
FE 0.93751 0.56246 0.68729
FE 0.81242 0.68744 0.68748
FE 0.81068 0.56249 0.81067
FE 0.93751 0.68850 0.81155
RU 0.93751 0.56249 0.93752
FE 0.81157 0.68849 0.93750
FE 0.81267 0.81243 0.06225
FE 0.93660 0.93653 0.06251
FE 0.93749 0.81251 0.18750
FE 0.81248 0.93754 0.18730
FE 0.81272 0.81147 0.31157
FE 0.93924 0.93749 0.31078
FE 0.93834 0.81150 0.43750
RU 0.81265 0.93754 0.43758
FE 0.81275 0.81150 0.56366
FE 0.93933 0.93750 0.56435
FE 0.93757 0.81254 0.68756
FE 0.81246 0.93755 0.68773
FE 0.81246 0.81250 0.81244
FE 0.93744 0.93749 0.81233
FE 0.93749 0.81255 0.93750
FE 0.81241 0.93750 0.93745
