256
Lattice="13.68494 0.0 0.0 0.0 14.4590970558 -0.0005473976 0.0 -0.0005473976 13.692193018199998"
RU 0.06248 0.06079 0.06427
FE 0.19115 0.18878 0.06536
FE 0.19077 0.06224 0.19094
FE 0.06244 0.18893 0.18930
FE 0.06247 0.06243 0.31293
FE 0.18808 0.18789 0.31286
FE 0.18800 0.06268 0.43696
FE 0.06248 0.18799 0.43713
FE 0.06248 0.06391 0.56116
FE 0.18783 0.18783 0.56231
FE 0.18920 0.06367 0.68701
FE 0.06247 0.18806 0.68704
FE 0.06245 0.06259 0.81197
FE 0.19091 0.18806 0.80924
FE 0.19146 0.06158 0.93535
RU 0.06248 0.18977 0.93626
FE 0.06248 0.31444 0.06392
FE 0.18776 0.43781 0.06269
FE 0.18805 0.31301 0.18825
FE 0.06248 0.43796 0.18797
FE 0.06249 0.31306 0.31288
FE 0.18767 0.43776 0.31270
FE 0.18768 0.31275 0.43754
FE 0.06248 0.43764 0.43756
FE 0.06248 0.31263 0.56241
FE 0.18763 0.43769 0.56230
FE 0.18806 0.31292 0.68674
FE 0.06248 0.43815 0.68690
FE 0.06247 0.31506 0.81025
FE 0.18783 0.43801 0.81214
FE 0.18899 0.31437 0.93742
FE 0.06248 0.43793 0.93755
FE 0.06248 0.56241 0.06255
FE 0.18763 0.68739 0.06263
FE 0.18758 0.56257 0.18765
FE 0.06248 0.68746 0.18756
FE 0.06248 0.56247 0.31250
FE 0.18768 0.68727 0.31250
FE 0.18760 0.56238 0.43744
FE 0.06249 0.68698 0.43717
FE 0.06248 0.56257 0.56237
FE 0.18774 0.68723 0.56226
FE 0.18762 0.56260 0.68735
FE 0.06248 0.68709 0.68743
FE 0.06248 0.56249 0.81245
FE 0.18775 0.68714 0.81253
FE 0.18760 0.56237 0.93763
FE 0.06248 0.68711 0.93792
FE 0.06247 0.81197 0.06252
FE 0.18897 0.93580 0.06267
FE 0.18786 0.81196 0.18786
FE 0.06247 0.93496 0.18973
FE 0.06248 0.81178 0.31306
FE 0.18813 0.93710 0.31328
FE 0.18800 0.81206 0.43717
FE 0.06247 0.93738 0.43715
FE 0.06245 0.81083 0.56101
FE 0.19047 0.93737 0.55950
FE 0.18893 0.81084 0.68730
RU 0.06248 0.93693 0.68701
FE 0.06247 0.81065 0.81339
FE 0.19089 0.93701 0.81467
FE 0.18810 0.81193 0.93787
FE 0.06247 0.93566 0.93671
FE 0.31354 0.06240 0.06306
FE 0.43754 0.18765 0.06259
FE 0.43783 0.06241 0.18782
FE 0.31430 0.18777 0.18916
FE 0.31444 0.06250 0.31394
FE 0.43826 0.18770 0.31311
FE 0.43838 0.06253 0.43778
FE 0.31291 0.18774 0.43769
FE 0.31329 0.06259 0.56187
FE 0.43826 0.18770 0.56191
FE 0.43825 0.06243 0.68685
FE 0.31453 0.18799 0.68583
FE 0.31471 0.06254 0.81120
FE 0.43789 0.18776 0.81225
FE 0.43777 0.06253 0.93768
FE 0.31340 0.18782 0.93729
FE 0.31335 0.31310 0.06287
FE 0.43774 0.43769 0.06256
FE 0.43793 0.31270 0.18783
FE 0.31272 0.43774 0.18767
FE 0.31286 0.31272 0.31280
FE 0.43761 0.43762 0.31252
FE 0.43768 0.31263 0.43751
FE 0.31263 0.43763 0.43750
FE 0.31296 0.31280 0.56214
FE 0.43762 0.43759 0.56242
FE 0.43790 0.31274 0.68724
FE 0.31266 0.43767 0.68738
FE 0.31324 0.31296 0.81205
FE 0.43775 0.43768 0.81238
FE 0.43771 0.31270 0.93749
FE 0.31309 0.43809 0.93752
FE 0.31265 0.56257 0.06256
FE 0.43766 0.68739 0.06252
FE 0.43761 0.56250 0.18756
FE 0.31273 0.68730 0.18761
FE 0.31258 0.56247 0.31252
FE 0.43761 0.68743 0.31249
FE 0.43759 0.56245 0.43750
FE 0.31264 0.68738 0.43745
FE 0.31266 0.56239 0.56240
FE 0.43770 0.68740 0.56239
FE 0.43764 0.56244 0.68748
FE 0.31297 0.68708 0.68745
FE 0.31278 0.56250 0.81243
FE 0.43774 0.68738 0.81251
FE 0.43766 0.56251 0.93754
FE 0.31273 0.68729 0.93757
FE 0.31327 0.81181 0.06278
FE 0.43815 0.93734 0.06301
FE 0.43779 0.81226 0.18763
FE 0.31320 0.93717 0.18799
FE 0.31288 0.81220 0.31235
FE 0.43831 0.93734 0.31227
FE 0.43784 0.81228 0.43732
FE 0.31426 0.93730 0.43640
FE 0.31310 0.81213 0.56209
FE 0.43762 0.93741 0.56237
FE 0.43762 0.81230 0.68747
FE 0.31322 0.93732 0.68718
FE 0.31320 0.81203 0.81270
FE 0.43790 0.93730 0.81226
FE 0.43799 0.81218 0.93769
FE 0.31467 0.93696 0.93854
FE 0.56249 0.06250 0.06257
FE 0.68752 0.18765 0.06260
FE 0.68723 0.06242 0.18783
FE 0.56248 0.18761 0.18762
FE 0.56248 0.06248 0.31255
FE 0.68678 0.18770 0.31313
FE 0.68666 0.06254 0.43777
FE 0.56248 0.18766 0.43751
FE 0.56248 0.06245 0.56240
FE 0.68679 0.18769 0.56191
FE 0.68679 0.06244 0.68684
FE 0.56248 0.18761 0.68737
FE 0.56248 0.06247 0.81240
FE 0.68717 0.18775 0.81224
FE 0.68728 0.06253 0.93767
FE 0.56248 0.18763 0.93757
FE 0.56248 0.31254 0.06252
FE 0.68732 0.43769 0.06257
FE 0.68712 0.31271 0.18783
FE 0.56248 0.43762 0.18760
FE 0.56248 0.31262 0.31260
FE 0.68745 0.43762 0.31252
FE 0.68737 0.31263 0.43751
FE 0.56248 0.43757 0.43751
FE 0.56248 0.31261 0.56238
FE 0.68744 0.43759 0.56242
FE 0.68714 0.31274 0.68723
FE 0.56248 0.43761 0.68743
FE 0.56248 0.31262 0.81239
FE 0.68731 0.43768 0.81238
FE 0.68733 0.31271 0.93748
FE 0.56248 0.43758 0.93754
FE 0.56248 0.56250 0.06250
FE 0.68739 0.68739 0.06252
FE 0.68745 0.56250 0.18756
FE 0.56248 0.68745 0.18754
FE 0.56248 0.56247 0.31249
FE 0.68745 0.68743 0.31249
FE 0.68747 0.56245 0.43750
FE 0.56248 0.68744 0.43746
FE 0.56248 0.56246 0.56246
FE 0.68736 0.68740 0.56239
FE 0.68742 0.56244 0.68748
FE 0.56248 0.68748 0.68749
FE 0.56248 0.56248 0.81246
FE 0.68731 0.68737 0.81251
FE 0.68739 0.56252 0.93754
FE 0.56248 0.68742 0.93758
FE 0.56248 0.81235 0.06256
FE 0.68689 0.93733 0.06302
FE 0.68726 0.81226 0.18763
FE 0.56248 0.93741 0.18760
FE 0.56248 0.81233 0.31248
FE 0.68673 0.93733 0.31228
FE 0.68721 0.81229 0.43731
FE 0.56248 0.93742 0.43753
FE 0.56248 0.81238 0.56244
FE 0.68743 0.93741 0.56236
FE 0.68743 0.81230 0.68747
FE 0.56249 0.93739 0.68739
FE 0.56248 0.81234 0.81243
FE 0.68715 0.93729 0.81227
FE 0.68706 0.81218 0.93769
FE 0.56248 0.93747 0.93758
FE 0.81142 0.06238 0.06305
FE 0.93380 0.18877 0.06538
FE 0.93416 0.06224 0.19093
FE 0.81070 0.18780 0.18918
FE 0.81057 0.06249 0.31394
FE 0.93696 0.18789 0.31288
FE 0.93703 0.06269 0.43696
FE 0.81205 0.18774 0.43769
FE 0.81167 0.06258 0.56185
FE 0.93723 0.18783 0.56230
FE 0.93576 0.06367 0.68699
FE 0.81049 0.18800 0.68582
FE 0.81031 0.06252 0.81119
FE 0.93402 0.18807 0.80925
FE 0.93350 0.06158 0.93534
FE 0.81155 0.18783 0.93730
FE 0.81163 0.31310 0.06286
FE 0.93730 0.43781 0.06270
FE 0.93700 0.31303 0.18825
FE 0.81224 0.43774 0.18767
FE 0.81211 0.31272 0.31280
FE 0.93738 0.43776 0.31270
FE 0.93737 0.31276 0.43754
FE 0.81233 0.43763 0.43750
FE 0.81201 0.31280 0.56213
FE 0.93743 0.43769 0.56230
FE 0.93698 0.31293 0.68673
FE 0.81230 0.43767 0.68738
FE 0.81172 0.31295 0.81204
FE 0.93723 0.43801 0.81214
FE 0.93599 0.31436 0.93741
FE 0.81187 0.43810 0.93752
FE 0.81231 0.56257 0.06255
FE 0.93743 0.68739 0.06263
FE 0.93747 0.56257 0.18765
FE 0.81223 0.68730 0.18761
FE 0.81238 0.56247 0.31251
FE 0.93738 0.68727 0.31250
FE 0.93745 0.56238 0.43743
FE 0.81233 0.68738 0.43745
FE 0.81231 0.56238 0.56240
FE 0.93731 0.68722 0.56226
FE 0.93744 0.56260 0.68735
FE 0.81200 0.68708 0.68745
FE 0.81218 0.56250 0.81243
FE 0.93730 0.68713 0.81253
FE 0.93746 0.56237 0.93763
FE 0.81224 0.68729 0.93757
FE 0.81169 0.81181 0.06277
FE 0.93600 0.93580 0.06269
FE 0.93720 0.81196 0.18786
FE 0.81176 0.93717 0.18801
FE 0.81208 0.81220 0.31234
FE 0.93690 0.93709 0.31329
FE 0.93703 0.81206 0.43715
FE 0.81074 0.93731 0.43639
FE 0.81185 0.81211 0.56208
FE 0.93446 0.93738 0.55951
FE 0.93604 0.81083 0.68727
FE 0.81173 0.93733 0.68719
FE 0.81176 0.81201 0.81270
FE 0.93405 0.93700 0.81466
FE 0.93696 0.81193 0.93787
FE 0.81036 0.93697 0.93855
