256
Lattice="13.67693 0.0 0.0 0.0 14.455147317 -0.0008206158000000001 0.0 -0.0008206158000000001 13.682264002699998"
RU 0.06248 0.06072 0.06417
FE 0.19113 0.18874 0.06522
FE 0.19080 0.06223 0.19096
FE 0.06244 0.18893 0.18927
FE 0.06247 0.06237 0.31294
FE 0.18795 0.18776 0.31296
FE 0.18762 0.06245 0.43748
FE 0.06248 0.18759 0.43754
FE 0.06248 0.06241 0.56246
FE 0.18762 0.18755 0.56252
FE 0.18795 0.06224 0.68704
FE 0.06247 0.18763 0.68706
FE 0.06244 0.06107 0.81073
FE 0.19080 0.18777 0.80904
FE 0.19113 0.06126 0.93478
RU 0.06248 0.18928 0.93583
FE 0.06248 0.31429 0.06379
FE 0.18771 0.43778 0.06264
FE 0.18800 0.31294 0.18820
FE 0.06247 0.43791 0.18792
FE 0.06248 0.31296 0.31290
FE 0.18762 0.43772 0.31270
FE 0.18761 0.31260 0.43764
FE 0.06248 0.43761 0.43757
FE 0.06248 0.31259 0.56244
FE 0.18760 0.43765 0.56233
FE 0.18800 0.31286 0.68681
FE 0.06248 0.43810 0.68696
FE 0.06247 0.31509 0.81023
FE 0.18780 0.43796 0.81217
FE 0.18896 0.31424 0.93732
FE 0.06247 0.43790 0.93753
FE 0.06248 0.56247 0.06248
FE 0.18754 0.68752 0.06248
FE 0.18756 0.56258 0.18763
FE 0.06248 0.68751 0.18755
FE 0.06248 0.56253 0.31254
FE 0.18758 0.68741 0.31262
FE 0.18754 0.56249 0.43755
FE 0.06248 0.68744 0.43759
FE 0.06248 0.56256 0.56241
FE 0.18754 0.68751 0.56245
FE 0.18758 0.56259 0.68738
FE 0.06248 0.68747 0.68746
FE 0.06248 0.56249 0.81245
FE 0.18756 0.68742 0.81237
FE 0.18754 0.56248 0.93752
FE 0.06248 0.68753 0.93752
FE 0.06247 0.81210 0.06247
FE 0.18896 0.93576 0.06268
FE 0.18780 0.81204 0.18783
FE 0.06247 0.93491 0.18977
FE 0.06248 0.81190 0.31304
FE 0.18800 0.93714 0.31319
FE 0.18760 0.81235 0.43767
FE 0.06248 0.93741 0.43756
FE 0.06248 0.81239 0.56243
FE 0.18761 0.93740 0.56236
FE 0.18762 0.81228 0.68730
FE 0.06248 0.93704 0.68710
FE 0.06247 0.81209 0.81208
FE 0.18800 0.93706 0.81180
FE 0.18771 0.81222 0.93736
FE 0.06248 0.93571 0.93621
FE 0.31330 0.06229 0.06278
FE 0.43749 0.18759 0.06255
FE 0.43770 0.06238 0.18778
FE 0.31415 0.18770 0.18909
FE 0.31410 0.06239 0.31411
FE 0.43813 0.18763 0.31305
FE 0.43801 0.06244 0.43795
FE 0.31275 0.18762 0.43776
FE 0.31275 0.06238 0.56224
FE 0.43801 0.18756 0.56205
FE 0.43813 0.06237 0.68695
FE 0.31410 0.18761 0.68589
FE 0.31415 0.06230 0.81091
FE 0.43770 0.18762 0.81222
FE 0.43749 0.06241 0.93745
FE 0.31330 0.18771 0.93722
FE 0.31328 0.31304 0.06281
FE 0.43769 0.43766 0.06253
FE 0.43787 0.31266 0.18778
FE 0.31266 0.43770 0.18764
FE 0.31277 0.31264 0.31278
FE 0.43757 0.43759 0.31251
FE 0.43760 0.31255 0.43754
FE 0.31255 0.43759 0.43754
FE 0.31277 0.31263 0.56222
FE 0.43756 0.43756 0.56245
FE 0.43779 0.31261 0.68729
FE 0.31260 0.43763 0.68741
FE 0.31308 0.31280 0.81204
FE 0.43768 0.43764 0.81239
FE 0.43766 0.31264 0.93748
FE 0.31301 0.43806 0.93749
FE 0.31260 0.56259 0.06251
FE 0.43760 0.68747 0.06248
FE 0.43758 0.56250 0.18755
FE 0.31263 0.68739 0.18759
FE 0.31253 0.56250 0.31253
FE 0.43756 0.68750 0.31250
FE 0.43754 0.56248 0.43753
FE 0.31252 0.68750 0.43755
FE 0.31252 0.56250 0.56245
FE 0.43754 0.68752 0.56247
FE 0.43756 0.56250 0.68750
FE 0.31253 0.68750 0.68747
FE 0.31263 0.56261 0.81241
FE 0.43758 0.68750 0.81245
FE 0.43760 0.56253 0.93752
FE 0.31260 0.68741 0.93749
FE 0.31301 0.81194 0.06251
FE 0.43766 0.93736 0.06252
FE 0.43768 0.81236 0.18761
FE 0.31308 0.93720 0.18796
FE 0.31260 0.81237 0.31259
FE 0.43779 0.93739 0.31271
FE 0.43756 0.81244 0.43755
FE 0.31277 0.93737 0.43778
FE 0.31255 0.81241 0.56246
FE 0.43760 0.93745 0.56246
FE 0.43757 0.81241 0.68749
FE 0.31277 0.93736 0.68722
FE 0.31266 0.81230 0.81236
FE 0.43787 0.93734 0.81222
FE 0.43769 0.81234 0.93747
FE 0.31328 0.93696 0.93719
FE 0.56248 0.06245 0.06249
FE 0.68756 0.18759 0.06255
FE 0.68735 0.06238 0.18779
FE 0.56248 0.18756 0.18760
FE 0.56248 0.06244 0.31259
FE 0.68691 0.18762 0.31306
FE 0.68704 0.06244 0.43795
FE 0.56248 0.18756 0.43756
FE 0.56248 0.06244 0.56244
FE 0.68704 0.18756 0.56205
FE 0.68691 0.06238 0.68694
FE 0.56248 0.18756 0.68741
FE 0.56248 0.06244 0.81240
FE 0.68735 0.18762 0.81221
FE 0.68756 0.06241 0.93745
FE 0.56248 0.18755 0.93751
FE 0.56248 0.31251 0.06250
FE 0.68736 0.43766 0.06254
FE 0.68718 0.31266 0.18778
FE 0.56248 0.43758 0.18757
FE 0.56248 0.31256 0.31257
FE 0.68748 0.43759 0.31251
FE 0.68745 0.31255 0.43754
FE 0.56248 0.43756 0.43753
FE 0.56248 0.31254 0.56242
FE 0.68750 0.43756 0.56245
FE 0.68726 0.31262 0.68729
FE 0.56248 0.43757 0.68747
FE 0.56248 0.31255 0.81241
FE 0.68738 0.43764 0.81239
FE 0.68739 0.31264 0.93748
FE 0.56248 0.43756 0.93753
FE 0.56248 0.56249 0.06248
FE 0.68745 0.68747 0.06248
FE 0.68747 0.56250 0.18755
FE 0.56248 0.68751 0.18754
FE 0.56248 0.56247 0.31250
FE 0.68749 0.68750 0.31250
FE 0.68751 0.56248 0.43753
FE 0.56248 0.68752 0.43753
FE 0.56248 0.56248 0.56247
FE 0.68751 0.68752 0.56247
FE 0.68749 0.56250 0.68750
FE 0.56248 0.68753 0.68750
FE 0.56248 0.56249 0.81246
FE 0.68747 0.68750 0.81245
FE 0.68745 0.56253 0.93752
FE 0.56248 0.68751 0.93752
FE 0.56248 0.81244 0.06247
FE 0.68739 0.93736 0.06252
FE 0.68738 0.81236 0.18761
FE 0.56248 0.93745 0.18759
FE 0.56248 0.81243 0.31253
FE 0.68726 0.93738 0.31271
FE 0.68750 0.81244 0.43755
FE 0.56248 0.93746 0.43758
FE 0.56248 0.81244 0.56247
FE 0.68745 0.93745 0.56246
FE 0.68748 0.81241 0.68749
FE 0.56248 0.93744 0.68743
FE 0.56248 0.81242 0.81243
FE 0.68718 0.93734 0.81222
FE 0.68736 0.81234 0.93746
FE 0.56248 0.93749 0.93750
FE 0.81165 0.06228 0.06277
FE 0.93382 0.18874 0.06523
FE 0.93413 0.06223 0.19096
FE 0.81083 0.18773 0.18910
FE 0.81090 0.06238 0.31411
FE 0.93708 0.18776 0.31297
FE 0.93743 0.06245 0.43748
FE 0.81221 0.18762 0.43776
FE 0.81221 0.06238 0.56224
FE 0.93743 0.18755 0.56252
FE 0.93708 0.06224 0.68703
FE 0.81090 0.18762 0.68589
FE 0.81083 0.06227 0.81090
FE 0.93413 0.18777 0.80904
FE 0.93382 0.06126 0.93477
FE 0.81165 0.18772 0.93723
FE 0.81169 0.31304 0.06280
FE 0.93734 0.43778 0.06265
FE 0.93705 0.31296 0.18820
FE 0.81229 0.43770 0.18764
FE 0.81219 0.31264 0.31278
FE 0.93743 0.43772 0.31270
FE 0.93745 0.31260 0.43764
FE 0.81241 0.43759 0.43754
FE 0.81219 0.31262 0.56222
FE 0.93745 0.43765 0.56233
FE 0.93704 0.31286 0.68680
FE 0.81236 0.43764 0.68741
FE 0.81187 0.31280 0.81204
FE 0.93725 0.43796 0.81217
FE 0.93603 0.31424 0.93731
FE 0.81194 0.43806 0.93750
FE 0.81236 0.56259 0.06251
FE 0.93751 0.68752 0.06248
FE 0.93749 0.56259 0.18763
FE 0.81233 0.68740 0.18759
FE 0.81243 0.56250 0.31253
FE 0.93747 0.68740 0.31262
FE 0.93751 0.56249 0.43755
FE 0.81244 0.68750 0.43755
FE 0.81244 0.56250 0.56245
FE 0.93751 0.68751 0.56245
FE 0.93747 0.56260 0.68738
FE 0.81243 0.68750 0.68747
FE 0.81233 0.56260 0.81241
FE 0.93749 0.68741 0.81237
FE 0.93751 0.56248 0.93752
FE 0.81236 0.68741 0.93749
FE 0.81194 0.81194 0.06250
FE 0.93603 0.93576 0.06269
FE 0.93725 0.81204 0.18783
FE 0.81187 0.93720 0.18796
FE 0.81236 0.81236 0.31259
FE 0.93704 0.93714 0.31320
FE 0.93745 0.81235 0.43767
FE 0.81219 0.93738 0.43778
FE 0.81241 0.81241 0.56246
FE 0.93745 0.93740 0.56236
FE 0.93743 0.81228 0.68730
FE 0.81219 0.93736 0.68722
FE 0.81229 0.81229 0.81236
FE 0.93705 0.93704 0.81180
FE 0.93734 0.81222 0.93735
FE 0.81169 0.93696 0.93720
