32
Lattice="6.97063 -0.00027882520000000003 -0.0003485315 -0.00027882520000000003 7.302919932100001 -0.00027882520000000003 -0.0003485315 -0.00027882520000000003 6.97063"
RU -0.00782 -0.00562 -0.00782
RU 0.25700 0.25517 -0.00739
RU 0.25697 -0.00508 0.25697
RU -0.00739 0.25517 0.25700
FE -0.00462 -0.00224 0.50543
FE 0.25489 0.25284 0.50534
FE 0.25504 -0.00205 0.74451
FE -0.00426 0.25293 0.74442
FE -0.00204 0.50379 -0.00204
FE 0.25265 0.74577 -0.00189
FE 0.25234 0.50360 0.25234
FE -0.00189 0.74577 0.25265
FE -0.00081 0.50314 0.50259
FE 0.25098 0.74641 0.50243
FE 0.25117 0.50311 0.74723
FE -0.00074 0.74641 0.74714
FE 0.50543 -0.00224 -0.00462
FE 0.74442 0.25293 -0.00426
FE 0.74451 -0.00205 0.25504
FE 0.50534 0.25284 0.25489
FE 0.50503 -0.00047 0.50503
FE 0.74488 0.25113 0.50496
FE 0.74496 -0.00044 0.74496
FE 0.50496 0.25113 0.74488
FE 0.50259 0.50314 -0.00081
FE 0.74714 0.74641 -0.00074
FE 0.74723 0.50311 0.25117
FE 0.50243 0.74641 0.25098
FE 0.50083 0.50063 0.50083
FE 0.74905 0.74884 0.50085
FE 0.74889 0.50066 0.74889
FE 0.50085 0.74884 0.74905
