256
Lattice="13.68909 -0.0 -0.0 -0.0 14.4493820586 -0.0021902544 -0.0 -0.0020533635 13.6923753816"
RU 0.06250 0.06036 0.06446
FE 0.19108 0.18881 0.06496
FE 0.19028 0.06239 0.19037
FE 0.06247 0.18892 0.18912
FE 0.06248 0.06245 0.31281
FE 0.18766 0.18759 0.31262
FE 0.18752 0.06248 0.43744
FE 0.06248 0.18753 0.43750
FE 0.06248 0.06247 0.56250
FE 0.18752 0.18752 0.56256
FE 0.18766 0.06241 0.68738
FE 0.06248 0.18755 0.68719
FE 0.06247 0.06108 0.81088
FE 0.19028 0.18761 0.80963
FE 0.19108 0.06119 0.93504
RU 0.06250 0.18964 0.93554
FE 0.06249 0.31401 0.06377
FE 0.18756 0.43758 0.06253
FE 0.18770 0.31261 0.18780
FE 0.06248 0.43766 0.18765
FE 0.06248 0.31266 0.31262
FE 0.18754 0.43757 0.31254
FE 0.18753 0.31248 0.43753
FE 0.06248 0.43751 0.43751
FE 0.06248 0.31249 0.56249
FE 0.18753 0.43753 0.56246
FE 0.18768 0.31256 0.68726
FE 0.06248 0.43769 0.68735
FE 0.06248 0.31446 0.81068
FE 0.18761 0.43765 0.81237
FE 0.18886 0.31396 0.93745
FE 0.06248 0.43767 0.93754
FE 0.06248 0.56246 0.06246
FE 0.18750 0.68753 0.06248
FE 0.18752 0.56251 0.18756
FE 0.06248 0.68753 0.18750
FE 0.06248 0.56247 0.31247
FE 0.18754 0.68749 0.31253
FE 0.18752 0.56248 0.43752
FE 0.06248 0.68753 0.43750
FE 0.06248 0.56247 0.56250
FE 0.18752 0.68752 0.56248
FE 0.18754 0.56251 0.68747
FE 0.06248 0.68753 0.68753
FE 0.06248 0.56247 0.81250
FE 0.18752 0.68749 0.81244
FE 0.18750 0.56247 0.93752
FE 0.06248 0.68754 0.93754
FE 0.06248 0.81233 0.06246
FE 0.18886 0.93604 0.06255
FE 0.18761 0.81235 0.18763
FE 0.06248 0.93554 0.18932
FE 0.06248 0.81231 0.31265
FE 0.18768 0.93744 0.31274
FE 0.18753 0.81247 0.43754
FE 0.06248 0.93751 0.43751
FE 0.06248 0.81249 0.56249
FE 0.18753 0.93752 0.56247
FE 0.18754 0.81243 0.68746
FE 0.06248 0.93734 0.68738
FE 0.06248 0.81234 0.81235
FE 0.18770 0.93739 0.81220
FE 0.18756 0.81242 0.93747
FE 0.06249 0.93599 0.93623
FE 0.31301 0.06242 0.06260
FE 0.43742 0.18753 0.06248
FE 0.43749 0.06246 0.18757
FE 0.31320 0.18757 0.18818
FE 0.31312 0.06246 0.31311
FE 0.43763 0.18754 0.31259
FE 0.43757 0.06248 0.43758
FE 0.31254 0.18754 0.43756
FE 0.31254 0.06246 0.56244
FE 0.43757 0.18752 0.56242
FE 0.43763 0.06246 0.68741
FE 0.31312 0.18754 0.68689
FE 0.31320 0.06243 0.81182
FE 0.43749 0.18754 0.81243
FE 0.43742 0.06247 0.93752
FE 0.31301 0.18758 0.93740
FE 0.31282 0.31268 0.06261
FE 0.43752 0.43751 0.06249
FE 0.43758 0.31250 0.18758
FE 0.31254 0.43757 0.18755
FE 0.31255 0.31250 0.31254
FE 0.43751 0.43753 0.31248
FE 0.43751 0.31247 0.43751
FE 0.31248 0.43752 0.43752
FE 0.31254 0.31249 0.56244
FE 0.43751 0.43752 0.56249
FE 0.43756 0.31250 0.68747
FE 0.31250 0.43753 0.68750
FE 0.31272 0.31255 0.81233
FE 0.43753 0.43753 0.81247
FE 0.43752 0.31250 0.93751
FE 0.31269 0.43773 0.93751
FE 0.31252 0.56252 0.06249
FE 0.43751 0.68754 0.06248
FE 0.43752 0.56248 0.18753
FE 0.31253 0.68748 0.18753
FE 0.31249 0.56248 0.31248
FE 0.43752 0.68752 0.31248
FE 0.43751 0.56247 0.43752
FE 0.31249 0.68752 0.43752
FE 0.31249 0.56248 0.56248
FE 0.43751 0.68753 0.56248
FE 0.43752 0.56248 0.68752
FE 0.31249 0.68752 0.68752
FE 0.31253 0.56252 0.81247
FE 0.43752 0.68752 0.81247
FE 0.43751 0.56246 0.93752
FE 0.31252 0.68748 0.93751
FE 0.31269 0.81227 0.06249
FE 0.43752 0.93750 0.06249
FE 0.43753 0.81247 0.18753
FE 0.31272 0.93745 0.18767
FE 0.31250 0.81247 0.31250
FE 0.43756 0.93750 0.31253
FE 0.43751 0.81248 0.43751
FE 0.31254 0.93751 0.43756
FE 0.31248 0.81248 0.56248
FE 0.43751 0.93753 0.56249
FE 0.43751 0.81247 0.68752
FE 0.31255 0.93750 0.68746
FE 0.31254 0.81243 0.81245
FE 0.43758 0.93750 0.81242
FE 0.43752 0.81249 0.93751
FE 0.31282 0.93732 0.93739
FE 0.56248 0.06247 0.06248
FE 0.68762 0.18753 0.06248
FE 0.68755 0.06246 0.18757
FE 0.56248 0.18753 0.18753
FE 0.56248 0.06249 0.31249
FE 0.68741 0.18754 0.31259
FE 0.68747 0.06248 0.43758
FE 0.56248 0.18751 0.43751
FE 0.56248 0.06249 0.56249
FE 0.68747 0.18752 0.56242
FE 0.68741 0.06246 0.68741
FE 0.56248 0.18751 0.68751
FE 0.56248 0.06247 0.81247
FE 0.68755 0.18754 0.81243
FE 0.68762 0.06247 0.93752
FE 0.56248 0.18753 0.93752
FE 0.56248 0.31247 0.06248
FE 0.68752 0.43751 0.06249
FE 0.68746 0.31250 0.18758
FE 0.56248 0.43752 0.18752
FE 0.56248 0.31246 0.31247
FE 0.68753 0.43753 0.31248
FE 0.68753 0.31247 0.43751
FE 0.56248 0.43753 0.43752
FE 0.56248 0.31248 0.56249
FE 0.68753 0.43752 0.56249
FE 0.68748 0.31250 0.68747
FE 0.56248 0.43751 0.68752
FE 0.56248 0.31247 0.81248
FE 0.68751 0.43753 0.81247
FE 0.68752 0.31250 0.93751
FE 0.56248 0.43752 0.93752
FE 0.56248 0.56248 0.06248
FE 0.68753 0.68754 0.06248
FE 0.68752 0.56248 0.18753
FE 0.56248 0.68752 0.18753
FE 0.56248 0.56247 0.31248
FE 0.68752 0.68752 0.31248
FE 0.68753 0.56247 0.43752
FE 0.56248 0.68753 0.43752
FE 0.56248 0.56247 0.56248
FE 0.68753 0.68753 0.56248
FE 0.68752 0.56248 0.68752
FE 0.56248 0.68753 0.68752
FE 0.56248 0.56248 0.81247
FE 0.68752 0.68752 0.81247
FE 0.68753 0.56246 0.93752
FE 0.56248 0.68752 0.93752
FE 0.56248 0.81248 0.06248
FE 0.68752 0.93750 0.06249
FE 0.68751 0.81247 0.18753
FE 0.56248 0.93753 0.18752
FE 0.56248 0.81249 0.31248
FE 0.68748 0.93750 0.31253
FE 0.68753 0.81248 0.43751
FE 0.56248 0.93752 0.43751
FE 0.56248 0.81247 0.56248
FE 0.68753 0.93753 0.56249
FE 0.68753 0.81247 0.68752
FE 0.56248 0.93754 0.68753
FE 0.56248 0.81248 0.81248
FE 0.68746 0.93750 0.81242
FE 0.68752 0.81249 0.93751
FE 0.56248 0.93753 0.93752
FE 0.81195 0.06242 0.06260
FE 0.93391 0.18880 0.06497
FE 0.93472 0.06240 0.19037
FE 0.81176 0.18758 0.18818
FE 0.81185 0.06246 0.31310
FE 0.93738 0.18759 0.31263
FE 0.93752 0.06248 0.43744
FE 0.81242 0.18754 0.43756
FE 0.81242 0.06246 0.56244
FE 0.93752 0.18752 0.56256
FE 0.93738 0.06241 0.68737
FE 0.81185 0.18754 0.68690
FE 0.81176 0.06242 0.81182
FE 0.93472 0.18760 0.80963
FE 0.93391 0.06120 0.93503
FE 0.81195 0.18758 0.93740
FE 0.81214 0.31268 0.06261
FE 0.93748 0.43758 0.06253
FE 0.93734 0.31261 0.18780
FE 0.81242 0.43757 0.18755
FE 0.81241 0.31250 0.31254
FE 0.93750 0.43756 0.31254
FE 0.93751 0.31248 0.43753
FE 0.81248 0.43752 0.43752
FE 0.81243 0.31249 0.56244
FE 0.93751 0.43753 0.56246
FE 0.93736 0.31256 0.68726
FE 0.81246 0.43753 0.68750
FE 0.81224 0.31255 0.81233
FE 0.93743 0.43765 0.81237
FE 0.93616 0.31397 0.93745
FE 0.81227 0.43773 0.93751
FE 0.81244 0.56252 0.06249
FE 0.93754 0.68753 0.06248
FE 0.93752 0.56251 0.18756
FE 0.81244 0.68748 0.18753
FE 0.81248 0.56248 0.31248
FE 0.93750 0.68749 0.31253
FE 0.93752 0.56248 0.43752
FE 0.81247 0.68752 0.43752
FE 0.81247 0.56248 0.56248
FE 0.93752 0.68752 0.56248
FE 0.93750 0.56251 0.68747
FE 0.81248 0.68752 0.68752
FE 0.81244 0.56252 0.81247
FE 0.93752 0.68749 0.81244
FE 0.93754 0.56247 0.93752
FE 0.81244 0.68748 0.93751
FE 0.81227 0.81227 0.06249
FE 0.93616 0.93603 0.06255
FE 0.93743 0.81235 0.18763
FE 0.81224 0.93745 0.18767
FE 0.81246 0.81247 0.31250
FE 0.93736 0.93744 0.31274
FE 0.93751 0.81247 0.43754
FE 0.81243 0.93751 0.43756
FE 0.81248 0.81248 0.56248
FE 0.93751 0.93752 0.56247
FE 0.93750 0.81244 0.68746
FE 0.81241 0.93750 0.68746
FE 0.81242 0.81243 0.81245
FE 0.93734 0.93739 0.81220
FE 0.93748 0.81242 0.93747
FE 0.81214 0.93732 0.93739
