256
Lattice="13.71779 -0.0 -0.0 -0.0 14.432624036900002 -0.0 -0.0 -0.0 13.717652822100002"
RU 0.06252 0.06251 0.06247
FE 0.18847 0.18853 0.06251
FE 0.18942 0.06249 0.18938
FE 0.06251 0.18854 0.18849
FE 0.06261 0.06250 0.31267
FE 0.18756 0.18752 0.31259
FE 0.18748 0.06248 0.43744
FE 0.06256 0.18758 0.43747
FE 0.06261 0.06251 0.56255
FE 0.18739 0.18749 0.56243
FE 0.18744 0.06242 0.68760
FE 0.06252 0.18750 0.68752
FE 0.06250 0.06250 0.81226
FE 0.18748 0.18750 0.81242
FE 0.18938 0.06248 0.93562
FE 0.06246 0.18855 0.93658
FE 0.06251 0.31255 0.06251
FE 0.18759 0.43750 0.06256
FE 0.18754 0.31251 0.18754
FE 0.06256 0.43748 0.18761
FE 0.06252 0.31258 0.31255
FE 0.18752 0.43754 0.31251
FE 0.18721 0.31247 0.43722
FE 0.06247 0.43751 0.43747
FE 0.06258 0.31251 0.56251
FE 0.18742 0.43753 0.56242
FE 0.18727 0.31248 0.68751
FE 0.06257 0.43748 0.68741
FE 0.06258 0.31254 0.81238
FE 0.18752 0.43754 0.81246
FE 0.18732 0.31242 0.93779
FE 0.06344 0.43648 0.93755
FE 0.06440 0.56249 0.06438
FE 0.18760 0.68754 0.06255
FE 0.18780 0.56248 0.18780
FE 0.06256 0.68754 0.18760
FE 0.06251 0.56247 0.31241
FE 0.18754 0.68751 0.31252
FE 0.18750 0.56250 0.43750
FE 0.06256 0.68746 0.43749
FE 0.06251 0.56246 0.56255
FE 0.18751 0.68755 0.56248
FE 0.18773 0.56256 0.68722
FE 0.06258 0.68754 0.68742
FE 0.06439 0.56248 0.81061
FE 0.18761 0.68753 0.81240
FE 0.18774 0.56249 0.93753
FE 0.06344 0.68856 0.93753
FE 0.06253 0.81241 0.06250
FE 0.18849 0.93649 0.06249
FE 0.18755 0.81246 0.18752
FE 0.06280 0.93649 0.18820
FE 0.06261 0.81238 0.31249
FE 0.18751 0.93750 0.31261
FE 0.18750 0.81249 0.43751
FE 0.06274 0.93752 0.43749
FE 0.06261 0.81246 0.56255
FE 0.18742 0.93750 0.56247
FE 0.18754 0.81248 0.68753
FE 0.06281 0.93755 0.68780
FE 0.06253 0.81242 0.81240
FE 0.18758 0.93749 0.81237
FE 0.18761 0.81254 0.93749
FE 0.06248 0.93647 0.93656
FE 0.31273 0.06248 0.06249
FE 0.43750 0.18752 0.06247
FE 0.43744 0.06249 0.18749
FE 0.31261 0.18753 0.18758
FE 0.31277 0.06249 0.31278
FE 0.43752 0.18752 0.31252
FE 0.43753 0.06241 0.43744
FE 0.31244 0.18750 0.43740
FE 0.31247 0.06246 0.56246
FE 0.43751 0.18647 0.56155
FE 0.43751 0.06240 0.68753
FE 0.31156 0.18647 0.68750
FE 0.31276 0.06245 0.81221
FE 0.43752 0.18648 0.81341
FE 0.43745 0.06240 0.93760
FE 0.31252 0.18755 0.93757
FE 0.31257 0.31256 0.06243
FE 0.43750 0.43750 0.06246
FE 0.43751 0.31248 0.18752
FE 0.31252 0.43753 0.18754
FE 0.31250 0.31248 0.31255
FE 0.43751 0.43752 0.31250
FE 0.43753 0.31246 0.43726
FE 0.31242 0.43755 0.43739
FE 0.31059 0.31247 0.56060
FE 0.43752 0.43856 0.56154
RU 0.43749 0.31252 0.68751
FE 0.31154 0.43855 0.68750
FE 0.31060 0.31248 0.81437
FE 0.43751 0.43856 0.81344
FE 0.43751 0.31248 0.93776
FE 0.31243 0.43756 0.93762
FE 0.31241 0.56248 0.06248
FE 0.43750 0.68751 0.06247
FE 0.43751 0.56248 0.18752
FE 0.31252 0.68751 0.18755
FE 0.31248 0.56248 0.31249
FE 0.43751 0.68750 0.31249
FE 0.43753 0.56257 0.43744
FE 0.31247 0.68753 0.43749
FE 0.31247 0.56250 0.56246
FE 0.43751 0.68752 0.56252
FE 0.43751 0.56257 0.68751
FE 0.31251 0.68752 0.68749
FE 0.31240 0.56251 0.81252
FE 0.43752 0.68751 0.81247
FE 0.43752 0.56256 0.93759
FE 0.31248 0.68750 0.93753
FE 0.31256 0.81241 0.06250
FE 0.43749 0.93754 0.06247
FE 0.43750 0.81248 0.18750
FE 0.31260 0.93750 0.18758
FE 0.31248 0.81249 0.31250
FE 0.43759 0.93752 0.31253
FE 0.43753 0.81249 0.43751
FE 0.31250 0.93749 0.43749
FE 0.31249 0.81249 0.56249
FE 0.43757 0.93752 0.56250
FE 0.43750 0.81247 0.68754
FE 0.31252 0.93752 0.68751
FE 0.31250 0.81248 0.81246
FE 0.43752 0.93751 0.81245
FE 0.43752 0.81249 0.93751
FE 0.31258 0.93746 0.93747
FE 0.56247 0.06250 0.06248
FE 0.68752 0.18748 0.06250
FE 0.68751 0.06251 0.18739
FE 0.56248 0.18751 0.18750
FE 0.56238 0.06251 0.31243
FE 0.68750 0.18754 0.31248
FE 0.68657 0.06353 0.43750
FE 0.56248 0.18757 0.43739
FE 0.56239 0.06248 0.56253
FE 0.68761 0.18751 0.56244
FE 0.68752 0.06243 0.68763
FE 0.56344 0.18646 0.68752
FE 0.56249 0.06247 0.81251
FE 0.68759 0.18748 0.81252
FE 0.68760 0.06248 0.93753
FE 0.56257 0.18751 0.93764
FE 0.56248 0.31249 0.06243
FE 0.68743 0.43749 0.06256
FE 0.68750 0.31250 0.18750
FE 0.56247 0.43751 0.18754
FE 0.56246 0.31249 0.31254
FE 0.68752 0.43752 0.31250
FE 0.68783 0.31249 0.43722
FE 0.56256 0.43754 0.43739
FE 0.56437 0.31251 0.56061
FE 0.68762 0.43753 0.56241
FE 0.68775 0.31250 0.68754
FE 0.56343 0.43855 0.68749
FE 0.56439 0.31249 0.81438
FE 0.68751 0.43752 0.81248
FE 0.68773 0.31240 0.93780
FE 0.56257 0.43754 0.93763
FE 0.56256 0.56247 0.06248
FE 0.68741 0.68756 0.06255
FE 0.68721 0.56246 0.18778
FE 0.56247 0.68752 0.18753
FE 0.56246 0.56246 0.31249
FE 0.68748 0.68750 0.31247
FE 0.68754 0.56249 0.43750
FE 0.56242 0.68746 0.43748
FE 0.56248 0.56248 0.56247
FE 0.68750 0.68752 0.56249
FE 0.68729 0.56254 0.68725
FE 0.56245 0.68752 0.68750
FE 0.56257 0.56250 0.81251
FE 0.68742 0.68756 0.81242
FE 0.68727 0.56248 0.93752
FE 0.56252 0.68754 0.93754
FE 0.56247 0.81247 0.06248
FE 0.68752 0.93754 0.06256
FE 0.68745 0.81247 0.18741
FE 0.56220 0.93752 0.18722
FE 0.56238 0.81247 0.31241
FE 0.68561 0.93751 0.31062
FE 0.68657 0.81143 0.43751
FE 0.56225 0.93750 0.43748
FE 0.56237 0.81245 0.56256
FE 0.68564 0.93750 0.56439
FE 0.68744 0.81246 0.68763
FE 0.56218 0.93753 0.68781
FE 0.56246 0.81248 0.81248
FE 0.68752 0.93751 0.81240
FE 0.68745 0.81256 0.93751
FE 0.56251 0.93748 0.93754
FE 0.81224 0.06248 0.06249
FE 0.93657 0.18856 0.06246
FE 0.93567 0.06249 0.18928
FE 0.81235 0.18760 0.18753
FE 0.81217 0.06353 0.31184
FE 0.93747 0.18758 0.31257
FE 0.93847 0.06353 0.43745
FE 0.81247 0.18761 0.43750
FE 0.81248 0.06353 0.56344
FE 0.93754 0.18755 0.56253
FE 0.93759 0.06251 0.68770
FE 0.81244 0.18758 0.68756
FE 0.81220 0.06249 0.81219
FE 0.93746 0.18753 0.81238
FE 0.93561 0.06249 0.93561
FE 0.81239 0.18753 0.93747
FE 0.81239 0.31252 0.06253
FE 0.93753 0.43646 0.06343
FE 0.93750 0.31245 0.18759
FE 0.81239 0.43751 0.18764
FE 0.81247 0.31249 0.31251
FE 0.93750 0.43753 0.31251
FE 0.93749 0.31248 0.43751
FE 0.81250 0.43752 0.43749
FE 0.81242 0.31248 0.56248
FE 0.93751 0.43752 0.56250
FE 0.93752 0.31242 0.68747
FE 0.81240 0.43750 0.68740
FE 0.81239 0.31244 0.81243
FE 0.93751 0.43650 0.81150
FE 0.93749 0.31242 0.93750
FE 0.81151 0.43650 0.93753
FE 0.81059 0.56250 0.06440
FE 0.93754 0.68856 0.06343
FE 0.93753 0.56247 0.18773
FE 0.81239 0.68744 0.18756
FE 0.81249 0.56249 0.31244
FE 0.93753 0.68747 0.31247
FE 0.93749 0.56248 0.43751
FE 0.81249 0.68743 0.43751
FE 0.81249 0.56248 0.56253
FE 0.93754 0.68749 0.56253
FE 0.93752 0.56246 0.68729
FE 0.81240 0.68745 0.68747
FE 0.81059 0.56249 0.81058
FE 0.93751 0.68854 0.81150
RU 0.93751 0.56249 0.93751
FE 0.81150 0.68854 0.93751
FE 0.81239 0.81243 0.06253
FE 0.93655 0.93648 0.06254
FE 0.93756 0.81252 0.18750
FE 0.81236 0.93752 0.18736
FE 0.81247 0.81144 0.31154
FE 0.93935 0.93749 0.31070
FE 0.93846 0.81144 0.43751
RU 0.81247 0.93749 0.43750
FE 0.81248 0.81144 0.56344
FE 0.93941 0.93750 0.56440
FE 0.93757 0.81254 0.68756
FE 0.81244 0.93755 0.68773
FE 0.81245 0.81251 0.81244
FE 0.93744 0.93749 0.81232
FE 0.93749 0.81255 0.93750
FE 0.81239 0.93749 0.93745
