256
Lattice="13.68286 0.0 0.0 0.0 14.461414734 -0.0005473144 0.0 -0.0004104858 13.6899750872"
RU 0.06248 0.06078 0.06421
FE 0.19121 0.18880 0.06538
FE 0.19083 0.06226 0.19098
FE 0.06245 0.18898 0.18930
FE 0.06247 0.06245 0.31293
FE 0.18802 0.18786 0.31284
FE 0.18796 0.06268 0.43698
FE 0.06248 0.18798 0.43714
FE 0.06248 0.06397 0.56114
FE 0.18779 0.18780 0.56234
FE 0.18921 0.06374 0.68706
FE 0.06247 0.18802 0.68705
FE 0.06246 0.06258 0.81201
FE 0.19097 0.18802 0.80918
FE 0.19151 0.06152 0.93529
RU 0.06248 0.18978 0.93632
FE 0.06248 0.31444 0.06394
FE 0.18773 0.43778 0.06267
FE 0.18801 0.31296 0.18822
FE 0.06247 0.43793 0.18794
FE 0.06248 0.31301 0.31286
FE 0.18764 0.43772 0.31268
FE 0.18764 0.31270 0.43753
FE 0.06248 0.43761 0.43755
FE 0.06248 0.31259 0.56242
FE 0.18760 0.43765 0.56233
FE 0.18801 0.31287 0.68680
FE 0.06248 0.43811 0.68695
FE 0.06247 0.31511 0.81020
FE 0.18780 0.43797 0.81216
FE 0.18904 0.31439 0.93743
FE 0.06248 0.43790 0.93755
FE 0.06248 0.56241 0.06253
FE 0.18760 0.68743 0.06260
FE 0.18756 0.56257 0.18763
FE 0.06248 0.68749 0.18755
FE 0.06248 0.56247 0.31250
FE 0.18764 0.68732 0.31249
FE 0.18758 0.56238 0.43744
FE 0.06248 0.68703 0.43717
FE 0.06248 0.56255 0.56240
FE 0.18772 0.68727 0.56228
FE 0.18759 0.56259 0.68738
FE 0.06248 0.68713 0.68745
FE 0.06248 0.56248 0.81246
FE 0.18773 0.68717 0.81253
FE 0.18758 0.56237 0.93763
FE 0.06248 0.68714 0.93792
FE 0.06248 0.81201 0.06250
FE 0.18902 0.93576 0.06263
FE 0.18782 0.81201 0.18784
FE 0.06247 0.93490 0.18977
FE 0.06248 0.81182 0.31302
FE 0.18807 0.93714 0.31324
FE 0.18795 0.81212 0.43717
FE 0.06247 0.93741 0.43714
FE 0.06245 0.81081 0.56099
FE 0.19051 0.93741 0.55945
FE 0.18894 0.81081 0.68733
RU 0.06249 0.93692 0.68701
FE 0.06247 0.81061 0.81345
FE 0.19093 0.93703 0.81477
FE 0.18805 0.81197 0.93785
FE 0.06248 0.93563 0.93666
FE 0.31349 0.06238 0.06300
FE 0.43751 0.18762 0.06256
FE 0.43776 0.06241 0.18779
FE 0.31422 0.18774 0.18911
FE 0.31433 0.06250 0.31390
FE 0.43816 0.18766 0.31304
FE 0.43825 0.06254 0.43774
FE 0.31283 0.18769 0.43767
FE 0.31321 0.06260 0.56192
FE 0.43813 0.18765 0.56199
FE 0.43816 0.06244 0.68694
FE 0.31445 0.18797 0.68591
FE 0.31463 0.06253 0.81123
FE 0.43783 0.18771 0.81227
FE 0.43772 0.06251 0.93766
FE 0.31336 0.18778 0.93729
FE 0.31331 0.31307 0.06283
FE 0.43770 0.43765 0.06254
FE 0.43788 0.31265 0.18778
FE 0.31268 0.43770 0.18764
FE 0.31279 0.31266 0.31276
FE 0.43758 0.43758 0.31250
FE 0.43763 0.31257 0.43752
FE 0.31258 0.43759 0.43751
FE 0.31288 0.31273 0.56219
FE 0.43759 0.43756 0.56244
FE 0.43784 0.31267 0.68729
FE 0.31261 0.43763 0.68741
FE 0.31318 0.31290 0.81208
FE 0.43771 0.43764 0.81240
FE 0.43769 0.31266 0.93749
FE 0.31305 0.43807 0.93752
FE 0.31262 0.56256 0.06253
FE 0.43762 0.68743 0.06250
FE 0.43759 0.56249 0.18755
FE 0.31268 0.68735 0.18759
FE 0.31255 0.56247 0.31250
FE 0.43758 0.68746 0.31248
FE 0.43757 0.56245 0.43751
FE 0.31260 0.68742 0.43746
FE 0.31263 0.56239 0.56242
FE 0.43766 0.68744 0.56241
FE 0.43761 0.56245 0.68750
FE 0.31293 0.68710 0.68747
FE 0.31274 0.56250 0.81244
FE 0.43770 0.68741 0.81251
FE 0.43763 0.56250 0.93753
FE 0.31269 0.68733 0.93756
FE 0.31321 0.81185 0.06273
FE 0.43807 0.93736 0.06293
FE 0.43773 0.81232 0.18760
FE 0.31314 0.93721 0.18795
FE 0.31281 0.81227 0.31235
FE 0.43820 0.93739 0.31230
FE 0.43779 0.81234 0.43734
FE 0.31414 0.93736 0.43640
FE 0.31304 0.81218 0.56212
FE 0.43756 0.93746 0.56239
FE 0.43760 0.81234 0.68749
FE 0.31316 0.93737 0.68723
FE 0.31314 0.81208 0.81270
FE 0.43784 0.93734 0.81229
FE 0.43792 0.81224 0.93768
FE 0.31460 0.93697 0.93851
FE 0.56248 0.06248 0.06254
FE 0.68754 0.18762 0.06257
FE 0.68730 0.06241 0.18779
FE 0.56248 0.18759 0.18759
FE 0.56248 0.06247 0.31253
FE 0.68689 0.18766 0.31305
FE 0.68680 0.06254 0.43774
FE 0.56248 0.18760 0.43751
FE 0.56248 0.06247 0.56243
FE 0.68692 0.18765 0.56199
FE 0.68688 0.06245 0.68693
FE 0.56248 0.18758 0.68741
FE 0.56248 0.06247 0.81242
FE 0.68723 0.18771 0.81227
FE 0.68733 0.06251 0.93766
FE 0.56248 0.18760 0.93756
FE 0.56248 0.31251 0.06250
FE 0.68736 0.43765 0.06254
FE 0.68718 0.31266 0.18778
FE 0.56248 0.43758 0.18757
FE 0.56248 0.31256 0.31256
FE 0.68748 0.43758 0.31250
FE 0.68743 0.31257 0.43752
FE 0.56248 0.43755 0.43751
FE 0.56248 0.31255 0.56242
FE 0.68747 0.43756 0.56244
FE 0.68721 0.31267 0.68728
FE 0.56248 0.43757 0.68747
FE 0.56248 0.31256 0.81241
FE 0.68735 0.43764 0.81240
FE 0.68737 0.31267 0.93749
FE 0.56248 0.43756 0.93754
FE 0.56248 0.56249 0.06248
FE 0.68743 0.68743 0.06250
FE 0.68747 0.56250 0.18755
FE 0.56248 0.68748 0.18754
FE 0.56248 0.56247 0.31249
FE 0.68747 0.68746 0.31248
FE 0.68749 0.56245 0.43751
FE 0.56248 0.68748 0.43748
FE 0.56248 0.56246 0.56247
FE 0.68739 0.68743 0.56241
FE 0.68745 0.56245 0.68750
FE 0.56248 0.68751 0.68750
FE 0.56248 0.56247 0.81246
FE 0.68735 0.68741 0.81251
FE 0.68743 0.56251 0.93753
FE 0.56248 0.68746 0.93757
FE 0.56248 0.81241 0.06252
FE 0.68698 0.93736 0.06294
FE 0.68733 0.81232 0.18760
FE 0.56248 0.93745 0.18758
FE 0.56248 0.81239 0.31248
FE 0.68685 0.93738 0.31230
FE 0.68726 0.81234 0.43733
FE 0.56248 0.93746 0.43752
FE 0.56248 0.81241 0.56246
FE 0.68749 0.93746 0.56239
FE 0.68746 0.81234 0.68749
FE 0.56248 0.93744 0.68744
FE 0.56248 0.81239 0.81244
FE 0.68721 0.93734 0.81229
FE 0.68713 0.81224 0.93767
FE 0.56248 0.93749 0.93757
FE 0.81147 0.06237 0.06299
FE 0.93374 0.18880 0.06539
FE 0.93410 0.06225 0.19097
FE 0.81077 0.18777 0.18913
FE 0.81067 0.06248 0.31390
FE 0.93702 0.18786 0.31286
FE 0.93708 0.06269 0.43698
FE 0.81213 0.18769 0.43768
FE 0.81175 0.06260 0.56191
FE 0.93726 0.18780 0.56233
FE 0.93577 0.06374 0.68704
FE 0.81056 0.18798 0.68591
FE 0.81037 0.06250 0.81122
FE 0.93396 0.18802 0.80918
FE 0.93346 0.06152 0.93527
FE 0.81159 0.18779 0.93730
FE 0.81167 0.31307 0.06283
FE 0.93732 0.43778 0.06268
FE 0.93704 0.31298 0.18822
FE 0.81227 0.43770 0.18764
FE 0.81217 0.31266 0.31276
FE 0.93742 0.43772 0.31268
FE 0.93741 0.31270 0.43753
FE 0.81238 0.43759 0.43751
FE 0.81208 0.31273 0.56218
FE 0.93746 0.43765 0.56233
FE 0.93703 0.31287 0.68679
FE 0.81235 0.43763 0.68741
FE 0.81178 0.31290 0.81207
FE 0.93726 0.43797 0.81216
FE 0.93595 0.31439 0.93742
FE 0.81191 0.43807 0.93753
FE 0.81234 0.56256 0.06253
FE 0.93746 0.68742 0.06261
FE 0.93749 0.56257 0.18763
FE 0.81228 0.68735 0.18759
FE 0.81241 0.56247 0.31250
FE 0.93742 0.68731 0.31249
FE 0.93748 0.56238 0.43744
FE 0.81236 0.68742 0.43746
FE 0.81233 0.56239 0.56242
FE 0.93733 0.68726 0.56228
FE 0.93746 0.56259 0.68738
FE 0.81204 0.68711 0.68747
FE 0.81222 0.56249 0.81244
FE 0.93732 0.68717 0.81254
FE 0.93748 0.56237 0.93763
FE 0.81228 0.68733 0.93756
FE 0.81175 0.81185 0.06273
FE 0.93597 0.93576 0.06265
FE 0.93724 0.81201 0.18783
FE 0.81182 0.93721 0.18796
FE 0.81215 0.81226 0.31235
FE 0.93697 0.93713 0.31324
FE 0.93710 0.81212 0.43716
FE 0.81085 0.93737 0.43641
FE 0.81191 0.81216 0.56211
FE 0.93442 0.93741 0.55945
FE 0.93604 0.81080 0.68731
FE 0.81179 0.93737 0.68724
FE 0.81182 0.81207 0.81270
FE 0.93401 0.93703 0.81477
FE 0.93700 0.81198 0.93785
FE 0.81041 0.93699 0.93852
