256
Lattice="13.70722 0.0 0.0 0.0 14.42684905 -0.0012336498000000001 0.0 -0.0010965776 13.7087277942"
RU 0.06250 0.06158 0.06340
FE 0.18881 0.18798 0.06336
FE 0.18836 0.06249 0.18840
FE 0.06249 0.18798 0.18806
FE 0.06249 0.06249 0.31259
FE 0.18752 0.18750 0.31251
FE 0.18752 0.06249 0.43744
FE 0.06249 0.18752 0.43748
FE 0.06249 0.06297 0.56206
FE 0.18750 0.18751 0.56252
FE 0.18795 0.06296 0.68750
FE 0.06249 0.18754 0.68742
FE 0.06249 0.06249 0.81238
FE 0.18837 0.18751 0.81160
FE 0.18882 0.06202 0.93668
RU 0.06250 0.18845 0.93662
FE 0.06249 0.31298 0.06293
FE 0.18750 0.43751 0.06250
FE 0.18753 0.31249 0.18755
FE 0.06249 0.43752 0.18752
FE 0.06249 0.31250 0.31251
FE 0.18751 0.43751 0.31250
FE 0.18751 0.31249 0.43749
FE 0.06249 0.43750 0.43750
FE 0.06249 0.31249 0.56251
FE 0.18751 0.43750 0.56250
FE 0.18752 0.31249 0.68748
FE 0.06249 0.43751 0.68750
FE 0.06249 0.31307 0.81194
FE 0.18751 0.43752 0.81248
FE 0.18796 0.31297 0.93751
FE 0.06249 0.43753 0.93751
FE 0.06249 0.56250 0.06248
FE 0.18750 0.68751 0.06249
FE 0.18751 0.56250 0.18751
FE 0.06249 0.68751 0.18750
FE 0.06249 0.56249 0.31249
FE 0.18751 0.68751 0.31251
FE 0.18751 0.56249 0.43750
FE 0.06249 0.68750 0.43747
FE 0.06249 0.56248 0.56251
FE 0.18751 0.68751 0.56249
FE 0.18750 0.56250 0.68750
FE 0.06249 0.68749 0.68752
FE 0.06249 0.56249 0.81250
FE 0.18751 0.68750 0.81249
FE 0.18750 0.56249 0.93752
FE 0.06249 0.68749 0.93754
FE 0.06249 0.81248 0.06248
FE 0.18794 0.93704 0.06247
FE 0.18751 0.81248 0.18752
FE 0.06249 0.93693 0.18805
FE 0.06249 0.81249 0.31251
FE 0.18752 0.93751 0.31255
FE 0.18753 0.81250 0.43746
FE 0.06249 0.93751 0.43739
FE 0.06249 0.81203 0.56206
FE 0.18835 0.93751 0.56165
FE 0.18795 0.81202 0.68750
RU 0.06250 0.93746 0.68749
FE 0.06249 0.81201 0.81292
FE 0.18837 0.93751 0.81330
FE 0.18752 0.81249 0.93754
FE 0.06249 0.93700 0.93717
FE 0.31264 0.06250 0.06251
FE 0.43746 0.18750 0.06249
FE 0.43747 0.06249 0.18750
FE 0.31261 0.18750 0.18761
FE 0.31259 0.06249 0.31258
FE 0.43749 0.18751 0.31249
FE 0.43749 0.06250 0.43749
FE 0.31250 0.18751 0.43750
FE 0.31254 0.06249 0.56248
FE 0.43749 0.18750 0.56250
FE 0.43748 0.06249 0.68751
FE 0.31261 0.18753 0.68742
FE 0.31265 0.06250 0.81241
FE 0.43747 0.18750 0.81250
FE 0.43746 0.06250 0.93752
FE 0.31264 0.18751 0.93749
FE 0.31255 0.31251 0.06251
FE 0.43749 0.43749 0.06250
FE 0.43750 0.31249 0.18751
FE 0.31251 0.43751 0.18751
FE 0.31250 0.31249 0.31249
FE 0.43750 0.43751 0.31249
FE 0.43750 0.31249 0.43750
FE 0.31249 0.43751 0.43750
FE 0.31251 0.31250 0.56249
FE 0.43750 0.43751 0.56250
FE 0.43749 0.31249 0.68750
FE 0.31250 0.43751 0.68750
FE 0.31254 0.31250 0.81248
FE 0.43750 0.43750 0.81249
FE 0.43749 0.31248 0.93750
FE 0.31252 0.43753 0.93750
FE 0.31250 0.56250 0.06250
FE 0.43749 0.68751 0.06249
FE 0.43750 0.56249 0.18751
FE 0.31250 0.68750 0.18751
FE 0.31250 0.56249 0.31249
FE 0.43750 0.68750 0.31250
FE 0.43750 0.56249 0.43750
FE 0.31250 0.68751 0.43750
FE 0.31251 0.56249 0.56249
FE 0.43750 0.68751 0.56249
FE 0.43749 0.56250 0.68751
FE 0.31252 0.68749 0.68751
FE 0.31251 0.56249 0.81250
FE 0.43750 0.68751 0.81249
FE 0.43749 0.56248 0.93751
FE 0.31250 0.68750 0.93750
FE 0.31253 0.81246 0.06250
FE 0.43748 0.93752 0.06249
FE 0.43750 0.81250 0.18751
FE 0.31253 0.93751 0.18753
FE 0.31250 0.81249 0.31250
FE 0.43749 0.93750 0.31251
FE 0.43750 0.81249 0.43750
FE 0.31259 0.93751 0.43741
FE 0.31253 0.81249 0.56248
FE 0.43747 0.93751 0.56250
FE 0.43749 0.81249 0.68751
FE 0.31261 0.93751 0.68751
FE 0.31254 0.81249 0.81251
FE 0.43747 0.93751 0.81248
FE 0.43749 0.81251 0.93751
FE 0.31264 0.93749 0.93758
FE 0.56249 0.06249 0.06249
FE 0.68755 0.18750 0.06248
FE 0.68754 0.06249 0.18750
FE 0.56249 0.18751 0.18751
FE 0.56249 0.06249 0.31250
FE 0.68752 0.18751 0.31249
FE 0.68752 0.06250 0.43749
FE 0.56249 0.18750 0.43750
FE 0.56249 0.06250 0.56250
FE 0.68752 0.18750 0.56250
FE 0.68753 0.06249 0.68751
FE 0.56249 0.18750 0.68750
FE 0.56249 0.06249 0.81249
FE 0.68754 0.18750 0.81250
FE 0.68755 0.06250 0.93752
FE 0.56249 0.18750 0.93751
FE 0.56249 0.31249 0.06249
FE 0.68752 0.43749 0.06250
FE 0.68752 0.31249 0.18751
FE 0.56249 0.43751 0.18751
FE 0.56249 0.31249 0.31249
FE 0.68751 0.43751 0.31249
FE 0.68751 0.31249 0.43750
FE 0.56249 0.43751 0.43750
FE 0.56249 0.31249 0.56250
FE 0.68751 0.43751 0.56250
FE 0.68752 0.31249 0.68750
FE 0.56249 0.43750 0.68751
FE 0.56249 0.31249 0.81250
FE 0.68751 0.43750 0.81249
FE 0.68752 0.31248 0.93750
FE 0.56249 0.43751 0.93751
FE 0.56249 0.56250 0.06249
FE 0.68752 0.68751 0.06249
FE 0.68751 0.56249 0.18751
FE 0.56249 0.68750 0.18751
FE 0.56249 0.56249 0.31250
FE 0.68751 0.68750 0.31250
FE 0.68751 0.56249 0.43750
FE 0.56249 0.68751 0.43751
FE 0.56249 0.56249 0.56249
FE 0.68751 0.68751 0.56249
FE 0.68752 0.56250 0.68751
FE 0.56249 0.68751 0.68751
FE 0.56249 0.56249 0.81249
FE 0.68751 0.68751 0.81249
FE 0.68752 0.56248 0.93751
FE 0.56249 0.68751 0.93750
FE 0.56249 0.81250 0.06249
FE 0.68753 0.93752 0.06249
FE 0.68751 0.81250 0.18751
FE 0.56249 0.93751 0.18750
FE 0.56249 0.81250 0.31249
FE 0.68752 0.93750 0.31251
FE 0.68751 0.81249 0.43750
FE 0.56249 0.93751 0.43750
FE 0.56249 0.81249 0.56250
FE 0.68754 0.93751 0.56250
FE 0.68752 0.81249 0.68751
FE 0.56249 0.93751 0.68751
FE 0.56249 0.81249 0.81249
FE 0.68754 0.93751 0.81248
FE 0.68752 0.81251 0.93751
FE 0.56249 0.93751 0.93751
FE 0.81235 0.06250 0.06251
FE 0.93621 0.18798 0.06336
FE 0.93665 0.06249 0.18840
FE 0.81238 0.18750 0.18761
FE 0.81240 0.06249 0.31258
FE 0.93749 0.18750 0.31251
FE 0.93750 0.06249 0.43744
FE 0.81249 0.18751 0.43750
FE 0.81245 0.06249 0.56248
FE 0.93751 0.18751 0.56252
FE 0.93706 0.06296 0.68750
FE 0.81238 0.18753 0.68742
FE 0.81234 0.06250 0.81241
FE 0.93664 0.18751 0.81160
FE 0.93620 0.06202 0.93668
FE 0.81235 0.18751 0.93749
FE 0.81244 0.31251 0.06251
FE 0.93751 0.43751 0.06250
FE 0.93748 0.31249 0.18755
FE 0.81248 0.43751 0.18751
FE 0.81249 0.31249 0.31249
FE 0.93750 0.43751 0.31250
FE 0.93750 0.31249 0.43749
FE 0.81249 0.43751 0.43750
FE 0.81248 0.31250 0.56249
FE 0.93751 0.43750 0.56250
FE 0.93749 0.31249 0.68748
FE 0.81249 0.43751 0.68750
FE 0.81245 0.31250 0.81248
FE 0.93750 0.43752 0.81248
FE 0.93706 0.31297 0.93751
FE 0.81247 0.43753 0.93750
FE 0.81249 0.56250 0.06250
FE 0.93751 0.68751 0.06249
FE 0.93750 0.56250 0.18751
FE 0.81249 0.68750 0.18751
FE 0.81249 0.56249 0.31249
FE 0.93750 0.68751 0.31251
FE 0.93750 0.56249 0.43750
FE 0.81249 0.68751 0.43750
FE 0.81248 0.56249 0.56249
FE 0.93750 0.68751 0.56249
FE 0.93751 0.56250 0.68750
FE 0.81247 0.68749 0.68751
FE 0.81248 0.56249 0.81250
FE 0.93750 0.68750 0.81249
FE 0.93751 0.56249 0.93752
FE 0.81248 0.68750 0.93750
FE 0.81246 0.81246 0.06250
FE 0.93707 0.93704 0.06247
FE 0.93750 0.81248 0.18752
FE 0.81246 0.93751 0.18753
FE 0.81249 0.81249 0.31250
FE 0.93749 0.93751 0.31255
FE 0.93748 0.81250 0.43746
FE 0.81240 0.93751 0.43741
FE 0.81246 0.81249 0.56248
FE 0.93666 0.93751 0.56165
FE 0.93706 0.81202 0.68750
FE 0.81238 0.93751 0.68751
FE 0.81245 0.81249 0.81251
FE 0.93664 0.93751 0.81330
FE 0.93749 0.81249 0.93754
FE 0.81235 0.93749 0.93758
