256
Lattice="13.69041 0.0 0.0 0.0 14.463096740400001 -0.0015059451 0.0 -0.0015059451 13.6956123558"
RU 0.06250 0.06042 0.06441
FE 0.19131 0.18887 0.06523
FE 0.19059 0.06235 0.19070
FE 0.06246 0.18903 0.18925
FE 0.06248 0.06246 0.31288
FE 0.18777 0.18767 0.31268
FE 0.18773 0.06259 0.43714
FE 0.06248 0.18778 0.43728
FE 0.06248 0.06399 0.56113
FE 0.18763 0.18765 0.56246
FE 0.18906 0.06387 0.68730
FE 0.06248 0.18781 0.68712
FE 0.06247 0.06252 0.81210
FE 0.19068 0.18777 0.80937
FE 0.19147 0.06127 0.93514
RU 0.06250 0.18994 0.93591
FE 0.06249 0.31422 0.06390
FE 0.18761 0.43764 0.06257
FE 0.18779 0.31271 0.18793
FE 0.06248 0.43775 0.18774
FE 0.06248 0.31275 0.31271
FE 0.18757 0.43760 0.31257
FE 0.18756 0.31256 0.43750
FE 0.06248 0.43753 0.43751
FE 0.06248 0.31250 0.56249
FE 0.18754 0.43755 0.56244
FE 0.18776 0.31264 0.68713
FE 0.06248 0.43781 0.68724
FE 0.06248 0.31476 0.81040
FE 0.18765 0.43774 0.81230
FE 0.18901 0.31420 0.93748
FE 0.06248 0.43773 0.93755
FE 0.06248 0.56246 0.06246
FE 0.18752 0.68751 0.06252
FE 0.18753 0.56253 0.18758
FE 0.06248 0.68753 0.18751
FE 0.06248 0.56248 0.31248
FE 0.18757 0.68745 0.31251
FE 0.18754 0.56242 0.43747
FE 0.06248 0.68728 0.43729
FE 0.06248 0.56249 0.56249
FE 0.18762 0.68741 0.56238
FE 0.18753 0.56254 0.68745
FE 0.06248 0.68731 0.68752
FE 0.06248 0.56248 0.81247
FE 0.18762 0.68736 0.81251
FE 0.18752 0.56241 0.93759
FE 0.06248 0.68731 0.93777
FE 0.06248 0.81223 0.06246
FE 0.18899 0.93587 0.06251
FE 0.18766 0.81226 0.18769
FE 0.06248 0.93524 0.18956
FE 0.06248 0.81217 0.31276
FE 0.18779 0.93736 0.31295
FE 0.18774 0.81233 0.43727
FE 0.06248 0.93749 0.43714
FE 0.06246 0.81092 0.56106
FE 0.19035 0.93750 0.55962
FE 0.18892 0.81089 0.68744
RU 0.06250 0.93711 0.68720
FE 0.06248 0.81076 0.81364
FE 0.19060 0.93729 0.81493
FE 0.18779 0.81225 0.93773
FE 0.06248 0.93578 0.93655
FE 0.31320 0.06242 0.06274
FE 0.43743 0.18756 0.06249
FE 0.43754 0.06244 0.18763
FE 0.31351 0.18761 0.18848
FE 0.31352 0.06248 0.31333
FE 0.43775 0.18757 0.31271
FE 0.43776 0.06251 0.43758
FE 0.31262 0.18758 0.43758
FE 0.31287 0.06255 0.56220
FE 0.43771 0.18754 0.56231
FE 0.43775 0.06247 0.68730
FE 0.31363 0.18777 0.68660
FE 0.31379 0.06250 0.81172
FE 0.43758 0.18758 0.81239
FE 0.43752 0.06249 0.93760
FE 0.31314 0.18764 0.93737
FE 0.31297 0.31280 0.06267
FE 0.43756 0.43755 0.06249
FE 0.43765 0.31253 0.18763
FE 0.31258 0.43760 0.18757
FE 0.31261 0.31253 0.31259
FE 0.43753 0.43754 0.31248
FE 0.43753 0.31249 0.43751
FE 0.31250 0.43753 0.43752
FE 0.31265 0.31257 0.56237
FE 0.43753 0.43753 0.56247
FE 0.43762 0.31252 0.68743
FE 0.31252 0.43755 0.68749
FE 0.31288 0.31266 0.81227
FE 0.43758 0.43756 0.81245
FE 0.43756 0.31254 0.93751
FE 0.31280 0.43783 0.93752
FE 0.31255 0.56252 0.06250
FE 0.43753 0.68752 0.06248
FE 0.43753 0.56249 0.18753
FE 0.31256 0.68746 0.18754
FE 0.31250 0.56247 0.31249
FE 0.43753 0.68751 0.31248
FE 0.43753 0.56246 0.43752
FE 0.31252 0.68750 0.43749
FE 0.31256 0.56243 0.56246
FE 0.43756 0.68751 0.56246
FE 0.43753 0.56248 0.68752
FE 0.31272 0.68729 0.68751
FE 0.31261 0.56248 0.81247
FE 0.43758 0.68750 0.81249
FE 0.43753 0.56247 0.93752
FE 0.31257 0.68745 0.93754
FE 0.31288 0.81213 0.06258
FE 0.43770 0.93747 0.06264
FE 0.43757 0.81245 0.18755
FE 0.31284 0.93739 0.18775
FE 0.31261 0.81241 0.31242
FE 0.43776 0.93748 0.31242
FE 0.43761 0.81244 0.43743
FE 0.31341 0.93749 0.43680
FE 0.31279 0.81235 0.56228
FE 0.43745 0.93752 0.56246
FE 0.43752 0.81243 0.68752
FE 0.31298 0.93747 0.68741
FE 0.31286 0.81230 0.81263
FE 0.43759 0.93747 0.81238
FE 0.43765 0.81242 0.93760
FE 0.31376 0.93721 0.93813
FE 0.56248 0.06246 0.06248
FE 0.68762 0.18756 0.06249
FE 0.68751 0.06243 0.18763
FE 0.56248 0.18755 0.18754
FE 0.56248 0.06247 0.31250
FE 0.68729 0.18757 0.31271
FE 0.68728 0.06251 0.43758
FE 0.56248 0.18752 0.43751
FE 0.56248 0.06249 0.56249
FE 0.68733 0.18754 0.56231
FE 0.68730 0.06247 0.68729
FE 0.56248 0.18752 0.68750
FE 0.56248 0.06247 0.81245
FE 0.68746 0.18758 0.81239
FE 0.68753 0.06249 0.93760
FE 0.56248 0.18753 0.93753
FE 0.56248 0.31247 0.06247
FE 0.68749 0.43755 0.06249
FE 0.68740 0.31253 0.18763
FE 0.56248 0.43753 0.18753
FE 0.56248 0.31246 0.31248
FE 0.68752 0.43754 0.31248
FE 0.68752 0.31249 0.43751
FE 0.56248 0.43754 0.43751
FE 0.56248 0.31249 0.56248
FE 0.68752 0.43753 0.56247
FE 0.68743 0.31252 0.68743
FE 0.56248 0.43752 0.68752
FE 0.56248 0.31248 0.81246
FE 0.68747 0.43756 0.81245
FE 0.68748 0.31254 0.93751
FE 0.56248 0.43752 0.93754
FE 0.56248 0.56248 0.06247
FE 0.68752 0.68752 0.06248
FE 0.68752 0.56249 0.18753
FE 0.56248 0.68751 0.18753
FE 0.56248 0.56247 0.31249
FE 0.68752 0.68751 0.31248
FE 0.68752 0.56246 0.43752
FE 0.56248 0.68753 0.43751
FE 0.56248 0.56247 0.56248
FE 0.68749 0.68751 0.56246
FE 0.68752 0.56248 0.68752
FE 0.56248 0.68754 0.68751
FE 0.56248 0.56247 0.81247
FE 0.68747 0.68749 0.81249
FE 0.68752 0.56247 0.93752
FE 0.56248 0.68752 0.93753
FE 0.56248 0.81248 0.06247
FE 0.68734 0.93747 0.06264
FE 0.68748 0.81245 0.18755
FE 0.56248 0.93752 0.18753
FE 0.56248 0.81248 0.31248
FE 0.68729 0.93748 0.31242
FE 0.68744 0.81244 0.43743
FE 0.56248 0.93751 0.43750
FE 0.56248 0.81245 0.56248
FE 0.68760 0.93752 0.56246
FE 0.68753 0.81243 0.68752
FE 0.56248 0.93753 0.68752
FE 0.56248 0.81247 0.81247
FE 0.68746 0.93746 0.81238
FE 0.68740 0.81242 0.93760
FE 0.56248 0.93752 0.93754
FE 0.81176 0.06241 0.06274
FE 0.93367 0.18887 0.06523
FE 0.93439 0.06236 0.19070
FE 0.81145 0.18762 0.18848
FE 0.81145 0.06248 0.31333
FE 0.93728 0.18767 0.31268
FE 0.93731 0.06259 0.43714
FE 0.81234 0.18758 0.43758
FE 0.81208 0.06255 0.56220
FE 0.93741 0.18765 0.56246
FE 0.93595 0.06387 0.68729
FE 0.81134 0.18778 0.68660
FE 0.81118 0.06249 0.81171
FE 0.93430 0.18776 0.80937
FE 0.93352 0.06127 0.93513
FE 0.81182 0.18764 0.93737
FE 0.81199 0.31280 0.06267
FE 0.93744 0.43764 0.06257
FE 0.93726 0.31271 0.18793
FE 0.81238 0.43760 0.18757
FE 0.81235 0.31253 0.31259
FE 0.93748 0.43760 0.31257
FE 0.93749 0.31256 0.43750
FE 0.81246 0.43753 0.43752
FE 0.81231 0.31256 0.56237
FE 0.93751 0.43755 0.56244
FE 0.93729 0.31264 0.68713
FE 0.81244 0.43755 0.68749
FE 0.81208 0.31266 0.81226
FE 0.93740 0.43774 0.81230
FE 0.93600 0.31421 0.93747
FE 0.81216 0.43784 0.93752
FE 0.81241 0.56252 0.06250
FE 0.93752 0.68751 0.06252
FE 0.93752 0.56253 0.18758
FE 0.81240 0.68746 0.18754
FE 0.81246 0.56247 0.31249
FE 0.93748 0.68745 0.31251
FE 0.93750 0.56242 0.43747
FE 0.81244 0.68750 0.43749
FE 0.81240 0.56243 0.56246
FE 0.93743 0.68741 0.56238
FE 0.93752 0.56254 0.68745
FE 0.81224 0.68729 0.68751
FE 0.81235 0.56248 0.81247
FE 0.93743 0.68735 0.81251
FE 0.93753 0.56241 0.93759
FE 0.81239 0.68745 0.93754
FE 0.81208 0.81213 0.06258
FE 0.93603 0.93587 0.06252
FE 0.93739 0.81226 0.18769
FE 0.81212 0.93739 0.18775
FE 0.81235 0.81241 0.31242
FE 0.93725 0.93736 0.31295
FE 0.93731 0.81233 0.43726
FE 0.81156 0.93749 0.43680
FE 0.81217 0.81235 0.56228
FE 0.93463 0.93749 0.55962
FE 0.93610 0.81089 0.68742
FE 0.81198 0.93748 0.68741
FE 0.81210 0.81229 0.81262
FE 0.93438 0.93728 0.81493
FE 0.93726 0.81225 0.93773
FE 0.81121 0.93722 0.93814
