256
Lattice="13.72579 0.0 0.0 0.0 14.464649275700001 0.0001372579 0.0 0.0001372579 13.725652742100001"
RU 0.06255 0.06252 0.06243
FE 0.18875 0.18885 0.06253
FE 0.19008 0.06249 0.18998
FE 0.06251 0.18886 0.18879
FE 0.06270 0.06253 0.31271
FE 0.18763 0.18756 0.31264
FE 0.18748 0.06248 0.43743
FE 0.06259 0.18766 0.43745
FE 0.06268 0.06253 0.56260
FE 0.18732 0.18746 0.56237
FE 0.18742 0.06235 0.68765
FE 0.06253 0.18749 0.68750
FE 0.06251 0.06251 0.81219
FE 0.18748 0.18749 0.81238
FE 0.19003 0.06247 0.93497
FE 0.06242 0.18887 0.93633
FE 0.06248 0.31258 0.06258
FE 0.18766 0.43747 0.06265
FE 0.18758 0.31254 0.18758
FE 0.06262 0.43744 0.18771
FE 0.06248 0.31266 0.31258
FE 0.18755 0.43757 0.31252
FE 0.18696 0.31248 0.43698
FE 0.06244 0.43753 0.43745
FE 0.06262 0.31250 0.56249
FE 0.18736 0.43757 0.56232
FE 0.18719 0.31248 0.68749
FE 0.06263 0.43746 0.68732
FE 0.06262 0.31256 0.81227
FE 0.18753 0.43757 0.81243
FE 0.18717 0.31238 0.93803
FE 0.06369 0.43616 0.93759
FE 0.06506 0.56249 0.06504
FE 0.18766 0.68758 0.06256
FE 0.18805 0.56246 0.18805
FE 0.06263 0.68758 0.18770
FE 0.06253 0.56245 0.31239
FE 0.18761 0.68750 0.31255
FE 0.18749 0.56249 0.43751
FE 0.06263 0.68739 0.43750
FE 0.06251 0.56245 0.56256
FE 0.18750 0.68756 0.56249
FE 0.18793 0.56262 0.68695
FE 0.06264 0.68759 0.68733
FE 0.06504 0.56246 0.80997
FE 0.18770 0.68759 0.81231
FE 0.18785 0.56248 0.93755
FE 0.06372 0.68891 0.93755
FE 0.06259 0.81236 0.06248
FE 0.18880 0.93620 0.06239
FE 0.18771 0.81240 0.18754
FE 0.06308 0.93616 0.18824
FE 0.06270 0.81227 0.31252
FE 0.18758 0.93747 0.31269
FE 0.18759 0.81246 0.43753
FE 0.06283 0.93751 0.43749
FE 0.06271 0.81242 0.56260
FE 0.18735 0.93751 0.56252
FE 0.18753 0.81246 0.68760
FE 0.06306 0.93755 0.68804
FE 0.06259 0.81237 0.81232
FE 0.18771 0.93745 0.81232
FE 0.18766 0.81257 0.93741
FE 0.06248 0.93611 0.93628
FE 0.31280 0.06247 0.06249
FE 0.43750 0.18757 0.06242
FE 0.43734 0.06256 0.18742
FE 0.31265 0.18761 0.18764
FE 0.31287 0.06263 0.31303
FE 0.43757 0.18753 0.31253
FE 0.43754 0.06241 0.43748
FE 0.31235 0.18751 0.43736
FE 0.31241 0.06242 0.56244
FE 0.43748 0.18618 0.56131
FE 0.43753 0.06234 0.68752
FE 0.31130 0.18615 0.68747
FE 0.31298 0.06240 0.81197
FE 0.43757 0.18616 0.81367
FE 0.43743 0.06232 0.93766
FE 0.31255 0.18756 0.93760
FE 0.31264 0.31262 0.06241
FE 0.43749 0.43748 0.06241
FE 0.43754 0.31249 0.18754
FE 0.31253 0.43751 0.18756
FE 0.31249 0.31248 0.31258
FE 0.43754 0.43755 0.31249
FE 0.43754 0.31246 0.43715
FE 0.31230 0.43757 0.43732
FE 0.30994 0.31246 0.55996
FE 0.43751 0.43887 0.56130
RU 0.43748 0.31252 0.68751
FE 0.31129 0.43887 0.68748
FE 0.30997 0.31247 0.81501
FE 0.43753 0.43889 0.81372
FE 0.43753 0.31248 0.93786
FE 0.31238 0.43761 0.93772
FE 0.31237 0.56248 0.06248
FE 0.43738 0.68746 0.06225
FE 0.43747 0.56240 0.18747
FE 0.31236 0.68744 0.18745
FE 0.31238 0.56233 0.31253
FE 0.43624 0.68609 0.31248
FE 0.43748 0.56258 0.43742
FE 0.31225 0.68749 0.43760
FE 0.31247 0.56254 0.56238
FE 0.43738 0.68744 0.56273
FE 0.43751 0.56263 0.68752
FE 0.31249 0.68752 0.68751
FE 0.31235 0.56256 0.81253
FE 0.43753 0.68751 0.81246
FE 0.43751 0.56263 0.93765
FE 0.31244 0.68750 0.93751
FE 0.31208 0.81233 0.06194
FE 0.43732 0.93759 0.06220
FE 0.43491 0.81246 0.18489
FE 0.31248 0.93753 0.18751
FE 0.31213 0.81247 0.31249
FE 0.43640 0.93888 0.31254
FE 0.43496 0.81248 0.44005
FE 0.31230 0.93753 0.43764
FE 0.31193 0.81249 0.56304
FE 0.43746 0.93760 0.56272
FE 0.43748 0.81245 0.68749
FE 0.31250 0.93753 0.68753
FE 0.31251 0.81248 0.81244
FE 0.43751 0.93751 0.81247
FE 0.43754 0.81248 0.93759
FE 0.31262 0.93743 0.93739
FE 0.56244 0.06264 0.06230
FE 0.68754 0.18752 0.06248
FE 0.68753 0.06261 0.18726
FE 0.56246 0.18752 0.18752
FE 0.56229 0.06270 0.31235
FE 0.68745 0.18758 0.31244
FE 0.68628 0.06394 0.43761
FE 0.56246 0.18759 0.43728
FE 0.56233 0.06262 0.56271
FE 0.68769 0.18755 0.56245
FE 0.68750 0.06240 0.68769
FE 0.56371 0.18612 0.68753
FE 0.56248 0.06242 0.81256
FE 0.68763 0.18744 0.81256
FE 0.68763 0.06248 0.93752
FE 0.56263 0.18746 0.93775
FE 0.56247 0.31247 0.06241
FE 0.68738 0.43742 0.06260
FE 0.68748 0.31251 0.18751
FE 0.56243 0.43752 0.18759
FE 0.56244 0.31250 0.31255
FE 0.68751 0.43753 0.31249
FE 0.68809 0.31248 0.43695
FE 0.56262 0.43760 0.43728
FE 0.56501 0.31253 0.55996
FE 0.68771 0.43753 0.56235
FE 0.68786 0.31251 0.68755
FE 0.56368 0.43888 0.68746
FE 0.56503 0.31248 0.81503
FE 0.68751 0.43753 0.81248
FE 0.68792 0.31232 0.93807
FE 0.56262 0.43759 0.93775
FE 0.56257 0.56233 0.06234
FE 0.68744 0.68754 0.06238
FE 0.68701 0.56237 0.18798
FE 0.56242 0.68614 0.18629
FE 0.56239 0.56228 0.31252
FE 0.68866 0.68608 0.31246
FE 0.68761 0.56242 0.43755
FE 0.56237 0.68604 0.43871
FE 0.56244 0.56236 0.56253
FE 0.68759 0.68745 0.56269
FE 0.68712 0.56259 0.68702
FE 0.56240 0.68752 0.68747
FE 0.56262 0.56254 0.81253
FE 0.68734 0.68761 0.81237
FE 0.68720 0.56248 0.93752
FE 0.56251 0.68757 0.93758
FE 0.56242 0.81247 0.06210
FE 0.68763 0.93762 0.06236
FE 0.68991 0.81241 0.18478
FE 0.56196 0.93888 0.18576
RU 0.56221 0.81240 0.31233
FE 0.68618 0.93888 0.31000
FE 0.68883 0.81108 0.44004
FE 0.56212 0.93890 0.43873
FE 0.56227 0.81241 0.56297
FE 0.68512 0.93755 0.56525
FE 0.68738 0.81241 0.68764
FE 0.56191 0.93756 0.68806
FE 0.56241 0.81247 0.81250
FE 0.68748 0.93751 0.81234
FE 0.68736 0.81262 0.93759
FE 0.56250 0.93748 0.93759
FE 0.81215 0.06249 0.06246
FE 0.93628 0.18891 0.06243
FE 0.93509 0.06254 0.18981
FE 0.81229 0.18775 0.18753
FE 0.81202 0.06402 0.31181
FE 0.93742 0.18766 0.31263
FE 0.93878 0.06389 0.43745
FE 0.81251 0.18772 0.43752
FE 0.81250 0.06387 0.56375
FE 0.93758 0.18761 0.56256
FE 0.93764 0.06255 0.68781
FE 0.81240 0.18765 0.68759
FE 0.81194 0.06248 0.81192
FE 0.93740 0.18759 0.81230
FE 0.93494 0.06250 0.93496
FE 0.81233 0.18758 0.93744
FE 0.81233 0.31254 0.06261
FE 0.93754 0.43612 0.06371
FE 0.93747 0.31243 0.18768
FE 0.81234 0.43745 0.18773
FE 0.81251 0.31247 0.31247
FE 0.93749 0.43755 0.31252
FE 0.93749 0.31248 0.43753
FE 0.81257 0.43751 0.43748
FE 0.81239 0.31246 0.56245
FE 0.93751 0.43751 0.56250
FE 0.93752 0.31237 0.68740
FE 0.81233 0.43747 0.68731
FE 0.81233 0.31240 0.81239
FE 0.93751 0.43619 0.81120
FE 0.93746 0.31238 0.93748
FE 0.81124 0.43619 0.93756
FE 0.80996 0.56249 0.06504
FE 0.93759 0.68886 0.06365
FE 0.93755 0.56245 0.18781
FE 0.81252 0.68734 0.18746
FE 0.81262 0.56234 0.31242
FE 0.93755 0.68742 0.31246
FE 0.93751 0.56248 0.43753
FE 0.81269 0.68730 0.43764
FE 0.81250 0.56248 0.56255
FE 0.93762 0.68745 0.56261
FE 0.93752 0.56243 0.68720
FE 0.81238 0.68741 0.68750
FE 0.80997 0.56249 0.80995
FE 0.93752 0.68885 0.81120
RU 0.93751 0.56249 0.93752
FE 0.81125 0.68884 0.93747
FE 0.81283 0.81238 0.06199
FE 0.93631 0.93617 0.06249
FE 0.93751 0.81250 0.18751
FE 0.81246 0.93756 0.18721
FE 0.81282 0.81107 0.31125
FE 0.93992 0.93747 0.31016
FE 0.93866 0.81110 0.43754
RU 0.81276 0.93759 0.43771
FE 0.81299 0.81112 0.56423
FE 0.94011 0.93752 0.56515
FE 0.93769 0.81256 0.68762
FE 0.81245 0.93757 0.68783
FE 0.81242 0.81252 0.81239
FE 0.93739 0.93744 0.81221
FE 0.93752 0.81257 0.93742
FE 0.81234 0.93747 0.93736
