256
Lattice="13.6852 0.0 0.0 0.0 14.463614176 -0.0010948160000000002 0.0 -0.000957964 13.69135834"
RU 0.06249 0.06065 0.06425
FE 0.19131 0.18885 0.06537
FE 0.19082 0.06229 0.19096
FE 0.06245 0.18904 0.18931
FE 0.06248 0.06246 0.31292
FE 0.18793 0.18779 0.31279
FE 0.18787 0.06265 0.43703
FE 0.06248 0.18791 0.43719
FE 0.06248 0.06402 0.56111
FE 0.18773 0.18775 0.56238
FE 0.18919 0.06383 0.68715
FE 0.06247 0.18794 0.68707
FE 0.06246 0.06256 0.81205
FE 0.19095 0.18792 0.80917
FE 0.19156 0.06140 0.93519
RU 0.06249 0.18986 0.93622
FE 0.06249 0.31440 0.06396
FE 0.18769 0.43773 0.06263
FE 0.18794 0.31287 0.18812
FE 0.06248 0.43787 0.18787
FE 0.06248 0.31292 0.31281
FE 0.18760 0.43767 0.31263
FE 0.18760 0.31264 0.43752
FE 0.06248 0.43757 0.43754
FE 0.06248 0.31255 0.56245
FE 0.18757 0.43760 0.56238
FE 0.18791 0.31278 0.68692
FE 0.06248 0.43800 0.68705
FE 0.06248 0.31506 0.81021
FE 0.18775 0.43788 0.81221
FE 0.18907 0.31437 0.93745
FE 0.06248 0.43784 0.93755
FE 0.06248 0.56243 0.06249
FE 0.18756 0.68747 0.06257
FE 0.18755 0.56256 0.18761
FE 0.06248 0.68751 0.18753
FE 0.06248 0.56247 0.31249
FE 0.18760 0.68737 0.31250
FE 0.18756 0.56239 0.43745
FE 0.06248 0.68713 0.43721
FE 0.06248 0.56252 0.56244
FE 0.18768 0.68732 0.56231
FE 0.18756 0.56257 0.68741
FE 0.06248 0.68719 0.68748
FE 0.06248 0.56248 0.81246
FE 0.18769 0.68724 0.81253
FE 0.18755 0.56238 0.93761
FE 0.06248 0.68720 0.93787
FE 0.06248 0.81209 0.06248
FE 0.18905 0.93575 0.06258
FE 0.18776 0.81211 0.18778
FE 0.06248 0.93494 0.18975
FE 0.06248 0.81195 0.31293
FE 0.18796 0.93722 0.31314
FE 0.18787 0.81220 0.43720
FE 0.06248 0.93744 0.43713
FE 0.06246 0.81081 0.56098
FE 0.19052 0.93745 0.55944
FE 0.18896 0.81080 0.68737
RU 0.06249 0.93696 0.68706
FE 0.06247 0.81061 0.81355
FE 0.19089 0.93712 0.81490
FE 0.18796 0.81207 0.93781
FE 0.06248 0.93564 0.93659
FE 0.31339 0.06239 0.06290
FE 0.43747 0.18759 0.06253
FE 0.43766 0.06242 0.18772
FE 0.31398 0.18769 0.18891
FE 0.31405 0.06249 0.31372
FE 0.43800 0.18762 0.31291
FE 0.43804 0.06253 0.43768
FE 0.31274 0.18764 0.43764
FE 0.31308 0.06259 0.56202
FE 0.43796 0.18760 0.56212
FE 0.43800 0.06246 0.68709
FE 0.31418 0.18790 0.68614
FE 0.31436 0.06251 0.81138
FE 0.43773 0.18766 0.81232
FE 0.43764 0.06249 0.93763
FE 0.31329 0.18772 0.93731
FE 0.31320 0.31298 0.06277
FE 0.43764 0.43761 0.06252
FE 0.43779 0.31259 0.18772
FE 0.31264 0.43766 0.18760
FE 0.31271 0.31260 0.31269
FE 0.43755 0.43756 0.31249
FE 0.43757 0.31252 0.43752
FE 0.31254 0.43756 0.43752
FE 0.31278 0.31265 0.56226
FE 0.43756 0.43754 0.56246
FE 0.43775 0.31260 0.68735
FE 0.31257 0.43759 0.68745
FE 0.31307 0.31281 0.81215
FE 0.43765 0.43760 0.81243
FE 0.43764 0.31261 0.93750
FE 0.31296 0.43799 0.93752
FE 0.31259 0.56255 0.06251
FE 0.43758 0.68748 0.06249
FE 0.43756 0.56249 0.18754
FE 0.31263 0.68741 0.18757
FE 0.31252 0.56247 0.31249
FE 0.43755 0.68749 0.31248
FE 0.43755 0.56245 0.43752
FE 0.31256 0.68746 0.43748
FE 0.31259 0.56240 0.56244
FE 0.43762 0.68747 0.56243
FE 0.43757 0.56246 0.68751
FE 0.31285 0.68717 0.68749
FE 0.31269 0.56249 0.81245
FE 0.43765 0.68745 0.81250
FE 0.43759 0.56249 0.93753
FE 0.31264 0.68738 0.93755
FE 0.31309 0.81195 0.06267
FE 0.43792 0.93741 0.06281
FE 0.43765 0.81238 0.18758
FE 0.31303 0.93728 0.18788
FE 0.31272 0.81233 0.31237
FE 0.43802 0.93743 0.31234
FE 0.43771 0.81239 0.43737
FE 0.31388 0.93742 0.43652
FE 0.31294 0.81225 0.56217
FE 0.43750 0.93749 0.56242
FE 0.43756 0.81238 0.68751
FE 0.31309 0.93742 0.68731
FE 0.31304 0.81216 0.81268
FE 0.43774 0.93740 0.81233
FE 0.43781 0.81232 0.93765
FE 0.31433 0.93705 0.93839
FE 0.56248 0.06247 0.06250
FE 0.68758 0.18759 0.06253
FE 0.68739 0.06242 0.18773
FE 0.56248 0.18757 0.18757
FE 0.56248 0.06247 0.31252
FE 0.68705 0.18761 0.31291
FE 0.68701 0.06253 0.43767
FE 0.56248 0.18756 0.43751
FE 0.56248 0.06248 0.56246
FE 0.68710 0.18760 0.56212
FE 0.68705 0.06246 0.68708
FE 0.56248 0.18754 0.68746
FE 0.56248 0.06247 0.81243
FE 0.68732 0.18766 0.81231
FE 0.68741 0.06249 0.93763
FE 0.56248 0.18756 0.93754
FE 0.56248 0.31249 0.06248
FE 0.68742 0.43761 0.06252
FE 0.68727 0.31260 0.18772
FE 0.56248 0.43755 0.18755
FE 0.56248 0.31250 0.31252
FE 0.68750 0.43756 0.31249
FE 0.68748 0.31252 0.43752
FE 0.56248 0.43754 0.43751
FE 0.56248 0.31251 0.56246
FE 0.68750 0.43754 0.56246
FE 0.68731 0.31260 0.68735
FE 0.56248 0.43754 0.68749
FE 0.56248 0.31252 0.81243
FE 0.68740 0.43760 0.81243
FE 0.68742 0.31261 0.93750
FE 0.56248 0.43754 0.93754
FE 0.56248 0.56249 0.06247
FE 0.68748 0.68748 0.06249
FE 0.68749 0.56249 0.18754
FE 0.56248 0.68750 0.18753
FE 0.56248 0.56247 0.31249
FE 0.68750 0.68749 0.31248
FE 0.68751 0.56245 0.43752
FE 0.56248 0.68751 0.43750
FE 0.56248 0.56246 0.56248
FE 0.68744 0.68747 0.56243
FE 0.68748 0.56246 0.68751
FE 0.56248 0.68753 0.68751
FE 0.56248 0.56247 0.81246
FE 0.68740 0.68745 0.81250
FE 0.68747 0.56249 0.93753
FE 0.56248 0.68750 0.93755
FE 0.56248 0.81245 0.06249
FE 0.68713 0.93740 0.06281
FE 0.68740 0.81238 0.18758
FE 0.56248 0.93749 0.18755
FE 0.56248 0.81244 0.31248
FE 0.68703 0.93743 0.31235
FE 0.68734 0.81239 0.43737
FE 0.56248 0.93749 0.43751
FE 0.56248 0.81244 0.56247
FE 0.68755 0.93750 0.56242
FE 0.68749 0.81238 0.68751
FE 0.56248 0.93749 0.68748
FE 0.56248 0.81243 0.81246
FE 0.68731 0.93739 0.81233
FE 0.68724 0.81232 0.93765
FE 0.56248 0.93751 0.93756
FE 0.81157 0.06238 0.06289
FE 0.93365 0.18885 0.06538
FE 0.93412 0.06229 0.19096
FE 0.81098 0.18771 0.18892
FE 0.81094 0.06248 0.31371
FE 0.93712 0.18779 0.31280
FE 0.93717 0.06266 0.43703
FE 0.81222 0.18764 0.43765
FE 0.81188 0.06259 0.56202
FE 0.93732 0.18775 0.56238
FE 0.93581 0.06382 0.68713
FE 0.81081 0.18791 0.68614
FE 0.81063 0.06250 0.81137
FE 0.93399 0.18793 0.80917
FE 0.93341 0.06140 0.93518
FE 0.81166 0.18773 0.93732
FE 0.81177 0.31298 0.06277
FE 0.93737 0.43773 0.06264
FE 0.93712 0.31288 0.18812
FE 0.81232 0.43766 0.18760
FE 0.81225 0.31260 0.31269
FE 0.93745 0.43767 0.31264
FE 0.93745 0.31264 0.43752
FE 0.81242 0.43756 0.43752
FE 0.81218 0.31265 0.56226
FE 0.93749 0.43760 0.56238
FE 0.93713 0.31278 0.68691
FE 0.81239 0.43760 0.68745
FE 0.81189 0.31280 0.81214
FE 0.93731 0.43788 0.81221
FE 0.93593 0.31437 0.93744
FE 0.81199 0.43799 0.93752
FE 0.81237 0.56255 0.06251
FE 0.93749 0.68747 0.06257
FE 0.93751 0.56256 0.18761
FE 0.81233 0.68741 0.18757
FE 0.81244 0.56247 0.31249
FE 0.93745 0.68737 0.31250
FE 0.93750 0.56239 0.43745
FE 0.81240 0.68746 0.43748
FE 0.81236 0.56240 0.56244
FE 0.93737 0.68732 0.56231
FE 0.93749 0.56257 0.68741
FE 0.81211 0.68717 0.68749
FE 0.81227 0.56249 0.81245
FE 0.93737 0.68724 0.81253
FE 0.93751 0.56238 0.93761
FE 0.81232 0.68739 0.93755
FE 0.81187 0.81195 0.06266
FE 0.93595 0.93575 0.06259
FE 0.93730 0.81211 0.18778
FE 0.81193 0.93728 0.18788
FE 0.81224 0.81233 0.31237
FE 0.93708 0.93722 0.31314
FE 0.93718 0.81220 0.43719
FE 0.81110 0.93743 0.43652
FE 0.81201 0.81224 0.56217
FE 0.93443 0.93744 0.55944
FE 0.93604 0.81080 0.68735
FE 0.81186 0.93742 0.68731
FE 0.81192 0.81216 0.81268
FE 0.93407 0.93712 0.81490
FE 0.93710 0.81207 0.93781
FE 0.81066 0.93706 0.93840
