256
Lattice="13.68132 0.0 -0.0 -0.0 14.449936557599997 -0.001368132 -0.0 0.001368132 13.686382088399998"
RU 0.06247 0.06067 0.06436
FE 0.19105 0.18868 0.06515
FE 0.19070 0.06220 0.19088
FE 0.06244 0.18885 0.18927
FE 0.06247 0.06233 0.31295
FE 0.18801 0.18776 0.31299
FE 0.18766 0.06243 0.43749
FE 0.06248 0.18760 0.43752
FE 0.06248 0.06240 0.56243
FE 0.18766 0.18758 0.56246
FE 0.18801 0.06224 0.68696
FE 0.06247 0.18768 0.68700
FE 0.06244 0.06116 0.81068
FE 0.19070 0.18781 0.80907
FE 0.19105 0.06132 0.93480
RU 0.06247 0.18934 0.93559
FE 0.06248 0.31423 0.06367
FE 0.18774 0.43782 0.06257
FE 0.18802 0.31296 0.18817
FE 0.06247 0.43793 0.18786
FE 0.06249 0.31298 0.31288
FE 0.18767 0.43779 0.31267
FE 0.18766 0.31266 0.43761
FE 0.06248 0.43767 0.43751
FE 0.06248 0.31264 0.56237
FE 0.18766 0.43773 0.56220
FE 0.18806 0.31293 0.68667
FE 0.06248 0.43815 0.68681
FE 0.06247 0.31497 0.81025
FE 0.18784 0.43803 0.81204
FE 0.18888 0.31418 0.93722
FE 0.06247 0.43795 0.93742
FE 0.06248 0.56250 0.06239
FE 0.18757 0.68749 0.06236
FE 0.18759 0.56261 0.18755
FE 0.06248 0.68749 0.18744
FE 0.06248 0.56257 0.31247
FE 0.18761 0.68737 0.31253
FE 0.18757 0.56253 0.43745
FE 0.06248 0.68740 0.43749
FE 0.06248 0.56261 0.56226
FE 0.18757 0.68748 0.56230
FE 0.18761 0.56264 0.68722
FE 0.06248 0.68744 0.68728
FE 0.06248 0.56252 0.81231
FE 0.18759 0.68739 0.81220
FE 0.18757 0.56251 0.93739
FE 0.06248 0.68750 0.93736
FE 0.06247 0.81205 0.06233
FE 0.18888 0.93583 0.06253
FE 0.18784 0.81198 0.18771
FE 0.06247 0.93503 0.18950
FE 0.06248 0.81185 0.31294
FE 0.18806 0.93708 0.31308
FE 0.18766 0.81227 0.43755
FE 0.06248 0.93737 0.43738
FE 0.06248 0.81233 0.56224
FE 0.18766 0.93735 0.56214
FE 0.18767 0.81222 0.68708
FE 0.06249 0.93703 0.68687
FE 0.06247 0.81207 0.81189
FE 0.18802 0.93704 0.81158
FE 0.18774 0.81219 0.93718
FE 0.06248 0.93578 0.93608
FE 0.31332 0.06228 0.06280
FE 0.43751 0.18759 0.06253
FE 0.43776 0.06234 0.18784
FE 0.31420 0.18770 0.18909
FE 0.31418 0.06236 0.31418
FE 0.43826 0.18767 0.31316
FE 0.43818 0.06238 0.43804
FE 0.31285 0.18767 0.43777
FE 0.31285 0.06234 0.56218
FE 0.43818 0.18762 0.56191
FE 0.43826 0.06234 0.68679
FE 0.31418 0.18765 0.68577
FE 0.31420 0.06231 0.81086
FE 0.43776 0.18767 0.81211
FE 0.43751 0.06241 0.93742
FE 0.31332 0.18773 0.93715
FE 0.31330 0.31304 0.06278
FE 0.43774 0.43772 0.06248
FE 0.43794 0.31273 0.18780
FE 0.31272 0.43777 0.18761
FE 0.31286 0.31273 0.31280
FE 0.43761 0.43766 0.31247
FE 0.43769 0.31265 0.43748
FE 0.31263 0.43768 0.43746
FE 0.31289 0.31274 0.56210
FE 0.43760 0.43764 0.56234
FE 0.43787 0.31271 0.68715
FE 0.31267 0.43772 0.68726
FE 0.31314 0.31286 0.81192
FE 0.43773 0.43772 0.81225
FE 0.43769 0.31269 0.93738
FE 0.31304 0.43808 0.93737
FE 0.31264 0.56262 0.06243
FE 0.43765 0.68743 0.06236
FE 0.43761 0.56252 0.18747
FE 0.31268 0.68735 0.18749
FE 0.31258 0.56252 0.31245
FE 0.43759 0.68747 0.31240
FE 0.43757 0.56250 0.43743
FE 0.31256 0.68747 0.43742
FE 0.31256 0.56254 0.56233
FE 0.43757 0.68750 0.56232
FE 0.43759 0.56254 0.68735
FE 0.31258 0.68748 0.68730
FE 0.31268 0.56265 0.81226
FE 0.43761 0.68748 0.81228
FE 0.43765 0.56257 0.93739
FE 0.31264 0.68739 0.93732
FE 0.31304 0.81193 0.06238
FE 0.43769 0.93732 0.06237
FE 0.43773 0.81229 0.18750
FE 0.31314 0.93714 0.18783
FE 0.31267 0.81229 0.31249
FE 0.43787 0.93729 0.31260
FE 0.43760 0.81237 0.43741
FE 0.31289 0.93727 0.43765
FE 0.31263 0.81233 0.56229
FE 0.43769 0.93735 0.56227
FE 0.43761 0.81235 0.68729
FE 0.31286 0.93727 0.68695
FE 0.31272 0.81223 0.81214
FE 0.43794 0.93728 0.81195
FE 0.43774 0.81229 0.93727
FE 0.31330 0.93696 0.93697
FE 0.56249 0.06243 0.06249
FE 0.68753 0.18760 0.06255
FE 0.68730 0.06234 0.18785
FE 0.56248 0.18757 0.18761
FE 0.56248 0.06239 0.31266
FE 0.68677 0.18766 0.31317
FE 0.68686 0.06239 0.43803
FE 0.56248 0.18762 0.43755
FE 0.56248 0.06239 0.56240
FE 0.68686 0.18762 0.56192
FE 0.68677 0.06235 0.68678
FE 0.56248 0.18761 0.68729
FE 0.56248 0.06243 0.81234
FE 0.68730 0.18766 0.81210
FE 0.68753 0.06241 0.93740
FE 0.56249 0.18757 0.93746
FE 0.56248 0.31256 0.06245
FE 0.68731 0.43772 0.06248
FE 0.68711 0.31274 0.18779
FE 0.56248 0.43767 0.18754
FE 0.56248 0.31267 0.31259
FE 0.68744 0.43766 0.31247
FE 0.68736 0.31266 0.43748
FE 0.56248 0.43761 0.43745
FE 0.56248 0.31264 0.56229
FE 0.68745 0.43764 0.56234
FE 0.68717 0.31272 0.68714
FE 0.56248 0.43766 0.68732
FE 0.56248 0.31263 0.81230
FE 0.68732 0.43772 0.81226
FE 0.68735 0.31269 0.93738
FE 0.56248 0.43762 0.93743
FE 0.56248 0.56252 0.06238
FE 0.68740 0.68743 0.06236
FE 0.68744 0.56252 0.18747
FE 0.56248 0.68747 0.18742
FE 0.56248 0.56250 0.31241
FE 0.68746 0.68746 0.31240
FE 0.68748 0.56250 0.43743
FE 0.56248 0.68750 0.43741
FE 0.56248 0.56251 0.56234
FE 0.68748 0.68750 0.56232
FE 0.68746 0.56254 0.68735
FE 0.56248 0.68750 0.68734
FE 0.56248 0.56253 0.81233
FE 0.68744 0.68748 0.81228
FE 0.68740 0.56258 0.93739
FE 0.56248 0.68748 0.93737
FE 0.56248 0.81239 0.06232
FE 0.68735 0.93731 0.06237
FE 0.68732 0.81229 0.18749
FE 0.56248 0.93738 0.18745
FE 0.56248 0.81235 0.31243
FE 0.68717 0.93729 0.31261
FE 0.68745 0.81237 0.43741
FE 0.56248 0.93737 0.43746
FE 0.56248 0.81239 0.56230
FE 0.68736 0.93735 0.56227
FE 0.68744 0.81235 0.68728
FE 0.56248 0.93733 0.68716
FE 0.56248 0.81234 0.81221
FE 0.68711 0.93727 0.81196
FE 0.68731 0.81229 0.93727
FE 0.56248 0.93745 0.93730
FE 0.81162 0.06226 0.06279
FE 0.93388 0.18868 0.06517
FE 0.93423 0.06219 0.19087
FE 0.81082 0.18773 0.18910
FE 0.81084 0.06235 0.31419
FE 0.93701 0.18776 0.31301
FE 0.93738 0.06243 0.43750
FE 0.81210 0.18767 0.43778
FE 0.81210 0.06233 0.56217
FE 0.93738 0.18758 0.56245
FE 0.93701 0.06224 0.68694
FE 0.81084 0.18766 0.68576
FE 0.81082 0.06228 0.81085
FE 0.93423 0.18782 0.80908
FE 0.93388 0.06132 0.93478
FE 0.81162 0.18774 0.93716
FE 0.81168 0.31305 0.06277
FE 0.93731 0.43782 0.06257
FE 0.93701 0.31299 0.18817
FE 0.81223 0.43778 0.18761
FE 0.81211 0.31273 0.31280
FE 0.93737 0.43779 0.31267
FE 0.93739 0.31266 0.43761
FE 0.81234 0.43768 0.43746
FE 0.81208 0.31273 0.56210
FE 0.93740 0.43773 0.56220
FE 0.93696 0.31294 0.68666
FE 0.81229 0.43772 0.68726
FE 0.81181 0.31286 0.81190
FE 0.93721 0.43803 0.81204
FE 0.93609 0.31417 0.93721
FE 0.81192 0.43809 0.93738
FE 0.81233 0.56262 0.06242
FE 0.93748 0.68749 0.06236
FE 0.93746 0.56262 0.18755
FE 0.81228 0.68736 0.18749
FE 0.81239 0.56252 0.31245
FE 0.93743 0.68736 0.31253
FE 0.93748 0.56253 0.43745
FE 0.81241 0.68747 0.43743
FE 0.81241 0.56254 0.56232
FE 0.93748 0.68748 0.56230
FE 0.93743 0.56264 0.68722
FE 0.81239 0.68748 0.68730
FE 0.81228 0.56265 0.81226
FE 0.93746 0.68739 0.81220
FE 0.93748 0.56252 0.93739
FE 0.81233 0.68739 0.93733
FE 0.81192 0.81192 0.06237
FE 0.93609 0.93583 0.06254
FE 0.93721 0.81198 0.18771
FE 0.81181 0.93714 0.18785
FE 0.81229 0.81228 0.31249
FE 0.93696 0.93707 0.31309
FE 0.93740 0.81227 0.43755
FE 0.81208 0.93727 0.43765
FE 0.81234 0.81232 0.56229
FE 0.93739 0.93734 0.56214
FE 0.93737 0.81222 0.68708
FE 0.81211 0.93727 0.68695
FE 0.81223 0.81223 0.81214
FE 0.93701 0.93702 0.81158
FE 0.93731 0.81219 0.93718
FE 0.81168 0.93696 0.93698
