256
Lattice="13.71779 -0.0 -0.0 -0.0 14.432624036900002 -0.0 -0.0 -0.0 13.717652822100002"
RU 0.06250 0.06250 0.06250
FE 0.18795 0.18797 0.06250
FE 0.18835 0.06250 0.18834
FE 0.06250 0.18797 0.18795
FE 0.06254 0.06249 0.31258
FE 0.18752 0.18750 0.31253
FE 0.18749 0.06249 0.43747
FE 0.06252 0.18752 0.43749
FE 0.06254 0.06250 0.56251
FE 0.18746 0.18750 0.56248
FE 0.18747 0.06247 0.68754
FE 0.06251 0.18750 0.68751
FE 0.06250 0.06250 0.81239
FE 0.18749 0.18750 0.81247
FE 0.18834 0.06249 0.93666
FE 0.06249 0.18797 0.93707
FE 0.06251 0.31252 0.06249
FE 0.18753 0.43751 0.06251
FE 0.18751 0.31249 0.18751
FE 0.06251 0.43750 0.18754
FE 0.06252 0.31253 0.31252
FE 0.18751 0.43751 0.31250
FE 0.18741 0.31248 0.43741
FE 0.06249 0.43750 0.43749
FE 0.06254 0.31250 0.56251
FE 0.18747 0.43751 0.56248
FE 0.18740 0.31249 0.68751
FE 0.06252 0.43749 0.68748
FE 0.06253 0.31251 0.81246
FE 0.18751 0.43751 0.81248
FE 0.18744 0.31247 0.93759
FE 0.06294 0.43704 0.93752
FE 0.06334 0.56249 0.06334
FE 0.18753 0.68751 0.06251
FE 0.18759 0.56249 0.18759
FE 0.06252 0.68751 0.18753
FE 0.06250 0.56249 0.31246
FE 0.18751 0.68751 0.31250
FE 0.18750 0.56250 0.43750
FE 0.06251 0.68750 0.43749
FE 0.06250 0.56248 0.56253
FE 0.18750 0.68752 0.56250
FE 0.18758 0.56251 0.68742
FE 0.06253 0.68751 0.68748
FE 0.06334 0.56249 0.81166
FE 0.18754 0.68751 0.81247
FE 0.18760 0.56249 0.93751
FE 0.06293 0.68798 0.93752
FE 0.06250 0.81246 0.06250
FE 0.18794 0.93704 0.06251
FE 0.18751 0.81249 0.18751
FE 0.06259 0.93704 0.18786
FE 0.06254 0.81247 0.31249
FE 0.18749 0.93751 0.31254
FE 0.18750 0.81250 0.43750
FE 0.06260 0.93751 0.43749
FE 0.06254 0.81249 0.56252
FE 0.18746 0.93750 0.56249
FE 0.18751 0.81250 0.68751
FE 0.06260 0.93753 0.68760
FE 0.06250 0.81247 0.81247
FE 0.18751 0.93751 0.81244
FE 0.18753 0.81252 0.93750
FE 0.06249 0.93704 0.93707
FE 0.31259 0.06250 0.06249
FE 0.43750 0.18751 0.06249
FE 0.43748 0.06250 0.18750
FE 0.31253 0.18751 0.18753
FE 0.31258 0.06250 0.31259
FE 0.43751 0.18751 0.31251
FE 0.43751 0.06247 0.43747
FE 0.31248 0.18751 0.43746
FE 0.31249 0.06249 0.56249
FE 0.43751 0.18703 0.56206
FE 0.43750 0.06246 0.68752
FE 0.31206 0.18704 0.68751
FE 0.31258 0.06249 0.81240
FE 0.43750 0.18704 0.81292
FE 0.43748 0.06247 0.93753
FE 0.31250 0.18752 0.93752
FE 0.31252 0.31252 0.06247
FE 0.43750 0.43749 0.06248
FE 0.43750 0.31249 0.18751
FE 0.31250 0.43751 0.18751
FE 0.31250 0.31249 0.31252
FE 0.43751 0.43751 0.31250
FE 0.43751 0.31248 0.43740
FE 0.31247 0.43751 0.43747
FE 0.31165 0.31249 0.56165
FE 0.43751 0.43798 0.56206
RU 0.43750 0.31251 0.68751
FE 0.31205 0.43798 0.68750
FE 0.31165 0.31249 0.81333
FE 0.43751 0.43798 0.81293
FE 0.43750 0.31249 0.93761
FE 0.31247 0.43752 0.93754
FE 0.31246 0.56249 0.06248
FE 0.43750 0.68750 0.06248
FE 0.43751 0.56249 0.18751
FE 0.31250 0.68751 0.18752
FE 0.31248 0.56249 0.31249
FE 0.43751 0.68750 0.31250
FE 0.43751 0.56252 0.43748
FE 0.31249 0.68751 0.43750
FE 0.31248 0.56249 0.56250
FE 0.43751 0.68751 0.56251
FE 0.43751 0.56252 0.68751
FE 0.31250 0.68751 0.68750
FE 0.31246 0.56249 0.81250
FE 0.43751 0.68750 0.81248
FE 0.43751 0.56251 0.93753
FE 0.31249 0.68750 0.93751
FE 0.31251 0.81247 0.06250
FE 0.43751 0.93752 0.06250
FE 0.43750 0.81249 0.18750
FE 0.31253 0.93751 0.18752
FE 0.31249 0.81250 0.31250
FE 0.43753 0.93751 0.31251
FE 0.43751 0.81250 0.43750
FE 0.31249 0.93750 0.43749
FE 0.31249 0.81250 0.56250
FE 0.43753 0.93751 0.56250
FE 0.43751 0.81249 0.68751
FE 0.31251 0.93751 0.68751
FE 0.31250 0.81249 0.81248
FE 0.43751 0.93751 0.81247
FE 0.43750 0.81250 0.93750
FE 0.31252 0.93749 0.93750
FE 0.56249 0.06250 0.06250
FE 0.68751 0.18749 0.06250
FE 0.68752 0.06249 0.18746
FE 0.56249 0.18751 0.18750
FE 0.56246 0.06250 0.31248
FE 0.68751 0.18751 0.31250
FE 0.68708 0.06296 0.43749
FE 0.56249 0.18753 0.43747
FE 0.56246 0.06249 0.56251
FE 0.68754 0.18750 0.56248
FE 0.68752 0.06247 0.68756
FE 0.56293 0.18703 0.68751
FE 0.56249 0.06249 0.81249
FE 0.68754 0.18750 0.81250
FE 0.68754 0.06249 0.93751
FE 0.56253 0.18751 0.93755
FE 0.56249 0.31250 0.06247
FE 0.68748 0.43750 0.06251
FE 0.68751 0.31249 0.18750
FE 0.56250 0.43751 0.18751
FE 0.56248 0.31250 0.31252
FE 0.68751 0.43751 0.31250
FE 0.68761 0.31250 0.43741
FE 0.56252 0.43751 0.43747
FE 0.56333 0.31250 0.56166
FE 0.68754 0.43751 0.56248
FE 0.68761 0.31250 0.68751
FE 0.56294 0.43797 0.68750
FE 0.56334 0.31250 0.81333
FE 0.68751 0.43751 0.81249
FE 0.68758 0.31247 0.93760
FE 0.56252 0.43751 0.93754
FE 0.56253 0.56249 0.06248
FE 0.68748 0.68752 0.06252
FE 0.68741 0.56248 0.18759
FE 0.56250 0.68751 0.18751
FE 0.56250 0.56248 0.31249
FE 0.68750 0.68751 0.31249
FE 0.68752 0.56249 0.43750
FE 0.56248 0.68749 0.43750
FE 0.56250 0.56249 0.56251
FE 0.68751 0.68752 0.56250
FE 0.68743 0.56251 0.68742
FE 0.56249 0.68751 0.68751
FE 0.56253 0.56249 0.81250
FE 0.68748 0.68752 0.81247
FE 0.68740 0.56249 0.93751
FE 0.56251 0.68751 0.93751
FE 0.56250 0.81249 0.06250
FE 0.68752 0.93752 0.06253
FE 0.68749 0.81250 0.18747
FE 0.56241 0.93751 0.18741
FE 0.56246 0.81250 0.31247
FE 0.68667 0.93751 0.31166
FE 0.68707 0.81202 0.43750
FE 0.56240 0.93750 0.43749
FE 0.56246 0.81249 0.56252
FE 0.68667 0.93750 0.56334
FE 0.68748 0.81249 0.68754
FE 0.56240 0.93751 0.68760
FE 0.56249 0.81249 0.81249
FE 0.68752 0.93751 0.81246
FE 0.68749 0.81252 0.93750
FE 0.56251 0.93749 0.93752
FE 0.81239 0.06249 0.06250
FE 0.93707 0.18797 0.06249
FE 0.93668 0.06249 0.18831
FE 0.81245 0.18752 0.18751
FE 0.81240 0.06296 0.31215
FE 0.93749 0.18752 0.31252
FE 0.93795 0.06296 0.43748
FE 0.81248 0.18753 0.43750
FE 0.81249 0.06297 0.56293
FE 0.93751 0.18752 0.56251
FE 0.93753 0.06249 0.68758
FE 0.81247 0.18753 0.68752
FE 0.81240 0.06249 0.81240
FE 0.93749 0.18750 0.81246
FE 0.93666 0.06250 0.93666
FE 0.81246 0.18751 0.93749
FE 0.81246 0.31250 0.06250
FE 0.93752 0.43704 0.06293
FE 0.93751 0.31248 0.18752
FE 0.81246 0.43751 0.18755
FE 0.81248 0.31250 0.31251
FE 0.93750 0.43751 0.31250
FE 0.93749 0.31249 0.43750
FE 0.81249 0.43751 0.43750
FE 0.81246 0.31250 0.56250
FE 0.93750 0.43751 0.56251
FE 0.93751 0.31247 0.68750
FE 0.81246 0.43750 0.68747
FE 0.81246 0.31248 0.81247
FE 0.93750 0.43705 0.81204
FE 0.93750 0.31247 0.93750
FE 0.81204 0.43705 0.93751
FE 0.81165 0.56250 0.06334
FE 0.93752 0.68798 0.06293
FE 0.93751 0.56249 0.18760
FE 0.81246 0.68748 0.18753
FE 0.81250 0.56250 0.31247
FE 0.93751 0.68749 0.31249
FE 0.93750 0.56249 0.43751
FE 0.81249 0.68748 0.43750
FE 0.81249 0.56249 0.56251
FE 0.93751 0.68750 0.56251
FE 0.93751 0.56248 0.68741
FE 0.81246 0.68748 0.68749
FE 0.81165 0.56250 0.81164
FE 0.93750 0.68798 0.81204
RU 0.93751 0.56249 0.93751
FE 0.81205 0.68797 0.93750
FE 0.81247 0.81248 0.06251
FE 0.93706 0.93704 0.06252
FE 0.93752 0.81251 0.18749
FE 0.81245 0.93751 0.18743
FE 0.81249 0.81202 0.31206
FE 0.93833 0.93750 0.31168
FE 0.93794 0.81203 0.43750
RU 0.81249 0.93750 0.43749
FE 0.81249 0.81202 0.56293
FE 0.93835 0.93750 0.56335
FE 0.93752 0.81252 0.68753
FE 0.81248 0.93752 0.68761
FE 0.81249 0.81250 0.81248
FE 0.93748 0.93751 0.81244
FE 0.93750 0.81252 0.93750
FE 0.81246 0.93751 0.93749
