256
Lattice="13.6983 -0.0 -0.0 -0.0 14.465952732000002 -0.000136983 -0.0 -0.000136983 13.698026034"
RU 0.06262 0.06257 0.06231
FE 0.18874 0.18883 0.06264
FE 0.19038 0.06251 0.19013
FE 0.06251 0.18889 0.18882
FE 0.06285 0.06263 0.31263
FE 0.18772 0.18767 0.31268
FE 0.18753 0.06248 0.43741
FE 0.06262 0.18780 0.43738
FE 0.06279 0.06260 0.56268
FE 0.18723 0.18741 0.56224
FE 0.18743 0.06224 0.68771
FE 0.06254 0.18749 0.68748
FE 0.06253 0.06249 0.81226
FE 0.18748 0.18747 0.81233
FE 0.19023 0.06244 0.93473
FE 0.06233 0.18893 0.93634
FE 0.06236 0.31259 0.06284
FE 0.18776 0.43741 0.06288
FE 0.18768 0.31262 0.18769
FE 0.06273 0.43736 0.18788
FE 0.06234 0.31280 0.31257
FE 0.18756 0.43760 0.31255
FE 0.18655 0.31255 0.43654
FE 0.06234 0.43760 0.43740
FE 0.06266 0.31251 0.56238
FE 0.18729 0.43764 0.56208
FE 0.18722 0.31250 0.68741
FE 0.06275 0.43743 0.68713
FE 0.06267 0.31261 0.81210
FE 0.18755 0.43760 0.81240
FE 0.18691 0.31234 0.93845
FE 0.06364 0.43611 0.93766
FE 0.06532 0.56248 0.06530
FE 0.18789 0.68770 0.06273
FE 0.18855 0.56247 0.18855
FE 0.06278 0.68766 0.18784
FE 0.06259 0.56242 0.31240
FE 0.18775 0.68747 0.31266
FE 0.18753 0.56249 0.43748
FE 0.06277 0.68723 0.43753
FE 0.06253 0.56245 0.56252
FE 0.18765 0.68761 0.56234
FE 0.18828 0.56278 0.68645
FE 0.06277 0.68765 0.68717
FE 0.06523 0.56252 0.80979
FE 0.18785 0.68768 0.81217
FE 0.18787 0.56252 0.93758
FE 0.06379 0.68895 0.93753
FE 0.06274 0.81230 0.06245
FE 0.18908 0.93612 0.06228
FE 0.18784 0.81228 0.18756
FE 0.06362 0.93607 0.18782
FE 0.06288 0.81208 0.31259
FE 0.18772 0.93736 0.31282
FE 0.18757 0.81239 0.43758
FE 0.06286 0.93747 0.43752
FE 0.06288 0.81235 0.56265
FE 0.18740 0.93745 0.56249
FE 0.18775 0.81240 0.68753
FE 0.06353 0.93752 0.68847
FE 0.06273 0.81229 0.81220
FE 0.18804 0.93735 0.81234
FE 0.18795 0.81259 0.93741
FE 0.06251 0.93602 0.93622
FE 0.31285 0.06243 0.06254
FE 0.43752 0.18754 0.06247
FE 0.43731 0.06253 0.18743
FE 0.31286 0.18768 0.18776
FE 0.31349 0.06245 0.31345
FE 0.43760 0.18760 0.31257
FE 0.43777 0.06223 0.43748
FE 0.31236 0.18743 0.43729
FE 0.31238 0.06232 0.56235
FE 0.43746 0.18611 0.56125
FE 0.43763 0.06225 0.68739
FE 0.31137 0.18610 0.68737
FE 0.31342 0.06230 0.81157
FE 0.43767 0.18612 0.81365
FE 0.43745 0.06219 0.93778
FE 0.31262 0.18753 0.93765
FE 0.31281 0.31272 0.06245
FE 0.43754 0.43758 0.06248
FE 0.43758 0.31252 0.18757
FE 0.31270 0.43756 0.18767
FE 0.31249 0.31251 0.31259
FE 0.43752 0.43758 0.31249
FE 0.43751 0.31250 0.43713
FE 0.31225 0.43770 0.43716
FE 0.30977 0.31247 0.55974
FE 0.43753 0.43894 0.56120
RU 0.43750 0.31253 0.68748
FE 0.31138 0.43890 0.68740
FE 0.30987 0.31245 0.81521
FE 0.43754 0.43895 0.81376
FE 0.43760 0.31251 0.93790
FE 0.31231 0.43773 0.93788
FE 0.31239 0.56253 0.06259
FE 0.43753 0.68753 0.06249
FE 0.43753 0.56247 0.18755
FE 0.31271 0.68750 0.18766
FE 0.31272 0.56252 0.31268
FE 0.43746 0.68749 0.31245
FE 0.43750 0.56275 0.43722
FE 0.31248 0.68759 0.43745
FE 0.31262 0.56264 0.56209
FE 0.43745 0.68748 0.56250
FE 0.43751 0.56275 0.68749
FE 0.31264 0.68755 0.68739
FE 0.31231 0.56266 0.81254
FE 0.43753 0.68751 0.81246
FE 0.43754 0.56278 0.93781
FE 0.31254 0.68755 0.93758
FE 0.31285 0.81222 0.06250
FE 0.43727 0.93746 0.06223
FE 0.43745 0.81238 0.18744
FE 0.31287 0.93736 0.18775
FE 0.31253 0.81244 0.31251
FE 0.43773 0.93744 0.31255
FE 0.43752 0.81243 0.43752
FE 0.31259 0.93738 0.43759
FE 0.31251 0.81246 0.56248
FE 0.43760 0.93752 0.56252
FE 0.43738 0.81242 0.68763
FE 0.31263 0.93748 0.68739
FE 0.31261 0.81248 0.81240
FE 0.43741 0.93747 0.81260
FE 0.43758 0.81242 0.93749
FE 0.31286 0.93730 0.93734
FE 0.56236 0.06249 0.06240
FE 0.68754 0.18749 0.06257
FE 0.68733 0.06263 0.18719
FE 0.56242 0.18755 0.18749
FE 0.56213 0.06260 0.31218
FE 0.68736 0.18769 0.31235
FE 0.68604 0.06392 0.43769
FE 0.56243 0.18767 0.43716
FE 0.56222 0.06247 0.56260
FE 0.68775 0.18753 0.56233
FE 0.68729 0.06235 0.68764
FE 0.56372 0.18608 0.68755
FE 0.56245 0.06236 0.81272
FE 0.68764 0.18739 0.81265
FE 0.68761 0.06245 0.93752
FE 0.56269 0.18736 0.93790
FE 0.56244 0.31244 0.06244
FE 0.68725 0.43743 0.06287
FE 0.68741 0.31256 0.18752
FE 0.56232 0.43749 0.18764
FE 0.56243 0.31256 0.31254
FE 0.68751 0.43754 0.31249
FE 0.68853 0.31248 0.43649
FE 0.56271 0.43768 0.43714
FE 0.56522 0.31257 0.55975
FE 0.68778 0.43764 0.56206
FE 0.68786 0.31252 0.68755
FE 0.56362 0.43888 0.68739
FE 0.56521 0.31245 0.81525
FE 0.68751 0.43754 0.81248
FE 0.68820 0.31221 0.93854
FE 0.56272 0.43766 0.93791
FE 0.56256 0.56252 0.06258
FE 0.68709 0.68763 0.06267
FE 0.68646 0.56242 0.18848
FE 0.56227 0.68755 0.18761
FE 0.56218 0.56245 0.31264
FE 0.68725 0.68741 0.31250
FE 0.68754 0.56252 0.43747
FE 0.56218 0.68732 0.43744
FE 0.56227 0.56257 0.56212
FE 0.68734 0.68749 0.56243
FE 0.68676 0.56272 0.68654
FE 0.56227 0.68755 0.68743
FE 0.56266 0.56264 0.81256
FE 0.68718 0.68770 0.81231
FE 0.68716 0.56252 0.93757
FE 0.56247 0.68763 0.93760
FE 0.56227 0.81246 0.06237
FE 0.68740 0.93754 0.06257
FE 0.68715 0.81230 0.18722
FE 0.56143 0.93752 0.18649
FE 0.56209 0.81230 0.31223
FE 0.68454 0.93748 0.30987
FE 0.68620 0.81105 0.43751
FE 0.56210 0.93744 0.43746
FE 0.56208 0.81230 0.56273
FE 0.68475 0.93744 0.56529
FE 0.68722 0.81233 0.68785
FE 0.56142 0.93755 0.68854
FE 0.56226 0.81245 0.81256
FE 0.68733 0.93747 0.81228
FE 0.68716 0.81271 0.93750
FE 0.56245 0.93746 0.93760
FE 0.81209 0.06250 0.06246
FE 0.93625 0.18898 0.06241
FE 0.93495 0.06265 0.18984
FE 0.81209 0.18790 0.18756
FE 0.81137 0.06401 0.31227
FE 0.93739 0.18783 0.31273
FE 0.93874 0.06394 0.43744
FE 0.81249 0.18781 0.43754
FE 0.81252 0.06392 0.56374
FE 0.93765 0.18768 0.56258
FE 0.93774 0.06264 0.68795
FE 0.81232 0.18776 0.68760
FE 0.81151 0.06247 0.81148
FE 0.93730 0.18774 0.81218
FE 0.93470 0.06248 0.93472
FE 0.81225 0.18765 0.93740
FE 0.81231 0.31262 0.06284
FE 0.93752 0.43605 0.06377
FE 0.93742 0.31242 0.18787
FE 0.81216 0.43744 0.18791
FE 0.81265 0.31246 0.31235
FE 0.93750 0.43756 0.31255
FE 0.93748 0.31252 0.43756
FE 0.81261 0.43758 0.43739
FE 0.81236 0.31244 0.56235
FE 0.93752 0.43750 0.56246
FE 0.93751 0.31230 0.68722
FE 0.81222 0.43742 0.68714
FE 0.81225 0.31236 0.81236
FE 0.93750 0.43615 0.81115
FE 0.93739 0.31237 0.93743
FE 0.81128 0.43619 0.93764
FE 0.80974 0.56246 0.06529
FE 0.93756 0.68889 0.06370
FE 0.93756 0.56242 0.18784
FE 0.81214 0.68732 0.18763
FE 0.81243 0.56250 0.31243
FE 0.93763 0.68732 0.31244
FE 0.93751 0.56250 0.43751
FE 0.81247 0.68726 0.43752
FE 0.81250 0.56253 0.56250
FE 0.93765 0.68740 0.56260
FE 0.93754 0.56241 0.68719
FE 0.81223 0.68741 0.68743
FE 0.80982 0.56250 0.80980
FE 0.93755 0.68881 0.81119
RU 0.93752 0.56252 0.93754
FE 0.81114 0.68888 0.93753
FE 0.81205 0.81231 0.06260
FE 0.93626 0.93606 0.06254
FE 0.93766 0.81243 0.18758
FE 0.81207 0.93744 0.18746
FE 0.81238 0.81107 0.31133
FE 0.94000 0.93738 0.31018
FE 0.93876 0.81101 0.43760
RU 0.81236 0.93741 0.43767
FE 0.81243 0.81107 0.56372
FE 0.94024 0.93753 0.56528
FE 0.93775 0.81255 0.68753
FE 0.81233 0.93752 0.68770
FE 0.81232 0.81255 0.81232
FE 0.93731 0.93735 0.81204
FE 0.93740 0.81256 0.93741
FE 0.81212 0.93734 0.93727
