256
Lattice="13.70452 -0.0 -0.00013704520000000001 -0.0 14.469917442 -0.00013704520000000001 -0.00013704520000000001 -0.00013704520000000001 13.7039718192"
RU 0.06264 0.06263 0.06222
FE 0.18869 0.18878 0.06267
FE 0.19030 0.06260 0.19002
FE 0.06251 0.18884 0.18879
FE 0.06291 0.06268 0.31259
FE 0.18773 0.18774 0.31268
FE 0.18744 0.06256 0.43745
FE 0.06263 0.18785 0.43735
FE 0.06283 0.06266 0.56276
FE 0.18720 0.18742 0.56222
FE 0.18745 0.06225 0.68775
FE 0.06256 0.18750 0.68748
FE 0.06255 0.06252 0.81232
FE 0.18749 0.18747 0.81232
FE 0.19023 0.06246 0.93473
FE 0.06231 0.18889 0.93640
FE 0.06230 0.31260 0.06294
FE 0.18777 0.43738 0.06296
FE 0.18769 0.31264 0.18772
FE 0.06277 0.43733 0.18794
FE 0.06227 0.31284 0.31255
FE 0.18754 0.43758 0.31256
FE 0.18641 0.31258 0.43642
FE 0.06231 0.43762 0.43738
FE 0.06268 0.31252 0.56236
FE 0.18727 0.43764 0.56200
FE 0.18724 0.31251 0.68737
FE 0.06280 0.43743 0.68707
FE 0.06269 0.31262 0.81205
FE 0.18756 0.43762 0.81239
FE 0.18683 0.31233 0.93859
FE 0.06357 0.43616 0.93769
FE 0.06532 0.56245 0.06527
FE 0.18777 0.68764 0.06260
FE 0.18860 0.56240 0.18866
FE 0.06285 0.68765 0.18788
FE 0.06262 0.56239 0.31240
FE 0.18780 0.68740 0.31270
FE 0.18745 0.56242 0.43752
FE 0.06282 0.68716 0.43755
FE 0.06253 0.56242 0.56254
FE 0.18751 0.68754 0.56248
FE 0.18838 0.56280 0.68630
FE 0.06282 0.68763 0.68715
FE 0.06522 0.56251 0.80982
FE 0.18788 0.68768 0.81212
FE 0.18786 0.56251 0.93759
FE 0.06378 0.68886 0.93750
FE 0.06281 0.81228 0.06238
FE 0.18893 0.93626 0.06202
FE 0.18797 0.81223 0.18750
FE 0.06380 0.93612 0.18764
FE 0.06296 0.81203 0.31262
FE 0.18776 0.93739 0.31286
FE 0.18765 0.81238 0.43767
FE 0.06287 0.93749 0.43755
FE 0.06295 0.81234 0.56272
FE 0.18721 0.93751 0.56267
FE 0.18748 0.81238 0.68788
FE 0.06370 0.93753 0.68866
FE 0.06278 0.81225 0.81218
FE 0.18815 0.93735 0.81238
FE 0.18768 0.81258 0.93704
FE 0.06253 0.93607 0.93621
FE 0.31279 0.06249 0.06247
FE 0.43750 0.18764 0.06238
FE 0.43712 0.06277 0.18726
FE 0.31282 0.18782 0.18777
FE 0.31329 0.06280 0.31359
FE 0.43762 0.18763 0.31259
FE 0.43769 0.06243 0.43767
FE 0.31226 0.18753 0.43731
FE 0.31231 0.06235 0.56240
FE 0.43741 0.18628 0.56139
FE 0.43763 0.06231 0.68744
FE 0.31143 0.18619 0.68735
FE 0.31352 0.06232 0.81146
FE 0.43772 0.18619 0.81360
FE 0.43739 0.06224 0.93770
FE 0.31264 0.18753 0.93764
FE 0.31285 0.31275 0.06246
FE 0.43753 0.43751 0.06240
FE 0.43761 0.31254 0.18760
FE 0.31266 0.43747 0.18769
FE 0.31249 0.31253 0.31261
FE 0.43751 0.43758 0.31251
FE 0.43751 0.31253 0.43712
FE 0.31214 0.43763 0.43714
FE 0.30979 0.31249 0.55977
FE 0.43750 0.43879 0.56131
RU 0.43750 0.31253 0.68750
FE 0.31145 0.43882 0.68737
FE 0.30992 0.31245 0.81519
FE 0.43755 0.43890 0.81374
FE 0.43762 0.31253 0.93788
FE 0.31227 0.43775 0.93792
FE 0.31233 0.56249 0.06257
FE 0.43723 0.68731 0.06206
FE 0.43737 0.56225 0.18740
FE 0.31233 0.68727 0.18738
FE 0.31245 0.56219 0.31275
FE 0.43609 0.68597 0.31244
FE 0.43734 0.56257 0.43734
FE 0.31205 0.68740 0.43776
FE 0.31262 0.56261 0.56205
FE 0.43712 0.68727 0.56292
FE 0.43746 0.56270 0.68759
FE 0.31251 0.68747 0.68756
FE 0.31227 0.56266 0.81254
FE 0.43751 0.68748 0.81247
FE 0.43749 0.56275 0.93775
FE 0.31238 0.68747 0.93738
FE 0.31170 0.81215 0.06127
FE 0.43691 0.93763 0.06175
FE 0.43458 0.81235 0.18455
FE 0.31249 0.93754 0.18748
FE 0.31213 0.81240 0.31251
FE 0.43647 0.93880 0.31256
FE 0.43466 0.81242 0.44027
FE 0.31218 0.93756 0.43793
FE 0.31134 0.81245 0.56369
FE 0.43730 0.93769 0.56298
FE 0.43729 0.81240 0.68760
FE 0.31249 0.93755 0.68756
FE 0.31260 0.81247 0.81239
FE 0.43735 0.93748 0.81266
FE 0.43752 0.81240 0.93753
FE 0.31275 0.93735 0.93711
FE 0.56232 0.06283 0.06204
FE 0.68757 0.18758 0.06250
FE 0.68743 0.06288 0.18700
FE 0.56240 0.18757 0.18747
FE 0.56209 0.06293 0.31213
FE 0.68733 0.18774 0.31233
FE 0.68614 0.06408 0.43790
FE 0.56242 0.18770 0.43712
FE 0.56219 0.06281 0.56297
FE 0.68779 0.18764 0.56240
FE 0.68724 0.06242 0.68770
FE 0.56367 0.18619 0.68759
FE 0.56243 0.06236 0.81277
FE 0.68762 0.18740 0.81268
FE 0.68765 0.06252 0.93742
FE 0.56271 0.18738 0.93792
FE 0.56242 0.31244 0.06245
FE 0.68724 0.43735 0.06286
FE 0.68737 0.31259 0.18755
FE 0.56227 0.43748 0.18767
FE 0.56242 0.31259 0.31255
FE 0.68751 0.43755 0.31249
FE 0.68864 0.31248 0.43633
FE 0.56273 0.43770 0.43709
FE 0.56520 0.31259 0.55977
FE 0.68782 0.43756 0.56207
FE 0.68785 0.31253 0.68756
FE 0.56354 0.43878 0.68740
FE 0.56518 0.31245 0.81523
FE 0.68750 0.43754 0.81248
FE 0.68829 0.31220 0.93867
FE 0.56276 0.43764 0.93793
FE 0.56256 0.56218 0.06227
FE 0.68731 0.68743 0.06225
FE 0.68645 0.56220 0.18848
FE 0.56220 0.68607 0.18631
FE 0.56209 0.56213 0.31270
FE 0.68844 0.68593 0.31253
FE 0.68769 0.56232 0.43761
FE 0.56218 0.68592 0.43867
FE 0.56219 0.56225 0.56236
FE 0.68758 0.68728 0.56285
FE 0.68668 0.56267 0.68650
FE 0.56222 0.68749 0.68743
FE 0.56267 0.56266 0.81258
FE 0.68713 0.68770 0.81230
FE 0.68721 0.56245 0.93748
FE 0.56245 0.68757 0.93760
FE 0.56220 0.81245 0.06194
FE 0.68768 0.93775 0.06211
FE 0.68981 0.81225 0.18441
FE 0.56136 0.93886 0.18518
RU 0.56196 0.81223 0.31219
FE 0.68581 0.93900 0.30983
FE 0.68895 0.81094 0.44031
FE 0.56203 0.93884 0.43872
FE 0.56201 0.81229 0.56318
FE 0.68498 0.93761 0.56568
FE 0.68720 0.81230 0.68785
FE 0.56126 0.93760 0.68868
FE 0.56219 0.81243 0.81258
FE 0.68728 0.93747 0.81225
FE 0.68714 0.81272 0.93754
FE 0.56241 0.93752 0.93759
FE 0.81214 0.06257 0.06238
FE 0.93631 0.18897 0.06240
FE 0.93508 0.06277 0.18972
FE 0.81214 0.18804 0.18755
FE 0.81150 0.06429 0.31245
FE 0.93739 0.18790 0.31275
FE 0.93885 0.06405 0.43750
FE 0.81259 0.18794 0.43757
FE 0.81260 0.06396 0.56380
FE 0.93769 0.18773 0.56260
FE 0.93779 0.06270 0.68801
FE 0.81229 0.18783 0.68761
FE 0.81142 0.06249 0.81134
FE 0.93728 0.18779 0.81215
FE 0.93470 0.06250 0.93471
FE 0.81225 0.18769 0.93738
FE 0.81236 0.31265 0.06292
FE 0.93754 0.43608 0.06375
FE 0.93743 0.31244 0.18791
FE 0.81221 0.43735 0.18795
FE 0.81272 0.31247 0.31229
FE 0.93753 0.43754 0.31255
FE 0.93751 0.31254 0.43758
FE 0.81275 0.43751 0.43739
FE 0.81237 0.31244 0.56234
FE 0.93754 0.43748 0.56246
FE 0.93751 0.31231 0.68717
FE 0.81220 0.43739 0.68710
FE 0.81223 0.31237 0.81235
FE 0.93751 0.43620 0.81118
FE 0.93738 0.31238 0.93741
FE 0.81135 0.43625 0.93767
FE 0.80984 0.56238 0.06520
FE 0.93779 0.68875 0.06347
FE 0.93767 0.56233 0.18779
FE 0.81253 0.68710 0.18734
FE 0.81275 0.56217 0.31243
FE 0.93767 0.68722 0.31245
FE 0.93762 0.56244 0.43755
FE 0.81290 0.68702 0.43782
FE 0.81258 0.56249 0.56255
FE 0.93787 0.68729 0.56279
FE 0.93757 0.56237 0.68720
FE 0.81238 0.68732 0.68761
FE 0.80990 0.56248 0.80984
FE 0.93760 0.68871 0.81124
RU 0.93755 0.56249 0.93755
FE 0.81134 0.68873 0.93731
FE 0.81319 0.81228 0.06140
FE 0.93651 0.93618 0.06235
FE 0.93764 0.81241 0.18752
FE 0.81245 0.93761 0.18721
FE 0.81280 0.81106 0.31138
FE 0.93998 0.93741 0.31024
FE 0.93868 0.81103 0.43769
RU 0.81284 0.93766 0.43806
FE 0.81351 0.81115 0.56476
FE 0.94046 0.93761 0.56551
FE 0.93812 0.81254 0.68784
FE 0.81247 0.93757 0.68784
FE 0.81233 0.81256 0.81228
FE 0.93732 0.93733 0.81199
FE 0.93773 0.81255 0.93704
FE 0.81224 0.93738 0.93703
