256
Lattice="13.7068 0.0 -0.000137068 0.0 14.472598916 -0.0 -0.000137068 -0.0 13.706388796"
RU 0.06262 0.06259 0.06229
FE 0.18872 0.18883 0.06263
FE 0.19028 0.06257 0.19007
FE 0.06251 0.18888 0.18881
FE 0.06285 0.06264 0.31263
FE 0.18770 0.18769 0.31268
FE 0.18746 0.06254 0.43745
FE 0.06263 0.18781 0.43738
FE 0.06279 0.06262 0.56271
FE 0.18722 0.18742 0.56226
FE 0.18743 0.06226 0.68771
FE 0.06254 0.18749 0.68748
FE 0.06253 0.06251 0.81227
FE 0.18748 0.18747 0.81233
FE 0.19021 0.06246 0.93475
FE 0.06234 0.18891 0.93636
FE 0.06236 0.31259 0.06283
FE 0.18775 0.43740 0.06287
FE 0.18766 0.31262 0.18768
FE 0.06273 0.43735 0.18788
FE 0.06234 0.31280 0.31257
FE 0.18754 0.43758 0.31255
FE 0.18654 0.31255 0.43656
FE 0.06235 0.43759 0.43740
FE 0.06266 0.31251 0.56240
FE 0.18729 0.43763 0.56209
FE 0.18721 0.31250 0.68741
FE 0.06274 0.43743 0.68714
FE 0.06267 0.31261 0.81211
FE 0.18755 0.43761 0.81240
FE 0.18692 0.31234 0.93844
FE 0.06363 0.43613 0.93766
FE 0.06529 0.56247 0.06526
FE 0.18774 0.68764 0.06260
FE 0.18847 0.56242 0.18851
FE 0.06278 0.68765 0.18783
FE 0.06259 0.56241 0.31240
FE 0.18774 0.68743 0.31266
FE 0.18746 0.56245 0.43752
FE 0.06277 0.68722 0.43754
FE 0.06253 0.56244 0.56254
FE 0.18750 0.68755 0.56248
FE 0.18826 0.56276 0.68647
FE 0.06276 0.68764 0.68719
FE 0.06521 0.56250 0.80981
FE 0.18783 0.68767 0.81217
FE 0.18787 0.56250 0.93758
FE 0.06377 0.68892 0.93752
FE 0.06274 0.81230 0.06242
FE 0.18891 0.93621 0.06214
FE 0.18789 0.81228 0.18752
FE 0.06361 0.93610 0.18781
FE 0.06288 0.81208 0.31259
FE 0.18771 0.93741 0.31282
FE 0.18763 0.81240 0.43762
FE 0.06286 0.93749 0.43753
FE 0.06288 0.81236 0.56269
FE 0.18725 0.93751 0.56262
FE 0.18750 0.81240 0.68779
FE 0.06353 0.93753 0.68849
FE 0.06272 0.81229 0.81221
FE 0.18802 0.93737 0.81235
FE 0.18769 0.81259 0.93715
FE 0.06251 0.93605 0.93622
FE 0.31281 0.06248 0.06249
FE 0.43750 0.18761 0.06239
FE 0.43719 0.06271 0.18731
FE 0.31277 0.18776 0.18774
FE 0.31318 0.06276 0.31345
FE 0.43761 0.18759 0.31257
FE 0.43763 0.06242 0.43760
FE 0.31228 0.18751 0.43731
FE 0.31233 0.06236 0.56240
FE 0.43743 0.18621 0.56135
FE 0.43760 0.06230 0.68747
FE 0.31137 0.18614 0.68739
FE 0.31338 0.06232 0.81158
FE 0.43768 0.18614 0.81364
FE 0.43742 0.06225 0.93770
FE 0.31261 0.18754 0.93764
FE 0.31279 0.31272 0.06244
FE 0.43752 0.43751 0.06240
FE 0.43759 0.31252 0.18758
FE 0.31262 0.43748 0.18765
FE 0.31248 0.31251 0.31260
FE 0.43752 0.43758 0.31249
FE 0.43752 0.31250 0.43712
FE 0.31217 0.43762 0.43718
FE 0.30978 0.31247 0.55977
FE 0.43750 0.43885 0.56130
RU 0.43749 0.31253 0.68750
FE 0.31138 0.43887 0.68741
FE 0.30988 0.31245 0.81519
FE 0.43754 0.43893 0.81375
FE 0.43760 0.31251 0.93789
FE 0.31230 0.43771 0.93787
FE 0.31235 0.56249 0.06254
FE 0.43728 0.68736 0.06211
FE 0.43740 0.56229 0.18742
FE 0.31233 0.68732 0.18740
FE 0.31241 0.56222 0.31268
FE 0.43612 0.68597 0.31244
FE 0.43738 0.56258 0.43736
FE 0.31210 0.68742 0.43771
FE 0.31257 0.56260 0.56215
FE 0.43720 0.68732 0.56287
FE 0.43748 0.56270 0.68757
FE 0.31251 0.68750 0.68754
FE 0.31229 0.56264 0.81255
FE 0.43752 0.68749 0.81246
FE 0.43750 0.56273 0.93774
FE 0.31241 0.68749 0.93743
FE 0.31180 0.81220 0.06145
FE 0.43704 0.93763 0.06188
FE 0.43462 0.81239 0.18459
FE 0.31249 0.93753 0.18750
FE 0.31212 0.81242 0.31250
FE 0.43643 0.93886 0.31256
FE 0.43470 0.81244 0.44025
FE 0.31221 0.93756 0.43784
FE 0.31149 0.81246 0.56352
FE 0.43734 0.93768 0.56291
FE 0.43735 0.81242 0.68757
FE 0.31249 0.93755 0.68755
FE 0.31257 0.81248 0.81240
FE 0.43741 0.93749 0.81260
FE 0.43754 0.81243 0.93755
FE 0.31272 0.93736 0.93720
FE 0.56236 0.06278 0.06211
FE 0.68756 0.18757 0.06249
FE 0.68746 0.06281 0.18707
FE 0.56242 0.18755 0.18749
FE 0.56214 0.06287 0.31219
FE 0.68736 0.18769 0.31235
FE 0.68617 0.06408 0.43781
FE 0.56243 0.18766 0.43716
FE 0.56223 0.06276 0.56290
FE 0.68777 0.18760 0.56241
FE 0.68733 0.06241 0.68771
FE 0.56371 0.18613 0.68758
FE 0.56245 0.06237 0.81272
FE 0.68764 0.18740 0.81265
FE 0.68765 0.06251 0.93745
FE 0.56269 0.18739 0.93788
FE 0.56244 0.31245 0.06243
FE 0.68727 0.43736 0.06278
FE 0.68741 0.31257 0.18753
FE 0.56232 0.43749 0.18764
FE 0.56243 0.31256 0.31255
FE 0.68751 0.43754 0.31249
FE 0.68851 0.31248 0.43649
FE 0.56271 0.43769 0.43714
FE 0.56519 0.31257 0.55978
FE 0.68780 0.43756 0.56215
FE 0.68786 0.31252 0.68756
FE 0.56361 0.43884 0.68742
FE 0.56519 0.31245 0.81522
FE 0.68750 0.43754 0.81248
FE 0.68820 0.31222 0.93852
FE 0.56272 0.43763 0.93788
FE 0.56256 0.56222 0.06228
FE 0.68735 0.68747 0.06229
FE 0.68659 0.56224 0.18836
FE 0.56227 0.68607 0.18628
FE 0.56218 0.56217 0.31264
FE 0.68853 0.68594 0.31250
FE 0.68767 0.56234 0.43760
FE 0.56224 0.68592 0.43870
FE 0.56227 0.56228 0.56242
FE 0.68759 0.68732 0.56281
FE 0.68680 0.56266 0.68662
FE 0.56228 0.68750 0.68744
FE 0.56266 0.56263 0.81257
FE 0.68719 0.68769 0.81231
FE 0.68720 0.56246 0.93749
FE 0.56247 0.68758 0.93760
FE 0.56227 0.81246 0.06198
FE 0.68766 0.93772 0.06218
FE 0.68989 0.81230 0.18446
FE 0.56152 0.93890 0.18531
RU 0.56202 0.81227 0.31222
FE 0.68589 0.93900 0.30982
FE 0.68895 0.81095 0.44029
FE 0.56204 0.93890 0.43874
FE 0.56209 0.81232 0.56313
FE 0.68499 0.93760 0.56561
FE 0.68726 0.81233 0.68780
FE 0.56143 0.93759 0.68853
FE 0.56227 0.81245 0.81256
FE 0.68734 0.93748 0.81228
FE 0.68720 0.81270 0.93756
FE 0.56244 0.93751 0.93759
FE 0.81213 0.06255 0.06241
FE 0.93628 0.18898 0.06240
FE 0.93504 0.06270 0.18979
FE 0.81217 0.18797 0.18754
FE 0.81163 0.06425 0.31227
FE 0.93740 0.18784 0.31272
FE 0.93885 0.06404 0.43748
FE 0.81257 0.18788 0.43756
FE 0.81257 0.06396 0.56380
FE 0.93766 0.18770 0.56259
FE 0.93775 0.06266 0.68796
FE 0.81233 0.18778 0.68761
FE 0.81154 0.06248 0.81149
FE 0.93731 0.18774 0.81218
FE 0.93472 0.06250 0.93473
FE 0.81226 0.18766 0.93739
FE 0.81233 0.31262 0.06283
FE 0.93753 0.43606 0.06375
FE 0.93744 0.31243 0.18786
FE 0.81224 0.43737 0.18789
FE 0.81266 0.31246 0.31235
FE 0.93752 0.43754 0.31255
FE 0.93750 0.31251 0.43757
FE 0.81269 0.43751 0.43742
FE 0.81238 0.31244 0.56237
FE 0.93753 0.43749 0.56247
FE 0.93752 0.31231 0.68723
FE 0.81223 0.43741 0.68716
FE 0.81226 0.31236 0.81236
FE 0.93751 0.43617 0.81117
FE 0.93740 0.31237 0.93743
FE 0.81130 0.43620 0.93763
FE 0.80982 0.56242 0.06521
FE 0.93772 0.68882 0.06355
FE 0.93763 0.56237 0.18781
FE 0.81253 0.68716 0.18737
FE 0.81272 0.56221 0.31243
FE 0.93764 0.68727 0.31245
FE 0.93758 0.56245 0.43754
FE 0.81284 0.68710 0.43777
FE 0.81255 0.56249 0.56255
FE 0.93780 0.68734 0.56274
FE 0.93755 0.56239 0.68719
FE 0.81237 0.68735 0.68758
FE 0.80987 0.56249 0.80982
FE 0.93757 0.68879 0.81121
RU 0.93753 0.56250 0.93753
FE 0.81129 0.68880 0.93736
FE 0.81309 0.81230 0.06155
FE 0.93642 0.93614 0.06240
FE 0.93760 0.81243 0.18753
FE 0.81245 0.93759 0.18720
FE 0.81282 0.81104 0.31131
FE 0.94000 0.93742 0.31018
FE 0.93869 0.81102 0.43764
RU 0.81284 0.93765 0.43796
FE 0.81338 0.81111 0.56464
FE 0.94040 0.93758 0.56546
FE 0.93799 0.81255 0.68777
FE 0.81246 0.93758 0.68784
FE 0.81235 0.81255 0.81232
FE 0.93733 0.93736 0.81205
FE 0.93765 0.81257 0.93716
FE 0.81226 0.93740 0.93713
