256
Lattice="13.69614 -0.0 -0.0 -0.0 14.4639456084 -0.0001369614 -0.0 -0.0001369614 13.6960030386"
RU 0.06265 0.06258 0.06226
FE 0.18871 0.18877 0.06269
FE 0.19044 0.06251 0.19010
FE 0.06251 0.18885 0.18879
FE 0.06291 0.06266 0.31258
FE 0.18777 0.18770 0.31268
FE 0.18754 0.06248 0.43740
FE 0.06262 0.18783 0.43735
FE 0.06283 0.06261 0.56271
FE 0.18721 0.18740 0.56220
FE 0.18746 0.06222 0.68773
FE 0.06256 0.18749 0.68747
FE 0.06255 0.06249 0.81231
FE 0.18750 0.18746 0.81231
FE 0.19026 0.06243 0.93472
FE 0.06230 0.18890 0.93639
FE 0.06230 0.31260 0.06296
FE 0.18779 0.43739 0.06298
FE 0.18771 0.31264 0.18773
FE 0.06277 0.43734 0.18794
FE 0.06227 0.31285 0.31255
FE 0.18758 0.43762 0.31256
FE 0.18642 0.31258 0.43639
FE 0.06230 0.43764 0.43738
FE 0.06268 0.31252 0.56234
FE 0.18729 0.43766 0.56198
FE 0.18726 0.31251 0.68736
FE 0.06280 0.43742 0.68705
FE 0.06269 0.31263 0.81205
FE 0.18756 0.43762 0.81238
FE 0.18682 0.31233 0.93861
FE 0.06358 0.43615 0.93770
FE 0.06536 0.56249 0.06534
FE 0.18798 0.68773 0.06279
FE 0.18873 0.56248 0.18873
FE 0.06285 0.68768 0.18790
FE 0.06262 0.56241 0.31240
FE 0.18783 0.68746 0.31270
FE 0.18755 0.56250 0.43747
FE 0.06283 0.68718 0.43754
FE 0.06253 0.56246 0.56249
FE 0.18772 0.68762 0.56229
FE 0.18841 0.56283 0.68626
FE 0.06283 0.68766 0.68710
FE 0.06524 0.56254 0.80979
FE 0.18793 0.68771 0.81211
FE 0.18788 0.56254 0.93760
FE 0.06380 0.68890 0.93753
FE 0.06281 0.81227 0.06243
FE 0.18915 0.93614 0.06221
FE 0.18795 0.81223 0.18756
FE 0.06382 0.93607 0.18765
FE 0.06296 0.81203 0.31262
FE 0.18779 0.93732 0.31287
FE 0.18761 0.81237 0.43760
FE 0.06287 0.93746 0.43753
FE 0.06296 0.81233 0.56267
FE 0.18741 0.93742 0.56249
FE 0.18784 0.81237 0.68753
FE 0.06371 0.93750 0.68862
FE 0.06279 0.81225 0.81217
FE 0.18819 0.93731 0.81237
FE 0.18805 0.81258 0.93739
FE 0.06253 0.93603 0.93623
FE 0.31285 0.06243 0.06254
FE 0.43753 0.18754 0.06248
FE 0.43727 0.06255 0.18740
FE 0.31292 0.18772 0.18780
FE 0.31366 0.06243 0.31359
FE 0.43762 0.18763 0.31259
FE 0.43786 0.06219 0.43752
FE 0.31236 0.18742 0.43727
FE 0.31237 0.06228 0.56233
FE 0.43745 0.18616 0.56128
FE 0.43768 0.06223 0.68733
FE 0.31144 0.18615 0.68733
FE 0.31358 0.06228 0.81144
FE 0.43772 0.18616 0.81360
FE 0.43744 0.06216 0.93781
FE 0.31266 0.18751 0.93766
FE 0.31288 0.31275 0.06248
FE 0.43756 0.43761 0.06250
FE 0.43761 0.31254 0.18760
FE 0.31277 0.43756 0.18772
FE 0.31250 0.31253 0.31261
FE 0.43752 0.43759 0.31250
FE 0.43750 0.31253 0.43713
FE 0.31223 0.43773 0.43710
FE 0.30979 0.31249 0.55971
FE 0.43753 0.43890 0.56120
RU 0.43751 0.31253 0.68746
FE 0.31145 0.43886 0.68735
FE 0.30992 0.31245 0.81521
FE 0.43754 0.43892 0.81375
FE 0.43763 0.31253 0.93790
FE 0.31228 0.43777 0.93794
FE 0.31240 0.56256 0.06264
FE 0.43754 0.68752 0.06251
FE 0.43753 0.56247 0.18757
FE 0.31278 0.68749 0.18769
FE 0.31281 0.56255 0.31276
FE 0.43744 0.68750 0.31244
FE 0.43749 0.56279 0.43717
FE 0.31251 0.68761 0.43744
FE 0.31269 0.56268 0.56197
FE 0.43742 0.68748 0.56248
FE 0.43751 0.56278 0.68748
FE 0.31270 0.68756 0.68735
FE 0.31231 0.56270 0.81254
FE 0.43753 0.68750 0.81247
FE 0.43754 0.56283 0.93786
FE 0.31257 0.68756 0.93759
FE 0.31293 0.81218 0.06250
FE 0.43718 0.93743 0.06215
FE 0.43742 0.81235 0.18743
FE 0.31295 0.93732 0.18779
FE 0.31256 0.81242 0.31252
FE 0.43777 0.93740 0.31256
FE 0.43752 0.81241 0.43752
FE 0.31264 0.93734 0.43762
FE 0.31254 0.81245 0.56247
FE 0.43760 0.93750 0.56253
FE 0.43734 0.81240 0.68765
FE 0.31268 0.93746 0.68735
FE 0.31266 0.81246 0.81239
FE 0.43736 0.93745 0.81266
FE 0.43759 0.81239 0.93748
FE 0.31294 0.93726 0.93730
FE 0.56232 0.06249 0.06238
FE 0.68753 0.18748 0.06260
FE 0.68726 0.06265 0.18715
FE 0.56240 0.18757 0.18748
FE 0.56207 0.06262 0.31212
FE 0.68732 0.18774 0.31232
FE 0.68598 0.06388 0.43775
FE 0.56242 0.18770 0.43711
FE 0.56218 0.06247 0.56262
FE 0.68775 0.18755 0.56230
FE 0.68718 0.06234 0.68759
FE 0.56368 0.18612 0.68754
FE 0.56242 0.06234 0.81278
FE 0.68762 0.18738 0.81268
FE 0.68760 0.06244 0.93752
FE 0.56271 0.18733 0.93796
FE 0.56242 0.31244 0.06246
FE 0.68721 0.43744 0.06297
FE 0.68736 0.31259 0.18754
FE 0.56226 0.43748 0.18768
FE 0.56242 0.31259 0.31254
FE 0.68750 0.43755 0.31249
FE 0.68867 0.31248 0.43631
FE 0.56273 0.43771 0.43707
FE 0.56523 0.31259 0.55973
FE 0.68779 0.43766 0.56196
FE 0.68783 0.31253 0.68754
FE 0.56355 0.43884 0.68735
FE 0.56520 0.31244 0.81526
FE 0.68750 0.43755 0.81249
FE 0.68828 0.31219 0.93871
FE 0.56276 0.43769 0.93797
FE 0.56256 0.56254 0.06262
FE 0.68700 0.68763 0.06270
FE 0.68628 0.56242 0.18864
FE 0.56220 0.68755 0.18763
FE 0.56207 0.56246 0.31271
FE 0.68718 0.68740 0.31252
FE 0.68753 0.56254 0.43745
FE 0.56211 0.68730 0.43742
FE 0.56218 0.56260 0.56200
FE 0.68728 0.68749 0.56240
FE 0.68662 0.56276 0.68636
FE 0.56221 0.68755 0.68740
FE 0.56266 0.56268 0.81258
FE 0.68711 0.68773 0.81229
FE 0.68716 0.56253 0.93759
FE 0.56245 0.68764 0.93762
FE 0.56219 0.81245 0.06234
FE 0.68736 0.93754 0.06257
FE 0.68704 0.81226 0.18719
FE 0.56124 0.93751 0.18632
FE 0.56202 0.81225 0.31220
FE 0.68446 0.93746 0.30990
FE 0.68619 0.81108 0.43752
FE 0.56209 0.93741 0.43747
FE 0.56200 0.81226 0.56277
FE 0.68469 0.93741 0.56531
FE 0.68714 0.81230 0.68789
FE 0.56124 0.93753 0.68868
FE 0.56219 0.81243 0.81258
FE 0.68725 0.93744 0.81225
FE 0.68707 0.81273 0.93749
FE 0.56242 0.93745 0.93760
FE 0.81207 0.06251 0.06245
FE 0.93628 0.18896 0.06241
FE 0.93496 0.06269 0.18979
FE 0.81204 0.18795 0.18758
FE 0.81118 0.06401 0.31246
FE 0.93736 0.18788 0.31276
FE 0.93870 0.06391 0.43744
FE 0.81250 0.18785 0.43754
FE 0.81253 0.06389 0.56371
FE 0.93767 0.18771 0.56258
FE 0.93777 0.06267 0.68800
FE 0.81227 0.18781 0.68758
FE 0.81136 0.06245 0.81132
FE 0.93727 0.18780 0.81214
FE 0.93467 0.06247 0.93470
FE 0.81223 0.18767 0.93740
FE 0.81233 0.31265 0.06296
FE 0.93752 0.43609 0.06378
FE 0.93740 0.31243 0.18793
FE 0.81211 0.43744 0.18798
FE 0.81271 0.31247 0.31229
FE 0.93749 0.43759 0.31255
FE 0.93748 0.31254 0.43757
FE 0.81265 0.43761 0.43735
FE 0.81234 0.31244 0.56231
FE 0.93752 0.43750 0.56244
FE 0.93751 0.31230 0.68715
FE 0.81218 0.43741 0.68707
FE 0.81221 0.31237 0.81235
FE 0.93750 0.43619 0.81117
FE 0.93737 0.31238 0.93741
FE 0.81133 0.43625 0.93768
FE 0.80974 0.56245 0.06531
FE 0.93757 0.68884 0.06367
FE 0.93757 0.56240 0.18784
FE 0.81207 0.68730 0.18765
FE 0.81240 0.56251 0.31243
FE 0.93765 0.68728 0.31244
FE 0.93752 0.56251 0.43750
FE 0.81247 0.68723 0.43752
FE 0.81251 0.56256 0.56247
FE 0.93768 0.68737 0.56261
FE 0.93755 0.56239 0.68718
FE 0.81219 0.68740 0.68742
FE 0.80984 0.56251 0.80981
FE 0.93757 0.68875 0.81122
RU 0.93753 0.56253 0.93757
FE 0.81114 0.68883 0.93753
FE 0.81197 0.81228 0.06261
FE 0.93629 0.93607 0.06254
FE 0.93768 0.81240 0.18760
FE 0.81199 0.93742 0.18753
FE 0.81233 0.81110 0.31140
FE 0.93997 0.93735 0.31026
FE 0.93872 0.81102 0.43763
RU 0.81232 0.93738 0.43772
FE 0.81240 0.81109 0.56368
FE 0.94025 0.93754 0.56529
FE 0.93779 0.81253 0.68751
FE 0.81229 0.93749 0.68765
FE 0.81228 0.81256 0.81228
FE 0.93728 0.93730 0.81198
FE 0.93738 0.81255 0.93738
FE 0.81206 0.93729 0.93723
