256
Lattice="13.71498 -0.0 -0.0 -0.0 14.459017665 -0.0 -0.0 -0.0 13.714842850200002"
RU 0.06255 0.06253 0.06243
FE 0.18874 0.18884 0.06253
FE 0.19007 0.06249 0.18998
FE 0.06251 0.18886 0.18878
FE 0.06270 0.06254 0.31270
FE 0.18761 0.18757 0.31264
FE 0.18749 0.06248 0.43742
FE 0.06259 0.18766 0.43745
FE 0.06268 0.06254 0.56260
FE 0.18732 0.18746 0.56236
FE 0.18741 0.06235 0.68765
FE 0.06253 0.18749 0.68751
FE 0.06251 0.06249 0.81220
FE 0.18747 0.18749 0.81238
FE 0.19001 0.06246 0.93498
FE 0.06242 0.18887 0.93633
FE 0.06248 0.31257 0.06259
FE 0.18765 0.43747 0.06265
FE 0.18758 0.31254 0.18759
FE 0.06262 0.43744 0.18770
FE 0.06248 0.31266 0.31258
FE 0.18753 0.43756 0.31252
FE 0.18696 0.31248 0.43698
FE 0.06244 0.43753 0.43745
FE 0.06262 0.31251 0.56248
FE 0.18736 0.43757 0.56232
FE 0.18720 0.31248 0.68749
FE 0.06263 0.43746 0.68733
FE 0.06262 0.31256 0.81227
FE 0.18753 0.43756 0.81244
FE 0.18717 0.31238 0.93802
FE 0.06369 0.43616 0.93759
FE 0.06505 0.56249 0.06503
FE 0.18770 0.68759 0.06261
FE 0.18806 0.56247 0.18806
FE 0.06263 0.68758 0.18769
FE 0.06253 0.56245 0.31239
FE 0.18759 0.68750 0.31255
FE 0.18750 0.56250 0.43750
FE 0.06263 0.68739 0.43750
FE 0.06251 0.56244 0.56256
FE 0.18754 0.68757 0.56244
FE 0.18792 0.56263 0.68697
FE 0.06264 0.68758 0.68734
FE 0.06502 0.56248 0.80998
FE 0.18769 0.68758 0.81232
FE 0.18784 0.56249 0.93755
FE 0.06372 0.68890 0.93754
FE 0.06259 0.81237 0.06249
FE 0.18884 0.93618 0.06244
FE 0.18762 0.81240 0.18754
FE 0.06308 0.93616 0.18824
FE 0.06270 0.81227 0.31252
FE 0.18756 0.93746 0.31269
FE 0.18751 0.81246 0.43753
FE 0.06283 0.93751 0.43750
FE 0.06270 0.81242 0.56259
FE 0.18739 0.93749 0.56247
FE 0.18759 0.81246 0.68754
FE 0.06306 0.93756 0.68804
FE 0.06259 0.81238 0.81232
FE 0.18770 0.93746 0.81232
FE 0.18772 0.81257 0.93747
FE 0.06248 0.93613 0.93628
FE 0.31281 0.06247 0.06251
FE 0.43751 0.18753 0.06247
FE 0.43740 0.06250 0.18747
FE 0.31269 0.18758 0.18765
FE 0.31302 0.06248 0.31302
FE 0.43755 0.18754 0.31253
FE 0.43759 0.06234 0.43743
FE 0.31240 0.18748 0.43735
FE 0.31243 0.06242 0.56242
FE 0.43750 0.18615 0.56127
FE 0.43754 0.06233 0.68750
FE 0.31130 0.18615 0.68747
FE 0.31298 0.06240 0.81197
FE 0.43756 0.18616 0.81367
FE 0.43745 0.06232 0.93767
FE 0.31255 0.18755 0.93760
FE 0.31264 0.31262 0.06241
FE 0.43751 0.43752 0.06246
FE 0.43753 0.31249 0.18753
FE 0.31257 0.43754 0.18757
FE 0.31249 0.31248 0.31257
FE 0.43752 0.43755 0.31249
FE 0.43753 0.31245 0.43716
FE 0.31235 0.43760 0.43731
FE 0.30996 0.31246 0.55997
FE 0.43753 0.43890 0.56126
RU 0.43749 0.31252 0.68751
FE 0.31129 0.43887 0.68748
FE 0.30999 0.31247 0.81500
FE 0.43752 0.43889 0.81372
FE 0.43754 0.31248 0.93786
FE 0.31238 0.43762 0.93772
FE 0.31239 0.56249 0.06250
FE 0.43751 0.68752 0.06247
FE 0.43752 0.56247 0.18753
FE 0.31257 0.68751 0.18758
FE 0.31253 0.56248 0.31253
FE 0.43751 0.68749 0.31248
FE 0.43753 0.56264 0.43737
FE 0.31247 0.68755 0.43747
FE 0.31249 0.56254 0.56237
FE 0.43750 0.68751 0.56252
FE 0.43752 0.56263 0.68751
FE 0.31254 0.68754 0.68747
FE 0.31235 0.56255 0.81253
FE 0.43752 0.68751 0.81246
FE 0.43752 0.56263 0.93767
FE 0.31250 0.68752 0.93755
FE 0.31264 0.81234 0.06250
FE 0.43745 0.93753 0.06241
FE 0.43749 0.81245 0.18748
FE 0.31269 0.93746 0.18764
FE 0.31249 0.81247 0.31249
FE 0.43764 0.93751 0.31254
FE 0.43753 0.81248 0.43751
FE 0.31252 0.93746 0.43751
FE 0.31248 0.81249 0.56249
FE 0.43759 0.93753 0.56250
FE 0.43747 0.81245 0.68757
FE 0.31255 0.93752 0.68749
FE 0.31252 0.81248 0.81244
FE 0.43750 0.93751 0.81247
FE 0.43754 0.81248 0.93751
FE 0.31267 0.93741 0.93744
FE 0.56244 0.06249 0.06246
FE 0.68753 0.18748 0.06252
FE 0.68747 0.06255 0.18731
FE 0.56246 0.18753 0.18750
FE 0.56228 0.06254 0.31235
FE 0.68747 0.18758 0.31244
FE 0.68624 0.06386 0.43755
FE 0.56246 0.18760 0.43730
FE 0.56233 0.06248 0.56255
FE 0.68768 0.18751 0.56241
FE 0.68748 0.06239 0.68767
FE 0.56371 0.18613 0.68754
FE 0.56248 0.06243 0.81256
FE 0.68763 0.18744 0.81256
FE 0.68762 0.06247 0.93753
FE 0.56262 0.18747 0.93773
FE 0.56247 0.31247 0.06241
FE 0.68737 0.43746 0.06264
FE 0.68749 0.31251 0.18750
FE 0.56243 0.43751 0.18757
FE 0.56244 0.31250 0.31254
FE 0.68753 0.43753 0.31249
FE 0.68809 0.31248 0.43697
FE 0.56262 0.43759 0.43731
FE 0.56500 0.31253 0.55998
FE 0.68769 0.43757 0.56230
FE 0.68785 0.31251 0.68755
FE 0.56368 0.43886 0.68747
FE 0.56502 0.31248 0.81502
FE 0.68752 0.43753 0.81248
FE 0.68791 0.31233 0.93806
FE 0.56262 0.43758 0.93773
FE 0.56257 0.56248 0.06249
FE 0.68732 0.68760 0.06259
FE 0.68696 0.56244 0.18803
FE 0.56242 0.68754 0.18755
FE 0.56239 0.56244 0.31252
FE 0.68742 0.68748 0.31247
FE 0.68755 0.56249 0.43750
FE 0.56235 0.68741 0.43747
FE 0.56244 0.56251 0.56238
FE 0.68746 0.68752 0.56248
FE 0.68711 0.56260 0.68701
FE 0.56240 0.68753 0.68749
FE 0.56261 0.56254 0.81253
FE 0.68734 0.68761 0.81237
FE 0.68719 0.56249 0.93753
FE 0.56251 0.68757 0.93756
FE 0.56242 0.81247 0.06245
FE 0.68750 0.93755 0.06257
FE 0.68737 0.81242 0.18734
FE 0.56193 0.93752 0.18697
FE 0.56228 0.81242 0.31235
FE 0.68493 0.93751 0.31001
FE 0.68629 0.81110 0.43751
FE 0.56215 0.93749 0.43747
FE 0.56227 0.81240 0.56262
FE 0.68502 0.93749 0.56503
FE 0.68738 0.81241 0.68772
FE 0.56191 0.93754 0.68807
FE 0.56241 0.81247 0.81250
FE 0.68748 0.93751 0.81235
FE 0.68736 0.81262 0.93751
FE 0.56250 0.93747 0.93757
FE 0.81214 0.06248 0.06248
FE 0.93629 0.18890 0.06244
FE 0.93509 0.06253 0.18981
FE 0.81225 0.18771 0.18754
FE 0.81189 0.06388 0.31181
FE 0.93745 0.18767 0.31262
FE 0.93875 0.06386 0.43743
FE 0.81247 0.18768 0.43751
FE 0.81248 0.06386 0.56372
FE 0.93758 0.18760 0.56256
FE 0.93765 0.06254 0.68781
FE 0.81240 0.18764 0.68759
FE 0.81195 0.06248 0.81193
FE 0.93741 0.18760 0.81230
FE 0.93496 0.06249 0.93497
FE 0.81233 0.18757 0.93744
FE 0.81233 0.31255 0.06261
FE 0.93754 0.43613 0.06371
FE 0.93748 0.31243 0.18768
FE 0.81230 0.43748 0.18774
FE 0.81251 0.31247 0.31247
FE 0.93750 0.43754 0.31252
FE 0.93749 0.31248 0.43752
FE 0.81252 0.43754 0.43747
FE 0.81239 0.31246 0.56245
FE 0.93751 0.43752 0.56249
FE 0.93752 0.31237 0.68740
FE 0.81233 0.43747 0.68731
FE 0.81233 0.31240 0.81239
FE 0.93751 0.43619 0.81120
FE 0.93747 0.31238 0.93748
FE 0.81124 0.43620 0.93756
FE 0.80996 0.56250 0.06504
FE 0.93755 0.68888 0.06370
FE 0.93754 0.56246 0.18781
FE 0.81231 0.68740 0.18759
FE 0.81247 0.56249 0.31243
FE 0.93756 0.68743 0.31246
FE 0.93750 0.56248 0.43752
FE 0.81248 0.68737 0.43752
FE 0.81249 0.56249 0.56253
FE 0.93758 0.68747 0.56256
FE 0.93753 0.56244 0.68722
FE 0.81233 0.68742 0.68746
FE 0.80998 0.56249 0.80997
FE 0.93753 0.68884 0.81121
RU 0.93751 0.56249 0.93751
FE 0.81120 0.68886 0.93752
FE 0.81227 0.81238 0.06255
FE 0.93627 0.93615 0.06255
FE 0.93759 0.81250 0.18752
FE 0.81226 0.93750 0.18734
FE 0.81244 0.81111 0.31128
FE 0.93991 0.93746 0.31018
FE 0.93874 0.81110 0.43753
RU 0.81245 0.93747 0.43755
FE 0.81247 0.81112 0.56371
FE 0.94004 0.93751 0.56505
FE 0.93764 0.81256 0.68757
FE 0.81240 0.93755 0.68778
FE 0.81241 0.81252 0.81240
FE 0.93739 0.93745 0.81221
FE 0.93746 0.81257 0.93747
FE 0.81229 0.93745 0.93740
