256
Lattice="13.68046 -0.0 -0.0 -0.0 14.450806702600001 -0.0012312414 -0.0 -0.0010944368000000001 13.685795379399998"
RU 0.06247 0.06067 0.06437
FE 0.19105 0.18868 0.06519
FE 0.19070 0.06220 0.19090
FE 0.06244 0.18885 0.18931
FE 0.06247 0.06233 0.31296
FE 0.18801 0.18776 0.31302
FE 0.18766 0.06242 0.43750
FE 0.06248 0.18760 0.43756
FE 0.06248 0.06240 0.56244
FE 0.18766 0.18758 0.56250
FE 0.18801 0.06224 0.68698
FE 0.06247 0.18767 0.68704
FE 0.06244 0.06115 0.81069
FE 0.19070 0.18780 0.80910
FE 0.19105 0.06132 0.93481
RU 0.06247 0.18933 0.93563
FE 0.06248 0.31423 0.06373
FE 0.18774 0.43782 0.06265
FE 0.18802 0.31296 0.18823
FE 0.06247 0.43793 0.18794
FE 0.06249 0.31298 0.31294
FE 0.18767 0.43778 0.31276
FE 0.18766 0.31266 0.43768
FE 0.06248 0.43767 0.43759
FE 0.06248 0.31264 0.56243
FE 0.18766 0.43773 0.56228
FE 0.18806 0.31292 0.68673
FE 0.06248 0.43815 0.68690
FE 0.06247 0.31497 0.81031
FE 0.18784 0.43802 0.81212
FE 0.18888 0.31417 0.93728
FE 0.06247 0.43795 0.93751
FE 0.06248 0.56250 0.06250
FE 0.18757 0.68749 0.06249
FE 0.18759 0.56261 0.18766
FE 0.06248 0.68748 0.18758
FE 0.06248 0.56257 0.31258
FE 0.18761 0.68736 0.31266
FE 0.18757 0.56253 0.43756
FE 0.06248 0.68739 0.43762
FE 0.06248 0.56261 0.56238
FE 0.18757 0.68747 0.56244
FE 0.18761 0.56264 0.68734
FE 0.06248 0.68743 0.68742
FE 0.06248 0.56252 0.81242
FE 0.18759 0.68739 0.81234
FE 0.18757 0.56251 0.93751
FE 0.06248 0.68750 0.93750
FE 0.06247 0.81205 0.06249
FE 0.18888 0.93583 0.06272
FE 0.18784 0.81198 0.18788
FE 0.06247 0.93503 0.18969
FE 0.06248 0.81185 0.31310
FE 0.18806 0.93708 0.31327
FE 0.18766 0.81227 0.43772
FE 0.06248 0.93736 0.43757
FE 0.06248 0.81233 0.56241
FE 0.18766 0.93734 0.56232
FE 0.18767 0.81222 0.68724
FE 0.06249 0.93702 0.68706
FE 0.06247 0.81207 0.81206
FE 0.18802 0.93704 0.81177
FE 0.18774 0.81218 0.93735
FE 0.06248 0.93577 0.93627
FE 0.31332 0.06227 0.06281
FE 0.43751 0.18759 0.06257
FE 0.43776 0.06234 0.18785
FE 0.31420 0.18769 0.18912
FE 0.31418 0.06235 0.31419
FE 0.43826 0.18767 0.31319
FE 0.43818 0.06238 0.43805
FE 0.31285 0.18767 0.43781
FE 0.31285 0.06233 0.56219
FE 0.43818 0.18762 0.56195
FE 0.43826 0.06233 0.68681
FE 0.31418 0.18765 0.68581
FE 0.31420 0.06231 0.81088
FE 0.43776 0.18766 0.81215
FE 0.43751 0.06241 0.93743
FE 0.31332 0.18773 0.93719
FE 0.31330 0.31304 0.06284
FE 0.43774 0.43772 0.06257
FE 0.43793 0.31273 0.18786
FE 0.31272 0.43777 0.18769
FE 0.31286 0.31273 0.31286
FE 0.43761 0.43766 0.31255
FE 0.43769 0.31265 0.43754
FE 0.31263 0.43768 0.43754
FE 0.31289 0.31274 0.56217
FE 0.43760 0.43763 0.56243
FE 0.43787 0.31271 0.68721
FE 0.31267 0.43771 0.68735
FE 0.31314 0.31286 0.81198
FE 0.43773 0.43771 0.81234
FE 0.43769 0.31268 0.93745
FE 0.31304 0.43807 0.93746
FE 0.31264 0.56262 0.06254
FE 0.43765 0.68743 0.06249
FE 0.43761 0.56252 0.18758
FE 0.31268 0.68735 0.18763
FE 0.31258 0.56252 0.31257
FE 0.43759 0.68746 0.31254
FE 0.43757 0.56250 0.43754
FE 0.31256 0.68747 0.43756
FE 0.31256 0.56253 0.56244
FE 0.43757 0.68750 0.56246
FE 0.43759 0.56254 0.68746
FE 0.31258 0.68748 0.68743
FE 0.31268 0.56265 0.81237
FE 0.43761 0.68748 0.81242
FE 0.43765 0.56257 0.93751
FE 0.31264 0.68738 0.93746
FE 0.31304 0.81193 0.06254
FE 0.43769 0.93732 0.06255
FE 0.43773 0.81229 0.18766
FE 0.31314 0.93714 0.18802
FE 0.31267 0.81229 0.31265
FE 0.43787 0.93729 0.31279
FE 0.43760 0.81237 0.43757
FE 0.31289 0.93726 0.43783
FE 0.31263 0.81232 0.56246
FE 0.43769 0.93735 0.56246
FE 0.43761 0.81234 0.68745
FE 0.31286 0.93727 0.68714
FE 0.31272 0.81223 0.81231
FE 0.43793 0.93727 0.81214
FE 0.43774 0.81228 0.93743
FE 0.31330 0.93696 0.93716
FE 0.56249 0.06243 0.06250
FE 0.68753 0.18760 0.06258
FE 0.68729 0.06234 0.18786
FE 0.56248 0.18757 0.18765
FE 0.56248 0.06239 0.31268
FE 0.68677 0.18766 0.31320
FE 0.68686 0.06239 0.43805
FE 0.56248 0.18761 0.43759
FE 0.56248 0.06239 0.56241
FE 0.68686 0.18761 0.56195
FE 0.68677 0.06234 0.68680
FE 0.56248 0.18761 0.68732
FE 0.56248 0.06243 0.81235
FE 0.68729 0.18766 0.81214
FE 0.68753 0.06240 0.93742
FE 0.56249 0.18757 0.93750
FE 0.56248 0.31256 0.06252
FE 0.68731 0.43772 0.06257
FE 0.68711 0.31274 0.18786
FE 0.56248 0.43767 0.18763
FE 0.56248 0.31267 0.31266
FE 0.68744 0.43766 0.31255
FE 0.68736 0.31265 0.43754
FE 0.56248 0.43761 0.43754
FE 0.56248 0.31263 0.56236
FE 0.68745 0.43763 0.56243
FE 0.68717 0.31271 0.68720
FE 0.56248 0.43766 0.68740
FE 0.56248 0.31263 0.81236
FE 0.68732 0.43771 0.81234
FE 0.68735 0.31269 0.93745
FE 0.56248 0.43762 0.93751
FE 0.56248 0.56252 0.06250
FE 0.68740 0.68743 0.06250
FE 0.68744 0.56252 0.18758
FE 0.56248 0.68747 0.18756
FE 0.56248 0.56250 0.31252
FE 0.68746 0.68746 0.31254
FE 0.68748 0.56250 0.43754
FE 0.56248 0.68749 0.43754
FE 0.56248 0.56251 0.56246
FE 0.68748 0.68750 0.56246
FE 0.68746 0.56254 0.68746
FE 0.56248 0.68750 0.68748
FE 0.56248 0.56253 0.81244
FE 0.68744 0.68748 0.81242
FE 0.68740 0.56257 0.93750
FE 0.56248 0.68748 0.93750
FE 0.56248 0.81238 0.06249
FE 0.68735 0.93731 0.06255
FE 0.68732 0.81229 0.18766
FE 0.56248 0.93737 0.18764
FE 0.56248 0.81234 0.31260
FE 0.68717 0.93729 0.31280
FE 0.68745 0.81237 0.43757
FE 0.56248 0.93737 0.43764
FE 0.56248 0.81239 0.56246
FE 0.68736 0.93735 0.56246
FE 0.68744 0.81234 0.68745
FE 0.56248 0.93733 0.68734
FE 0.56248 0.81233 0.81237
FE 0.68711 0.93726 0.81214
FE 0.68731 0.81228 0.93743
FE 0.56248 0.93744 0.93748
FE 0.81162 0.06226 0.06280
FE 0.93388 0.18868 0.06520
FE 0.93423 0.06219 0.19089
FE 0.81082 0.18773 0.18914
FE 0.81084 0.06234 0.31421
FE 0.93701 0.18776 0.31305
FE 0.93738 0.06242 0.43751
FE 0.81210 0.18767 0.43781
FE 0.81210 0.06233 0.56219
FE 0.93738 0.18758 0.56249
FE 0.93701 0.06224 0.68695
FE 0.81084 0.18766 0.68579
FE 0.81082 0.06227 0.81086
FE 0.93423 0.18781 0.80911
FE 0.93388 0.06132 0.93480
FE 0.81162 0.18774 0.93720
FE 0.81168 0.31304 0.06284
FE 0.93731 0.43782 0.06266
FE 0.93701 0.31298 0.18823
FE 0.81223 0.43778 0.18770
FE 0.81211 0.31273 0.31286
FE 0.93737 0.43778 0.31276
FE 0.93739 0.31266 0.43767
FE 0.81234 0.43768 0.43755
FE 0.81208 0.31273 0.56216
FE 0.93740 0.43773 0.56228
FE 0.93696 0.31294 0.68672
FE 0.81229 0.43772 0.68735
FE 0.81181 0.31286 0.81197
FE 0.93721 0.43803 0.81213
FE 0.93609 0.31417 0.93727
FE 0.81192 0.43808 0.93747
FE 0.81233 0.56262 0.06254
FE 0.93748 0.68749 0.06249
FE 0.93746 0.56262 0.18766
FE 0.81228 0.68736 0.18763
FE 0.81239 0.56252 0.31257
FE 0.93743 0.68736 0.31266
FE 0.93748 0.56253 0.43756
FE 0.81241 0.68747 0.43756
FE 0.81241 0.56253 0.56244
FE 0.93748 0.68747 0.56244
FE 0.93743 0.56264 0.68734
FE 0.81239 0.68748 0.68743
FE 0.81228 0.56264 0.81237
FE 0.93746 0.68738 0.81234
FE 0.93748 0.56251 0.93751
FE 0.81233 0.68738 0.93746
FE 0.81192 0.81192 0.06253
FE 0.93609 0.93583 0.06273
FE 0.93721 0.81197 0.18787
FE 0.81181 0.93714 0.18803
FE 0.81229 0.81228 0.31265
FE 0.93696 0.93706 0.31328
FE 0.93740 0.81227 0.43772
FE 0.81208 0.93727 0.43784
FE 0.81234 0.81232 0.56245
FE 0.93739 0.93734 0.56233
FE 0.93737 0.81222 0.68724
FE 0.81211 0.93727 0.68714
FE 0.81223 0.81222 0.81230
FE 0.93701 0.93702 0.81177
FE 0.93731 0.81218 0.93734
FE 0.81168 0.93696 0.93716
