256
Lattice="13.70768 -0.0001370768 -0.0001370768 -0.0001370768 14.469415777599998 -0.0001370768 -0.0001370768 -0.0001370768 13.706994616"
RU 0.06265 0.06265 0.06219
FE 0.18868 0.18877 0.06269
FE 0.19030 0.06262 0.18999
FE 0.06251 0.18882 0.18878
FE 0.06293 0.06268 0.31257
FE 0.18774 0.18776 0.31267
FE 0.18742 0.06257 0.43746
FE 0.06263 0.18785 0.43733
FE 0.06285 0.06268 0.56279
FE 0.18720 0.18744 0.56221
FE 0.18748 0.06228 0.68776
FE 0.06258 0.18751 0.68748
FE 0.06256 0.06253 0.81234
FE 0.18751 0.18748 0.81231
FE 0.19023 0.06247 0.93473
FE 0.06230 0.18888 0.93641
FE 0.06227 0.31260 0.06299
FE 0.18777 0.43738 0.06300
FE 0.18769 0.31264 0.18773
FE 0.06278 0.43733 0.18796
FE 0.06224 0.31285 0.31253
FE 0.18754 0.43757 0.31257
FE 0.18640 0.31260 0.43639
FE 0.06229 0.43764 0.43737
FE 0.06269 0.31253 0.56234
FE 0.18728 0.43764 0.56197
FE 0.18727 0.31252 0.68735
FE 0.06282 0.43743 0.68704
FE 0.06270 0.31263 0.81205
FE 0.18757 0.43762 0.81238
FE 0.18681 0.31234 0.93862
FE 0.06355 0.43619 0.93771
FE 0.06533 0.56243 0.06527
FE 0.18777 0.68762 0.06259
FE 0.18863 0.56239 0.18869
FE 0.06288 0.68764 0.18789
FE 0.06264 0.56239 0.31240
FE 0.18784 0.68739 0.31272
FE 0.18744 0.56241 0.43753
FE 0.06284 0.68714 0.43756
FE 0.06254 0.56241 0.56254
FE 0.18752 0.68752 0.56248
FE 0.18841 0.56279 0.68625
FE 0.06285 0.68761 0.68715
FE 0.06522 0.56251 0.80983
FE 0.18789 0.68766 0.81211
FE 0.18786 0.56251 0.93759
FE 0.06379 0.68881 0.93748
FE 0.06284 0.81226 0.06235
FE 0.18895 0.93629 0.06195
FE 0.18801 0.81222 0.18748
FE 0.06386 0.93613 0.18760
FE 0.06299 0.81203 0.31263
FE 0.18779 0.93739 0.31288
FE 0.18767 0.81238 0.43769
FE 0.06287 0.93750 0.43756
FE 0.06299 0.81234 0.56274
FE 0.18720 0.93752 0.56270
FE 0.18748 0.81236 0.68793
FE 0.06376 0.93754 0.68872
FE 0.06281 0.81223 0.81218
FE 0.18820 0.93735 0.81241
FE 0.18767 0.81256 0.93698
FE 0.06254 0.93610 0.93620
FE 0.31277 0.06251 0.06245
FE 0.43749 0.18766 0.06237
FE 0.43709 0.06279 0.18724
FE 0.31283 0.18784 0.18777
FE 0.31331 0.06281 0.31363
FE 0.43762 0.18766 0.31260
FE 0.43773 0.06244 0.43771
FE 0.31226 0.18755 0.43732
FE 0.31230 0.06236 0.56241
FE 0.43741 0.18633 0.56141
FE 0.43764 0.06233 0.68743
FE 0.31146 0.18623 0.68734
FE 0.31356 0.06234 0.81145
FE 0.43774 0.18623 0.81358
FE 0.43737 0.06227 0.93769
FE 0.31265 0.18754 0.93764
FE 0.31286 0.31275 0.06247
FE 0.43753 0.43751 0.06240
FE 0.43762 0.31255 0.18762
FE 0.31268 0.43745 0.18771
FE 0.31250 0.31254 0.31262
FE 0.43750 0.43757 0.31253
FE 0.43750 0.31255 0.43712
FE 0.31214 0.43762 0.43713
FE 0.30981 0.31251 0.55977
FE 0.43749 0.43875 0.56130
RU 0.43750 0.31253 0.68749
FE 0.31147 0.43879 0.68735
FE 0.30996 0.31246 0.81517
FE 0.43755 0.43887 0.81373
FE 0.43763 0.31254 0.93787
FE 0.31226 0.43775 0.93793
FE 0.31232 0.56248 0.06258
FE 0.43721 0.68729 0.06204
FE 0.43736 0.56223 0.18740
FE 0.31233 0.68725 0.18737
FE 0.31247 0.56218 0.31279
FE 0.43608 0.68598 0.31244
FE 0.43733 0.56255 0.43733
FE 0.31205 0.68740 0.43777
FE 0.31265 0.56259 0.56201
FE 0.43709 0.68726 0.56293
FE 0.43745 0.56269 0.68759
FE 0.31252 0.68745 0.68757
FE 0.31226 0.56265 0.81254
FE 0.43750 0.68746 0.81247
FE 0.43748 0.56274 0.93775
FE 0.31236 0.68745 0.93735
FE 0.31168 0.81214 0.06121
FE 0.43684 0.93763 0.06170
FE 0.43456 0.81234 0.18455
FE 0.31249 0.93754 0.18747
FE 0.31214 0.81239 0.31252
FE 0.43648 0.93876 0.31257
FE 0.43466 0.81240 0.44027
FE 0.31218 0.93755 0.43797
FE 0.31132 0.81244 0.56374
FE 0.43729 0.93769 0.56300
FE 0.43726 0.81239 0.68762
FE 0.31249 0.93755 0.68756
FE 0.31262 0.81245 0.81239
FE 0.43732 0.93747 0.81269
FE 0.43751 0.81237 0.93751
FE 0.31275 0.93736 0.93707
FE 0.56230 0.06285 0.06202
FE 0.68757 0.18759 0.06251
FE 0.68741 0.06289 0.18698
FE 0.56238 0.18759 0.18747
FE 0.56207 0.06295 0.31211
FE 0.68731 0.18776 0.31233
FE 0.68611 0.06407 0.43794
FE 0.56242 0.18772 0.43713
FE 0.56217 0.06282 0.56299
FE 0.68778 0.18767 0.56239
FE 0.68718 0.06244 0.68768
FE 0.56365 0.18624 0.68759
FE 0.56240 0.06237 0.81279
FE 0.68760 0.18742 0.81268
FE 0.68766 0.06253 0.93740
FE 0.56271 0.18740 0.93792
FE 0.56241 0.31244 0.06247
FE 0.68723 0.43735 0.06290
FE 0.68734 0.31261 0.18756
FE 0.56224 0.43748 0.18769
FE 0.56242 0.31261 0.31255
FE 0.68751 0.43755 0.31250
FE 0.68866 0.31249 0.43629
FE 0.56273 0.43770 0.43707
FE 0.56519 0.31259 0.55978
FE 0.68782 0.43755 0.56203
FE 0.68783 0.31254 0.68756
FE 0.56352 0.43875 0.68739
FE 0.56516 0.31246 0.81521
FE 0.68750 0.43754 0.81248
FE 0.68830 0.31221 0.93870
FE 0.56277 0.43764 0.93793
FE 0.56255 0.56218 0.06227
FE 0.68729 0.68740 0.06224
FE 0.68641 0.56219 0.18851
FE 0.56216 0.68608 0.18632
FE 0.56204 0.56212 0.31273
FE 0.68841 0.68594 0.31255
FE 0.68769 0.56232 0.43761
FE 0.56215 0.68595 0.43865
FE 0.56214 0.56223 0.56233
FE 0.68757 0.68727 0.56285
FE 0.68665 0.56266 0.68647
FE 0.56218 0.68748 0.68742
FE 0.56266 0.56266 0.81258
FE 0.68710 0.68769 0.81229
FE 0.68722 0.56244 0.93748
FE 0.56244 0.68755 0.93760
FE 0.56216 0.81244 0.06192
FE 0.68768 0.93776 0.06209
FE 0.68975 0.81224 0.18441
FE 0.56131 0.93883 0.18514
RU 0.56195 0.81222 0.31220
FE 0.68579 0.93897 0.30987
FE 0.68892 0.81096 0.44030
FE 0.56202 0.93880 0.43872
FE 0.56198 0.81229 0.56320
FE 0.68497 0.93760 0.56569
FE 0.68716 0.81229 0.68786
FE 0.56122 0.93759 0.68871
FE 0.56215 0.81241 0.81258
FE 0.68724 0.93746 0.81223
FE 0.68712 0.81271 0.93752
FE 0.56239 0.93752 0.93759
FE 0.81215 0.06258 0.06237
FE 0.93632 0.18895 0.06240
FE 0.93510 0.06279 0.18970
FE 0.81214 0.18804 0.18755
FE 0.81148 0.06429 0.31250
FE 0.93739 0.18791 0.31275
FE 0.93885 0.06404 0.43750
FE 0.81259 0.18797 0.43758
FE 0.81261 0.06395 0.56381
FE 0.93770 0.18775 0.56260
FE 0.93781 0.06272 0.68804
FE 0.81227 0.18786 0.68760
FE 0.81140 0.06250 0.81131
FE 0.93727 0.18782 0.81214
FE 0.93471 0.06250 0.93471
FE 0.81225 0.18770 0.93738
FE 0.81239 0.31266 0.06297
FE 0.93754 0.43611 0.06376
FE 0.93743 0.31245 0.18792
FE 0.81222 0.43735 0.18797
FE 0.81275 0.31248 0.31227
FE 0.93754 0.43755 0.31255
FE 0.93751 0.31255 0.43759
FE 0.81277 0.43752 0.43737
FE 0.81236 0.31245 0.56232
FE 0.93755 0.43749 0.56245
FE 0.93751 0.31233 0.68715
FE 0.81218 0.43738 0.68708
FE 0.81222 0.31239 0.81236
FE 0.93751 0.43622 0.81118
FE 0.93737 0.31239 0.93741
FE 0.81138 0.43628 0.93768
FE 0.80986 0.56235 0.06519
FE 0.93782 0.68870 0.06344
FE 0.93769 0.56231 0.18778
FE 0.81253 0.68708 0.18734
FE 0.81276 0.56217 0.31243
FE 0.93768 0.68720 0.31245
FE 0.93764 0.56244 0.43755
FE 0.81292 0.68700 0.43784
FE 0.81260 0.56249 0.56255
FE 0.93790 0.68727 0.56282
FE 0.93758 0.56235 0.68721
FE 0.81239 0.68730 0.68763
FE 0.80993 0.56246 0.80986
FE 0.93763 0.68865 0.81125
RU 0.93757 0.56247 0.93756
FE 0.81136 0.68869 0.93728
FE 0.81322 0.81227 0.06136
FE 0.93654 0.93620 0.06232
FE 0.93766 0.81240 0.18752
FE 0.81244 0.93761 0.18720
FE 0.81278 0.81108 0.31141
FE 0.93997 0.93742 0.31027
FE 0.93867 0.81104 0.43771
RU 0.81282 0.93765 0.43808
FE 0.81355 0.81117 0.56479
FE 0.94047 0.93762 0.56553
FE 0.93817 0.81252 0.68788
FE 0.81247 0.93757 0.68783
FE 0.81233 0.81254 0.81227
FE 0.93733 0.93733 0.81197
FE 0.93777 0.81254 0.93698
FE 0.81225 0.93738 0.93699
