128
Lattice="13.67994 0.0 0.0 0.0 14.386235302200001 0.0 0.0 0.0 13.67994"
FE 0.06250 0.06289 0.31642
FE 0.18692 0.18773 0.31308
FE 0.18948 0.06328 0.43488
FE 0.06251 0.18723 0.43588
FE 0.06243 0.06234 0.56629
FE 0.18782 0.18717 0.56421
FE 0.19386 0.06488 0.68876
FE 0.06247 0.18345 0.68354
FE 0.06252 0.31254 0.31663
FE 0.18696 0.43739 0.31307
FE 0.18757 0.31253 0.43603
FE 0.06249 0.43786 0.43588
FE 0.06250 0.31247 0.56571
FE 0.18782 0.43789 0.56423
FE 0.18621 0.31245 0.68726
FE 0.06247 0.44146 0.68363
FE 0.06248 0.56209 0.31639
FE 0.18748 0.68673 0.31279
FE 0.18950 0.56173 0.43484
FE 0.06244 0.68475 0.43323
FE 0.06243 0.56252 0.56626
FE 0.18979 0.68363 0.56516
FE 0.19380 0.56019 0.68877
FE 0.06241 0.67806 0.69074
FE 0.06241 0.81247 0.31592
FE 0.18752 0.93833 0.31280
FE 0.19033 0.81245 0.43158
FE 0.06244 0.94011 0.43322
RU 0.06249 0.81247 0.57051
FE 0.18980 0.94125 0.56515
FE 0.19990 0.81236 0.69555
FE 0.06242 0.94687 0.69076
FE 0.31350 0.06309 0.31456
FE 0.43813 0.18823 0.31271
FE 0.43813 0.06291 0.43517
FE 0.31286 0.18797 0.43401
FE 0.31415 0.06332 0.56430
FE 0.43825 0.18820 0.56343
FE 0.43818 0.06306 0.68708
FE 0.31409 0.18895 0.68353
FE 0.31225 0.31253 0.31555
FE 0.43811 0.43690 0.31272
FE 0.43745 0.31252 0.43560
FE 0.31287 0.43716 0.43404
FE 0.31209 0.31249 0.56502
FE 0.43823 0.43685 0.56346
FE 0.43752 0.31248 0.68657
FE 0.31404 0.43607 0.68358
FE 0.31352 0.56200 0.31450
FE 0.43883 0.68748 0.31291
FE 0.43814 0.56212 0.43513
FE 0.31287 0.68704 0.43379
FE 0.31417 0.56166 0.56433
FE 0.43816 0.68772 0.56383
FE 0.43826 0.56181 0.68712
FE 0.31443 0.68465 0.68414
FE 0.31368 0.81251 0.31492
FE 0.43882 0.93774 0.31293
FE 0.43738 0.81251 0.43557
FE 0.31286 0.93801 0.43380
FE 0.31143 0.81243 0.56306
FE 0.43813 0.93729 0.56386
FE 0.43242 0.81242 0.68726
FE 0.31437 0.94018 0.68415
FE 0.56250 0.06284 0.31483
FE 0.68691 0.18823 0.31269
FE 0.68693 0.06292 0.43513
FE 0.56248 0.18781 0.43427
FE 0.56252 0.06257 0.56524
FE 0.68679 0.18821 0.56341
FE 0.68696 0.06311 0.68709
FE 0.56250 0.18854 0.68434
FE 0.56248 0.31254 0.31543
FE 0.68688 0.43686 0.31269
FE 0.68757 0.31251 0.43557
FE 0.56248 0.43731 0.43431
FE 0.56249 0.31248 0.56494
FE 0.68683 0.43683 0.56344
FE 0.68755 0.31245 0.68656
FE 0.56254 0.43640 0.68434
FE 0.56248 0.56222 0.31478
FE 0.68610 0.68746 0.31285
FE 0.68692 0.56211 0.43510
FE 0.56249 0.68772 0.43502
FE 0.56252 0.56235 0.56522
FE 0.68689 0.68772 0.56383
FE 0.68691 0.56182 0.68711
FE 0.56251 0.68992 0.68445
FE 0.56246 0.81254 0.31539
FE 0.68615 0.93768 0.31287
FE 0.68766 0.81250 0.43552
FE 0.56249 0.93737 0.43504
FE 0.56249 0.81244 0.56710
FE 0.68692 0.93728 0.56385
FE 0.69264 0.81243 0.68728
FE 0.56252 0.93496 0.68444
FE 0.81149 0.06309 0.31447
FE 0.93819 0.18777 0.31304
FE 0.93546 0.06331 0.43484
FE 0.81210 0.18799 0.43394
FE 0.81090 0.06333 0.56425
FE 0.93723 0.18720 0.56414
FE 0.93110 0.06491 0.68878
FE 0.81097 0.18902 0.68343
FE 0.81275 0.31253 0.31553
FE 0.93813 0.43740 0.31303
FE 0.93750 0.31253 0.43599
FE 0.81209 0.43714 0.43397
FE 0.81289 0.31250 0.56495
FE 0.93722 0.43785 0.56418
FE 0.93882 0.31239 0.68725
FE 0.81102 0.43599 0.68355
FE 0.81142 0.56197 0.31439
FE 0.93754 0.68668 0.31276
FE 0.93540 0.56171 0.43480
FE 0.81204 0.68704 0.43370
FE 0.81088 0.56164 0.56429
FE 0.93511 0.68367 0.56509
FE 0.93119 0.56015 0.68878
FE 0.81062 0.68469 0.68415
FE 0.81136 0.81248 0.31480
FE 0.93756 0.93837 0.31277
FE 0.93451 0.81246 0.43159
FE 0.81206 0.93802 0.43370
FE 0.81352 0.81245 0.56308
FE 0.93512 0.94124 0.56510
FE 0.92515 0.81238 0.69555
FE 0.81067 0.94014 0.68418
