256
Lattice="13.69922 0.00013699220000000002 -0.0 -0.00013699220000000002 14.462951515 -0.00013699220000000002 -0.0 0.00013699220000000002 13.6990830078"
RU 0.06265 0.06257 0.06224
FE 0.18870 0.18874 0.06272
FE 0.19044 0.06251 0.19007
FE 0.06251 0.18881 0.18877
FE 0.06292 0.06265 0.31256
FE 0.18778 0.18770 0.31266
FE 0.18754 0.06247 0.43739
FE 0.06262 0.18782 0.43732
FE 0.06284 0.06261 0.56271
FE 0.18721 0.18740 0.56218
FE 0.18749 0.06222 0.68774
FE 0.06258 0.18750 0.68746
FE 0.06256 0.06249 0.81234
FE 0.18751 0.18747 0.81230
FE 0.19026 0.06243 0.93473
FE 0.06229 0.18888 0.93640
FE 0.06226 0.31260 0.06301
FE 0.18779 0.43740 0.06302
FE 0.18772 0.31265 0.18773
FE 0.06277 0.43735 0.18795
FE 0.06224 0.31286 0.31252
FE 0.18759 0.43764 0.31256
FE 0.18641 0.31260 0.43635
FE 0.06228 0.43766 0.43735
FE 0.06269 0.31253 0.56231
FE 0.18730 0.43767 0.56192
FE 0.18728 0.31252 0.68733
FE 0.06282 0.43743 0.68701
FE 0.06269 0.31264 0.81203
FE 0.18757 0.43763 0.81237
FE 0.18680 0.31234 0.93863
FE 0.06355 0.43619 0.93771
FE 0.06535 0.56249 0.06532
FE 0.18800 0.68773 0.06279
FE 0.18876 0.56249 0.18875
FE 0.06288 0.68767 0.18790
FE 0.06263 0.56242 0.31238
FE 0.18786 0.68746 0.31270
FE 0.18756 0.56250 0.43744
FE 0.06283 0.68717 0.43752
FE 0.06253 0.56246 0.56246
FE 0.18775 0.68763 0.56224
FE 0.18844 0.56284 0.68619
FE 0.06285 0.68765 0.68706
FE 0.06522 0.56255 0.80980
FE 0.18795 0.68771 0.81208
FE 0.18787 0.56255 0.93760
FE 0.06380 0.68887 0.93751
FE 0.06283 0.81225 0.06239
FE 0.18918 0.93617 0.06214
FE 0.18799 0.81221 0.18754
FE 0.06386 0.93608 0.18759
FE 0.06299 0.81202 0.31261
FE 0.18781 0.93731 0.31286
FE 0.18763 0.81237 0.43759
FE 0.06286 0.93745 0.43751
FE 0.06298 0.81233 0.56265
FE 0.18741 0.93741 0.56246
FE 0.18788 0.81236 0.68750
FE 0.06375 0.93749 0.68862
FE 0.06281 0.81223 0.81215
FE 0.18825 0.93730 0.81237
FE 0.18808 0.81255 0.93737
FE 0.06253 0.93604 0.93621
FE 0.31285 0.06243 0.06254
FE 0.43752 0.18754 0.06247
FE 0.43725 0.06256 0.18739
FE 0.31294 0.18774 0.18780
FE 0.31370 0.06243 0.31362
FE 0.43762 0.18765 0.31260
FE 0.43791 0.06219 0.43756
FE 0.31237 0.18743 0.43727
FE 0.31238 0.06227 0.56232
FE 0.43745 0.18620 0.56129
FE 0.43770 0.06223 0.68730
FE 0.31147 0.18619 0.68730
FE 0.31363 0.06228 0.81143
FE 0.43774 0.18620 0.81358
FE 0.43743 0.06217 0.93781
FE 0.31267 0.18750 0.93766
FE 0.31290 0.31275 0.06249
FE 0.43756 0.43763 0.06249
FE 0.43761 0.31255 0.18761
FE 0.31279 0.43756 0.18774
FE 0.31251 0.31254 0.31261
FE 0.43751 0.43758 0.31251
FE 0.43750 0.31255 0.43712
FE 0.31224 0.43773 0.43707
FE 0.30982 0.31251 0.55971
FE 0.43753 0.43887 0.56117
RU 0.43751 0.31253 0.68744
FE 0.31149 0.43883 0.68730
FE 0.30996 0.31246 0.81518
FE 0.43754 0.43891 0.81373
FE 0.43764 0.31255 0.93788
FE 0.31227 0.43779 0.93794
FE 0.31240 0.56257 0.06265
FE 0.43754 0.68751 0.06250
FE 0.43752 0.56247 0.18756
FE 0.31281 0.68748 0.18769
FE 0.31285 0.56255 0.31278
FE 0.43742 0.68751 0.31243
FE 0.43747 0.56279 0.43714
FE 0.31252 0.68763 0.43742
FE 0.31273 0.56268 0.56190
FE 0.43740 0.68748 0.56244
FE 0.43750 0.56279 0.68745
FE 0.31272 0.68755 0.68732
FE 0.31231 0.56271 0.81252
FE 0.43752 0.68749 0.81245
FE 0.43753 0.56284 0.93786
FE 0.31257 0.68756 0.93757
FE 0.31295 0.81217 0.06248
FE 0.43713 0.93742 0.06209
FE 0.43740 0.81234 0.18740
FE 0.31296 0.93731 0.18777
FE 0.31257 0.81241 0.31251
FE 0.43777 0.93737 0.31254
FE 0.43751 0.81240 0.43750
FE 0.31265 0.93732 0.43761
FE 0.31255 0.81244 0.56245
FE 0.43760 0.93748 0.56250
FE 0.43731 0.81239 0.68763
FE 0.31270 0.93744 0.68730
FE 0.31268 0.81245 0.81236
FE 0.43732 0.93743 0.81267
FE 0.43757 0.81236 0.93745
FE 0.31295 0.93725 0.93726
FE 0.56230 0.06249 0.06237
FE 0.68753 0.18747 0.06262
FE 0.68723 0.06265 0.18714
FE 0.56238 0.18758 0.18747
FE 0.56205 0.06261 0.31209
FE 0.68729 0.18775 0.31231
FE 0.68595 0.06385 0.43778
FE 0.56242 0.18772 0.43710
FE 0.56217 0.06247 0.56263
FE 0.68774 0.18757 0.56228
FE 0.68711 0.06234 0.68756
FE 0.56365 0.18617 0.68753
FE 0.56240 0.06234 0.81280
FE 0.68759 0.18739 0.81268
FE 0.68760 0.06243 0.93752
FE 0.56270 0.18733 0.93797
FE 0.56240 0.31244 0.06247
FE 0.68719 0.43746 0.06300
FE 0.68733 0.31260 0.18755
FE 0.56223 0.43748 0.18769
FE 0.56241 0.31261 0.31254
FE 0.68749 0.43756 0.31249
FE 0.68868 0.31249 0.43626
FE 0.56273 0.43771 0.43704
FE 0.56520 0.31260 0.55973
FE 0.68778 0.43766 0.56190
FE 0.68781 0.31254 0.68752
FE 0.56351 0.43882 0.68731
FE 0.56517 0.31245 0.81522
FE 0.68749 0.43756 0.81247
FE 0.68829 0.31220 0.93873
FE 0.56277 0.43770 0.93798
FE 0.56255 0.56255 0.06263
FE 0.68695 0.68762 0.06269
FE 0.68622 0.56243 0.18866
FE 0.56216 0.68755 0.18763
FE 0.56202 0.56246 0.31272
FE 0.68713 0.68740 0.31252
FE 0.68752 0.56256 0.43742
FE 0.56207 0.68731 0.43740
FE 0.56212 0.56260 0.56193
FE 0.68724 0.68750 0.56235
FE 0.68657 0.56277 0.68630
FE 0.56216 0.68755 0.68737
FE 0.56265 0.56269 0.81256
FE 0.68707 0.68772 0.81227
FE 0.68716 0.56254 0.93759
FE 0.56242 0.68763 0.93760
FE 0.56215 0.81244 0.06231
FE 0.68733 0.93753 0.06254
FE 0.68698 0.81225 0.18717
FE 0.56119 0.93750 0.18625
FE 0.56198 0.81224 0.31217
FE 0.68442 0.93745 0.30992
FE 0.68616 0.81111 0.43749
FE 0.56207 0.93738 0.43746
FE 0.56196 0.81226 0.56276
FE 0.68466 0.93739 0.56527
FE 0.68708 0.81229 0.68787
FE 0.56119 0.93752 0.68867
FE 0.56214 0.81241 0.81256
FE 0.68720 0.93742 0.81220
FE 0.68703 0.81272 0.93746
FE 0.56239 0.93744 0.93758
FE 0.81207 0.06249 0.06245
FE 0.93629 0.18892 0.06242
FE 0.93497 0.06269 0.18976
FE 0.81202 0.18794 0.18759
FE 0.81114 0.06399 0.31250
FE 0.93735 0.18787 0.31276
FE 0.93868 0.06388 0.43743
FE 0.81249 0.18786 0.43754
FE 0.81253 0.06386 0.56369
FE 0.93767 0.18771 0.56256
FE 0.93778 0.06267 0.68800
FE 0.81224 0.18782 0.68756
FE 0.81133 0.06244 0.81129
FE 0.93725 0.18781 0.81212
FE 0.93468 0.06246 0.93471
FE 0.81222 0.18767 0.93739
FE 0.81235 0.31267 0.06300
FE 0.93751 0.43613 0.06378
FE 0.93740 0.31245 0.18793
FE 0.81210 0.43746 0.18800
FE 0.81273 0.31248 0.31225
FE 0.93748 0.43761 0.31253
FE 0.93747 0.31256 0.43757
FE 0.81266 0.43763 0.43732
FE 0.81232 0.31245 0.56228
FE 0.93751 0.43752 0.56242
FE 0.93750 0.31232 0.68712
FE 0.81215 0.43741 0.68703
FE 0.81220 0.31238 0.81234
FE 0.93749 0.43623 0.81116
FE 0.93736 0.31239 0.93741
FE 0.81134 0.43630 0.93769
FE 0.80974 0.56245 0.06529
FE 0.93757 0.68881 0.06363
FE 0.93757 0.56240 0.18782
FE 0.81204 0.68729 0.18764
FE 0.81239 0.56252 0.31242
FE 0.93764 0.68727 0.31242
FE 0.93751 0.56253 0.43747
FE 0.81245 0.68723 0.43750
FE 0.81251 0.56257 0.56244
FE 0.93767 0.68736 0.56259
FE 0.93755 0.56239 0.68717
FE 0.81216 0.68740 0.68738
FE 0.80985 0.56251 0.80982
FE 0.93757 0.68871 0.81122
RU 0.93753 0.56254 0.93757
FE 0.81114 0.68880 0.93751
FE 0.81194 0.81228 0.06260
FE 0.93629 0.93608 0.06251
FE 0.93769 0.81239 0.18758
FE 0.81195 0.93742 0.18753
FE 0.81230 0.81112 0.31141
FE 0.93993 0.93735 0.31026
FE 0.93869 0.81104 0.43762
RU 0.81228 0.93737 0.43771
FE 0.81237 0.81110 0.56365
FE 0.94022 0.93754 0.56525
FE 0.93779 0.81252 0.68748
FE 0.81226 0.93747 0.68759
FE 0.81225 0.81254 0.81224
FE 0.93725 0.93729 0.81194
FE 0.93737 0.81254 0.93735
FE 0.81202 0.93727 0.93718
