129
Lattice="13.67994 0.0 0.0 0.0 14.386235302200001 0.0 0.0 0.0 13.67994"
RU 0.12472 0.12521 0.19574
FE 0.05813 0.05730 0.32074
FE 0.19177 0.19251 0.32077
FE 0.18861 0.06241 0.43617
FE 0.06131 0.18750 0.43615
FE 0.06277 0.06264 0.56334
FE 0.18719 0.18731 0.56340
FE 0.18796 0.06367 0.68277
FE 0.06189 0.18632 0.68281
FE 0.06672 0.31021 0.30720
FE 0.18933 0.43999 0.31399
FE 0.18698 0.31489 0.43633
FE 0.06241 0.43757 0.43225
FE 0.06189 0.31194 0.56239
FE 0.18645 0.43755 0.56424
FE 0.18583 0.31107 0.68318
FE 0.06234 0.43646 0.68495
FE 0.06158 0.56344 0.31451
FE 0.18834 0.68645 0.31455
FE 0.18785 0.56289 0.43393
FE 0.06208 0.68701 0.43393
FE 0.06279 0.56216 0.56356
FE 0.18711 0.68773 0.56357
FE 0.18632 0.56196 0.68541
FE 0.06360 0.68793 0.68544
FE 0.06062 0.80994 0.31400
FE 0.18328 0.93965 0.30726
FE 0.18754 0.81234 0.43226
FE 0.06297 0.93500 0.43632
FE 0.06348 0.81237 0.56420
FE 0.18804 0.93797 0.56241
FE 0.18754 0.81344 0.68494
FE 0.06409 0.93885 0.68320
FE 0.30898 0.06681 0.30557
FE 0.44060 0.18906 0.31426
FE 0.43604 0.06264 0.43193
FE 0.31563 0.18783 0.43758
FE 0.31275 0.06300 0.56321
FE 0.43819 0.18741 0.56550
FE 0.43640 0.06269 0.68503
FE 0.31180 0.18756 0.68399
FE 0.30980 0.31030 0.31448
FE 0.43881 0.43744 0.31604
FE 0.43794 0.31301 0.43480
FE 0.31306 0.43766 0.43557
FE 0.31184 0.31188 0.56442
FE 0.43639 0.43619 0.56660
FE 0.43638 0.31131 0.68582
FE 0.31006 0.43595 0.68571
FE 0.31532 0.56349 0.31590
FE 0.44013 0.68715 0.31686
FE 0.43827 0.56244 0.43813
FE 0.31327 0.68729 0.43510
FE 0.31129 0.56204 0.56558
FE 0.43599 0.68793 0.56693
FE 0.43485 0.56154 0.68641
FE 0.31020 0.68797 0.68575
FE 0.31366 0.81163 0.31354
FE 0.43874 0.93791 0.31320
FE 0.43727 0.81234 0.43578
FE 0.31141 0.93801 0.43045
FE 0.31093 0.81354 0.56284
FE 0.43492 0.93852 0.56267
FE 0.43412 0.81416 0.68509
FE 0.31101 0.93865 0.68469
FE 0.56408 0.06196 0.31441
FE 0.68580 0.18797 0.31446
FE 0.68753 0.06204 0.43554
FE 0.56237 0.18789 0.43556
FE 0.56112 0.06265 0.56382
FE 0.68879 0.18727 0.56386
FE 0.68678 0.06260 0.68471
FE 0.56314 0.18730 0.68478
FE 0.56452 0.31417 0.31592
FE 0.68694 0.43841 0.31715
FE 0.68831 0.31289 0.43614
FE 0.56248 0.43764 0.43822
FE 0.56244 0.31183 0.56588
FE 0.68841 0.43651 0.56723
FE 0.68959 0.31152 0.68380
FE 0.56202 0.43544 0.68620
FE 0.56354 0.56259 0.31837
FE 0.68637 0.68731 0.31839
FE 0.68727 0.56252 0.43977
FE 0.56264 0.68738 0.43978
FE 0.56207 0.56189 0.56929
FE 0.68789 0.68805 0.56927
FE 0.68906 0.56138 0.68654
FE 0.56091 0.68859 0.68655
FE 0.56295 0.81152 0.31712
FE 0.68540 0.93576 0.31592
FE 0.68741 0.81227 0.43820
FE 0.56161 0.93704 0.43613
FE 0.56152 0.81342 0.56720
FE 0.68748 0.93810 0.56586
FE 0.68794 0.81452 0.68614
FE 0.56034 0.93841 0.68382
FE 0.80931 0.06090 0.31426
FE 0.94096 0.18313 0.30553
FE 0.93432 0.06210 0.43754
FE 0.81388 0.18729 0.43193
FE 0.81174 0.06253 0.56543
FE 0.93716 0.18694 0.56319
FE 0.93817 0.06237 0.68387
FE 0.81354 0.18720 0.68504
FE 0.81114 0.31200 0.31318
FE 0.93628 0.43826 0.31354
FE 0.93852 0.31189 0.43041
FE 0.81266 0.43757 0.43577
FE 0.81500 0.31142 0.56265
FE 0.93900 0.43637 0.56280
FE 0.93886 0.31128 0.68463
FE 0.81582 0.43578 0.68511
FE 0.80979 0.56275 0.31682
FE 0.93462 0.68644 0.31589
FE 0.93665 0.56262 0.43505
FE 0.81168 0.68747 0.43810
FE 0.81393 0.56201 0.56690
FE 0.93866 0.68788 0.56555
FE 0.93971 0.56196 0.68573
FE 0.81511 0.68841 0.68640
FE 0.81109 0.81248 0.31602
FE 0.94007 0.93957 0.31453
FE 0.93687 0.81226 0.43553
FE 0.81198 0.93691 0.43479
FE 0.81355 0.81374 0.56655
FE 0.93811 0.93804 0.56438
FE 0.93988 0.81397 0.68565
FE 0.81360 0.93865 0.68579
