32
Lattice="7.00085 0.000420051 -0.0 0.000420051 7.332060213499999 0.000420051 -0.0 0.000420051 7.00085"
RU -0.00555 -0.00401 -0.00555
RU 0.25671 0.25571 -0.00524
RU 0.25731 -0.00347 0.25731
RU -0.00524 0.25571 0.25671
FE -0.00274 -0.00128 0.50341
FE 0.25318 0.25223 0.50355
FE 0.25588 -0.00103 0.74369
FE -0.00231 0.25396 0.74437
FE -0.00127 0.50238 -0.00127
FE 0.25388 0.74506 -0.00109
FE 0.25188 0.50236 0.25188
FE -0.00109 0.74506 0.25388
FE -0.00040 0.50179 0.50167
FE 0.25068 0.74748 0.50145
FE 0.25100 0.50159 0.74796
FE -0.00032 0.74584 0.74610
FE 0.50341 -0.00128 -0.00274
FE 0.74437 0.25396 -0.00231
FE 0.74369 -0.00103 0.25588
FE 0.50355 0.25223 0.25318
FE 0.50323 -0.00004 0.50323
FE 0.74675 0.25099 0.50291
FE 0.74424 -0.00004 0.74424
FE 0.50291 0.25099 0.74675
FE 0.50167 0.50179 -0.00040
FE 0.74610 0.74584 -0.00032
FE 0.74796 0.50159 0.25100
FE 0.50145 0.74748 0.25068
FE 0.50038 0.50008 0.50038
FE 0.74931 0.74898 0.50037
FE 0.74899 0.50010 0.74899
FE 0.50037 0.74898 0.74931
