/* Converted from PWscf output file */ 
#L_UNITS ang 
#E_UNITS eV 
#S_UNITS GPA 
#F_UNITS EV/ANG 
#ALAT 	  13.67994     // a0 
#X 	   1.00000     0.00000     0.00000     // X 
#Y 	   0.00000     1.05163     0.00000     // Y 
#Z 	   0.00000     0.00000     1.00000     // Z 
#SX 	  -2.14758     0.06125    -0.08852     // SX 
#SY 	   0.06125    -1.44013     0.07831     // SY 
#SZ 	  -0.08852     0.07831    -2.20577     // SZ 
#EPA 	  -3.71922     // Energy per Atom 
#C 	1 1 1 
#W 	1.0 
#RCUT 	6.5        // Rcut 
PD      0.50254      0.50961      0.70531      0.37002     -0.38866      0.18855
FE      0.41875      0.46218      0.85112      0.00560      0.00195     -0.02072
FE      0.54843      0.59044      0.85144     -0.04424      0.04663      0.00807
FE      0.54682      0.46235      0.97213     -0.00438      0.08468     -0.05511
FE      0.42250      0.58834      0.97245     -0.00607     -0.06344     -0.03863
FE      0.42232      0.46231      0.09973      0.03604     -0.03329      0.00421
FE      0.54766      0.58789      0.09981     -0.03245      0.02936     -0.00255
FE      0.54822      0.46181      0.21790      0.05123     -0.00264      0.03343
FE      0.42166      0.58831      0.21794     -0.04632      0.00725      0.03355
FE      0.42536      0.71054      0.84723     -0.09781      0.05549     -0.08226
FE      0.54774      0.83543      0.84754     -0.09970      0.02498     -0.06094
FE      0.54812      0.71346      0.97122      0.00110     -0.06200     -0.03891
FE      0.42339      0.83696      0.96857      0.00842     -0.01045     -0.03753
FE      0.42283      0.71343      0.09786     -0.05978      0.02719      0.10299
FE      0.54855      0.83885      0.09822     -0.05586      0.00365      0.00009
FE      0.54873      0.71434      0.21746      0.00328      0.00292      0.01438
FE      0.42033      0.83920      0.21624      0.01618     -0.01636     -0.02123
FE      0.42485      0.96171      0.84451     -0.00729     -0.00181      0.01147
FE      0.54475      0.08827      0.84455      0.00295      0.00162      0.01317
FE      0.54637      0.96198      0.96713      0.06146      0.04689      0.06334
FE      0.42337      0.08809      0.96715     -0.07196     -0.04575      0.06385
FE      0.42158      0.96283      0.09620      0.03513     -0.00078      0.02274
FE      0.54826      0.08721      0.09606     -0.02646      0.00860      0.01678
FE      0.54880      0.96345      0.21617     -0.00042     -0.01990     -0.06053
FE      0.42133      0.08655      0.21621      0.00205      0.02810     -0.06184
FE      0.42184      0.21406      0.84720      0.09539     -0.02469     -0.06173
FE      0.54295      0.34092      0.84394      0.06656      0.00026     -0.16397
FE      0.54629      0.21357      0.96792     -0.02942      0.02142     -0.04974
FE      0.42186      0.33715      0.97062      0.00980      0.05341     -0.03914
FE      0.42139      0.21128      0.09798      0.06789      0.00784     -0.01139
FE      0.54692      0.33677      0.09771      0.05593     -0.02271      0.09028
FE      0.54963      0.21090      0.21603     -0.01112      0.02132     -0.02320
FE      0.42128      0.33567      0.21752     -0.00104     -0.00240      0.00932
FE      0.66764      0.46622      0.84223     -0.00334     -0.06423     -0.17816
FE      0.79571      0.58834      0.84719     -0.04461     -0.09914     -0.02058
FE      0.79415      0.46249      0.96420      0.04834      0.04144     -0.04578
FE      0.67216      0.58816      0.97186     -0.01396     -0.02141     -0.17652
FE      0.67241      0.46214      0.09661      0.00749     -0.01957      0.05744
FE      0.79855      0.58723      0.09605      0.03096      0.00882     -0.05048
FE      0.79801      0.46252      0.21599      0.10902     -0.02028     -0.00341
FE      0.67467      0.58764      0.21590     -0.00290      0.04005      0.14257
FE      0.67126      0.71149      0.84709     -0.03960      0.01244      0.03040
FE      0.79549      0.83722      0.84471     -0.01048     -0.02454     -0.05000
FE      0.79748      0.71314      0.96699     -0.02626     -0.07533     -0.10345
FE      0.67254      0.83783      0.96665     -0.02113     -0.05829      0.05123
FE      0.67417      0.71318      0.09793     -0.10538      0.05086     -0.04161
FE      0.79904      0.83780      0.09328     -0.00409      0.03099      0.01809
FE      0.80031      0.71313      0.21459      0.01864      0.04584      0.13091
FE      0.67592      0.83981      0.21553      0.03247     -0.04778      0.03643
FE      0.66836      0.96133      0.84473      0.02213      0.06778     -0.05748
FE      0.79393      0.08780      0.84302      0.00878      0.04394     -0.08354
FE      0.79588      0.96333      0.96222      0.06099     -0.07216     -0.01695
FE      0.67042      0.08740      0.96344      0.03482      0.03538      0.09933
FE      0.67430      0.96277      0.09414     -0.09582      0.04259      0.03269
FE      0.79852      0.08790      0.08990     -0.05882     -0.02396      0.06484
FE      0.80192      0.96331      0.21249     -0.02129      0.00141     -0.00105
FE      0.67621      0.08688      0.21428     -0.00019      0.00487     -0.01228
FE      0.66740      0.21292      0.84478      0.03423      0.09038     -0.03157
FE      0.79445      0.33841      0.84504     -0.04344      0.05061     -0.00676
FE      0.79563      0.21275      0.96152      0.05498      0.03597      0.00210
FE      0.67012      0.33794      0.96638     -0.00355      0.08596     -0.11935
FE      0.67380      0.21271      0.09326     -0.09767     -0.05727      0.07543
FE      0.79771      0.33847      0.09236     -0.06008     -0.08563      0.02259
FE      0.79933      0.21162      0.21290      0.03991     -0.00318      0.02491
FE      0.67480      0.33663      0.21594      0.02467     -0.02833     -0.00174
FE      0.92161      0.46317      0.84469     -0.02329      0.00043      0.03901
FE      0.04840      0.58684      0.84483      0.02899      0.00081      0.04363
FE      0.04857      0.46306      0.96527     -0.11631     -0.01595     -0.04120
FE      0.92114      0.58678      0.96527      0.12610      0.01383     -0.03367
FE      0.92198      0.46271      0.09355     -0.00752     -0.04612     -0.03682
FE      0.04744      0.58716      0.09411      0.00233      0.04858     -0.02569
FE      0.04559      0.46228      0.21509      0.00026     -0.02218      0.03002
FE      0.92380      0.58753      0.21528     -0.02586      0.02121      0.03351
FE      0.92075      0.71050      0.84398      0.02026      0.06325      0.01904
FE      0.04724      0.83600      0.84238      0.05433      0.00329     -0.00377
FE      0.04756      0.71154      0.96359      0.01490      0.01559     -0.05755
FE      0.92260      0.83699      0.96214     -0.04147      0.00744     -0.01610
FE      0.92327      0.71215      0.09357      0.07098      0.03173     -0.01130
FE      0.04798      0.83704      0.08992     -0.00341      0.02565      0.04120
FE      0.04824      0.71271      0.21500     -0.07549      0.01604     -0.03438
FE      0.92519      0.83860      0.21224     -0.04105     -0.05357      0.04343
FE      0.92126      0.96261      0.84227     -0.00610     -0.01706     -0.00957
FE      0.04877      0.08739      0.84232      0.00781      0.01933     -0.00833
FE      0.04832      0.96151      0.95946     -0.04338      0.08021      0.05371
FE      0.92154      0.08860      0.95934      0.04597     -0.07635      0.05267
FE      0.92303      0.96247      0.08765      0.00383      0.02876      0.10456
FE      0.04674      0.08765      0.08778     -0.01606     -0.02987      0.09799
FE      0.04579      0.96294      0.21057      0.02711     -0.01619      0.01684
FE      0.92379      0.08725      0.21053     -0.03741      0.01854      0.01719
FE      0.92264      0.21407      0.84220     -0.05779      0.00152     -0.00715
FE      0.04913      0.33953      0.84415     -0.01357     -0.05580      0.02547
FE      0.04725      0.21313      0.96211      0.03578     -0.00511     -0.01388
FE      0.92186      0.33854      0.96331     -0.01472     -0.00915     -0.06923
FE      0.92174      0.21303      0.08967     -0.00153     -0.02093      0.03887
FE      0.04648      0.33783      0.09346     -0.08191     -0.03762     -0.01538
FE      0.04450      0.21144      0.21208      0.03412      0.05981      0.03802
FE      0.92129      0.33718      0.21465      0.06337     -0.01493     -0.03458
FE      0.17453      0.46169      0.84712      0.04934      0.10215     -0.01839
FE      0.30022      0.58548      0.84648     -0.01836      0.11103     -0.06811
FE      0.29748      0.46200      0.97231     -0.03398      0.03371     -0.13503
FE      0.17448      0.58758      0.96556     -0.08110     -0.03275     -0.01868
FE      0.17107      0.46261      0.09639     -0.03861     -0.00787     -0.03848
FE      0.29712      0.58800      0.09705     -0.02506      0.01791      0.07797
FE      0.29528      0.46231      0.21577     -0.00194     -0.04074      0.13878
FE      0.17162      0.58733      0.21629     -0.10819      0.02340      0.00086
FE      0.17508      0.71193      0.84511      0.03783     -0.03751     -0.00938
FE      0.30214      0.83707      0.84517     -0.04933     -0.09174     -0.02503
FE      0.29876      0.71260      0.96737     -0.00491     -0.06142     -0.10434
FE      0.17395      0.83735      0.96199     -0.06982     -0.02820      0.01271
FE      0.17161      0.71166      0.09312      0.04657      0.08869      0.04545
FE      0.29588      0.83746      0.09375      0.07740      0.06638      0.08859
FE      0.29496      0.71342      0.21602     -0.02690      0.02873      0.00169
FE      0.17029      0.83853      0.21330     -0.04453      0.00714      0.03138
FE      0.17591      0.96216      0.84308     -0.00655     -0.03874     -0.08032
FE      0.30126      0.08870      0.84481     -0.03294     -0.07121     -0.05476
FE      0.29936      0.96271      0.96371     -0.03516     -0.02718      0.10982
FE      0.17393      0.08675      0.96247     -0.06956      0.07792     -0.02112
FE      0.17124      0.96221      0.09013      0.06500      0.02584      0.06929
FE      0.29563      0.08723      0.09433      0.08553     -0.03266      0.03401
FE      0.29366      0.96323      0.21443      0.00210      0.00030     -0.01208
FE      0.16786      0.08679      0.21258      0.01844      0.00266      0.00103
FE      0.17437      0.21288      0.84468      0.01052      0.03578     -0.05157
FE      0.29888      0.33859      0.84720      0.04623     -0.02181      0.02365
FE      0.29734      0.21221      0.96668      0.02671      0.05871      0.04906
FE      0.17260      0.33693      0.96706      0.01602      0.07749     -0.10354
FE      0.17084      0.21224      0.09329      0.01079     -0.02639      0.01863
FE      0.29587      0.33681      0.09800      0.09861     -0.04823     -0.03731
FE      0.29410      0.21018      0.21538     -0.02165      0.05568      0.03496
FE      0.16949      0.33677      0.21464     -0.02127     -0.04922      0.12869
