/* Converted from PWscf output file */ 
#L_UNITS ang 
#E_UNITS eV 
#S_UNITS GPA 
#F_UNITS EV/ANG 
#ALAT 	   6.88846     // a0 
#X 	   1.00000     0.00000     0.00000     // X 
#Y 	   0.00000     1.05498     0.00000     // Y 
#Z 	   0.00000     0.00000     1.00000     // Z 
#SX 	  -0.34549     0.00000     0.00000     // SX 
#SY 	   0.00000    -0.36459     0.00000     // SY 
#SZ 	   0.00000     0.00000    -0.34549     // SZ 
#EPA 	  -4.22923     // Energy per Atom 
#C 	1 1 1 
#W 	20.0 
#RCUT 	6.5        // Rcut 
PD      0.00000      0.00000      0.00000      0.00000      0.00000      0.00000
FE      0.25510      0.25496      0.00000      0.04749      0.04916     -0.00000
FE      0.25715      0.00000      0.25715      0.01865      0.00000      0.01865
FE      0.00000      0.25496      0.25510      0.00000      0.04916      0.04749
FE      0.00000      0.00000      0.50000      0.00000      0.00000      0.00000
FE      0.25047      0.25070      0.50000      0.00312      0.02429      0.00000
FE      0.25715      0.00000      0.74285      0.01865      0.00000     -0.01865
FE      0.00000      0.25496      0.74490      0.00000      0.04916     -0.04749
FE      0.00000      0.50000      0.00000      0.00000      0.00000      0.00000
FE      0.25510      0.74504      0.00000      0.04749     -0.04916      0.00000
FE      0.25063      0.50000      0.25063      0.02139      0.00000      0.02139
FE      0.00000      0.74504      0.25510      0.00000     -0.04916      0.04749
FE      0.00000      0.50000      0.50000      0.00000      0.00000      0.00000
FE      0.25047      0.74930      0.50000      0.00312     -0.02429      0.00000
FE      0.25063      0.50000      0.74937      0.02139      0.00000     -0.02139
FE      0.00000      0.74504      0.74490      0.00000     -0.04916     -0.04749
FE      0.50000      0.00000      0.00000      0.00000      0.00000      0.00000
FE      0.74490      0.25496      0.00000     -0.04749      0.04916      0.00000
FE      0.74285      0.00000      0.25715     -0.01865      0.00000      0.01865
FE      0.50000      0.25070      0.25047      0.00000      0.02429      0.00312
FE      0.50000      0.00000      0.50000      0.00000      0.00000      0.00000
FE      0.74953      0.25070      0.50000     -0.00312      0.02429      0.00000
FE      0.74285      0.00000      0.74285     -0.01865      0.00000     -0.01865
FE      0.50000      0.25070      0.74953      0.00000      0.02429     -0.00312
FE      0.50000      0.50000      0.00000      0.00000      0.00000      0.00000
FE      0.74490      0.74504      0.00000     -0.04749     -0.04916     -0.00000
FE      0.74937      0.50000      0.25063     -0.02139      0.00000      0.02139
FE      0.50000      0.74930      0.25047      0.00000     -0.02429      0.00312
FE      0.50000      0.50000      0.50000      0.00000      0.00000      0.00000
FE      0.74953      0.74930      0.50000     -0.00312     -0.02429      0.00000
FE      0.74937      0.50000      0.74937     -0.02139      0.00000     -0.02139
FE      0.50000      0.74930      0.74953      0.00000     -0.02429     -0.00312
