/* Converted from PWscf output file */ 
#L_UNITS ang 
#E_UNITS eV 
#S_UNITS GPA 
#F_UNITS EV/ANG 
#ALAT 	   6.88485     // a0 
#X 	   1.00000     0.00000     0.00000     // X 
#Y 	   0.00000     1.05477     0.00000     // Y 
#Z 	   0.00000     0.00000     1.00000     // Z 
#SX 	   0.05892     0.00000     0.00000     // SX 
#SY 	   0.00000    -0.09056     0.00000     // SY 
#SZ 	   0.00000     0.00000     0.05892     // SZ 
#EPA 	  -4.22931     // Energy per Atom 
#C 	1 1 1 
#W 	20.0 
#RCUT 	6.5        // Rcut 
PD      0.00000      0.00000      0.00000      0.00000      0.00000      0.00000
FE      0.25523      0.25516      0.00000     -0.00209      0.00753      0.00000
FE      0.25708      0.00000      0.25708     -0.01456     -0.00000     -0.01456
FE      0.00000      0.25516      0.25523      0.00000      0.00753     -0.00209
FE      0.00000      0.00000      0.50000      0.00000      0.00000      0.00000
FE      0.25049      0.25089      0.50000      0.00071      0.01428     -0.00000
FE      0.25708      0.00000      0.74292     -0.01456     -0.00000      0.01456
FE      0.00000      0.25516      0.74477      0.00000      0.00753      0.00209
FE      0.00000      0.50000      0.00000      0.00000      0.00000      0.00000
FE      0.25523      0.74484      0.00000     -0.00209     -0.00753     -0.00000
FE      0.25080      0.50000      0.25080      0.01196     -0.00000      0.01196
FE      0.00000      0.74484      0.25523      0.00000     -0.00753     -0.00209
FE      0.00000      0.50000      0.50000      0.00000      0.00000      0.00000
FE      0.25049      0.74911      0.50000      0.00071     -0.01428     -0.00000
FE      0.25080      0.50000      0.74920      0.01196      0.00000     -0.01196
FE      0.00000      0.74484      0.74477     -0.00000     -0.00753      0.00209
FE      0.50000      0.00000      0.00000      0.00000      0.00000      0.00000
FE      0.74477      0.25516      0.00000      0.00209      0.00753     -0.00000
FE      0.74292      0.00000      0.25708      0.01456     -0.00000     -0.01456
FE      0.50000      0.25089      0.25049      0.00000      0.01428      0.00071
FE      0.50000      0.00000      0.50000      0.00000      0.00000      0.00000
FE      0.74951      0.25089      0.50000     -0.00071      0.01428     -0.00000
FE      0.74292      0.00000      0.74292      0.01456     -0.00000      0.01456
FE      0.50000      0.25089      0.74951      0.00000      0.01428     -0.00071
FE      0.50000      0.50000      0.00000      0.00000      0.00000      0.00000
FE      0.74477      0.74484      0.00000      0.00209     -0.00753     -0.00000
FE      0.74920      0.50000      0.25080     -0.01196      0.00000      0.01196
FE      0.50000      0.74911      0.25049      0.00000     -0.01428      0.00071
FE      0.50000      0.50000      0.50000      0.00000      0.00000      0.00000
FE      0.74951      0.74911      0.50000     -0.00071     -0.01428     -0.00000
FE      0.74920      0.50000      0.74920     -0.01196     -0.00000     -0.01196
FE      0.50000      0.74911      0.74951      0.00000     -0.01428     -0.00071
