/* Converted from PWscf output file */ 
#L_UNITS ang 
#E_UNITS eV 
#S_UNITS GPA 
#F_UNITS EV/ANG 
#ALAT 	  13.67994     // a0 
#X 	   1.00000     0.00000     0.00000     // X 
#Y 	   0.00000     1.05163     0.00000     // Y 
#Z 	   0.00000     0.00000     1.00000     // Z 
#SX 	  -0.54105     0.22109     0.01342     // SX 
#SY 	   0.22109    -0.88508     0.01065     // SY 
#SZ 	   0.01342     0.01065     0.50138     // SZ 
#EPA 	  -3.68762     // Energy per Atom 
#C 	1 1 1 
#W 	1.0 
#RCUT 	6.5        // Rcut 
PD      0.12547      0.12547      0.17629     -0.01447     -0.01559     -2.42505
FE      0.05311      0.05311      0.30134     -0.61636     -0.51332      1.70822
FE      0.19703      0.19703      0.30187      0.63827      0.53270      1.74101
FE      0.18661      0.06333      0.42901      0.04483     -0.03004     -0.50183
FE      0.06333      0.18661      0.42901     -0.04035      0.03726     -0.50256
FE      0.06207      0.06207      0.54840      0.20029      0.12707      1.26040
FE      0.18773      0.18773      0.54834     -0.17798     -0.10903      1.25750
FE      0.18720      0.06267      0.67168     -0.09981      0.08400      0.31596
FE      0.06267      0.18720      0.67168      0.10217     -0.07984      0.31550
FE      0.06378      0.30803      0.30326     -0.07722      0.37385      0.30278
FE      0.18646      0.43613      0.31421      0.08588      0.14422      0.11412
FE      0.18739      0.31225      0.43459      0.15338      0.17271     -0.82792
FE      0.06300      0.43654      0.43968     -0.00449      0.07200     -0.95359
FE      0.06299      0.31110      0.55161      0.14466     -0.07077      1.20739
FE      0.18848      0.43740      0.55653     -0.14741     -0.07717      1.18779
FE      0.18876      0.31275      0.67584     -0.16638     -0.11410      0.16747
FE      0.06224      0.43696      0.67930      0.14119     -0.09112      0.12045
FE      0.06254      0.56156      0.31801     -0.03774      0.14532      0.07003
FE      0.18731      0.68834      0.31806      0.03373     -0.14539      0.06300
FE      0.18768      0.56229      0.44270      0.03833      0.07604     -1.02160
FE      0.06217      0.68760      0.44282     -0.03896     -0.06914     -1.02948
FE      0.06252      0.56181      0.55865      0.07438     -0.00394      1.21107
FE      0.18735      0.68811      0.55863     -0.07049      0.00317      1.20910
FE      0.18844      0.56299      0.68298     -0.17845     -0.06582      0.00180
FE      0.06138      0.68703      0.68300      0.18696      0.06206     -0.00038
FE      0.06346      0.81377      0.31426     -0.09321     -0.14351      0.11187
FE      0.18629      0.94182      0.30345      0.07433     -0.37472      0.29691
FE      0.18693      0.81335      0.43958     -0.01159     -0.06757     -0.93970
FE      0.06255      0.93804      0.43430     -0.15319     -0.21640     -0.80943
FE      0.06136      0.81267      0.55651      0.15809      0.06577      1.18313
FE      0.18677      0.93875      0.55156     -0.12960      0.07693      1.21068
FE      0.18766      0.81291      0.67931     -0.14459      0.09460      0.11813
FE      0.06119      0.93719      0.67591      0.16257      0.10871      0.16925
FE      0.30803      0.06378      0.30326      0.34634      0.02221      0.20394
FE      0.43613      0.18646      0.31421      0.24946      0.08786      0.07118
FE      0.43654      0.06300      0.43968      0.11656     -0.01588     -1.11839
FE      0.31225      0.18739      0.43459      0.19673      0.14183     -0.78202
FE      0.31110      0.06299      0.55161     -0.19305      0.09697      1.08063
FE      0.43740      0.18848      0.55653     -0.11492     -0.14104      1.05148
FE      0.43696      0.06224      0.67930     -0.16631      0.11232      0.08524
FE      0.31275      0.18876      0.67584     -0.20910     -0.14270      0.14314
FE      0.31628      0.31628      0.31383      0.14220      0.07481      0.15204
FE      0.43868      0.43868      0.32307      0.25872      0.19069     -0.13184
FE      0.43792      0.31243      0.44235      0.19846      0.15881     -1.09355
FE      0.31243      0.43792      0.44235      0.18479      0.10267     -1.04474
FE      0.31292      0.31292      0.55460     -0.23007     -0.13665      1.12912
FE      0.43797      0.43797      0.56251     -0.12947     -0.09889      0.97694
FE      0.43955      0.31405      0.68383     -0.31529     -0.18105     -0.05750
FE      0.31405      0.43955      0.68383     -0.25027     -0.25995     -0.03406
FE      0.31122      0.56243      0.32098      0.21706      0.01435     -0.06999
FE      0.43628      0.68880      0.32513      0.19274     -0.12087     -0.18850
FE      0.43710      0.56294      0.44870      0.24286      0.06246     -1.20474
FE      0.31212      0.68848      0.44473      0.14120     -0.12627     -1.07236
FE      0.31298      0.56322      0.56176     -0.17599     -0.00619      1.05642
FE      0.43719      0.68838      0.56523     -0.08625     -0.01178      0.95305
FE      0.43872      0.56342      0.69185     -0.22096     -0.05161     -0.28755
FE      0.31323      0.68860      0.68657     -0.27250     -0.01384     -0.10304
FE      0.30963      0.81491      0.31753      0.25036     -0.19449     -0.02259
FE      0.43496      0.94023      0.31747      0.28016     -0.20066     -0.00119
FE      0.43612      0.81380      0.44508      0.21141     -0.15991     -1.16144
FE      0.31030      0.93958      0.43710      0.23372     -0.21249     -0.96872
FE      0.31227      0.81320      0.55821     -0.20181      0.13645      1.13520
FE      0.43669      0.93758      0.55825     -0.21477      0.17808      1.01208
FE      0.43822      0.81167      0.68793     -0.25978      0.20358     -0.13685
FE      0.31194      0.93792      0.67796     -0.17247      0.08525      0.14681
FE      0.56156      0.06254      0.31801      0.18772     -0.01067      0.03416
FE      0.68834      0.18731      0.31806     -0.18767      0.00802      0.02644
FE      0.68760      0.06217      0.44282     -0.06468      0.00281     -1.22564
FE      0.56229      0.18768      0.44270      0.07315     -0.00474     -1.21729
FE      0.56181      0.06252      0.55865     -0.04308      0.04990      0.96228
FE      0.68811      0.18735      0.55863      0.03938     -0.04852      0.95885
FE      0.68703      0.06138      0.68300      0.09754      0.15111     -0.05221
FE      0.56299      0.18844      0.68298     -0.09753     -0.14522     -0.04821
FE      0.56243      0.31122      0.32098      0.03357      0.17404     -0.10925
FE      0.68880      0.43628      0.32513     -0.17016      0.11093     -0.20480
FE      0.68848      0.31212      0.44473     -0.13727      0.06968     -1.22649
FE      0.56294      0.43710      0.44870      0.11014      0.18070     -1.25192
FE      0.56322      0.31298      0.56176     -0.00658     -0.13976      0.95398
FE      0.68838      0.43719      0.56523      0.01509     -0.06587      0.88336
FE      0.68860      0.31323      0.68657      0.02347     -0.19789     -0.14377
FE      0.56342      0.43872      0.69185     -0.07495     -0.17123     -0.30994
FE      0.56309      0.56309      0.32874      0.05189      0.02310     -0.24435
FE      0.68689      0.68689      0.32879     -0.04517     -0.01699     -0.24718
FE      0.68831      0.56165      0.45112     -0.13234      0.10836     -1.28291
FE      0.56165      0.68831      0.45112      0.12949     -0.11085     -1.28185
FE      0.56276      0.56276      0.56780     -0.04262     -0.03411      0.86558
FE      0.68710      0.68710      0.56791      0.04472      0.03635      0.86199
FE      0.68704      0.56281      0.69671      0.08984     -0.07676     -0.48105
FE      0.56281      0.68704      0.69671     -0.09437      0.07328     -0.48101
FE      0.56106      0.81365      0.32521      0.17626     -0.11147     -0.20687
FE      0.68749      0.93861      0.32114     -0.03710     -0.16881     -0.11088
FE      0.68703      0.81282      0.44882     -0.11439     -0.17946     -1.25644
FE      0.56142      0.93773      0.44489      0.14136     -0.06621     -1.24007
FE      0.56145      0.81267      0.56531     -0.00048      0.06586      0.87923
FE      0.68673      0.93697      0.56183      0.00954      0.12845      0.94972
FE      0.68643      0.81105      0.69206      0.07558      0.18089     -0.32050
FE      0.56132      0.93659      0.68658     -0.02369      0.20587     -0.14237
FE      0.81377      0.06346      0.31426     -0.25209     -0.09197      0.07100
FE      0.94182      0.18629      0.30345     -0.35158     -0.02758      0.20021
FE      0.93804      0.06255      0.43430     -0.24042     -0.13755     -0.77118
FE      0.81335      0.18693      0.43958     -0.11146      0.00084     -1.10805
FE      0.81267      0.06136      0.55651      0.10939      0.15107      1.03796
FE      0.93875      0.18677      0.55156      0.20120     -0.08381      1.08244
FE      0.93719      0.06119      0.67591      0.20267      0.13807      0.14548
FE      0.81290      0.18766      0.67931      0.16823     -0.11672      0.08283
FE      0.81490      0.30963      0.31753     -0.28319      0.20703     -0.00991
FE      0.94023      0.43496      0.31747     -0.24384      0.19101     -0.01294
FE      0.93958      0.31030      0.43710     -0.23079      0.21710     -0.97046
FE      0.81380      0.43612      0.44508     -0.21681      0.15379     -1.16368
FE      0.81320      0.31227      0.55821      0.21079     -0.17222      1.00812
FE      0.93758      0.43669      0.55825      0.20802     -0.14132      1.13557
FE      0.93792      0.31194      0.67796      0.16922     -0.08527      0.14785
FE      0.81167      0.43822      0.68793      0.25507     -0.20635     -0.13690
FE      0.81365      0.56106      0.32521     -0.19090      0.12660     -0.19130
FE      0.93861      0.68749      0.32114     -0.21471     -0.01691     -0.07298
FE      0.93773      0.56142      0.44489     -0.14033      0.12953     -1.08703
FE      0.81282      0.68703      0.44882     -0.24325     -0.06602     -1.20830
FE      0.81267      0.56145      0.56531      0.08620      0.02509      0.95038
FE      0.93696      0.68673      0.56183      0.16288      0.00727      1.05692
FE      0.93659      0.56132      0.68658      0.28092      0.01279     -0.10124
FE      0.81105      0.68643      0.69206      0.22985      0.05201     -0.29724
FE      0.81145      0.81145      0.32316     -0.26761     -0.19942     -0.14094
FE      0.93397      0.93397      0.31374     -0.16713     -0.09962      0.15148
FE      0.93746      0.81213      0.44238     -0.17814     -0.11058     -1.04308
FE      0.81213      0.93746      0.44238     -0.20611     -0.14931     -1.09481
FE      0.81193      0.81193      0.56262      0.13136      0.10094      0.97808
FE      0.93701      0.93701      0.55467      0.23566      0.14027      1.12555
FE      0.93579      0.81034      0.68400      0.25520      0.26285     -0.04051
FE      0.81034      0.93579      0.68400      0.31851      0.18467     -0.06408
