/* Converted from PWscf output file */ 
#L_UNITS ang 
#E_UNITS eV 
#S_UNITS GPA 
#F_UNITS EV/ANG 
#ALAT 	   6.88626     // a0 
#X 	   1.00000     0.00000     0.00000     // X 
#Y 	   0.00000     1.05298     0.00000     // Y 
#Z 	   0.00000     0.00000     1.00000     // Z 
#SX 	   0.11288     0.00000     0.00000     // SX 
#SY 	   0.00000     0.25507     0.00000     // SY 
#SZ 	   0.00000     0.00000     0.11288     // SZ 
#EPA 	  -4.23063     // Energy per Atom 
#C 	1 1 1 
#W 	20.0 
#RCUT 	6.5        // Rcut 
PD      0.00000      0.00000      0.00000      0.00000      0.00000      0.00000
FE      0.25521      0.25520      0.00000     -0.00201      0.00354      0.00000
FE      0.25703      0.00000      0.25703     -0.00226      0.00000     -0.00226
FE      0.00000      0.25520      0.25521      0.00000      0.00354     -0.00201
FE      0.00000      0.00000      0.50000      0.00000      0.00000      0.00000
FE      0.25049      0.25094      0.50000     -0.00129      0.00033      0.00000
FE      0.25703      0.00000      0.74297     -0.00226     -0.00000      0.00226
FE      0.00000      0.25520      0.74479      0.00000      0.00354      0.00201
FE      0.00000      0.50000      0.00000      0.00000      0.00000      0.00000
FE      0.25521      0.74480      0.00000     -0.00201     -0.00354      0.00000
FE      0.25085      0.50000      0.25085      0.00132      0.00000      0.00132
FE      0.00000      0.74480      0.25521      0.00000     -0.00354     -0.00201
FE      0.00000      0.50000      0.50000      0.00000      0.00000      0.00000
FE      0.25049      0.74906      0.50000     -0.00129     -0.00033     -0.00000
FE      0.25085      0.50000      0.74915      0.00132     -0.00000     -0.00132
FE      0.00000      0.74480      0.74479      0.00000     -0.00354      0.00201
FE      0.50000      0.00000      0.00000      0.00000      0.00000      0.00000
FE      0.74479      0.25520      0.00000      0.00201      0.00354      0.00000
FE      0.74297      0.00000      0.25703      0.00226      0.00000     -0.00226
FE      0.50000      0.25094      0.25049     -0.00000      0.00033     -0.00129
FE      0.50000      0.00000      0.50000      0.00000      0.00000      0.00000
FE      0.74951      0.25094      0.50000      0.00129      0.00033      0.00000
FE      0.74297      0.00000      0.74297      0.00226      0.00000      0.00226
FE      0.50000      0.25094      0.74951     -0.00000      0.00033      0.00129
FE      0.50000      0.50000      0.00000      0.00000      0.00000      0.00000
FE      0.74479      0.74480      0.00000      0.00201     -0.00354      0.00000
FE      0.74915      0.50000      0.25085     -0.00132     -0.00000      0.00132
FE      0.50000      0.74906      0.25049      0.00000     -0.00033     -0.00129
FE      0.50000      0.50000      0.50000      0.00000      0.00000      0.00000
FE      0.74951      0.74906      0.50000      0.00129     -0.00033      0.00000
FE      0.74915      0.50000      0.74915     -0.00132      0.00000     -0.00132
FE      0.50000      0.74906      0.74951     -0.00000     -0.00033      0.00129
