/* Converted from PWscf output file */ 
#L_UNITS ang 
#E_UNITS eV 
#S_UNITS GPA 
#F_UNITS EV/ANG 
#ALAT 	  13.67994     // a0 
#X 	   1.00000     0.00000     0.00000     // X 
#Y 	   0.00000     1.05163     0.00000     // Y 
#Z 	   0.00000     0.00000     1.00000     // Z 
#SX 	  -2.13125     0.00656    -0.03821     // SX 
#SY 	   0.00656    -1.49715    -0.01283     // SY 
#SZ 	  -0.03821    -0.01283    -2.40717     // SZ 
#EPA 	  -3.72150     // Energy per Atom 
#C 	1 1 1 
#W 	1.0 
#RCUT 	6.5        // Rcut 
PD      0.05629      0.05969      0.29716      0.65898      0.34379     -0.61848
FE      0.19189      0.19153      0.31189     -0.09720     -0.11770     -0.00753
FE      0.18823      0.06246      0.43584      0.05195     -0.00325     -0.01212
FE      0.06248      0.18740      0.43595     -0.01242      0.06147      0.02244
FE      0.06245      0.06244      0.56610      0.00502      0.00114      0.01885
FE      0.18714      0.18690      0.56423      0.00282      0.00128     -0.01119
FE      0.18891      0.06241      0.68687      0.00327      0.00000     -0.01504
FE      0.06250      0.18580      0.68459      0.00110      0.00038     -0.01303
FE      0.06245      0.31286      0.31629      0.00064     -0.00220      0.00331
FE      0.18782      0.43668      0.31404      0.00599      0.00666     -0.00545
FE      0.18838      0.31319      0.43582     -0.02162     -0.01331     -0.01243
FE      0.06248      0.43707      0.43427      0.00034      0.00563     -0.00325
FE      0.06249      0.31215      0.56424     -0.00049     -0.00129     -0.00669
FE      0.18748      0.43742      0.56448      0.00493      0.00314     -0.00313
FE      0.18690      0.31205      0.68587      0.00179      0.00224      0.00728
FE      0.06249      0.43791      0.68494      0.00061      0.00016      0.00201
FE      0.06250      0.56253      0.31573      0.00010      0.00213      0.00472
FE      0.18791      0.68839      0.31398      0.00664     -0.00671     -0.00572
FE      0.18728      0.56250      0.43583     -0.00071      0.00037      0.00072
FE      0.06248      0.68799      0.43423      0.00019     -0.00183     -0.00661
FE      0.06249      0.56249      0.56455      0.00034     -0.00007     -0.00525
FE      0.18749      0.68762      0.56448      0.00462     -0.00359     -0.00146
FE      0.18741      0.56249      0.68565     -0.00671     -0.00044      0.00580
FE      0.06251      0.68712      0.68493      0.00023      0.00111      0.00202
FE      0.06245      0.81207      0.31633      0.00119      0.00310     -0.00543
FE      0.19181      0.93343      0.31189      0.00995      0.04999      0.00603
FE      0.18840      0.81178      0.43583     -0.01800      0.00792     -0.00725
FE      0.06246      0.93763      0.43592     -0.00656     -0.15976      0.15248
FE      0.06250      0.81281      0.56423     -0.00081     -0.00304     -0.00435
FE      0.18713      0.93808      0.56423      0.00106     -0.00197     -0.00858
FE      0.18690      0.81291      0.68588      0.00211     -0.00125      0.00646
FE      0.06246      0.93912      0.68464      0.00076     -0.00276     -0.01373
FE      0.31253      0.06245      0.31532      0.01002     -0.00291      0.01626
FE      0.43660      0.18749      0.31421      0.00771      0.00642     -0.00821
FE      0.43744      0.06249      0.43558      0.00429      0.00030      0.00705
FE      0.31259      0.18788      0.43583     -0.01460     -0.01352     -0.01146
FE      0.31202      0.06246      0.56477     -0.00028     -0.00044     -0.00182
FE      0.43782      0.18729      0.56455     -0.00158      0.00064     -0.00284
FE      0.43827      0.06243      0.68653     -0.00161      0.00103      0.01037
FE      0.31283      0.18719      0.68390      0.00300      0.00366      0.01119
FE      0.31436      0.31388      0.31689     -0.00021      0.00547     -0.00302
FE      0.43801      0.43814      0.31431      0.00332     -0.00550      0.00108
FE      0.43818      0.31267      0.43656      0.00471      0.00398      0.00352
FE      0.31276      0.43787      0.43541      0.00310      0.00233      0.00264
FE      0.31251      0.31265      0.56535     -0.00294      0.00271     -0.00133
FE      0.43753      0.43760      0.56487     -0.00176     -0.00355      0.00823
FE      0.43725      0.31255      0.68634     -0.00048     -0.01165     -0.00084
FE      0.31216      0.43770      0.68508     -0.00747     -0.00527      0.00175
FE      0.31225      0.56248      0.31564      0.00811     -0.00007      0.00274
FE      0.43797      0.68691      0.31435      0.00425      0.00397      0.00019
FE      0.43742      0.56249      0.43596      0.00449     -0.00021      0.01111
FE      0.31277      0.68718      0.43542      0.00233     -0.00271      0.00278
FE      0.31242      0.56248      0.56503     -0.00216      0.00028      0.00631
FE      0.43753      0.68744      0.56488     -0.00111      0.00338      0.00828
FE      0.43770      0.56247      0.68610     -0.01055     -0.00010      0.00194
FE      0.31217      0.68732      0.68508     -0.00776      0.00583      0.00188
FE      0.31441      0.81122      0.31694      0.00168     -0.00752     -0.00595
FE      0.43667      0.93756      0.31421      0.01012     -0.00555     -0.00847
FE      0.43821      0.81231      0.43659      0.00343     -0.00250      0.00409
FE      0.31259      0.93717      0.43581     -0.00594      0.00859     -0.00772
FE      0.31253      0.81230      0.56536     -0.00235     -0.00340     -0.00114
FE      0.43783      0.93773      0.56454     -0.00047     -0.00037     -0.00334
FE      0.43727      0.81241      0.68637     -0.00070      0.01127     -0.00062
FE      0.31283      0.93778      0.68388      0.00306     -0.00304      0.00963
FE      0.56251      0.06252      0.31552     -0.00064     -0.00059     -0.00511
FE      0.68843      0.18756      0.31417     -0.01123      0.00654     -0.00500
FE      0.68758      0.06249      0.43559      0.00904      0.00066     -0.00356
FE      0.56249      0.18743      0.43462      0.00122     -0.00245      0.01039
FE      0.56247      0.06248      0.56504     -0.00023      0.00099     -0.00051
FE      0.68718      0.18731      0.56457      0.00224     -0.00112     -0.00669
FE      0.68675      0.06249      0.68650      0.00454      0.00063      0.01135
FE      0.56245      0.18775      0.68508      0.00028     -0.01055     -0.00629
FE      0.56247      0.31228      0.31524     -0.00206      0.00587      0.00421
FE      0.68704      0.43812      0.31433     -0.00792     -0.00482      0.00043
FE      0.68685      0.31268      0.43655     -0.00248      0.00213      0.00416
FE      0.56249      0.43761      0.43563      0.00039      0.00089      0.00859
FE      0.56247      0.31251      0.56579     -0.00002      0.00185      0.00382
FE      0.68752      0.43760      0.56488      0.00197     -0.00361      0.00764
FE      0.68775      0.31254      0.68635      0.00033     -0.01172      0.00064
FE      0.56249      0.43758      0.68523      0.00022     -0.00975     -0.00077
FE      0.56250      0.56251      0.31572      0.00189      0.00081      0.01791
FE      0.68705      0.68693      0.31437     -0.00885      0.00315     -0.00029
FE      0.68762      0.56249      0.43596     -0.00557     -0.00012      0.01293
FE      0.56248      0.68745      0.43564      0.00018     -0.00107      0.00777
FE      0.56249      0.56248      0.56496     -0.00032     -0.00066      0.01225
FE      0.68751      0.68745      0.56488      0.00137      0.00335      0.00746
FE      0.68735      0.56249      0.68610      0.01030     -0.00039      0.00262
FE      0.56249      0.68744      0.68523      0.00011      0.00927     -0.00081
FE      0.56248      0.81271      0.31524     -0.00175     -0.00415      0.00663
FE      0.68839      0.93753      0.31418     -0.01399     -0.00627     -0.00580
FE      0.68683      0.81232      0.43658      0.00083     -0.00060      0.00449
FE      0.56249      0.93765      0.43464      0.00157      0.00113      0.00925
FE      0.56248      0.81244      0.56582      0.00043     -0.00155      0.00399
FE      0.68721      0.93774      0.56456      0.00126      0.00103     -0.00761
FE      0.68777      0.81240      0.68638      0.00027      0.01006      0.00068
FE      0.56250      0.93725      0.68505     -0.00039      0.01053     -0.00522
FE      0.81242      0.06247      0.31535      0.00380     -0.00321      0.00209
FE      0.93307      0.19149      0.31191     -0.03603      0.10544      0.02421
FE      0.93676      0.06248      0.43583     -0.28060      0.00262      0.28793
FE      0.81234      0.18789      0.43585     -0.01506      0.00460      0.00686
FE      0.81294      0.06249      0.56475     -0.00811     -0.00094      0.00775
FE      0.93787      0.18692      0.56424     -0.00966      0.00074     -0.00315
FE      0.93603      0.06249      0.68687     -0.00519     -0.00021     -0.01189
FE      0.81215      0.18724      0.68390     -0.00161      0.00332      0.00899
FE      0.81071      0.31390      0.31693     -0.00203      0.00888     -0.01430
FE      0.93719      0.43671      0.31405     -0.00620      0.00885     -0.00454
FE      0.93662      0.31319      0.43586      0.01380     -0.00244     -0.00099
FE      0.81221      0.43789      0.43544     -0.00021      0.00236      0.00435
FE      0.81243      0.31266      0.56538      0.00305      0.00275     -0.00209
FE      0.93756      0.43742      0.56450     -0.00287      0.00494     -0.00081
FE      0.93816      0.31204      0.68590     -0.00193      0.00234      0.00753
FE      0.81282      0.43769      0.68509      0.00687     -0.00590      0.00110
FE      0.81275      0.56250      0.31565     -0.00828      0.00033      0.00747
FE      0.93716      0.68836      0.31400     -0.00726     -0.00953     -0.00462
FE      0.93776      0.56250      0.43584     -0.00387      0.00030      0.00051
FE      0.81222      0.68718      0.43544      0.00084     -0.00181      0.00421
FE      0.81256      0.56248      0.56504      0.00240      0.00030      0.00521
FE      0.93757      0.68762      0.56449     -0.00255     -0.00595      0.00044
FE      0.93764      0.56250      0.68566      0.00600     -0.00094      0.00584
FE      0.81282      0.68732      0.68508      0.00681      0.00529      0.00085
FE      0.81068      0.81117      0.31701     -0.00368     -0.01117     -0.01882
FE      0.93313      0.93345      0.31189     -0.21579     -0.24738      0.04595
FE      0.93663      0.81179      0.43589      0.00973     -0.00415      0.00693
FE      0.81237      0.93718      0.43584     -0.02685     -0.01078      0.01181
FE      0.81242      0.81230      0.56539      0.00245     -0.00354     -0.00263
FE      0.93787      0.93809      0.56426     -0.00891     -0.00303      0.00166
FE      0.93814      0.81287      0.68589     -0.00292     -0.00160      0.00600
FE      0.81214      0.93779      0.68392     -0.00087     -0.00283      0.00687
