/* Converted from PWscf output file */ 
#L_UNITS ang 
#E_UNITS eV 
#S_UNITS GPA 
#F_UNITS EV/ANG 
#ALAT 	   7.00656     // a0 
#X 	   1.00000     0.00001    -0.00003     // X 
#Y 	   0.00001     1.05493     0.00001     // Y 
#Z 	  -0.00003     0.00001     1.00000     // Z 
#SX 	   0.07627    -0.00015     0.00175     // SX 
#SY 	  -0.00015    -0.17325    -0.00015     // SY 
#SZ 	   0.00175    -0.00015     0.07627     // SZ 
#EPA 	  -4.14690     // Energy per Atom 
#C 	1 1 1 
#W 	20.0 
#RCUT 	6.5        // Rcut 
PD     -0.00829     -0.00657     -0.00829      0.04021      0.03616      0.04021
PD      0.25815      0.25631     -0.00825      0.00944      0.01223      0.01412
PD      0.25817     -0.00646      0.25817      0.01732      0.00981      0.01732
PD     -0.00825      0.25631      0.25815      0.01412      0.01223      0.00944
FE     -0.00703     -0.00511      0.51069      0.00315     -0.03545      0.00057
FE      0.25702      0.25532      0.51038     -0.01520      0.00758     -0.00662
FE      0.25707     -0.00518      0.73958     -0.01486     -0.05101     -0.00871
FE     -0.00707      0.25533      0.73950     -0.01808      0.01133      0.00744
FE     -0.00549      0.50842     -0.00549     -0.02286      0.00162     -0.02286
FE      0.25569      0.74171     -0.00551     -0.00212     -0.00082     -0.03673
FE      0.25557      0.50815      0.25557      0.00682      0.00311      0.00682
FE     -0.00551      0.74171      0.25569     -0.03673     -0.00082     -0.00212
FE     -0.00168      0.50567      0.50632     -0.01582      0.01298      0.00821
FE      0.25178      0.74414      0.50634      0.01431      0.00652      0.02009
FE      0.25185      0.50585      0.74367      0.00662      0.01993      0.00004
FE     -0.00164      0.74395      0.74345     -0.01849     -0.01361     -0.00561
FE      0.51069     -0.00511     -0.00703      0.00057     -0.03545      0.00315
FE      0.73950      0.25533     -0.00707      0.00744      0.01133     -0.01808
FE      0.73958     -0.00518      0.25707     -0.00871     -0.05101     -0.01486
FE      0.51038      0.25532      0.25702     -0.00662      0.00758     -0.01520
FE      0.50809     -0.00157      0.50809     -0.02530     -0.04394     -0.02530
FE      0.74189      0.25180      0.50826      0.03527      0.02380     -0.01754
FE      0.74167     -0.00154      0.74167      0.01418     -0.04423      0.01418
FE      0.50826      0.25180      0.74189     -0.01754      0.02380      0.03527
FE      0.50632      0.50567     -0.00168      0.00821      0.01298     -0.01582
FE      0.74345      0.74395     -0.00164     -0.00561     -0.01361     -0.01849
FE      0.74367      0.50585      0.25185      0.00004      0.01993      0.00662
FE      0.50634      0.74414      0.25178      0.02009      0.00652      0.01431
FE      0.50176      0.50164      0.50176      0.01625      0.04494      0.01625
FE      0.74813      0.74834      0.50177     -0.01696     -0.02102      0.02064
FE      0.74816      0.50166      0.74816     -0.00977      0.04763     -0.00977
FE      0.50177      0.74834      0.74813      0.02064     -0.02102     -0.01696
