/* Converted from PWscf output file */ 
#L_UNITS ang 
#E_UNITS eV 
#S_UNITS GPA 
#F_UNITS EV/ANG 
#ALAT 	  13.68245     // a0 
#X 	   1.00000     0.00001    -0.00000     // X 
#Y 	   0.00001     1.05737     0.00001     // Y 
#Z 	  -0.00000     0.00001     1.00000     // Z 
#SX 	   0.12702     0.00088     0.00058     // SX 
#SY 	   0.00088    -0.02246    -0.00102     // SY 
#SZ 	   0.00058    -0.00102     0.12965     // SZ 
#EPA 	  -4.25299     // Energy per Atom 
#C 	1 1 1 
#W 	1.0 
#RCUT 	6.5        // Rcut 
PD      0.06249      0.06237      0.06237      0.00419     -0.01751     -0.01677
FE      0.19052      0.19024      0.06225     -0.01141     -0.03174     -0.01865
FE      0.19181      0.06237      0.19155     -0.02063     -0.00886     -0.04403
FE      0.06291      0.18997      0.18979      0.02454     -0.04025     -0.05150
FE      0.06277      0.06177      0.31226      0.01087     -0.02571     -0.02132
FE      0.18843      0.18755      0.31253      0.04450      0.00164      0.00159
FE      0.18784      0.06234      0.43769      0.03372     -0.02879      0.00421
FE      0.06542      0.18471      0.43762     -0.02037      0.02109      0.00581
FE      0.06281      0.06175      0.56281      0.01495     -0.02550      0.01519
FE      0.18807      0.18727      0.56291      0.02859     -0.01578      0.02327
FE      0.18775      0.06236      0.68748      0.01839     -0.00976      0.00660
FE      0.06290      0.18730      0.68791      0.02283     -0.01471      0.02062
FE      0.06246      0.06233      0.81241      0.00361     -0.01296      0.01447
FE      0.18814      0.18778      0.81222      0.04129      0.01202     -0.00478
FE      0.19167      0.06245      0.93330     -0.02909     -0.00612      0.03278
FE      0.06253      0.19028      0.93456      0.00285     -0.02683      0.02067
FE      0.06257      0.31284      0.06230      0.00573      0.00787     -0.00616
FE      0.18770      0.43756      0.06222      0.02275      0.01264     -0.02126
FE      0.18864      0.31321      0.18708      0.07634      0.02733     -0.05089
FE      0.06290      0.43779      0.18703      0.02186      0.02174     -0.02029
FE      0.06676      0.31270      0.30862     -0.02525      0.03476      0.06326
FE      0.18799      0.43786      0.31211      0.02729      0.02905     -0.01403
FE      0.18771      0.31261      0.43766      0.00286      0.01185      0.01325
FE      0.06543      0.44042      0.43765     -0.02044     -0.01356      0.00886
FE      0.06672      0.31247      0.56671     -0.03247      0.00084     -0.03328
FE      0.18802      0.43782      0.56291      0.02681      0.02293      0.02294
FE      0.18831      0.31261      0.68818      0.07186      0.01219      0.05472
FE      0.06290      0.43795      0.68790      0.02305      0.02967      0.01705
FE      0.06259      0.31262      0.81242      0.00759      0.02999     -0.02242
FE      0.18768      0.43762      0.81266      0.02070      0.01791      0.01291
FE      0.18796      0.31321      0.93718      0.02067      0.02653     -0.01472
FE      0.06253      0.43756      0.93753      0.00355      0.00866     -0.00439
FE      0.06247      0.56261      0.06234      0.00473      0.01276     -0.01188
FE      0.18752      0.68755      0.06245      0.00657     -0.00140     -0.00303
FE      0.18768      0.56260      0.18743      0.01271      0.01116     -0.00971
FE      0.06245      0.68759      0.18744      0.00154      0.00530     -0.00407
FE      0.06283      0.56322      0.31219      0.01497      0.02725     -0.01073
FE      0.18756      0.68753      0.31257      0.00995      0.00002      0.00726
FE      0.18775      0.56260      0.43755      0.02900      0.02871      0.00424
FE      0.06246      0.68740      0.43764      0.00447     -0.00557      0.00825
FE      0.06283      0.56323      0.56283      0.01519      0.02852      0.01554
FE      0.18758      0.68758      0.56245      0.01014      0.00619      0.00149
FE      0.18766      0.56260      0.68762      0.01334      0.01132      0.00733
FE      0.06245      0.68746      0.68747      0.00168     -0.00034      0.00008
FE      0.06248      0.56262      0.81256      0.00507      0.01315      0.01004
FE      0.18750      0.68749      0.81244      0.00354     -0.00664     -0.00540
FE      0.18757      0.56249      0.93749      0.00615      0.00732     -0.00150
FE      0.06247      0.68754      0.93754      0.00171     -0.00051     -0.00453
FE      0.06248      0.81211      0.06245      0.00083     -0.00852     -0.00462
FE      0.19036      0.93462      0.06245     -0.02455      0.01251     -0.00300
FE      0.18788      0.81174      0.18787      0.01758     -0.02625      0.01306
FE      0.06246      0.93456      0.19031      0.00111      0.00417     -0.03405
FE      0.06251      0.81235      0.31267      0.00164     -0.02800      0.02677
FE      0.18800      0.93719      0.31299      0.02821     -0.02778      0.02248
FE      0.18757      0.81235      0.43765      0.00731     -0.01111      0.01214
FE      0.06247      0.93748      0.43763      0.00426     -0.00972      0.00443
FE      0.06251      0.81245      0.56251      0.00167     -0.00270      0.00139
FE      0.18764      0.93745      0.56245      0.01196     -0.01334      0.00151
FE      0.18753      0.81235      0.68740      0.00709     -0.01131     -0.01009
FE      0.06245      0.93741      0.68748      0.00191     -0.01561      0.00304
FE      0.06249      0.81235      0.81228      0.00155     -0.02872     -0.02463
FE      0.18795      0.93724      0.81200      0.02394     -0.02186     -0.02243
FE      0.18788      0.81174      0.93718      0.01592     -0.02580     -0.01461
FE      0.06247      0.93461      0.93457      0.00031      0.00895      0.01920
FE      0.31267      0.06247      0.06245      0.00013     -0.00434     -0.00542
FE      0.43763      0.18752      0.06250      0.00468     -0.00210     -0.00873
FE      0.43769      0.06247      0.18761      0.00426     -0.00555      0.00171
FE      0.31321      0.18776      0.18775      0.04497      0.01019      0.00121
FE      0.31339      0.06235      0.31327      0.07824     -0.00980      0.06163
FE      0.43777      0.18754      0.31261      0.02063      0.00444      0.01519
FE      0.43799      0.06245      0.43799      0.03106     -0.00330      0.03102
FE      0.31276      0.18750      0.43776      0.02303      0.00202      0.01995
FE      0.31271      0.06235      0.56247      0.02007     -0.01104      0.00455
FE      0.43750      0.18757      0.56253      0.00871      0.00360      0.00331
FE      0.43799      0.06247      0.68707      0.03094     -0.00529     -0.02686
FE      0.31292      0.18753      0.68746      0.04076     -0.00016     -0.00247
FE      0.31329      0.06247      0.81171      0.07034     -0.00350     -0.06052
FE      0.43777      0.18750      0.81227      0.02040      0.00092     -0.00952
FE      0.43769      0.06246      0.93741      0.00455     -0.00086     -0.00701
FE      0.31296      0.18774      0.93709      0.03377      0.01069     -0.02269
FE      0.31316      0.31261      0.06199      0.05777      0.02806     -0.03135
FE      0.43764      0.43772      0.06250      0.00818      0.01751     -0.00879
FE      0.43765      0.31261      0.18742      0.01192      0.01277     -0.00327
FE      0.31280      0.43762      0.18731      0.03000      0.01748     -0.01759
FE      0.31277      0.31260      0.31250      0.01625      0.01133      0.00447
FE      0.43755      0.43757      0.31243      0.00306      0.00705     -0.00142
FE      0.43755      0.31249      0.43755      0.00427      0.00521      0.00434
FE      0.31259      0.43760      0.43755      0.00735      0.00861      0.00292
FE      0.31267      0.31249      0.56259      0.01032      0.00717      0.00796
FE      0.43753      0.43755      0.56253      0.00047      0.00436      0.00360
FE      0.43755      0.31249      0.68761      0.00449      0.00530      0.00331
FE      0.31273      0.43758      0.68768      0.02351      0.01083      0.01597
FE      0.31307      0.31261      0.81282      0.04396      0.01207      0.02125
FE      0.43755      0.43761      0.81245      0.00310      0.01055      0.00677
FE      0.43765      0.31261      0.93753      0.01195      0.01272     -0.00500
FE      0.31252      0.43765      0.93755      0.01697      0.01739     -0.00179
FE      0.31255      0.56249      0.06245      0.00690      0.00531     -0.00428
FE      0.43764      0.68740      0.06248      0.00813     -0.00959     -0.00042
FE      0.43755      0.56249      0.18752      0.00415      0.00733     -0.00294
FE      0.31257      0.68749      0.18749      0.01171     -0.00695     -0.00064
FE      0.31261      0.56262      0.31248      0.01461      0.01312     -0.00237
FE      0.43755      0.68752      0.31249      0.00288      0.00117      0.00051
FE      0.43753      0.56251      0.43753      0.00073      0.00455      0.00073
FE      0.31260      0.68764      0.43755      0.01037      0.00756      0.00305
FE      0.31262      0.56262      0.56248      0.01370      0.01312      0.00510
FE      0.43753      0.68755      0.56247      0.00052      0.00381      0.00167
FE      0.43753      0.56249      0.68753      0.00081      0.00737      0.00383
FE      0.31251      0.68753      0.68750      0.00522      0.00019     -0.00103
FE      0.31251      0.56249      0.81249      0.00688      0.00539      0.00228
FE      0.43755      0.68751      0.81247      0.00296     -0.00233     -0.00144
FE      0.43755      0.56250      0.93751      0.00393      0.00253     -0.00180
FE      0.31254      0.68747      0.93755      0.00925     -0.00939     -0.00161
FE      0.31270      0.81235      0.06247      0.02835     -0.02749     -0.00062
FE      0.43763      0.93748      0.06247      0.00478     -0.00568     -0.00060
FE      0.43766      0.81235      0.18751      0.01219     -0.01104      0.00361
FE      0.31300      0.93723      0.18793      0.02760     -0.02230      0.01838
FE      0.31263      0.81236      0.31259      0.01560     -0.00937      0.00979
FE      0.43777      0.93749      0.31267      0.02059     -0.01153      0.01689
FE      0.43755      0.81247      0.43755      0.00442     -0.00347      0.00444
FE      0.31278      0.93737      0.43777      0.02705     -0.01803      0.02044
FE      0.31252      0.81247      0.56249      0.00887     -0.00527      0.00183
FE      0.43750      0.93746      0.56247      0.00851     -0.01107      0.00172
FE      0.43755      0.81247      0.68751      0.00437     -0.00346     -0.00338
FE      0.31269      0.93748      0.68728      0.02243     -0.01080     -0.01942
FE      0.31261      0.81236      0.81236      0.01213     -0.00971     -0.01068
FE      0.43777      0.93750      0.81229      0.02089     -0.00769     -0.01815
FE      0.43765      0.81235      0.93753      0.01216     -0.01113     -0.00459
FE      0.31298      0.93725      0.93710      0.02585     -0.01993     -0.02244
FE      0.56245      0.06247      0.06245     -0.00433     -0.00354     -0.00440
FE      0.68724      0.18756      0.06224     -0.02282     -0.00208     -0.02003
FE      0.68723      0.06236      0.18750     -0.01640     -0.00940     -0.00463
FE      0.56223      0.18752      0.18739     -0.02073     -0.00387     -0.01527
FE      0.56234      0.06235      0.31258     -0.01230     -0.01103      0.00303
FE      0.68678      0.18729      0.31225     -0.04550     -0.01098     -0.00112
FE      0.68683      0.06235      0.43800     -0.05872     -0.02711      0.03143
FE      0.56237      0.18754      0.43750     -0.00496      0.00219      0.00872
FE      0.56235      0.06235      0.56247     -0.01229     -0.01115      0.00483
FE      0.68704      0.18731      0.56291     -0.03433     -0.01199      0.02283
FE      0.68693      0.06236      0.68718     -0.04393     -0.00920     -0.02099
FE      0.56223      0.18756      0.68773     -0.02051      0.00003      0.00961
FE      0.56245      0.06247      0.81239     -0.00454     -0.00352     -0.00333
FE      0.68708      0.18753      0.81254     -0.04070     -0.00007      0.00242
FE      0.68733      0.06247      0.93741     -0.01035     -0.00519     -0.00796
FE      0.56250      0.18749      0.93747     -0.00875     -0.00331     -0.00338
FE      0.56201      0.31250      0.06201     -0.03107      0.00394     -0.03101
FE      0.68722      0.43769      0.06223     -0.02661      0.01812     -0.02054
FE      0.68661      0.31261      0.18673     -0.07832      0.01348     -0.06171
FE      0.56223      0.43757      0.18733     -0.02058      0.01199     -0.01680
FE      0.56231      0.31249      0.31239     -0.00428      0.00698     -0.00174
FE      0.68701      0.43782      0.31207     -0.02698      0.02190     -0.01847
FE      0.68733      0.31248      0.43755     -0.00013      0.00378      0.00538
FE      0.56237      0.43758      0.43753     -0.00462      0.00585      0.00065
FE      0.56231      0.31250      0.56259     -0.00451      0.00248      0.00705
FE      0.68703      0.43780      0.56290     -0.02527      0.01852      0.02226
FE      0.68671      0.31249      0.68829     -0.07034      0.00533      0.06051
FE      0.56223      0.43756      0.68771     -0.02088      0.00859      0.01814
FE      0.56201      0.31249      0.81293     -0.03095      0.00731      0.02686
FE      0.68731      0.43758      0.81272     -0.02240      0.01064      0.01938
FE      0.68729      0.31262      0.93753     -0.02019      0.01306     -0.00482
FE      0.56250      0.43760      0.93753     -0.00857      0.01143     -0.00158
FE      0.56245      0.56249      0.06245     -0.00434      0.00532     -0.00436
FE      0.68740      0.68742      0.06245     -0.01063     -0.00746     -0.00288
FE      0.68737      0.56260      0.18741     -0.01544      0.01137     -0.00962
FE      0.56245      0.68754      0.18752     -0.00286     -0.00072     -0.00042
FE      0.56235      0.56261      0.31249     -0.01179      0.01269     -0.00334
FE      0.68743      0.68757      0.31251     -0.01135      0.00682      0.00069
FE      0.68731      0.56260      0.43753     -0.02735      0.02830      0.00056
FE      0.56236      0.68766      0.43753     -0.00805      0.00980      0.00062
FE      0.56235      0.56261      0.56247     -0.01182      0.01268      0.00478
FE      0.68746      0.68759      0.56245     -0.00891      0.00951      0.00154
FE      0.68739      0.56260      0.68764     -0.01219      0.01152      0.01040
FE      0.56245      0.68755      0.68753     -0.00299      0.00276      0.00147
FE      0.56245      0.56249      0.81249     -0.00431      0.00534      0.00341
FE      0.68749      0.68753      0.81250     -0.00522      0.00013      0.00105
FE      0.68748      0.56249      0.93751     -0.00882      0.00722     -0.00178
FE      0.56248      0.68752      0.93753     -0.00047     -0.00337     -0.00167
FE      0.56247      0.81245      0.06247     -0.00073     -0.00277     -0.00073
FE      0.68741      0.93745      0.06245     -0.00768     -0.00868     -0.00284
FE      0.68739      0.81235      0.18752     -0.01448     -0.01122      0.00251
FE      0.56245      0.93749      0.18757     -0.00297     -0.00650      0.00136
FE      0.56245      0.81247      0.31248     -0.00411     -0.00560      0.00300
FE      0.68720      0.93743      0.31269     -0.03037     -0.01806      0.01757
FE      0.68745      0.81247      0.43755     -0.00687     -0.00348      0.00434
FE      0.56236      0.93734      0.43750     -0.00815     -0.01741      0.00858
FE      0.56245      0.81246      0.56249     -0.00396     -0.00070      0.00177
FE      0.68748      0.93741      0.56245     -0.01735     -0.01723      0.00199
FE      0.68749      0.81247      0.68751     -0.00685     -0.00353     -0.00225
FE      0.56245      0.93745      0.68755     -0.00296     -0.01006     -0.00683
FE      0.56247      0.81247      0.81247     -0.00078     -0.00546     -0.00382
FE      0.68727      0.93748      0.81232     -0.02357     -0.01060     -0.01586
FE      0.68738      0.81235      0.93753     -0.01355     -0.01118     -0.00480
FE      0.56247      0.93751      0.93747     -0.00041     -0.00400     -0.00363
FE      0.81229      0.06233      0.06234     -0.00305     -0.01278     -0.01361
FE      0.93456      0.19021      0.06237      0.01913     -0.02923     -0.00603
FE      0.93324      0.06224      0.19137      0.02488     -0.03705     -0.06491
FE      0.81158      0.18752      0.18746     -0.04453     -0.00134     -0.00179
FE      0.81135      0.06174      0.31291     -0.07756     -0.02679      0.04870
FE      0.93708      0.18494      0.31021     -0.02449      0.03291      0.05233
FE      0.93744      0.06210      0.43770     -0.00565     -0.00966      0.00619
FE      0.80949      0.18467      0.43774      0.01244      0.02452      0.01934
FE      0.81203      0.06175      0.56281     -0.02229     -0.02522      0.01465
FE      0.93746      0.18465      0.56542     -0.00271      0.01918     -0.02187
FE      0.93741      0.06234      0.68758     -0.00752     -0.02942      0.02345
FE      0.81186      0.18728      0.68778     -0.04092     -0.01133      0.00457
FE      0.81169      0.06234      0.81182     -0.07199     -0.01290     -0.05484
FE      0.93710      0.18775      0.81209     -0.02286      0.01356     -0.02030
FE      0.93327      0.06243      0.93329      0.03244     -0.00593      0.03326
FE      0.81193      0.18779      0.93709     -0.02852      0.01516     -0.02327
FE      0.81216      0.31261      0.06231     -0.03264      0.02879     -0.00409
FE      0.93753      0.43758      0.06237     -0.00396      0.00967     -0.00432
FE      0.93723      0.31318      0.18772     -0.01102      0.02462      0.01946
FE      0.81200      0.43786      0.18701     -0.02820      0.02726     -0.02185
FE      0.80819      0.31259      0.30845      0.02073      0.01096      0.04398
FE      0.93755      0.44035      0.30969     -0.00181     -0.01173      0.03267
PD      0.93751      0.31266      0.43763     -0.00419      0.00812      0.01662
FE      0.80964      0.44030      0.43756      0.02340     -0.01969      0.00239
FE      0.80833      0.31249      0.56670      0.02909      0.00549     -0.03282
FE      0.93754      0.44031      0.56545     -0.00043     -0.01672     -0.01805
FE      0.93754      0.31261      0.68759     -0.00391      0.01231     -0.01460
FE      0.81205      0.43783      0.68800     -0.02444      0.02258      0.02267
FE      0.81225      0.31260      0.81252     -0.01824      0.01117     -0.00643
FE      0.93755      0.43765      0.81252     -0.00180      0.01559     -0.00328
FE      0.93718      0.31322      0.93718     -0.01485      0.02750     -0.01508
FE      0.81236      0.43762      0.93755     -0.01193      0.01395     -0.00138
FE      0.81243      0.56261      0.06235     -0.00704      0.01259     -0.01173
FE      0.93754      0.68766      0.06236     -0.00450      0.00556     -0.00811
FE      0.93749      0.56261      0.18734     -0.00172      0.02874     -0.02577
FE      0.81244      0.68753      0.18743     -0.01000     -0.00021     -0.00688
FE      0.81214      0.56321      0.31214     -0.01567      0.02665     -0.01114
FE      0.93755      0.68747      0.31256     -0.00157     -0.00546      0.00470
FE      0.93752      0.56283      0.43755     -0.00085      0.00694      0.00459
FE      0.81249      0.68751      0.43755     -0.00626      0.00156      0.00305
FE      0.81213      0.56322      0.56282     -0.01424      0.02722      0.01469
FE      0.93753      0.68752      0.56246     -0.00167      0.00072      0.00435
FE      0.93751      0.56261      0.68772     -0.00161      0.02926      0.02362
FE      0.81250      0.68757      0.68756     -0.00351      0.00690      0.00531
FE      0.81247      0.56262      0.81260     -0.00695      0.01328      0.01023
FE      0.93755      0.68760      0.81253     -0.00155      0.00052     -0.00043
FE      0.93749      0.56251      0.93749     -0.00169      0.00457     -0.00138
FE      0.81242      0.68748      0.93755     -0.01016     -0.00567     -0.00150
FE      0.81225      0.81235      0.06245     -0.03001     -0.02840     -0.00429
FE      0.93459      0.93450      0.06235      0.02145      0.00544     -0.00934
FE      0.93718      0.81174      0.18782     -0.01492     -0.02590      0.01243
FE      0.81201      0.93721      0.18788     -0.02705     -0.02875      0.01321
FE      0.81232      0.81236      0.31257     -0.01298     -0.00960      0.00966
FE      0.93710      0.93726      0.31297     -0.02206     -0.02337      0.02056
FE      0.93753      0.81234      0.43766     -0.00454     -0.01116      0.01222
FE      0.81230      0.93750      0.43778     -0.02306     -0.01200      0.02123
FE      0.81243      0.81247      0.56251     -0.00614     -0.00549      0.00153
FE      0.93747      0.93750      0.56247     -0.00365     -0.00854      0.00471
FE      0.93753      0.81234      0.68744     -0.00477     -0.01137     -0.00989
FE      0.81232      0.93744      0.68734     -0.02061     -0.01774     -0.01287
FE      0.81233      0.81236      0.81237     -0.01349     -0.00987     -0.00748
FE      0.93709      0.93711      0.81210     -0.02328     -0.03090     -0.01680
FE      0.93718      0.81173      0.93717     -0.01529     -0.02629     -0.01566
FE      0.81198      0.93724      0.93709     -0.02689     -0.02365     -0.02300
