/* Converted from PWscf output file */ 
#L_UNITS ang 
#E_UNITS eV 
#S_UNITS GPA 
#F_UNITS EV/ANG 
#ALAT 	  13.70216     // a0 
#X 	   1.00000     0.00000     0.00000     // X 
#Y 	   0.00000     1.05301    -0.00004     // Y 
#Z 	   0.00000    -0.00004     1.00004     // Z 
#SX 	  -0.39288    -0.00000    -0.00000     // SX 
#SY 	  -0.00000     0.46390     0.00204     // SY 
#SZ 	  -0.00000     0.00204    -0.37465     // SZ 
#EPA 	  -4.25171     // Energy per Atom 
#C 	1 1 1 
#W 	1.0 
#RCUT 	6.5        // Rcut 
PD      0.06251      0.06011      0.06495      0.00178     -0.26246      0.24265
FE      0.19274      0.18955      0.06567      0.80431      0.33311      0.49682
FE      0.19105      0.06248      0.19100      0.61321     -0.00933      0.60273
FE      0.06248      0.18968      0.18992     -0.00512      0.38035      0.39666
FE      0.06248      0.06250      0.31273     -0.00259     -0.00294      0.04268
FE      0.18761      0.18753      0.31266      0.02884      0.01316      0.03648
FE      0.18753      0.06248      0.43757      0.00897     -0.00323      0.01406
FE      0.06248      0.18751      0.43754     -0.00258      0.00301      0.00859
FE      0.06248      0.06249      0.56246     -0.00259     -0.00301     -0.00859
FE      0.18753      0.18752      0.56243      0.00897      0.00323     -0.01406
FE      0.18761      0.06247      0.68734      0.02885     -0.01316     -0.03647
FE      0.06248      0.18750      0.68727     -0.00258      0.00294     -0.04269
FE      0.06248      0.06032      0.81008     -0.00513     -0.38035     -0.39666
FE      0.19105      0.18752      0.80900      0.61321      0.00933     -0.60273
FE      0.19274      0.06045      0.93433      0.80432     -0.33311     -0.49683
PD      0.06251      0.18989      0.93505      0.00178      0.26245     -0.24265
FE      0.06249      0.31480      0.06473     -0.00117      0.39919      0.37053
FE      0.18756      0.43777      0.06257      0.01987      0.05913      0.01833
FE      0.18769      0.31276      0.18772      0.04541      0.06403      0.05222
FE      0.06249      0.43734      0.18736     -0.00247     -0.02012     -0.01129
FE      0.06248      0.31230      0.31238     -0.00282     -0.02480     -0.01053
FE      0.18751      0.43751      0.31247     -0.00115      0.00633     -0.00050
FE      0.18752      0.31249      0.43752      0.00331      0.00143      0.00631
FE      0.06248      0.43755      0.43754     -0.00261      0.00998      0.00914
FE      0.06248      0.31247      0.56247     -0.00261     -0.00201     -0.00774
FE      0.18750      0.43752      0.56248     -0.00037      0.00635     -0.00542
FE      0.18760      0.31250      0.68739      0.02503      0.01113     -0.03149
FE      0.06248      0.43738      0.68760     -0.00262     -0.01073      0.00605
FE      0.06249      0.31458      0.81027     -0.00233      0.40209     -0.40405
FE      0.18761      0.43778      0.81241      0.02371      0.06190     -0.02324
FE      0.18994      0.31497      0.93746      0.42083      0.45285     -0.01017
FE      0.06248      0.43773      0.93756     -0.00283      0.04656      0.00806
FE      0.06248      0.56245      0.06243     -0.00265     -0.00912     -0.01090
FE      0.18747      0.68754      0.06249     -0.00331      0.00825     -0.00108
FE      0.18752      0.56247      0.18751      0.00265     -0.00434      0.00436
FE      0.06248      0.68755      0.18748     -0.00260      0.00962     -0.00140
FE      0.06249      0.56251      0.31253     -0.00258      0.00231      0.00612
FE      0.18752      0.68753      0.31246      0.00153      0.00514     -0.00444
FE      0.18751      0.56248      0.43751      0.00226     -0.00414      0.00229
FE      0.06248      0.68749      0.43755     -0.00258     -0.00283      0.00971
FE      0.06248      0.56251      0.56245     -0.00261      0.00284     -0.00973
FE      0.18751      0.68752      0.56249      0.00224      0.00415     -0.00231
FE      0.18752      0.56247      0.68754      0.00158     -0.00512      0.00453
FE      0.06249      0.68749      0.68747     -0.00259     -0.00231     -0.00613
FE      0.06248      0.56245      0.81252     -0.00259     -0.00962      0.00139
FE      0.18752      0.68753      0.81249      0.00264      0.00435     -0.00435
FE      0.18747      0.56246      0.93751     -0.00331     -0.00826      0.00108
FE      0.06248      0.68755      0.93757     -0.00264      0.00913      0.01090
FE      0.06248      0.81227      0.06244     -0.00284     -0.04655     -0.00805
FE      0.18994      0.93503      0.06254      0.42083     -0.45285      0.01017
FE      0.18761      0.81222      0.18759      0.02370     -0.06190      0.02325
FE      0.06249      0.93542      0.18973     -0.00234     -0.40208      0.40403
FE      0.06248      0.81262      0.31240     -0.00259      0.01071     -0.00605
FE      0.18760      0.93750      0.31261      0.02503     -0.01112      0.03150
FE      0.18750      0.81248      0.43752     -0.00037     -0.00638      0.00540
FE      0.06248      0.93753      0.43753     -0.00261      0.00201      0.00774
FE      0.06248      0.81245      0.56246     -0.00261     -0.00999     -0.00915
FE      0.18752      0.93751      0.56248      0.00330     -0.00143     -0.00631
FE      0.18751      0.81249      0.68753     -0.00116     -0.00633      0.00052
FE      0.06248      0.93770      0.68762     -0.00281      0.02479      0.01053
FE      0.06249      0.81266      0.81264     -0.00247      0.02011      0.01127
FE      0.18769      0.93724      0.81228      0.04541     -0.06403     -0.05222
FE      0.18756      0.81223      0.93743      0.01987     -0.05913     -0.01835
FE      0.06249      0.93520      0.93527     -0.00117     -0.39919     -0.37052
FE      0.31276      0.06247      0.06257      0.05082     -0.01368      0.01799
FE      0.43760      0.18751      0.06249      0.02203      0.00326      0.00119
FE      0.43758      0.06248      0.18752      0.02205     -0.00276      0.01087
FE      0.31247      0.18753      0.18748      0.02582      0.01368      0.02818
FE      0.31236      0.06249      0.31237      0.00075     -0.00220      0.00390
FE      0.43762      0.18751      0.31258      0.03213      0.00236      0.02270
FE      0.43758      0.06247      0.43761      0.01953     -0.00640      0.02587
FE      0.31251      0.18751      0.43752      0.00588      0.00235      0.00849
FE      0.31251      0.06249      0.56248      0.00588     -0.00235     -0.00850
FE      0.43758      0.18753      0.56239      0.01953      0.00640     -0.02586
FE      0.43762      0.06249      0.68742      0.03213     -0.00236     -0.02271
FE      0.31236      0.18751      0.68763      0.00076      0.00220     -0.00389
FE      0.31247      0.06247      0.81252      0.02581     -0.01368     -0.02818
FE      0.43758      0.18752      0.81248      0.02205      0.00276     -0.01088
FE      0.43760      0.06249      0.93751      0.02202     -0.00326     -0.00120
FE      0.31276      0.18753      0.93743      0.05081      0.01368     -0.01799
FE      0.31247      0.31232      0.06258      0.01370     -0.01491      0.02077
FE      0.43755      0.43755      0.06248      0.01207      0.01337     -0.00495
FE      0.43753      0.31249      0.18751      0.01354      0.00050      0.00420
FE      0.31250      0.43754      0.18754      0.00228      0.00893      0.00628
FE      0.31250      0.31251      0.31251      0.00505      0.00198      0.00821
FE      0.43752      0.43751      0.31248      0.00339      0.00241     -0.00358
FE      0.43748      0.31249      0.43751     -0.00426     -0.00138      0.00194
FE      0.31249      0.43751      0.43752     -0.00317      0.00170      0.00362
FE      0.31248      0.31247      0.56248     -0.00080     -0.00600     -0.00803
FE      0.43751      0.43751      0.56249      0.00234      0.00184     -0.00196
FE      0.43751      0.31247      0.68753      0.00810     -0.00559      0.00097
FE      0.31251      0.43755      0.68749      0.00220      0.01004     -0.00367
FE      0.31263      0.31253      0.81237      0.03151      0.01294     -0.03119
FE      0.43752      0.43753      0.81249      0.00697      0.00738     -0.00021
FE      0.43754      0.31248      0.93753      0.01221      0.00097      0.00561
FE      0.31235      0.43733      0.93752     -0.01500     -0.02052      0.00470
FE      0.31249      0.56247      0.06248      0.00012     -0.00484     -0.00516
FE      0.43754      0.68749      0.06249      0.00878     -0.00244     -0.00244
FE      0.43752      0.56248      0.18752      0.00351     -0.00370      0.00279
FE      0.31247      0.68753      0.18751     -0.00368      0.00504      0.00073
FE      0.31248      0.56248      0.31249     -0.00353     -0.00369     -0.00214
FE      0.43752      0.68752      0.31248      0.00433      0.00382     -0.00300
FE      0.43752      0.56248      0.43752      0.00326     -0.00412      0.00296
FE      0.31248      0.68752      0.43752     -0.00272      0.00375      0.00373
FE      0.31248      0.56248      0.56248     -0.00270     -0.00375     -0.00375
FE      0.43752      0.68752      0.56248      0.00326      0.00411     -0.00295
FE      0.43752      0.56248      0.68752      0.00434     -0.00383      0.00301
FE      0.31248      0.68752      0.68751     -0.00351      0.00370      0.00216
FE      0.31247      0.56247      0.81249     -0.00371     -0.00504     -0.00075
FE      0.43752      0.68752      0.81248      0.00352      0.00370     -0.00279
FE      0.43754      0.56251      0.93751      0.00878      0.00244      0.00244
FE      0.31249      0.68753      0.93752      0.00012      0.00484      0.00516
FE      0.31235      0.81267      0.06248     -0.01499      0.02052     -0.00469
FE      0.43754      0.93752      0.06247      0.01221     -0.00097     -0.00561
FE      0.43752      0.81247      0.18751      0.00694     -0.00738      0.00020
FE      0.31263      0.93747      0.18763      0.03152     -0.01294      0.03117
FE      0.31251      0.81245      0.31251      0.00218     -0.01005      0.00367
FE      0.43751      0.93753      0.31247      0.00809      0.00559     -0.00098
FE      0.43751      0.81249      0.43751      0.00234     -0.00184      0.00196
FE      0.31248      0.93753      0.43752     -0.00079      0.00600      0.00803
FE      0.31249      0.81249      0.56248     -0.00317     -0.00170     -0.00363
FE      0.43748      0.93751      0.56249     -0.00425      0.00139     -0.00194
FE      0.43752      0.81249      0.68752      0.00340     -0.00241      0.00359
FE      0.31250      0.93749      0.68749      0.00504     -0.00198     -0.00821
FE      0.31250      0.81246      0.81246      0.00226     -0.00894     -0.00628
FE      0.43753      0.93751      0.81249      0.01355     -0.00050     -0.00420
FE      0.43755      0.81245      0.93752      0.01208     -0.01337      0.00495
FE      0.31247      0.93768      0.93742      0.01369      0.01490     -0.02077
FE      0.56248      0.06248      0.06250     -0.00264     -0.00345      0.00025
FE      0.68743      0.18751      0.06249     -0.01616      0.00319      0.00126
FE      0.68745      0.06248      0.18752     -0.01616     -0.00274      0.01085
FE      0.56248      0.18752      0.18756     -0.00266      0.00338      0.01177
FE      0.56248      0.06247      0.31248     -0.00264     -0.00610     -0.00403
FE      0.68741      0.18751      0.31258     -0.02628      0.00234      0.02273
FE      0.68745      0.06247      0.43761     -0.01357     -0.00638      0.02584
FE      0.56248      0.18753      0.43749     -0.00258      0.00614     -0.00325
FE      0.56248      0.06247      0.56251     -0.00258     -0.00614      0.00325
FE      0.68745      0.18753      0.56239     -0.01357      0.00638     -0.02585
FE      0.68741      0.06249      0.68742     -0.02629     -0.00233     -0.02273
FE      0.56248      0.18753      0.68752     -0.00265      0.00610      0.00404
FE      0.56248      0.06248      0.81244     -0.00265     -0.00338     -0.01177
FE      0.68745      0.18752      0.81248     -0.01615      0.00274     -0.01086
FE      0.68743      0.06249      0.93751     -0.01616     -0.00319     -0.00126
FE      0.56248      0.18752      0.93750     -0.00265      0.00345     -0.00024
FE      0.56248      0.31248      0.06249     -0.00261     -0.00236     -0.00037
FE      0.68748      0.43755      0.06248     -0.00610      0.01337     -0.00493
FE      0.68750      0.31249      0.18751     -0.00760      0.00049      0.00423
FE      0.56248      0.43751      0.18751     -0.00261      0.00093      0.00171
FE      0.56248      0.31249      0.31245     -0.00260     -0.00239     -0.00999
FE      0.68752      0.43751      0.31248      0.00257      0.00240     -0.00360
FE      0.68755      0.31249      0.43751      0.01021     -0.00142      0.00196
FE      0.56248      0.43753      0.43752     -0.00262      0.00483      0.00273
FE      0.56248      0.31250      0.56251     -0.00259      0.00166      0.00370
FE      0.68752      0.43751      0.56249      0.00363      0.00184     -0.00196
FE      0.68752      0.31247      0.68753     -0.00210     -0.00563      0.00100
FE      0.56248      0.43751      0.68751     -0.00261      0.00150      0.00298
FE      0.56248      0.31247      0.81247     -0.00262     -0.00464     -0.00562
FE      0.68751      0.43753      0.81249     -0.00101      0.00739     -0.00021
FE      0.68749      0.31248      0.93753     -0.00625      0.00098      0.00561
FE      0.56248      0.43752      0.93752     -0.00263      0.00298      0.00395
FE      0.56248      0.56248      0.06248     -0.00261     -0.00423     -0.00405
FE      0.68749      0.68749      0.06249     -0.00283     -0.00246     -0.00242
FE      0.68752      0.56248      0.18752      0.00246     -0.00371      0.00278
FE      0.56248      0.68752      0.18751     -0.00260      0.00429      0.00203
FE      0.56248      0.56248      0.31248     -0.00261     -0.00411     -0.00270
FE      0.68751      0.68752      0.31248      0.00163      0.00383     -0.00301
FE      0.68752      0.56248      0.43752      0.00270     -0.00413      0.00297
FE      0.56248      0.68752      0.43752     -0.00261      0.00377      0.00284
FE      0.56248      0.56248      0.56248     -0.00261     -0.00376     -0.00284
FE      0.68752      0.68752      0.56248      0.00272      0.00412     -0.00296
FE      0.68751      0.56248      0.68752      0.00164     -0.00383      0.00301
FE      0.56248      0.68752      0.68752     -0.00262      0.00410      0.00271
FE      0.56248      0.56248      0.81249     -0.00261     -0.00428     -0.00204
FE      0.68752      0.68752      0.81248      0.00247      0.00371     -0.00279
FE      0.68749      0.56251      0.93751     -0.00283      0.00246      0.00243
FE      0.56248      0.68752      0.93752     -0.00262      0.00423      0.00404
FE      0.56248      0.81248      0.06248     -0.00261     -0.00298     -0.00395
FE      0.68749      0.93752      0.06247     -0.00625     -0.00097     -0.00560
FE      0.68751      0.81247      0.18751     -0.00101     -0.00739      0.00020
FE      0.56248      0.93753      0.18753     -0.00262      0.00465      0.00562
FE      0.56248      0.81249      0.31249     -0.00260     -0.00150     -0.00297
FE      0.68752      0.93753      0.31247     -0.00210      0.00563     -0.00100
FE      0.68752      0.81249      0.43751      0.00363     -0.00184      0.00197
FE      0.56248      0.93750      0.43749     -0.00259     -0.00167     -0.00369
FE      0.56248      0.81247      0.56248     -0.00261     -0.00483     -0.00274
FE      0.68755      0.93751      0.56249      0.01021      0.00142     -0.00197
FE      0.68752      0.81249      0.68752      0.00257     -0.00240      0.00360
FE      0.56248      0.93751      0.68755     -0.00261      0.00239      0.00999
FE      0.56248      0.81249      0.81249     -0.00261     -0.00093     -0.00171
FE      0.68750      0.93751      0.81249     -0.00761     -0.00048     -0.00423
FE      0.68748      0.81245      0.93752     -0.00611     -0.01337      0.00494
FE      0.56248      0.93752      0.93751     -0.00261      0.00236      0.00037
FE      0.81220      0.06246      0.06257     -0.05641     -0.01401      0.01777
FE      0.93226      0.18955      0.06567     -0.81217      0.33274      0.49686
FE      0.93396      0.06249      0.19100     -0.61509     -0.00611      0.60281
FE      0.81250      0.18753      0.18748     -0.03096      0.01363      0.02805
FE      0.81261      0.06249      0.31237     -0.00605     -0.00198      0.00401
FE      0.93742      0.18753      0.31266     -0.02307      0.01313      0.03666
FE      0.93750      0.06248      0.43757     -0.00302     -0.00323      0.01406
FE      0.81246      0.18751      0.43752     -0.01106      0.00236      0.00849
FE      0.81246      0.06249      0.56248     -0.01106     -0.00236     -0.00849
FE      0.93750      0.18752      0.56243     -0.00302      0.00323     -0.01406
FE      0.93742      0.06247      0.68734     -0.02308     -0.01313     -0.03666
FE      0.81261      0.18751      0.68763     -0.00605      0.00198     -0.00400
FE      0.81250      0.06247      0.81252     -0.03096     -0.01362     -0.02805
FE      0.93396      0.18751      0.80900     -0.61510      0.00610     -0.60281
FE      0.93226      0.06045      0.93433     -0.81216     -0.33273     -0.49687
FE      0.81220      0.18754      0.93743     -0.05640      0.01401     -0.01777
FE      0.81249      0.31232      0.06258     -0.01914     -0.01487      0.02083
FE      0.93747      0.43777      0.06257     -0.01368      0.05914      0.01837
FE      0.93734      0.31276      0.18772     -0.03950      0.06422      0.05211
FE      0.81247      0.43754      0.18754     -0.00751      0.00893      0.00627
FE      0.81247      0.31251      0.31251     -0.01022      0.00198      0.00820
FE      0.93753      0.43751      0.31247      0.00713      0.00634     -0.00051
FE      0.93752      0.31249      0.43752      0.00265      0.00142      0.00631
FE      0.81248      0.43751      0.43752     -0.00204      0.00170      0.00364
FE      0.81249      0.31247      0.56248     -0.00437     -0.00598     -0.00802
FE      0.93753      0.43752      0.56248      0.00631      0.00639     -0.00540
FE      0.93743      0.31250      0.68739     -0.01911      0.01116     -0.03156
FE      0.81246      0.43755      0.68749     -0.00738      0.01008     -0.00364
FE      0.81234      0.31253      0.81237     -0.03682      0.01281     -0.03132
FE      0.93743      0.43778      0.81241     -0.01745      0.06190     -0.02324
FE      0.93508      0.31498      0.93746     -0.42017      0.45373     -0.01130
FE      0.81262      0.43733      0.93752      0.00998     -0.02069      0.00455
FE      0.81248      0.56247      0.06248     -0.00533     -0.00483     -0.00516
FE      0.93756      0.68754      0.06249      0.00930      0.00831     -0.00112
FE      0.93751      0.56247      0.18751      0.00333     -0.00432      0.00436
FE      0.81250      0.68753      0.18751     -0.00152      0.00502      0.00071
FE      0.81249      0.56248      0.31249     -0.00164     -0.00369     -0.00215
FE      0.93752      0.68753      0.31246      0.00451      0.00513     -0.00443
FE      0.93752      0.56248      0.43751      0.00371     -0.00414      0.00228
FE      0.81249      0.68752      0.43752     -0.00247      0.00375      0.00374
FE      0.81249      0.56248      0.56248     -0.00248     -0.00374     -0.00374
FE      0.93752      0.68752      0.56249      0.00371      0.00413     -0.00228
FE      0.93752      0.56247      0.68754      0.00450     -0.00513      0.00444
FE      0.81249      0.68752      0.68751     -0.00164      0.00368      0.00216
FE      0.81250      0.56247      0.81249     -0.00151     -0.00502     -0.00072
FE      0.93751      0.68753      0.81249      0.00332      0.00433     -0.00438
FE      0.93756      0.56246      0.93751      0.00928     -0.00830      0.00113
FE      0.81248      0.68753      0.93752     -0.00533      0.00483      0.00515
FE      0.81262      0.81267      0.06248      0.00998      0.02069     -0.00454
FE      0.93508      0.93502      0.06254     -0.42016     -0.45373      0.01130
FE      0.93743      0.81223      0.18759     -0.01746     -0.06192      0.02320
FE      0.81234      0.93747      0.18763     -0.03682     -0.01281      0.03132
FE      0.81246      0.81245      0.31251     -0.00738     -0.01007      0.00365
FE      0.93743      0.93750      0.31261     -0.01911     -0.01115      0.03156
FE      0.93753      0.81248      0.43752      0.00632     -0.00638      0.00540
FE      0.81249      0.93753      0.43752     -0.00438      0.00598      0.00801
FE      0.81248      0.81249      0.56248     -0.00205     -0.00170     -0.00365
FE      0.93752      0.93751      0.56248      0.00265     -0.00142     -0.00631
FE      0.93753      0.81249      0.68753      0.00713     -0.00634      0.00052
FE      0.81247      0.93749      0.68749     -0.01021     -0.00198     -0.00819
FE      0.81247      0.81246      0.81246     -0.00749     -0.00894     -0.00627
FE      0.93734      0.93724      0.81228     -0.03950     -0.06422     -0.05211
FE      0.93747      0.81223      0.93743     -0.01368     -0.05914     -0.01837
FE      0.81249      0.93768      0.93742     -0.01913      0.01487     -0.02082
