/* Converted from PWscf output file */ 
#L_UNITS ang 
#E_UNITS eV 
#S_UNITS GPA 
#F_UNITS EV/ANG 
#ALAT 	   6.88626     // a0 
#X 	   1.00000     0.00000     0.00000     // X 
#Y 	   0.00000     1.05388     0.00000     // Y 
#Z 	   0.00000     0.00000     1.00000     // Z 
#SX 	   0.43911    -0.00642    -0.00044     // SX 
#SY 	  -0.00642     0.57386     0.05396     // SY 
#SZ 	  -0.00044     0.05396     0.43707     // SZ 
#EPA 	  -4.21982     // Energy per Atom 
#C 	1 1 1 
#W 	20.0 
#RCUT 	6.5        // Rcut 
PD     -0.00026      0.02919      0.00217      0.03235     -3.40957     -0.27032
FE      0.25521      0.25520      0.00000      0.55713      0.48018     -0.00333
FE      0.25703      0.00000      0.25703     -0.01063     -0.00300     -0.01475
FE      0.00000      0.25520      0.25521      0.00060      0.54539      0.61545
FE      0.00000      0.00000      0.50000      0.00039      0.00489      0.00708
FE      0.25049      0.25094      0.50000      0.01678      0.00843      0.00456
FE      0.25703      0.00000      0.74297     -0.07755      0.00394      0.07514
FE      0.00000      0.25520      0.74479      0.00062      0.43157     -0.51328
FE      0.00000      0.50000      0.00000      0.00024      0.09629     -0.00132
FE      0.25521      0.74480      0.00000     -0.24992      0.27224      0.00231
FE      0.25085      0.50000      0.25085      0.00643      0.01241      0.00733
FE      0.00000      0.74480      0.25521     -0.00029      0.26128     -0.24270
FE      0.00000      0.50000      0.50000      0.00002      0.07323      0.00407
FE      0.25049      0.74906      0.50000     -0.01855      0.01205      0.00197
FE      0.25085      0.50000      0.74915      0.00707      0.01066     -0.00617
FE      0.00000      0.74480      0.74479     -0.00013      0.27990      0.25518
FE      0.50000      0.00000      0.00000     -0.00076      0.00497     -0.00159
FE      0.74479      0.25520      0.00000     -0.56962      0.49399     -0.00373
FE      0.74297      0.00000      0.25703      0.00333     -0.00370     -0.00633
FE      0.50000      0.25094      0.25049     -0.00067      0.00956      0.01752
FE      0.50000      0.00000      0.50000     -0.00160     -0.00447      0.01160
FE      0.74951      0.25094      0.50000     -0.01701      0.00890      0.00459
FE      0.74297      0.00000      0.74297      0.07070      0.00315      0.06757
FE      0.50000      0.25094      0.74951     -0.00059      0.00746     -0.01641
FE      0.50000      0.50000      0.00000     -0.00053      0.07319     -0.00059
FE      0.74479      0.74480      0.00000      0.24840      0.26992      0.00234
FE      0.74915      0.50000      0.25085     -0.00633      0.01263      0.00728
FE      0.50000      0.74906      0.25049     -0.00057      0.01228     -0.01790
FE      0.50000      0.50000      0.50000     -0.00002     -0.00291     -0.00002
FE      0.74951      0.74906      0.50000      0.01830      0.01204      0.00205
FE      0.74915      0.50000      0.74915     -0.00728      0.01089     -0.00610
FE      0.50000      0.74906      0.74951     -0.00029      0.01222      0.01849
