/* Converted from PWscf output file */ 
#L_UNITS ang 
#E_UNITS eV 
#S_UNITS GPA 
#F_UNITS EV/ANG 
#ALAT 	   7.00956     // a0 
#X 	   1.00000     0.00003    -0.00000     // X 
#Y 	   0.00003     1.05332     0.00003     // Y 
#Z 	  -0.00000     0.00003     1.00000     // Z 
#SX 	  -0.00160    -0.00904    -0.00335     // SX 
#SY 	  -0.00904    -0.02435    -0.00904     // SY 
#SZ 	  -0.00335    -0.00904    -0.00160     // SZ 
#EPA 	  -4.14696     // Energy per Atom 
#C 	1 1 1 
#W 	20.0 
#RCUT 	6.5        // Rcut 
PD     -0.00828     -0.00659     -0.00828     -0.00687     -0.01587     -0.00687
PD      0.25817      0.25637     -0.00825      0.00534      0.02020     -0.00346
PD      0.25820     -0.00649      0.25820      0.00544     -0.01320      0.00544
PD     -0.00825      0.25637      0.25817     -0.00346      0.02020      0.00534
FE     -0.00701     -0.00518      0.51065      0.00648     -0.01512     -0.01431
FE      0.25699      0.25534      0.51039     -0.00622      0.00482      0.00280
FE      0.25704     -0.00525      0.73958     -0.00795     -0.01261      0.00259
FE     -0.00707      0.25535      0.73953      0.00636      0.00533      0.01169
FE     -0.00553      0.50840     -0.00553     -0.00642     -0.01086     -0.00642
FE      0.25569      0.74172     -0.00556      0.00009      0.00379     -0.00761
FE      0.25558      0.50818      0.25558      0.00266      0.00788      0.00266
FE     -0.00556      0.74172      0.25569     -0.00761      0.00379      0.00009
FE     -0.00170      0.50570      0.50632     -0.00154      0.00390     -0.00489
FE      0.25179      0.74416      0.50634     -0.00200      0.00428     -0.00651
FE      0.25185      0.50585      0.74369     -0.00194     -0.00636      0.00661
FE     -0.00167      0.74398      0.74349     -0.00451      0.01493      0.01693
FE      0.51065     -0.00518     -0.00701     -0.01431     -0.01512      0.00648
FE      0.73953      0.25535     -0.00707      0.01169      0.00533      0.00636
FE      0.73958     -0.00525      0.25704      0.00259     -0.01261     -0.00795
FE      0.51039      0.25534      0.25699      0.00280      0.00482     -0.00622
FE      0.50810     -0.00162      0.50810      0.00838     -0.00780      0.00838
FE      0.74190      0.25182      0.50825     -0.00495     -0.00022     -0.00178
FE      0.74171     -0.00160      0.74171      0.01134     -0.01285      0.01134
FE      0.50825      0.25182      0.74190     -0.00178     -0.00022     -0.00495
FE      0.50632      0.50570     -0.00170     -0.00489      0.00390     -0.00154
FE      0.74349      0.74398     -0.00167      0.01693      0.01493     -0.00451
FE      0.74369      0.50585      0.25185      0.00661     -0.00636     -0.00194
FE      0.50634      0.74416      0.25179     -0.00651      0.00428     -0.00200
FE      0.50176      0.50169      0.50176     -0.00325      0.00733     -0.00325
FE      0.74812      0.74831      0.50178      0.00057     -0.00527     -0.00153
FE      0.74815      0.50172      0.74815     -0.00156      0.01001     -0.00156
FE      0.50178      0.74831      0.74812     -0.00153     -0.00527      0.00057
