/* Converted from PWscf output file */ 
#L_UNITS ang 
#E_UNITS eV 
#S_UNITS GPA 
#F_UNITS EV/ANG 
#ALAT 	  13.68721     // a0 
#X 	   1.00000     0.00001     0.00000     // X 
#Y 	   0.00002     1.05665    -0.00000     // Y 
#Z 	   0.00000    -0.00000     1.00003     // Z 
#SX 	  -0.04579    -0.00058    -0.00015     // SX 
#SY 	  -0.00058    -0.00190     0.00073     // SY 
#SZ 	  -0.00015     0.00073    -0.04711     // SZ 
#EPA 	  -4.25306     // Energy per Atom 
#C 	1 1 1 
#W 	1.0 
#RCUT 	6.5        // Rcut 
PD      0.06254      0.06223      0.06226      0.00025     -0.00105      0.00319
FE      0.19051      0.19003      0.06212      0.00833     -0.00020     -0.00079
FE      0.19181      0.06226      0.19134      0.01065     -0.00596      0.00629
FE      0.06302      0.18984      0.18962     -0.00291      0.00586      0.01098
FE      0.06280      0.06167      0.31224     -0.00149      0.00316      0.00742
FE      0.18862      0.18755      0.31254     -0.00377     -0.00051     -0.00042
FE      0.18799      0.06222      0.43769     -0.00197      0.00348      0.00030
FE      0.06533      0.18482      0.43765      0.00613     -0.00115      0.00016
FE      0.06288      0.06166      0.56288     -0.00067      0.00405     -0.00023
FE      0.18821      0.18723      0.56302      0.00004      0.00395     -0.00125
FE      0.18791      0.06226      0.68758      0.00537     -0.00539      0.00183
FE      0.06302      0.18725      0.68801     -0.00121      0.00291     -0.00188
FE      0.06252      0.06223      0.81244      0.00299     -0.00372     -0.00525
FE      0.18838      0.18777      0.81224     -0.00019     -0.00567      0.00191
FE      0.19165      0.06236      0.93340      0.01461     -0.00812     -0.00853
FE      0.06255      0.19012      0.93466      0.00152      0.00136     -0.00690
FE      0.06261      0.31291      0.06227      0.00218      0.00183     -0.00177
FE      0.18786      0.43771      0.06210      0.00302      0.00682      0.00058
FE      0.18885      0.31331      0.18692     -0.01522     -0.00414      0.01046
FE      0.06301      0.43791      0.18694     -0.00143      0.00137      0.00340
FE      0.06671      0.31283      0.30883      0.00828     -0.00479     -0.01285
FE      0.18816      0.43803      0.31208      0.00047      0.00080      0.00329
FE      0.18785      0.31269      0.43776      0.01029      0.00190      0.00080
FE      0.06533      0.44037      0.43772      0.00657      0.00386      0.00124
FE      0.06663      0.31251      0.56661      0.01016      0.00395      0.01006
FE      0.18816      0.43795      0.56302      0.00021      0.00212     -0.00147
FE      0.18858      0.31270      0.68830     -0.01072      0.00236     -0.01333
FE      0.06302      0.43810      0.68795     -0.00111     -0.00059     -0.00266
FE      0.06264      0.31275      0.81234      0.00258     -0.00378      0.00537
FE      0.18787      0.43780      0.81273      0.00465      0.00635     -0.00203
FE      0.18807      0.31330      0.93713      0.00204     -0.00457      0.00148
FE      0.06256      0.43765      0.93750      0.00213      0.00544     -0.00164
FE      0.06254      0.56271      0.06226      0.00291      0.00314      0.00018
FE      0.18759      0.68755      0.06241      0.00485      0.00346     -0.00175
FE      0.18779      0.56271      0.18734      0.00296      0.00499     -0.00076
FE      0.06250      0.68763      0.18741      0.00273     -0.00012      0.00029
FE      0.06288      0.56331      0.31218     -0.00140     -0.00525      0.00386
FE      0.18768      0.68753      0.31260      0.00420      0.00028     -0.00105
FE      0.18788      0.56272      0.43759     -0.00207     -0.00382      0.00138
FE      0.06249      0.68737      0.43770      0.00156      0.00107      0.00071
FE      0.06289      0.56333      0.56289     -0.00088     -0.00503     -0.00118
FE      0.18769      0.68761      0.56250      0.00407     -0.00170      0.00267
FE      0.18780      0.56271      0.68769      0.00415      0.00495      0.00100
FE      0.06250      0.68747      0.68747      0.00294      0.00077      0.00032
FE      0.06255      0.56271      0.81263      0.00312      0.00309     -0.00144
FE      0.18759      0.68745      0.81241      0.00643      0.00352      0.00030
FE      0.18766      0.56260      0.93748      0.00584      0.00803     -0.00120
FE      0.06251      0.68756      0.93751      0.00243      0.00226     -0.00143
FE      0.06250      0.81203      0.06240      0.00136     -0.00220     -0.00126
FE      0.19029      0.93465      0.06242      0.01115     -0.00796     -0.00223
FE      0.18797      0.81165      0.18789      0.00077      0.00484     -0.00449
FE      0.06249      0.93455      0.19013      0.00167     -0.00501      0.00583
FE      0.06253      0.81224      0.31277      0.00127      0.00348     -0.00492
FE      0.18815      0.93704      0.31305     -0.00061     -0.00048     -0.00540
FE      0.18767      0.81226      0.43774      0.00499     -0.00250      0.00028
FE      0.06250      0.93740      0.43764      0.00158     -0.00442      0.00027
FE      0.06253      0.81241      0.56252      0.00141     -0.00404      0.00114
FE      0.18774      0.93732      0.56250      0.00357     -0.00443      0.00273
FE      0.18764      0.81226      0.68735      0.00584     -0.00256      0.00232
FE      0.06251      0.93729      0.68752      0.00289     -0.00455      0.00111
FE      0.06251      0.81222      0.81220      0.00181      0.00264      0.00430
FE      0.18809      0.93711      0.81193      0.00180     -0.00375      0.00428
FE      0.18795      0.81166      0.93713      0.00125      0.00457      0.00114
FE      0.06249      0.93461      0.93465      0.00194     -0.00831     -0.00745
FE      0.31277      0.06238      0.06238      0.00858     -0.00938     -0.00282
FE      0.43764      0.18745      0.06238      0.00009     -0.00422     -0.00348
FE      0.43769      0.06237      0.18757      0.00083     -0.00718     -0.00241
FE      0.31344      0.18774      0.18769     -0.00370     -0.00554     -0.00386
FE      0.31369      0.06228      0.31341     -0.01330     -0.00248     -0.01662
FE      0.43789      0.18760      0.31271     -0.00139      0.00176     -0.00092
FE      0.43818      0.06240      0.43818     -0.00380     -0.00430     -0.00398
FE      0.31292      0.18756      0.43788      0.00221      0.00195     -0.00082
FE      0.31288      0.06227      0.56254      0.00386     -0.00232      0.00241
FE      0.43762      0.18762      0.56256      0.00349      0.00421      0.00153
FE      0.43818      0.06238      0.68695     -0.00397     -0.00717      0.00780
FE      0.31320      0.18753      0.68747      0.00193      0.00008      0.00266
FE      0.31356      0.06240      0.81158     -0.00968     -0.00902      0.01666
FE      0.43789      0.18750      0.81226     -0.00063     -0.00184      0.00248
FE      0.43770      0.06241      0.93737      0.00147     -0.00976     -0.00212
FE      0.31318      0.18771      0.93699      0.00095     -0.00844      0.00221
FE      0.31346      0.31272      0.06181     -0.00790     -0.00411      0.00405
FE      0.43770      0.43790      0.06237      0.00062      0.00796     -0.00356
FE      0.43774      0.31271      0.18740      0.00014      0.00281     -0.00112
FE      0.31300      0.43780      0.18721      0.00080      0.00595      0.00060
FE      0.31289      0.31271      0.31255      0.00284      0.00489     -0.00138
FE      0.43759      0.43767      0.31244      0.00192      0.00808      0.00139
FE      0.43760      0.31258      0.43760      0.00229      0.00908      0.00222
FE      0.31265      0.43769      0.43759      0.00393      0.00732      0.00200
FE      0.31277      0.31260      0.56265      0.00678      0.00769      0.00336
FE      0.43755      0.43762      0.56256      0.00319      0.00915      0.00223
FE      0.43760      0.31258      0.68763      0.00321      0.00932      0.00133
FE      0.31291      0.43772      0.68779      0.00302      0.00913      0.00002
FE      0.31339      0.31272      0.81294     -0.00112      0.00493     -0.00483
FE      0.43759      0.43776      0.81254      0.00211      0.01224      0.00052
FE      0.43773      0.31271      0.93746     -0.00036      0.00312     -0.00202
FE      0.31271      0.43784      0.93750      0.00506      0.00835     -0.00228
FE      0.31263      0.56258      0.06240      0.00497      0.00929     -0.00243
FE      0.43770      0.68735      0.06246      0.00064      0.00506     -0.00284
FE      0.43759      0.56260      0.18747      0.00101      0.00777     -0.00286
FE      0.31268      0.68745      0.18750      0.00335      0.00333     -0.00083
FE      0.31274      0.56272      0.31246      0.00349      0.00321      0.00037
FE      0.43759      0.68754      0.31250      0.00193     -0.00021      0.00122
FE      0.43755      0.56257      0.43755      0.00234      0.00448      0.00214
FE      0.31271      0.68768      0.43759      0.00430     -0.00348      0.00172
FE      0.31274      0.56271      0.56255      0.00356      0.00307      0.00306
FE      0.43755      0.68758      0.56251      0.00313     -0.00122      0.00248
FE      0.43755      0.56260      0.68759      0.00226      0.00797      0.00240
FE      0.31259      0.68753      0.68750      0.00563      0.00047      0.00157
FE      0.31260      0.56258      0.81251      0.00607      0.00950      0.00043
FE      0.43759      0.68750      0.81246      0.00187      0.00150     -0.00051
FE      0.43758      0.56257      0.93748      0.00107      0.01038     -0.00174
FE      0.31264      0.68741      0.93750      0.00468      0.00428     -0.00286
FE      0.31283      0.81224      0.06246     -0.00152      0.00360     -0.00210
FE      0.43765      0.93742      0.06245      0.00025     -0.00759     -0.00293
FE      0.43774      0.81227      0.18756      0.00029     -0.00256     -0.00015
FE      0.31314      0.93711      0.18798     -0.00056     -0.00342     -0.00546
FE      0.31277      0.81227      0.31267      0.00309     -0.00405      0.00007
FE      0.43789      0.93734      0.31277     -0.00129     -0.00801     -0.00082
FE      0.43760      0.81239      0.43760      0.00289     -0.00878      0.00281
FE      0.31298      0.93720      0.43788      0.00215     -0.00502     -0.00169
FE      0.31264      0.81238      0.56252      0.00609     -0.00698      0.00185
FE      0.43762      0.93730      0.56251      0.00330     -0.01037      0.00222
FE      0.43760      0.81240      0.68748      0.00287     -0.00873      0.00022
FE      0.31288      0.93734      0.68718      0.00400     -0.00887      0.00394
FE      0.31273      0.81226      0.81227      0.00441     -0.00436      0.00021
FE      0.43790      0.93739      0.81218     -0.00096     -0.00957      0.00137
FE      0.43774      0.81226      0.93746      0.00025     -0.00245     -0.00283
FE      0.31311      0.93714      0.93699      0.00086     -0.00471      0.00150
FE      0.56240      0.06239      0.06240     -0.00260     -0.00871     -0.00254
FE      0.68709      0.18750      0.06212     -0.00208     -0.00167      0.00079
FE      0.68711      0.06227      0.18745     -0.00299     -0.00465      0.00112
FE      0.56211      0.18747      0.18728      0.00151     -0.00102      0.00062
FE      0.56226      0.06227      0.31259     -0.00048     -0.00246      0.00076
FE      0.68655      0.18730      0.31231      0.00365      0.00533      0.00338
FE      0.68653      0.06225      0.43819      0.00752      0.00427     -0.00435
FE      0.56235      0.18761      0.43762     -0.00066      0.00488      0.00350
FE      0.56226      0.06226      0.56254     -0.00004     -0.00245      0.00205
FE      0.68681      0.18733      0.56301     -0.00128      0.00833     -0.00208
FE      0.68661      0.06227      0.68707      0.00067     -0.00430      0.00521
FE      0.56211      0.18757      0.68774      0.00040      0.00311     -0.00217
FE      0.56239      0.06239      0.81237     -0.00362     -0.00860     -0.00141
FE      0.68680      0.18753      0.81253     -0.00170      0.00010     -0.00242
FE      0.68723      0.06238      0.93735     -0.00692     -0.00736     -0.00329
FE      0.56238      0.18744      0.93744     -0.00338     -0.00324     -0.00166
FE      0.56182      0.31255      0.06182      0.00385      0.00417      0.00399
FE      0.68702      0.43786      0.06211     -0.00163      0.00497      0.00157
FE      0.68631      0.31271      0.18659      0.01354      0.00269      0.01637
FE      0.56211      0.43773      0.18723      0.00111      0.00851      0.00105
FE      0.56231      0.31260      0.31243     -0.00067      0.00772      0.00238
FE      0.68687      0.43794      0.31202      0.00092      0.00298      0.00557
FE      0.68723      0.31255      0.43761     -0.00871      0.00849      0.00251
FE      0.56236      0.43764      0.43755     -0.00001      0.00802      0.00307
FE      0.56230      0.31256      0.56263     -0.00142      0.01031      0.00227
FE      0.68690      0.43789      0.56301     -0.00037      0.00428     -0.00173
FE      0.68644      0.31258      0.68842      0.00977      0.00932     -0.01650
FE      0.56210      0.43769      0.68782      0.00088      0.01073     -0.00120
FE      0.56182      0.31260      0.81305      0.00416      0.00794     -0.00741
FE      0.68713      0.43772      0.81282     -0.00357      0.00923     -0.00394
FE      0.68712      0.31271      0.93746     -0.00349      0.00293     -0.00230
FE      0.56238      0.43776      0.93750     -0.00345      0.01107     -0.00167
FE      0.56240      0.56258      0.06240     -0.00244      0.00889     -0.00233
FE      0.68729      0.68738      0.06242     -0.00436      0.00372     -0.00149
FE      0.68723      0.56271      0.18733     -0.00263      0.00447      0.00040
FE      0.56242      0.68753      0.18751     -0.00172      0.00086     -0.00083
FE      0.56227      0.56271      0.31245      0.00017      0.00281      0.00059
FE      0.68733      0.68761      0.31251     -0.00311     -0.00305      0.00125
FE      0.68719      0.56272      0.43755      0.00196     -0.00351      0.00220
FE      0.56230      0.68771      0.43755     -0.00034     -0.00428      0.00306
FE      0.56227      0.56271      0.56255      0.00027      0.00298      0.00283
FE      0.68737      0.68765      0.56250     -0.00439     -0.00394      0.00278
FE      0.68727      0.56272      0.68772     -0.00410      0.00491     -0.00057
FE      0.56241      0.68757      0.68754     -0.00172     -0.00048      0.00038
FE      0.56240      0.56258      0.81252     -0.00247      0.00937     -0.00004
FE      0.68741      0.68753      0.81250     -0.00565      0.00018     -0.00170
FE      0.68736      0.56260      0.93748     -0.00600      0.00790     -0.00192
FE      0.56246      0.68749      0.93749     -0.00299      0.00199     -0.00247
FE      0.56245      0.81241      0.06245     -0.00237     -0.00427     -0.00207
FE      0.68734      0.93737      0.06242     -0.00461     -0.00727     -0.00190
FE      0.68726      0.81226      0.18755     -0.00366     -0.00291     -0.00003
FE      0.56241      0.93740      0.18756     -0.00185     -0.00743     -0.00148
FE      0.56241      0.81237      0.31253     -0.00111     -0.00733      0.00294
FE      0.68699      0.93725      0.31279     -0.00105     -0.00593     -0.00060
FE      0.68737      0.81239      0.43760     -0.00479     -0.00893      0.00285
FE      0.56230      0.93717      0.43762     -0.00041     -0.00746      0.00332
FE      0.56241      0.81241      0.56252     -0.00111     -0.00981      0.00172
FE      0.68728      0.93722      0.56250     -0.00560     -0.00833      0.00265
FE      0.68740      0.81239      0.68749     -0.00606     -0.00885     -0.00039
FE      0.56241      0.93731      0.68746     -0.00196     -0.01147     -0.00065
FE      0.56245      0.81237      0.81241     -0.00253     -0.00745     -0.00272
FE      0.68709      0.93734      0.81221     -0.00375     -0.00895      0.00001
FE      0.68727      0.81226      0.93745     -0.00398     -0.00251     -0.00312
FE      0.56246      0.93744      0.93743     -0.00320     -0.00838     -0.00248
FE      0.81214      0.06223      0.06223     -0.01086     -0.00367     -0.00144
FE      0.93465      0.19006      0.06234     -0.00502      0.00043     -0.00088
FE      0.93328      0.06208      0.19115     -0.00859      0.00305      0.01183
FE      0.81138      0.18750      0.18746      0.00382     -0.00032     -0.00032
FE      0.81114      0.06164      0.31305      0.01538      0.00380     -0.01097
FE      0.93697      0.18505      0.31038      0.00301     -0.00646     -0.01279
FE      0.93740      0.06201      0.43773     -0.00218     -0.00273      0.00154
FE      0.80949      0.18486      0.43787     -0.00970      0.00049      0.00048
FE      0.81190      0.06167      0.56287     -0.00217      0.00442     -0.00110
FE      0.93744      0.18477      0.56532     -0.00161     -0.00172      0.00819
FE      0.93736      0.06221      0.68768     -0.00261      0.00287     -0.00472
FE      0.81162      0.18730      0.68776     -0.00002      0.00546     -0.00117
FE      0.81142      0.06224      0.81170      0.01056     -0.00340      0.01344
FE      0.93698      0.18779      0.81200      0.00121     -0.00414      0.00272
FE      0.93337      0.06236      0.93339     -0.01030     -0.00537     -0.01012
FE      0.81179      0.18781      0.93698      0.00030     -0.00478      0.00129
FE      0.81203      0.31273      0.06231      0.00241     -0.00417     -0.00055
FE      0.93751      0.43766      0.06236     -0.00122      0.00445     -0.00014
FE      0.93720      0.31326      0.18773      0.00147     -0.00469     -0.00797
FE      0.81186      0.43800      0.18696      0.00093      0.00003      0.00555
FE      0.80819      0.31269      0.30865     -0.01043      0.00389     -0.00664
FE      0.93751      0.44033      0.30986     -0.00161      0.00448     -0.00505
PD      0.93746      0.31270      0.43773      0.00004      0.00056     -0.00359
FE      0.80970      0.44024      0.43759     -0.00986      0.00787      0.00226
FE      0.80835      0.31258      0.56660     -0.01446      0.00694      0.00851
FE      0.93752      0.44028      0.56537     -0.00198      0.00775      0.00599
FE      0.93747      0.31270      0.68756     -0.00300      0.00245      0.00561
FE      0.81190      0.43795      0.68808     -0.00152      0.00331     -0.00426
FE      0.81210      0.31271      0.81243     -0.00485      0.00484     -0.00116
FE      0.93750      0.43777      0.81247     -0.00253      0.00444     -0.00133
FE      0.93712      0.31332      0.93712      0.00097     -0.00453      0.00055
FE      0.81226      0.43775      0.93750     -0.00333      0.00487     -0.00241
FE      0.81234      0.56270      0.06227     -0.00461      0.00235      0.00021
FE      0.93751      0.68769      0.06230     -0.00163     -0.00076     -0.00036
FE      0.93747      0.56273      0.18725     -0.00124     -0.00343      0.00539
FE      0.81232      0.68753      0.18741     -0.00412      0.00018      0.00162
FE      0.81206      0.56330      0.31215     -0.00055     -0.00502      0.00487
FE      0.93750      0.68743      0.31261     -0.00278      0.00019      0.00048
FE      0.93750      0.56289      0.43760     -0.00123      0.00124      0.00149
FE      0.81242      0.68751      0.43759     -0.00455     -0.00269      0.00200
FE      0.81207      0.56331      0.56288     -0.00110     -0.00483     -0.00138
FE      0.93749      0.68751      0.56249     -0.00240     -0.00195      0.00134
FE      0.93749      0.56273      0.68779     -0.00176     -0.00303     -0.00490
FE      0.81241      0.68761      0.68759     -0.00631     -0.00267     -0.00057
FE      0.81237      0.56272      0.81266     -0.00548      0.00273     -0.00239
FE      0.93750      0.68759      0.81252     -0.00298     -0.00059     -0.00073
FE      0.93747      0.56257      0.93748     -0.00137      0.00458     -0.00116
FE      0.81231      0.68746      0.93750     -0.00411      0.00225     -0.00273
FE      0.81211      0.81223      0.06241      0.00148      0.00289     -0.00138
FE      0.93468      0.93451      0.06228     -0.00799     -0.00463     -0.00151
FE      0.93712      0.81166      0.18785      0.00112      0.00459     -0.00364
FE      0.81184      0.93703      0.18791     -0.00092     -0.00201     -0.00360
FE      0.81220      0.81226      0.31266     -0.00338     -0.00479      0.00111
FE      0.93699      0.93712      0.31306      0.00105     -0.00217     -0.00332
FE      0.93746      0.81226      0.43774     -0.00294     -0.00272      0.00037
FE      0.81213      0.93736      0.43790     -0.00327     -0.00584     -0.00075
FE      0.81234      0.81238      0.56252     -0.00617     -0.00752      0.00092
FE      0.93743      0.93741      0.56250     -0.00243     -0.00510      0.00189
FE      0.93745      0.81226      0.68737     -0.00317     -0.00289      0.00105
FE      0.81213      0.93726      0.68727     -0.00490     -0.00619      0.00156
FE      0.81220      0.81225      0.81231     -0.00475     -0.00529     -0.00158
FE      0.93697      0.93693      0.81205      0.00083     -0.00121      0.00240
FE      0.93711      0.81164      0.93710      0.00068      0.00418      0.00096
FE      0.81184      0.93709      0.93698     -0.00091     -0.00338      0.00112
