/* Converted from PWscf output file */ 
#L_UNITS ang 
#E_UNITS eV 
#S_UNITS GPA 
#F_UNITS EV/ANG 
#ALAT 	   7.04061     // a0 
#X 	   1.00000    -0.00004    -0.00007     // X 
#Y 	  -0.00004     1.04993    -0.00004     // Y 
#Z 	  -0.00007    -0.00004     1.00000     // Z 
#SX 	  13.07638    -0.02115    -0.04171     // SX 
#SY 	  -0.02115    11.34998    -0.02115     // SY 
#SZ 	  -0.04171    -0.02115    13.07638     // SZ 
#EPA 	  -4.09483     // Energy per Atom 
#C 	1 1 1 
#W 	20.0 
#RCUT 	6.5        // Rcut 
PD     -0.00441     -0.00379     -0.00441     -1.47728     -1.33634     -1.47728
PD      0.25693      0.25632     -0.00453      0.57508      0.39687     -1.51612
PD      0.25782     -0.00364      0.25782      0.26315     -1.28219      0.26315
PD     -0.00453      0.25632      0.25693     -1.51612      0.39687      0.57508
FE     -0.00243     -0.00148      0.50367     -0.81442     -0.51987      1.22829
FE      0.25299      0.25256      0.50412      0.83707      0.57017      1.37963
FE      0.25713     -0.00118      0.74191      0.03347     -0.41463     -0.35478
FE     -0.00203      0.25520      0.74295     -0.68046     -0.00033     -0.61477
FE     -0.00165      0.50297     -0.00165     -0.55192      1.04750     -0.55192
FE      0.25534      0.74368     -0.00136      0.04260     -0.39612     -0.45423
FE      0.25246      0.50325      0.25246      0.53879      1.14540      0.53879
FE     -0.00136      0.74368      0.25534     -0.45423     -0.39612      0.04260
FE     -0.00028      0.50174      0.50191     -0.09452      0.61316      0.63995
FE      0.25060      0.74741      0.50164      0.03623     -0.58140      0.54840
FE      0.25097      0.50151      0.74756      0.03951      0.53373     -0.53372
FE     -0.00026      0.74492      0.74479     -0.08608      0.04010      0.00130
FE      0.50367     -0.00148     -0.00243      1.22829     -0.51987     -0.81442
FE      0.74295      0.25520     -0.00203     -0.61477     -0.00033     -0.68046
FE      0.74191     -0.00118      0.25713     -0.35478     -0.41463      0.03347
FE      0.50412      0.25256      0.25299      1.37963      0.57017      0.83707
FE      0.50311      0.00006      0.50311      1.04000      0.02119      1.04000
FE      0.74682      0.25085      0.50265     -0.90191     -0.03214      0.88750
FE      0.74273      0.00004      0.74273     -0.08058      0.01234     -0.08058
FE      0.50265      0.25085      0.74682      0.88750     -0.03214     -0.90191
FE      0.50191      0.50174     -0.00028      0.63995      0.61316     -0.09452
FE      0.74479      0.74492     -0.00026      0.00130      0.04010     -0.08608
FE      0.74756      0.50151      0.25097     -0.53372      0.53373      0.03951
FE      0.50164      0.74741      0.25060      0.54840     -0.58140      0.03623
FE      0.50026      0.49992      0.50026      0.08604     -0.02957      0.08604
FE      0.74938      0.74911      0.50021     -0.04320      0.01876      0.07020
FE      0.74902      0.49990      0.74902     -0.04320     -0.03490     -0.04320
FE      0.50021      0.74911      0.74938      0.07020      0.01876     -0.04320
