/* Converted from PWscf output file */ 
#L_UNITS ang 
#E_UNITS eV 
#S_UNITS GPA 
#F_UNITS EV/ANG 
#ALAT 	  13.68479     // a0 
#X 	   1.00000     0.00001     0.00000     // X 
#Y 	   0.00001     1.05686     0.00001     // Y 
#Z 	   0.00000     0.00001     1.00002     // Z 
#SX 	   0.05513     0.00044    -0.00000     // SX 
#SY 	   0.00044     0.02931    -0.00146     // SY 
#SZ 	  -0.00000    -0.00146     0.05527     // SZ 
#EPA 	  -4.25305     // Energy per Atom 
#C 	1 1 1 
#W 	1.0 
#RCUT 	6.5        // Rcut 
PD      0.06252      0.06227      0.06229      0.00575     -0.01126     -0.00771
FE      0.19051      0.19010      0.06215     -0.00559     -0.02559     -0.00739
FE      0.19181      0.06230      0.19140     -0.00195     -0.01178     -0.02003
FE      0.06301      0.18986      0.18963     -0.00018     -0.00491     -0.00262
FE      0.06280      0.06167      0.31221     -0.00359      0.00351      0.01157
FE      0.18861      0.18755      0.31254     -0.00259      0.00036     -0.00064
FE      0.18798      0.06223      0.43770     -0.00113     -0.00063     -0.00359
FE      0.06536      0.18478      0.43765     -0.01411      0.01607     -0.00014
FE      0.06287      0.06166      0.56288     -0.00142      0.00563     -0.00067
FE      0.18819      0.18722      0.56301      0.00162      0.00490      0.00182
FE      0.18786      0.06229      0.68754      0.01119     -0.01036      0.01098
FE      0.06300      0.18725      0.68800      0.00148      0.00102      0.00106
FE      0.06250      0.06226      0.81245      0.00807     -0.00740     -0.00338
FE      0.18834      0.18780      0.81222      0.00944     -0.01202      0.00695
FE      0.19164      0.06240      0.93337     -0.00008     -0.01168      0.01208
FE      0.06255      0.19017      0.93463      0.00159     -0.01991      0.01489
FE      0.06260      0.31289      0.06227      0.00185      0.00438      0.00059
FE      0.18782      0.43766      0.06212      0.00989      0.01598     -0.00558
FE      0.18888      0.31332      0.18691     -0.02185     -0.00416      0.00970
FE      0.06300      0.43789      0.18695      0.00047      0.00307      0.00098
FE      0.06672      0.31282      0.30881     -0.00825     -0.00067      0.00509
FE      0.18812      0.43799      0.31207      0.00770      0.00795      0.00517
FE      0.18778      0.31267      0.43773      0.02012      0.00504      0.00724
FE      0.06536      0.44040      0.43770     -0.01490     -0.01134      0.00460
FE      0.06665      0.31249      0.56664     -0.01148      0.00517     -0.01189
FE      0.18814      0.43792      0.56301      0.00294      0.00452      0.00137
FE      0.18858      0.31268      0.68833     -0.00588      0.00588     -0.02013
FE      0.06301      0.43808      0.68796      0.00190      0.00331     -0.00555
FE      0.06263      0.31274      0.81234      0.00277      0.00122      0.00108
FE      0.18782      0.43774      0.81272      0.01675      0.01859      0.00155
FE      0.18805      0.31330      0.93713      0.00180     -0.00550      0.00268
FE      0.06255      0.43762      0.93751      0.00231      0.00968     -0.00175
FE      0.06252      0.56268      0.06228      0.00872      0.00679     -0.00469
FE      0.18756      0.68755      0.06242      0.00597      0.00031     -0.00302
FE      0.18776      0.56267      0.18737      0.00918      0.01059     -0.00810
FE      0.06248      0.68762      0.18742      0.00731      0.00255     -0.00377
FE      0.06288      0.56332      0.31216     -0.00251     -0.00570      0.00660
FE      0.18764      0.68753      0.31260      0.01189     -0.00015     -0.00099
FE      0.18787      0.56271      0.43758      0.00037      0.00067      0.00331
FE      0.06249      0.68737      0.43769      0.00178     -0.00091      0.00459
FE      0.06288      0.56334      0.56289     -0.00207     -0.00452     -0.00197
FE      0.18765      0.68761      0.56248      0.00922      0.00077      0.00719
FE      0.18775      0.56268      0.68767      0.01160      0.01096      0.00517
FE      0.06248      0.68746      0.68747      0.00742      0.00177     -0.00033
FE      0.06252      0.56269      0.81261      0.00911      0.00721      0.00423
FE      0.18755      0.68746      0.81241      0.01173     -0.00248     -0.00145
FE      0.18763      0.56256      0.93748      0.00961      0.01342     -0.00142
FE      0.06249      0.68755      0.93751      0.00451      0.00211     -0.00174
FE      0.06249      0.81205      0.06242      0.00208     -0.00556     -0.00390
FE      0.19030      0.93464      0.06243     -0.00784      0.01003     -0.00326
FE      0.18796      0.81165      0.18790      0.00141      0.00603     -0.00767
FE      0.06248      0.93454      0.19018      0.00512      0.00778     -0.01870
FE      0.06252      0.81224      0.31277      0.00138     -0.00007     -0.00166
FE      0.18812      0.93707      0.31306      0.00295     -0.00541     -0.00825
FE      0.18763      0.81229      0.43772      0.01058     -0.00543      0.00539
FE      0.06249      0.93742      0.43764      0.00151     -0.00645     -0.00202
FE      0.06252      0.81243      0.56251      0.00161     -0.00496      0.00126
FE      0.18771      0.93736      0.56248      0.00691     -0.01204      0.00717
FE      0.18760      0.81228      0.68735      0.01271     -0.00564     -0.00167
FE      0.06248      0.93732      0.68751      0.00744     -0.00989      0.00566
FE      0.06250      0.81224      0.81220      0.00258     -0.00159      0.00406
FE      0.18807      0.93714      0.81192      0.00458     -0.00396      0.00467
FE      0.18795      0.81165      0.93713     -0.00121      0.00616      0.00202
FE      0.06248      0.93461      0.93462      0.00271      0.00492      0.01178
FE      0.31272      0.06242      0.06241      0.01425     -0.01059     -0.00605
FE      0.43765      0.18748      0.06242     -0.00189     -0.00960     -0.01445
FE      0.43770      0.06241      0.18760     -0.00276     -0.01180     -0.00808
FE      0.31341      0.18777      0.18772      0.00474     -0.01257     -0.01160
FE      0.31368      0.06230      0.31345     -0.00718     -0.00434     -0.02073
FE      0.43787      0.18758      0.31269      0.00478      0.00630      0.00734
FE      0.43814      0.06242      0.43814      0.00972     -0.00571      0.00957
FE      0.31288      0.18753      0.43786      0.00824      0.00881      0.00494
FE      0.31283      0.06229      0.56251      0.01253     -0.00518      0.00837
FE      0.43758      0.18760      0.56255      0.01409      0.00615      0.00180
FE      0.43814      0.06242      0.68696      0.00916     -0.01157     -0.00204
FE      0.31313      0.18753      0.68746      0.01736     -0.00028      0.00299
FE      0.31355      0.06243      0.81154     -0.00632     -0.00957      0.02159
FE      0.43787      0.18750      0.81225      0.00493      0.00050      0.00630
FE      0.43770      0.06243      0.93738     -0.00221     -0.00556     -0.00189
FE      0.31313      0.18775      0.93700      0.01303     -0.01376     -0.00004
FE      0.31342      0.31271      0.06184      0.00728     -0.00075     -0.00837
FE      0.43769      0.43784      0.06242      0.00450      0.01627     -0.01439
FE      0.43772      0.31268      0.18740      0.00501      0.00685      0.00116
FE      0.31295      0.43774      0.18723      0.01191      0.01783     -0.00344
FE      0.31286      0.31268      0.31253      0.00750      0.01089      0.00660
FE      0.43758      0.43763      0.31243      0.00329      0.00977      0.00319
FE      0.43758      0.31254      0.43758      0.00499      0.01071      0.00500
FE      0.31263      0.43766      0.43757      0.00439      0.00629      0.00312
FE      0.31274      0.31255      0.56264      0.00846      0.01305      0.00314
FE      0.43754      0.43759      0.56255      0.00222      0.00828      0.00255
FE      0.43758      0.31254      0.68762      0.00554      0.01096      0.00086
FE      0.31286      0.43767      0.68776      0.01175      0.01562      0.00599
FE      0.31332      0.31269      0.81292      0.02111      0.01126      0.00342
FE      0.43758      0.43770      0.81251      0.00328      0.01614      0.01035
FE      0.43771      0.31268      0.93748      0.00459      0.00695     -0.00861
FE      0.31264      0.43777      0.93752      0.01993      0.01821     -0.00744
FE      0.31260      0.56254      0.06242      0.00839      0.01093     -0.00495
FE      0.43769      0.68736      0.06247      0.00442     -0.00206     -0.00207
FE      0.43758      0.56256      0.18749      0.00336      0.01327     -0.00669
FE      0.31264      0.68745      0.18749      0.00927     -0.00292      0.00160
FE      0.31271      0.56269      0.31247      0.01096      0.00733     -0.00307
FE      0.43757      0.68753      0.31249      0.00313      0.00245      0.00126
FE      0.43754      0.56254      0.43754      0.00158      0.00655      0.00150
FE      0.31267      0.68768      0.43758      0.01019      0.00076      0.00308
FE      0.31270      0.56269      0.56252      0.00892      0.00727      0.00914
FE      0.43754      0.68757      0.56249      0.00230      0.00386      0.00453
FE      0.43754      0.56256      0.68757      0.00166      0.01342      0.00665
FE      0.31256      0.68753      0.68750      0.00893      0.00014      0.00108
FE      0.31257      0.56254      0.81251      0.01090      0.01113      0.00178
FE      0.43757      0.68750      0.81246      0.00308     -0.00120     -0.00205
FE      0.43757      0.56254      0.93749      0.00316      0.00705     -0.00293
FE      0.31261      0.68742      0.93752      0.00844     -0.00425     -0.00756
FE      0.31281      0.81225      0.06246      0.00110      0.00015     -0.00134
FE      0.43765      0.93744      0.06246     -0.00172     -0.00474     -0.00229
FE      0.43772      0.81229      0.18754      0.00532     -0.00549      0.00573
FE      0.31312      0.93713      0.18799      0.00269     -0.00410     -0.00632
FE      0.31273      0.81230      0.31265      0.01298     -0.00890      0.00666
FE      0.43787      0.93739      0.31275      0.00477     -0.01786      0.00534
FE      0.43758      0.81243      0.43758      0.00539     -0.00945      0.00538
FE      0.31293      0.93725      0.43786      0.01457     -0.01668      0.00451
FE      0.31259      0.81242      0.56251      0.01320     -0.01146      0.00300
FE      0.43758      0.93736      0.56249      0.01400     -0.01778      0.00441
FE      0.43758      0.81243      0.68749      0.00534     -0.00939     -0.00356
FE      0.31283      0.93739      0.68719      0.01410     -0.01595     -0.00210
FE      0.31269      0.81229      0.81229      0.01129     -0.00946     -0.00674
FE      0.43787      0.93744      0.81220      0.00530     -0.01372     -0.00646
FE      0.43772      0.81229      0.93748      0.00533     -0.00554     -0.00847
FE      0.31309      0.93716      0.93700      0.00232     -0.00301     -0.00104
FE      0.56242      0.06243      0.06242     -0.00524     -0.00945     -0.00524
FE      0.68712      0.18752      0.06214     -0.00795     -0.00922     -0.00487
FE      0.68714      0.06230      0.18747     -0.00780     -0.00949     -0.00694
FE      0.56213      0.18749      0.18731     -0.00469     -0.00597     -0.00756
FE      0.56228      0.06229      0.31259     -0.00554     -0.00545     -0.00160
FE      0.68658      0.18728      0.31228     -0.00471      0.01120      0.01145
FE      0.68657      0.06225      0.43816     -0.00848      0.00150      0.00835
FE      0.56235      0.18758      0.43758      0.00132      0.00950      0.01443
FE      0.56228      0.06228      0.56252     -0.00520     -0.00553      0.00847
FE      0.68686      0.18730      0.56300     -0.01368      0.01196      0.00026
FE      0.68668      0.06230      0.68708     -0.02140     -0.00888     -0.00295
FE      0.56213      0.18757      0.68775     -0.00519      0.00057     -0.00609
FE      0.56242      0.06243      0.81238     -0.00582     -0.00934     -0.00093
FE      0.68687      0.18753      0.81254     -0.01705     -0.00055     -0.00299
FE      0.68726      0.06242      0.93736     -0.00854     -0.01162     -0.00306
FE      0.56242      0.18746      0.93745     -0.01409     -0.00590     -0.00192
FE      0.56186      0.31253      0.06186     -0.00973      0.00572     -0.00956
FE      0.68707      0.43781      0.06213     -0.01387      0.01614     -0.00481
FE      0.68632      0.31269      0.18655      0.00735      0.00727      0.02067
FE      0.56213      0.43767      0.18725     -0.00504      0.01806     -0.00515
FE      0.56230      0.31255      0.31240      0.00284      0.01304      0.00806
FE      0.68689      0.43792      0.31201     -0.00239      0.00288      0.00637
FE      0.68728      0.31252      0.43759     -0.01433      0.00870      0.00583
FE      0.56235      0.43762      0.43754      0.00197      0.00450      0.00241
FE      0.56230      0.31253      0.56262      0.00224      0.00695      0.00197
FE      0.68692      0.43788      0.56300     -0.00163      0.00098      0.00073
FE      0.68645      0.31254      0.68846      0.00632      0.01128     -0.02156
FE      0.56213      0.43764      0.68780     -0.00532      0.01480      0.00652
FE      0.56186      0.31256      0.81304     -0.00905      0.01339      0.00228
FE      0.68718      0.43766      0.81281     -0.01389      0.01537      0.00209
FE      0.68717      0.31269      0.93748     -0.01242      0.00706     -0.00855
FE      0.56242      0.43770      0.93751     -0.01415      0.01802     -0.00395
FE      0.56242      0.56254      0.06242     -0.00508      0.01072     -0.00505
FE      0.68733      0.68738      0.06243     -0.01049     -0.00115     -0.00280
FE      0.68727      0.56268      0.18735     -0.01254      0.01059     -0.00619
FE      0.56243      0.68753      0.18751     -0.00299     -0.00223     -0.00096
FE      0.56228      0.56268      0.31246     -0.00473      0.00675     -0.00522
FE      0.68736      0.68760      0.31251     -0.00874      0.00228     -0.00135
FE      0.68720      0.56271      0.43754      0.00007      0.00050      0.00112
FE      0.56231      0.68771      0.43754     -0.00418      0.00200      0.00240
FE      0.56228      0.56268      0.56252     -0.00467      0.00684      0.00865
FE      0.68740      0.68764      0.56248     -0.00792      0.00385      0.00736
FE      0.68731      0.56268      0.68770     -0.01116      0.01098      0.00625
FE      0.56242      0.68757      0.68754     -0.00303      0.00162      0.00202
FE      0.56242      0.56254      0.81251     -0.00504      0.01103      0.00373
FE      0.68744      0.68753      0.81250     -0.00897     -0.00004     -0.00112
FE      0.68741      0.56256      0.93749     -0.01313      0.01336     -0.00303
FE      0.56247      0.68749      0.93751     -0.00216     -0.00363     -0.00456
FE      0.56246      0.81243      0.06246     -0.00157     -0.00520     -0.00146
FE      0.68736      0.93740      0.06243     -0.00508     -0.00686     -0.00297
FE      0.68730      0.81228      0.18754     -0.01088     -0.00577      0.00338
FE      0.56243      0.93744      0.18757     -0.00315     -0.00950     -0.00330
FE      0.56242      0.81241      0.31251     -0.00341     -0.01194      0.00678
FE      0.68704      0.93731      0.31277     -0.01240     -0.01907      0.00337
FE      0.68740      0.81243      0.43758     -0.00824     -0.00954      0.00527
FE      0.56231      0.93722      0.43758     -0.00436     -0.01645      0.01408
FE      0.56243      0.81244      0.56250     -0.00318     -0.00549      0.00294
FE      0.68735      0.93729      0.56248     -0.02060     -0.01879      0.00793
FE      0.68743      0.81243      0.68749     -0.01085     -0.00950     -0.00170
FE      0.56242      0.93736      0.68749     -0.00306     -0.01584     -0.01043
FE      0.56246      0.81241      0.81243     -0.00180     -0.01184     -0.00682
FE      0.68714      0.93740      0.81224     -0.01229     -0.01590     -0.00581
FE      0.68730      0.81229      0.93748     -0.00902     -0.00549     -0.00887
FE      0.56247      0.93747      0.93745     -0.00215     -0.00814     -0.00272
FE      0.81221      0.06226      0.06226     -0.02067     -0.00717     -0.00791
FE      0.93462      0.19011      0.06234      0.01523     -0.01728     -0.00044
FE      0.93327      0.06210      0.19118      0.00786     -0.00254     -0.00769
FE      0.81140      0.18751      0.18746      0.00239     -0.00125      0.00049
FE      0.81110      0.06164      0.31306      0.02205      0.00558     -0.01125
FE      0.93698      0.18503      0.31037      0.00003      0.00580      0.00240
FE      0.93741      0.06203      0.43773     -0.00201     -0.00687     -0.00092
FE      0.80949      0.18479      0.43784      0.00575      0.02711      0.00752
FE      0.81193      0.06166      0.56287     -0.00280      0.00668     -0.00206
FE      0.93745      0.18472      0.56535     -0.00145      0.01947     -0.01368
FE      0.93737      0.06222      0.68767     -0.00243     -0.00178      0.00073
FE      0.81167      0.18727      0.68778     -0.00936      0.01146     -0.00685
FE      0.81142      0.06227      0.81166      0.00583     -0.00785      0.02014
FE      0.93700      0.18780      0.81201     -0.00153     -0.00369     -0.00010
FE      0.93335      0.06239      0.93336      0.01139     -0.00720      0.01181
FE      0.81181      0.18783      0.93699     -0.00115     -0.00701     -0.00183
FE      0.81203      0.31272      0.06230      0.00281     -0.00008      0.00389
FE      0.93751      0.43764      0.06236     -0.00102      0.00575      0.00215
FE      0.93719      0.31326      0.18776      0.00371     -0.00567     -0.01313
FE      0.81188      0.43798      0.18695     -0.00268      0.00391      0.00845
FE      0.80820      0.31266      0.30860      0.00222      0.00917      0.01979
FE      0.93753      0.44034      0.30981     -0.00549     -0.00681      0.01783
PD      0.93748      0.31270      0.43771     -0.00549      0.00039      0.00731
FE      0.80969      0.44025      0.43758      0.00744     -0.00849      0.00306
FE      0.80836      0.31254      0.56662      0.00013      0.01008     -0.01210
FE      0.93752      0.44029      0.56540     -0.00289     -0.00545     -0.01316
FE      0.93750      0.31268      0.68755     -0.00837      0.00586      0.00348
FE      0.81193      0.43793      0.68808     -0.00491      0.00335     -0.00432
FE      0.81214      0.31267      0.81246     -0.01078      0.01082     -0.01047
FE      0.93752      0.43773      0.81249     -0.00706      0.00925     -0.00608
FE      0.93712      0.31332      0.93712      0.00208     -0.00447      0.00138
FE      0.81229      0.43770      0.93753     -0.00682      0.01223     -0.00676
FE      0.81237      0.56268      0.06229     -0.01011      0.00632     -0.00477
FE      0.93751      0.68769      0.06231     -0.00187      0.00040     -0.00421
FE      0.93748      0.56271      0.18725     -0.00165      0.00066      0.00286
FE      0.81236      0.68753      0.18741     -0.01190     -0.00043      0.00169
FE      0.81207      0.56331      0.31212      0.00003     -0.00520      0.00921
FE      0.93752      0.68744      0.31259     -0.00741     -0.00329      0.00478
FE      0.93751      0.56287      0.43758     -0.00180      0.00319      0.00422
FE      0.81244      0.68751      0.43758     -0.00555     -0.00024      0.00321
FE      0.81208      0.56332      0.56288      0.00232     -0.00498     -0.00253
FE      0.93751      0.68751      0.56248     -0.00444     -0.00237      0.00152
FE      0.93750      0.56272      0.68779     -0.00292      0.00145     -0.00578
FE      0.81245      0.68761      0.68758     -0.01166      0.00262      0.00125
FE      0.81241      0.56269      0.81265     -0.01241      0.00719      0.00181
FE      0.93752      0.68760      0.81253     -0.00739     -0.00208     -0.00017
FE      0.93748      0.56254      0.93749     -0.00160      0.00658     -0.00123
FE      0.81235      0.68746      0.93752     -0.00919     -0.00056     -0.00728
FE      0.81212      0.81224      0.06242     -0.00211     -0.00141     -0.00366
FE      0.93465      0.93449      0.06230      0.01340      0.01053     -0.00520
FE      0.93712      0.81165      0.18786      0.00193      0.00654     -0.00540
FE      0.81188      0.93707      0.18792     -0.00765     -0.00964     -0.00618
FE      0.81223      0.81229      0.31263     -0.00970     -0.00942      0.00825
FE      0.93700      0.93715      0.31306     -0.00090     -0.00553     -0.00073
FE      0.93749      0.81228      0.43772     -0.00856     -0.00551      0.00537
FE      0.81217      0.93741      0.43788     -0.01029     -0.01518      0.00544
FE      0.81237      0.81241      0.56252     -0.00980     -0.01187      0.00129
FE      0.93745      0.93744      0.56249     -0.00264     -0.01002      0.00222
FE      0.93748      0.81228      0.68739     -0.00885     -0.00579     -0.00430
FE      0.81218      0.93732      0.68728     -0.01674     -0.01894     -0.00187
FE      0.81224      0.81229      0.81233     -0.01208     -0.01023     -0.00562
FE      0.93699      0.93697      0.81205     -0.00219     -0.00668      0.00544
FE      0.93712      0.81164      0.93711      0.00144      0.00566      0.00130
FE      0.81186      0.93712      0.93699     -0.00362     -0.00692     -0.00161
