/* Converted from PWscf output file */ 
#L_UNITS ang 
#E_UNITS eV 
#S_UNITS GPA 
#F_UNITS EV/ANG 
#ALAT 	   6.88537     // a0 
#X 	   1.00000     0.00000     0.00000     // X 
#Y 	   0.00000     1.05513     0.00000     // Y 
#Z 	   0.00000     0.00000     1.00000     // Z 
#SX 	  -0.04273     0.00000     0.00000     // SX 
#SY 	   0.00000    -0.21846     0.00000     // SY 
#SZ 	   0.00000     0.00000    -0.04273     // SZ 
#EPA 	  -4.22930     // Energy per Atom 
#C 	1 1 1 
#W 	20.0 
#RCUT 	6.5        // Rcut 
PD      0.00000      0.00000      0.00000      0.00000      0.00000      0.00000
FE      0.25519      0.25507      0.00000      0.00629      0.01495      0.00000
FE      0.25715      0.00000      0.25715     -0.01448      0.00000     -0.01448
FE      0.00000      0.25507      0.25519     -0.00000      0.01495      0.00629
FE      0.00000      0.00000      0.50000      0.00000      0.00000      0.00000
FE      0.25048      0.25079      0.50000      0.00161      0.02084      0.00000
FE      0.25715      0.00000      0.74285     -0.01448     -0.00000      0.01448
FE      0.00000      0.25507      0.74481      0.00000      0.01495     -0.00629
FE      0.00000      0.50000      0.00000      0.00000      0.00000      0.00000
FE      0.25519      0.74493      0.00000      0.00629     -0.01495     -0.00000
FE      0.25071      0.50000      0.25071      0.01728      0.00000      0.01728
FE      0.00000      0.74493      0.25519     -0.00000     -0.01495      0.00629
FE      0.00000      0.50000      0.50000      0.00000      0.00000      0.00000
FE      0.25048      0.74921      0.50000      0.00161     -0.02084     -0.00000
FE      0.25071      0.50000      0.74929      0.01728      0.00000     -0.01728
FE      0.00000      0.74493      0.74481      0.00000     -0.01495     -0.00629
FE      0.50000      0.00000      0.00000      0.00000      0.00000      0.00000
FE      0.74481      0.25507      0.00000     -0.00629      0.01495      0.00000
FE      0.74285      0.00000      0.25715      0.01448     -0.00000     -0.01448
FE      0.50000      0.25079      0.25048      0.00000      0.02084      0.00161
FE      0.50000      0.00000      0.50000      0.00000      0.00000      0.00000
FE      0.74952      0.25079      0.50000     -0.00161      0.02084     -0.00000
FE      0.74285      0.00000      0.74285      0.01448      0.00000      0.01448
FE      0.50000      0.25079      0.74952      0.00000      0.02084     -0.00161
FE      0.50000      0.50000      0.00000      0.00000      0.00000      0.00000
FE      0.74481      0.74493      0.00000     -0.00629     -0.01495      0.00000
FE      0.74929      0.50000      0.25071     -0.01728      0.00000      0.01728
FE      0.50000      0.74921      0.25048      0.00000     -0.02084      0.00161
FE      0.50000      0.50000      0.50000      0.00000      0.00000      0.00000
FE      0.74952      0.74921      0.50000     -0.00161     -0.02084      0.00000
FE      0.74929      0.50000      0.74929     -0.01728      0.00000     -0.01728
FE      0.50000      0.74921      0.74952      0.00000     -0.02084     -0.00161
