/* Converted from PWscf output file */ 
#L_UNITS ang 
#E_UNITS eV 
#S_UNITS GPA 
#F_UNITS EV/ANG 
#ALAT 	   6.88626     // a0 
#X 	   1.00000     0.00000     0.00000     // X 
#Y 	   0.00000     1.05388     0.00000     // Y 
#Z 	   0.00000     0.00000     1.00000     // Z 
#SX 	   0.00671    -0.00000     0.00015     // SX 
#SY 	  -0.00000     0.01371    -0.00000     // SY 
#SZ 	   0.00015    -0.00000     0.00452     // SZ 
#EPA 	  -4.23091     // Energy per Atom 
#C 	1 1 1 
#W 	20.0 
#RCUT 	6.5        // Rcut 
PD     -0.00032      0.00004     -0.00041      0.03504     -0.00427      0.04562
FE      0.25521      0.25520      0.00000     -0.00657     -0.00146     -0.00005
FE      0.25703      0.00000      0.25703     -0.01216     -0.00003     -0.01207
FE      0.00000      0.25520      0.25521     -0.00002     -0.00266     -0.00748
FE      0.00000      0.00000      0.50000      0.00041      0.00001     -0.00129
FE      0.25049      0.25094      0.50000     -0.00039      0.00012     -0.00066
FE      0.25703      0.00000      0.74297      0.00043     -0.00003      0.00111
FE      0.00000      0.25520      0.74479      0.00010      0.00746     -0.00037
FE      0.00000      0.50000      0.00000      0.00023      0.00011      0.00030
FE      0.25521      0.74480      0.00000     -0.00737      0.00253     -0.00004
FE      0.25085      0.50000      0.25085      0.00130     -0.00007      0.00114
FE      0.00000      0.74480      0.25521     -0.00014      0.00360     -0.00836
FE      0.00000      0.50000      0.50000      0.00001      0.00014     -0.00058
FE      0.25049      0.74906      0.50000     -0.00039     -0.00024     -0.00061
FE      0.25085      0.50000      0.74915      0.00121      0.00004     -0.00145
FE      0.00000      0.74480      0.74479      0.00001     -0.00651      0.00043
FE      0.50000      0.00000      0.00000     -0.00099     -0.00001      0.00036
FE      0.74479      0.25520      0.00000      0.00036      0.00652     -0.00027
FE      0.74297      0.00000      0.25703      0.00396      0.00012     -0.00243
FE      0.50000      0.25094      0.25049     -0.00056      0.00005     -0.00039
FE      0.50000      0.00000      0.50000     -0.00192     -0.00007     -0.00223
FE      0.74951      0.25094      0.50000      0.00020      0.00054     -0.00069
FE      0.74297      0.00000      0.74297     -0.00920     -0.00004     -0.00879
FE      0.50000      0.25094      0.74951     -0.00053      0.00044      0.00003
FE      0.50000      0.50000      0.00000     -0.00051      0.00012      0.00008
FE      0.74479      0.74480      0.00000      0.00134     -0.00537      0.00001
FE      0.74915      0.50000      0.25085     -0.00124     -0.00009      0.00099
FE      0.50000      0.74906      0.25049     -0.00072      0.00000     -0.00019
FE      0.50000      0.50000      0.50000     -0.00003     -0.00020     -0.00025
FE      0.74951      0.74906      0.50000      0.00011     -0.00044     -0.00057
FE      0.74915      0.50000      0.74915     -0.00144      0.00005     -0.00128
FE      0.50000      0.74906      0.74951     -0.00052     -0.00038     -0.00000
