/* Converted from PWscf output file */ 
#L_UNITS ang 
#E_UNITS eV 
#S_UNITS GPA 
#F_UNITS EV/ANG 
#ALAT 	  13.68114     // a0 
#X 	   1.00000    -0.00000     0.00000     // X 
#Y 	  -0.00000     1.05739     0.00005     // Y 
#Z 	   0.00000     0.00005     1.00028     // Z 
#SX 	   0.10704     0.00000    -0.00000     // SX 
#SY 	   0.00000    -0.01327    -0.00919     // SY 
#SZ 	  -0.00000    -0.00919     0.10777     // SZ 
#EPA 	  -4.25333     // Energy per Atom 
#C 	1 1 1 
#W 	1.0 
#RCUT 	6.5        // Rcut 
PD      0.06250      0.06027      0.06493      0.00031     -0.07497      0.07955
FE      0.19350      0.18989      0.06634     -0.05098     -0.01913     -0.01389
FE      0.19244      0.06231      0.19238     -0.05400     -0.00662     -0.04773
FE      0.06247      0.19031      0.19076      0.00136     -0.03348     -0.01611
FE      0.06247      0.06239      0.31281     -0.00004     -0.00521      0.00090
FE      0.18814      0.18786      0.31324      0.01481      0.00632      0.01366
FE      0.18770      0.06244      0.43768      0.00536     -0.00428     -0.00073
FE      0.06248      0.18760      0.43765      0.00034      0.00223      0.00102
FE      0.06248      0.06240      0.56235      0.00034     -0.00223     -0.00102
FE      0.18770      0.18756      0.56232      0.00536      0.00428      0.00073
FE      0.18814      0.06214      0.68676      0.01481     -0.00632     -0.01366
FE      0.06247      0.18761      0.68719     -0.00004      0.00521     -0.00090
FE      0.06247      0.05969      0.80924      0.00136      0.03348      0.01611
FE      0.19244      0.18769      0.80762     -0.05400      0.00662      0.04773
FE      0.19350      0.06011      0.93366     -0.05098      0.01913      0.01389
PD      0.06250      0.18973      0.93507      0.00031      0.07496     -0.07955
FE      0.06247      0.31577      0.06540     -0.00122     -0.02461     -0.03778
FE      0.18795      0.43840      0.06289      0.00655      0.01235      0.00500
FE      0.18834      0.31364      0.18848      0.01008      0.01328      0.00909
FE      0.06248      0.43776      0.18784     -0.00013      0.02351      0.01491
FE      0.06248      0.31274      0.31287      0.00087      0.01820      0.01567
FE      0.18753      0.43777      0.31274      0.01321      0.01877      0.01747
FE      0.18761      0.31269      0.43769      0.01021      0.01398      0.00915
FE      0.06248      0.43773      0.43767      0.00027      0.01496      0.00632
FE      0.06248      0.31261      0.56237      0.00046      0.00859     -0.00001
FE      0.18755      0.43773      0.56230      0.01217      0.01725     -0.01036
FE      0.18807      0.31300      0.68675      0.01545      0.01631     -0.01728
FE      0.06248      0.43792      0.68703      0.00048      0.02581     -0.02188
FE      0.06247      0.31589      0.80913     -0.00066     -0.05735      0.05843
FE      0.18796      0.43849      0.81198      0.01033      0.01484     -0.00995
FE      0.19085      0.31622      0.93731     -0.05047     -0.04687     -0.00356
FE      0.06247      0.43800      0.93753     -0.00033      0.00725     -0.00174
FE      0.06248      0.56248      0.06248      0.00047      0.00888      0.00428
FE      0.18756      0.68752      0.06251      0.00424     -0.00717      0.00166
FE      0.18754      0.56258      0.18766      0.00642      0.01180      0.00845
FE      0.06248      0.68753      0.18758      0.00042     -0.00731      0.00500
FE      0.06248      0.56264      0.31268      0.00070      0.01016      0.01061
FE      0.18753      0.68744      0.31261      0.00796     -0.01180      0.01309
FE      0.18755      0.56250      0.43756      0.00598      0.00799      0.00374
FE      0.06248      0.68734      0.43769      0.00053     -0.01105      0.00724
FE      0.06248      0.56266      0.56231      0.00054      0.01104     -0.00723
FE      0.18755      0.68750      0.56244      0.00599     -0.00799     -0.00374
FE      0.18753      0.56256      0.68739      0.00797      0.01180     -0.01309
FE      0.06248      0.68736      0.68732      0.00070     -0.01016     -0.01061
FE      0.06248      0.56247      0.81242      0.00042      0.00731     -0.00499
FE      0.18754      0.68742      0.81234      0.00642     -0.01180     -0.00845
FE      0.18756      0.56248      0.93749      0.00424      0.00717     -0.00166
FE      0.06248      0.68752      0.93752      0.00047     -0.00888     -0.00428
FE      0.06247      0.81200      0.06247     -0.00033     -0.00725      0.00174
FE      0.19085      0.93378      0.06269     -0.05047      0.04686      0.00356
FE      0.18796      0.81151      0.18802      0.01033     -0.01484      0.00995
FE      0.06247      0.93411      0.19087     -0.00066      0.05735     -0.05843
FE      0.06248      0.81208      0.31297      0.00048     -0.02581      0.02188
FE      0.18807      0.93700      0.31325      0.01545     -0.01631      0.01728
FE      0.18755      0.81227      0.43770      0.01217     -0.01724      0.01036
FE      0.06248      0.93739      0.43763      0.00046     -0.00859      0.00001
FE      0.06248      0.81227      0.56233      0.00027     -0.01496     -0.00632
FE      0.18761      0.93731      0.56231      0.01021     -0.01398     -0.00915
FE      0.18753      0.81223      0.68726      0.01321     -0.01877     -0.01747
FE      0.06248      0.93726      0.68713      0.00087     -0.01820     -0.01567
FE      0.06248      0.81224      0.81216     -0.00013     -0.02351     -0.01492
FE      0.18834      0.93636      0.81152      0.01007     -0.01328     -0.00909
FE      0.18795      0.81160      0.93711      0.00655     -0.01235     -0.00500
FE      0.06247      0.93423      0.93460     -0.00122      0.02461      0.03778
FE      0.31308      0.06217      0.06286      0.01000     -0.00487      0.00486
FE      0.43782      0.18758      0.06260     -0.00213      0.00047      0.00379
FE      0.43798      0.06241      0.18787      0.00706     -0.01017      0.01373
FE      0.31402      0.18788      0.18899      0.01835      0.00556      0.01173
FE      0.31373      0.06243      0.31380      0.03792     -0.00862      0.03665
FE      0.43835      0.18758      0.31324      0.03123      0.00929      0.03494
FE      0.43816      0.06237      0.43814      0.03807     -0.00946      0.02254
FE      0.31286      0.18759      0.43783      0.02371      0.00981      0.01453
FE      0.31286      0.06241      0.56217      0.02371     -0.00981     -0.01453
FE      0.43816      0.18763      0.56186      0.03807      0.00947     -0.02254
FE      0.43835      0.06242      0.68676      0.03123     -0.00929     -0.03494
FE      0.31373      0.18757      0.68620      0.03792      0.00862     -0.03665
FE      0.31402      0.06212      0.81101      0.01835     -0.00556     -0.01173
FE      0.43798      0.18759      0.81213      0.00706      0.01017     -0.01373
FE      0.43782      0.06242      0.93740     -0.00213     -0.00047     -0.00379
FE      0.31308      0.18783      0.93714      0.01000      0.00487     -0.00486
FE      0.31335      0.31300      0.06301      0.01548      0.01460      0.01206
FE      0.43783      0.43783      0.06250      0.01577      0.01666      0.00863
FE      0.43803      0.31271      0.18781      0.02199      0.01978      0.02311
FE      0.31275      0.43779      0.18769      0.01951      0.02162      0.01769
FE      0.31289      0.31270      0.31295      0.02676      0.02299      0.02468
FE      0.43761      0.43759      0.31254      0.00954      0.01272      0.01052
FE      0.43757      0.31260      0.43756      0.02020      0.01771      0.00457
FE      0.31253      0.43759      0.43756      0.01299      0.01591      0.00296
FE      0.31277      0.31258      0.56215      0.02506      0.02204     -0.01447
FE      0.43757      0.43755      0.56244      0.00747      0.01044     -0.00604
FE      0.43789      0.31257      0.68723      0.01908      0.01882     -0.02136
FE      0.31267      0.43772      0.68731      0.01731      0.01613     -0.01607
FE      0.31323      0.31299      0.81182      0.01777      0.01783     -0.01613
FE      0.43774      0.43773      0.81244      0.01351      0.01399     -0.01182
FE      0.43779      0.31269      0.93752      0.00715      0.00952     -0.00776
FE      0.31288      0.43781      0.93754      0.02098      0.02535     -0.00611
FE      0.31263      0.56257      0.06245      0.01111      0.01176      0.00648
FE      0.43772      0.68736      0.06250      0.01116     -0.00980      0.00260
FE      0.43761      0.56250      0.18756      0.00769      0.00516      0.00571
FE      0.31260      0.68743      0.18752      0.01326     -0.01267      0.00898
FE      0.31251      0.56250      0.31253      0.00864      0.00583      0.00812
FE      0.43758      0.68749      0.31250      0.00470     -0.00610      0.00594
FE      0.43754      0.56248      0.43753      0.00245      0.00347      0.00095
FE      0.31251      0.68749      0.43756      0.00644     -0.00595      0.00322
FE      0.31251      0.56251      0.56244      0.00644      0.00595     -0.00321
FE      0.43754      0.68752      0.56247      0.00245     -0.00347     -0.00095
FE      0.43758      0.56251      0.68750      0.00470      0.00610     -0.00594
FE      0.31251      0.68750      0.68747      0.00864     -0.00583     -0.00812
FE      0.31260      0.56257      0.81248      0.01327      0.01267     -0.00897
FE      0.43761      0.68750      0.81244      0.00769     -0.00516     -0.00571
FE      0.43772      0.56264      0.93750      0.01116      0.00980     -0.00260
FE      0.31263      0.68743      0.93755      0.01111     -0.01176     -0.00648
FE      0.31288      0.81219      0.06246      0.02098     -0.02535      0.00610
FE      0.43779      0.93731      0.06248      0.00715     -0.00952      0.00775
FE      0.43774      0.81227      0.18756      0.01351     -0.01399      0.01182
FE      0.31323      0.93701      0.18818      0.01777     -0.01783      0.01613
FE      0.31267      0.81228      0.31269      0.01731     -0.01613      0.01607
FE      0.43789      0.93743      0.31277      0.01907     -0.01882      0.02136
FE      0.43757      0.81245      0.43756      0.00746     -0.01044      0.00604
FE      0.31277      0.93742      0.43785      0.02506     -0.02204      0.01447
FE      0.31253      0.81241      0.56244      0.01299     -0.01591     -0.00296
FE      0.43757      0.93740      0.56244      0.02020     -0.01771     -0.00457
FE      0.43761      0.81241      0.68746      0.00954     -0.01272     -0.01053
FE      0.31289      0.93730      0.68705      0.02676     -0.02299     -0.02468
FE      0.31275      0.81221      0.81231      0.01951     -0.02162     -0.01769
FE      0.43803      0.93729      0.81219      0.02198     -0.01978     -0.02311
FE      0.43783      0.81217      0.93750      0.01577     -0.01666     -0.00863
FE      0.31335      0.93700      0.93699      0.01548     -0.01460     -0.01206
FE      0.56248      0.06244      0.06254      0.00037     -0.00329      0.00258
FE      0.68722      0.18758      0.06261      0.00055      0.00033      0.00441
FE      0.68707      0.06241      0.18787     -0.00776     -0.00923      0.01326
FE      0.56247      0.18756      0.18773      0.00003      0.00266      0.00919
FE      0.56248      0.06238      0.31262      0.00034     -0.00820      0.02072
FE      0.68668      0.18758      0.31325     -0.03407      0.00865      0.03516
FE      0.68689      0.06238      0.43813     -0.03966     -0.00856      0.02199
FE      0.56248      0.18761      0.43756      0.00028      0.00915      0.01276
FE      0.56248      0.06239      0.56244      0.00028     -0.00915     -0.01276
FE      0.68689      0.18762      0.56187     -0.03966      0.00856     -0.02199
FE      0.68668      0.06242      0.68675     -0.03407     -0.00865     -0.03516
FE      0.56248      0.18762      0.68738      0.00034      0.00820     -0.02072
FE      0.56247      0.06244      0.81227      0.00003     -0.00266     -0.00919
FE      0.68707      0.18759      0.81213     -0.00776      0.00924     -0.01326
FE      0.68722      0.06242      0.93739      0.00055     -0.00033     -0.00441
FE      0.56248      0.18756      0.93746      0.00037      0.00329     -0.00258
FE      0.56248      0.31254      0.06254      0.00047      0.00860      0.00302
FE      0.68722      0.43783      0.06250     -0.01656      0.01630      0.00905
FE      0.68702      0.31271      0.18781     -0.02394      0.02051      0.02303
FE      0.56248      0.43759      0.18757      0.00030      0.01837      0.01114
FE      0.56248      0.31260      0.31253      0.00059      0.02063      0.02408
FE      0.68744      0.43759      0.31254     -0.01045      0.01263      0.01077
FE      0.68748      0.31260      0.43756     -0.02148      0.01793      0.00441
FE      0.56248      0.43756      0.43753      0.00044      0.00576      0.00135
FE      0.56248      0.31261      0.56246      0.00048      0.01387     -0.01533
FE      0.68748      0.43755      0.56244     -0.00819      0.01047     -0.00601
FE      0.68716      0.31257      0.68722     -0.02138      0.01931     -0.02228
FE      0.56248      0.43756      0.68748      0.00042      0.01352     -0.01046
FE      0.56248      0.31255      0.81237      0.00050      0.01460     -0.00898
FE      0.68731      0.43773      0.81244     -0.01435      0.01392     -0.01166
FE      0.68726      0.31270      0.93752     -0.00859      0.00978     -0.00800
FE      0.56248      0.43759      0.93752      0.00039      0.01163     -0.00341
FE      0.56248      0.56250      0.06248      0.00049      0.00776      0.00437
FE      0.68733      0.68735      0.06250     -0.01255     -0.01029      0.00283
FE      0.68745      0.56250      0.18756     -0.00860      0.00536      0.00567
FE      0.56248      0.68750      0.18754      0.00045     -0.00819      0.00489
FE      0.56248      0.56248      0.31250      0.00050      0.00353      0.00377
FE      0.68747      0.68749      0.31250     -0.00565     -0.00622      0.00600
FE      0.68751      0.56248      0.43753     -0.00331      0.00352      0.00096
FE      0.56248      0.68752      0.43753      0.00049     -0.00327      0.00124
FE      0.56248      0.56248      0.56247      0.00048      0.00327     -0.00124
FE      0.68751      0.68752      0.56247     -0.00331     -0.00352     -0.00096
FE      0.68747      0.56251      0.68750     -0.00565      0.00622     -0.00600
FE      0.56248      0.68752      0.68750      0.00050     -0.00353     -0.00377
FE      0.56248      0.56250      0.81246      0.00045      0.00819     -0.00489
FE      0.68745      0.68750      0.81244     -0.00860     -0.00536     -0.00567
FE      0.68733      0.56265      0.93750     -0.01254      0.01028     -0.00283
FE      0.56248      0.68750      0.93752      0.00049     -0.00777     -0.00437
FE      0.56248      0.81241      0.06248      0.00039     -0.01163      0.00341
FE      0.68726      0.93730      0.06248     -0.00859     -0.00978      0.00800
FE      0.68731      0.81227      0.18756     -0.01435     -0.01392      0.01166
FE      0.56248      0.93745      0.18763      0.00050     -0.01460      0.00898
FE      0.56248      0.81244      0.31252      0.00041     -0.01352      0.01046
FE      0.68716      0.93743      0.31278     -0.02138     -0.01931      0.02228
FE      0.68748      0.81245      0.43756     -0.00819     -0.01047      0.00601
FE      0.56248      0.93739      0.43754      0.00047     -0.01387      0.01533
FE      0.56248      0.81244      0.56247      0.00044     -0.00576     -0.00135
FE      0.68748      0.93740      0.56244     -0.02148     -0.01793     -0.00441
FE      0.68744      0.81241      0.68746     -0.01045     -0.01263     -0.01076
FE      0.56248      0.93740      0.68747      0.00059     -0.02063     -0.02408
FE      0.56248      0.81241      0.81243      0.00031     -0.01837     -0.01114
FE      0.68702      0.93729      0.81219     -0.02394     -0.02051     -0.02303
FE      0.68722      0.81217      0.93750     -0.01656     -0.01630     -0.00905
FE      0.56248      0.93746      0.93746      0.00047     -0.00860     -0.00302
FE      0.81187      0.06217      0.06285     -0.00859     -0.00380      0.00367
FE      0.93157      0.18990      0.06634      0.04898     -0.01799     -0.01325
FE      0.93255      0.06229      0.19238      0.05807     -0.00657     -0.04722
FE      0.81096      0.18790      0.18899     -0.00988      0.00719      0.01035
FE      0.81125      0.06243      0.31379     -0.03314     -0.00945      0.03653
FE      0.93689      0.18786      0.31325     -0.01697      0.00589      0.01384
FE      0.93735      0.06244      0.43769     -0.00650     -0.00409     -0.00061
FE      0.81209      0.18759      0.43784     -0.02331      0.01030      0.01491
FE      0.81209      0.06241      0.56216     -0.02331     -0.01030     -0.01491
FE      0.93735      0.18756      0.56231     -0.00650      0.00409      0.00061
FE      0.93689      0.06214      0.68675     -0.01697     -0.00589     -0.01383
FE      0.81125      0.18757      0.68621     -0.03314      0.00945     -0.03654
FE      0.81096      0.06210      0.81101     -0.00988     -0.00719     -0.01035
FE      0.93255      0.18771      0.80762      0.05807      0.00658      0.04723
FE      0.93157      0.06010      0.93366      0.04898      0.01799      0.01325
FE      0.81187      0.18783      0.93715     -0.00859      0.00380     -0.00367
FE      0.81161      0.31299      0.06301     -0.01284      0.01337      0.01254
FE      0.93710      0.43840      0.06289     -0.00841      0.01244      0.00563
FE      0.93669      0.31365      0.18848     -0.01326      0.01373      0.00986
FE      0.81220      0.43780      0.18770     -0.01919      0.02211      0.01814
FE      0.81207      0.31270      0.31295     -0.02506      0.02257      0.02446
FE      0.93752      0.43777      0.31274     -0.01414      0.01898      0.01762
FE      0.93744      0.31270      0.43769     -0.01147      0.01419      0.00911
FE      0.81242      0.43759      0.43756     -0.01216      0.01598      0.00301
FE      0.81218      0.31258      0.56215     -0.02442      0.02155     -0.01496
FE      0.93750      0.43773      0.56230     -0.01262      0.01736     -0.01038
FE      0.93697      0.31300      0.68674     -0.01860      0.01718     -0.01828
FE      0.81228      0.43772      0.68731     -0.01638      0.01643     -0.01573
FE      0.81173      0.31298      0.81180     -0.01668      0.01735     -0.01726
FE      0.93710      0.43848      0.81198     -0.01087      0.01471     -0.00947
FE      0.93407      0.31621      0.93731      0.05010     -0.04681     -0.00238
FE      0.81208      0.43782      0.93755     -0.02087      0.02682     -0.00540
FE      0.81233      0.56256      0.06245     -0.01011      0.01148      0.00625
FE      0.93749      0.68752      0.06251     -0.00525     -0.00754      0.00176
FE      0.93752      0.56258      0.18766     -0.00728      0.01187      0.00852
FE      0.81236      0.68743      0.18752     -0.01214     -0.01234      0.00902
FE      0.81245      0.56250      0.31253     -0.00763      0.00577      0.00811
FE      0.93752      0.68744      0.31261     -0.00909     -0.01181      0.01309
FE      0.93750      0.56250      0.43756     -0.00674      0.00812      0.00370
FE      0.81245      0.68750      0.43756     -0.00546     -0.00586      0.00327
FE      0.81245      0.56250      0.56244     -0.00546      0.00586     -0.00327
FE      0.93750      0.68750      0.56244     -0.00674     -0.00812     -0.00370
FE      0.93752      0.56256      0.68739     -0.00909      0.01181     -0.01309
FE      0.81245      0.68750      0.68747     -0.00763     -0.00577     -0.00811
FE      0.81236      0.56257      0.81248     -0.01214      0.01234     -0.00902
FE      0.93752      0.68742      0.81234     -0.00728     -0.01187     -0.00852
FE      0.93749      0.56248      0.93749     -0.00525      0.00753     -0.00176
FE      0.81233      0.68744      0.93755     -0.01011     -0.01148     -0.00625
FE      0.81208      0.81218      0.06245     -0.02087     -0.02682      0.00540
FE      0.93407      0.93379      0.06269      0.05010      0.04681      0.00238
FE      0.93710      0.81152      0.18802     -0.01087     -0.01471      0.00947
FE      0.81173      0.93702      0.18820     -0.01668     -0.01735      0.01726
FE      0.81228      0.81228      0.31269     -0.01637     -0.01643      0.01573
FE      0.93697      0.93700      0.31326     -0.01860     -0.01718      0.01828
FE      0.93750      0.81227      0.43770     -0.01262     -0.01736      0.01038
FE      0.81218      0.93742      0.43785     -0.02442     -0.02155      0.01496
FE      0.81242      0.81241      0.56244     -0.01216     -0.01598     -0.00301
FE      0.93744      0.93730      0.56231     -0.01147     -0.01419     -0.00911
FE      0.93752      0.81223      0.68726     -0.01414     -0.01898     -0.01762
FE      0.81207      0.93730      0.68705     -0.02506     -0.02257     -0.02445
FE      0.81220      0.81220      0.81230     -0.01919     -0.02211     -0.01814
FE      0.93669      0.93635      0.81152     -0.01326     -0.01373     -0.00986
FE      0.93710      0.81160      0.93711     -0.00841     -0.01245     -0.00563
FE      0.81161      0.93701      0.93699     -0.01283     -0.01337     -0.01254
