/* Converted from PWscf output file */ 
#L_UNITS ang 
#E_UNITS eV 
#S_UNITS GPA 
#F_UNITS EV/ANG 
#ALAT 	  13.70200     // a0 
#X 	   1.00000     0.00000    -0.00000     // X 
#Y 	   0.00000     1.05297     0.00000     // Y 
#Z 	  -0.00000     0.00000     1.00000     // Z 
#SX 	   0.94079     0.00102    -0.00029     // SX 
#SY 	   0.00102     1.68601     0.00058     // SY 
#SZ 	  -0.00029     0.00058     0.93831     // SZ 
#EPA 	  -4.24989     // Energy per Atom 
#C 	1 1 1 
#W 	1.0 
#RCUT 	6.5        // Rcut 
PD      0.06250      0.06251      0.06250     -0.00097      0.00362      0.00084
FE      0.18838      0.18835      0.06250      0.58440      0.59478      0.00161
FE      0.18880      0.06248      0.18879      0.86521     -0.01200      0.85638
FE      0.06251      0.18836      0.18836      0.00558      0.60272      0.57476
FE      0.06251      0.06242      0.31255      0.00684     -0.05635      0.03236
FE      0.18755      0.18751      0.31250      0.03217      0.00581     -0.00011
FE      0.18744      0.06257      0.43752     -0.04080      0.05196      0.01549
FE      0.06337      0.18666      0.43751      0.58074     -0.58969      0.00555
FE      0.06251      0.06242      0.56251      0.00801     -0.05856      0.00799
FE      0.18753      0.18752      0.56251      0.02022      0.01159      0.00840
FE      0.18751      0.06248      0.68750      0.00689     -0.01210     -0.00311
FE      0.06251      0.18751      0.68753      0.00841      0.00630      0.01708
FE      0.06249      0.06249      0.81242     -0.00536     -0.00351     -0.05619
FE      0.18752      0.18750      0.81246      0.01064     -0.00174     -0.02603
FE      0.18880      0.06249      0.93622      0.86131     -0.00574     -0.85269
FE      0.06250      0.18835      0.93663     -0.00238      0.59456     -0.58122
FE      0.06249      0.31257      0.06248     -0.00546      0.04634     -0.01499
FE      0.18747      0.43750      0.06250     -0.01716     -0.00180      0.00308
FE      0.18743      0.31257      0.18762     -0.04843      0.04650      0.07907
FE      0.06251      0.43749      0.18746      0.00893     -0.00816     -0.02635
FE      0.06379      0.31241      0.31114      0.85467     -0.06044     -0.90610
FE      0.18753      0.43749      0.31247      0.02129     -0.00754     -0.02150
FE      0.18758      0.31249      0.43750      0.05252     -0.00694      0.00108
FE      0.06337      0.43836      0.43751      0.58009      0.59868      0.00913
FE      0.06378      0.31249      0.56378      0.85390     -0.00355      0.85376
FE      0.18753      0.43750      0.56251      0.01928     -0.00218      0.00880
FE      0.18741      0.31249      0.68741     -0.06014     -0.00717     -0.05693
FE      0.06251      0.43750      0.68752      0.00845      0.00231      0.01414
FE      0.06249      0.31241      0.81258     -0.00527     -0.06206      0.05168
FE      0.18750      0.43750      0.81249     -0.00100     -0.00077     -0.00486
FE      0.18753      0.31257      0.93749      0.02056      0.04783     -0.00824
FE      0.06250      0.43750      0.93753     -0.00287     -0.00198      0.01829
FE      0.06249      0.56249      0.06250     -0.00469     -0.00691     -0.00134
FE      0.18748      0.68752      0.06249     -0.01133      0.01098     -0.00441
FE      0.18752      0.56250      0.18750      0.01061      0.00163      0.00112
FE      0.06250      0.68751      0.18749     -0.00216      0.00626     -0.00596
FE      0.06251      0.56257      0.31248      0.00854      0.04799     -0.01249
FE      0.18750      0.68751      0.31248     -0.00008      0.00504     -0.01101
FE      0.18744      0.56241      0.43750     -0.03970     -0.06263      0.00207
FE      0.06247      0.68749      0.43751     -0.01914     -0.00588      0.00870
FE      0.06251      0.56257      0.56251      0.00831      0.04872      0.00905
FE      0.18750      0.68750      0.56250     -0.00211     -0.00072     -0.00205
FE      0.18751      0.56250      0.68752      0.00856      0.00180      0.01025
FE      0.06250      0.68749      0.68749     -0.00202     -0.00486     -0.00704
FE      0.06249      0.56249      0.81249     -0.00473     -0.00678     -0.00977
FE      0.18751      0.68751      0.81250      0.00542      0.00956      0.00244
FE      0.18751      0.56249      0.93750      0.00696     -0.00555      0.00166
FE      0.06249      0.68752      0.93753     -0.00427      0.01173      0.01885
FE      0.06249      0.81242      0.06250     -0.00385     -0.05587     -0.00196
FE      0.18839      0.93667      0.06249      0.58848     -0.58342     -0.00472
FE      0.18752      0.81242      0.18752      0.01549     -0.05826      0.01616
FE      0.06250      0.93667      0.18839     -0.00223     -0.57836      0.59396
FE      0.06250      0.81257      0.31243     -0.00161      0.05237     -0.04944
FE      0.18752      0.93753      0.31252      0.01082      0.01762      0.01044
FE      0.18751      0.81250      0.43750      0.00653     -0.00348      0.00128
FE      0.06247      0.93753      0.43751     -0.01827      0.01781      0.00571
FE      0.06250      0.81249      0.56250     -0.00181     -0.00652     -0.00176
FE      0.18750      0.93752      0.56250     -0.00088      0.01125     -0.00202
FE      0.18750      0.81250      0.68751      0.00262     -0.00333      0.00612
FE      0.06250      0.93752      0.68749     -0.00191      0.01696     -0.00369
FE      0.06249      0.81257      0.81256     -0.00376      0.05243      0.03830
FE      0.18752      0.93752      0.81247      0.01623      0.01335     -0.01869
FE      0.18752      0.81242      0.93749      0.01548     -0.05849     -0.00856
FE      0.06249      0.93667      0.93663     -0.00401     -0.58287     -0.57948
FE      0.31257      0.06249      0.06250      0.04435     -0.00406     -0.00221
FE      0.43751      0.18749      0.06250      0.00575     -0.00521      0.00170
FE      0.43752      0.06249      0.18750      0.01551     -0.00493      0.00108
FE      0.31251      0.18750      0.18753      0.00525     -0.00204      0.02226
FE      0.31240      0.06249      0.31240     -0.06931     -0.00352     -0.06581
FE      0.43750      0.18751      0.31248     -0.00286      0.00528     -0.01092
FE      0.43753      0.06249      0.43753      0.01764     -0.00635      0.01762
FE      0.31249      0.18752      0.43750     -0.00809      0.01083     -0.00287
FE      0.31250      0.06250      0.56249     -0.00112     -0.00349     -0.00470
FE      0.43750      0.18751      0.56250     -0.00148      0.00950     -0.00294
FE      0.43753      0.06249      0.68749      0.01761     -0.00463     -0.00880
FE      0.31248      0.18751      0.68751     -0.01646      0.00481      0.00457
FE      0.31240      0.06249      0.81259     -0.06836     -0.00409      0.05726
FE      0.43750      0.18750      0.81250     -0.00285      0.00086     -0.00276
FE      0.43752      0.06249      0.93751      0.01531     -0.00660      0.00512
FE      0.31251      0.18749      0.93749      0.00660     -0.00572     -0.00843
FE      0.31245      0.31241      0.06247     -0.03229     -0.06203     -0.01856
FE      0.43751      0.43752      0.06250      0.00896      0.01296      0.00142
FE      0.43750      0.31249      0.18750      0.00137     -0.00672     -0.00226
FE      0.31248      0.43750      0.18752     -0.01544     -0.00053      0.01138
FE      0.31252      0.31250      0.31250      0.01262      0.00158      0.00249
FE      0.43751      0.43751      0.31249      0.00458      0.00352     -0.00464
FE      0.43750      0.31249      0.43750      0.00216     -0.00602      0.00226
FE      0.31250      0.43750      0.43751     -0.00170     -0.00214      0.00448
FE      0.31251      0.31249      0.56249      0.00912     -0.00559     -0.00523
FE      0.43751      0.43751      0.56250      0.00361      0.00397     -0.00284
FE      0.43750      0.31249      0.68752      0.00219     -0.00594      0.01056
FE      0.31248      0.43751      0.68750     -0.01055      0.00393     -0.00325
FE      0.31252      0.31250      0.81251      0.01471      0.00150      0.00535
FE      0.43751      0.43751      0.81249      0.00455      0.00798     -0.00905
FE      0.43750      0.31249      0.93751      0.00108     -0.00663      0.00497
FE      0.31248      0.43750      0.93750     -0.01430      0.00328      0.00221
FE      0.31250      0.56249      0.06250     -0.00167     -0.00598     -0.00217
FE      0.43751      0.68750      0.06249      0.00889      0.00035     -0.00355
FE      0.43750      0.56249      0.18750      0.00208     -0.00544      0.00253
FE      0.31249      0.68751      0.18751     -0.00840      0.00964      0.00531
FE      0.31249      0.56249      0.31250     -0.00636     -0.00685     -0.00299
FE      0.43751      0.68751      0.31250      0.00459      0.00594     -0.00331
FE      0.43751      0.56249      0.43751      0.00396     -0.00384      0.00395
FE      0.31250      0.68751      0.43751      0.00140      0.01004      0.00462
FE      0.31249      0.56249      0.56249     -0.00651     -0.00674     -0.00462
FE      0.43751      0.68751      0.56249      0.00354      0.00550     -0.00425
FE      0.43751      0.56249      0.68751      0.00397     -0.00544      0.00485
FE      0.31250      0.68751      0.68750     -0.00296      0.00487      0.00306
FE      0.31249      0.56249      0.81249     -0.00551     -0.00604     -0.00529
FE      0.43751      0.68751      0.81249      0.00455      0.00544     -0.00400
FE      0.43750      0.56249      0.93751      0.00191     -0.00365      0.00373
FE      0.31249      0.68751      0.93750     -0.00933      0.01014      0.00211
FE      0.31243      0.81257      0.06249     -0.04725      0.05227     -0.00401
FE      0.43751      0.93752      0.06249      0.00575      0.01182     -0.00351
FE      0.43750      0.81249      0.18750      0.00140     -0.00351      0.00305
FE      0.31252      0.93752      0.18752      0.01250      0.01319      0.01611
FE      0.31250      0.81248      0.31250     -0.00077     -0.01199      0.00101
FE      0.43750      0.93751      0.31249     -0.00285      0.00528     -0.00958
FE      0.43750      0.81249      0.43750      0.00218     -0.00424      0.00218
FE      0.31249      0.93750      0.43750     -0.00489      0.00127     -0.00297
FE      0.31249      0.81249      0.56249     -0.00437     -0.00477     -0.00377
FE      0.43750      0.93750      0.56249     -0.00138      0.00114     -0.00427
FE      0.43750      0.81249      0.68751      0.00217     -0.00429      0.00516
FE      0.31249      0.93751      0.68752     -0.00924      0.00612      0.01055
FE      0.31250      0.81248      0.81249      0.00120     -0.01195     -0.00840
FE      0.43750      0.93751      0.81250     -0.00286      0.00580      0.00231
FE      0.43750      0.81249      0.93751      0.00124     -0.00350      0.00465
FE      0.31252      0.93752      0.93749      0.01200      0.01261     -0.00864
FE      0.56250      0.06249      0.06250     -0.00215     -0.00428     -0.00228
FE      0.68751      0.18750      0.06250      0.00807     -0.00079      0.00285
FE      0.68748      0.06248      0.18750     -0.01260     -0.01184     -0.00250
FE      0.56250      0.18751      0.18752      0.00285      0.00477      0.01090
FE      0.56250      0.06249      0.31250     -0.00138     -0.00356      0.00227
FE      0.68749      0.18752      0.31247     -0.00527      0.01205     -0.02224
FE      0.68755      0.06257      0.43753      0.03229      0.05177      0.01857
FE      0.56249      0.18752      0.43750     -0.00573      0.01524     -0.00171
FE      0.56250      0.06249      0.56249     -0.00108     -0.00365     -0.00497
FE      0.68749      0.18752      0.56251     -0.00662      0.01573      0.00844
FE      0.68748      0.06248      0.68749     -0.01471     -0.01178     -0.00534
FE      0.56250      0.18751      0.68750      0.00284      0.00921      0.00274
FE      0.56250      0.06249      0.81248     -0.00219     -0.00435     -0.01055
FE      0.68752      0.18751      0.81249      0.01646      0.00524     -0.00456
FE      0.68749      0.06249      0.93751     -0.00911     -0.00468      0.00523
FE      0.56250      0.18750      0.93750      0.00151      0.00052      0.00293
FE      0.56247      0.31249      0.06247     -0.01762     -0.00392     -0.01765
FE      0.68751      0.43751      0.06250      0.00489      0.00877      0.00295
FE      0.68760      0.31249      0.18760      0.06931     -0.00682      0.06582
FE      0.56250      0.43751      0.18751      0.00283      0.00477      0.00958
FE      0.56248      0.31249      0.31250     -0.01553     -0.00531     -0.00107
FE      0.68748      0.43750      0.31248     -0.01252     -0.00318     -0.01609
FE      0.68743      0.31249      0.43750     -0.04435     -0.00630      0.00221
FE      0.56249      0.43750      0.43751     -0.00571     -0.00178      0.00351
FE      0.56248      0.31249      0.56249     -0.01531     -0.00366     -0.00511
FE      0.68748      0.43750      0.56251     -0.01202     -0.00260      0.00862
FE      0.68760      0.31249      0.68741      0.06835     -0.00626     -0.05730
FE      0.56250      0.43751      0.68750      0.00289      0.00423     -0.00232
FE      0.56247      0.31249      0.81251     -0.01761     -0.00564      0.00880
FE      0.68751      0.43751      0.81248      0.00924      0.00391     -0.01053
FE      0.68750      0.31249      0.93751      0.00110     -0.00679      0.00470
FE      0.56250      0.43751      0.93751      0.00140      0.00887      0.00427
FE      0.56250      0.56249      0.06250     -0.00217     -0.00601     -0.00217
FE      0.68750      0.68750      0.06249     -0.00139     -0.00004     -0.00460
FE      0.68750      0.56250      0.18750      0.00074      0.00173     -0.00102
FE      0.56249      0.68751      0.18750     -0.00458      0.00407      0.00329
FE      0.56250      0.56249      0.31250     -0.00135     -0.00678     -0.00308
FE      0.68751      0.68750      0.31249      0.00836      0.00035     -0.00531
FE      0.68757      0.56241      0.43751      0.04725     -0.06253      0.00400
FE      0.56249      0.68751      0.43751     -0.00885      0.00964      0.00356
FE      0.56250      0.56249      0.56249     -0.00119     -0.00678     -0.00467
FE      0.68751      0.68750      0.56250      0.00935     -0.00015     -0.00214
FE      0.68750      0.56250      0.68751     -0.00121      0.00170      0.00842
FE      0.56249      0.68751      0.68751     -0.00455      0.00459      0.00402
FE      0.56250      0.56249      0.81249     -0.00212     -0.00597     -0.00514
FE      0.68750      0.68751      0.81250      0.00290      0.00507     -0.00307
FE      0.68751      0.56249      0.93751      0.00437     -0.00550      0.00374
FE      0.56249      0.68751      0.93751     -0.00354      0.00451      0.00424
FE      0.56249      0.81249      0.06249     -0.00396     -0.00645     -0.00394
FE      0.68750      0.93752      0.06249      0.00171      0.01214     -0.00445
FE      0.68751      0.81250      0.18750      0.00636     -0.00343      0.00294
FE      0.56249      0.93751      0.18751     -0.00457      0.00650      0.00463
FE      0.56250      0.81249      0.31250     -0.00208     -0.00483     -0.00254
FE      0.68752      0.93752      0.31248      0.01543      0.01056     -0.01138
FE      0.68750      0.81249      0.43750      0.00166     -0.00428      0.00222
FE      0.56249      0.93750      0.43750     -0.00895     -0.00296     -0.00141
FE      0.56250      0.81249      0.56249     -0.00193     -0.00663     -0.00374
FE      0.68752      0.93751      0.56250      0.01433      0.00674     -0.00223
FE      0.68751      0.81249      0.68751      0.00550     -0.00425      0.00531
FE      0.56249      0.93750      0.68751     -0.00458      0.00205      0.00908
FE      0.56249      0.81249      0.81249     -0.00398     -0.00485     -0.00486
FE      0.68752      0.93751      0.81250      0.01050      0.00617      0.00323
FE      0.68751      0.81249      0.93751      0.00648     -0.00354      0.00462
FE      0.56249      0.93751      0.93750     -0.00363      0.00604      0.00283
FE      0.81242      0.06250      0.06250     -0.05253     -0.00348     -0.00108
FE      0.93663      0.18836      0.06249     -0.58050      0.59933     -0.00581
FE      0.93621      0.06257      0.18886     -0.85463      0.05014      0.90604
FE      0.81245      0.18751      0.18750     -0.03216      0.00417      0.00011
FE      0.81257      0.06242      0.31238      0.04842     -0.05682     -0.07907
FE      0.93749      0.18665      0.31164     -0.00584     -0.59262     -0.57454
FE      0.93751      0.06242      0.43752      0.00548     -0.05660      0.01500
FE      0.81162      0.18666      0.43750     -0.58418     -0.58464     -0.00190
FE      0.81247      0.06242      0.56251     -0.02057     -0.05813      0.00823
FE      0.93750      0.18666      0.56337      0.00213     -0.58491      0.58144
FE      0.93751      0.06257      0.68742      0.00530      0.05176     -0.05164
FE      0.81248      0.18752      0.68754     -0.01066      0.01177      0.02605
FE      0.81259      0.06250      0.81259      0.06013     -0.00320      0.05694
FE      0.93749      0.18751      0.81247     -0.00839      0.00372     -0.01707
FE      0.93622      0.06249      0.93622     -0.85386     -0.00623     -0.85372
FE      0.81247      0.18750      0.93749     -0.02023     -0.00158     -0.00839
FE      0.81256      0.31241      0.06248      0.04079     -0.06223     -0.01550
FE      0.93753      0.43749      0.06249      0.01826     -0.00778     -0.00570
FE      0.93749      0.31257      0.18745     -0.00684      0.04598     -0.03235
FE      0.81248      0.43749      0.18748     -0.01080     -0.00762     -0.01043
FE      0.81120      0.31250      0.31121     -0.86525      0.00102     -0.85642
FE      0.93750      0.43834      0.31161      0.00252      0.58859     -0.59427
PD      0.93750      0.31251      0.43750      0.00096      0.00416     -0.00078
FE      0.81161      0.43835      0.43751     -0.58880      0.59367      0.00500
FE      0.81120      0.31249      0.56378     -0.86137     -0.00455      0.85273
FE      0.93751      0.43835      0.56337      0.00426      0.59264      0.57930
FE      0.93751      0.31249      0.68758      0.00539     -0.00690      0.05617
FE      0.81248      0.43750      0.68753     -0.01628     -0.00334      0.01869
FE      0.81249      0.31250      0.81250     -0.00691      0.00185      0.00313
FE      0.93750      0.43749      0.81251      0.00196     -0.00693      0.00373
FE      0.93749      0.31257      0.93749     -0.00799      0.04826     -0.00797
FE      0.81250      0.43750      0.93750      0.00086     -0.00121      0.00203
FE      0.81249      0.56249      0.06250     -0.00653     -0.00677     -0.00127
FE      0.93753      0.68752      0.06249      0.01907      0.01586     -0.00867
FE      0.93750      0.56241      0.18757      0.00164     -0.06266      0.04942
FE      0.81250      0.68751      0.18752      0.00009      0.00498      0.01095
FE      0.81248      0.56257      0.31248     -0.01548      0.04799     -0.01617
FE      0.93750      0.68751      0.31251      0.00218      0.00370      0.00597
FE      0.93751      0.56257      0.43750      0.00387      0.04558      0.00197
FE      0.81252      0.68750      0.43751      0.01135     -0.00098      0.00448
FE      0.81248      0.56257      0.56251     -0.01551      0.04822      0.00855
FE      0.93751      0.68750      0.56247      0.00425     -0.00173     -0.01895
FE      0.93751      0.56241      0.68744      0.00378     -0.06272     -0.03828
FE      0.81249      0.68750      0.68750     -0.00547      0.00041     -0.00250
FE      0.81250      0.56249      0.81249     -0.00268     -0.00691     -0.00610
FE      0.93750      0.68752      0.81251      0.00211      0.01481      0.00709
FE      0.93750      0.56249      0.93750      0.00182     -0.00375      0.00174
FE      0.81250      0.68752      0.93750      0.00211      0.01068      0.00210
FE      0.81256      0.81257      0.06250      0.03970      0.05233     -0.00204
FE      0.93663      0.93666      0.06249     -0.58025     -0.58891     -0.00889
FE      0.93749      0.81242      0.18752     -0.00852     -0.05824      0.01248
FE      0.81247      0.93753      0.18753     -0.02129      0.01754      0.02144
FE      0.81248      0.81248      0.31250     -0.01060     -0.01187     -0.00113
FE      0.93749      0.93753      0.31254     -0.00893      0.01815      0.02636
FE      0.93751      0.81250      0.43750      0.00468     -0.00336      0.00140
FE      0.81253      0.93752      0.43750      0.01717      0.01184     -0.00304
FE      0.81249      0.81249      0.56250     -0.00696     -0.00471     -0.00168
FE      0.93750      0.93752      0.56247      0.00283      0.01199     -0.01835
FE      0.93751      0.81250      0.68751      0.00475     -0.00348      0.00977
FE      0.81250      0.93752      0.68751      0.00097      0.01088      0.00482
FE      0.81249      0.81248      0.81248     -0.00866     -0.01209     -0.01033
FE      0.93749      0.93751      0.81248     -0.00841      0.00776     -0.01409
FE      0.93749      0.81242      0.93749     -0.00829     -0.05899     -0.00904
FE      0.81247      0.93752      0.93749     -0.01924      0.01226     -0.00875
