/* Converted from PWscf output file */ 
#L_UNITS ang 
#E_UNITS eV 
#S_UNITS GPA 
#F_UNITS EV/ANG 
#ALAT 	  13.67994     // a0 
#X 	   1.00000     0.00000     0.00000     // X 
#Y 	   0.00000     1.05163     0.00000     // Y 
#Z 	   0.00000     0.00000     1.00000     // Z 
#SX 	  -2.11273     0.08590    -0.12644     // SX 
#SY 	   0.08590    -1.41855     0.05790     // SY 
#SZ 	  -0.12644     0.05790    -2.07408     // SZ 
#EPA 	  -3.71875     // Energy per Atom 
#C 	1 1 1 
#W 	1.0 
#RCUT 	6.5        // Rcut 
PD      0.13632      0.10675      0.18144      0.69138     -0.22198     -0.94763
FE      0.05875      0.06218      0.32112     -0.43215     -0.29077      0.80037
FE      0.18843      0.19044      0.32144      0.08187      0.21132      0.23993
FE      0.18682      0.06235      0.44213     -0.00028      0.07891     -0.04218
FE      0.06250      0.18834      0.44245     -0.02277     -0.06386     -0.01648
FE      0.06232      0.06231      0.56973      0.03223     -0.03011      0.00282
FE      0.18766      0.18789      0.56981     -0.03171      0.02849     -0.00174
FE      0.18822      0.06181      0.68790      0.05345     -0.00465      0.02772
FE      0.06166      0.18831      0.68794     -0.05062      0.00873      0.02706
FE      0.06536      0.31054      0.31723     -0.09291      0.06116     -0.07353
FE      0.18774      0.43543      0.31754     -0.09959      0.02026     -0.05432
FE      0.18812      0.31346      0.44122      0.00371     -0.05921     -0.04918
FE      0.06339      0.43696      0.43857      0.00971     -0.01097     -0.03498
FE      0.06283      0.31343      0.56786     -0.06095      0.02802      0.09906
FE      0.18855      0.43885      0.56822     -0.05808      0.00430     -0.01169
FE      0.18873      0.31434      0.68746      0.00274      0.00464      0.01520
FE      0.06033      0.43920      0.68624      0.01617     -0.01674     -0.00815
FE      0.06485      0.56171      0.31451     -0.00328     -0.00166      0.00223
FE      0.18475      0.68827      0.31455      0.00026      0.00076     -0.00065
FE      0.18637      0.56198      0.43713      0.06757      0.04807      0.07030
FE      0.06337      0.68809      0.43715     -0.06767     -0.04734      0.07059
FE      0.06158      0.56283      0.56620      0.03083     -0.00237      0.02975
FE      0.18826      0.68721      0.56606     -0.02681      0.01110      0.02484
FE      0.18880      0.56345      0.68617     -0.00233     -0.02059     -0.05276
FE      0.06133      0.68655      0.68621     -0.00038      0.02848     -0.05340
FE      0.06184      0.81406      0.31720      0.09447     -0.02641     -0.05301
FE      0.18295      0.94092      0.31394      0.05999     -0.01116     -0.16180
FE      0.18629      0.81357      0.43792     -0.02352      0.01943     -0.04549
FE      0.06186      0.93715      0.44062      0.00104      0.04934     -0.03812
FE      0.06139      0.81128      0.56798      0.06363      0.00628     -0.02100
FE      0.18692      0.93677      0.56771      0.05784     -0.01976      0.08401
FE      0.18963      0.81090      0.68603     -0.01665      0.02073     -0.00895
FE      0.06128      0.93567      0.68752     -0.00254     -0.00439      0.01005
FE      0.30764      0.06622      0.31223      0.02467     -0.07565     -0.12294
FE      0.43571      0.18834      0.31719     -0.04296     -0.10075     -0.00844
FE      0.43415      0.06249      0.43420      0.04461      0.04009     -0.05614
FE      0.31216      0.18816      0.44186     -0.01882     -0.02517     -0.18249
FE      0.31241      0.06214      0.56661      0.00281     -0.02006      0.06262
FE      0.43855      0.18723      0.56605      0.02901      0.01078     -0.04104
FE      0.43801      0.06252      0.68599      0.10875     -0.02068      0.00572
FE      0.31467      0.18764      0.68590      0.00090      0.03921      0.14931
FE      0.31126      0.31149      0.31709     -0.05442      0.00285      0.05084
FE      0.43549      0.43722      0.31471     -0.00836     -0.02637     -0.05814
FE      0.43748      0.31314      0.43699     -0.02244     -0.07442     -0.09835
FE      0.31254      0.43783      0.43665     -0.02334     -0.06183      0.05725
FE      0.31417      0.31318      0.56793     -0.10201      0.05005     -0.04571
FE      0.43904      0.43780      0.56328     -0.00924      0.03039      0.00745
FE      0.44031      0.31313      0.68459      0.01860      0.04869      0.12621
FE      0.31592      0.43981      0.68553      0.03056     -0.04710      0.04388
FE      0.30836      0.56133      0.31473      0.02717      0.06859     -0.06680
FE      0.43393      0.68780      0.31302      0.00463      0.04732     -0.08558
FE      0.43588      0.56333      0.43222      0.06318     -0.07153     -0.01190
FE      0.31042      0.68740      0.43344      0.03646      0.03899      0.09772
FE      0.31430      0.56277      0.56414     -0.09110      0.04431      0.03094
FE      0.43852      0.68790      0.55990     -0.06195     -0.02343      0.07459
FE      0.44192      0.56331      0.68249     -0.01909      0.00013     -0.00379
FE      0.31621      0.68688      0.68428     -0.00201      0.00389     -0.01871
FE      0.30740      0.81292      0.31478      0.03013      0.09717     -0.03893
FE      0.43445      0.93841      0.31504     -0.04289      0.04926     -0.01669
FE      0.43563      0.81275      0.43152      0.05698      0.03750      0.00822
FE      0.31012      0.93794      0.43638     -0.00442      0.08361     -0.11981
FE      0.31380      0.81271      0.56326     -0.09448     -0.05493      0.06781
FE      0.43771      0.93847      0.56236     -0.05642     -0.08446      0.01462
FE      0.43933      0.81162      0.68290      0.03581     -0.00463      0.01286
FE      0.31480      0.93663      0.68594      0.02747     -0.02884      0.00382
FE      0.56161      0.06317      0.31469     -0.02656      0.00131      0.03069
FE      0.68840      0.18684      0.31483      0.02778      0.00087      0.03669
FE      0.68857      0.06306      0.43527     -0.11648     -0.01611     -0.05018
FE      0.56114      0.18678      0.43527      0.12282      0.01361     -0.03927
FE      0.56198      0.06271      0.56355     -0.01273     -0.04409     -0.04566
FE      0.68744      0.18716      0.56411      0.00408      0.04905     -0.02749
FE      0.68559      0.06228      0.68509      0.00405     -0.01807      0.03106
FE      0.56380      0.18753      0.68528     -0.02111      0.01792      0.03632
FE      0.56075      0.31050      0.31398      0.01942      0.06503      0.00492
FE      0.68724      0.43600      0.31238      0.05690      0.00292     -0.00069
FE      0.68756      0.31154      0.43359      0.02086      0.01372     -0.06049
FE      0.56260      0.43699      0.43214     -0.04357      0.00557     -0.00889
FE      0.56327      0.31215      0.56357      0.07392      0.03404     -0.01892
FE      0.68798      0.43704      0.55992     -0.00295      0.02637      0.04761
FE      0.68824      0.31271      0.68500     -0.07708      0.01693     -0.03400
FE      0.56519      0.43860      0.68224     -0.03581     -0.05208      0.04157
FE      0.56126      0.56261      0.31227     -0.00814     -0.01994     -0.00321
FE      0.68877      0.68739      0.31232      0.00619      0.02256     -0.00257
FE      0.68832      0.56151      0.42946     -0.04483      0.07998      0.04193
FE      0.56154      0.68860      0.42934      0.03978     -0.07568      0.03886
FE      0.56303      0.56247      0.55765      0.00450      0.03087      0.09621
FE      0.68674      0.68765      0.55778     -0.01133     -0.03028      0.09127
FE      0.68579      0.56294      0.68057      0.02905     -0.01485      0.02466
FE      0.56379      0.68725      0.68053     -0.03453      0.01712      0.02484
FE      0.56264      0.81407      0.31220     -0.05875      0.00114     -0.00266
FE      0.68913      0.93953      0.31415     -0.01688     -0.05708      0.01057
FE      0.68725      0.81313      0.43211      0.03951     -0.00581     -0.00867
FE      0.56186      0.93854      0.43331     -0.02155     -0.00748     -0.06821
FE      0.56174      0.81303      0.55967     -0.00538     -0.01959      0.04543
FE      0.68648      0.93783      0.56346     -0.07742     -0.03976     -0.02154
FE      0.68450      0.81144      0.68208      0.02916      0.05894      0.03886
FE      0.56129      0.93718      0.68465      0.06076     -0.01733     -0.03798
FE      0.81453      0.06169      0.31712      0.04752      0.10289     -0.00927
FE      0.94022      0.18548      0.31648     -0.01065      0.10178     -0.07359
FE      0.93748      0.06200      0.44231     -0.05490      0.03202     -0.10387
FE      0.81448      0.18758      0.43556     -0.07251     -0.03433     -0.02306
FE      0.81107      0.06261      0.56639     -0.04160     -0.00958     -0.03385
FE      0.93712      0.18800      0.56705     -0.01485      0.02023      0.07827
FE      0.93528      0.06231      0.68577     -0.00097     -0.03734      0.14627
FE      0.81162      0.18733      0.68629     -0.11363      0.02477      0.01431
FE      0.81508      0.31193      0.31511      0.04171     -0.03972     -0.01400
FE      0.94214      0.43707      0.31517     -0.04531     -0.09433     -0.02965
FE      0.93876      0.31260      0.43737     -0.01230     -0.06078     -0.09552
FE      0.81395      0.43735      0.43199     -0.06515     -0.02923      0.01912
FE      0.81161      0.31166      0.56312      0.04160      0.08782      0.03299
FE      0.93588      0.43746      0.56375      0.08183      0.06472      0.08366
FE      0.93496      0.31342      0.68602     -0.02712      0.02956      0.00770
FE      0.81029      0.43853      0.68330     -0.04390      0.00789      0.01868
FE      0.81591      0.56216      0.31308     -0.00492     -0.04186     -0.08307
FE      0.94126      0.68870      0.31481     -0.02948     -0.07137     -0.06524
FE      0.93936      0.56271      0.43371     -0.03933     -0.03017      0.10611
FE      0.81393      0.68675      0.43247     -0.06599      0.07757     -0.01709
FE      0.81124      0.56221      0.56013      0.05969      0.02522      0.07986
FE      0.93563      0.68723      0.56433      0.08852     -0.03658      0.03298
FE      0.93366      0.56323      0.68444     -0.00012      0.00186     -0.01715
FE      0.80786      0.68679      0.68258      0.01851      0.00383     -0.00257
FE      0.81437      0.81289      0.31468      0.01185      0.03611     -0.05731
FE      0.93888      0.93859      0.31720      0.05542     -0.00359      0.03806
FE      0.93734      0.81221      0.43668      0.02969      0.06012      0.05289
FE      0.81260      0.93693      0.43706      0.01609      0.07479     -0.09847
FE      0.81084      0.81224      0.56329      0.00803     -0.02586      0.00930
FE      0.93587      0.93682      0.56800      0.10241     -0.04901     -0.04342
FE      0.93410      0.81018      0.68538     -0.02574      0.05321      0.04154
FE      0.80949      0.93677      0.68464     -0.02051     -0.05146      0.12703
