/* Converted from PWscf output file */ 
#L_UNITS ang 
#E_UNITS eV 
#S_UNITS GPA 
#F_UNITS EV/ANG 
#ALAT 	  13.67994     // a0 
#X 	   1.00000     0.00000     0.00000     // X 
#Y 	   0.00000     1.05163     0.00000     // Y 
#Z 	   0.00000     0.00000     1.00000     // Z 
#SX 	  -1.90695     0.00000    -0.00015     // SX 
#SY 	   0.00000    -1.21423    -0.00015     // SY 
#SZ 	  -0.00015    -0.00015    -2.19600     // SZ 
#EPA 	  -3.71731     // Energy per Atom 
#C 	1 1 1 
#W 	1.0 
#RCUT 	6.5        // Rcut 
PD      0.06249      0.06249      0.31476      0.00543      0.00919     -3.07527
FE      0.18751      0.18751      0.31476      0.49525      0.47498     -0.13240
FE      0.18751      0.06249      0.43537      0.99705     -0.00126      0.98201
FE      0.06249      0.18751      0.43537     -0.00050      0.66357      0.80584
FE      0.06249      0.06249      0.56463     -0.00093     -0.00149      0.17052
FE      0.18751      0.18751      0.56463     -0.00192     -0.01822      0.02486
FE      0.18751      0.06249      0.68524      0.02758     -0.00024     -0.00885
FE      0.06249      0.18751      0.68524     -0.00013     -0.05043     -0.04108
FE      0.06249      0.31249      0.31476     -0.00025      0.09954     -0.00623
FE      0.18751      0.43751      0.31476     -0.01291     -0.01598     -0.00863
FE      0.18751      0.31249      0.43537      0.04004      0.05161     -0.00369
FE      0.06249      0.43751      0.43537     -0.00085     -0.02414     -0.03438
FE      0.06249      0.31249      0.56463     -0.00078     -0.02795     -0.02849
FE      0.18751      0.43751      0.56463      0.00567      0.00127     -0.00748
FE      0.18751      0.31249      0.68524     -0.00103      0.00047      0.00676
FE      0.06249      0.43751      0.68524     -0.00019      0.00865      0.00611
FE      0.06249      0.56249      0.31476     -0.00019     -0.00032      0.01820
FE      0.18751      0.68751      0.31476     -0.01291      0.01649     -0.00849
FE      0.18751      0.56249      0.43537     -0.00329     -0.00136      0.01641
FE      0.06249      0.68751      0.43537     -0.00084      0.02675     -0.03445
FE      0.06249      0.56249      0.56463     -0.00072     -0.00130     -0.01543
FE      0.18751      0.68751      0.56463      0.00564      0.00109     -0.00755
FE      0.18751      0.56249      0.68524      0.00501     -0.00040      0.00447
FE      0.06249      0.68751      0.68524     -0.00018     -0.00813      0.00620
FE      0.06249      0.81249      0.31476     -0.00021     -0.10041     -0.00608
FE      0.18751      0.93751      0.31476      0.49613     -0.47541     -0.13227
FE      0.18751      0.81249      0.43537      0.04009     -0.05433     -0.00378
FE      0.06249      0.93751      0.43537     -0.00039     -0.66300      0.80733
FE      0.06249      0.81249      0.56463     -0.00079      0.02549     -0.02872
FE      0.18751      0.93751      0.56463     -0.00198      0.02068      0.02487
FE      0.18751      0.81249      0.68524     -0.00104     -0.00118      0.00677
FE      0.06249      0.93751      0.68524     -0.00018      0.05110     -0.04101
FE      0.31249      0.06249      0.31476      0.07339     -0.00040      0.01422
FE      0.43751      0.18751      0.31476      0.00514      0.00155     -0.01973
FE      0.43751      0.06249      0.43537     -0.01627     -0.00124      0.01716
FE      0.31249      0.18751      0.43537      0.00164      0.01126     -0.00521
FE      0.31249      0.06249      0.56463     -0.07151     -0.00141     -0.01826
FE      0.43751      0.18751      0.56463     -0.01037     -0.01086     -0.01219
FE      0.43751      0.06249      0.68524      0.04132     -0.00028      0.04065
FE      0.31249      0.18751      0.68524     -0.00035     -0.01372     -0.03381
FE      0.31249      0.31249      0.31476     -0.00569     -0.01551      0.05103
FE      0.43751      0.43751      0.31476      0.00635      0.00455     -0.00542
FE      0.43751      0.31249      0.43537     -0.01287     -0.00697      0.00443
FE      0.31249      0.43751      0.43537     -0.00535     -0.00509      0.00270
FE      0.31249      0.31249      0.56463      0.00220      0.00514     -0.01013
FE      0.43751      0.43751      0.56463      0.00223      0.00213     -0.00855
FE      0.43751      0.31249      0.68524     -0.00280     -0.00234      0.00477
FE      0.31249      0.43751      0.68524     -0.00129      0.00107     -0.00276
FE      0.31249      0.56249      0.31476     -0.00104     -0.00042      0.00725
FE      0.43751      0.68751      0.31476      0.00635     -0.00401     -0.00518
FE      0.43751      0.56249      0.43537     -0.00295     -0.00130      0.00003
FE      0.31249      0.68751      0.43537     -0.00536      0.00763      0.00265
FE      0.31249      0.56249      0.56463     -0.00666     -0.00124     -0.00993
FE      0.43751      0.68751      0.56463      0.00224      0.00025     -0.00859
FE      0.43751      0.56249      0.68524      0.00331     -0.00028      0.00687
FE      0.31249      0.68751      0.68524     -0.00129     -0.00073     -0.00264
FE      0.31249      0.81249      0.31476     -0.00569      0.01473      0.05123
FE      0.43751      0.93751      0.31476      0.00511     -0.00121     -0.01958
FE      0.43751      0.81249      0.43537     -0.01297      0.00433      0.00471
FE      0.31249      0.93751      0.43537      0.00156     -0.00871     -0.00522
FE      0.31249      0.81249      0.56463      0.00224     -0.00777     -0.01042
FE      0.43751      0.93751      0.56463     -0.01041      0.01331     -0.01220
FE      0.43751      0.81249      0.68524     -0.00286      0.00167      0.00468
FE      0.31249      0.93751      0.68524     -0.00038      0.01439     -0.03370
FE      0.56249      0.06249      0.31476     -0.00021     -0.00030      0.00828
FE      0.68751      0.18751      0.31476     -0.00479      0.00166     -0.01948
FE      0.68751      0.06249      0.43537      0.01776     -0.00123      0.01714
FE      0.56249      0.18751      0.43537     -0.00076      0.00227      0.00224
FE      0.56249      0.06249      0.56463     -0.00085     -0.00133      0.01656
FE      0.68751      0.18751      0.56463      0.01187     -0.01083     -0.01222
FE      0.68751      0.06249      0.68524     -0.04099     -0.00023      0.04062
FE      0.56249      0.18751      0.68524     -0.00013     -0.00563     -0.00796
FE      0.56249      0.31249      0.31476     -0.00023     -0.00131      0.00239
FE      0.68751      0.43751      0.31476     -0.00603      0.00458     -0.00530
FE      0.68751      0.31249      0.43537      0.01441     -0.00690      0.00480
FE      0.56249      0.43751      0.43537     -0.00071      0.00083      0.00205
FE      0.56249      0.31249      0.56463     -0.00081     -0.00027     -0.00285
FE      0.68751      0.43751      0.56463     -0.00074      0.00211     -0.00862
FE      0.68751      0.31249      0.68524      0.00317     -0.00235      0.00478
FE      0.56249      0.43751      0.68524     -0.00020     -0.00135     -0.00598
FE      0.56249      0.56249      0.31476     -0.00016     -0.00031      0.01188
FE      0.68751      0.68751      0.31476     -0.00601     -0.00408     -0.00514
FE      0.68751      0.56249      0.43537      0.00451     -0.00132     -0.00001
FE      0.56249      0.68751      0.43537     -0.00076      0.00162      0.00198
FE      0.56249      0.56249      0.56463     -0.00079     -0.00129     -0.00618
FE      0.68751      0.68751      0.56463     -0.00074      0.00027     -0.00859
FE      0.68751      0.56249      0.68524     -0.00298     -0.00035      0.00692
FE      0.56249      0.68751      0.68524     -0.00024      0.00180     -0.00594
FE      0.56249      0.81249      0.31476     -0.00018      0.00058      0.00251
FE      0.68751      0.93751      0.31476     -0.00480     -0.00120     -0.01939
FE      0.68751      0.81249      0.43537      0.01449      0.00431      0.00469
FE      0.56249      0.93751      0.43537     -0.00080      0.00019      0.00221
FE      0.56249      0.81249      0.56463     -0.00079     -0.00233     -0.00299
FE      0.68751      0.93751      0.56463      0.01185      0.01330     -0.01218
FE      0.68751      0.81249      0.68524      0.00319      0.00171      0.00475
FE      0.56249      0.93751      0.68524     -0.00017      0.00628     -0.00788
FE      0.81249      0.06249      0.31476     -0.07406     -0.00049      0.01416
FE      0.93751      0.18751      0.31476     -0.49576      0.47566     -0.13248
FE      0.93751      0.06249      0.43537     -0.99741     -0.00106      0.98405
FE      0.81249      0.18751      0.43537     -0.00332      0.01141     -0.00513
FE      0.81249      0.06249      0.56463      0.06967     -0.00143     -0.01850
FE      0.93751      0.18751      0.56463      0.00363     -0.01822      0.02492
FE      0.93751      0.06249      0.68524     -0.02728     -0.00020     -0.00879
FE      0.81249      0.18751      0.68524     -0.00011     -0.01369     -0.03384
FE      0.81249      0.31249      0.31476      0.00522     -0.01556      0.05115
FE      0.93751      0.43751      0.31476      0.01332     -0.01605     -0.00857
FE      0.93751      0.31249      0.43537     -0.03854      0.05158     -0.00378
FE      0.81249      0.43751      0.43537      0.00366     -0.00510      0.00277
FE      0.81249      0.31249      0.56463     -0.00373      0.00506     -0.01025
FE      0.93751      0.43751      0.56463     -0.00407      0.00131     -0.00741
FE      0.93751      0.31249      0.68524      0.00140      0.00043      0.00673
FE      0.81249      0.43751      0.68524      0.00090      0.00113     -0.00269
FE      0.81249      0.56249      0.31476      0.00063     -0.00034      0.00712
FE      0.93751      0.68751      0.31476      0.01330      0.01649     -0.00845
FE      0.93751      0.56249      0.43537      0.00499     -0.00132      0.01644
FE      0.81249      0.68751      0.43537      0.00369      0.00758      0.00271
FE      0.81249      0.56249      0.56463      0.00515     -0.00127     -0.00993
FE      0.93751      0.68751      0.56463     -0.00413      0.00099     -0.00747
FE      0.93751      0.56249      0.68524     -0.00469     -0.00042      0.00451
FE      0.81249      0.68751      0.68524      0.00084     -0.00073     -0.00263
FE      0.81249      0.81249      0.31476      0.00522      0.01475      0.05122
FE      0.93751      0.93751      0.31476     -0.49687     -0.47636     -0.13230
FE      0.93751      0.81249      0.43537     -0.03864     -0.05433     -0.00383
FE      0.81249      0.93751      0.43537     -0.00315     -0.00875     -0.00521
FE      0.81249      0.81249      0.56463     -0.00379     -0.00771     -0.01045
FE      0.93751      0.93751      0.56463      0.00364      0.02067      0.02495
FE      0.93751      0.81249      0.68524      0.00144     -0.00108      0.00677
FE      0.81249      0.93751      0.68524     -0.00017      0.01431     -0.03379
