/* Converted from PWscf output file */ 
#L_UNITS ang 
#E_UNITS eV 
#S_UNITS GPA 
#F_UNITS EV/ANG 
#ALAT 	   7.00434     // a0 
#X 	   1.00000    -0.00003    -0.00006     // X 
#Y 	  -0.00003     1.05601    -0.00003     // Y 
#Z 	  -0.00006    -0.00003     1.00000     // Z 
#SX 	   0.14554     0.01254     0.01108     // SX 
#SY 	   0.01254    -0.25653     0.01254     // SY 
#SZ 	   0.01108     0.01254     0.14554     // SZ 
#EPA 	  -4.14678     // Energy per Atom 
#C 	1 1 1 
#W 	20.0 
#RCUT 	6.5        // Rcut 
PD     -0.00872     -0.00698     -0.00872      0.08241      0.08436      0.08241
PD      0.25804      0.25625     -0.00837      0.00833     -0.00354      0.03206
PD      0.25800     -0.00657      0.25800      0.02024      0.03480      0.02024
PD     -0.00837      0.25625      0.25804      0.03206     -0.00354      0.00833
FE     -0.00696     -0.00469      0.51052     -0.00191     -0.04748      0.01371
FE      0.25710      0.25520      0.51035     -0.02002      0.00830     -0.01313
FE      0.25722     -0.00458      0.73973     -0.01825     -0.07596     -0.01725
FE     -0.00675      0.25522      0.73951     -0.03808      0.01432      0.00143
FE     -0.00517      0.50828     -0.00517     -0.03472      0.01392     -0.03472
FE      0.25571      0.74177     -0.00503     -0.00401     -0.00594     -0.05716
FE      0.25544      0.50804      0.25544      0.00952      0.00028      0.00952
FE     -0.00503      0.74177      0.25571     -0.05716     -0.00594     -0.00401
FE     -0.00148      0.50546      0.50612     -0.02567      0.02220      0.02120
FE      0.25160      0.74415      0.50600      0.02604      0.00435      0.04278
FE      0.25176      0.50553      0.74377      0.01270      0.04297     -0.00865
FE     -0.00142      0.74416      0.74359     -0.02683     -0.03989     -0.02735
FE      0.51052     -0.00469     -0.00696      0.01371     -0.04748     -0.00191
FE      0.73951      0.25522     -0.00675      0.00143      0.01432     -0.03808
FE      0.73973     -0.00458      0.25722     -0.01725     -0.07596     -0.01825
FE      0.51035      0.25520      0.25710     -0.01313      0.00830     -0.02002
FE      0.50830     -0.00108      0.50830     -0.04798     -0.06878     -0.04798
FE      0.74157      0.25153      0.50835      0.06326      0.04010     -0.02611
FE      0.74157     -0.00106      0.74157      0.01162     -0.06358      0.01162
FE      0.50835      0.25153      0.74157     -0.02611      0.04010      0.06326
FE      0.50612      0.50546     -0.00148      0.02120      0.02220     -0.02567
FE      0.74359      0.74416     -0.00142     -0.02735     -0.03989     -0.02683
FE      0.74377      0.50553      0.25176     -0.00865      0.04297      0.01270
FE      0.50600      0.74415      0.25160      0.04278      0.00435      0.02604
FE      0.50154      0.50114      0.50154      0.03039      0.07037      0.03039
FE      0.74835      0.74857      0.50151     -0.02931     -0.03131      0.03596
FE      0.74829      0.50114      0.74829     -0.01519      0.07240     -0.01519
FE      0.50151      0.74857      0.74835      0.03596     -0.03131     -0.02931
