/* Converted from PWscf output file */ 
#L_UNITS ang 
#E_UNITS eV 
#S_UNITS GPA 
#F_UNITS EV/ANG 
#ALAT 	  13.67994     // a0 
#X 	   1.00000     0.00000     0.00000     // X 
#Y 	   0.00000     1.05163     0.00000     // Y 
#Z 	   0.00000     0.00000     1.00000     // Z 
#SX 	  -2.15735     0.04725    -0.09231     // SX 
#SY 	   0.04725    -1.45311     0.07817     // SY 
#SZ 	  -0.09231     0.07817    -2.26717     // SZ 
#EPA 	  -3.71954     // Energy per Atom 
#C 	1 1 1 
#W 	1.0 
#RCUT 	6.5        // Rcut 
PD      0.14726      0.10420      0.17297      0.39513     -0.38309      0.65962
FE      0.05875      0.06218      0.32112      0.10668      0.09648     -0.20803
FE      0.18843      0.19044      0.32144     -0.14542     -0.08071     -0.21664
FE      0.18682      0.06235      0.44213     -0.00242      0.08887     -0.04693
FE      0.06250      0.18834      0.44245     -0.00369     -0.06899     -0.04895
FE      0.06232      0.06231      0.56973      0.03405     -0.02923      0.00061
FE      0.18766      0.18789      0.56981     -0.03179      0.02939     -0.00350
FE      0.18822      0.06181      0.68790      0.05267     -0.00574      0.03024
FE      0.06166      0.18831      0.68794     -0.05004      0.00999      0.02951
FE      0.06536      0.31054      0.31723     -0.10296      0.06727     -0.04746
FE      0.18774      0.43543      0.31754     -0.09870      0.01930     -0.05607
FE      0.18812      0.31346      0.44122     -0.00121     -0.06692     -0.04740
FE      0.06339      0.43696      0.43857      0.01011     -0.00704     -0.03317
FE      0.06283      0.31343      0.56786     -0.06214      0.02790      0.09880
FE      0.18855      0.43885      0.56822     -0.05787      0.00371     -0.01169
FE      0.18873      0.31434      0.68746      0.00299      0.00504      0.01635
FE      0.06033      0.43920      0.68624      0.01624     -0.01728     -0.00931
FE      0.06485      0.56171      0.31451     -0.00419     -0.00157      0.00191
FE      0.18475      0.68827      0.31455      0.00168      0.00065     -0.00003
FE      0.18637      0.56198      0.43713      0.06814      0.04892      0.07094
FE      0.06337      0.68809      0.43715     -0.06858     -0.04713      0.07185
FE      0.06158      0.56283      0.56620      0.03072     -0.00325      0.02962
FE      0.18826      0.68721      0.56606     -0.02713      0.00965      0.02512
FE      0.18880      0.56345      0.68617     -0.00222     -0.02019     -0.05212
FE      0.06133      0.68655      0.68621     -0.00027      0.02827     -0.05331
FE      0.06184      0.81406      0.31720      0.09209     -0.02592     -0.05522
FE      0.18295      0.94092      0.31394      0.06924      0.01867     -0.21822
FE      0.18629      0.81357      0.43792     -0.02568      0.02446     -0.04615
FE      0.06186      0.93715      0.44062      0.00890      0.05256     -0.04637
FE      0.06139      0.81128      0.56798      0.06256      0.00921     -0.02392
FE      0.18692      0.93677      0.56771      0.06073     -0.02222      0.08856
FE      0.18963      0.81090      0.68603     -0.01656      0.02134     -0.00896
FE      0.06128      0.93567      0.68752     -0.00234     -0.00502      0.01048
FE      0.30764      0.06622      0.31223     -0.01395     -0.06892     -0.21762
FE      0.43571      0.18834      0.31719     -0.04534     -0.09980     -0.00981
FE      0.43415      0.06249      0.43420      0.04305      0.03883     -0.05039
FE      0.31216      0.18816      0.44186     -0.01816     -0.02489     -0.17989
FE      0.31241      0.06214      0.56661      0.00294     -0.02121      0.06475
FE      0.43855      0.18723      0.56605      0.02657      0.01092     -0.04273
FE      0.43801      0.06252      0.68599      0.10868     -0.02008      0.00467
FE      0.31467      0.18764      0.68590      0.00064      0.03981      0.14970
FE      0.31126      0.31149      0.31709     -0.03612      0.02248      0.04511
FE      0.43549      0.43722      0.31471     -0.00973     -0.02710     -0.05826
FE      0.43748      0.31314      0.43699     -0.02214     -0.07604     -0.09825
FE      0.31254      0.43783      0.43665     -0.02256     -0.06182      0.05647
FE      0.31417      0.31318      0.56793     -0.10172      0.05110     -0.04500
FE      0.43904      0.43780      0.56328     -0.00900      0.03125      0.00755
FE      0.44031      0.31313      0.68459      0.01877      0.04843      0.12588
FE      0.31592      0.43981      0.68553      0.03029     -0.04723      0.04352
FE      0.30836      0.56133      0.31473      0.02680      0.06824     -0.06665
FE      0.43393      0.68780      0.31302      0.00468      0.04708     -0.08604
FE      0.43588      0.56333      0.43222      0.06378     -0.07164     -0.01155
FE      0.31042      0.68740      0.43344      0.03592      0.03958      0.09736
FE      0.31430      0.56277      0.56414     -0.09107      0.04401      0.03017
FE      0.43852      0.68790      0.55990     -0.06187     -0.02380      0.07471
FE      0.44192      0.56331      0.68249     -0.01944      0.00032     -0.00358
FE      0.31621      0.68688      0.68428     -0.00207      0.00406     -0.01894
FE      0.30740      0.81292      0.31478      0.03648      0.08947     -0.03766
FE      0.43445      0.93841      0.31504     -0.04261      0.04770     -0.01502
FE      0.43563      0.81275      0.43152      0.05752      0.03869      0.00704
FE      0.31012      0.93794      0.43638     -0.00496      0.08490     -0.11319
FE      0.31380      0.81271      0.56326     -0.09391     -0.05612      0.06837
FE      0.43771      0.93847      0.56236     -0.05605     -0.08416      0.01415
FE      0.43933      0.81162      0.68290      0.03567     -0.00415      0.01293
FE      0.31480      0.93663      0.68594      0.02689     -0.02915      0.00302
FE      0.56161      0.06317      0.31469     -0.02415      0.00093      0.03121
FE      0.68840      0.18684      0.31483      0.02803      0.00137      0.03675
FE      0.68857      0.06306      0.43527     -0.12051     -0.01591     -0.04685
FE      0.56114      0.18678      0.43527      0.12177      0.01357     -0.04004
FE      0.56198      0.06271      0.56355     -0.00979     -0.04308     -0.04529
FE      0.68744      0.18716      0.56411      0.00561      0.04812     -0.02765
FE      0.68559      0.06228      0.68509      0.00341     -0.01805      0.03062
FE      0.56380      0.18753      0.68528     -0.02137      0.01881      0.03671
FE      0.56075      0.31050      0.31398      0.01936      0.06461      0.00653
FE      0.68724      0.43600      0.31238      0.05713      0.00242     -0.00102
FE      0.68756      0.31154      0.43359      0.01957      0.01392     -0.05993
FE      0.56260      0.43699      0.43214     -0.04365      0.00627     -0.00920
FE      0.56327      0.31215      0.56357      0.07366      0.03336     -0.01910
FE      0.68798      0.43704      0.55992     -0.00307      0.02666      0.04749
FE      0.68824      0.31271      0.68500     -0.07719      0.01714     -0.03433
FE      0.56519      0.43860      0.68224     -0.03576     -0.05230      0.04118
FE      0.56126      0.56261      0.31227     -0.00898     -0.02051     -0.00341
FE      0.68877      0.68739      0.31232      0.00685      0.02315     -0.00314
FE      0.68832      0.56151      0.42946     -0.04533      0.08026      0.04256
FE      0.56154      0.68860      0.42934      0.03990     -0.07679      0.03888
FE      0.56303      0.56247      0.55765      0.00464      0.03081      0.09650
FE      0.68674      0.68765      0.55778     -0.01156     -0.03038      0.09123
FE      0.68579      0.56294      0.68057      0.02933     -0.01481      0.02461
FE      0.56379      0.68725      0.68053     -0.03448      0.01726      0.02468
FE      0.56264      0.81407      0.31220     -0.05910      0.00193     -0.00208
FE      0.68913      0.93953      0.31415     -0.01665     -0.05651      0.01161
FE      0.68725      0.81313      0.43211      0.03944     -0.00591     -0.00838
FE      0.56186      0.93854      0.43331     -0.02322     -0.00756     -0.06974
FE      0.56174      0.81303      0.55967     -0.00549     -0.01944      0.04563
FE      0.68648      0.93783      0.56346     -0.07611     -0.03886     -0.02220
FE      0.68450      0.81144      0.68208      0.02899      0.05887      0.03881
FE      0.56129      0.93718      0.68465      0.06031     -0.01774     -0.03791
FE      0.81453      0.06169      0.31712      0.05891      0.10183     -0.00975
FE      0.94022      0.18548      0.31648     -0.02525      0.12153     -0.03260
FE      0.93748      0.06200      0.44231     -0.02903      0.03537     -0.13516
FE      0.81448      0.18758      0.43556     -0.08112     -0.03360     -0.02042
FE      0.81107      0.06261      0.56639     -0.04123     -0.01096     -0.03145
FE      0.93712      0.18800      0.56705     -0.02033      0.02045      0.07922
FE      0.93528      0.06231      0.68577     -0.00018     -0.03747      0.14698
FE      0.81162      0.18733      0.68629     -0.11150      0.02399      0.01187
FE      0.81508      0.31193      0.31511      0.04012     -0.03587     -0.01550
FE      0.94214      0.43707      0.31517     -0.04679     -0.09415     -0.02915
FE      0.93876      0.31260      0.43737     -0.00898     -0.06213     -0.09552
FE      0.81395      0.43735      0.43199     -0.06588     -0.02907      0.01906
FE      0.81161      0.31166      0.56312      0.04119      0.08884      0.03325
FE      0.93588      0.43746      0.56375      0.08205      0.06340      0.08326
FE      0.93496      0.31342      0.68602     -0.02729      0.02949      0.00842
FE      0.81029      0.43853      0.68330     -0.04377      0.00780      0.01863
FE      0.81591      0.56216      0.31308     -0.00445     -0.04227     -0.08392
FE      0.94126      0.68870      0.31481     -0.02938     -0.07179     -0.06411
FE      0.93936      0.56271      0.43371     -0.03939     -0.02927      0.10599
FE      0.81393      0.68675      0.43247     -0.06572      0.07796     -0.01675
FE      0.81124      0.56221      0.56013      0.05925      0.02539      0.07989
FE      0.93563      0.68723      0.56433      0.08934     -0.03552      0.03243
FE      0.93366      0.56323      0.68444     -0.00035      0.00199     -0.01744
FE      0.80786      0.68679      0.68258      0.01847      0.00358     -0.00284
FE      0.81437      0.81289      0.31468      0.01370      0.03713     -0.05792
FE      0.93888      0.93859      0.31720      0.03181     -0.02781      0.03782
FE      0.93734      0.81221      0.43668      0.03002      0.05811      0.05279
FE      0.81260      0.93693      0.43706      0.01547      0.07591     -0.09837
FE      0.81084      0.81224      0.56329      0.00720     -0.02667      0.00950
FE      0.93587      0.93682      0.56800      0.10030     -0.04790     -0.04136
FE      0.93410      0.81018      0.68538     -0.02563      0.05273      0.04150
FE      0.80949      0.93677      0.68464     -0.01988     -0.05073      0.12586
