/* Converted from PWscf output file */ 
#L_UNITS ang 
#E_UNITS eV 
#S_UNITS GPA 
#F_UNITS EV/ANG 
#ALAT 	  13.67994     // a0 
#X 	   1.00000     0.00000     0.00000     // X 
#Y 	   0.00000     1.05163     0.00000     // Y 
#Z 	   0.00000     0.00000     1.00000     // Z 
#SX 	  -2.14991     0.06125    -0.08838     // SX 
#SY 	   0.06125    -1.44203     0.07817     // SY 
#SZ 	  -0.08838     0.07817    -2.20956     // SZ 
#EPA 	  -3.71922     // Energy per Atom 
#C 	1 1 1 
#W 	1.0 
#RCUT 	6.5        // Rcut 
PD      0.14254      0.10961      0.17531      0.36896     -0.38842      0.19079
FE      0.05875      0.06218      0.32112      0.01146      0.00363     -0.01634
FE      0.18843      0.19044      0.32144     -0.04658      0.04673      0.01421
FE      0.18682      0.06235      0.44213      0.00056      0.08577     -0.05391
FE      0.06250      0.18834      0.44245     -0.00780     -0.06571     -0.03178
FE      0.06232      0.06231      0.56973      0.03378     -0.02959      0.00194
FE      0.18766      0.18789      0.56981     -0.03134      0.02843     -0.00339
FE      0.18822      0.06181      0.68790      0.05282     -0.00540      0.03064
FE      0.06166      0.18831      0.68794     -0.05009      0.00911      0.02940
FE      0.06536      0.31054      0.31723     -0.09412      0.05641     -0.07156
FE      0.18774      0.43543      0.31754     -0.09771      0.02352     -0.05494
FE      0.18812      0.31346      0.44122      0.00011     -0.06169     -0.04248
FE      0.06339      0.43696      0.43857      0.00919     -0.00965     -0.03526
FE      0.06283      0.31343      0.56786     -0.06109      0.02709      0.09835
FE      0.18855      0.43885      0.56822     -0.05791      0.00382     -0.01120
FE      0.18873      0.31434      0.68746      0.00284      0.00541      0.01652
FE      0.06033      0.43920      0.68624      0.01604     -0.01704     -0.00876
FE      0.06485      0.56171      0.31451     -0.00375     -0.00152      0.00204
FE      0.18475      0.68827      0.31455      0.00170      0.00026     -0.00038
FE      0.18637      0.56198      0.43713      0.06791      0.04806      0.06994
FE      0.06337      0.68809      0.43715     -0.06832     -0.04782      0.07167
FE      0.06158      0.56283      0.56620      0.03069     -0.00240      0.03042
FE      0.18826      0.68721      0.56606     -0.02707      0.01096      0.02395
FE      0.18880      0.56345      0.68617     -0.00226     -0.02069     -0.05254
FE      0.06133      0.68655      0.68621     -0.00034      0.02864     -0.05387
FE      0.06184      0.81406      0.31720      0.09306     -0.02442     -0.05340
FE      0.18295      0.94092      0.31394      0.06593     -0.00081     -0.17346
FE      0.18629      0.81357      0.43792     -0.02595      0.02146     -0.04560
FE      0.06186      0.93715      0.44062      0.00653      0.05246     -0.04763
FE      0.06139      0.81128      0.56798      0.06264      0.00760     -0.02166
FE      0.18692      0.93677      0.56771      0.05990     -0.02153      0.08647
FE      0.18963      0.81090      0.68603     -0.01656      0.02127     -0.00879
FE      0.06128      0.93567      0.68752     -0.00232     -0.00438      0.01036
FE      0.30764      0.06622      0.31223     -0.00327     -0.06413     -0.17269
FE      0.43571      0.18834      0.31719     -0.04259     -0.09919     -0.00975
FE      0.43415      0.06249      0.43420      0.04317      0.03964     -0.05333
FE      0.31216      0.18816      0.44186     -0.01764     -0.02424     -0.17630
FE      0.31241      0.06214      0.56661      0.00275     -0.02073      0.06358
FE      0.43855      0.18723      0.56605      0.02867      0.01069     -0.04272
FE      0.43801      0.06252      0.68599      0.10881     -0.02103      0.00578
FE      0.31467      0.18764      0.68590      0.00051      0.03946      0.14982
FE      0.31126      0.31149      0.31709     -0.04430      0.01203      0.04550
FE      0.43549      0.43722      0.31471     -0.00910     -0.02700     -0.05872
FE      0.43748      0.31314      0.43699     -0.02375     -0.07547     -0.09890
FE      0.31254      0.43783      0.43665     -0.02257     -0.06179      0.05606
FE      0.31417      0.31318      0.56793     -0.10198      0.05053     -0.04579
FE      0.43904      0.43780      0.56328     -0.00896      0.03074      0.00769
FE      0.44031      0.31313      0.68459      0.01870      0.04932      0.12684
FE      0.31592      0.43981      0.68553      0.03054     -0.04731      0.04351
FE      0.30836      0.56133      0.31473      0.02704      0.06835     -0.06673
FE      0.43393      0.68780      0.31302      0.00475      0.04712     -0.08655
FE      0.43588      0.56333      0.43222      0.06370     -0.07144     -0.01180
FE      0.31042      0.68740      0.43344      0.03626      0.03899      0.09725
FE      0.31430      0.56277      0.56414     -0.09089      0.04431      0.03063
FE      0.43852      0.68790      0.55990     -0.06182     -0.02363      0.07467
FE      0.44192      0.56331      0.68249     -0.01917      0.00014     -0.00329
FE      0.31621      0.68688      0.68428     -0.00196      0.00401     -0.01895
FE      0.30740      0.81292      0.31478      0.03513      0.09248     -0.03856
FE      0.43445      0.93841      0.31504     -0.04597      0.04879     -0.01732
FE      0.43563      0.81275      0.43152      0.05799      0.03835      0.00770
FE      0.31012      0.93794      0.43638     -0.00446      0.08544     -0.11806
FE      0.31380      0.81271      0.56326     -0.09372     -0.05551      0.06870
FE      0.43771      0.93847      0.56236     -0.05656     -0.08399      0.01499
FE      0.43933      0.81162      0.68290      0.03579     -0.00438      0.01315
FE      0.31480      0.93663      0.68594      0.02687     -0.02864      0.00301
FE      0.56161      0.06317      0.31469     -0.02558      0.00096      0.03136
FE      0.68840      0.18684      0.31483      0.02772      0.00110      0.03711
FE      0.68857      0.06306      0.43527     -0.11865     -0.01582     -0.04746
FE      0.56114      0.18678      0.43527      0.12279      0.01372     -0.04016
FE      0.56198      0.06271      0.56355     -0.01170     -0.04399     -0.04508
FE      0.68744      0.18716      0.56411      0.00429      0.04811     -0.02850
FE      0.68559      0.06228      0.68509      0.00395     -0.01854      0.03109
FE      0.56380      0.18753      0.68528     -0.02183      0.01832      0.03550
FE      0.56075      0.31050      0.31398      0.01930      0.06499      0.00574
FE      0.68724      0.43600      0.31238      0.05688      0.00294     -0.00154
FE      0.68756      0.31154      0.43359      0.02073      0.01409     -0.06060
FE      0.56260      0.43699      0.43214     -0.04347      0.00641     -0.00918
FE      0.56327      0.31215      0.56357      0.07401      0.03426     -0.01865
FE      0.68798      0.43704      0.55992     -0.00317      0.02655      0.04767
FE      0.68824      0.31271      0.68500     -0.07701      0.01769     -0.03364
FE      0.56519      0.43860      0.68224     -0.03578     -0.05205      0.04131
FE      0.56126      0.56261      0.31227     -0.00858     -0.02012     -0.00373
FE      0.68877      0.68739      0.31232      0.00662      0.02276     -0.00366
FE      0.68832      0.56151      0.42946     -0.04512      0.08009      0.04197
FE      0.56154      0.68860      0.42934      0.03985     -0.07655      0.03862
FE      0.56303      0.56247      0.55765      0.00461      0.03098      0.09665
FE      0.68674      0.68765      0.55778     -0.01152     -0.03032      0.09138
FE      0.68579      0.56294      0.68057      0.02919     -0.01462      0.02532
FE      0.56379      0.68725      0.68053     -0.03435      0.01716      0.02496
FE      0.56264      0.81407      0.31220     -0.05973      0.00146     -0.00207
FE      0.68913      0.93953      0.31415     -0.01691     -0.05699      0.01060
FE      0.68725      0.81313      0.43211      0.03937     -0.00582     -0.00893
FE      0.56186      0.93854      0.43331     -0.02146     -0.00816     -0.06862
FE      0.56174      0.81303      0.55967     -0.00559     -0.01951      0.04540
FE      0.68648      0.93783      0.56346     -0.07649     -0.03874     -0.02230
FE      0.68450      0.81144      0.68208      0.02899      0.05841      0.03924
FE      0.56129      0.93718      0.68465      0.06038     -0.01726     -0.03883
FE      0.81453      0.06169      0.31712      0.05458      0.10190     -0.00828
FE      0.94022      0.18548      0.31648     -0.01918      0.11298     -0.06121
FE      0.93748      0.06200      0.44231     -0.03152      0.03427     -0.13058
FE      0.81448      0.18758      0.43556     -0.07602     -0.03394     -0.02349
FE      0.81107      0.06261      0.56639     -0.04140     -0.01046     -0.03150
FE      0.93712      0.18800      0.56705     -0.01871      0.01992      0.07822
FE      0.93528      0.06231      0.68577     -0.00015     -0.03769      0.14780
FE      0.81162      0.18733      0.68629     -0.11125      0.02388      0.01182
FE      0.81508      0.31193      0.31511      0.03997     -0.03658     -0.01429
FE      0.94214      0.43707      0.31517     -0.04649     -0.09345     -0.02902
FE      0.93876      0.31260      0.43737     -0.00891     -0.06183     -0.09556
FE      0.81395      0.43735      0.43199     -0.06560     -0.02898      0.01874
FE      0.81161      0.31166      0.56312      0.04115      0.08895      0.03314
FE      0.93588      0.43746      0.56375      0.08183      0.06384      0.08369
FE      0.93496      0.31342      0.68602     -0.02722      0.03003      0.00905
FE      0.81029      0.43853      0.68330     -0.04373      0.00781      0.01841
FE      0.81591      0.56216      0.31308     -0.00462     -0.04224     -0.08379
FE      0.94126      0.68870      0.31481     -0.03046     -0.07194     -0.06493
FE      0.93936      0.56271      0.43371     -0.03961     -0.02990      0.10567
FE      0.81393      0.68675      0.43247     -0.06607      0.07777     -0.01707
FE      0.81124      0.56221      0.56013      0.05939      0.02521      0.08006
FE      0.93563      0.68723      0.56433      0.08897     -0.03579      0.03257
FE      0.93366      0.56323      0.68444     -0.00040      0.00172     -0.01721
FE      0.80786      0.68679      0.68258      0.01825      0.00368     -0.00257
FE      0.81437      0.81289      0.31468      0.01319      0.03655     -0.05791
FE      0.93888      0.93859      0.31720      0.04219     -0.02090      0.03797
FE      0.93734      0.81221      0.43668      0.02965      0.05910      0.05330
FE      0.81260      0.93693      0.43706      0.01462      0.07530     -0.09774
FE      0.81084      0.81224      0.56329      0.00757     -0.02652      0.00940
FE      0.93587      0.93682      0.56800      0.10099     -0.04819     -0.04188
FE      0.93410      0.81018      0.68538     -0.02574      0.05282      0.04178
FE      0.80949      0.93677      0.68464     -0.01987     -0.05029      0.12526
