/* Converted from PWscf output file */ 
#L_UNITS ang 
#E_UNITS eV 
#S_UNITS GPA 
#F_UNITS EV/ANG 
#ALAT 	   7.00976     // a0 
#X 	   1.00000     0.00002    -0.00000     // X 
#Y 	   0.00002     1.05317     0.00002     // Y 
#Z 	  -0.00000     0.00002     1.00000     // Z 
#SX 	  -0.00233    -0.00525    -0.00160     // SX 
#SY 	  -0.00525    -0.00219    -0.00525     // SY 
#SZ 	  -0.00160    -0.00525    -0.00233     // SZ 
#EPA 	  -4.14697     // Energy per Atom 
#C 	1 1 1 
#W 	20.0 
#RCUT 	6.5        // Rcut 
PD     -0.00828     -0.00659     -0.00828     -0.00384     -0.01026     -0.00384
PD      0.25817      0.25637     -0.00825      0.00291      0.01280     -0.00141
PD      0.25820     -0.00649      0.25820      0.00214     -0.00812      0.00214
PD     -0.00825      0.25637      0.25817     -0.00141      0.01280      0.00291
FE     -0.00701     -0.00518      0.51065      0.00429     -0.01093     -0.01284
FE      0.25699      0.25534      0.51039     -0.00429      0.00311      0.00288
FE      0.25704     -0.00525      0.73958     -0.00578     -0.00753      0.00258
FE     -0.00707      0.25535      0.73953      0.00574      0.00363      0.00899
FE     -0.00553      0.50840     -0.00553     -0.00496     -0.00878     -0.00496
FE      0.25569      0.74172     -0.00556     -0.00016      0.00253     -0.00477
FE      0.25558      0.50818      0.25558      0.00169      0.00769      0.00169
FE     -0.00556      0.74172      0.25569     -0.00477      0.00253     -0.00016
FE     -0.00170      0.50570      0.50632     -0.00034      0.00461     -0.00309
FE      0.25179      0.74416      0.50634     -0.00272      0.00195     -0.00540
FE      0.25185      0.50585      0.74369     -0.00237     -0.00481      0.00419
FE     -0.00167      0.74398      0.74349     -0.00242      0.01185      0.01352
FE      0.51065     -0.00518     -0.00701     -0.01284     -0.01093      0.00429
FE      0.73953      0.25535     -0.00707      0.00899      0.00363      0.00574
FE      0.73958     -0.00525      0.25704      0.00258     -0.00753     -0.00578
FE      0.51039      0.25534      0.25699      0.00288      0.00311     -0.00429
FE      0.50810     -0.00162      0.50810      0.00976     -0.00442      0.00976
FE      0.74190      0.25182      0.50825     -0.00623     -0.00224      0.00033
FE      0.74171     -0.00160      0.74171      0.00805     -0.00829      0.00805
FE      0.50825      0.25182      0.74190      0.00033     -0.00224     -0.00623
FE      0.50632      0.50570     -0.00170     -0.00309      0.00461     -0.00034
FE      0.74349      0.74398     -0.00167      0.01352      0.01185     -0.00242
FE      0.74369      0.50585      0.25185      0.00419     -0.00481     -0.00237
FE      0.50634      0.74416      0.25179     -0.00540      0.00195     -0.00272
FE      0.50176      0.50169      0.50176     -0.00402      0.00348     -0.00402
FE      0.74812      0.74831      0.50178      0.00135     -0.00349     -0.00285
FE      0.74815      0.50172      0.74815     -0.00093      0.00575     -0.00093
FE      0.50178      0.74831      0.74812     -0.00285     -0.00349      0.00135
