/* Converted from PWscf output file */ 
#L_UNITS ang 
#E_UNITS eV 
#S_UNITS GPA 
#F_UNITS EV/ANG 
#ALAT 	  13.68499     // a0 
#X 	   1.00000     0.00000    -0.00000     // X 
#Y 	   0.00000     1.05677     0.00002     // Y 
#Z 	  -0.00000     0.00002     1.00030     // Z 
#SX 	  -0.02596    -0.00000     0.00000     // SX 
#SY 	  -0.00000     0.01400     0.00204     // SY 
#SZ 	   0.00000     0.00204    -0.03121     // SZ 
#EPA 	  -4.25338     // Energy per Atom 
#C 	1 1 1 
#W 	1.0 
#RCUT 	6.5        // Rcut 
PD      0.06251      0.06005      0.06519      0.00063      0.02071     -0.01860
FE      0.19342      0.18987      0.06642      0.01718      0.00653      0.01258
FE      0.19236      0.06226      0.19233      0.01373     -0.00081      0.01439
FE      0.06248      0.19022      0.19082      0.00008      0.00501      0.01195
FE      0.06247      0.06235      0.31290      0.00037     -0.00205      0.01045
FE      0.18825      0.18789      0.31333      0.00164     -0.00258     -0.00042
FE      0.18777      0.06240      0.43769      0.00470     -0.00316      0.00110
FE      0.06248      0.18762      0.43766      0.00032      0.00148     -0.00042
FE      0.06248      0.06238      0.56234      0.00032     -0.00148      0.00042
FE      0.18777      0.18760      0.56231      0.00470      0.00316     -0.00110
FE      0.18825      0.06211      0.68667      0.00164      0.00258      0.00042
FE      0.06247      0.18765      0.68710      0.00037      0.00205     -0.01045
FE      0.06248      0.05978      0.80918      0.00008     -0.00501     -0.01195
FE      0.19236      0.18774      0.80767      0.01373      0.00081     -0.01439
FE      0.19342      0.06013      0.93358      0.01718     -0.00653     -0.01258
PD      0.06251      0.18995      0.93481      0.00063     -0.02071      0.01860
FE      0.06246      0.31570      0.06530     -0.00007     -0.00049      0.00874
FE      0.18799      0.43847      0.06290     -0.00135     -0.00414     -0.00293
FE      0.18838      0.31370      0.18852     -0.00559     -0.00608     -0.00385
FE      0.06247      0.43790      0.18791     -0.00034     -0.00069     -0.00338
FE      0.06248      0.31284      0.31294      0.00035     -0.00082     -0.00288
FE      0.18766      0.43793      0.31286      0.00575      0.00603      0.00194
FE      0.18771      0.31281      0.43776      0.00556      0.00561      0.00097
FE      0.06248      0.43787      0.43773     -0.00004      0.00679      0.00126
FE      0.06248      0.31270      0.56237      0.00009      0.00652     -0.00022
FE      0.18767      0.43788      0.56223      0.00623      0.00739      0.00038
FE      0.18816      0.31310      0.68665     -0.00123      0.00045      0.00346
FE      0.06248      0.43804      0.68694      0.00006     -0.00522      0.00679
FE      0.06246      0.31572      0.80929     -0.00029      0.00644     -0.01205
FE      0.18802      0.43855      0.81193     -0.00190     -0.00612      0.00241
FE      0.19071      0.31606      0.93729      0.01008      0.00124      0.00092
FE      0.06246      0.43810      0.93752     -0.00025      0.00557     -0.00064
FE      0.06248      0.56255      0.06251      0.00011      0.00261      0.00088
FE      0.18760      0.68746      0.06253      0.00207     -0.00236      0.00140
FE      0.18761      0.56267      0.18773      0.00462      0.00262      0.00267
FE      0.06248      0.68748      0.18763      0.00005     -0.00191      0.00310
FE      0.06249      0.56271      0.31277      0.00021      0.00244      0.00309
FE      0.18762      0.68735      0.31271      0.00526     -0.00215      0.00244
FE      0.18762      0.56258      0.43759      0.00500      0.00505      0.00110
FE      0.06248      0.68727      0.43774      0.00014     -0.00087     -0.00012
FE      0.06248      0.56273      0.56226      0.00015      0.00087      0.00013
FE      0.18762      0.68742      0.56241      0.00501     -0.00505     -0.00110
FE      0.18762      0.56265      0.68729      0.00526      0.00215     -0.00245
FE      0.06249      0.68729      0.68723      0.00021     -0.00244     -0.00309
FE      0.06248      0.56252      0.81237      0.00005      0.00191     -0.00309
FE      0.18761      0.68733      0.81227      0.00462     -0.00262     -0.00267
FE      0.18760      0.56254      0.93747      0.00207      0.00236     -0.00140
FE      0.06248      0.68745      0.93749      0.00011     -0.00261     -0.00088
FE      0.06246      0.81190      0.06248     -0.00024     -0.00557      0.00064
FE      0.19071      0.93394      0.06271      0.01008     -0.00124     -0.00092
FE      0.18802      0.81145      0.18807     -0.00190      0.00612     -0.00241
FE      0.06246      0.93428      0.19071     -0.00029     -0.00644      0.01205
FE      0.06248      0.81196      0.31306      0.00006      0.00522     -0.00679
FE      0.18816      0.93690      0.31335     -0.00122     -0.00045     -0.00347
FE      0.18767      0.81212      0.43777      0.00623     -0.00739     -0.00038
FE      0.06248      0.93730      0.43763      0.00009     -0.00652      0.00022
FE      0.06248      0.81213      0.56227     -0.00004     -0.00679     -0.00126
FE      0.18771      0.93719      0.56224      0.00556     -0.00561     -0.00097
FE      0.18766      0.81207      0.68714      0.00575     -0.00603     -0.00195
FE      0.06248      0.93716      0.68706      0.00034      0.00082      0.00288
FE      0.06247      0.81210      0.81209     -0.00034      0.00069      0.00338
FE      0.18838      0.93630      0.81148     -0.00559      0.00608      0.00385
FE      0.18799      0.81153      0.93710     -0.00134      0.00414      0.00294
FE      0.06246      0.93430      0.93470     -0.00007      0.00049     -0.00874
FE      0.31317      0.06215      0.06288      0.00225      0.00222     -0.00274
FE      0.43781      0.18760      0.06264     -0.00010      0.00118      0.00184
FE      0.43801      0.06232      0.18798     -0.00232     -0.00418      0.00227
FE      0.31401      0.18789      0.18895     -0.02091     -0.00411     -0.02026
FE      0.31386      0.06235      0.31390     -0.01649     -0.00424     -0.01895
FE      0.43852      0.18766      0.31346     -0.00676      0.00344     -0.00277
FE      0.43841      0.06227      0.43825     -0.00011     -0.00683     -0.00635
FE      0.31306      0.18767      0.43793      0.00652      0.00400     -0.00003
FE      0.31306      0.06233      0.56207      0.00652     -0.00400      0.00003
FE      0.43841      0.18773      0.56175     -0.00011      0.00684      0.00635
FE      0.43852      0.06234      0.68654     -0.00676     -0.00344      0.00277
FE      0.31386      0.18765      0.68610     -0.01649      0.00424      0.01895
FE      0.31401      0.06211      0.81105     -0.02091      0.00411      0.02026
FE      0.43801      0.18768      0.81202     -0.00232      0.00418     -0.00227
FE      0.43781      0.06240      0.93736     -0.00010     -0.00118     -0.00184
FE      0.31317      0.18785      0.93712      0.00225     -0.00222      0.00274
FE      0.31338      0.31305      0.06307     -0.01046     -0.00686     -0.00215
FE      0.43794      0.43796      0.06257      0.00000      0.00339      0.00313
FE      0.43816      0.31286      0.18798     -0.00244      0.00574      0.00323
FE      0.31290      0.43797      0.18784      0.00310      0.00668      0.00490
FE      0.31309      0.31289      0.31312      0.00326      0.00900      0.00066
FE      0.43771      0.43775      0.31265      0.00527      0.01463      0.00628
FE      0.43775      0.31280      0.43760      0.00692      0.01557      0.00199
FE      0.31268      0.43777      0.43759      0.00909      0.01334      0.00145
FE      0.31297      0.31279      0.56208      0.00656      0.01242      0.00332
FE      0.43766      0.43771      0.56237      0.00610      0.01583     -0.00314
FE      0.43801      0.31276      0.68708      0.00038      0.01312     -0.00308
FE      0.31282      0.43788      0.68718      0.00580      0.00967     -0.00353
FE      0.31333      0.31311      0.81172     -0.00224      0.00099      0.00216
FE      0.43785      0.43786      0.81232      0.00191      0.00709     -0.00644
FE      0.43783      0.31278      0.93746     -0.00107      0.00408     -0.00243
FE      0.31297      0.43793      0.93749     -0.00509     -0.00427     -0.00286
FE      0.31273      0.56266      0.06252      0.00389      0.00262      0.00358
FE      0.43781      0.68729      0.06253      0.00155     -0.00080      0.00170
FE      0.43768      0.56256      0.18763      0.00324      0.00523      0.00554
FE      0.31271      0.68734      0.18762      0.00444     -0.00169      0.00585
FE      0.31261      0.56257      0.31261      0.00727      0.00561      0.00512
FE      0.43764      0.68743      0.31258      0.00411     -0.00544      0.00599
FE      0.43759      0.56253      0.43755      0.00539      0.00622      0.00202
FE      0.31260      0.68743      0.43760      0.00742     -0.00542      0.00173
FE      0.31260      0.56257      0.56240      0.00742      0.00542     -0.00173
FE      0.43759      0.68747      0.56245      0.00539     -0.00622     -0.00202
FE      0.43764      0.56257      0.68742      0.00411      0.00544     -0.00599
FE      0.31261      0.68743      0.68739      0.00727     -0.00561     -0.00512
FE      0.31271      0.56266      0.81238      0.00445      0.00169     -0.00585
FE      0.43768      0.68744      0.81237      0.00324     -0.00523     -0.00554
FE      0.43781      0.56271      0.93747      0.00155      0.00080     -0.00170
FE      0.31273      0.68734      0.93748      0.00389     -0.00262     -0.00358
FE      0.31297      0.81207      0.06251     -0.00509      0.00427      0.00286
FE      0.43783      0.93722      0.06254     -0.00107     -0.00408      0.00243
FE      0.43785      0.81214      0.18768      0.00191     -0.00709      0.00644
FE      0.31333      0.93689      0.18828     -0.00224     -0.00099     -0.00216
FE      0.31282      0.81212      0.31282      0.00580     -0.00967      0.00353
FE      0.43801      0.93724      0.31292      0.00038     -0.01313      0.00308
FE      0.43766      0.81229      0.43763      0.00610     -0.01583      0.00313
FE      0.31297      0.93721      0.43792      0.00656     -0.01242     -0.00332
FE      0.31268      0.81223      0.56241      0.00909     -0.01334     -0.00145
FE      0.43775      0.93720      0.56240      0.00692     -0.01557     -0.00199
FE      0.43771      0.81225      0.68735      0.00527     -0.01463     -0.00628
FE      0.31309      0.93711      0.68688      0.00326     -0.00900     -0.00066
FE      0.31290      0.81203      0.81216      0.00310     -0.00668     -0.00490
FE      0.43816      0.93714      0.81202     -0.00244     -0.00574     -0.00323
FE      0.43794      0.81204      0.93743      0.00000     -0.00339     -0.00313
FE      0.31338      0.93695      0.93693     -0.01046      0.00686      0.00215
FE      0.56248      0.06241      0.06257      0.00053     -0.00230      0.00234
FE      0.68722      0.18759      0.06265      0.00030      0.00130      0.00226
FE      0.68704      0.06234      0.18798      0.00300     -0.00349      0.00246
FE      0.56247      0.18759      0.18782     -0.00030      0.00167      0.00542
FE      0.56248      0.06230      0.31278      0.00001     -0.00619      0.00456
FE      0.68650      0.18765      0.31346      0.00633      0.00319     -0.00409
FE      0.68662      0.06229      0.43824     -0.00146     -0.00621     -0.00708
FE      0.56248      0.18771      0.43764     -0.00007      0.00672     -0.00016
FE      0.56248      0.06229      0.56236     -0.00007     -0.00672      0.00016
FE      0.68662      0.18771      0.56176     -0.00146      0.00621      0.00708
FE      0.68650      0.06235      0.68654      0.00633     -0.00319      0.00409
FE      0.56248      0.18770      0.68722      0.00001      0.00619     -0.00456
FE      0.56247      0.06241      0.81218     -0.00030     -0.00167     -0.00541
FE      0.68704      0.18766      0.81202      0.00299      0.00349     -0.00246
FE      0.68722      0.06241      0.93735      0.00030     -0.00130     -0.00226
FE      0.56248      0.18759      0.93743      0.00053      0.00230     -0.00234
FE      0.56248      0.31263      0.06257      0.00011      0.00609      0.00215
FE      0.68711      0.43796      0.06258     -0.00056      0.00312      0.00343
FE      0.68687      0.31287      0.18798      0.00183      0.00541      0.00307
FE      0.56248      0.43778      0.18769     -0.00024      0.01207      0.00750
FE      0.56248      0.31282      0.31274      0.00029      0.01428      0.00889
FE      0.68734      0.43775      0.31265     -0.00570      0.01445      0.00668
FE      0.68729      0.31280      0.43760     -0.00797      0.01573      0.00171
FE      0.56248      0.43769      0.43756     -0.00013      0.01660      0.00294
FE      0.56248      0.31279      0.56234     -0.00007      0.01664     -0.00422
FE      0.68739      0.43771      0.56238     -0.00605      0.01566     -0.00301
FE      0.68701      0.31276      0.68706     -0.00129      0.01292     -0.00314
FE      0.56248      0.43773      0.68736      0.00004      0.01401     -0.00791
FE      0.56248      0.31269      0.81228      0.00037      0.00903     -0.00495
FE      0.68720      0.43786      0.81233     -0.00185      0.00677     -0.00620
FE      0.68721      0.31278      0.93746      0.00103      0.00393     -0.00233
FE      0.56248      0.43771      0.93749      0.00005      0.00782     -0.00194
FE      0.56248      0.56257      0.06252      0.00008      0.00400      0.00298
FE      0.68723      0.68728      0.06253     -0.00218     -0.00100      0.00180
FE      0.68737      0.56256      0.18763     -0.00360      0.00546      0.00546
FE      0.56248      0.68742      0.18761      0.00000     -0.00474      0.00552
FE      0.56248      0.56253      0.31256      0.00015      0.00622      0.00617
FE      0.68741      0.68742      0.31258     -0.00461     -0.00554      0.00606
FE      0.68745      0.56253      0.43755     -0.00568      0.00637      0.00197
FE      0.56248      0.68747      0.43756      0.00010     -0.00639      0.00306
FE      0.56248      0.56253      0.56244      0.00010      0.00638     -0.00306
FE      0.68745      0.68747      0.56245     -0.00568     -0.00637     -0.00197
FE      0.68741      0.56258      0.68742     -0.00461      0.00554     -0.00606
FE      0.56248      0.68747      0.68744      0.00015     -0.00622     -0.00617
FE      0.56248      0.56258      0.81239      0.00000      0.00474     -0.00552
FE      0.68737      0.68744      0.81237     -0.00360     -0.00546     -0.00545
FE      0.68723      0.56272      0.93747     -0.00218      0.00100     -0.00180
FE      0.56248      0.68743      0.93748      0.00008     -0.00400     -0.00298
FE      0.56248      0.81229      0.06251      0.00005     -0.00782      0.00194
FE      0.68721      0.93722      0.06254      0.00103     -0.00393      0.00233
FE      0.68720      0.81214      0.18767     -0.00185     -0.00677      0.00620
FE      0.56248      0.93731      0.18772      0.00037     -0.00903      0.00495
FE      0.56248      0.81227      0.31264      0.00004     -0.01401      0.00791
FE      0.68701      0.93724      0.31294     -0.00129     -0.01292      0.00314
FE      0.68739      0.81229      0.43762     -0.00605     -0.01565      0.00301
FE      0.56248      0.93721      0.43766     -0.00007     -0.01664      0.00422
FE      0.56248      0.81231      0.56244     -0.00013     -0.01660     -0.00294
FE      0.68729      0.93720      0.56240     -0.00797     -0.01573     -0.00171
FE      0.68734      0.81225      0.68735     -0.00570     -0.01445     -0.00667
FE      0.56248      0.93718      0.68726      0.00030     -0.01428     -0.00890
FE      0.56248      0.81222      0.81231     -0.00024     -0.01207     -0.00750
FE      0.68687      0.93713      0.81202      0.00183     -0.00541     -0.00307
FE      0.68711      0.81204      0.93742     -0.00056     -0.00312     -0.00343
FE      0.56248      0.93737      0.93743      0.00011     -0.00609     -0.00215
FE      0.81179      0.06216      0.06286     -0.00108      0.00220     -0.00269
FE      0.93165      0.18988      0.06642     -0.01638      0.00581      0.01182
FE      0.93266      0.06225      0.19233     -0.01274     -0.00078      0.01419
FE      0.81103      0.18791      0.18894      0.02245     -0.00447     -0.01998
FE      0.81116      0.06234      0.31390      0.01805     -0.00408     -0.01844
FE      0.93677      0.18788      0.31335     -0.00154     -0.00252     -0.00004
FE      0.93728      0.06240      0.43769     -0.00470     -0.00300      0.00141
FE      0.81190      0.18768      0.43794     -0.00670      0.00437      0.00014
FE      0.81190      0.06232      0.56206     -0.00670     -0.00437     -0.00014
FE      0.93728      0.18760      0.56231     -0.00470      0.00300     -0.00141
FE      0.93677      0.06212      0.68665     -0.00154      0.00252      0.00004
FE      0.81116      0.18766      0.68610      0.01805      0.00408      0.01844
FE      0.81103      0.06209      0.81106      0.02245      0.00447      0.01998
FE      0.93266      0.18775      0.80767     -0.01274      0.00078     -0.01419
FE      0.93165      0.06012      0.93358     -0.01638     -0.00582     -0.01181
FE      0.81179      0.18784      0.93714     -0.00108     -0.00220      0.00269
FE      0.81160      0.31303      0.06308      0.01089     -0.00664     -0.00190
FE      0.93704      0.43847      0.06292      0.00026     -0.00386     -0.00258
FE      0.93663      0.31372      0.18853      0.00528     -0.00617     -0.00330
FE      0.81205      0.43798      0.18785     -0.00354      0.00712      0.00556
FE      0.81189      0.31289      0.31311     -0.00279      0.00872      0.00098
FE      0.93739      0.43793      0.31286     -0.00617      0.00598      0.00235
FE      0.93733      0.31282      0.43776     -0.00600      0.00581      0.00075
FE      0.81228      0.43777      0.43759     -0.00927      0.01365      0.00175
FE      0.81199      0.31278      0.56207     -0.00618      0.01197      0.00278
FE      0.93738      0.43788      0.56223     -0.00621      0.00727      0.00051
FE      0.93685      0.31311      0.68663      0.00050      0.00085      0.00326
FE      0.81214      0.43789      0.68719     -0.00568      0.00995     -0.00338
FE      0.81163      0.31310      0.81170      0.00297      0.00068      0.00228
FE      0.93703      0.43855      0.81193      0.00104     -0.00608      0.00251
FE      0.93421      0.31606      0.93729     -0.00912      0.00115      0.00058
FE      0.81198      0.43795      0.93750      0.00527     -0.00405     -0.00242
FE      0.81224      0.56265      0.06251     -0.00374      0.00267      0.00355
FE      0.93745      0.68746      0.06253     -0.00248     -0.00261      0.00146
FE      0.93744      0.56267      0.18773     -0.00502      0.00295      0.00267
FE      0.81225      0.68734      0.18762     -0.00438     -0.00150      0.00604
FE      0.81236      0.56257      0.31261     -0.00697      0.00551      0.00509
FE      0.93742      0.68735      0.31271     -0.00574     -0.00228      0.00253
FE      0.93743      0.56258      0.43759     -0.00522      0.00531      0.00097
FE      0.81237      0.68743      0.43760     -0.00721     -0.00522      0.00190
FE      0.81237      0.56257      0.56240     -0.00721      0.00522     -0.00190
FE      0.93743      0.68742      0.56241     -0.00523     -0.00531     -0.00097
FE      0.93742      0.56265      0.68729     -0.00574      0.00228     -0.00254
FE      0.81236      0.68743      0.68739     -0.00697     -0.00551     -0.00509
FE      0.81225      0.56266      0.81238     -0.00438      0.00150     -0.00604
FE      0.93744      0.68733      0.81227     -0.00502     -0.00295     -0.00266
FE      0.93745      0.56254      0.93747     -0.00248      0.00261     -0.00146
FE      0.81224      0.68735      0.93749     -0.00374     -0.00267     -0.00355
FE      0.81198      0.81205      0.06250      0.00527      0.00405      0.00242
FE      0.93421      0.93394      0.06271     -0.00912     -0.00115     -0.00058
FE      0.93703      0.81145      0.18807      0.00104      0.00608     -0.00251
FE      0.81163      0.93690      0.18830      0.00298     -0.00068     -0.00228
FE      0.81214      0.81211      0.31281     -0.00568     -0.00996      0.00338
FE      0.93685      0.93689      0.31337      0.00050     -0.00085     -0.00326
FE      0.93738      0.81212      0.43777     -0.00622     -0.00727     -0.00051
FE      0.81199      0.93722      0.43793     -0.00617     -0.01197     -0.00278
FE      0.81228      0.81223      0.56241     -0.00927     -0.01365     -0.00174
FE      0.93733      0.93718      0.56224     -0.00600     -0.00581     -0.00075
FE      0.93739      0.81207      0.68714     -0.00617     -0.00598     -0.00235
FE      0.81189      0.93711      0.68689     -0.00279     -0.00872     -0.00098
FE      0.81205      0.81202      0.81215     -0.00354     -0.00711     -0.00556
FE      0.93663      0.93628      0.81147      0.00528      0.00617      0.00330
FE      0.93704      0.81153      0.93708      0.00026      0.00386      0.00259
FE      0.81160      0.93697      0.93692      0.01089      0.00664      0.00190
