/* Converted from PWscf output file */ 
#L_UNITS ang 
#E_UNITS eV 
#S_UNITS GPA 
#F_UNITS EV/ANG 
#ALAT 	  13.69288     // a0 
#X 	   1.00000     0.00000    -0.00000     // X 
#Y 	   0.00000     1.05651     0.00000     // Y 
#Z 	  -0.00000     0.00000     0.99999     // Z 
#SX 	  -0.29940     0.00000    -0.00015     // SX 
#SY 	   0.00000    -0.16144     0.00175     // SY 
#SZ 	  -0.00015     0.00175    -0.29751     // SZ 
#EPA 	  -4.25285     // Energy per Atom 
#C 	1 1 1 
#W 	1.0 
#RCUT 	6.5        // Rcut 
PD      0.06249      0.06249      0.06249     -0.00227     -0.01063     -0.00878
FE      0.19013      0.19001      0.06243      0.06732      0.05459     -0.02255
FE      0.19134      0.06243      0.19125      0.08188     -0.00422      0.06532
FE      0.06263      0.18993      0.18989      0.03764      0.01716     -0.00041
FE      0.06261      0.06211      0.31252      0.02417     -0.05265     -0.03878
FE      0.18788      0.18753      0.31251      0.07769      0.00202      0.00325
FE      0.18748      0.06260      0.43761      0.04986     -0.03580      0.01378
FE      0.06510      0.18501      0.43755      0.06324     -0.05961      0.00980
FE      0.06262      0.06210      0.56262      0.02788     -0.05465      0.02768
FE      0.18773      0.18746      0.56264      0.04668     -0.02881      0.03560
FE      0.18759      0.06243      0.68747      0.01947     -0.00716     -0.00347
FE      0.06264      0.18746      0.68767      0.03547     -0.02257      0.03259
FE      0.06246      0.06244      0.81230     -0.00388     -0.01404      0.01398
FE      0.18771      0.18759      0.81233      0.05507      0.03241     -0.01867
FE      0.19129      0.06248      0.93371      0.07054     -0.00025     -0.08086
FE      0.06250      0.19001      0.93490      0.00352      0.05744     -0.06605
FE      0.06250      0.31273      0.06239      0.00855      0.01557     -0.01421
FE      0.18750      0.43750      0.06243      0.02370      0.00313     -0.02632
FE      0.18770      0.31285      0.18762      0.13540      0.05519     -0.07508
FE      0.06265      0.43756      0.18728      0.03543      0.03222     -0.03503
FE      0.06631      0.31238      0.30866      0.08412      0.04401     -0.02398
FE      0.18770      0.43758      0.31231      0.03649      0.03663     -0.03055
FE      0.18771      0.31251      0.43754     -0.00565      0.01283      0.01245
FE      0.06510      0.44006      0.43757      0.06543      0.06861      0.01022
FE      0.06631      0.31248      0.56630      0.08309     -0.00273      0.08217
FE      0.18771      0.43759      0.56265      0.04168      0.03254      0.03552
FE      0.18754      0.31251      0.68753      0.10272      0.01287      0.09297
FE      0.06264      0.43764      0.68767      0.03541      0.04371      0.03473
FE      0.06251      0.31236      0.81263      0.01023      0.03575     -0.02723
FE      0.18753      0.43752      0.81253      0.01374      0.00799      0.01688
FE      0.18770      0.31286      0.93737      0.03629      0.05457     -0.02858
FE      0.06250      0.43750      0.93756      0.00385      0.00440     -0.00385
FE      0.06247      0.56251      0.06245     -0.00306      0.01273     -0.01298
FE      0.18747      0.68755      0.06247      0.00518      0.00128     -0.00280
FE      0.18757      0.56252      0.18749      0.01099      0.00723     -0.00466
FE      0.06247      0.68754      0.18747     -0.00602      0.00589     -0.00176
FE      0.06263      0.56286      0.31236      0.02898      0.05553     -0.02680
FE      0.18751      0.68752      0.31249      0.00301      0.00125      0.01116
FE      0.18745      0.56235      0.43752      0.03964      0.03429      0.00358
FE      0.06243      0.68745      0.43756      0.00371     -0.00750      0.00878
FE      0.06263      0.56286      0.56263      0.02900      0.05596      0.02917
FE      0.18751      0.68752      0.56247      0.00679      0.00786     -0.00593
FE      0.18756      0.56252      0.68756      0.00973      0.00701      0.00651
FE      0.06247      0.68747      0.68747     -0.00578     -0.00272      0.00002
FE      0.06247      0.56251      0.81248     -0.00289      0.01267      0.00828
FE      0.18751      0.68753      0.81249     -0.00470     -0.00352     -0.00624
FE      0.18753      0.56247      0.93750      0.00236     -0.00170     -0.00099
FE      0.06247      0.68755      0.93757     -0.00212     -0.00053     -0.00372
FE      0.06248      0.81223      0.06248     -0.00083     -0.01665     -0.00339
FE      0.19010      0.93500      0.06247      0.05322     -0.07160     -0.00241
FE      0.18766      0.81210      0.18767      0.03047     -0.05540      0.03130
FE      0.06247      0.93500      0.19010     -0.00462     -0.07816      0.04814
FE      0.06250      0.81261      0.31240      0.00139     -0.03524      0.03558
FE      0.18768      0.93746      0.31269      0.04329     -0.03650      0.04556
FE      0.18753      0.81245      0.43754      0.00164     -0.01294      0.01274
FE      0.06244      0.93755      0.43756      0.00395     -0.00818      0.01101
FE      0.06250      0.81247      0.56250      0.00115     -0.00124      0.00100
FE      0.18754      0.93753      0.56247      0.01259     -0.00660     -0.00580
FE      0.18750      0.81245      0.68749     -0.00120     -0.01298     -0.01130
FE      0.06247      0.93753      0.68748     -0.00549     -0.01318     -0.00231
FE      0.06248      0.81261      0.81255     -0.00002     -0.03491     -0.03694
FE      0.18768      0.93746      0.81229      0.03647     -0.03169     -0.04173
FE      0.18767      0.81210      0.93737      0.03175     -0.05531     -0.02798
FE      0.06248      0.93500      0.93491     -0.00163     -0.07021     -0.06396
FE      0.31268      0.06248      0.06248     -0.00402      0.00011     -0.00307
FE      0.43756      0.18750      0.06252      0.01096      0.00620      0.00317
FE      0.43761      0.06249      0.18755      0.01306      0.00134      0.01259
FE      0.31272      0.18759      0.18765      0.06530      0.03106      0.01862
FE      0.31255      0.06245      0.31253      0.11531     -0.01283      0.10524
FE      0.43757      0.18752      0.31249      0.02579      0.00046      0.01233
FE      0.43768      0.06247      0.43768      0.03664     -0.00143      0.03665
FE      0.31255      0.18752      0.43757      0.02669     -0.00665      0.02508
FE      0.31255      0.06245      0.56247      0.01776     -0.01290     -0.00317
FE      0.43748      0.18754      0.56250     -0.00284      0.00234      0.00359
FE      0.43769      0.06249      0.68735      0.03681      0.00147     -0.03589
FE      0.31256      0.18752      0.68750      0.04199      0.00096     -0.00591
FE      0.31252      0.06249      0.81244      0.10515      0.00034     -0.10352
FE      0.43757      0.18750      0.81242      0.02557     -0.00103     -0.02261
FE      0.43761      0.06247      0.93749      0.01316     -0.00191     -0.01039
FE      0.31264      0.18757      0.93735      0.03797      0.02983     -0.03599
FE      0.31259      0.31235      0.06231      0.07382      0.03513     -0.03861
FE      0.43756      0.43759      0.06252      0.00888      0.01391      0.00295
FE      0.43755      0.31251      0.18747      0.01284      0.01247     -0.00781
FE      0.31253      0.43752      0.18748      0.03150      0.00805     -0.02197
FE      0.31261      0.31252      0.31249      0.01903      0.00701     -0.00378
FE      0.43753      0.43753      0.31246      0.00266      0.00429     -0.00614
FE      0.43752      0.31247      0.43752      0.00250     -0.00053      0.00258
FE      0.31252      0.43752      0.43753      0.00881      0.01081      0.00269
FE      0.31257      0.31247      0.56251      0.01117     -0.00166      0.01085
FE      0.43752      0.43752      0.56250      0.00105      0.00242      0.00371
FE      0.43752      0.31247      0.68756      0.00268     -0.00048      0.00585
FE      0.31253      0.43752      0.68754      0.02346      0.00312      0.01708
FE      0.31269      0.31253      0.81261      0.04323      0.00769      0.02755
FE      0.43753      0.43755      0.81244      0.00282      0.00540     -0.00443
FE      0.43754      0.31251      0.93753      0.01275      0.01251      0.00298
FE      0.31244      0.43754      0.93753      0.00187      0.01009      0.00604
FE      0.31250      0.56247      0.06248      0.00330     -0.00048     -0.00263
FE      0.43756      0.68748      0.06248      0.00882     -0.00912     -0.00091
FE      0.43752      0.56247      0.18752      0.00319     -0.00157      0.00247
FE      0.31249      0.68753      0.18751      0.00783     -0.00362     -0.00352
FE      0.31250      0.56251      0.31249      0.01072      0.01269      0.00064
FE      0.43753      0.68752      0.31249      0.00261     -0.00076     -0.00030
FE      0.43752      0.56249      0.43752      0.00143      0.00089      0.00138
FE      0.31252      0.68757      0.43753      0.00643      0.00985      0.00275
FE      0.31251      0.56251      0.56247      0.01201      0.01263     -0.00283
FE      0.43752      0.68752      0.56247      0.00097      0.00111     -0.00217
FE      0.43752      0.56247      0.68752      0.00144     -0.00157     -0.00019
FE      0.31249      0.68752      0.68751      0.00028      0.00118     -0.00136
FE      0.31248      0.56247      0.81248      0.00044     -0.00043      0.00083
FE      0.43753      0.68752      0.81248      0.00271     -0.00057     -0.00035
FE      0.43752      0.56249      0.93752      0.00311      0.00148      0.00011
FE      0.31248      0.68753      0.93753      0.00615     -0.00532      0.00607
FE      0.31242      0.81261      0.06248      0.03724     -0.03470     -0.00140
FE      0.43756      0.93753      0.06248      0.01114     -0.00662     -0.00100
FE      0.43755      0.81245      0.18750      0.01294     -0.01282     -0.00209
FE      0.31268      0.93746      0.18768      0.04238     -0.03195      0.03689
FE      0.31252      0.81243      0.31252      0.00916     -0.00741      0.00620
FE      0.43757      0.93753      0.31251      0.02571      0.00105      0.01804
FE      0.43752      0.81248      0.43752      0.00259      0.00016      0.00259
FE      0.31255      0.93748      0.43757      0.02483     -0.00926      0.02552
FE      0.31248      0.81249      0.56248      0.00052      0.00140     -0.00008
FE      0.43748      0.93750      0.56247     -0.00308     -0.00114     -0.00204
FE      0.43752      0.81248      0.68752      0.00256      0.00018      0.00026
FE      0.31252      0.93753      0.68747      0.01868     -0.00078     -0.02435
FE      0.31252      0.81243      0.81244      0.00722     -0.00753     -0.00849
FE      0.43757      0.93753      0.81245      0.02578      0.00095     -0.01869
FE      0.43754      0.81245      0.93753      0.01285     -0.01281      0.00292
FE      0.31268      0.93746      0.93736      0.04120     -0.03027     -0.03524
FE      0.56248      0.06248      0.06248     -0.00250      0.00020     -0.00258
FE      0.68745      0.18753      0.06243     -0.02666      0.00888     -0.02515
FE      0.68739      0.06243      0.18751     -0.01901     -0.00703      0.00380
FE      0.56243      0.18753      0.18751     -0.02589      0.00202     -0.01230
FE      0.56245      0.06245      0.31253     -0.01298     -0.01283      0.00774
FE      0.68728      0.18746      0.31235     -0.06585     -0.02909     -0.01858
FE      0.68741      0.06260      0.43769     -0.07399     -0.03540      0.03824
FE      0.56244      0.18755      0.43748     -0.01110     -0.00393     -0.00310
FE      0.56246      0.06245      0.56247     -0.01278     -0.01292     -0.00303
FE      0.68736      0.18748      0.56264     -0.03802     -0.02805      0.03581
FE      0.68731      0.06243      0.68739     -0.04317     -0.00745     -0.02749
FE      0.56243      0.18755      0.68758     -0.02555      0.00351      0.02259
FE      0.56248      0.06248      0.81244     -0.00268      0.00007     -0.00584
FE      0.68744      0.18753      0.81250     -0.04209      0.00142      0.00592
FE      0.68743      0.06249      0.93749     -0.01118      0.00159     -0.01087
FE      0.56252      0.18750      0.93750      0.00287     -0.00003     -0.00367
FE      0.56232      0.31248      0.06232     -0.03662      0.00071     -0.03664
FE      0.68745      0.43756      0.06243     -0.02472      0.01152     -0.02551
FE      0.68745      0.31251      0.18747     -0.11533      0.01217     -0.10529
FE      0.56243      0.43752      0.18749     -0.02564      0.00135     -0.01805
FE      0.56239      0.31247      0.31245     -0.01307     -0.00184     -0.01260
FE      0.68732      0.43759      0.31232     -0.04181      0.03393     -0.03699
FE      0.68732      0.31247      0.43752      0.00403     -0.00053      0.00307
FE      0.56244      0.43752      0.43752     -0.01106      0.00899      0.00097
FE      0.56239      0.31249      0.56251     -0.01315      0.00146      0.01041
FE      0.68732      0.43759      0.56264     -0.04111      0.03200      0.03535
FE      0.68748      0.31247      0.68756     -0.10513     -0.00076      0.10354
FE      0.56243      0.43752      0.68755     -0.02587      0.00147      0.01875
FE      0.56231      0.31247      0.81265     -0.03684     -0.00169      0.03585
FE      0.68748      0.43752      0.81253     -0.01867      0.00313      0.02431
FE      0.68745      0.31251      0.93753     -0.01783      0.01262      0.00310
FE      0.56252      0.43754      0.93753      0.00302      0.00347      0.00208
FE      0.56248      0.56247      0.06248     -0.00260     -0.00044     -0.00261
FE      0.68748      0.68748      0.06247     -0.00654     -0.00757     -0.00270
FE      0.68748      0.56252      0.18748     -0.00918      0.00721     -0.00623
FE      0.56247      0.68753      0.18751     -0.00261      0.00318      0.00030
FE      0.56245      0.56251      0.31250     -0.01283      0.01247      0.00215
FE      0.68751      0.68752      0.31249     -0.00780      0.00594      0.00355
FE      0.68758      0.56235      0.43752     -0.03710      0.03437      0.00179
FE      0.56244      0.68757      0.43752     -0.00886      0.01154      0.00096
FE      0.56246      0.56251      0.56247     -0.01284      0.01245     -0.00289
FE      0.68752      0.68752      0.56247     -0.00611      0.00770     -0.00605
FE      0.68748      0.56252      0.68756     -0.00730      0.00726      0.00841
FE      0.56247      0.68753      0.68752     -0.00273      0.00296      0.00035
FE      0.56248      0.56247      0.81248     -0.00259     -0.00048     -0.00029
FE      0.68751      0.68752      0.81249     -0.00027      0.00118      0.00135
FE      0.68752      0.56247      0.93752     -0.00051     -0.00171      0.00009
FE      0.56248      0.68752      0.93753     -0.00097      0.00132      0.00217
FE      0.56248      0.81247      0.06248     -0.00147     -0.00121     -0.00140
FE      0.68748      0.93752      0.06247     -0.00884     -0.00857     -0.00272
FE      0.68749      0.81245      0.18751     -0.01070     -0.01296     -0.00060
FE      0.56247      0.93752      0.18754     -0.00265     -0.00179      0.00610
FE      0.56248      0.81249      0.31248     -0.00319      0.00127     -0.00247
FE      0.68747      0.93753      0.31252     -0.03155     -0.00575      0.02195
FE      0.68750      0.81248      0.43752     -0.00331      0.00021      0.00260
FE      0.56244      0.93746      0.43748     -0.00881     -0.01161     -0.00307
FE      0.56248      0.81247      0.56248     -0.00314     -0.00179     -0.00014
FE      0.68756      0.93751      0.56247     -0.00198     -0.00766     -0.00601
FE      0.68752      0.81248      0.68752     -0.00046      0.00012     -0.00086
FE      0.56247      0.93750      0.68756     -0.00274     -0.00295      0.00436
FE      0.56248      0.81249      0.81248     -0.00142      0.00127      0.00020
FE      0.68747      0.93753      0.81246     -0.02337     -0.00074     -0.01709
FE      0.68749      0.81245      0.93753     -0.01192     -0.01291      0.00288
FE      0.56248      0.93752      0.93750     -0.00104     -0.00000     -0.00369
FE      0.81229      0.06244      0.06246      0.00562     -0.01400     -0.01256
FE      0.93490      0.19000      0.06244     -0.06632      0.04778     -0.01050
FE      0.93369      0.06258      0.19134     -0.08399     -0.04500      0.02445
FE      0.81212      0.18752      0.18749     -0.07744      0.00047     -0.00376
FE      0.81229      0.06210      0.31237     -0.13632     -0.05623      0.07418
FE      0.93736      0.18507      0.31011     -0.03864     -0.03237     -0.00079
FE      0.93750      0.06222      0.43761     -0.00823     -0.01720      0.01453
FE      0.80987      0.18500      0.43756     -0.06879     -0.07004      0.02204
FE      0.81230      0.06210      0.56262     -0.03721     -0.05493      0.02794
FE      0.93749      0.18500      0.56510     -0.00419     -0.06917      0.06300
FE      0.93749      0.06260      0.68737     -0.01059     -0.03563      0.02679
FE      0.81229      0.18746      0.68767     -0.05498     -0.02950      0.01871
FE      0.81246      0.06245      0.81247     -0.10275     -0.01294     -0.09298
FE      0.93736      0.18759      0.81233     -0.03547      0.02486     -0.03268
FE      0.93369      0.06247      0.93370     -0.08312     -0.00339     -0.08218
FE      0.81227      0.18759      0.93736     -0.04675      0.03134     -0.03563
FE      0.81251      0.31235      0.06239     -0.05028      0.03549     -0.01414
FE      0.93756      0.43750      0.06244     -0.00396      0.01059     -0.01090
FE      0.93739      0.31284      0.18747     -0.02471      0.05218      0.03785
FE      0.81232      0.43758      0.18731     -0.04338      0.03851     -0.04501
FE      0.80866      0.31251      0.30875     -0.08193      0.00811     -0.06538
FE      0.93754      0.44000      0.30989      0.00528      0.06273     -0.04677
PD      0.93751      0.31256      0.43751      0.00226      0.01503      0.00875
FE      0.80990      0.44001      0.43754     -0.05183      0.05615      0.00305
FE      0.80871      0.31248      0.56629     -0.07053     -0.00111      0.08083
FE      0.93753      0.44000      0.56510      0.00229      0.05849      0.06699
FE      0.93754      0.31251      0.68770      0.00381      0.01292     -0.01406
FE      0.81232      0.43759      0.68771     -0.03656      0.03457      0.04159
FE      0.81241      0.31252      0.81253     -0.01941      0.00691      0.00352
FE      0.93753      0.43752      0.81253      0.00540      0.01543      0.00231
FE      0.93738      0.31286      0.93738     -0.02835      0.05480     -0.02815
FE      0.81246      0.43752      0.93753     -0.01258      0.00910      0.00576
FE      0.81247      0.56251      0.06246     -0.00158      0.01251     -0.01262
FE      0.93757      0.68759      0.06244     -0.00364      0.00996     -0.00887
FE      0.93750      0.56235      0.18760     -0.00099      0.03487     -0.03545
FE      0.81249      0.68752      0.18751     -0.00298      0.00108     -0.01112
FE      0.81234      0.56286      0.31233     -0.02956      0.05450     -0.03039
FE      0.93753      0.68750      0.31253      0.00600     -0.00366      0.00189
FE      0.93752      0.56273      0.43752      0.00050      0.01518      0.00306
FE      0.81253      0.68750      0.43753     -0.00509      0.00097      0.00273
FE      0.81234      0.56286      0.56263     -0.03082      0.05508      0.02860
FE      0.93753      0.68750      0.56243      0.00208      0.00300      0.00373
FE      0.93752      0.56235      0.68746      0.00038      0.03480      0.03738
FE      0.81249      0.68752      0.68751      0.00473      0.00590      0.00625
FE      0.81250      0.56251      0.81251      0.00124      0.01272      0.01130
FE      0.93753      0.68757      0.81253      0.00587      0.00502     -0.00019
FE      0.93750      0.56249      0.93750     -0.00117      0.00095     -0.00103
FE      0.81249      0.68753      0.93753     -0.00683     -0.00540      0.00597
FE      0.81255      0.81261      0.06248     -0.03920     -0.03439     -0.00323
FE      0.93491      0.93495      0.06244     -0.06243     -0.08057     -0.00963
FE      0.93737      0.81210      0.18764     -0.02837     -0.05576      0.02772
FE      0.81230      0.93747      0.18769     -0.03663     -0.03376      0.03045
FE      0.81242      0.81243      0.31251     -0.01107     -0.00764      0.00459
FE      0.93735      0.93748      0.31272     -0.03528     -0.03063      0.03501
FE      0.93753      0.81245      0.43755      0.00309     -0.01313      0.01298
FE      0.81250      0.93755      0.43757     -0.02373     -0.00085      0.02625
FE      0.81247      0.81249      0.56250     -0.00234      0.00134      0.00101
FE      0.93750      0.93754      0.56244     -0.00378     -0.00195      0.00388
FE      0.93753      0.81245      0.68752      0.00294     -0.01302     -0.00820
FE      0.81247      0.93753      0.68747     -0.01375     -0.00559     -0.01679
FE      0.81244      0.81243      0.81244     -0.00977     -0.00746     -0.00656
FE      0.93736      0.93741      0.81233     -0.03548     -0.04141     -0.03454
FE      0.93737      0.81210      0.93737     -0.02855     -0.05572     -0.02872
FE      0.81229      0.93746      0.93735     -0.04159     -0.03008     -0.03552
