/* Converted from PWscf output file */ 
#L_UNITS ang 
#E_UNITS eV 
#S_UNITS GPA 
#F_UNITS EV/ANG 
#ALAT 	  13.68720     // a0 
#X 	   1.00000     0.00001     0.00000     // X 
#Y 	   0.00002     1.05665    -0.00000     // Y 
#Z 	   0.00000     0.00000     1.00003     // Z 
#SX 	  -0.07073    -0.00058    -0.00015     // SX 
#SY 	  -0.00058    -0.01546     0.00073     // SY 
#SZ 	  -0.00015     0.00073    -0.07204     // SZ 
#EPA 	  -4.25530     // Energy per Atom 
#C 	1 1 1 
#W 	1.0 
#RCUT 	6.5        // Rcut 
PD      0.06254      0.06223      0.06226      0.00015     -0.00491      0.00306
FE      0.19051      0.19003      0.06212      0.00967      0.00343      0.00051
FE      0.19181      0.06226      0.19134      0.01035     -0.00244      0.00566
FE      0.06302      0.18984      0.18962     -0.00121      0.00769      0.01150
FE      0.06280      0.06167      0.31224     -0.00104      0.00955      0.00792
FE      0.18862      0.18755      0.31254     -0.00346     -0.00770     -0.00161
FE      0.18799      0.06222      0.43769     -0.00151      0.01070      0.00091
FE      0.06533      0.18482      0.43765      0.00521      0.00454     -0.00054
FE      0.06288      0.06166      0.56288     -0.00029      0.00914      0.00012
FE      0.18821      0.18723      0.56302      0.00077     -0.00005     -0.00267
FE      0.18791      0.06226      0.68758      0.00594      0.00114      0.00252
FE      0.06302      0.18725      0.68801     -0.00254     -0.00109     -0.00100
FE      0.06252      0.06223      0.81244      0.00241      0.00223     -0.00581
FE      0.18838      0.18777      0.81224      0.00009     -0.01443      0.00101
FE      0.19165      0.06236      0.93340      0.01408     -0.00309     -0.00828
FE      0.06255      0.19012      0.93466      0.00290      0.00524     -0.00534
FE      0.06261      0.31291      0.06227      0.00062      0.00448     -0.00308
FE      0.18786      0.43771      0.06209      0.00374     -0.00127     -0.00009
FE      0.18885      0.31331      0.18692     -0.01521     -0.00514      0.01210
FE      0.06301      0.43791      0.18694     -0.00161     -0.00431      0.00343
FE      0.06671      0.31283      0.30883      0.00803     -0.00199     -0.01099
FE      0.18816      0.43803      0.31207      0.00059     -0.00873      0.00326
FE      0.18785      0.31269      0.43776      0.01160      0.00624      0.00216
FE      0.06533      0.44037      0.43772      0.00526      0.00943      0.00026
FE      0.06663      0.31251      0.56661      0.01003      0.01158      0.00993
FE      0.18816      0.43795      0.56302      0.00038     -0.00510     -0.00174
FE      0.18858      0.31270      0.68829     -0.01019      0.00779     -0.01222
FE      0.06302      0.43810      0.68795     -0.00109     -0.00766     -0.00268
FE      0.06264      0.31275      0.81234      0.00117     -0.00056      0.00392
FE      0.18787      0.43780      0.81273      0.00503     -0.00081     -0.00259
FE      0.18807      0.31330      0.93713      0.00317     -0.00549      0.00303
FE      0.06256      0.43765      0.93750      0.00141     -0.00099     -0.00095
FE      0.06254      0.56271      0.06226      0.00155      0.00681     -0.00105
FE      0.18759      0.68755      0.06241      0.00580     -0.00263     -0.00274
FE      0.18779      0.56271      0.18734      0.00409      0.00861      0.00060
FE      0.06250      0.68763      0.18740      0.00196     -0.00621      0.00107
FE      0.06288      0.56331      0.31218     -0.00283     -0.00615      0.00255
FE      0.18768      0.68753      0.31259      0.00506     -0.00570     -0.00204
FE      0.18788      0.56272      0.43759     -0.00063      0.00010      0.00290
FE      0.06249      0.68737      0.43770      0.00032     -0.00425      0.00183
FE      0.06289      0.56333      0.56289     -0.00192     -0.00601     -0.00222
FE      0.18769      0.68761      0.56250      0.00484     -0.00824      0.00175
FE      0.18780      0.56271      0.68769      0.00545      0.00898      0.00239
FE      0.06250      0.68747      0.68747      0.00192     -0.00472      0.00130
FE      0.06255      0.56271      0.81263      0.00194      0.00635     -0.00268
FE      0.18759      0.68745      0.81241      0.00751     -0.00215     -0.00085
FE      0.18766      0.56260      0.93748      0.00695      0.01233     -0.00003
FE      0.06251      0.68756      0.93750      0.00149     -0.00360     -0.00056
FE      0.06250      0.81203      0.06240      0.00104      0.00446     -0.00159
FE      0.19029      0.93465      0.06241      0.01193     -0.00293     -0.00132
FE      0.18797      0.81165      0.18789      0.00014      0.01274     -0.00518
FE      0.06249      0.93455      0.19012      0.00281     -0.00038      0.00662
FE      0.06253      0.81224      0.31277      0.00083      0.00884     -0.00534
FE      0.18815      0.93704      0.31305      0.00024     -0.00317     -0.00675
FE      0.18767      0.81226      0.43774      0.00568      0.00395      0.00088
FE      0.06250      0.93740      0.43764      0.00039     -0.00953      0.00136
FE      0.06253      0.81241      0.56252      0.00058      0.00107      0.00030
FE      0.18774      0.93732      0.56250      0.00480     -0.00932      0.00135
FE      0.18764      0.81226      0.68735      0.00639      0.00316      0.00291
FE      0.06251      0.93729      0.68752      0.00162     -0.00897      0.00239
FE      0.06251      0.81222      0.81220      0.00120      0.00915      0.00377
FE      0.18809      0.93711      0.81193      0.00320     -0.00773      0.00272
FE      0.18796      0.81166      0.93712      0.00075      0.01087      0.00057
FE      0.06249      0.93461      0.93464      0.00291     -0.00362     -0.00632
FE      0.31277      0.06238      0.06238      0.00771     -0.00412     -0.00356
FE      0.43764      0.18745      0.06238      0.00121     -0.00992     -0.00461
FE      0.43769      0.06237      0.18757      0.00163     -0.00147     -0.00161
FE      0.31344      0.18774      0.18769     -0.00390     -0.01121     -0.00354
FE      0.31369      0.06228      0.31341     -0.01331      0.00097     -0.01679
FE      0.43789      0.18759      0.31271     -0.00075     -0.00456     -0.00190
FE      0.43818      0.06240      0.43818     -0.00305      0.00297     -0.00324
FE      0.31292      0.18756      0.43788      0.00128     -0.00382     -0.00023
FE      0.31288      0.06227      0.56254      0.00332      0.00277      0.00188
FE      0.43762      0.18762      0.56256      0.00422     -0.00216      0.00070
FE      0.43818      0.06238      0.68695     -0.00359     -0.00195      0.00864
FE      0.31320      0.18753      0.68747      0.00125     -0.00477      0.00335
FE      0.31356      0.06240      0.81158     -0.00996     -0.00424      0.01637
FE      0.43789      0.18750      0.81226      0.00035     -0.00834      0.00129
FE      0.43770      0.06241      0.93737      0.00226     -0.00453     -0.00122
FE      0.31318      0.18771      0.93699      0.00069     -0.01341      0.00260
FE      0.31346      0.31272      0.06181     -0.00842     -0.00103      0.00349
FE      0.43771      0.43790      0.06237      0.00094      0.00019     -0.00390
FE      0.43774      0.31271      0.18740      0.00131      0.00642      0.00023
FE      0.31300      0.43780      0.18721      0.00041      0.00023      0.00092
FE      0.31289      0.31271      0.31255      0.00178      0.00790     -0.00240
FE      0.43759      0.43767      0.31244      0.00266      0.00140      0.00060
FE      0.43760      0.31258      0.43760      0.00342      0.01358      0.00334
FE      0.31265      0.43768      0.43758      0.00321      0.00093      0.00263
FE      0.31277      0.31260      0.56265      0.00581      0.01132      0.00235
FE      0.43755      0.43762      0.56256      0.00393      0.00291      0.00142
FE      0.43760      0.31258      0.68763      0.00437      0.01384      0.00248
FE      0.31291      0.43772      0.68779      0.00238      0.00275      0.00049
FE      0.31339      0.31272      0.81294     -0.00169      0.00727     -0.00567
FE      0.43759      0.43776      0.81254      0.00265      0.00536     -0.00009
FE      0.43773      0.31271      0.93746      0.00085      0.00675     -0.00068
FE      0.31271      0.43784      0.93750      0.00465      0.00166     -0.00195
FE      0.31263      0.56258      0.06240      0.00383      0.01351     -0.00348
FE      0.43770      0.68735      0.06246      0.00182     -0.00004     -0.00412
FE      0.43759      0.56260      0.18747      0.00214      0.01198     -0.00175
FE      0.31268      0.68745      0.18750      0.00235     -0.00179      0.00012
FE      0.31274      0.56271      0.31246      0.00226      0.00642     -0.00076
FE      0.43759      0.68754      0.31249      0.00286     -0.00623      0.00025
FE      0.43755      0.56257      0.43754      0.00341      0.00894      0.00320
FE      0.31271      0.68768      0.43759      0.00359     -0.00979      0.00235
FE      0.31274      0.56271      0.56255      0.00238      0.00621      0.00193
FE      0.43755      0.68758      0.56250      0.00395     -0.00736      0.00156
FE      0.43755      0.56260      0.68759      0.00342      0.01225      0.00355
FE      0.31259      0.68753      0.68750      0.00471     -0.00524      0.00242
FE      0.31260      0.56258      0.81251      0.00497      0.01359     -0.00065
FE      0.43759      0.68750      0.81245      0.00288     -0.00432     -0.00158
FE      0.43759      0.56257      0.93748      0.00215      0.01480     -0.00062
FE      0.31264      0.68741      0.93750      0.00360     -0.00071     -0.00185
FE      0.31283      0.81224      0.06245     -0.00196      0.00896     -0.00256
FE      0.43765      0.93742      0.06245      0.00134     -0.01301     -0.00408
FE      0.43774      0.81227      0.18756      0.00088      0.00368      0.00052
FE      0.31314      0.93711      0.18798     -0.00166     -0.00643     -0.00460
FE      0.31277      0.81227      0.31267      0.00258      0.00097     -0.00044
FE      0.43789      0.93734      0.31277     -0.00034     -0.01279     -0.00212
FE      0.43760      0.81239      0.43760      0.00373     -0.00323      0.00363
FE      0.31298      0.93720      0.43788      0.00088     -0.00869     -0.00076
FE      0.31264      0.81238      0.56251      0.00534     -0.00190      0.00106
FE      0.43762      0.93730      0.56250      0.00451     -0.01491      0.00084
FE      0.43760      0.81239      0.68748      0.00365     -0.00339      0.00105
FE      0.31288      0.93734      0.68718      0.00309     -0.01291      0.00487
FE      0.31273      0.81226      0.81227      0.00379      0.00134     -0.00036
FE      0.43790      0.93739      0.81217      0.00021     -0.01549      0.00004
FE      0.43774      0.81226      0.93746      0.00080      0.00360     -0.00217
FE      0.31311      0.93714      0.93699      0.00006     -0.00740      0.00239
FE      0.56240      0.06239      0.06240     -0.00346     -0.00317     -0.00340
FE      0.68709      0.18750      0.06212     -0.00108     -0.00720      0.00004
FE      0.68711      0.06227      0.18745     -0.00251      0.00031      0.00156
FE      0.56211      0.18747      0.18728      0.00067     -0.00671      0.00174
FE      0.56226      0.06227      0.31259     -0.00106      0.00353      0.00006
FE      0.68655      0.18730      0.31231      0.00417      0.00148      0.00259
FE      0.68653      0.06225      0.43819      0.00778      0.00950     -0.00418
FE      0.56235      0.18761      0.43762     -0.00150     -0.00170      0.00431
FE      0.56226      0.06226      0.56254     -0.00061      0.00360      0.00135
FE      0.68681      0.18733      0.56301     -0.00067      0.00470     -0.00287
FE      0.68661      0.06227      0.68707      0.00092     -0.00035      0.00560
FE      0.56211      0.18757      0.68774     -0.00046     -0.00392     -0.00117
FE      0.56239      0.06239      0.81237     -0.00448     -0.00301     -0.00229
FE      0.68680      0.18753      0.81253     -0.00108     -0.00477     -0.00317
FE      0.68723      0.06238      0.93735     -0.00625     -0.00271     -0.00261
FE      0.56238      0.18744      0.93744     -0.00442     -0.00859     -0.00053
FE      0.56182      0.31255      0.06182      0.00286      0.01033      0.00300
FE      0.68703      0.43786      0.06211     -0.00127     -0.00184      0.00132
FE      0.68631      0.31271      0.18659      0.01367      0.00474      0.01669
FE      0.56211      0.43773      0.18723      0.00065      0.00171      0.00169
FE      0.56231      0.31260      0.31243     -0.00184      0.01216      0.00118
FE      0.68687      0.43794      0.31202      0.00096     -0.00384      0.00545
FE      0.68723      0.31255      0.43761     -0.00758      0.01289      0.00345
FE      0.56236      0.43764      0.43755     -0.00079      0.00138      0.00383
FE      0.56230      0.31256      0.56263     -0.00245      0.01466      0.00106
FE      0.68690      0.43789      0.56301     -0.00029     -0.00118     -0.00194
FE      0.68644      0.31258      0.68842      0.01017      0.01320     -0.01617
FE      0.56210      0.43769      0.68782      0.00017      0.00299     -0.00041
FE      0.56182      0.31260      0.81305      0.00356      0.01200     -0.00862
FE      0.68713      0.43772      0.81281     -0.00312      0.00365     -0.00447
FE      0.68712      0.31271      0.93746     -0.00240      0.00596     -0.00127
FE      0.56238      0.43776      0.93750     -0.00398      0.00406     -0.00111
FE      0.56240      0.56258      0.06240     -0.00360      0.01340     -0.00349
FE      0.68729      0.68738      0.06241     -0.00324     -0.00111     -0.00255
FE      0.68723      0.56271      0.18733     -0.00159      0.00755      0.00141
FE      0.56242      0.68753      0.18751     -0.00269     -0.00507      0.00011
FE      0.56227      0.56271      0.31245     -0.00109      0.00658     -0.00082
FE      0.68733      0.68761      0.31250     -0.00233     -0.00903      0.00048
FE      0.68719      0.56272      0.43755      0.00294     -0.00034      0.00326
FE      0.56230      0.68771      0.43755     -0.00101     -0.01131      0.00373
FE      0.56227      0.56271      0.56254     -0.00094      0.00665      0.00145
FE      0.68737      0.68765      0.56250     -0.00364     -0.01014      0.00206
FE      0.68727      0.56272      0.68772     -0.00278      0.00835      0.00054
FE      0.56241      0.68757      0.68754     -0.00262     -0.00670      0.00128
FE      0.56240      0.56258      0.81252     -0.00356      0.01370     -0.00121
FE      0.68741      0.68753      0.81250     -0.00473     -0.00552     -0.00260
FE      0.68736      0.56260      0.93748     -0.00493      0.01185     -0.00087
FE      0.56246      0.68749      0.93749     -0.00398     -0.00365     -0.00146
FE      0.56245      0.81241      0.06245     -0.00323      0.00104     -0.00295
FE      0.68734      0.93737      0.06241     -0.00344     -0.01208     -0.00300
FE      0.68726      0.81226      0.18754     -0.00308      0.00251      0.00049
FE      0.56241      0.93740      0.18756     -0.00303     -0.01273     -0.00033
FE      0.56241      0.81237      0.31253     -0.00190     -0.00188      0.00215
FE      0.68699      0.93725      0.31279     -0.00014     -0.00941     -0.00156
FE      0.68737      0.81239      0.43760     -0.00397     -0.00373      0.00358
FE      0.56230      0.93716      0.43762     -0.00189     -0.01123      0.00476
FE      0.56242      0.81241      0.56251     -0.00196     -0.00453      0.00080
FE      0.68729      0.93722      0.56250     -0.00435     -0.01206      0.00142
FE      0.68740      0.81239      0.68749     -0.00525     -0.00378      0.00037
FE      0.56241      0.93731      0.68746     -0.00321     -0.01601      0.00061
FE      0.56245      0.81237      0.81241     -0.00334     -0.00191     -0.00357
FE      0.68709      0.93734      0.81221     -0.00251     -0.01350     -0.00093
FE      0.68727      0.81226      0.93745     -0.00340      0.00278     -0.00262
FE      0.56246      0.93744      0.93743     -0.00422     -0.01368     -0.00144
FE      0.81214      0.06223      0.06223     -0.01145      0.00332     -0.00208
FE      0.93465      0.19006      0.06234     -0.00329      0.00420      0.00056
FE      0.93328      0.06208      0.19115     -0.00828      0.00944      0.01115
FE      0.81138      0.18750      0.18746      0.00348     -0.00715      0.00094
FE      0.81114      0.06164      0.31305      0.01546      0.01037     -0.01026
FE      0.93697      0.18505      0.31038      0.00269     -0.00019     -0.01270
FE      0.93740      0.06201      0.43773     -0.00193      0.00405      0.00173
FE      0.80949      0.18485      0.43787     -0.01028      0.00641     -0.00016
FE      0.81190      0.06167      0.56287     -0.00174      0.01097     -0.00061
FE      0.93744      0.18477      0.56532     -0.00237      0.00357      0.00721
FE      0.93736      0.06221      0.68768     -0.00208      0.00894     -0.00428
FE      0.81162      0.18730      0.68776     -0.00083     -0.00012      0.00056
FE      0.81142      0.06224      0.81170      0.01028      0.00563      0.01288
FE      0.93698      0.18779      0.81200      0.00176     -0.01079      0.00228
FE      0.93337      0.06236      0.93339     -0.01013      0.00338     -0.00997
FE      0.81179      0.18781      0.93697     -0.00004     -0.01174      0.00182
FE      0.81203      0.31273      0.06230      0.00100     -0.00021     -0.00212
FE      0.93751      0.43766      0.06236     -0.00046     -0.00234     -0.00087
FE      0.93720      0.31326      0.18773      0.00302     -0.00511     -0.00652
FE      0.81186      0.43800      0.18696      0.00091     -0.00727      0.00549
FE      0.80819      0.31269      0.30865     -0.01013      0.00623     -0.00593
FE      0.93751      0.44033      0.30986     -0.00278      0.00997     -0.00579
PD      0.93746      0.31270      0.43773      0.00016     -0.00317     -0.00347
FE      0.80971      0.44023      0.43759     -0.01080      0.01274      0.00102
FE      0.80835      0.31258      0.56660     -0.01388      0.01099      0.00827
FE      0.93752      0.44028      0.56537     -0.00314      0.01266      0.00461
FE      0.93747      0.31270      0.68755     -0.00175      0.00607      0.00681
FE      0.81190      0.43795      0.68808     -0.00168     -0.00628     -0.00400
FE      0.81210      0.31271      0.81243     -0.00606      0.00880     -0.00267
FE      0.93750      0.43777      0.81247     -0.00198     -0.00245     -0.00192
FE      0.93712      0.31332      0.93712      0.00203     -0.00547      0.00160
FE      0.81226      0.43775      0.93750     -0.00392     -0.00232     -0.00178
FE      0.81234      0.56270      0.06227     -0.00600      0.00629     -0.00112
FE      0.93751      0.68769      0.06230     -0.00088     -0.00754     -0.00108
FE      0.93748      0.56273      0.18725     -0.00014     -0.00030      0.00635
FE      0.81232      0.68753      0.18741     -0.00507     -0.00581      0.00262
FE      0.81206      0.56330      0.31214     -0.00224     -0.00599      0.00304
FE      0.93750      0.68743      0.31261     -0.00176     -0.00509     -0.00059
FE      0.93750      0.56288      0.43760      0.00022      0.00416      0.00286
FE      0.81242      0.68751      0.43759     -0.00555     -0.00882      0.00298
FE      0.81207      0.56331      0.56288     -0.00234     -0.00580     -0.00289
FE      0.93750      0.68751      0.56249     -0.00143     -0.00780      0.00036
FE      0.93749      0.56273      0.68778     -0.00027      0.00057     -0.00347
FE      0.81241      0.68761      0.68759     -0.00716     -0.00923      0.00023
FE      0.81237      0.56271      0.81265     -0.00664      0.00612     -0.00372
FE      0.93750      0.68759      0.81252     -0.00215     -0.00672     -0.00164
FE      0.93747      0.56257      0.93748     -0.00034      0.00888     -0.00014
FE      0.81231      0.68746      0.93750     -0.00518     -0.00347     -0.00162
FE      0.81211      0.81223      0.06241      0.00095      0.00976     -0.00203
FE      0.93468      0.93451      0.06228     -0.00664     -0.00021     -0.00051
FE      0.93712      0.81166      0.18785      0.00057      0.01073     -0.00418
FE      0.81184      0.93703      0.18791     -0.00231     -0.00508     -0.00193
FE      0.81220      0.81226      0.31266     -0.00394      0.00114      0.00042
FE      0.93699      0.93712      0.31306      0.00200     -0.00467     -0.00419
FE      0.93746      0.81226      0.43774     -0.00227      0.00338      0.00090
FE      0.81213      0.93736      0.43790     -0.00459     -0.01153      0.00046
FE      0.81234      0.81237      0.56252     -0.00697     -0.00197      0.00008
FE      0.93743      0.93741      0.56250     -0.00134     -0.01007      0.00079
FE      0.93745      0.81226      0.68737     -0.00263      0.00260      0.00162
FE      0.81213      0.93726      0.68727     -0.00598     -0.01048      0.00308
FE      0.81220      0.81225      0.81231     -0.00537      0.00136     -0.00228
FE      0.93697      0.93693      0.81205      0.00229     -0.00294      0.00134
FE      0.93711      0.81164      0.93710      0.00025      0.00916      0.00050
FE      0.81184      0.93709      0.93698     -0.00173     -0.00637      0.00260
