/* Converted from PWscf output file */ 
#L_UNITS ang 
#E_UNITS eV 
#S_UNITS GPA 
#F_UNITS EV/ANG 
#ALAT 	   6.88843     // a0 
#X 	   1.00000     0.00000     0.00000     // X 
#Y 	   0.00000     1.05346     0.00000     // Y 
#Z 	   0.00000     0.00000     1.00000     // Z 
#SX 	   0.96937     0.00000     0.00000     // SX 
#SY 	   0.00000     1.23742     0.00000     // SY 
#SZ 	   0.00000     0.00000     0.96937     // SZ 
#EPA 	  -4.22744     // Energy per Atom 
#C 	1 1 1 
#W 	20.0 
#RCUT 	6.5        // Rcut 
PD      0.00000      0.00000      0.00000      0.00000      0.00000      0.00000
FE      0.25324      0.25331      0.00000      0.27683      0.25628      0.00000
FE      0.25564      0.00000      0.25564      0.24883      0.00000      0.24883
FE      0.00000      0.25331      0.25324      0.00000      0.25628      0.27683
FE      0.00000      0.00000      0.50000      0.00000      0.00000      0.00000
FE      0.25041      0.25053      0.50000      0.00690      0.00391      0.00000
FE      0.25564      0.00000      0.74436      0.24883     -0.00000     -0.24883
FE      0.00000      0.25331      0.74676      0.00000      0.25628     -0.27683
FE      0.00000      0.50000      0.00000      0.00000      0.00000      0.00000
FE      0.25324      0.74669      0.00000      0.27683     -0.25628     -0.00000
FE      0.25043      0.50000      0.25043      0.01057      0.00000      0.01057
FE      0.00000      0.74669      0.25324      0.00000     -0.25628      0.27683
FE      0.00000      0.50000      0.50000      0.00000      0.00000      0.00000
FE      0.25041      0.74947      0.50000      0.00690     -0.00391      0.00000
FE      0.25043      0.50000      0.74957      0.01057      0.00000     -0.01057
FE      0.00000      0.74669      0.74676      0.00000     -0.25628     -0.27683
FE      0.50000      0.00000      0.00000      0.00000      0.00000      0.00000
FE      0.74676      0.25331      0.00000     -0.27683      0.25628     -0.00000
FE      0.74436      0.00000      0.25564     -0.24883      0.00000      0.24883
FE      0.50000      0.25053      0.25041      0.00000      0.00391      0.00690
FE      0.50000      0.00000      0.50000      0.00000      0.00000      0.00000
FE      0.74959      0.25053      0.50000     -0.00690      0.00391      0.00000
FE      0.74436      0.00000      0.74436     -0.24883     -0.00000     -0.24883
FE      0.50000      0.25053      0.74959      0.00000      0.00391     -0.00690
FE      0.50000      0.50000      0.00000      0.00000      0.00000      0.00000
FE      0.74676      0.74669      0.00000     -0.27683     -0.25628      0.00000
FE      0.74957      0.50000      0.25043     -0.01057     -0.00000      0.01057
FE      0.50000      0.74947      0.25041      0.00000     -0.00391      0.00690
FE      0.50000      0.50000      0.50000      0.00000      0.00000      0.00000
FE      0.74959      0.74947      0.50000     -0.00690     -0.00391      0.00000
FE      0.74957      0.50000      0.74957     -0.01057     -0.00000     -0.01057
FE      0.50000      0.74947      0.74959      0.00000     -0.00391     -0.00690
