/* Converted from PWscf output file */ 
#L_UNITS ang 
#E_UNITS eV 
#S_UNITS GPA 
#F_UNITS EV/ANG 
#ALAT 	  13.67994     // a0 
#X 	   1.00000     0.00000     0.00000     // X 
#Y 	   0.00000     1.05163     0.00000     // Y 
#Z 	   0.00000     0.00000     1.00000     // Z 
#SX 	  -2.15064     0.06125    -0.08838     // SX 
#SY 	   0.06125    -1.44334     0.07817     // SY 
#SZ 	  -0.08838     0.07817    -2.20985     // SZ 
#EPA 	  -3.71922     // Energy per Atom 
#C 	1 1 1 
#W 	1.0 
#RCUT 	6.5        // Rcut 
PD      0.14254      0.10961      0.17531      0.36907     -0.38866      0.18769
FE      0.05875      0.06218      0.32112      0.01127      0.00352     -0.01627
FE      0.18843      0.19044      0.32144     -0.04693      0.04693      0.01460
FE      0.18682      0.06235      0.44213      0.00056      0.08587     -0.05351
FE      0.06250      0.18834      0.44245     -0.00805     -0.06538     -0.03173
FE      0.06232      0.06231      0.56973      0.03366     -0.02967      0.00147
FE      0.18766      0.18789      0.56981     -0.03140      0.02872     -0.00339
FE      0.18822      0.06181      0.68790      0.05282     -0.00549      0.02945
FE      0.06166      0.18831      0.68794     -0.05038      0.00934      0.02901
FE      0.06536      0.31054      0.31723     -0.09414      0.05649     -0.07164
FE      0.18774      0.43543      0.31754     -0.09777      0.02355     -0.05473
FE      0.18812      0.31346      0.44122      0.00017     -0.06183     -0.04243
FE      0.06339      0.43696      0.43857      0.00927     -0.00963     -0.03505
FE      0.06283      0.31343      0.56786     -0.06111      0.02711      0.09820
FE      0.18855      0.43885      0.56822     -0.05805      0.00388     -0.01144
FE      0.18873      0.31434      0.68746      0.00286      0.00532      0.01585
FE      0.06033      0.43920      0.68624      0.01613     -0.01701     -0.00873
FE      0.06485      0.56171      0.31451     -0.00355     -0.00154      0.00184
FE      0.18475      0.68827      0.31455      0.00148      0.00023     -0.00026
FE      0.18637      0.56198      0.43713      0.06789      0.04805      0.07001
FE      0.06337      0.68809      0.43715     -0.06832     -0.04792      0.07173
FE      0.06158      0.56283      0.56620      0.03070     -0.00230      0.03020
FE      0.18826      0.68721      0.56606     -0.02709      0.01093      0.02395
FE      0.18880      0.56345      0.68617     -0.00230     -0.02049     -0.05258
FE      0.06133      0.68655      0.68621     -0.00025      0.02845     -0.05335
FE      0.06184      0.81406      0.31720      0.09311     -0.02454     -0.05355
FE      0.18295      0.94092      0.31394      0.06577     -0.00102     -0.17316
FE      0.18629      0.81357      0.43792     -0.02595      0.02137     -0.04554
FE      0.06186      0.93715      0.44062      0.00627      0.05239     -0.04767
FE      0.06139      0.81128      0.56798      0.06267      0.00762     -0.02214
FE      0.18692      0.93677      0.56771      0.05999     -0.02168      0.08670
FE      0.18963      0.81090      0.68603     -0.01658      0.02112     -0.00891
FE      0.06128      0.93567      0.68752     -0.00242     -0.00449      0.01055
FE      0.30764      0.06622      0.31223     -0.00319     -0.06385     -0.17264
FE      0.43571      0.18834      0.31719     -0.04235     -0.09960     -0.00940
FE      0.43415      0.06249      0.43420      0.04327      0.03976     -0.05369
FE      0.31216      0.18816      0.44186     -0.01745     -0.02440     -0.17649
FE      0.31241      0.06214      0.56661      0.00272     -0.02074      0.06326
FE      0.43855      0.18723      0.56605      0.02877      0.01071     -0.04271
FE      0.43801      0.06252      0.68599      0.10905     -0.02097      0.00573
FE      0.31467      0.18764      0.68590      0.00083      0.03964      0.14980
FE      0.31126      0.31149      0.31709     -0.04421      0.01212      0.04556
FE      0.43549      0.43722      0.31471     -0.00897     -0.02677     -0.05787
FE      0.43748      0.31314      0.43699     -0.02384     -0.07544     -0.09872
FE      0.31254      0.43783      0.43665     -0.02269     -0.06175      0.05622
FE      0.31417      0.31318      0.56793     -0.10196      0.05047     -0.04576
FE      0.43904      0.43780      0.56328     -0.00905      0.03068      0.00756
FE      0.44031      0.31313      0.68459      0.01876      0.04916      0.12667
FE      0.31592      0.43981      0.68553      0.03043     -0.04736      0.04359
FE      0.30836      0.56133      0.31473      0.02675      0.06823     -0.06679
FE      0.43393      0.68780      0.31302      0.00462      0.04716     -0.08569
FE      0.43588      0.56333      0.43222      0.06351     -0.07155     -0.01169
FE      0.31042      0.68740      0.43344      0.03616      0.03903      0.09753
FE      0.31430      0.56277      0.56414     -0.09099      0.04432      0.03045
FE      0.43852      0.68790      0.55990     -0.06183     -0.02371      0.07464
FE      0.44192      0.56331      0.68249     -0.01928      0.00025     -0.00382
FE      0.31621      0.68688      0.68428     -0.00211      0.00397     -0.01865
FE      0.30740      0.81292      0.31478      0.03492      0.09247     -0.03879
FE      0.43445      0.93841      0.31504     -0.04583      0.04891     -0.01666
FE      0.43563      0.81275      0.43152      0.05789      0.03828      0.00759
FE      0.31012      0.93794      0.43638     -0.00402      0.08546     -0.11795
FE      0.31380      0.81271      0.56326     -0.09397     -0.05559      0.06861
FE      0.43771      0.93847      0.56236     -0.05643     -0.08398      0.01487
FE      0.43933      0.81162      0.68290      0.03576     -0.00436      0.01277
FE      0.31480      0.93663      0.68594      0.02709     -0.02881      0.00330
FE      0.56161      0.06317      0.31469     -0.02524      0.00111      0.03059
FE      0.68840      0.18684      0.31483      0.02758      0.00081      0.03720
FE      0.68857      0.06306      0.43527     -0.11877     -0.01573     -0.04768
FE      0.56114      0.18678      0.43527      0.12279      0.01358     -0.03995
FE      0.56198      0.06271      0.56355     -0.01138     -0.04397     -0.04504
FE      0.68744      0.18716      0.56411      0.00440      0.04809     -0.02837
FE      0.68559      0.06228      0.68509      0.00379     -0.01846      0.03106
FE      0.56380      0.18753      0.68528     -0.02175      0.01832      0.03608
FE      0.56075      0.31050      0.31398      0.01919      0.06489      0.00555
FE      0.68724      0.43600      0.31238      0.05693      0.00274     -0.00095
FE      0.68756      0.31154      0.43359      0.02062      0.01403     -0.06052
FE      0.56260      0.43699      0.43214     -0.04354      0.00624     -0.00894
FE      0.56327      0.31215      0.56357      0.07406      0.03410     -0.01873
FE      0.68798      0.43704      0.55992     -0.00318      0.02647      0.04759
FE      0.68824      0.31271      0.68500     -0.07713      0.01739     -0.03384
FE      0.56519      0.43860      0.68224     -0.03589     -0.05230      0.04124
FE      0.56126      0.56261      0.31227     -0.00869     -0.02038     -0.00338
FE      0.68877      0.68739      0.31232      0.00661      0.02295     -0.00281
FE      0.68832      0.56151      0.42946     -0.04520      0.07992      0.04223
FE      0.56154      0.68860      0.42934      0.03970     -0.07648      0.03906
FE      0.56303      0.56247      0.55765      0.00452      0.03085      0.09641
FE      0.68674      0.68765      0.55778     -0.01151     -0.03034      0.09122
FE      0.68579      0.56294      0.68057      0.02922     -0.01473      0.02470
FE      0.56379      0.68725      0.68053     -0.03446      0.01725      0.02475
FE      0.56264      0.81407      0.31220     -0.05920      0.00209     -0.00232
FE      0.68913      0.93953      0.31415     -0.01693     -0.05668      0.01107
FE      0.68725      0.81313      0.43211      0.03943     -0.00572     -0.00883
FE      0.56186      0.93854      0.43331     -0.02153     -0.00790     -0.06829
FE      0.56174      0.81303      0.55967     -0.00559     -0.01948      0.04540
FE      0.68648      0.93783      0.56346     -0.07657     -0.03865     -0.02210
FE      0.68450      0.81144      0.68208      0.02904      0.05877      0.03888
FE      0.56129      0.93718      0.68465      0.06042     -0.01713     -0.03834
FE      0.81453      0.06169      0.31712      0.05444      0.10182     -0.00866
FE      0.94022      0.18548      0.31648     -0.01932      0.11297     -0.06089
FE      0.93748      0.06200      0.44231     -0.03151      0.03428     -0.13048
FE      0.81448      0.18758      0.43556     -0.07598     -0.03406     -0.02326
FE      0.81107      0.06261      0.56639     -0.04154     -0.01049     -0.03167
FE      0.93712      0.18800      0.56705     -0.01883      0.02005      0.07835
FE      0.93528      0.06231      0.68577     -0.00050     -0.03776      0.14717
FE      0.81162      0.18733      0.68629     -0.11151      0.02391      0.01236
FE      0.81508      0.31193      0.31511      0.03994     -0.03647     -0.01452
FE      0.94214      0.43707      0.31517     -0.04644     -0.09340     -0.02867
FE      0.93876      0.31260      0.43737     -0.00891     -0.06175     -0.09543
FE      0.81395      0.43735      0.43199     -0.06537     -0.02900      0.01900
FE      0.81161      0.31166      0.56312      0.04104      0.08875      0.03302
FE      0.93588      0.43746      0.56375      0.08192      0.06392      0.08349
FE      0.93496      0.31342      0.68602     -0.02735      0.02987      0.00863
FE      0.81029      0.43853      0.68330     -0.04371      0.00777      0.01852
FE      0.81591      0.56216      0.31308     -0.00444     -0.04233     -0.08364
FE      0.94126      0.68870      0.31481     -0.02946     -0.07190     -0.06442
FE      0.93936      0.56271      0.43371     -0.03952     -0.02981      0.10583
FE      0.81393      0.68675      0.43247     -0.06580      0.07781     -0.01673
FE      0.81124      0.56221      0.56013      0.05949      0.02531      0.07988
FE      0.93563      0.68723      0.56433      0.08906     -0.03591      0.03260
FE      0.93366      0.56323      0.68444     -0.00022      0.00186     -0.01754
FE      0.80786      0.68679      0.68258      0.01844      0.00360     -0.00260
FE      0.81437      0.81289      0.31468      0.01326      0.03676     -0.05784
FE      0.93888      0.93859      0.31720      0.04205     -0.02100      0.03835
FE      0.93734      0.81221      0.43668      0.02971      0.05913      0.05326
FE      0.81260      0.93693      0.43706      0.01460      0.07539     -0.09764
FE      0.81084      0.81224      0.56329      0.00767     -0.02641      0.00914
FE      0.93587      0.93682      0.56800      0.10090     -0.04821     -0.04176
FE      0.93410      0.81018      0.68538     -0.02564      0.05286      0.04138
FE      0.80949      0.93677      0.68464     -0.02000     -0.05019      0.12582
