/* Converted from PWscf output file */ 
#L_UNITS ang 
#E_UNITS eV 
#S_UNITS GPA 
#F_UNITS EV/ANG 
#ALAT 	   7.00978     // a0 
#X 	   1.00000     0.00002    -0.00000     // X 
#Y 	   0.00002     1.05317     0.00002     // Y 
#Z 	  -0.00000     0.00002     1.00000     // Z 
#SX 	  -0.22517    -0.00525    -0.00160     // SX 
#SY 	  -0.00525    -0.21934    -0.00525     // SY 
#SZ 	  -0.00160    -0.00525    -0.22517     // SZ 
#EPA 	  -4.16306     // Energy per Atom 
#C 	1 1 1 
#W 	20.0 
#RCUT 	6.5        // Rcut 
PD     -0.00828     -0.00659     -0.00828     -0.00354     -0.01034     -0.00354
PD      0.25817      0.25637     -0.00825      0.00266      0.01286     -0.00111
PD      0.25820     -0.00649      0.25820      0.00186     -0.00820      0.00186
PD     -0.00825      0.25637      0.25817     -0.00111      0.01286      0.00266
FE     -0.00701     -0.00518      0.51065      0.00501     -0.01017     -0.01609
FE      0.25699      0.25534      0.51039     -0.00495      0.00233     -0.00037
FE      0.25704     -0.00525      0.73958     -0.00641     -0.00674      0.00579
FE     -0.00707      0.25535      0.73953      0.00648      0.00287      0.01219
FE     -0.00553      0.50840     -0.00553     -0.00351     -0.01127     -0.00351
FE      0.25569      0.74172     -0.00556     -0.00154      0.00505     -0.00334
FE      0.25558      0.50818      0.25558      0.00029      0.00511      0.00029
FE     -0.00556      0.74172      0.25569     -0.00334      0.00505     -0.00154
FE     -0.00170      0.50570      0.50632     -0.00050      0.00212     -0.00638
FE      0.25179      0.74416      0.50634     -0.00263      0.00442     -0.00868
FE      0.25185      0.50585      0.74369     -0.00229     -0.00732      0.00745
FE     -0.00167      0.74398      0.74349     -0.00261      0.01438      0.01681
FE      0.51065     -0.00518     -0.00701     -0.01609     -0.01017      0.00501
FE      0.73953      0.25535     -0.00707      0.01219      0.00287      0.00648
FE      0.73958     -0.00525      0.25704      0.00579     -0.00674     -0.00641
FE      0.51039      0.25534      0.25699     -0.00037      0.00233     -0.00495
FE      0.50810     -0.00162      0.50810      0.00778     -0.00401      0.00778
FE      0.74190      0.25182      0.50825     -0.00444     -0.00261     -0.00169
FE      0.74171     -0.00160      0.74171      0.00983     -0.00793      0.00983
FE      0.50825      0.25182      0.74190     -0.00169     -0.00261     -0.00444
FE      0.50632      0.50570     -0.00170     -0.00638      0.00212     -0.00050
FE      0.74349      0.74398     -0.00167      0.01681      0.01438     -0.00261
FE      0.74369      0.50585      0.25185      0.00745     -0.00732     -0.00229
FE      0.50634      0.74416      0.25179     -0.00868      0.00442     -0.00263
FE      0.50176      0.50169      0.50176     -0.00406      0.00367     -0.00406
FE      0.74812      0.74831      0.50179      0.00163     -0.00366     -0.00292
FE      0.74815      0.50172      0.74815     -0.00068      0.00592     -0.00068
FE      0.50179      0.74831      0.74812     -0.00292     -0.00366      0.00163
