/* Converted from PWscf output file */ 
#L_UNITS ang 
#E_UNITS eV 
#S_UNITS GPA 
#F_UNITS EV/ANG 
#ALAT 	   7.02975     // a0 
#X 	   1.00000    -0.00007    -0.00013     // X 
#Y 	  -0.00008     1.05275    -0.00008     // Y 
#Z 	  -0.00013    -0.00007     1.00000     // Z 
#SX 	  -1.57605     0.00029     0.00948     // SX 
#SY 	   0.00029    -0.69010     0.00029     // SY 
#SZ 	   0.00948     0.00029    -1.57605     // SZ 
#EPA 	  -4.14211     // Energy per Atom 
#C 	1 1 1 
#W 	20.0 
#RCUT 	6.5        // Rcut 
PD     -0.00936     -0.00764     -0.00936     -0.23818     -0.17904     -0.23818
PD      0.25797      0.25634     -0.00856      0.03263     -0.03654     -0.17430
PD      0.25785     -0.00682      0.25785     -0.01514     -0.13885     -0.01514
PD     -0.00856      0.25634      0.25797     -0.17430     -0.03654      0.03263
FE     -0.00679     -0.00422      0.51016     -0.27302     -0.18959      0.40973
FE      0.25713      0.25506      0.51027      0.24876      0.15641      0.35862
FE      0.25737     -0.00387      0.73995      0.01220     -0.19983     -0.12610
FE     -0.00626      0.25511      0.73962     -0.28285     -0.00450     -0.20764
FE     -0.00477      0.50797     -0.00477     -0.20375      0.32763     -0.20375
FE      0.25573      0.74188     -0.00443      0.02509     -0.11651     -0.21296
FE      0.25527      0.50790      0.25527      0.17414      0.28157      0.17414
FE     -0.00443      0.74188      0.25573     -0.21296     -0.11651      0.02509
FE     -0.00122      0.50515      0.50579     -0.07066      0.23288      0.25446
FE      0.25134      0.74424      0.50547      0.06010     -0.21241      0.26416
FE      0.25162      0.50502      0.74398      0.04982      0.25432     -0.23933
FE     -0.00116      0.74456      0.74391     -0.06872     -0.04567     -0.07848
FE      0.51016     -0.00422     -0.00679      0.40973     -0.18959     -0.27302
FE      0.73962      0.25511     -0.00626     -0.20764     -0.00450     -0.28285
FE      0.73995     -0.00387      0.25737     -0.12610     -0.19983      0.01220
FE      0.51027      0.25506      0.25713      0.35862      0.15641      0.24876
FE      0.50855     -0.00048      0.50855      0.32788     -0.05958      0.32788
FE      0.74118      0.25118      0.50838     -0.35858      0.03719      0.37589
FE      0.74154     -0.00053      0.74154     -0.08922     -0.05831     -0.08922
FE      0.50838      0.25118      0.74118      0.37589      0.03719     -0.35858
FE      0.50579      0.50515     -0.00122      0.25446      0.23288     -0.07066
FE      0.74391      0.74456     -0.00116     -0.07848     -0.04567     -0.06872
FE      0.74398      0.50502      0.25162     -0.23933      0.25432      0.04982
FE      0.50547      0.74424      0.25134      0.26416     -0.21241      0.06010
FE      0.50123      0.50053      0.50123      0.07517      0.06622      0.07517
FE      0.74864      0.74884      0.50115     -0.06096     -0.02926      0.07567
FE      0.74844      0.50052      0.74844     -0.04440      0.06738     -0.04440
FE      0.50115      0.74884      0.74864      0.07567     -0.02926     -0.06096
