/* Converted from PWscf output file */ 
#L_UNITS ang 
#E_UNITS eV 
#S_UNITS GPA 
#F_UNITS EV/ANG 
#ALAT 	   6.88626     // a0 
#X 	   1.00000     0.00000     0.00000     // X 
#Y 	   0.00000     1.05388     0.00000     // Y 
#Z 	   0.00000     0.00000     1.00000     // Z 
#SX 	   0.80895     0.32813    -0.46872     // SX 
#SY 	   0.32813     0.82135    -0.37319     // SY 
#SZ 	  -0.46872    -0.37319     0.80137     // SZ 
#EPA 	  -4.21212     // Energy per Atom 
#C 	1 1 1 
#W 	20.0 
#RCUT 	6.5        // Rcut 
PD     -0.02123     -0.02075      0.02355      2.71768      2.65966     -2.98723
FE      0.25521      0.25520      0.00000     -0.29760     -0.32544      0.02648
FE      0.25703      0.00000      0.25703      0.01970      0.00033     -0.05952
FE      0.00000      0.25520      0.25521     -0.00588     -0.01094     -0.07843
FE      0.00000      0.00000      0.50000      0.01659     -0.00350      0.07972
FE      0.25049      0.25094      0.50000     -0.00835     -0.00975      0.01779
FE      0.25703      0.00000      0.74297     -0.40416     -0.02572      0.40414
FE      0.00000      0.25520      0.74479     -0.02386     -0.32916      0.30030
FE      0.00000      0.50000      0.00000      0.01148     -0.05983     -0.01296
FE      0.25521      0.74480      0.00000      0.00535      0.04661      0.01183
FE      0.25085      0.50000      0.25085     -0.01299     -0.00277      0.01037
FE      0.00000      0.74480      0.25521      0.07981     -0.97982      0.86118
FE      0.00000      0.50000      0.50000      0.00604     -0.05633      0.03969
FE      0.25049      0.74906      0.50000      0.01608     -0.00135      0.03133
FE      0.25085      0.50000      0.74915      0.00130      0.00283     -0.00086
FE      0.00000      0.74480      0.74479     -0.01271      0.07268      0.01954
FE      0.50000      0.00000      0.00000     -0.07120     -0.00345     -0.01811
FE      0.74479      0.25520      0.00000      0.09625     -0.04051      0.00864
FE      0.74297      0.00000      0.25703     -1.12539      0.10509      1.10828
FE      0.50000      0.25094      0.25049     -0.03157     -0.00812      0.00059
FE      0.50000      0.00000      0.50000     -0.11412      0.00387      0.12645
FE      0.74951      0.25094      0.50000     -0.00081     -0.00640      0.03436
FE      0.74297      0.00000      0.74297      0.11850     -0.00466      0.05310
FE      0.50000      0.25094      0.74951     -0.01514     -0.01130      0.00902
FE      0.50000      0.50000      0.00000     -0.03546     -0.05605     -0.00656
FE      0.74479      0.74480      0.00000     -0.79662     -0.89312     -0.07978
FE      0.74915      0.50000      0.25085     -0.00703     -0.02290      0.00851
FE      0.50000      0.74906      0.25049     -0.05774     -0.01996      0.02939
FE      0.50000      0.50000      0.50000     -0.00180      0.00131      0.00205
FE      0.74951      0.74906      0.50000     -0.03007     -0.02059      0.06265
FE      0.74915      0.50000      0.74915     -0.00974     -0.00168      0.01245
FE      0.50000      0.74906      0.74951     -0.02653      0.00098     -0.01438
