/* Converted from PWscf output file */ 
#L_UNITS ang 
#E_UNITS eV 
#S_UNITS GPA 
#F_UNITS EV/ANG 
#ALAT 	   6.88551     // a0 
#X 	   1.00000     0.00000     0.00000     // X 
#Y 	   0.00000     1.05416     0.00000     // Y 
#Z 	   0.00000     0.00000     1.00000     // Z 
#SX 	   0.06227     0.00000     0.00000     // SX 
#SY 	   0.00000     0.00963     0.00000     // SY 
#SZ 	   0.00000     0.00000     0.06227     // SZ 
#EPA 	  -4.22932     // Energy per Atom 
#C 	1 1 1 
#W 	20.0 
#RCUT 	6.5        // Rcut 
PD      0.00000      0.00000      0.00000      0.00000      0.00000      0.00000
FE      0.25521      0.25520      0.00000     -0.00541      0.00308      0.00000
FE      0.25703      0.00000      0.25703     -0.00705      0.00000     -0.00705
FE      0.00000      0.25520      0.25521      0.00000      0.00308     -0.00541
FE      0.00000      0.00000      0.50000      0.00000      0.00000      0.00000
FE      0.25049      0.25094      0.50000     -0.00020      0.00479      0.00000
FE      0.25703      0.00000      0.74297     -0.00705     -0.00000      0.00705
FE      0.00000      0.25520      0.74479      0.00000      0.00308      0.00541
FE      0.00000      0.50000      0.00000      0.00000      0.00000      0.00000
FE      0.25521      0.74480      0.00000     -0.00541     -0.00308      0.00000
FE      0.25085      0.50000      0.25085      0.00461     -0.00000      0.00461
FE      0.00000      0.74480      0.25521      0.00000     -0.00308     -0.00541
FE      0.00000      0.50000      0.50000      0.00000      0.00000      0.00000
FE      0.25049      0.74906      0.50000     -0.00020     -0.00479      0.00000
FE      0.25085      0.50000      0.74915      0.00461      0.00000     -0.00461
FE      0.00000      0.74480      0.74479      0.00000     -0.00308      0.00541
FE      0.50000      0.00000      0.00000      0.00000      0.00000      0.00000
FE      0.74479      0.25520      0.00000      0.00541      0.00308      0.00000
FE      0.74297      0.00000      0.25703      0.00705     -0.00000     -0.00705
FE      0.50000      0.25094      0.25049      0.00000      0.00479     -0.00020
FE      0.50000      0.00000      0.50000      0.00000      0.00000      0.00000
FE      0.74951      0.25094      0.50000      0.00020      0.00479      0.00000
FE      0.74297      0.00000      0.74297      0.00705      0.00000      0.00705
FE      0.50000      0.25094      0.74951      0.00000      0.00479      0.00020
FE      0.50000      0.50000      0.00000      0.00000      0.00000      0.00000
FE      0.74479      0.74480      0.00000      0.00541     -0.00308      0.00000
FE      0.74915      0.50000      0.25085     -0.00461      0.00000      0.00461
FE      0.50000      0.74906      0.25049      0.00000     -0.00479     -0.00020
FE      0.50000      0.50000      0.50000      0.00000      0.00000      0.00000
FE      0.74951      0.74906      0.50000      0.00020     -0.00479      0.00000
FE      0.74915      0.50000      0.74915     -0.00461     -0.00000     -0.00461
FE      0.50000      0.74906      0.74951      0.00000     -0.00479      0.00020
