/* Converted from PWscf output file */ 
#L_UNITS ang 
#E_UNITS eV 
#S_UNITS GPA 
#F_UNITS EV/ANG 
#ALAT 	   6.88626     // a0 
#X 	   1.00000     0.00000     0.00000     // X 
#Y 	   0.00000     1.05388     0.00000     // Y 
#Z 	   0.00000     0.00000     1.00000     // Z 
#SX 	   0.09611     0.06898     0.01692     // SX 
#SY 	   0.06898     0.12090     0.01954     // SY 
#SZ 	   0.01692     0.01954     0.09523     // SZ 
#EPA 	  -4.22869     // Energy per Atom 
#C 	1 1 1 
#W 	20.0 
#RCUT 	6.5        // Rcut 
PD     -0.00767     -0.01069     -0.00220      0.87176      1.20970      0.25009
FE      0.25521      0.25520      0.00000     -0.16648     -0.17845     -0.00175
FE      0.25703      0.00000      0.25703     -0.13282     -0.00429     -0.13943
FE      0.00000      0.25520      0.25521     -0.00554     -0.13814     -0.13604
FE      0.00000      0.00000      0.50000      0.00670     -0.00246     -0.00740
FE      0.25049      0.25094      0.50000     -0.00848     -0.00585     -0.00257
FE      0.25703      0.00000      0.74297     -0.07692     -0.00238      0.09113
FE      0.00000      0.25520      0.74479     -0.00478     -0.09924      0.10741
FE      0.00000      0.50000      0.00000      0.00460     -0.03318      0.00138
FE      0.25521      0.74480      0.00000      0.05610     -0.03311     -0.00042
FE      0.25085      0.50000      0.25085      0.00034     -0.00202      0.00291
FE      0.00000      0.74480      0.25521      0.00055     -0.11213      0.12233
FE      0.00000      0.50000      0.50000      0.00183     -0.02771     -0.00344
FE      0.25049      0.74906      0.50000      0.00587     -0.00036     -0.00350
FE      0.25085      0.50000      0.74915     -0.00088     -0.00260     -0.00381
FE      0.00000      0.74480      0.74479      0.00255     -0.18552     -0.18212
FE      0.50000      0.00000      0.00000     -0.02591     -0.00198      0.00193
FE      0.74479      0.25520      0.00000      0.06656     -0.04229     -0.00087
FE      0.74297      0.00000      0.25703     -0.06596      0.00393      0.08763
FE      0.50000      0.25094      0.25049     -0.00989     -0.00388     -0.00719
FE      0.50000      0.00000      0.50000     -0.04198      0.00179     -0.01205
FE      0.74951      0.25094      0.50000      0.00566     -0.00264     -0.00327
FE      0.74297      0.00000      0.74297     -0.14879      0.00733     -0.16285
FE      0.50000      0.25094      0.74951     -0.01062     -0.00293      0.00653
FE      0.50000      0.50000      0.00000     -0.01207     -0.02777      0.00060
FE      0.74479      0.74480      0.00000     -0.26531     -0.29027      0.00164
FE      0.74915      0.50000      0.25085     -0.00431     -0.00429     -0.00066
FE      0.50000      0.74906      0.25049     -0.01339     -0.00340      0.00748
FE      0.50000      0.50000      0.50000     -0.00114      0.00108     -0.00024
FE      0.74951      0.74906      0.50000     -0.00928     -0.00665     -0.00451
FE      0.74915      0.50000      0.74915     -0.00346     -0.00509     -0.00058
FE      0.50000      0.74906      0.74951     -0.01449     -0.00521     -0.00838
