/* Converted from PWscf output file */ 
#L_UNITS ang 
#E_UNITS eV 
#S_UNITS GPA 
#F_UNITS EV/ANG 
#ALAT 	  13.67994     // a0 
#X 	   1.00000     0.00000     0.00000     // X 
#Y 	   0.00000     1.05163     0.00000     // Y 
#Z 	   0.00000     0.00000     1.00000     // Z 
#SX 	  -2.15779     0.06125    -0.08838     // SX 
#SY 	   0.06125    -1.45034     0.07817     // SY 
#SZ 	  -0.08838     0.07817    -2.21729     // SZ 
#EPA 	  -3.71922     // Energy per Atom 
#C 	1 1 1 
#W 	1.0 
#RCUT 	6.5        // Rcut 
PD      0.14254      0.10961      0.17531      0.36918     -0.38872      0.18686
FE      0.05875      0.06218      0.32112      0.01125      0.00347     -0.01601
FE      0.18843      0.19044      0.32144     -0.04688      0.04708      0.01476
FE      0.18682      0.06235      0.44213      0.00050      0.08581     -0.05343
FE      0.06250      0.18834      0.44245     -0.00802     -0.06542     -0.03159
FE      0.06232      0.06231      0.56973      0.03365     -0.02966      0.00152
FE      0.18766      0.18789      0.56981     -0.03142      0.02869     -0.00352
FE      0.18822      0.06181      0.68790      0.05284     -0.00551      0.02928
FE      0.06166      0.18831      0.68794     -0.05038      0.00932      0.02857
FE      0.06536      0.31054      0.31723     -0.09416      0.05652     -0.07138
FE      0.18774      0.43543      0.31754     -0.09787      0.02358     -0.05466
FE      0.18812      0.31346      0.44122      0.00013     -0.06178     -0.04230
FE      0.06339      0.43696      0.43857      0.00922     -0.00964     -0.03504
FE      0.06283      0.31343      0.56786     -0.06112      0.02716      0.09811
FE      0.18855      0.43885      0.56822     -0.05804      0.00387     -0.01145
FE      0.18873      0.31434      0.68746      0.00289      0.00544      0.01572
FE      0.06033      0.43920      0.68624      0.01602     -0.01697     -0.00894
FE      0.06485      0.56171      0.31451     -0.00367     -0.00159      0.00207
FE      0.18475      0.68827      0.31455      0.00150      0.00019     -0.00022
FE      0.18637      0.56198      0.43713      0.06786      0.04808      0.07011
FE      0.06337      0.68809      0.43715     -0.06839     -0.04791      0.07178
FE      0.06158      0.56283      0.56620      0.03067     -0.00234      0.03022
FE      0.18826      0.68721      0.56606     -0.02713      0.01105      0.02383
FE      0.18880      0.56345      0.68617     -0.00229     -0.02053     -0.05264
FE      0.06133      0.68655      0.68621     -0.00018      0.02857     -0.05357
FE      0.06184      0.81406      0.31720      0.09304     -0.02456     -0.05336
FE      0.18295      0.94092      0.31394      0.06568     -0.00103     -0.17317
FE      0.18629      0.81357      0.43792     -0.02593      0.02132     -0.04549
FE      0.06186      0.93715      0.44062      0.00627      0.05239     -0.04751
FE      0.06139      0.81128      0.56798      0.06269      0.00762     -0.02204
FE      0.18692      0.93677      0.56771      0.05993     -0.02172      0.08661
FE      0.18963      0.81090      0.68603     -0.01648      0.02119     -0.00873
FE      0.06128      0.93567      0.68752     -0.00244     -0.00459      0.01009
FE      0.30764      0.06622      0.31223     -0.00312     -0.06393     -0.17239
FE      0.43571      0.18834      0.31719     -0.04237     -0.09949     -0.00945
FE      0.43415      0.06249      0.43420      0.04330      0.03973     -0.05348
FE      0.31216      0.18816      0.44186     -0.01738     -0.02420     -0.17623
FE      0.31241      0.06214      0.56661      0.00275     -0.02076      0.06329
FE      0.43855      0.18723      0.56605      0.02881      0.01073     -0.04279
FE      0.43801      0.06252      0.68599      0.10900     -0.02091      0.00583
FE      0.31467      0.18764      0.68590      0.00079      0.03967      0.14940
FE      0.31126      0.31149      0.31709     -0.04411      0.01206      0.04580
FE      0.43549      0.43722      0.31471     -0.00912     -0.02676     -0.05790
FE      0.43748      0.31314      0.43699     -0.02380     -0.07546     -0.09866
FE      0.31254      0.43783      0.43665     -0.02263     -0.06175      0.05628
FE      0.31417      0.31318      0.56793     -0.10197      0.05054     -0.04585
FE      0.43904      0.43780      0.56328     -0.00899      0.03071      0.00752
FE      0.44031      0.31313      0.68459      0.01884      0.04925      0.12667
FE      0.31592      0.43981      0.68553      0.03035     -0.04735      0.04343
FE      0.30836      0.56133      0.31473      0.02680      0.06834     -0.06659
FE      0.43393      0.68780      0.31302      0.00469      0.04714     -0.08579
FE      0.43588      0.56333      0.43222      0.06356     -0.07151     -0.01158
FE      0.31042      0.68740      0.43344      0.03621      0.03900      0.09754
FE      0.31430      0.56277      0.56414     -0.09099      0.04432      0.03047
FE      0.43852      0.68790      0.55990     -0.06184     -0.02370      0.07460
FE      0.44192      0.56331      0.68249     -0.01929      0.00018     -0.00389
FE      0.31621      0.68688      0.68428     -0.00206      0.00400     -0.01869
FE      0.30740      0.81292      0.31478      0.03501      0.09236     -0.03852
FE      0.43445      0.93841      0.31504     -0.04578      0.04880     -0.01676
FE      0.43563      0.81275      0.43152      0.05795      0.03823      0.00771
FE      0.31012      0.93794      0.43638     -0.00405      0.08530     -0.11788
FE      0.31380      0.81271      0.56326     -0.09393     -0.05562      0.06865
FE      0.43771      0.93847      0.56236     -0.05637     -0.08410      0.01480
FE      0.43933      0.81162      0.68290      0.03580     -0.00443      0.01294
FE      0.31480      0.93663      0.68594      0.02702     -0.02887      0.00296
FE      0.56161      0.06317      0.31469     -0.02503      0.00114      0.03067
FE      0.68840      0.18684      0.31483      0.02758      0.00086      0.03728
FE      0.68857      0.06306      0.43527     -0.11880     -0.01580     -0.04753
FE      0.56114      0.18678      0.43527      0.12285      0.01364     -0.03989
FE      0.56198      0.06271      0.56355     -0.01137     -0.04397     -0.04499
FE      0.68744      0.18716      0.56411      0.00429      0.04808     -0.02847
FE      0.68559      0.06228      0.68509      0.00382     -0.01848      0.03108
FE      0.56380      0.18753      0.68528     -0.02178      0.01825      0.03585
FE      0.56075      0.31050      0.31398      0.01907      0.06499      0.00581
FE      0.68724      0.43600      0.31238      0.05688      0.00281     -0.00099
FE      0.68756      0.31154      0.43359      0.02065      0.01406     -0.06046
FE      0.56260      0.43699      0.43214     -0.04350      0.00631     -0.00888
FE      0.56327      0.31215      0.56357      0.07413      0.03411     -0.01871
FE      0.68798      0.43704      0.55992     -0.00319      0.02645      0.04756
FE      0.68824      0.31271      0.68500     -0.07710      0.01740     -0.03377
FE      0.56519      0.43860      0.68224     -0.03587     -0.05225      0.04117
FE      0.56126      0.56261      0.31227     -0.00857     -0.02027     -0.00332
FE      0.68877      0.68739      0.31232      0.00671      0.02296     -0.00288
FE      0.68832      0.56151      0.42946     -0.04520      0.07995      0.04229
FE      0.56154      0.68860      0.42934      0.03979     -0.07650      0.03905
FE      0.56303      0.56247      0.55765      0.00457      0.03088      0.09637
FE      0.68674      0.68765      0.55778     -0.01152     -0.03033      0.09112
FE      0.68579      0.56294      0.68057      0.02927     -0.01464      0.02481
FE      0.56379      0.68725      0.68053     -0.03439      0.01722      0.02478
FE      0.56264      0.81407      0.31220     -0.05856      0.00241     -0.00229
FE      0.68913      0.93953      0.31415     -0.01694     -0.05676      0.01102
FE      0.68725      0.81313      0.43211      0.03938     -0.00580     -0.00861
FE      0.56186      0.93854      0.43331     -0.02143     -0.00795     -0.06828
FE      0.56174      0.81303      0.55967     -0.00564     -0.01954      0.04542
FE      0.68648      0.93783      0.56346     -0.07657     -0.03875     -0.02224
FE      0.68450      0.81144      0.68208      0.02898      0.05868      0.03893
FE      0.56129      0.93718      0.68465      0.06045     -0.01717     -0.03857
FE      0.81453      0.06169      0.31712      0.05437      0.10179     -0.00831
FE      0.94022      0.18548      0.31648     -0.01933      0.11298     -0.06080
FE      0.93748      0.06200      0.44231     -0.03157      0.03425     -0.13042
FE      0.81448      0.18758      0.43556     -0.07603     -0.03400     -0.02327
FE      0.81107      0.06261      0.56639     -0.04157     -0.01049     -0.03167
FE      0.93712      0.18800      0.56705     -0.01882      0.02004      0.07821
FE      0.93528      0.06231      0.68577     -0.00055     -0.03777      0.14707
FE      0.81162      0.18733      0.68629     -0.11150      0.02384      0.01205
FE      0.81508      0.31193      0.31511      0.03989     -0.03649     -0.01424
FE      0.94214      0.43707      0.31517     -0.04647     -0.09335     -0.02864
FE      0.93876      0.31260      0.43737     -0.00898     -0.06176     -0.09538
FE      0.81395      0.43735      0.43199     -0.06543     -0.02894      0.01900
FE      0.81161      0.31166      0.56312      0.04105      0.08881      0.03294
FE      0.93588      0.43746      0.56375      0.08185      0.06393      0.08343
FE      0.93496      0.31342      0.68602     -0.02742      0.02996      0.00859
FE      0.81029      0.43853      0.68330     -0.04376      0.00782      0.01838
FE      0.81591      0.56216      0.31308     -0.00462     -0.04224     -0.08347
FE      0.94126      0.68870      0.31481     -0.02914     -0.07197     -0.06445
FE      0.93936      0.56271      0.43371     -0.03963     -0.02978      0.10587
FE      0.81393      0.68675      0.43247     -0.06582      0.07780     -0.01674
FE      0.81124      0.56221      0.56013      0.05940      0.02529      0.07983
FE      0.93563      0.68723      0.56433      0.08902     -0.03589      0.03248
FE      0.93366      0.56323      0.68444     -0.00033      0.00186     -0.01755
FE      0.80786      0.68679      0.68258      0.01837      0.00364     -0.00274
FE      0.81437      0.81289      0.31468      0.01317      0.03662     -0.05767
FE      0.93888      0.93859      0.31720      0.04202     -0.02109      0.03833
FE      0.93734      0.81221      0.43668      0.02959      0.05907      0.05334
FE      0.81260      0.93693      0.43706      0.01455      0.07529     -0.09768
FE      0.81084      0.81224      0.56329      0.00760     -0.02645      0.00919
FE      0.93587      0.93682      0.56800      0.10088     -0.04825     -0.04189
FE      0.93410      0.81018      0.68538     -0.02573      0.05282      0.04143
FE      0.80949      0.93677      0.68464     -0.02006     -0.05024      0.12556
