/* Converted from PWscf output file */ 
#L_UNITS ang 
#E_UNITS eV 
#S_UNITS GPA 
#F_UNITS EV/ANG 
#ALAT 	  13.67994     // a0 
#X 	   1.00000     0.00000     0.00000     // X 
#Y 	   0.00000     1.05163     0.00000     // Y 
#Z 	   0.00000     0.00000     1.00000     // Z 
#SX 	  -2.14598     0.06038    -0.08823     // SX 
#SY 	   0.06038    -1.43882     0.07671     // SY 
#SZ 	  -0.08823     0.07671    -2.21029     // SZ 
#EPA 	  -3.71919     // Energy per Atom 
#C 	1 1 1 
#W 	1.0 
#RCUT 	6.5        // Rcut 
PD      0.14222      0.10965      0.17490      0.36668     -0.37547      0.24342
FE      0.05875      0.06218      0.32112      0.02369      0.01051     -0.03487
FE      0.18843      0.19044      0.32144     -0.05635      0.02821     -0.01550
FE      0.18682      0.06235      0.44213      0.00055      0.08591     -0.05482
FE      0.06250      0.18834      0.44245     -0.00761     -0.06606     -0.03263
FE      0.06232      0.06231      0.56973      0.03369     -0.02969      0.00143
FE      0.18766      0.18789      0.56981     -0.03142      0.02866     -0.00345
FE      0.18822      0.06181      0.68790      0.05281     -0.00550      0.02956
FE      0.06166      0.18831      0.68794     -0.05039      0.00937      0.02909
FE      0.06536      0.31054      0.31723     -0.09419      0.05644     -0.07235
FE      0.18774      0.43543      0.31754     -0.09767      0.02382     -0.05491
FE      0.18812      0.31346      0.44122      0.00008     -0.06247     -0.04294
FE      0.06339      0.43696      0.43857      0.00927     -0.00973     -0.03513
FE      0.06283      0.31343      0.56786     -0.06111      0.02728      0.09844
FE      0.18855      0.43885      0.56822     -0.05801      0.00382     -0.01143
FE      0.18873      0.31434      0.68746      0.00285      0.00541      0.01585
FE      0.06033      0.43920      0.68624      0.01611     -0.01706     -0.00872
FE      0.06485      0.56171      0.31451     -0.00352     -0.00154      0.00182
FE      0.18475      0.68827      0.31455      0.00151      0.00017     -0.00031
FE      0.18637      0.56198      0.43713      0.06791      0.04801      0.07003
FE      0.06337      0.68809      0.43715     -0.06834     -0.04795      0.07169
FE      0.06158      0.56283      0.56620      0.03073     -0.00228      0.03021
FE      0.18826      0.68721      0.56606     -0.02707      0.01094      0.02393
FE      0.18880      0.56345      0.68617     -0.00231     -0.02052     -0.05253
FE      0.06133      0.68655      0.68621     -0.00025      0.02847     -0.05331
FE      0.06184      0.81406      0.31720      0.09309     -0.02450     -0.05360
FE      0.18295      0.94092      0.31394      0.06542     -0.00093     -0.17346
FE      0.18629      0.81357      0.43792     -0.02594      0.02120     -0.04546
FE      0.06186      0.93715      0.44062      0.00637      0.05255     -0.04759
FE      0.06139      0.81128      0.56798      0.06265      0.00755     -0.02202
FE      0.18692      0.93677      0.56771      0.06004     -0.02166      0.08670
FE      0.18963      0.81090      0.68603     -0.01659      0.02111     -0.00893
FE      0.06128      0.93567      0.68752     -0.00242     -0.00448      0.01062
FE      0.30764      0.06622      0.31223     -0.00438     -0.06382     -0.17268
FE      0.43571      0.18834      0.31719     -0.04255     -0.09947     -0.00939
FE      0.43415      0.06249      0.43420      0.04337      0.03976     -0.05389
FE      0.31216      0.18816      0.44186     -0.01773     -0.02473     -0.17730
FE      0.31241      0.06214      0.56661      0.00284     -0.02079      0.06326
FE      0.43855      0.18723      0.56605      0.02880      0.01075     -0.04263
FE      0.43801      0.06252      0.68599      0.10902     -0.02098      0.00571
FE      0.31467      0.18764      0.68590      0.00082      0.03964      0.14985
FE      0.31126      0.31149      0.31709     -0.04365      0.01257      0.04550
FE      0.43549      0.43722      0.31471     -0.00907     -0.02682     -0.05798
FE      0.43748      0.31314      0.43699     -0.02389     -0.07551     -0.09868
FE      0.31254      0.43783      0.43665     -0.02263     -0.06171      0.05620
FE      0.31417      0.31318      0.56793     -0.10193      0.05051     -0.04560
FE      0.43904      0.43780      0.56328     -0.00903      0.03070      0.00759
FE      0.44031      0.31313      0.68459      0.01876      0.04918      0.12667
FE      0.31592      0.43981      0.68553      0.03039     -0.04739      0.04356
FE      0.30836      0.56133      0.31473      0.02672      0.06825     -0.06675
FE      0.43393      0.68780      0.31302      0.00458      0.04718     -0.08573
FE      0.43588      0.56333      0.43222      0.06349     -0.07153     -0.01173
FE      0.31042      0.68740      0.43344      0.03622      0.03898      0.09749
FE      0.31430      0.56277      0.56414     -0.09103      0.04429      0.03045
FE      0.43852      0.68790      0.55990     -0.06182     -0.02370      0.07466
FE      0.44192      0.56331      0.68249     -0.01927      0.00026     -0.00381
FE      0.31621      0.68688      0.68428     -0.00209      0.00399     -0.01863
FE      0.30740      0.81292      0.31478      0.03496      0.09265     -0.03881
FE      0.43445      0.93841      0.31504     -0.04577      0.04868     -0.01675
FE      0.43563      0.81275      0.43152      0.05790      0.03830      0.00755
FE      0.31012      0.93794      0.43638     -0.00418      0.08561     -0.11822
FE      0.31380      0.81271      0.56326     -0.09397     -0.05552      0.06863
FE      0.43771      0.93847      0.56236     -0.05639     -0.08398      0.01492
FE      0.43933      0.81162      0.68290      0.03577     -0.00436      0.01281
FE      0.31480      0.93663      0.68594      0.02710     -0.02878      0.00335
FE      0.56161      0.06317      0.31469     -0.02532      0.00106      0.03066
FE      0.68840      0.18684      0.31483      0.02754      0.00083      0.03708
FE      0.68857      0.06306      0.43527     -0.11876     -0.01571     -0.04771
FE      0.56114      0.18678      0.43527      0.12290      0.01362     -0.03992
FE      0.56198      0.06271      0.56355     -0.01146     -0.04397     -0.04500
FE      0.68744      0.18716      0.56411      0.00423      0.04802     -0.02833
FE      0.68559      0.06228      0.68509      0.00381     -0.01849      0.03111
FE      0.56380      0.18753      0.68528     -0.02176      0.01828      0.03604
FE      0.56075      0.31050      0.31398      0.01926      0.06485      0.00556
FE      0.68724      0.43600      0.31238      0.05696      0.00272     -0.00099
FE      0.68756      0.31154      0.43359      0.02066      0.01402     -0.06061
FE      0.56260      0.43699      0.43214     -0.04354      0.00626     -0.00893
FE      0.56327      0.31215      0.56357      0.07404      0.03410     -0.01872
FE      0.68798      0.43704      0.55992     -0.00319      0.02647      0.04761
FE      0.68824      0.31271      0.68500     -0.07713      0.01740     -0.03380
FE      0.56519      0.43860      0.68224     -0.03589     -0.05230      0.04125
FE      0.56126      0.56261      0.31227     -0.00867     -0.02036     -0.00341
FE      0.68877      0.68739      0.31232      0.00663      0.02298     -0.00285
FE      0.68832      0.56151      0.42946     -0.04519      0.07996      0.04217
FE      0.56154      0.68860      0.42934      0.03972     -0.07649      0.03906
FE      0.56303      0.56247      0.55765      0.00452      0.03086      0.09641
FE      0.68674      0.68765      0.55778     -0.01153     -0.03034      0.09123
FE      0.68579      0.56294      0.68057      0.02923     -0.01474      0.02471
FE      0.56379      0.68725      0.68053     -0.03446      0.01725      0.02477
FE      0.56264      0.81407      0.31220     -0.05936      0.00204     -0.00229
FE      0.68913      0.93953      0.31415     -0.01694     -0.05669      0.01103
FE      0.68725      0.81313      0.43211      0.03941     -0.00572     -0.00892
FE      0.56186      0.93854      0.43331     -0.02142     -0.00790     -0.06827
FE      0.56174      0.81303      0.55967     -0.00559     -0.01949      0.04539
FE      0.68648      0.93783      0.56346     -0.07662     -0.03862     -0.02207
FE      0.68450      0.81144      0.68208      0.02901      0.05879      0.03889
FE      0.56129      0.93718      0.68465      0.06041     -0.01710     -0.03837
FE      0.81453      0.06169      0.31712      0.05419      0.10175     -0.00852
FE      0.94022      0.18548      0.31648     -0.01861      0.11269     -0.06256
FE      0.93748      0.06200      0.44231     -0.03126      0.03427     -0.13053
FE      0.81448      0.18758      0.43556     -0.07567     -0.03404     -0.02365
FE      0.81107      0.06261      0.56639     -0.04148     -0.01045     -0.03171
FE      0.93712      0.18800      0.56705     -0.01890      0.02006      0.07849
FE      0.93528      0.06231      0.68577     -0.00049     -0.03779      0.14725
FE      0.81162      0.18733      0.68629     -0.11145      0.02388      0.01233
FE      0.81508      0.31193      0.31511      0.03980     -0.03638     -0.01443
FE      0.94214      0.43707      0.31517     -0.04659     -0.09323     -0.02873
FE      0.93876      0.31260      0.43737     -0.00882     -0.06194     -0.09537
FE      0.81395      0.43735      0.43199     -0.06539     -0.02898      0.01893
FE      0.81161      0.31166      0.56312      0.04106      0.08873      0.03301
FE      0.93588      0.43746      0.56375      0.08190      0.06395      0.08356
FE      0.93496      0.31342      0.68602     -0.02734      0.02990      0.00864
FE      0.81029      0.43853      0.68330     -0.04370      0.00775      0.01851
FE      0.81591      0.56216      0.31308     -0.00444     -0.04233     -0.08369
FE      0.94126      0.68870      0.31481     -0.02952     -0.07191     -0.06447
FE      0.93936      0.56271      0.43371     -0.03952     -0.02983      0.10575
FE      0.81393      0.68675      0.43247     -0.06582      0.07780     -0.01677
FE      0.81124      0.56221      0.56013      0.05949      0.02531      0.07991
FE      0.93563      0.68723      0.56433      0.08906     -0.03592      0.03261
FE      0.93366      0.56323      0.68444     -0.00022      0.00187     -0.01752
FE      0.80786      0.68679      0.68258      0.01845      0.00360     -0.00258
FE      0.81437      0.81289      0.31468      0.01327      0.03678     -0.05786
FE      0.93888      0.93859      0.31720      0.04163     -0.02153      0.03797
FE      0.93734      0.81221      0.43668      0.02970      0.05919      0.05320
FE      0.81260      0.93693      0.43706      0.01464      0.07541     -0.09773
FE      0.81084      0.81224      0.56329      0.00766     -0.02643      0.00916
FE      0.93587      0.93682      0.56800      0.10085     -0.04824     -0.04171
FE      0.93410      0.81018      0.68538     -0.02563      0.05285      0.04142
FE      0.80949      0.93677      0.68464     -0.02001     -0.05015      0.12581
