/* Converted from PWscf output file */ 
#L_UNITS ang 
#E_UNITS eV 
#S_UNITS GPA 
#F_UNITS EV/ANG 
#ALAT 	  13.67994     // a0 
#X 	   1.00000     0.00000     0.00000     // X 
#Y 	   0.00000     1.05163     0.00000     // Y 
#Z 	   0.00000     0.00000     1.00000     // Z 
#SX 	   0.39040     0.00000     0.00000     // SX 
#SY 	   0.00000     1.21190     0.00000     // SY 
#SZ 	   0.00000     0.00000     0.39040     // SZ 
#EPA 	  -4.25610     // Energy per Atom 
#C 	1 1 1 
#W 	1.0 
#RCUT 	6.5        // Rcut 
PD      0.06250      0.06250      0.06250      0.00105      0.00394      0.00105
FE      0.18750      0.18750      0.06250      0.58898      0.59403     -0.00404
FE      0.18750      0.06250      0.18750      0.86169     -0.00545      0.86169
FE      0.06250      0.18750      0.18750     -0.00404      0.59403      0.58898
FE      0.06250      0.06250      0.31250     -0.00387     -0.00513      0.04564
FE      0.18750      0.18750      0.31250      0.01605     -0.00272      0.01195
FE      0.18750      0.06250      0.43750      0.00233     -0.00507      0.01555
FE      0.06250      0.18750      0.43750     -0.00375     -0.00174      0.00579
FE      0.06250      0.06250      0.56250     -0.00380     -0.00512     -0.00379
FE      0.18750      0.18750      0.56250      0.00462      0.00395     -0.00380
FE      0.18750      0.06250      0.68750      0.00235     -0.00509     -0.00801
FE      0.06250      0.18750      0.68750     -0.00379     -0.00175      0.00174
FE      0.06250      0.06250      0.81250     -0.00388     -0.00517     -0.05337
FE      0.18750      0.18750      0.81250      0.01609     -0.00274     -0.01948
FE      0.18750      0.06250      0.93750      0.86144     -0.00511     -0.85399
FE      0.06250      0.18750      0.93750     -0.00379      0.59376     -0.58138
FE      0.06250      0.31250      0.06250     -0.00388      0.04587     -0.00388
FE      0.18750      0.43750      0.06250     -0.01133     -0.00128     -0.00382
FE      0.18750      0.31250      0.18750      0.01584      0.04819      0.01584
FE      0.06250      0.43750      0.18750     -0.00382     -0.00128     -0.01133
FE      0.06250      0.31250      0.31250     -0.00379     -0.06255     -0.04740
FE      0.18750      0.43750      0.31250      0.00536     -0.00010     -0.00918
FE      0.18750      0.31250      0.43750      0.00287     -0.00675      0.00130
FE      0.06250      0.43750      0.43750     -0.00377      0.00968      0.00890
FE      0.06250      0.31250      0.56250     -0.00378     -0.00387     -0.00379
FE      0.18750      0.43750      0.56250      0.00331      0.00556     -0.00378
FE      0.18750      0.31250      0.68750      0.00288     -0.00675      0.00625
FE      0.06250      0.43750      0.68750     -0.00379      0.00971     -0.00137
FE      0.06250      0.31250      0.81250     -0.00379     -0.06255      0.03979
FE      0.18750      0.43750      0.81250      0.00536     -0.00011      0.00163
FE      0.18750      0.31250      0.93750      0.01583      0.04818     -0.00837
FE      0.06250      0.43750      0.93750     -0.00380     -0.00127      0.01884
FE      0.06250      0.56250      0.06250     -0.00382     -0.00510     -0.00382
FE      0.18750      0.68750      0.06250     -0.01132      0.01134     -0.00382
FE      0.18750      0.56250      0.18750      0.00579     -0.00509      0.00579
FE      0.06250      0.68750      0.18750     -0.00382      0.01134     -0.01132
FE      0.06250      0.56250      0.31250     -0.00381     -0.00512     -0.00010
FE      0.18750      0.68750      0.31250      0.00536      0.01020     -0.00919
FE      0.18750      0.56250      0.43750      0.00382     -0.00512      0.00199
FE      0.06250      0.68750      0.43750     -0.00376      0.00039      0.00891
FE      0.06250      0.56250      0.56250     -0.00376     -0.00511     -0.00377
FE      0.18750      0.68750      0.56250      0.00328      0.00452     -0.00377
FE      0.18750      0.56250      0.68750      0.00379     -0.00511      0.00556
FE      0.06250      0.68750      0.68750     -0.00378      0.00039     -0.00140
FE      0.06250      0.56250      0.81250     -0.00380     -0.00510     -0.00747
FE      0.18750      0.68750      0.81250      0.00536      0.01017      0.00163
FE      0.18750      0.56250      0.93750      0.00579     -0.00510      0.00168
FE      0.06250      0.68750      0.93750     -0.00380      0.01134      0.01886
FE      0.06250      0.81250      0.06250     -0.00390     -0.05607     -0.00390
FE      0.18750      0.93750      0.06250      0.58874     -0.58378     -0.00382
FE      0.18750      0.81250      0.18750      0.01585     -0.05837      0.01585
FE      0.06250      0.93750      0.18750     -0.00382     -0.58378      0.58874
FE      0.06250      0.81250      0.31250     -0.00380      0.05229     -0.04743
FE      0.18750      0.93750      0.31250      0.01604      0.01275      0.01193
FE      0.18750      0.81250      0.43750      0.00288     -0.00347      0.00128
FE      0.06250      0.93750      0.43750     -0.00377      0.01183      0.00580
FE      0.06250      0.81250      0.56250     -0.00380     -0.00636     -0.00377
FE      0.18750      0.93750      0.56250      0.00462      0.00615     -0.00379
FE      0.18750      0.81250      0.68750      0.00286     -0.00346      0.00622
FE      0.06250      0.93750      0.68750     -0.00379      0.01184      0.00172
FE      0.06250      0.81250      0.81250     -0.00384      0.05230      0.03980
FE      0.18750      0.93750      0.81250      0.01610      0.01279     -0.01950
FE      0.18750      0.81250      0.93750      0.01586     -0.05839     -0.00834
FE      0.06250      0.93750      0.93750     -0.00357     -0.58398     -0.58156
FE      0.31250      0.06250      0.06250      0.04564     -0.00513     -0.00387
FE      0.43750      0.18750      0.06250      0.00579     -0.00174     -0.00375
FE      0.43750      0.06250      0.18750      0.01555     -0.00507      0.00233
FE      0.31250      0.18750      0.18750      0.01195     -0.00272      0.01605
FE      0.31250      0.06250      0.31250     -0.06707     -0.00516     -0.06707
FE      0.43750      0.18750      0.31250     -0.00293      0.00425     -0.01000
FE      0.43750      0.06250      0.43750      0.01768     -0.00510      0.01768
FE      0.31250      0.18750      0.43750     -0.01000      0.00425     -0.00293
FE      0.31250      0.06250      0.56250      0.00141     -0.00510     -0.00381
FE      0.43750      0.18750      0.56250     -0.00146      0.00837     -0.00379
FE      0.43750      0.06250      0.68750      0.01765     -0.00512     -0.01014
FE      0.31250      0.18750      0.68750     -0.01000      0.00420      0.01047
FE      0.31250      0.06250      0.81250     -0.06705     -0.00514      0.05943
FE      0.43750      0.18750      0.81250     -0.00292      0.00423      0.00240
FE      0.43750      0.06250      0.93750      0.01550     -0.00508      0.00512
FE      0.31250      0.18750      0.93750      0.01192     -0.00274     -0.00857
FE      0.31250      0.31250      0.06250     -0.04740     -0.06255     -0.00379
FE      0.43750      0.43750      0.06250      0.00890      0.00968     -0.00377
FE      0.43750      0.31250      0.18750      0.00130     -0.00675      0.00287
FE      0.31250      0.43750      0.18750     -0.00918     -0.00010      0.00536
FE      0.31250      0.31250      0.31250      0.00102      0.00171      0.00102
FE      0.43750      0.43750      0.31250      0.00457      0.00462     -0.00370
FE      0.43750      0.31250      0.43750      0.00218     -0.00598      0.00218
FE      0.31250      0.43750      0.43750     -0.00370      0.00462      0.00457
FE      0.31250      0.31250      0.56250     -0.00253     -0.00545     -0.00382
FE      0.43750      0.43750      0.56250      0.00356      0.00507     -0.00380
FE      0.43750      0.31250      0.68750      0.00217     -0.00598      0.00538
FE      0.31250      0.43750      0.68750     -0.00368      0.00466      0.00292
FE      0.31250      0.31250      0.81250      0.00103      0.00170     -0.00860
FE      0.43750      0.43750      0.81250      0.00458      0.00466     -0.00390
FE      0.43750      0.31250      0.93750      0.00131     -0.00674      0.00461
FE      0.31250      0.43750      0.93750     -0.00919     -0.00010      0.00218
FE      0.31250      0.56250      0.06250     -0.00010     -0.00512     -0.00381
FE      0.43750      0.68750      0.06250      0.00891      0.00039     -0.00376
FE      0.43750      0.56250      0.18750      0.00199     -0.00512      0.00382
FE      0.31250      0.68750      0.18750     -0.00919      0.01020      0.00536
FE      0.31250      0.56250      0.31250     -0.00391     -0.00513     -0.00391
FE      0.43750      0.68750      0.31250      0.00458      0.00546     -0.00371
FE      0.43750      0.56250      0.43750      0.00395     -0.00515      0.00395
FE      0.31250      0.68750      0.43750     -0.00371      0.00546      0.00458
FE      0.31250      0.56250      0.56250     -0.00400     -0.00510     -0.00378
FE      0.43750      0.68750      0.56250      0.00357      0.00500     -0.00378
FE      0.43750      0.56250      0.68750      0.00397     -0.00512      0.00358
FE      0.31250      0.68750      0.68750     -0.00368      0.00545      0.00298
FE      0.31250      0.56250      0.81250     -0.00391     -0.00511     -0.00363
FE      0.43750      0.68750      0.81250      0.00456      0.00544     -0.00386
FE      0.43750      0.56250      0.93750      0.00198     -0.00512      0.00371
FE      0.31250      0.68750      0.93750     -0.00920      0.01020      0.00213
FE      0.31250      0.81250      0.06250     -0.04743      0.05229     -0.00380
FE      0.43750      0.93750      0.06250      0.00580      0.01183     -0.00377
FE      0.43750      0.81250      0.18750      0.00128     -0.00347      0.00288
FE      0.31250      0.93750      0.18750      0.01193      0.01275      0.01604
FE      0.31250      0.81250      0.31250      0.00098     -0.01193      0.00098
FE      0.43750      0.93750      0.31250     -0.00289      0.00586     -0.00998
FE      0.43750      0.81250      0.43750      0.00218     -0.00421      0.00218
FE      0.31250      0.93750      0.43750     -0.00998      0.00586     -0.00289
FE      0.31250      0.81250      0.56250     -0.00253     -0.00475     -0.00378
FE      0.43750      0.93750      0.56250     -0.00146      0.00173     -0.00379
FE      0.43750      0.81250      0.68750      0.00217     -0.00421      0.00537
FE      0.31250      0.93750      0.68750     -0.00996      0.00588      0.01043
FE      0.31250      0.81250      0.81250      0.00103     -0.01191     -0.00857
FE      0.43750      0.93750      0.81250     -0.00292      0.00588      0.00239
FE      0.43750      0.81250      0.93750      0.00128     -0.00346      0.00459
FE      0.31250      0.93750      0.93750      0.01191      0.01276     -0.00860
FE      0.56250      0.06250      0.06250     -0.00379     -0.00512     -0.00380
FE      0.68750      0.18750      0.06250      0.00174     -0.00175     -0.00379
FE      0.68750      0.06250      0.18750     -0.00801     -0.00509      0.00235
FE      0.56250      0.18750      0.18750     -0.00380      0.00395      0.00462
FE      0.56250      0.06250      0.31250     -0.00381     -0.00510      0.00141
FE      0.68750      0.18750      0.31250      0.01047      0.00420     -0.01000
FE      0.68750      0.06250      0.43750     -0.01014     -0.00512      0.01765
FE      0.56250      0.18750      0.43750     -0.00379      0.00837     -0.00146
FE      0.56250      0.06250      0.56250     -0.00380     -0.00512     -0.00380
FE      0.68750      0.18750      0.56250      0.00900      0.00834     -0.00379
FE      0.68750      0.06250      0.68750     -0.01015     -0.00511     -0.01015
FE      0.56250      0.18750      0.68750     -0.00379      0.00834      0.00900
FE      0.56250      0.06250      0.81250     -0.00380     -0.00511     -0.00900
FE      0.68750      0.18750      0.81250      0.01044      0.00423      0.00240
FE      0.68750      0.06250      0.93750     -0.00800     -0.00511      0.00515
FE      0.56250      0.18750      0.93750     -0.00380      0.00393      0.00290
FE      0.56250      0.31250      0.06250     -0.00379     -0.00387     -0.00378
FE      0.68750      0.43750      0.06250     -0.00137      0.00971     -0.00379
FE      0.68750      0.31250      0.18750      0.00625     -0.00675      0.00288
FE      0.56250      0.43750      0.18750     -0.00378      0.00556      0.00331
FE      0.56250      0.31250      0.31250     -0.00382     -0.00545     -0.00253
FE      0.68750      0.43750      0.31250      0.00292      0.00466     -0.00368
FE      0.68750      0.31250      0.43750      0.00538     -0.00598      0.00217
FE      0.56250      0.43750      0.43750     -0.00380      0.00507      0.00356
FE      0.56250      0.31250      0.56250     -0.00380     -0.00361     -0.00380
FE      0.68750      0.43750      0.56250      0.00397      0.00511     -0.00380
FE      0.68750      0.31250      0.68750      0.00535     -0.00599      0.00535
FE      0.56250      0.43750      0.68750     -0.00380      0.00511      0.00397
FE      0.56250      0.31250      0.81250     -0.00381     -0.00544     -0.00505
FE      0.68750      0.43750      0.81250      0.00296      0.00467     -0.00387
FE      0.68750      0.31250      0.93750      0.00623     -0.00674      0.00464
FE      0.56250      0.43750      0.93750     -0.00379      0.00557      0.00418
FE      0.56250      0.56250      0.06250     -0.00377     -0.00511     -0.00376
FE      0.68750      0.68750      0.06250     -0.00140      0.00039     -0.00378
FE      0.68750      0.56250      0.18750      0.00556     -0.00511      0.00379
FE      0.56250      0.68750      0.18750     -0.00377      0.00452      0.00328
FE      0.56250      0.56250      0.31250     -0.00378     -0.00510     -0.00400
FE      0.68750      0.68750      0.31250      0.00298      0.00545     -0.00368
FE      0.68750      0.56250      0.43750      0.00358     -0.00512      0.00397
FE      0.56250      0.68750      0.43750     -0.00378      0.00500      0.00357
FE      0.56250      0.56250      0.56250     -0.00380     -0.00513     -0.00380
FE      0.68750      0.68750      0.56250      0.00396      0.00501     -0.00377
FE      0.68750      0.56250      0.68750      0.00356     -0.00513      0.00356
FE      0.56250      0.68750      0.68750     -0.00377      0.00501      0.00396
FE      0.56250      0.56250      0.81250     -0.00380     -0.00509     -0.00359
FE      0.68750      0.68750      0.81250      0.00298      0.00545     -0.00388
FE      0.68750      0.56250      0.93750      0.00559     -0.00512      0.00372
FE      0.56250      0.68750      0.93750     -0.00379      0.00451      0.00420
FE      0.56250      0.81250      0.06250     -0.00377     -0.00636     -0.00380
FE      0.68750      0.93750      0.06250      0.00172      0.01184     -0.00379
FE      0.68750      0.81250      0.18750      0.00622     -0.00346      0.00286
FE      0.56250      0.93750      0.18750     -0.00379      0.00615      0.00462
FE      0.56250      0.81250      0.31250     -0.00378     -0.00475     -0.00253
FE      0.68750      0.93750      0.31250      0.01043      0.00588     -0.00996
FE      0.68750      0.81250      0.43750      0.00537     -0.00421      0.00217
FE      0.56250      0.93750      0.43750     -0.00379      0.00173     -0.00146
FE      0.56250      0.81250      0.56250     -0.00380     -0.00662     -0.00380
FE      0.68750      0.93750      0.56250      0.00900      0.00170     -0.00376
FE      0.68750      0.81250      0.68750      0.00539     -0.00419      0.00539
FE      0.56250      0.93750      0.68750     -0.00376      0.00170      0.00900
FE      0.56250      0.81250      0.81250     -0.00376     -0.00474     -0.00506
FE      0.68750      0.93750      0.81250      0.01043      0.00585      0.00240
FE      0.68750      0.81250      0.93750      0.00622     -0.00346      0.00460
FE      0.56250      0.93750      0.93750     -0.00375      0.00615      0.00287
FE      0.81250      0.06250      0.06250     -0.05337     -0.00517     -0.00388
FE      0.93750      0.18750      0.06250     -0.58138      0.59376     -0.00379
FE      0.93750      0.06250      0.18750     -0.85399     -0.00511      0.86144
FE      0.81250      0.18750      0.18750     -0.01948     -0.00274      0.01609
FE      0.81250      0.06250      0.31250      0.05943     -0.00514     -0.06705
FE      0.93750      0.18750      0.31250     -0.00857     -0.00274      0.01192
FE      0.93750      0.06250      0.43750      0.00512     -0.00508      0.01550
FE      0.81250      0.18750      0.43750      0.00240      0.00423     -0.00292
FE      0.81250      0.06250      0.56250     -0.00900     -0.00511     -0.00380
FE      0.93750      0.18750      0.56250      0.00290      0.00393     -0.00380
FE      0.93750      0.06250      0.68750      0.00515     -0.00511     -0.00800
FE      0.81250      0.18750      0.68750      0.00240      0.00423      0.01044
FE      0.81250      0.06250      0.81250      0.05944     -0.00513      0.05944
FE      0.93750      0.18750      0.81250     -0.00851     -0.00272     -0.01947
FE      0.93750      0.06250      0.93750     -0.85417     -0.00481     -0.85417
FE      0.81250      0.18750      0.93750     -0.01947     -0.00272     -0.00851
FE      0.81250      0.31250      0.06250      0.03979     -0.06255     -0.00379
FE      0.93750      0.43750      0.06250      0.01884     -0.00127     -0.00380
FE      0.93750      0.31250      0.18750     -0.00837      0.04818      0.01583
FE      0.81250      0.43750      0.18750      0.00163     -0.00011      0.00536
FE      0.81250      0.31250      0.31250     -0.00860      0.00170      0.00103
FE      0.93750      0.43750      0.31250      0.00218     -0.00010     -0.00919
FE      0.93750      0.31250      0.43750      0.00461     -0.00674      0.00131
FE      0.81250      0.43750      0.43750     -0.00390      0.00466      0.00458
FE      0.81250      0.31250      0.56250     -0.00505     -0.00544     -0.00381
FE      0.93750      0.43750      0.56250      0.00418      0.00557     -0.00379
FE      0.93750      0.31250      0.68750      0.00464     -0.00674      0.00623
FE      0.81250      0.43750      0.68750     -0.00387      0.00467      0.00296
FE      0.81250      0.31250      0.81250     -0.00857      0.00173     -0.00857
FE      0.93750      0.43750      0.81250      0.00218     -0.00010      0.00163
FE      0.93750      0.31250      0.93750     -0.00836      0.04817     -0.00836
FE      0.81250      0.43750      0.93750      0.00163     -0.00010      0.00218
FE      0.81250      0.56250      0.06250     -0.00747     -0.00510     -0.00380
FE      0.93750      0.68750      0.06250      0.01886      0.01134     -0.00380
FE      0.93750      0.56250      0.18750      0.00168     -0.00510      0.00579
FE      0.81250      0.68750      0.18750      0.00163      0.01017      0.00536
FE      0.81250      0.56250      0.31250     -0.00363     -0.00511     -0.00391
FE      0.93750      0.68750      0.31250      0.00213      0.01020     -0.00920
FE      0.93750      0.56250      0.43750      0.00371     -0.00512      0.00198
FE      0.81250      0.68750      0.43750     -0.00386      0.00544      0.00456
FE      0.81250      0.56250      0.56250     -0.00359     -0.00509     -0.00380
FE      0.93750      0.68750      0.56250      0.00420      0.00451     -0.00379
FE      0.93750      0.56250      0.68750      0.00372     -0.00512      0.00559
FE      0.81250      0.68750      0.68750     -0.00388      0.00545      0.00298
FE      0.81250      0.56250      0.81250     -0.00367     -0.00512     -0.00367
FE      0.93750      0.68750      0.81250      0.00216      0.01018      0.00159
FE      0.93750      0.56250      0.93750      0.00170     -0.00507      0.00170
FE      0.81250      0.68750      0.93750      0.00159      0.01018      0.00216
FE      0.81250      0.81250      0.06250      0.03980      0.05230     -0.00384
FE      0.93750      0.93750      0.06250     -0.58156     -0.58398     -0.00357
FE      0.93750      0.81250      0.18750     -0.00834     -0.05839      0.01586
FE      0.81250      0.93750      0.18750     -0.01950      0.01279      0.01610
FE      0.81250      0.81250      0.31250     -0.00857     -0.01191      0.00103
FE      0.93750      0.93750      0.31250     -0.00860      0.01276      0.01191
FE      0.93750      0.81250      0.43750      0.00459     -0.00346      0.00128
FE      0.81250      0.93750      0.43750      0.00239      0.00588     -0.00292
FE      0.81250      0.81250      0.56250     -0.00506     -0.00474     -0.00376
FE      0.93750      0.93750      0.56250      0.00287      0.00615     -0.00375
FE      0.93750      0.81250      0.68750      0.00460     -0.00346      0.00622
FE      0.81250      0.93750      0.68750      0.00240      0.00585      0.01043
FE      0.81250      0.81250      0.81250     -0.00858     -0.01195     -0.00858
FE      0.93750      0.93750      0.81250     -0.00855      0.01280     -0.01948
FE      0.93750      0.81250      0.93750     -0.00833     -0.05839     -0.00833
FE      0.81250      0.93750      0.93750     -0.01948      0.01280     -0.00855
