/* Converted from PWscf output file */ 
#L_UNITS ang 
#E_UNITS eV 
#S_UNITS GPA 
#F_UNITS EV/ANG 
#ALAT 	  13.68625     // a0 
#X 	   1.00000     0.00000    -0.00000     // X 
#Y 	   0.00000     1.05716     0.00001     // Y 
#Z 	  -0.00000     0.00001     0.99999     // Z 
#SX 	  -0.03617     0.00044     0.00029     // SX 
#SY 	   0.00044    -0.09990     0.00073     // SY 
#SZ 	   0.00029     0.00073    -0.03369     // SZ 
#EPA 	  -4.25293     // Energy per Atom 
#C 	1 1 1 
#W 	1.0 
#RCUT 	6.5        // Rcut 
PD      0.06248      0.06244      0.06244      0.00037     -0.01476     -0.01385
FE      0.19036      0.19018      0.06235      0.01574     -0.00059     -0.02201
FE      0.19163      0.06241      0.19148      0.01023     -0.00555     -0.01002
FE      0.06275      0.19001      0.18991      0.03529     -0.02962     -0.04574
FE      0.06268      0.06196      0.31241      0.01979     -0.04269     -0.03665
FE      0.18812      0.18754      0.31252      0.06831      0.00178      0.00284
FE      0.18764      0.06249      0.43765      0.04858     -0.03793      0.01020
FE      0.06531      0.18482      0.43758      0.00944     -0.00716      0.00876
FE      0.06271      0.06194      0.56271      0.02397     -0.04389      0.02391
FE      0.18788      0.18737      0.56276      0.04175     -0.02601      0.03274
FE      0.18765      0.06240      0.68747      0.01995     -0.00804      0.00053
FE      0.06276      0.18739      0.68778      0.03245     -0.02129      0.02948
FE      0.06246      0.06240      0.81234     -0.00092     -0.01427      0.01857
FE      0.18790      0.18768      0.81228      0.05289      0.02643     -0.01340
FE      0.19154      0.06247      0.93344     -0.00127     -0.00216     -0.00290
FE      0.06251      0.19019      0.93468      0.00344      0.00293     -0.01083
FE      0.06253      0.31278      0.06235      0.00803      0.01111     -0.01118
FE      0.18758      0.43752      0.06234      0.02557      0.00712     -0.02619
FE      0.18812      0.31302      0.18739      0.12458      0.04534     -0.07596
FE      0.06276      0.43766      0.18717      0.03200      0.03023     -0.03052
FE      0.06659      0.31251      0.30856      0.00860      0.04696      0.04796
FE      0.18782      0.43770      0.31222      0.03442      0.03613     -0.02507
FE      0.18770      0.31255      0.43759     -0.00599      0.01352      0.01354
FE      0.06531      0.44028      0.43760      0.01067      0.01565      0.01001
FE      0.06658      0.31248      0.56657      0.00432     -0.00181      0.00342
FE      0.18784      0.43769      0.56276      0.03783      0.03084      0.03257
FE      0.18788      0.31255      0.68782      0.10213      0.01370      0.08861
FE      0.06276      0.43777      0.68778      0.03252      0.04091      0.02954
FE      0.06254      0.31247      0.81255      0.00996      0.03883     -0.02964
FE      0.18759      0.43755      0.81259      0.01752      0.01244      0.01667
FE      0.18782      0.31302      0.93729      0.03126      0.04474     -0.02437
FE      0.06251      0.43752      0.93755      0.00402      0.00633     -0.00502
FE      0.06246      0.56255      0.06241      0.00008      0.01380     -0.01334
FE      0.18749      0.68755      0.06246      0.00635     -0.00033     -0.00281
FE      0.18762      0.56255      0.18747      0.01204      0.00917     -0.00721
FE      0.06246      0.68756      0.18746     -0.00328      0.00579     -0.00265
FE      0.06272      0.56303      0.31228      0.02470      0.04569     -0.02136
FE      0.18752      0.68753      0.31252      0.00595      0.00058      0.01080
FE      0.18758      0.56245      0.43753      0.03997      0.03736      0.00399
FE      0.06244      0.68743      0.43759      0.00501     -0.00709      0.00878
FE      0.06272      0.56303      0.56272      0.02482      0.04649      0.02506
FE      0.18754      0.68755      0.56246      0.00859      0.00776     -0.00324
FE      0.18760      0.56255      0.68759      0.01147      0.00908      0.00691
FE      0.06246      0.68747      0.68747     -0.00307     -0.00182      0.00032
FE      0.06247      0.56255      0.81251      0.00033      0.01393      0.01002
FE      0.18750      0.68751      0.81247     -0.00209     -0.00560     -0.00645
FE      0.18755      0.56247      0.93750      0.00357      0.00191     -0.00133
FE      0.06247      0.68754      0.93756     -0.00058     -0.00113     -0.00505
FE      0.06248      0.81217      0.06247     -0.00009     -0.01170     -0.00400
FE      0.19028      0.93477      0.06246      0.00054     -0.01827     -0.00263
FE      0.18776      0.81193      0.18776      0.02635     -0.04477      0.02525
FE      0.06246      0.93475      0.19026     -0.00250     -0.02650     -0.00662
FE      0.06250      0.81250      0.31251      0.00164     -0.03724      0.03691
FE      0.18782      0.93735      0.31283      0.03965     -0.03610      0.03906
FE      0.18754      0.81240      0.43759      0.00368     -0.01279      0.01328
FE      0.06245      0.93752      0.43759      0.00504     -0.00992      0.00873
FE      0.06250      0.81246      0.56250      0.00150     -0.00151      0.00128
FE      0.18758      0.93750      0.56246      0.01309     -0.01018     -0.00316
FE      0.18751      0.81241      0.68745      0.00181     -0.01292     -0.01196
FE      0.06246      0.93748      0.68747     -0.00279     -0.01561     -0.00011
FE      0.06248      0.81250      0.81243      0.00071     -0.03727     -0.03641
FE      0.18780      0.93736      0.81216      0.03309     -0.03023     -0.03622
FE      0.18777      0.81193      0.93729      0.02650     -0.04449     -0.02388
FE      0.06248      0.93477      0.93469     -0.00103     -0.01890     -0.01023
FE      0.31268      0.06248      0.06247     -0.00566     -0.00122     -0.00408
FE      0.43759      0.18751      0.06252      0.00882      0.00351     -0.00148
FE      0.43765      0.06248      0.18758      0.00969     -0.00095      0.00892
FE      0.31293      0.18767      0.18771      0.06145      0.02469      0.01185
FE      0.31291      0.06241      0.31286      0.11303     -0.01215      0.09947
FE      0.43765      0.18753      0.31254      0.02558      0.00187      0.01495
FE      0.43781      0.06246      0.43781      0.03621     -0.00188      0.03621
FE      0.31264      0.18751      0.43765      0.02730     -0.00398      0.02480
FE      0.31261      0.06241      0.56246      0.01992     -0.01277     -0.00005
FE      0.43748      0.18755      0.56251      0.00170      0.00243      0.00379
FE      0.43781      0.06249      0.68723      0.03633     -0.00076     -0.03456
FE      0.31270      0.18752      0.68748      0.04506      0.00034     -0.00512
FE      0.31285      0.06248      0.81211      0.10293     -0.00073     -0.09791
FE      0.43765      0.18750      0.81235      0.02533     -0.00022     -0.01876
FE      0.43765      0.06246      0.93746      0.00990     -0.00095     -0.00978
FE      0.31277      0.18765      0.93724      0.03884      0.02448     -0.03286
FE      0.31283      0.31246      0.06217      0.07416      0.03760     -0.03767
FE      0.43760      0.43764      0.06252      0.00879      0.01552     -0.00164
FE      0.43759      0.31255      0.18744      0.01325      0.01363     -0.00640
FE      0.31264      0.43755      0.18741      0.03368      0.01231     -0.02224
FE      0.31267      0.31255      0.31249      0.01879      0.00911     -0.00047
FE      0.43754      0.43754      0.31244      0.00272      0.00526     -0.00445
FE      0.43753      0.31247      0.43753      0.00318      0.00176      0.00326
FE      0.31255      0.43756      0.43754      0.00869      0.01040      0.00269
FE      0.31261      0.31247      0.56255      0.01109      0.00187      0.01049
FE      0.43752      0.43753      0.56251      0.00056      0.00290      0.00395
FE      0.43753      0.31248      0.68758      0.00336      0.00181      0.00479
FE      0.31261      0.43754      0.68760      0.02542      0.00603      0.01801
FE      0.31284      0.31256      0.81270      0.04604      0.00986      0.02666
FE      0.43754      0.43757      0.81244      0.00284      0.00708      0.00033
FE      0.43759      0.31255      0.93754      0.01326      0.01362     -0.00028
FE      0.31246      0.43758      0.93754      0.00873      0.01333      0.00318
FE      0.31252      0.56248      0.06247      0.00491      0.00182     -0.00327
FE      0.43760      0.68744      0.06248      0.00874     -0.01019     -0.00046
FE      0.43753      0.56247      0.18752      0.00368      0.00198      0.00039
FE      0.31252      0.68751      0.18750      0.01022     -0.00579     -0.00273
FE      0.31255      0.56255      0.31249      0.01317      0.01392     -0.00049
FE      0.43754      0.68752      0.31248      0.00260     -0.00026      0.00010
FE      0.43753      0.56249      0.43753      0.00097      0.00251      0.00094
FE      0.31255      0.68760      0.43754      0.00830      0.00933      0.00279
FE      0.31255      0.56255      0.56247      0.01367      0.01388      0.00037
FE      0.43752      0.68753      0.56247      0.00053      0.00208     -0.00064
FE      0.43753      0.56247      0.68752      0.00100      0.00199      0.00115
FE      0.31249      0.68753      0.68750      0.00224      0.00060     -0.00153
FE      0.31248      0.56248      0.81248      0.00311      0.00188      0.00172
FE      0.43754      0.68752      0.81248      0.00271     -0.00161     -0.00064
FE      0.43753      0.56249      0.93752      0.00355      0.00181     -0.00077
FE      0.31250      0.68751      0.93754      0.00806     -0.00794      0.00329
FE      0.31253      0.81250      0.06247      0.03842     -0.03667     -0.00091
FE      0.43759      0.93751      0.06248      0.00896     -0.00690     -0.00059
FE      0.43759      0.81241      0.18750      0.01343     -0.01268      0.00003
FE      0.31282      0.93736      0.18780      0.03888     -0.03056      0.03135
FE      0.31256      0.81240      0.31255      0.01253     -0.00811      0.00822
FE      0.43765      0.93752      0.31258      0.02552     -0.00408      0.01932
FE      0.43753      0.81248      0.43753      0.00328     -0.00080      0.00330
FE      0.31264      0.93744      0.43765      0.02767     -0.01350      0.02535
FE      0.31249      0.81249      0.56248      0.00398     -0.00080      0.00079
FE      0.43748      0.93749      0.56247      0.00145     -0.00501     -0.00052
FE      0.43753      0.81248      0.68752      0.00325     -0.00079     -0.00146
FE      0.31258      0.93751      0.68739      0.02185     -0.00498     -0.02460
FE      0.31255      0.81240      0.81241      0.00967     -0.00831     -0.00975
FE      0.43765      0.93752      0.81239      0.02568     -0.00255     -0.02000
FE      0.43759      0.81241      0.93753      0.01337     -0.01272     -0.00011
FE      0.31281      0.93737      0.93724      0.03734     -0.02845     -0.03216
FE      0.56247      0.06248      0.06247     -0.00319     -0.00082     -0.00327
FE      0.68736      0.18755      0.06235     -0.02721      0.00493     -0.02489
FE      0.68733      0.06241      0.18751     -0.01883     -0.00786      0.00042
FE      0.56235      0.18753      0.18746     -0.02571     -0.00050     -0.01497
FE      0.56241      0.06241      0.31256     -0.01348     -0.01268      0.00627
FE      0.68706      0.18738      0.31230     -0.06209     -0.02417     -0.01178
FE      0.68717      0.06249      0.43782     -0.07468     -0.03699      0.03749
FE      0.56241      0.18754      0.43748     -0.00899     -0.00247      0.00151
FE      0.56241      0.06240      0.56246     -0.01340     -0.01279      0.00017
FE      0.68723      0.18740      0.56276     -0.03913     -0.02431      0.03282
FE      0.68716      0.06240      0.68730     -0.04597     -0.00806     -0.02652
FE      0.56235      0.18756      0.68765     -0.02535      0.00173      0.01878
FE      0.56247      0.06248      0.81242     -0.00337     -0.00088     -0.00479
FE      0.68730      0.18753      0.81252     -0.04512      0.00067      0.00510
FE      0.68739      0.06249      0.93745     -0.01110     -0.00063     -0.01051
FE      0.56252      0.18750      0.93749     -0.00169     -0.00129     -0.00386
FE      0.56219      0.31249      0.06219     -0.03620      0.00216     -0.03620
FE      0.68736      0.43761      0.06235     -0.02744      0.01456     -0.02537
FE      0.68709      0.31255      0.18714     -0.11309      0.01381     -0.09954
FE      0.56235      0.43753      0.18742     -0.02544      0.00536     -0.01929
FE      0.56235      0.31247      0.31242     -0.00972      0.00166     -0.00895
FE      0.68718      0.43769      0.31220     -0.03820      0.03127     -0.03144
FE      0.68732      0.31247      0.43753      0.00568      0.00119      0.00407
FE      0.56241      0.43755      0.43752     -0.00885      0.00805      0.00059
FE      0.56236      0.31249      0.56254     -0.00987      0.00178      0.00981
FE      0.68719      0.43768      0.56276     -0.03702      0.02853      0.03215
FE      0.68715      0.31247      0.68789     -0.10292      0.00161      0.09792
FE      0.56235      0.43753      0.68761     -0.02572      0.00400      0.02003
FE      0.56219      0.31247      0.81277     -0.03636      0.00191      0.03452
FE      0.68742      0.43754      0.81261     -0.02184      0.00597      0.02456
FE      0.68739      0.31255      0.93754     -0.02004      0.01387     -0.00012
FE      0.56252      0.43756      0.93753     -0.00150      0.00619      0.00058
FE      0.56247      0.56248      0.06247     -0.00327      0.00187     -0.00329
FE      0.68745      0.68745      0.06246     -0.00846     -0.00825     -0.00269
FE      0.68744      0.56255      0.18745     -0.01248      0.00926     -0.00818
FE      0.56246      0.68753      0.18752     -0.00261      0.00155     -0.00008
FE      0.56241      0.56255      0.31250     -0.01320      0.01360      0.00011
FE      0.68748      0.68754      0.31250     -0.01005      0.00678      0.00275
FE      0.68747      0.56245      0.43753     -0.03790      0.03719      0.00113
FE      0.56240      0.68761      0.43752     -0.00874      0.01137      0.00057
FE      0.56241      0.56255      0.56247     -0.01324      0.01357      0.00021
FE      0.68750      0.68755      0.56246     -0.00790      0.00908     -0.00329
FE      0.68745      0.56255      0.68759     -0.00975      0.00934      0.00960
FE      0.56246      0.68754      0.68752     -0.00274      0.00286      0.00066
FE      0.56247      0.56248      0.81248     -0.00326      0.00183      0.00145
FE      0.68751      0.68753      0.81250     -0.00223      0.00058      0.00154
FE      0.68751      0.56247      0.93752     -0.00396      0.00184     -0.00076
FE      0.56248      0.68752      0.93753     -0.00052     -0.00080      0.00063
FE      0.56247      0.81247      0.06247     -0.00099     -0.00152     -0.00096
FE      0.68745      0.93750      0.06246     -0.00883     -0.00943     -0.00267
FE      0.68745      0.81241      0.18751     -0.01311     -0.01285      0.00056
FE      0.56246      0.93751      0.18756     -0.00268     -0.00389      0.00441
FE      0.56247      0.81248      0.31248     -0.00365     -0.00099     -0.00037
FE      0.68736      0.93750      0.31259     -0.03386     -0.01151      0.02222
FE      0.68748      0.81248      0.43753     -0.00491     -0.00077      0.00326
FE      0.56240      0.93741      0.43748     -0.00874     -0.01446      0.00149
FE      0.56247      0.81246      0.56248     -0.00357     -0.00080      0.00073
FE      0.68754      0.93747      0.56246     -0.00893     -0.01212     -0.00311
FE      0.68752      0.81248      0.68752     -0.00311     -0.00086     -0.00172
FE      0.56246      0.93749      0.68756     -0.00274     -0.00577     -0.00040
FE      0.56247      0.81248      0.81248     -0.00097     -0.00094     -0.00112
FE      0.68739      0.93751      0.81240     -0.02535     -0.00485     -0.01798
FE      0.68745      0.81240      0.93753     -0.01354     -0.01282     -0.00021
FE      0.56248      0.93752      0.93749     -0.00053     -0.00165     -0.00394
FE      0.81230      0.06240      0.06241      0.00592     -0.01416     -0.01374
FE      0.93468      0.19016      0.06241     -0.01192     -0.00428     -0.00913
FE      0.93341      0.06244      0.19145     -0.00876     -0.04811     -0.04842
FE      0.81188      0.18752      0.18748     -0.06817     -0.00047     -0.00327
FE      0.81187      0.06193      0.31261     -0.12587     -0.04557      0.07446
FE      0.93723      0.18496      0.31010     -0.03549      0.01676      0.04566
FE      0.93747      0.06216      0.43765     -0.00777     -0.01244      0.01142
FE      0.80964      0.18478      0.43764     -0.01588     -0.01247      0.02241
FE      0.81218      0.06194      0.56271     -0.03257     -0.04404      0.02391
FE      0.93748      0.18478      0.56531     -0.00366     -0.01415      0.00839
FE      0.93746      0.06249      0.68745     -0.01016     -0.03804      0.02975
FE      0.81211      0.18737      0.68772     -0.05265     -0.02467      0.01333
FE      0.81212      0.06241      0.81218     -0.10219     -0.01349     -0.08867
FE      0.93724      0.18766      0.81222     -0.03248      0.02191     -0.02945
FE      0.93342      0.06246      0.93343     -0.00435     -0.00465     -0.00343
FE      0.81212      0.18768      0.93724     -0.04180      0.02702     -0.03278
FE      0.81236      0.31246      0.06235     -0.04843      0.03818     -0.01038
FE      0.93755      0.43753      0.06241     -0.00492      0.01101     -0.00861
FE      0.93732      0.31300      0.18759     -0.02018      0.04234      0.03527
FE      0.81218      0.43770      0.18718     -0.03971      0.03678     -0.03839
FE      0.80837      0.31254      0.30852     -0.01021      0.00981      0.00999
FE      0.93755      0.44021      0.30974      0.00220      0.01327      0.00658
PD      0.93752      0.31261      0.43756     -0.00040      0.01271      0.01378
FE      0.80972      0.44019      0.43755     -0.00048      0.00521      0.00235
FE      0.80846      0.31248      0.56656      0.00128      0.00162      0.00286
FE      0.93753      0.44020      0.56532      0.00126      0.00763      0.01265
FE      0.93754      0.31255      0.68766      0.00075      0.01376     -0.01869
FE      0.81220      0.43770      0.68784     -0.03337      0.03198      0.03622
FE      0.81235      0.31255      0.81253     -0.01986      0.00894     -0.00046
FE      0.93754      0.43757      0.81253      0.00276      0.01662      0.00002
FE      0.93729      0.31302      0.93729     -0.02426      0.04527     -0.02419
FE      0.81242      0.43756      0.93754     -0.01307      0.01159      0.00316
FE      0.81246      0.56255      0.06241     -0.00354      0.01361     -0.01304
FE      0.93756      0.68762      0.06241     -0.00498      0.00821     -0.00878
FE      0.93750      0.56246      0.18749     -0.00143      0.03771     -0.03640
FE      0.81248      0.68753      0.18748     -0.00596      0.00039     -0.01064
FE      0.81225      0.56302      0.31224     -0.02493      0.04467     -0.02383
FE      0.93754      0.68749      0.31254      0.00327     -0.00484      0.00297
FE      0.93752      0.56278      0.43753     -0.00013      0.01055      0.00377
FE      0.81251      0.68750      0.43754     -0.00616      0.00138      0.00277
FE      0.81224      0.56302      0.56272     -0.02516      0.04531      0.02433
FE      0.93753      0.68751      0.56244      0.00057      0.00236      0.00498
FE      0.93752      0.56246      0.68757     -0.00050      0.03788      0.03630
FE      0.81250      0.68754      0.68753      0.00212      0.00677      0.00641
FE      0.81249      0.56255      0.81255     -0.00174      0.01403      0.01201
FE      0.93754      0.68759      0.81253      0.00319      0.00295     -0.00056
FE      0.93750      0.56249      0.93750     -0.00151      0.00255     -0.00130
FE      0.81246      0.68751      0.93754     -0.00862     -0.00642      0.00327
FE      0.81242      0.81250      0.06247     -0.04008     -0.03682     -0.00377
FE      0.93470      0.93469      0.06240     -0.00833     -0.02725     -0.00998
FE      0.93729      0.81193      0.18773     -0.02427     -0.04487      0.02270
FE      0.81218      0.93736      0.18778     -0.03440     -0.03452      0.02467
FE      0.81238      0.81240      0.31253     -0.01219     -0.00833      0.00713
FE      0.93724      0.93739      0.31283     -0.03199     -0.03029      0.03064
FE      0.93754      0.81240      0.43759      0.00002     -0.01293      0.01346
FE      0.81242      0.93754      0.43766     -0.02572     -0.00587      0.02614
FE      0.81245      0.81248      0.56250     -0.00354     -0.00092      0.00136
FE      0.93749      0.93753      0.56245     -0.00401     -0.00515      0.00517
FE      0.93754      0.81240      0.68749     -0.00017     -0.01296     -0.00990
FE      0.81241      0.93750      0.68741     -0.01748     -0.01127     -0.01657
FE      0.81240      0.81240      0.81241     -0.01153     -0.00828     -0.00699
FE      0.93724      0.93728      0.81223     -0.03264     -0.04025     -0.02927
FE      0.93729      0.81193      0.93728     -0.02453     -0.04494     -0.02479
FE      0.81216      0.93737      0.93724     -0.03775     -0.02991     -0.03257
