/* Converted from PWscf output file */ 
#L_UNITS ang 
#E_UNITS eV 
#S_UNITS GPA 
#F_UNITS EV/ANG 
#ALAT 	  13.67994     // a0 
#X 	   1.00000     0.00000     0.00000     // X 
#Y 	   0.00000     1.05163     0.00000     // Y 
#Z 	   0.00000     0.00000     1.00000     // Z 
#SX 	   0.94093     0.00102    -0.00029     // SX 
#SY 	   0.00102     1.68630     0.00058     // SY 
#SZ 	  -0.00029     0.00058     0.93845     // SZ 
#EPA 	  -4.24989     // Energy per Atom 
#C 	1 1 1 
#W 	1.0 
#RCUT 	6.5        // Rcut 
PD      0.06250      0.06250      0.06250     -0.00097      0.00363      0.00084
FE      0.18750      0.18750      0.06250      0.58441      0.59478      0.00161
FE      0.18750      0.06250      0.18750      0.86523     -0.01198      0.85638
FE      0.06250      0.18750      0.18750      0.00557      0.60272      0.57477
FE      0.06250      0.06250      0.31250      0.00683     -0.05635      0.03236
FE      0.18750      0.18750      0.31250      0.03218      0.00581     -0.00011
FE      0.18750      0.06250      0.43750     -0.04080      0.05196      0.01550
FE      0.06250      0.18750      0.43750      0.58072     -0.58968      0.00557
FE      0.06250      0.06250      0.56250      0.00801     -0.05857      0.00799
FE      0.18750      0.18750      0.56250      0.02021      0.01160      0.00840
FE      0.18750      0.06250      0.68750      0.00689     -0.01210     -0.00310
FE      0.06250      0.18750      0.68750      0.00841      0.00630      0.01708
FE      0.06250      0.06250      0.81250     -0.00536     -0.00351     -0.05619
FE      0.18750      0.18750      0.81250      0.01064     -0.00174     -0.02603
FE      0.18750      0.06250      0.93750      0.86131     -0.00574     -0.85270
FE      0.06250      0.18750      0.93750     -0.00238      0.59456     -0.58124
FE      0.06250      0.31250      0.06250     -0.00546      0.04636     -0.01500
FE      0.18750      0.43750      0.06250     -0.01715     -0.00180      0.00308
FE      0.18750      0.31250      0.18750     -0.04843      0.04651      0.07907
FE      0.06250      0.43750      0.18750      0.00892     -0.00815     -0.02635
FE      0.06250      0.31250      0.31250      0.85467     -0.06043     -0.90609
FE      0.18750      0.43750      0.31250      0.02129     -0.00752     -0.02149
FE      0.18750      0.31250      0.43750      0.05253     -0.00693      0.00109
FE      0.06250      0.43750      0.43750      0.58009      0.59868      0.00914
FE      0.06250      0.31250      0.56250      0.85389     -0.00356      0.85376
FE      0.18750      0.43750      0.56250      0.01927     -0.00217      0.00881
FE      0.18750      0.31250      0.68750     -0.06015     -0.00716     -0.05693
FE      0.06250      0.43750      0.68750      0.00849      0.00232      0.01412
FE      0.06250      0.31250      0.81250     -0.00528     -0.06205      0.05169
FE      0.18750      0.43750      0.81250     -0.00099     -0.00077     -0.00488
FE      0.18750      0.31250      0.93750      0.02057      0.04784     -0.00825
FE      0.06250      0.43750      0.93750     -0.00286     -0.00197      0.01830
FE      0.06250      0.56250      0.06250     -0.00468     -0.00690     -0.00135
FE      0.18750      0.68750      0.06250     -0.01133      0.01099     -0.00442
FE      0.18750      0.56250      0.18750      0.01060      0.00162      0.00111
FE      0.06250      0.68750      0.18750     -0.00216      0.00627     -0.00596
FE      0.06250      0.56250      0.31250      0.00850      0.04795     -0.01253
FE      0.18750      0.68750      0.31250     -0.00007      0.00503     -0.01100
FE      0.18750      0.56250      0.43750     -0.03970     -0.06262      0.00205
FE      0.06250      0.68750      0.43750     -0.01914     -0.00587      0.00870
FE      0.06250      0.56250      0.56250      0.00832      0.04874      0.00906
FE      0.18750      0.68750      0.56250     -0.00211     -0.00072     -0.00203
FE      0.18750      0.56250      0.68750      0.00868      0.00181      0.01035
FE      0.06250      0.68750      0.68750     -0.00200     -0.00485     -0.00704
FE      0.06250      0.56250      0.81250     -0.00473     -0.00678     -0.00978
FE      0.18750      0.68750      0.81250      0.00542      0.00957      0.00243
FE      0.18750      0.56250      0.93750      0.00696     -0.00555      0.00168
FE      0.06250      0.68750      0.93750     -0.00427      0.01175      0.01885
FE      0.06250      0.81250      0.06250     -0.00388     -0.05588     -0.00197
FE      0.18750      0.93750      0.06250      0.58849     -0.58343     -0.00471
FE      0.18750      0.81250      0.18750      0.01550     -0.05827      0.01615
FE      0.06250      0.93750      0.18750     -0.00223     -0.57837      0.59396
FE      0.06250      0.81250      0.31250     -0.00162      0.05237     -0.04943
FE      0.18750      0.93750      0.31250      0.01082      0.01762      0.01044
FE      0.18750      0.81250      0.43750      0.00654     -0.00350      0.00129
FE      0.06250      0.93750      0.43750     -0.01826      0.01780      0.00573
FE      0.06250      0.81250      0.56250     -0.00181     -0.00652     -0.00176
FE      0.18750      0.93750      0.56250     -0.00088      0.01124     -0.00203
FE      0.18750      0.81250      0.68750      0.00263     -0.00334      0.00612
FE      0.06250      0.93750      0.68750     -0.00191      0.01695     -0.00369
FE      0.06250      0.81250      0.81250     -0.00376      0.05243      0.03830
FE      0.18750      0.93750      0.81250      0.01623      0.01334     -0.01869
FE      0.18750      0.81250      0.93750      0.01549     -0.05850     -0.00857
FE      0.06250      0.93750      0.93750     -0.00401     -0.58289     -0.57951
FE      0.31250      0.06250      0.06250      0.04436     -0.00407     -0.00220
FE      0.43750      0.18750      0.06250      0.00573     -0.00522      0.00171
FE      0.43750      0.06250      0.18750      0.01551     -0.00494      0.00109
FE      0.31250      0.18750      0.18750      0.00527     -0.00204      0.02226
FE      0.31250      0.06250      0.31250     -0.06930     -0.00353     -0.06581
FE      0.43750      0.18750      0.31250     -0.00286      0.00527     -0.01091
FE      0.43750      0.06250      0.43750      0.01762     -0.00635      0.01763
FE      0.31250      0.18750      0.43750     -0.00807      0.01083     -0.00286
FE      0.31250      0.06250      0.56250     -0.00111     -0.00350     -0.00469
FE      0.43750      0.18750      0.56250     -0.00150      0.00951     -0.00293
FE      0.43750      0.06250      0.68750      0.01762     -0.00463     -0.00879
FE      0.31250      0.18750      0.68750     -0.01645      0.00482      0.00456
FE      0.31250      0.06250      0.81250     -0.06835     -0.00408      0.05728
FE      0.43750      0.18750      0.81250     -0.00284      0.00085     -0.00274
FE      0.43750      0.06250      0.93750      0.01532     -0.00660      0.00512
FE      0.31250      0.18750      0.93750      0.00662     -0.00573     -0.00844
FE      0.31250      0.31250      0.06250     -0.03228     -0.06202     -0.01856
FE      0.43750      0.43750      0.06250      0.00895      0.01297      0.00143
FE      0.43750      0.31250      0.18750      0.00137     -0.00672     -0.00227
FE      0.31250      0.43750      0.18750     -0.01544     -0.00051      0.01138
FE      0.31250      0.31250      0.31250      0.01263      0.00158      0.00248
FE      0.43750      0.43750      0.31250      0.00457      0.00352     -0.00465
FE      0.43750      0.31250      0.43750      0.00215     -0.00601      0.00227
FE      0.31250      0.43750      0.43750     -0.00168     -0.00213      0.00447
FE      0.31250      0.31250      0.56250      0.00914     -0.00559     -0.00523
FE      0.43750      0.43750      0.56250      0.00361      0.00398     -0.00284
FE      0.43750      0.31250      0.68750      0.00219     -0.00594      0.01057
FE      0.31250      0.43750      0.68750     -0.01056      0.00392     -0.00324
FE      0.31250      0.31250      0.81250      0.01472      0.00150      0.00536
FE      0.43750      0.43750      0.81250      0.00457      0.00796     -0.00905
FE      0.43750      0.31250      0.93750      0.00108     -0.00663      0.00497
FE      0.31250      0.43750      0.93750     -0.01430      0.00328      0.00222
FE      0.31250      0.56250      0.06250     -0.00166     -0.00597     -0.00218
FE      0.43750      0.68750      0.06250      0.00889      0.00036     -0.00354
FE      0.43750      0.56250      0.18750      0.00207     -0.00544      0.00253
FE      0.31250      0.68750      0.18750     -0.00838      0.00965      0.00531
FE      0.31250      0.56250      0.31250     -0.00634     -0.00684     -0.00298
FE      0.43750      0.68750      0.31250      0.00458      0.00594     -0.00331
FE      0.43750      0.56250      0.43750      0.00396     -0.00384      0.00395
FE      0.31250      0.68750      0.43750      0.00141      0.01005      0.00462
FE      0.31250      0.56250      0.56250     -0.00651     -0.00674     -0.00461
FE      0.43750      0.68750      0.56250      0.00355      0.00552     -0.00426
FE      0.43750      0.56250      0.68750      0.00399     -0.00544      0.00485
FE      0.31250      0.68750      0.68750     -0.00297      0.00489      0.00307
FE      0.31250      0.56250      0.81250     -0.00550     -0.00603     -0.00531
FE      0.43750      0.68750      0.81250      0.00456      0.00545     -0.00400
FE      0.43750      0.56250      0.93750      0.00192     -0.00364      0.00373
FE      0.31250      0.68750      0.93750     -0.00933      0.01015      0.00212
FE      0.31250      0.81250      0.06250     -0.04723      0.05227     -0.00399
FE      0.43750      0.93750      0.06250      0.00575      0.01181     -0.00351
FE      0.43750      0.81250      0.18750      0.00136     -0.00351      0.00305
FE      0.31250      0.93750      0.18750      0.01252      0.01318      0.01611
FE      0.31250      0.81250      0.31250     -0.00075     -0.01200      0.00100
FE      0.43750      0.93750      0.31250     -0.00284      0.00528     -0.00958
FE      0.43750      0.81250      0.43750      0.00219     -0.00425      0.00219
FE      0.31250      0.93750      0.43750     -0.00488      0.00127     -0.00297
FE      0.31250      0.81250      0.56250     -0.00436     -0.00478     -0.00378
FE      0.43750      0.93750      0.56250     -0.00139      0.00114     -0.00427
FE      0.43750      0.81250      0.68750      0.00217     -0.00430      0.00516
FE      0.31250      0.93750      0.68750     -0.00923      0.00611      0.01055
FE      0.31250      0.81250      0.81250      0.00121     -0.01195     -0.00840
FE      0.43750      0.93750      0.81250     -0.00286      0.00579      0.00231
FE      0.43750      0.81250      0.93750      0.00125     -0.00351      0.00465
FE      0.31250      0.93750      0.93750      0.01202      0.01261     -0.00865
FE      0.56250      0.06250      0.06250     -0.00215     -0.00429     -0.00228
FE      0.68750      0.18750      0.06250      0.00807     -0.00079      0.00286
FE      0.68750      0.06250      0.18750     -0.01261     -0.01185     -0.00251
FE      0.56250      0.18750      0.18750      0.00286      0.00478      0.01091
FE      0.56250      0.06250      0.31250     -0.00138     -0.00356      0.00227
FE      0.68750      0.18750      0.31250     -0.00527      0.01205     -0.02224
FE      0.68750      0.06250      0.43750      0.03229      0.05177      0.01858
FE      0.56250      0.18750      0.43750     -0.00573      0.01524     -0.00170
FE      0.56250      0.06250      0.56250     -0.00108     -0.00366     -0.00498
FE      0.68750      0.18750      0.56250     -0.00662      0.01573      0.00845
FE      0.68750      0.06250      0.68750     -0.01470     -0.01178     -0.00534
FE      0.56250      0.18750      0.68750      0.00284      0.00921      0.00275
FE      0.56250      0.06250      0.81250     -0.00220     -0.00436     -0.01056
FE      0.68750      0.18750      0.81250      0.01648      0.00524     -0.00456
FE      0.68750      0.06250      0.93750     -0.00911     -0.00469      0.00522
FE      0.56250      0.18750      0.93750      0.00151      0.00052      0.00293
FE      0.56250      0.31250      0.06250     -0.01763     -0.00392     -0.01764
FE      0.68750      0.43750      0.06250      0.00486      0.00877      0.00295
FE      0.68750      0.31250      0.18750      0.06930     -0.00682      0.06581
FE      0.56250      0.43750      0.18750      0.00284      0.00477      0.00957
FE      0.56250      0.31250      0.31250     -0.01554     -0.00532     -0.00109
FE      0.68750      0.43750      0.31250     -0.01252     -0.00318     -0.01610
FE      0.68750      0.31250      0.43750     -0.04435     -0.00630      0.00222
FE      0.56250      0.43750      0.43750     -0.00571     -0.00178      0.00353
FE      0.56250      0.31250      0.56250     -0.01532     -0.00366     -0.00512
FE      0.68750      0.43750      0.56250     -0.01203     -0.00259      0.00861
FE      0.68750      0.31250      0.68750      0.06835     -0.00626     -0.05728
FE      0.56250      0.43750      0.68750      0.00288      0.00424     -0.00231
FE      0.56250      0.31250      0.81250     -0.01761     -0.00564      0.00881
FE      0.68750      0.43750      0.81250      0.00924      0.00392     -0.01053
FE      0.68750      0.31250      0.93750      0.00110     -0.00679      0.00469
FE      0.56250      0.43750      0.93750      0.00141      0.00888      0.00426
FE      0.56250      0.56250      0.06250     -0.00217     -0.00601     -0.00215
FE      0.68750      0.68750      0.06250     -0.00139     -0.00003     -0.00458
FE      0.68750      0.56250      0.18750      0.00074      0.00174     -0.00103
FE      0.56250      0.68750      0.18750     -0.00458      0.00408      0.00328
FE      0.56250      0.56250      0.31250     -0.00136     -0.00677     -0.00308
FE      0.68750      0.68750      0.31250      0.00837      0.00034     -0.00530
FE      0.68750      0.56250      0.43750      0.04720     -0.06258      0.00405
FE      0.56250      0.68750      0.43750     -0.00885      0.00963      0.00357
FE      0.56250      0.56250      0.56250     -0.00121     -0.00676     -0.00466
FE      0.68750      0.68750      0.56250      0.00935     -0.00015     -0.00216
FE      0.68750      0.56250      0.68750     -0.00121      0.00170      0.00842
FE      0.56250      0.68750      0.68750     -0.00455      0.00458      0.00403
FE      0.56250      0.56250      0.81250     -0.00214     -0.00597     -0.00514
FE      0.68750      0.68750      0.81250      0.00290      0.00507     -0.00307
FE      0.68750      0.56250      0.93750      0.00436     -0.00549      0.00373
FE      0.56250      0.68750      0.93750     -0.00353      0.00452      0.00424
FE      0.56250      0.81250      0.06250     -0.00397     -0.00645     -0.00392
FE      0.68750      0.93750      0.06250      0.00170      0.01213     -0.00445
FE      0.68750      0.81250      0.18750      0.00635     -0.00343      0.00294
FE      0.56250      0.93750      0.18750     -0.00457      0.00649      0.00462
FE      0.56250      0.81250      0.31250     -0.00208     -0.00484     -0.00254
FE      0.68750      0.93750      0.31250      0.01542      0.01055     -0.01138
FE      0.68750      0.81250      0.43750      0.00166     -0.00429      0.00222
FE      0.56250      0.93750      0.43750     -0.00895     -0.00297     -0.00140
FE      0.56250      0.81250      0.56250     -0.00192     -0.00664     -0.00375
FE      0.68750      0.93750      0.56250      0.01433      0.00673     -0.00224
FE      0.68750      0.81250      0.68750      0.00550     -0.00426      0.00531
FE      0.56250      0.93750      0.68750     -0.00458      0.00204      0.00908
FE      0.56250      0.81250      0.81250     -0.00398     -0.00485     -0.00486
FE      0.68750      0.93750      0.81250      0.01050      0.00617      0.00323
FE      0.68750      0.81250      0.93750      0.00648     -0.00354      0.00461
FE      0.56250      0.93750      0.93750     -0.00363      0.00603      0.00283
FE      0.81250      0.06250      0.06250     -0.05253     -0.00348     -0.00108
FE      0.93750      0.18750      0.06250     -0.58051      0.59933     -0.00581
FE      0.93750      0.06250      0.18750     -0.85464      0.05014      0.90605
FE      0.81250      0.18750      0.18750     -0.03218      0.00417      0.00011
FE      0.81250      0.06250      0.31250      0.04842     -0.05683     -0.07907
FE      0.93750      0.18750      0.31250     -0.00584     -0.59261     -0.57453
FE      0.93750      0.06250      0.43750      0.00548     -0.05661      0.01502
FE      0.81250      0.18750      0.43750     -0.58418     -0.58463     -0.00188
FE      0.81250      0.06250      0.56250     -0.02058     -0.05813      0.00823
FE      0.93750      0.18750      0.56250      0.00214     -0.58490      0.58143
FE      0.93750      0.06250      0.68750      0.00528      0.05176     -0.05165
FE      0.81250      0.18750      0.68750     -0.01066      0.01177      0.02604
FE      0.81250      0.06250      0.81250      0.06013     -0.00321      0.05693
FE      0.93750      0.18750      0.81250     -0.00840      0.00371     -0.01708
FE      0.93750      0.06250      0.93750     -0.85387     -0.00624     -0.85374
FE      0.81250      0.18750      0.93750     -0.02024     -0.00159     -0.00841
FE      0.81250      0.31250      0.06250      0.04081     -0.06223     -0.01551
FE      0.93750      0.43750      0.06250      0.01826     -0.00777     -0.00570
FE      0.93750      0.31250      0.18750     -0.00683      0.04601     -0.03235
FE      0.81250      0.43750      0.18750     -0.01082     -0.00762     -0.01045
FE      0.81250      0.31250      0.31250     -0.86526      0.00104     -0.85642
FE      0.93750      0.43750      0.31250      0.00253      0.58858     -0.59427
PD      0.93750      0.31250      0.43750      0.00097      0.00416     -0.00082
FE      0.81250      0.43750      0.43750     -0.58881      0.59366      0.00502
FE      0.81250      0.31250      0.56250     -0.86137     -0.00455      0.85272
FE      0.93750      0.43750      0.56250      0.00426      0.59263      0.57931
FE      0.93750      0.31250      0.68750      0.00538     -0.00689      0.05618
FE      0.81250      0.43750      0.68750     -0.01627     -0.00334      0.01870
FE      0.81250      0.31250      0.81250     -0.00692      0.00185      0.00312
FE      0.93750      0.43750      0.81250      0.00195     -0.00693      0.00373
FE      0.93750      0.31250      0.93750     -0.00799      0.04826     -0.00799
FE      0.81250      0.43750      0.93750      0.00085     -0.00121      0.00201
FE      0.81250      0.56250      0.06250     -0.00655     -0.00677     -0.00126
FE      0.93750      0.68750      0.06250      0.01908      0.01587     -0.00868
FE      0.93750      0.56250      0.18750      0.00165     -0.06265      0.04941
FE      0.81250      0.68750      0.18750      0.00007      0.00498      0.01095
FE      0.81250      0.56250      0.31250     -0.01550      0.04800     -0.01617
FE      0.93750      0.68750      0.31250      0.00219      0.00371      0.00597
FE      0.93750      0.56250      0.43750      0.00387      0.04559      0.00197
FE      0.81250      0.68750      0.43750      0.01132     -0.00099      0.00447
FE      0.81250      0.56250      0.56250     -0.01551      0.04824      0.00854
FE      0.93750      0.68750      0.56250      0.00425     -0.00173     -0.01894
FE      0.93750      0.56250      0.68750      0.00375     -0.06271     -0.03830
FE      0.81250      0.68750      0.68750     -0.00547      0.00040     -0.00249
FE      0.81250      0.56250      0.81250     -0.00267     -0.00690     -0.00610
FE      0.93750      0.68750      0.81250      0.00210      0.01481      0.00709
FE      0.93750      0.56250      0.93750      0.00182     -0.00375      0.00173
FE      0.81250      0.68750      0.93750      0.00210      0.01068      0.00208
FE      0.81250      0.81250      0.06250      0.03970      0.05233     -0.00204
FE      0.93750      0.93750      0.06250     -0.58026     -0.58893     -0.00889
FE      0.93750      0.81250      0.18750     -0.00853     -0.05823      0.01248
FE      0.81250      0.93750      0.18750     -0.02130      0.01753      0.02144
FE      0.81250      0.81250      0.31250     -0.01061     -0.01188     -0.00113
FE      0.93750      0.93750      0.31250     -0.00893      0.01816      0.02637
FE      0.93750      0.81250      0.43750      0.00469     -0.00337      0.00141
FE      0.81250      0.93750      0.43750      0.01717      0.01182     -0.00302
FE      0.81250      0.81250      0.56250     -0.00696     -0.00472     -0.00169
FE      0.93750      0.93750      0.56250      0.00284      0.01198     -0.01836
FE      0.93750      0.81250      0.68750      0.00474     -0.00349      0.00977
FE      0.81250      0.93750      0.68750      0.00097      0.01087      0.00481
FE      0.81250      0.81250      0.81250     -0.00867     -0.01210     -0.01033
FE      0.93750      0.93750      0.81250     -0.00841      0.00775     -0.01409
FE      0.93750      0.81250      0.93750     -0.00830     -0.05900     -0.00905
FE      0.81250      0.93750      0.93750     -0.01925      0.01225     -0.00876
