/* Converted from PWscf output file */ 
#L_UNITS ang 
#E_UNITS eV 
#S_UNITS GPA 
#F_UNITS EV/ANG 
#ALAT 	   6.88626     // a0 
#X 	   1.00000     0.00000     0.00000     // X 
#Y 	   0.00000     1.05388     0.00000     // Y 
#Z 	   0.00000     0.00000     1.00000     // Z 
#SX 	   0.01313     0.00000     0.00000     // SX 
#SY 	   0.00000     0.02363     0.00000     // SY 
#SZ 	   0.00000     0.00000     0.01313     // SZ 
#EPA 	  -4.23092     // Energy per Atom 
#C 	1 1 1 
#W 	20.0 
#RCUT 	6.5        // Rcut 
PD      0.00000      0.00000      0.00000      0.00000      0.00000      0.00000
FE      0.25521      0.25520      0.00000     -0.00409      0.00193      0.00000
FE      0.25703      0.00000      0.25703     -0.00176      0.00000     -0.00176
FE      0.00000      0.25520      0.25521      0.00000      0.00193     -0.00409
FE      0.00000      0.00000      0.50000      0.00000      0.00000      0.00000
FE      0.25049      0.25094      0.50000     -0.00028      0.00033      0.00000
FE      0.25703      0.00000      0.74297     -0.00176      0.00000      0.00176
FE      0.00000      0.25520      0.74479      0.00000      0.00193      0.00409
FE      0.00000      0.50000      0.00000      0.00000      0.00000      0.00000
FE      0.25521      0.74480      0.00000     -0.00409     -0.00193     -0.00000
FE      0.25085      0.50000      0.25085      0.00116      0.00000      0.00116
FE      0.00000      0.74480      0.25521      0.00000     -0.00193     -0.00409
FE      0.00000      0.50000      0.50000      0.00000      0.00000      0.00000
FE      0.25049      0.74906      0.50000     -0.00028     -0.00033      0.00000
FE      0.25085      0.50000      0.74915      0.00116      0.00000     -0.00116
FE      0.00000      0.74480      0.74479      0.00000     -0.00193      0.00409
FE      0.50000      0.00000      0.00000      0.00000      0.00000      0.00000
FE      0.74479      0.25520      0.00000      0.00409      0.00193     -0.00000
FE      0.74297      0.00000      0.25703      0.00176      0.00000     -0.00176
FE      0.50000      0.25094      0.25049      0.00000      0.00033     -0.00028
FE      0.50000      0.00000      0.50000      0.00000      0.00000      0.00000
FE      0.74951      0.25094      0.50000      0.00028      0.00033      0.00000
FE      0.74297      0.00000      0.74297      0.00176      0.00000      0.00176
FE      0.50000      0.25094      0.74951      0.00000      0.00033      0.00028
FE      0.50000      0.50000      0.00000      0.00000      0.00000      0.00000
FE      0.74479      0.74480      0.00000      0.00409     -0.00193      0.00000
FE      0.74915      0.50000      0.25085     -0.00116      0.00000      0.00116
FE      0.50000      0.74906      0.25049      0.00000     -0.00033     -0.00028
FE      0.50000      0.50000      0.50000      0.00000      0.00000      0.00000
FE      0.74951      0.74906      0.50000      0.00028     -0.00033      0.00000
FE      0.74915      0.50000      0.74915     -0.00116      0.00000     -0.00116
FE      0.50000      0.74906      0.74951      0.00000     -0.00033      0.00028
