/* Converted from PWscf output file */ 
#L_UNITS ang 
#E_UNITS eV 
#S_UNITS GPA 
#F_UNITS EV/ANG 
#ALAT 	  13.70216     // a0 
#X 	   1.00000     0.00000     0.00000     // X 
#Y 	   0.00000     1.05301    -0.00004     // Y 
#Z 	   0.00000    -0.00004     1.00004     // Z 
#SX 	   0.94735     0.00000     0.00000     // SX 
#SY 	   0.00000     1.71299    -0.02290     // SY 
#SZ 	   0.00000    -0.02290     0.96937     // SZ 
#EPA 	  -4.24956     // Energy per Atom 
#C 	1 1 1 
#W 	1.0 
#RCUT 	6.5        // Rcut 
PD      0.06250      0.06125      0.06382      0.00103     -0.87533      0.87647
FE      0.18968      0.18835      0.06380      1.45127      0.59361      0.86436
FE      0.18883      0.06251      0.18882      0.88250      0.00516      0.87703
FE      0.06249      0.18835      0.18845     -0.00417      0.59295      0.63417
FE      0.06249      0.06250      0.31258     -0.00385      0.00254      0.05143
FE      0.18752      0.18750      0.31254      0.01406     -0.00177      0.02445
FE      0.18750      0.06249      0.43752      0.00324     -0.00399      0.01509
FE      0.06249      0.18750      0.43751     -0.00384     -0.00125      0.00562
FE      0.06249      0.06250      0.56249     -0.00380      0.00124     -0.00560
FE      0.18750      0.18751      0.56248      0.00324      0.00398     -0.01514
FE      0.18752      0.06250      0.68746      0.01405      0.00177     -0.02447
FE      0.06249      0.18750      0.68742     -0.00388     -0.00257     -0.05142
FE      0.06249      0.06165      0.81155     -0.00415     -0.59296     -0.63418
FE      0.18883      0.18749      0.81118      0.88251     -0.00517     -0.87701
FE      0.18968      0.06165      0.93620      1.45125     -0.59364     -0.86434
PD      0.06250      0.18875      0.93618      0.00104      0.87536     -0.87648
FE      0.06249      0.31340      0.06337     -0.00368      0.62781      0.57577
FE      0.18750      0.43758      0.06251      0.00233      0.05375      0.00880
FE      0.18754      0.31256      0.18755      0.02852      0.04101      0.03326
FE      0.06249      0.43742      0.18742     -0.00381     -0.05650     -0.05221
FE      0.06249      0.31240      0.31243     -0.00378     -0.07042     -0.04636
FE      0.18751      0.43750      0.31248      0.00422     -0.00178     -0.01197
FE      0.18751      0.31249      0.43750      0.00361     -0.00789      0.00152
FE      0.06249      0.43752      0.43751     -0.00381      0.01095      0.00898
FE      0.06249      0.31248      0.56249     -0.00380     -0.01083     -0.00500
FE      0.18750      0.43751      0.56250      0.00236      0.00384     -0.00115
FE      0.18752      0.31248      0.68748      0.01598     -0.01466     -0.01119
FE      0.06249      0.43743      0.68756     -0.00371     -0.04689      0.04054
FE      0.06249      0.31322      0.81171     -0.00383      0.50638     -0.52769
FE      0.18753      0.43758      0.81249      0.01897      0.05463     -0.00931
FE      0.18841      0.31342      0.93749      0.60732      0.64226     -0.00377
FE      0.06249      0.43758      0.93753     -0.00397      0.05482      0.01710
FE      0.06249      0.56248      0.06247     -0.00380     -0.01106     -0.01905
FE      0.18748      0.68752      0.06250     -0.01029      0.01124     -0.00198
FE      0.18751      0.56249      0.18750      0.00666     -0.00994      0.00014
FE      0.06249      0.68752      0.18749     -0.00378      0.01265     -0.00791
FE      0.06249      0.56250      0.31251     -0.00373     -0.00058      0.00479
FE      0.18751      0.68751      0.31248      0.00561      0.01044     -0.01163
FE      0.18751      0.56249      0.43750      0.00337     -0.00442      0.00191
FE      0.06249      0.68750      0.43752     -0.00381     -0.00050      0.01018
FE      0.06249      0.56250      0.56248     -0.00377      0.00049     -0.01017
FE      0.18751      0.68751      0.56250      0.00341      0.00436     -0.00183
FE      0.18751      0.56248      0.68752      0.00538     -0.01050      0.01123
FE      0.06249      0.68750      0.68749     -0.00371      0.00061     -0.00473
FE      0.06249      0.56248      0.81251     -0.00380     -0.01267      0.00797
FE      0.18751      0.68751      0.81250      0.00667      0.00986     -0.00017
FE      0.18748      0.56248      0.93750     -0.01030     -0.01120      0.00200
FE      0.06249      0.68752      0.93753     -0.00384      0.01104      0.01902
FE      0.06249      0.81242      0.06247     -0.00394     -0.05484     -0.01715
FE      0.18841      0.93658      0.06251      0.60730     -0.64225      0.00378
FE      0.18753      0.81242      0.18751      0.01899     -0.05457      0.00927
FE      0.06249      0.93678      0.18829     -0.00379     -0.50639      0.52774
FE      0.06249      0.81257      0.31244     -0.00379      0.04694     -0.04056
FE      0.18752      0.93752      0.31252      0.01600      0.01463      0.01118
FE      0.18750      0.81249      0.43750      0.00236     -0.00376      0.00121
FE      0.06249      0.93752      0.43751     -0.00380      0.01081      0.00498
FE      0.06249      0.81248      0.56249     -0.00380     -0.01093     -0.00896
FE      0.18751      0.93751      0.56250      0.00363      0.00788     -0.00152
FE      0.18751      0.81250      0.68752      0.00426      0.00181      0.01191
FE      0.06249      0.93760      0.68757     -0.00382      0.07044      0.04636
FE      0.06249      0.81258      0.81258     -0.00383      0.05654      0.05228
FE      0.18754      0.93744      0.81245      0.02853     -0.04101     -0.03323
FE      0.18750      0.81242      0.93749      0.00234     -0.05376     -0.00875
FE      0.06249      0.93660      0.93663     -0.00368     -0.62780     -0.57578
FE      0.31259      0.06250      0.06251      0.05828      0.00199      0.00969
FE      0.43753      0.18750      0.06249      0.01854     -0.00169     -0.00497
FE      0.43751      0.06249      0.18749      0.00891     -0.00452     -0.00368
FE      0.31242      0.18750      0.18743     -0.05416     -0.00228     -0.04921
FE      0.31239      0.06249      0.31239     -0.07200     -0.00439     -0.07127
FE      0.43752      0.18751      0.31251      0.01247      0.00434      0.00477
FE      0.43752      0.06249      0.43753      0.01173     -0.00835      0.01704
FE      0.31249      0.18751      0.43750     -0.00491      0.00418     -0.00301
FE      0.31249      0.06249      0.56250     -0.00492     -0.00419      0.00306
FE      0.43752      0.18751      0.56247      0.01172      0.00836     -0.01706
FE      0.43752      0.06249      0.68749      0.01247     -0.00436     -0.00475
FE      0.31239      0.18751      0.68761     -0.07200      0.00439      0.07127
FE      0.31242      0.06250      0.81257     -0.05415      0.00228      0.04920
FE      0.43751      0.18751      0.81251      0.00892      0.00450      0.00372
FE      0.43753      0.06250      0.93751      0.01854      0.00167      0.00498
FE      0.31259      0.18750      0.93749      0.05830     -0.00201     -0.00968
FE      0.31245      0.31240      0.06251     -0.03267     -0.07136      0.00841
FE      0.43751      0.43751      0.06249      0.00681      0.00837     -0.00454
FE      0.43749      0.31249      0.18750     -0.00451     -0.00690     -0.00293
FE      0.31249      0.43751      0.18752     -0.00450      0.00673      0.01020
FE      0.31249      0.31250      0.31249     -0.00563      0.00083     -0.00598
FE      0.43750      0.43751      0.31249      0.00291      0.00376     -0.00523
FE      0.43749      0.31250      0.43750     -0.00333     -0.00245      0.00235
FE      0.31250      0.43751      0.43751     -0.00242      0.00434      0.00473
FE      0.31249      0.31249      0.56250     -0.00905     -0.00634      0.00299
FE      0.43750      0.43751      0.56250      0.00203      0.00429     -0.00218
FE      0.43749      0.31249      0.68752     -0.00464     -0.00700      0.01196
FE      0.31250      0.43752      0.68750      0.00099      0.01178     -0.00202
FE      0.31253      0.31249      0.81247      0.01701     -0.00544     -0.02110
FE      0.43750      0.43750      0.81250      0.00206      0.00298     -0.00293
FE      0.43750      0.31248      0.93751      0.00306     -0.01383      0.00493
FE      0.31242      0.43742      0.93750     -0.05429     -0.05873      0.00127
FE      0.31249      0.56249      0.06250     -0.00550     -0.01026     -0.00230
FE      0.43751      0.68750      0.06249      0.00704      0.00067     -0.00371
FE      0.43750      0.56249      0.18751      0.00263     -0.00531      0.00389
FE      0.31249      0.68751      0.18751     -0.00942      0.01017      0.00560
FE      0.31249      0.56249      0.31250     -0.00383     -0.00541     -0.00309
FE      0.43751      0.68751      0.31249      0.00476      0.00550     -0.00354
FE      0.43751      0.56249      0.43751      0.00379     -0.00506      0.00392
FE      0.31249      0.68751      0.43751     -0.00387      0.00546      0.00469
FE      0.31249      0.56249      0.56249     -0.00391     -0.00547     -0.00462
FE      0.43751      0.68751      0.56249      0.00378      0.00509     -0.00392
FE      0.43751      0.56249      0.68751      0.00474     -0.00549      0.00350
FE      0.31249      0.68751      0.68750     -0.00391      0.00536      0.00304
FE      0.31249      0.56249      0.81249     -0.00938     -0.01016     -0.00559
FE      0.43750      0.68751      0.81249      0.00260      0.00531     -0.00387
FE      0.43751      0.56250      0.93751      0.00701     -0.00066      0.00369
FE      0.31249      0.68751      0.93750     -0.00550      0.01025      0.00229
FE      0.31242      0.81258      0.06250     -0.05433      0.05874     -0.00130
FE      0.43750      0.93752      0.06249      0.00306      0.01383     -0.00494
FE      0.43750      0.81250      0.18750      0.00216     -0.00301      0.00298
FE      0.31253      0.93751      0.18753      0.01697      0.00545      0.02117
FE      0.31250      0.81248      0.31250      0.00106     -0.01171      0.00200
FE      0.43749      0.93751      0.31248     -0.00462      0.00699     -0.01195
FE      0.43750      0.81249      0.43750      0.00204     -0.00428      0.00217
FE      0.31249      0.93751      0.43750     -0.00908      0.00633     -0.00300
FE      0.31250      0.81249      0.56249     -0.00243     -0.00434     -0.00470
FE      0.43749      0.93750      0.56250     -0.00336      0.00243     -0.00234
FE      0.43750      0.81249      0.68751      0.00288     -0.00375      0.00519
FE      0.31249      0.93750      0.68751     -0.00563     -0.00085      0.00596
FE      0.31249      0.81249      0.81248     -0.00445     -0.00670     -0.01017
FE      0.43749      0.93751      0.81250     -0.00453      0.00690      0.00296
FE      0.43751      0.81249      0.93751      0.00681     -0.00836      0.00456
FE      0.31245      0.93760      0.93749     -0.03266      0.07139     -0.00840
FE      0.56249      0.06249      0.06250     -0.00382     -0.00416     -0.00281
FE      0.68748      0.18750      0.06249     -0.01110     -0.00168     -0.00498
FE      0.68750      0.06249      0.18749     -0.00143     -0.00451     -0.00371
FE      0.56249      0.18751      0.18752     -0.00379      0.00378      0.01042
FE      0.56249      0.06249      0.31249     -0.00382     -0.00832     -0.00406
FE      0.68749      0.18751      0.31251     -0.00500      0.00433      0.00479
FE      0.68749      0.06249      0.43753     -0.00426     -0.00834      0.01706
FE      0.56249      0.18751      0.43750     -0.00380      0.00804     -0.00212
FE      0.56249      0.06249      0.56250     -0.00381     -0.00805      0.00211
FE      0.68749      0.18751      0.56247     -0.00427      0.00836     -0.01703
FE      0.68749      0.06249      0.68749     -0.00499     -0.00437     -0.00478
FE      0.56249      0.18751      0.68751     -0.00379      0.00833      0.00405
FE      0.56249      0.06249      0.81248     -0.00383     -0.00378     -0.01041
FE      0.68750      0.18751      0.81251     -0.00144      0.00450      0.00373
FE      0.68748      0.06250      0.93751     -0.01108      0.00169      0.00497
FE      0.56249      0.18751      0.93750     -0.00379      0.00416      0.00280
FE      0.56249      0.31249      0.06250     -0.00382     -0.00481     -0.00281
FE      0.68750      0.43751      0.06249      0.00064      0.00837     -0.00460
FE      0.68752      0.31249      0.18750      0.01199     -0.00691     -0.00294
FE      0.56249      0.43751      0.18751     -0.00381      0.00491      0.00459
FE      0.56249      0.31250      0.31249     -0.00381     -0.00236     -0.00852
FE      0.68751      0.43751      0.31249      0.00461      0.00381     -0.00517
FE      0.68752      0.31250      0.43750      0.01082     -0.00243      0.00237
FE      0.56249      0.43751      0.43751     -0.00375      0.00680      0.00369
FE      0.56249      0.31250      0.56250     -0.00378     -0.00002      0.00137
FE      0.68751      0.43751      0.56250      0.00542      0.00431     -0.00218
FE      0.68752      0.31249      0.68752      0.01212     -0.00695      0.01194
FE      0.56249      0.43751      0.68750     -0.00377      0.00486      0.00263
FE      0.56249      0.31249      0.81249     -0.00379     -0.00647     -0.00602
FE      0.68751      0.43750      0.81250      0.00539      0.00301     -0.00295
FE      0.68751      0.31248      0.93751      0.00441     -0.01382      0.00492
FE      0.56249      0.43751      0.93751     -0.00376      0.00660      0.00430
FE      0.56249      0.56249      0.06249     -0.00378     -0.00460     -0.00424
FE      0.68750      0.68750      0.06249      0.00046      0.00069     -0.00374
FE      0.68751      0.56249      0.18751      0.00485     -0.00530      0.00391
FE      0.56249      0.68751      0.18750     -0.00382      0.00443      0.00310
FE      0.56249      0.56249      0.31249     -0.00379     -0.00507     -0.00424
FE      0.68750      0.68751      0.31249      0.00277      0.00546     -0.00349
FE      0.68751      0.56249      0.43751      0.00377     -0.00501      0.00386
FE      0.56249      0.68751      0.43751     -0.00378      0.00494      0.00359
FE      0.56249      0.56249      0.56249     -0.00376     -0.00499     -0.00357
FE      0.68751      0.68751      0.56249      0.00370      0.00505     -0.00392
FE      0.68750      0.56249      0.68751      0.00275     -0.00547      0.00352
FE      0.56249      0.68751      0.68751     -0.00376      0.00508      0.00420
FE      0.56249      0.56249      0.81250     -0.00377     -0.00446     -0.00307
FE      0.68751      0.68751      0.81249      0.00484      0.00531     -0.00388
FE      0.68750      0.56250      0.93751      0.00044     -0.00066      0.00370
FE      0.56249      0.68751      0.93751     -0.00375      0.00460      0.00427
FE      0.56249      0.81249      0.06249     -0.00381     -0.00660     -0.00430
FE      0.68751      0.93752      0.06249      0.00440      0.01381     -0.00496
FE      0.68751      0.81250      0.18750      0.00540     -0.00301      0.00298
FE      0.56249      0.93751      0.18751     -0.00380      0.00646      0.00603
FE      0.56249      0.81249      0.31250     -0.00383     -0.00489     -0.00265
FE      0.68752      0.93751      0.31248      0.01212      0.00697     -0.01193
FE      0.68751      0.81249      0.43750      0.00544     -0.00429      0.00215
FE      0.56249      0.93750      0.43750     -0.00379      0.00003     -0.00137
FE      0.56249      0.81249      0.56249     -0.00379     -0.00678     -0.00363
FE      0.68752      0.93750      0.56250      0.01082      0.00243     -0.00235
FE      0.68751      0.81249      0.68751      0.00460     -0.00379      0.00518
FE      0.56249      0.93750      0.68751     -0.00379      0.00237      0.00849
FE      0.56249      0.81249      0.81249     -0.00380     -0.00491     -0.00458
FE      0.68752      0.93751      0.81250      0.01202      0.00690      0.00294
FE      0.68750      0.81249      0.93751      0.00068     -0.00838      0.00457
FE      0.56249      0.93751      0.93750     -0.00379      0.00481      0.00282
FE      0.81240      0.06250      0.06251     -0.06605      0.00198      0.00965
FE      0.93533      0.18835      0.06380     -1.44401      0.59311      0.86479
FE      0.93618      0.06251      0.18882     -0.87481      0.00548      0.87674
FE      0.81257      0.18750      0.18743      0.04648     -0.00231     -0.04917
FE      0.81260      0.06249      0.31239      0.06436     -0.00440     -0.07128
FE      0.93749      0.18750      0.31254     -0.00661     -0.00178      0.02447
FE      0.93751      0.06249      0.43752      0.00421     -0.00399      0.01512
FE      0.81250      0.18751      0.43750     -0.00272      0.00418     -0.00302
FE      0.81250      0.06249      0.56250     -0.00273     -0.00419      0.00303
FE      0.93751      0.18751      0.56248      0.00422      0.00399     -0.01512
FE      0.93749      0.06250      0.68746     -0.00660      0.00176     -0.02447
FE      0.81260      0.18751      0.68761      0.06436      0.00439      0.07127
FE      0.81257      0.06250      0.81257      0.04648      0.00226      0.04919
FE      0.93618      0.18749      0.81118     -0.87480     -0.00548     -0.87675
FE      0.93533      0.06165      0.93620     -1.44403     -0.59315     -0.86477
FE      0.81240      0.18750      0.93749     -0.06608     -0.00198     -0.00966
FE      0.81254      0.31240      0.06251      0.02508     -0.07139      0.00837
FE      0.93751      0.43758      0.06251      0.00518      0.05380      0.00875
FE      0.93747      0.31256      0.18755     -0.02105      0.04103      0.03326
FE      0.81250      0.43751      0.18752     -0.00311      0.00674      0.01020
FE      0.81250      0.31250      0.31249     -0.00197      0.00085     -0.00597
FE      0.93750      0.43750      0.31248      0.00326     -0.00177     -0.01194
FE      0.93751      0.31249      0.43750      0.00387     -0.00788      0.00151
FE      0.81249      0.43751      0.43751     -0.00518      0.00436      0.00471
FE      0.81250      0.31249      0.56250      0.00144     -0.00633      0.00301
FE      0.93751      0.43751      0.56250      0.00518      0.00374     -0.00123
FE      0.93749      0.31248      0.68748     -0.00854     -0.01463     -0.01117
FE      0.81249      0.43752      0.68750     -0.00868      0.01165     -0.00204
FE      0.81246      0.31249      0.81247     -0.02458     -0.00545     -0.02115
FE      0.93748      0.43758      0.81249     -0.01143      0.05456     -0.00923
FE      0.93660      0.31342      0.93749     -0.60015      0.64248     -0.00400
FE      0.81257      0.43742      0.93750      0.04665     -0.05872      0.00130
FE      0.81250      0.56249      0.06250     -0.00212     -0.01029     -0.00230
FE      0.93753      0.68752      0.06250      0.01776      0.01122     -0.00202
FE      0.93750      0.56249      0.18750      0.00084     -0.00995      0.00013
FE      0.81250      0.68751      0.18751      0.00182      0.01017      0.00562
FE      0.81249      0.56249      0.31250     -0.00379     -0.00542     -0.00308
FE      0.93750      0.68751      0.31248      0.00191      0.01045     -0.01161
FE      0.93751      0.56249      0.43750      0.00416     -0.00442      0.00192
FE      0.81249      0.68751      0.43751     -0.00375      0.00546      0.00463
FE      0.81249      0.56249      0.56249     -0.00375     -0.00549     -0.00464
FE      0.93751      0.68751      0.56250      0.00415      0.00443     -0.00193
FE      0.93750      0.56249      0.68752      0.00190     -0.01045      0.01157
FE      0.81249      0.68751      0.68750     -0.00381      0.00544      0.00302
FE      0.81250      0.56249      0.81249      0.00178     -0.01017     -0.00557
FE      0.93750      0.68751      0.81250      0.00084      0.00994     -0.00007
FE      0.93753      0.56248      0.93750      0.01782     -0.01124      0.00200
FE      0.81250      0.68751      0.93750     -0.00210      0.01028      0.00231
FE      0.81257      0.81258      0.06250      0.04668      0.05874     -0.00133
FE      0.93660      0.93658      0.06251     -0.60017     -0.64247      0.00397
FE      0.93748      0.81242      0.18751     -0.01140     -0.05442      0.00937
FE      0.81246      0.93751      0.18753     -0.02454      0.00546      0.02117
FE      0.81249      0.81248      0.31250     -0.00865     -0.01170      0.00199
FE      0.93749      0.93752      0.31252     -0.00853      0.01464      0.01117
FE      0.93751      0.81249      0.43750      0.00516     -0.00377      0.00121
FE      0.81250      0.93751      0.43750      0.00147      0.00634     -0.00299
FE      0.81249      0.81249      0.56249     -0.00515     -0.00436     -0.00467
FE      0.93751      0.93751      0.56250      0.00389      0.00786     -0.00153
FE      0.93750      0.81250      0.68752      0.00324      0.00179      0.01189
FE      0.81250      0.93750      0.68751     -0.00198     -0.00084      0.00594
FE      0.81250      0.81249      0.81248     -0.00316     -0.00672     -0.01019
FE      0.93747      0.93744      0.81245     -0.02105     -0.04101     -0.03325
FE      0.93751      0.81242      0.93749      0.00516     -0.05376     -0.00874
FE      0.81254      0.93760      0.93749      0.02506      0.07138     -0.00838
