/* Converted from PWscf output file */ 
#L_UNITS ang 
#E_UNITS eV 
#S_UNITS GPA 
#F_UNITS EV/ANG 
#ALAT 	   6.88626     // a0 
#X 	   1.00000     0.00000     0.00000     // X 
#Y 	   0.00000     1.05388     0.00000     // Y 
#Z 	   0.00000     0.00000     1.00000     // Z 
#SX 	   0.05717    -0.01021    -0.04550     // SX 
#SY 	  -0.01021     0.05615     0.01006     // SY 
#SZ 	  -0.04550     0.01006     0.05498     // SZ 
#EPA 	  -4.22981     // Energy per Atom 
#C 	1 1 1 
#W 	20.0 
#RCUT 	6.5        // Rcut 
PD      0.00669     -0.00182     -0.00662     -0.75277      0.20517      0.74425
FE      0.25521      0.25520      0.00000      0.03578      0.06399     -0.00055
FE      0.25703      0.00000      0.25703     -0.01609      0.00017      0.00832
FE      0.00000      0.25520      0.25521      0.00401     -0.09278     -0.08447
FE      0.00000      0.00000      0.50000     -0.00570     -0.00032     -0.02233
FE      0.25049      0.25094      0.50000      0.00071      0.00171     -0.01139
FE      0.25703      0.00000      0.74297      0.22855      0.00173     -0.22858
FE      0.00000      0.25520      0.74479      0.00077      0.06284     -0.03492
FE      0.00000      0.50000      0.00000     -0.00403     -0.00558      0.00406
FE      0.25521      0.74480      0.00000      0.09044     -0.11874      0.00071
FE      0.25085      0.50000      0.25085      0.00408     -0.00061     -0.00276
FE      0.00000      0.74480      0.25521      0.00323      0.05575     -0.04585
FE      0.00000      0.50000      0.50000     -0.00165     -0.00473     -0.01013
FE      0.25049      0.74906      0.50000      0.00335     -0.00335     -0.01195
FE      0.25085      0.50000      0.74915      0.00154     -0.00093     -0.00138
FE      0.00000      0.74480      0.74479     -0.00056     -0.11757     -0.08949
FE      0.50000      0.00000      0.00000      0.02269     -0.00035      0.00573
FE      0.74479      0.25520      0.00000      0.08485     -0.09339     -0.00404
FE      0.74297      0.00000      0.25703      0.16753     -0.00087     -0.16752
FE      0.50000      0.25094      0.25049      0.00914     -0.00234     -0.00196
FE      0.50000      0.00000      0.50000      0.03665      0.00027     -0.03637
FE      0.74951      0.25094      0.50000      0.00189     -0.00221     -0.00910
FE      0.74297      0.00000      0.74297     -0.00605      0.00008      0.01857
FE      0.50000      0.25094      0.74951      0.01145      0.00173     -0.00081
FE      0.50000      0.50000      0.00000      0.01024     -0.00474      0.00157
FE      0.74479      0.74480      0.00000      0.04637      0.05656     -0.00316
FE      0.74915      0.50000      0.25085     -0.00090     -0.00031      0.00093
FE      0.50000      0.74906      0.25049      0.00953      0.00127      0.00073
FE      0.50000      0.50000      0.50000      0.00104      0.00005     -0.00113
FE      0.74951      0.74906      0.50000     -0.00072      0.00117     -0.00951
FE      0.74915      0.50000      0.74915      0.00251     -0.00051     -0.00407
FE      0.50000      0.74906      0.74951      0.01212     -0.00317     -0.00339
