/* Converted from PWscf output file */ 
#L_UNITS ang 
#E_UNITS eV 
#S_UNITS GPA 
#F_UNITS EV/ANG 
#ALAT 	  13.68284     // a0 
#X 	   1.00000    -0.00000     0.00000     // X 
#Y 	  -0.00000     1.05705     0.00005     // Y 
#Z 	   0.00000     0.00004     1.00031     // Z 
#SX 	   0.04958     0.00000    -0.00000     // SX 
#SY 	   0.00000     0.01444    -0.00700     // SY 
#SZ 	  -0.00000    -0.00700     0.04521     // SZ 
#EPA 	  -4.25336     // Energy per Atom 
#C 	1 1 1 
#W 	1.0 
#RCUT 	6.5        // Rcut 
PD      0.06251      0.06016      0.06506      0.00045     -0.06484      0.06515
FE      0.19340      0.18986      0.06633     -0.00408     -0.00093      0.01095
FE      0.19238      0.06229      0.19233     -0.02740     -0.00295     -0.02236
FE      0.06247      0.19026      0.19076      0.00092     -0.01685     -0.00173
FE      0.06247      0.06238      0.31283      0.00018     -0.00351      0.00710
FE      0.18820      0.18789      0.31329      0.00576     -0.00158      0.00294
FE      0.18772      0.06243      0.43769      0.00379     -0.00432     -0.00193
FE      0.06248      0.18761      0.43766      0.00036      0.00057     -0.00114
FE      0.06248      0.06239      0.56234      0.00036     -0.00056      0.00114
FE      0.18772      0.18757      0.56231      0.00379      0.00432      0.00193
FE      0.18820      0.06211      0.68671      0.00576      0.00158     -0.00294
FE      0.06247      0.18762      0.68717      0.00018      0.00351     -0.00710
FE      0.06247      0.05974      0.80924      0.00092      0.01685      0.00173
FE      0.19238      0.18771      0.80767     -0.02740      0.00295      0.02236
FE      0.19340      0.06014      0.93367     -0.00408      0.00093     -0.01095
PD      0.06251      0.18984      0.93494      0.00045      0.06484     -0.06515
FE      0.06247      0.31574      0.06534     -0.00077     -0.01695     -0.01943
FE      0.18798      0.43845      0.06291     -0.00082      0.00028     -0.00186
FE      0.18838      0.31370      0.18852     -0.00301     -0.00431     -0.00496
FE      0.06248      0.43783      0.18789     -0.00027      0.01081      0.00195
FE      0.06248      0.31280      0.31292      0.00088      0.00517      0.00206
FE      0.18757      0.43783      0.31279      0.01404      0.01468      0.01169
FE      0.18764      0.31274      0.43772      0.00998      0.01055      0.00600
FE      0.06248      0.43778      0.43770      0.00021      0.01320      0.00444
FE      0.06248      0.31264      0.56237      0.00040      0.00720      0.00166
FE      0.18759      0.43779      0.56226      0.01283      0.01473     -0.00605
FE      0.18812      0.31305      0.68668      0.00592      0.00532     -0.00373
FE      0.06248      0.43800      0.68697      0.00045      0.00854     -0.00502
FE      0.06247      0.31582      0.80922     -0.00060     -0.04488      0.03951
FE      0.18800      0.43854      0.81194      0.00282      0.00014     -0.00093
FE      0.19077      0.31616      0.93729     -0.03019     -0.03571     -0.00035
FE      0.06247      0.43804      0.93752     -0.00027      0.00755     -0.00096
FE      0.06248      0.56250      0.06249      0.00045      0.00802      0.00231
FE      0.18757      0.68750      0.06251      0.00245     -0.00651      0.00166
FE      0.18756      0.56261      0.18769      0.00767      0.00949      0.00627
FE      0.06248      0.68751      0.18759      0.00037     -0.00649      0.00360
FE      0.06248      0.56267      0.31271      0.00065      0.00785      0.00840
FE      0.18756      0.68740      0.31265      0.00941     -0.00961      0.00995
FE      0.18757      0.56253      0.43758      0.00700      0.00869      0.00298
FE      0.06248      0.68731      0.43772      0.00049     -0.00765      0.00447
FE      0.06248      0.56269      0.56228      0.00050      0.00765     -0.00446
FE      0.18757      0.68747      0.56242      0.00701     -0.00870     -0.00298
FE      0.18756      0.56260      0.68735      0.00940      0.00961     -0.00996
FE      0.06248      0.68733      0.68729      0.00065     -0.00786     -0.00840
FE      0.06248      0.56249      0.81241      0.00037      0.00649     -0.00360
FE      0.18756      0.68739      0.81231      0.00767     -0.00949     -0.00627
FE      0.18757      0.56250      0.93749      0.00245      0.00652     -0.00166
FE      0.06248      0.68750      0.93751      0.00045     -0.00802     -0.00231
FE      0.06247      0.81196      0.06248     -0.00026     -0.00755      0.00096
FE      0.19077      0.93384      0.06271     -0.03019      0.03571      0.00035
FE      0.18800      0.81146      0.18806      0.00282     -0.00014      0.00093
FE      0.06247      0.93418      0.19078     -0.00060      0.04488     -0.03951
FE      0.06248      0.81200      0.31303      0.00045     -0.00854      0.00502
FE      0.18812      0.93695      0.31332      0.00592     -0.00532      0.00373
FE      0.18759      0.81221      0.43774      0.01283     -0.01472      0.00606
FE      0.06248      0.93736      0.43763      0.00040     -0.00720     -0.00166
FE      0.06248      0.81222      0.56230      0.00021     -0.01320     -0.00444
FE      0.18764      0.93726      0.56228      0.00998     -0.01055     -0.00600
FE      0.18757      0.81217      0.68721      0.01404     -0.01469     -0.01169
FE      0.06248      0.93720      0.68708      0.00088     -0.00517     -0.00206
FE      0.06248      0.81217      0.81211     -0.00028     -0.01081     -0.00195
FE      0.18838      0.93630      0.81148     -0.00301      0.00431      0.00496
FE      0.18798      0.81155      0.93709     -0.00082     -0.00028      0.00187
FE      0.06247      0.93426      0.93466     -0.00077      0.01695      0.01942
FE      0.31312      0.06215      0.06288      0.00768      0.00175     -0.00129
FE      0.43782      0.18759      0.06262     -0.00534     -0.00073      0.00211
FE      0.43800      0.06238      0.18792     -0.00094     -0.00956      0.00760
FE      0.31409      0.18790      0.18905     -0.02037     -0.00343     -0.02567
FE      0.31385      0.06240      0.31391     -0.00029     -0.00849     -0.00361
FE      0.43845      0.18761      0.31335      0.01403      0.00862      0.01994
FE      0.43827      0.06234      0.43821      0.02524     -0.00994      0.00964
FE      0.31294      0.18762      0.43788      0.01759      0.00916      0.00771
FE      0.31294      0.06238      0.56212      0.01759     -0.00916     -0.00771
FE      0.43827      0.18766      0.56179      0.02524      0.00994     -0.00965
FE      0.43845      0.06239      0.68665      0.01403     -0.00862     -0.01994
FE      0.31385      0.18760      0.68609     -0.00029      0.00850      0.00361
FE      0.31409      0.06210      0.81095     -0.02037      0.00343      0.02567
FE      0.43800      0.18762      0.81208     -0.00094      0.00956     -0.00760
FE      0.43782      0.06241      0.93738     -0.00534      0.00073     -0.00211
FE      0.31312      0.18785      0.93712      0.00768     -0.00175      0.00128
FE      0.31341      0.31305      0.06305     -0.00681     -0.00476      0.00283
FE      0.43789      0.43789      0.06252      0.00981      0.01167      0.00853
FE      0.43810      0.31277      0.18788      0.01042      0.01586      0.01694
FE      0.31282      0.43786      0.18775      0.01443      0.01800      0.01574
FE      0.31298      0.31277      0.31303      0.01864      0.02083      0.01498
FE      0.43764      0.43763      0.31257      0.00939      0.01583      0.01103
FE      0.43764      0.31266      0.43757      0.01986      0.01984      0.00425
FE      0.31258      0.43764      0.43757      0.01468      0.01829      0.00272
FE      0.31285      0.31265      0.56211      0.01980      0.02248     -0.00584
FE      0.43760      0.43759      0.56241      0.00834      0.01461     -0.00601
FE      0.43795      0.31263      0.68716      0.01079      0.01991     -0.01513
FE      0.31273      0.43777      0.68726      0.01525      0.01578     -0.01315
FE      0.31329      0.31305      0.81176      0.00553      0.00755     -0.00482
FE      0.43779      0.43778      0.81240      0.00927      0.01165     -0.01267
FE      0.43781      0.31273      0.93750      0.00195      0.00573     -0.00785
FE      0.31294      0.43789      0.93753      0.00534      0.00950     -0.00704
FE      0.31267      0.56260      0.06247      0.00897      0.00969      0.00779
FE      0.43776      0.68733      0.06251      0.00797     -0.00677      0.00262
FE      0.43763      0.56252      0.18758      0.00691      0.00600      0.00690
FE      0.31264      0.68739      0.18755      0.01127     -0.01000      0.01081
FE      0.31254      0.56252      0.31256      0.01021      0.00669      0.00865
FE      0.43760      0.68747      0.31252      0.00509     -0.00686      0.00737
FE      0.43755      0.56249      0.43754      0.00405      0.00507      0.00148
FE      0.31253      0.68747      0.43757      0.00819     -0.00671      0.00312
FE      0.31253      0.56253      0.56243      0.00818      0.00671     -0.00312
FE      0.43755      0.68751      0.56246      0.00405     -0.00507     -0.00148
FE      0.43760      0.56253      0.68748      0.00508      0.00686     -0.00737
FE      0.31254      0.68748      0.68744      0.01021     -0.00668     -0.00865
FE      0.31264      0.56261      0.81245      0.01127      0.01000     -0.01080
FE      0.43763      0.68748      0.81242      0.00691     -0.00600     -0.00689
FE      0.43776      0.56267      0.93749      0.00797      0.00677     -0.00262
FE      0.31267      0.68740      0.93753      0.00897     -0.00969     -0.00779
FE      0.31294      0.81211      0.06247      0.00533     -0.00951      0.00704
FE      0.43781      0.93727      0.06250      0.00195     -0.00573      0.00785
FE      0.43779      0.81222      0.18760      0.00928     -0.01165      0.01267
FE      0.31329      0.93695      0.18824      0.00553     -0.00755      0.00482
FE      0.31273      0.81223      0.31274      0.01525     -0.01578      0.01315
FE      0.43795      0.93737      0.31284      0.01079     -0.01992      0.01513
FE      0.43760      0.81241      0.43759      0.00834     -0.01461      0.00601
FE      0.31285      0.93735      0.43789      0.01979     -0.02248      0.00584
FE      0.31258      0.81236      0.56243      0.01468     -0.01829     -0.00272
FE      0.43764      0.93734      0.56243      0.01986     -0.01984     -0.00425
FE      0.43764      0.81237      0.68743      0.00939     -0.01583     -0.01104
FE      0.31298      0.93723      0.68697      0.01864     -0.02083     -0.01498
FE      0.31282      0.81214      0.81225      0.01443     -0.01800     -0.01574
FE      0.43810      0.93723      0.81212      0.01042     -0.01586     -0.01694
FE      0.43789      0.81211      0.93748      0.00981     -0.01167     -0.00853
FE      0.31341      0.93695      0.93695     -0.00681      0.00476     -0.00283
FE      0.56248      0.06243      0.06255      0.00047     -0.00319      0.00236
FE      0.68722      0.18759      0.06263      0.00405     -0.00075      0.00268
FE      0.68704      0.06239      0.18792      0.00050     -0.00851      0.00727
FE      0.56247      0.18757      0.18776     -0.00006      0.00221      0.00788
FE      0.56248      0.06236      0.31268      0.00033     -0.00853      0.01822
FE      0.68657      0.18760      0.31336     -0.01666      0.00807      0.01938
FE      0.68677      0.06235      0.43820     -0.02741     -0.00893      0.00890
FE      0.56248      0.18764      0.43760      0.00019      0.01001      0.01001
FE      0.56248      0.06236      0.56240      0.00019     -0.01001     -0.01001
FE      0.68677      0.18765      0.56180     -0.02742      0.00893     -0.00890
FE      0.68657      0.06240      0.68664     -0.01666     -0.00807     -0.01938
FE      0.56248      0.18764      0.68732      0.00033      0.00853     -0.01822
FE      0.56247      0.06243      0.81224     -0.00007     -0.00221     -0.00788
FE      0.68704      0.18761      0.81208      0.00049      0.00851     -0.00726
FE      0.68722      0.06241      0.93737      0.00406      0.00075     -0.00268
FE      0.56248      0.18757      0.93745      0.00048      0.00319     -0.00236
FE      0.56248      0.31257      0.06255      0.00042      0.00875      0.00257
FE      0.68717      0.43789      0.06253     -0.01083      0.01124      0.00898
FE      0.68694      0.31278      0.18788     -0.01247      0.01629      0.01679
FE      0.56248      0.43765      0.18761      0.00015      0.02019      0.01263
FE      0.56248      0.31267      0.31260      0.00063      0.02208      0.02437
FE      0.68741      0.43763      0.31257     -0.01039      0.01570      0.01138
FE      0.68741      0.31266      0.43757     -0.02135      0.02015      0.00396
FE      0.56248      0.43759      0.43754      0.00035      0.01063      0.00229
FE      0.56248      0.31266      0.56242      0.00034      0.01687     -0.01517
FE      0.68745      0.43759      0.56241     -0.00901      0.01462     -0.00595
FE      0.68709      0.31263      0.68715     -0.01320      0.02025     -0.01583
FE      0.56248      0.43761      0.68744      0.00034      0.01679     -0.01215
FE      0.56248      0.31260      0.81234      0.00055      0.01481     -0.00869
FE      0.68726      0.43778      0.81241     -0.01006      0.01145     -0.01245
FE      0.68723      0.31273      0.93750     -0.00324      0.00584     -0.00801
FE      0.56248      0.43762      0.93751      0.00035      0.01253     -0.00374
FE      0.56248      0.56253      0.06249      0.00044      0.00800      0.00511
FE      0.68729      0.68732      0.06251     -0.00945     -0.00726      0.00284
FE      0.68742      0.56252      0.18758     -0.00789      0.00627      0.00684
FE      0.56248      0.68748      0.18756      0.00037     -0.00889      0.00633
FE      0.56248      0.56249      0.31251      0.00047      0.00509      0.00543
FE      0.68745      0.68747      0.31252     -0.00613     -0.00699      0.00744
FE      0.68750      0.56249      0.43754     -0.00495      0.00517      0.00147
FE      0.56248      0.68751      0.43754      0.00044     -0.00502      0.00230
FE      0.56248      0.56249      0.56246      0.00044      0.00502     -0.00230
FE      0.68750      0.68751      0.56246     -0.00495     -0.00517     -0.00147
FE      0.68745      0.56253      0.68748     -0.00613      0.00699     -0.00744
FE      0.56248      0.68751      0.68749      0.00047     -0.00509     -0.00544
FE      0.56248      0.56252      0.81244      0.00037      0.00889     -0.00633
FE      0.68742      0.68748      0.81242     -0.00789     -0.00627     -0.00683
FE      0.68729      0.56268      0.93749     -0.00945      0.00726     -0.00285
FE      0.56248      0.68747      0.93751      0.00044     -0.00800     -0.00511
FE      0.56248      0.81238      0.06249      0.00034     -0.01253      0.00374
FE      0.68723      0.93727      0.06250     -0.00324     -0.00584      0.00800
FE      0.68726      0.81222      0.18759     -0.01006     -0.01145      0.01245
FE      0.56248      0.93740      0.18766      0.00055     -0.01481      0.00869
FE      0.56248      0.81239      0.31256      0.00033     -0.01679      0.01215
FE      0.68709      0.93737      0.31285     -0.01320     -0.02025      0.01583
FE      0.68745      0.81241      0.43759     -0.00901     -0.01462      0.00595
FE      0.56248      0.93734      0.43758      0.00034     -0.01687      0.01517
FE      0.56248      0.81241      0.56246      0.00034     -0.01063     -0.00229
FE      0.68741      0.93734      0.56243     -0.02135     -0.02015     -0.00395
FE      0.68741      0.81237      0.68743     -0.01038     -0.01570     -0.01138
FE      0.56248      0.93733      0.68740      0.00063     -0.02208     -0.02437
FE      0.56248      0.81235      0.81239      0.00016     -0.02019     -0.01263
FE      0.68694      0.93722      0.81212     -0.01247     -0.01629     -0.01679
FE      0.68717      0.81211      0.93747     -0.01083     -0.01124     -0.00899
FE      0.56248      0.93743      0.93745      0.00042     -0.00875     -0.00257
FE      0.81183      0.06215      0.06287     -0.00588      0.00266     -0.00203
FE      0.93167      0.18987      0.06634      0.00234     -0.00090      0.01120
FE      0.93262      0.06227      0.19233      0.03075     -0.00255     -0.02227
FE      0.81091      0.18792      0.18904      0.02920     -0.00297     -0.02706
FE      0.81114      0.06240      0.31391      0.00514     -0.00889     -0.00299
FE      0.93683      0.18788      0.31330     -0.00746     -0.00180      0.00297
FE      0.93732      0.06243      0.43769     -0.00484     -0.00413     -0.00179
FE      0.81201      0.18762      0.43789     -0.01727      0.00971      0.00801
FE      0.81201      0.06238      0.56211     -0.01727     -0.00971     -0.00801
FE      0.93732      0.18757      0.56231     -0.00483      0.00413      0.00178
FE      0.93683      0.06212      0.68670     -0.00746      0.00180     -0.00297
FE      0.81114      0.18760      0.68609      0.00514      0.00889      0.00299
FE      0.81091      0.06208      0.81096      0.02920      0.00297      0.02706
FE      0.93262      0.18773      0.80767      0.03075      0.00255      0.02227
FE      0.93167      0.06013      0.93366      0.00234      0.00090     -0.01120
FE      0.81183      0.18785      0.93713     -0.00588     -0.00266      0.00203
FE      0.81156      0.31304      0.06305      0.00919     -0.00533      0.00338
FE      0.93707      0.43845      0.06291     -0.00141      0.00055     -0.00129
FE      0.93664      0.31371      0.18852      0.00031     -0.00432     -0.00400
FE      0.81214      0.43786      0.18775     -0.01430      0.01859      0.01635
FE      0.81199      0.31277      0.31303     -0.01706      0.02040      0.01502
FE      0.93748      0.43784      0.31279     -0.01505      0.01482      0.01198
FE      0.93741      0.31274      0.43772     -0.01129      0.01080      0.00587
FE      0.81238      0.43764      0.43757     -0.01407      0.01846      0.00286
FE      0.81210      0.31264      0.56210     -0.01912      0.02189     -0.00648
FE      0.93746      0.43779      0.56226     -0.01327      0.01477     -0.00602
FE      0.93690      0.31306      0.68667     -0.00870      0.00615     -0.00445
FE      0.81223      0.43778      0.68726     -0.01442      0.01616     -0.01281
FE      0.81167      0.31304      0.81174     -0.00408      0.00712     -0.00546
FE      0.93706      0.43854      0.81195     -0.00398      0.00008     -0.00054
FE      0.93415      0.31615      0.93730      0.03155     -0.03579      0.00017
FE      0.81201      0.43790      0.93753     -0.00498      0.01081     -0.00621
FE      0.81229      0.56260      0.06247     -0.00807      0.00949      0.00760
FE      0.93748      0.68750      0.06251     -0.00352     -0.00690      0.00177
FE      0.93749      0.56261      0.18769     -0.00863      0.00968      0.00632
FE      0.81232      0.68739      0.18755     -0.01031     -0.00966      0.01091
FE      0.81242      0.56252      0.31256     -0.00929      0.00659      0.00863
FE      0.93749      0.68740      0.31265     -0.01064     -0.00967      0.00997
FE      0.93748      0.56253      0.43758     -0.00781      0.00890      0.00290
FE      0.81243      0.68748      0.43757     -0.00731     -0.00657      0.00322
FE      0.81243      0.56252      0.56243     -0.00731      0.00656     -0.00322
FE      0.93748      0.68747      0.56242     -0.00781     -0.00890     -0.00290
FE      0.93749      0.56260      0.68735     -0.01063      0.00967     -0.00997
FE      0.81242      0.68748      0.68744     -0.00929     -0.00658     -0.00863
FE      0.81232      0.56261      0.81245     -0.01031      0.00966     -0.01091
FE      0.93749      0.68739      0.81231     -0.00863     -0.00968     -0.00632
FE      0.93748      0.56250      0.93749     -0.00352      0.00690     -0.00178
FE      0.81229      0.68740      0.93753     -0.00807     -0.00949     -0.00760
FE      0.81201      0.81210      0.06247     -0.00498     -0.01081      0.00621
FE      0.93415      0.93385      0.06270      0.03155      0.03579     -0.00017
FE      0.93706      0.81146      0.18805     -0.00399     -0.00008      0.00055
FE      0.81167      0.93696      0.18826     -0.00407     -0.00712      0.00547
FE      0.81223      0.81222      0.31274     -0.01442     -0.01616      0.01281
FE      0.93690      0.93694      0.31333     -0.00870     -0.00616      0.00445
FE      0.93746      0.81221      0.43774     -0.01327     -0.01477      0.00602
FE      0.81210      0.93736      0.43790     -0.01912     -0.02189      0.00649
FE      0.81238      0.81236      0.56243     -0.01407     -0.01846     -0.00286
FE      0.93741      0.93726      0.56228     -0.01129     -0.01080     -0.00587
FE      0.93748      0.81216      0.68721     -0.01505     -0.01482     -0.01199
FE      0.81199      0.93723      0.68697     -0.01706     -0.02040     -0.01502
FE      0.81214      0.81214      0.81225     -0.01431     -0.01859     -0.01634
FE      0.93664      0.93629      0.81148      0.00031      0.00432      0.00400
FE      0.93707      0.81155      0.93709     -0.00141     -0.00055      0.00129
FE      0.81156      0.93696      0.93695      0.00919      0.00533     -0.00338
