/* Converted from PWscf output file */ 
#L_UNITS ang 
#E_UNITS eV 
#S_UNITS GPA 
#F_UNITS EV/ANG 
#ALAT 	   6.88626     // a0 
#X 	   1.00000     0.00000     0.00000     // X 
#Y 	   0.00000     1.05298     0.00000     // Y 
#Z 	   0.00000     0.00000     1.00000     // Z 
#SX 	  13.07638    -0.02115    -0.04171     // SX 
#SY 	  -0.02115    11.34998    -0.02115     // SY 
#SZ 	  -0.04171    -0.02115    13.07638     // SZ 
#EPA 	  -4.09483     // Energy per Atom 
#C 	1 1 1 
#W 	20.0 
#RCUT 	6.5        // Rcut 
PD      0.00000      0.00000      0.00000     -1.47728     -1.33634     -1.47728
PD      0.25521      0.25520      0.00000      0.57508      0.39687     -1.51612
PD      0.25703      0.00000      0.25703      0.26315     -1.28219      0.26315
PD      0.00000      0.25520      0.25521     -1.51612      0.39687      0.57508
FE      0.00000      0.00000      0.50000     -0.81442     -0.51987      1.22829
FE      0.25049      0.25094      0.50000      0.83707      0.57017      1.37963
FE      0.25703      0.00000      0.74297      0.03347     -0.41463     -0.35478
FE      0.00000      0.25520      0.74479     -0.68046     -0.00033     -0.61477
FE      0.00000      0.50000      0.00000     -0.55192      1.04750     -0.55192
FE      0.25521      0.74480      0.00000      0.04260     -0.39612     -0.45423
FE      0.25085      0.50000      0.25085      0.53879      1.14540      0.53879
FE      0.00000      0.74480      0.25521     -0.45423     -0.39612      0.04260
FE      0.00000      0.50000      0.50000     -0.09452      0.61316      0.63995
FE      0.25049      0.74906      0.50000      0.03623     -0.58140      0.54840
FE      0.25085      0.50000      0.74915      0.03951      0.53373     -0.53372
FE      0.00000      0.74480      0.74479     -0.08608      0.04010      0.00130
FE      0.50000      0.00000      0.00000      1.22829     -0.51987     -0.81442
FE      0.74479      0.25520      0.00000     -0.61477     -0.00033     -0.68046
FE      0.74297      0.00000      0.25703     -0.35478     -0.41463      0.03347
FE      0.50000      0.25094      0.25049      1.37963      0.57017      0.83707
FE      0.50000      0.00000      0.50000      1.04000      0.02119      1.04000
FE      0.74951      0.25094      0.50000     -0.90191     -0.03214      0.88750
FE      0.74297      0.00000      0.74297     -0.08058      0.01234     -0.08058
FE      0.50000      0.25094      0.74951      0.88750     -0.03214     -0.90191
FE      0.50000      0.50000      0.00000      0.63995      0.61316     -0.09452
FE      0.74479      0.74480      0.00000      0.00130      0.04010     -0.08608
FE      0.74915      0.50000      0.25085     -0.53372      0.53373      0.03951
FE      0.50000      0.74906      0.25049      0.54840     -0.58140      0.03623
FE      0.50000      0.50000      0.50000      0.08604     -0.02957      0.08604
FE      0.74951      0.74906      0.50000     -0.04320      0.01876      0.07020
FE      0.74915      0.50000      0.74915     -0.04320     -0.03490     -0.04320
FE      0.50000      0.74906      0.74951      0.07020      0.01876     -0.04320
