/* Converted from PWscf output file */ 
#L_UNITS ang 
#E_UNITS eV 
#S_UNITS GPA 
#F_UNITS EV/ANG 
#ALAT 	  13.68436     // a0 
#X 	   1.00000    -0.00000    -0.00000     // X 
#Y 	  -0.00000     1.05683     0.00003     // Y 
#Z 	  -0.00000     0.00003     1.00031     // Z 
#SX 	  -0.00350     0.00000     0.00000     // SX 
#SY 	   0.00000     0.01998    -0.00175     // SY 
#SZ 	   0.00000    -0.00175    -0.00963     // SZ 
#EPA 	  -4.25337     // Energy per Atom 
#C 	1 1 1 
#W 	1.0 
#RCUT 	6.5        // Rcut 
PD      0.06251      0.06008      0.06516      0.00055     -0.01842      0.01850
FE      0.19339      0.18986      0.06637      0.01779      0.00729      0.01858
FE      0.19235      0.06227      0.19231      0.00068     -0.00117      0.00317
FE      0.06248      0.19023      0.19078      0.00042     -0.00181      0.00893
FE      0.06247      0.06236      0.31286      0.00031     -0.00252      0.01057
FE      0.18823      0.18789      0.31331      0.00224     -0.00379     -0.00078
FE      0.18774      0.06241      0.43769      0.00400     -0.00383     -0.00080
FE      0.06248      0.18761      0.43766      0.00034      0.00059     -0.00132
FE      0.06248      0.06239      0.56234      0.00034     -0.00059      0.00132
FE      0.18774      0.18759      0.56231      0.00400      0.00383      0.00080
FE      0.18823      0.06211      0.68669      0.00223      0.00379      0.00077
FE      0.06247      0.18764      0.68714      0.00031      0.00252     -0.01057
FE      0.06248      0.05977      0.80922      0.00042      0.00181     -0.00894
FE      0.19235      0.18773      0.80769      0.00068      0.00117     -0.00317
FE      0.19339      0.06014      0.93363      0.01779     -0.00729     -0.01858
PD      0.06251      0.18992      0.93484      0.00055      0.01842     -0.01850
FE      0.06246      0.31571      0.06530     -0.00035     -0.00651     -0.00094
FE      0.18799      0.43846      0.06291     -0.00247     -0.00414     -0.00387
FE      0.18839      0.31371      0.18853     -0.00689     -0.00873     -0.00727
FE      0.06247      0.43787      0.18791     -0.00035      0.00278     -0.00328
FE      0.06248      0.31282      0.31294      0.00063     -0.00047     -0.00335
FE      0.18762      0.43788      0.31283      0.01068      0.01007      0.00611
FE      0.18767      0.31278      0.43774      0.00808      0.00761      0.00314
FE      0.06248      0.43782      0.43771      0.00008      0.01010      0.00270
FE      0.06248      0.31267      0.56237      0.00024      0.00667      0.00122
FE      0.18763      0.43783      0.56224      0.01021      0.01102     -0.00222
FE      0.18815      0.31308      0.68666      0.00070      0.00078      0.00239
FE      0.06248      0.43803      0.68695      0.00027     -0.00181      0.00430
FE      0.06247      0.31575      0.80928     -0.00049     -0.01530      0.00864
FE      0.18801      0.43855      0.81193     -0.00094     -0.00580      0.00246
FE      0.19072      0.31610      0.93729     -0.00495     -0.01406      0.00095
FE      0.06247      0.43807      0.93752     -0.00025      0.00743     -0.00071
FE      0.06248      0.56253      0.06250      0.00029      0.00541      0.00117
FE      0.18758      0.68748      0.06252      0.00190     -0.00454      0.00157
FE      0.18758      0.56264      0.18771      0.00672      0.00598      0.00429
FE      0.06248      0.68749      0.18761      0.00021     -0.00426      0.00314
FE      0.06248      0.56269      0.31274      0.00044      0.00501      0.00564
FE      0.18759      0.68737      0.31268      0.00807     -0.00587      0.00596
FE      0.18760      0.56255      0.43759      0.00654      0.00733      0.00201
FE      0.06248      0.68729      0.43773      0.00032     -0.00388      0.00184
FE      0.06248      0.56271      0.56227      0.00033      0.00388     -0.00184
FE      0.18760      0.68745      0.56241      0.00655     -0.00733     -0.00201
FE      0.18759      0.56263      0.68732      0.00807      0.00587     -0.00598
FE      0.06248      0.68731      0.68726      0.00044     -0.00501     -0.00564
FE      0.06248      0.56251      0.81239      0.00021      0.00426     -0.00314
FE      0.18758      0.68736      0.81229      0.00672     -0.00598     -0.00429
FE      0.18758      0.56252      0.93748      0.00190      0.00455     -0.00157
FE      0.06248      0.68747      0.93750      0.00029     -0.00541     -0.00118
FE      0.06247      0.81193      0.06248     -0.00025     -0.00743      0.00071
FE      0.19072      0.93390      0.06271     -0.00495      0.01406     -0.00095
FE      0.18801      0.81145      0.18807     -0.00094      0.00580     -0.00246
FE      0.06247      0.93425      0.19072     -0.00049      0.01530     -0.00863
FE      0.06248      0.81197      0.31305      0.00026      0.00181     -0.00430
FE      0.18815      0.93692      0.31334      0.00070     -0.00078     -0.00239
FE      0.18763      0.81217      0.43776      0.01021     -0.01102      0.00223
FE      0.06248      0.93733      0.43763      0.00024     -0.00667     -0.00122
FE      0.06248      0.81218      0.56229      0.00008     -0.01010     -0.00269
FE      0.18767      0.93722      0.56226      0.00808     -0.00762     -0.00314
FE      0.18762      0.81212      0.68717      0.01068     -0.01007     -0.00612
FE      0.06248      0.93718      0.68706      0.00063      0.00047      0.00335
FE      0.06247      0.81213      0.81209     -0.00035     -0.00278      0.00328
FE      0.18839      0.93629      0.81147     -0.00689      0.00873      0.00727
FE      0.18799      0.81154      0.93709     -0.00247      0.00414      0.00387
FE      0.06246      0.93429      0.93470     -0.00035      0.00651      0.00094
FE      0.31315      0.06215      0.06289      0.00501      0.00337     -0.00323
FE      0.43781      0.18759      0.06263     -0.00362     -0.00011      0.00170
FE      0.43801      0.06235      0.18795     -0.00319     -0.00708      0.00412
FE      0.31407      0.18790      0.18901     -0.02912     -0.00580     -0.03135
FE      0.31387      0.06238      0.31393     -0.01619     -0.00660     -0.01966
FE      0.43850      0.18763      0.31342      0.00095      0.00618      0.00658
FE      0.43835      0.06231      0.43824      0.01109     -0.00887     -0.00047
FE      0.31300      0.18765      0.43791      0.01146      0.00675      0.00283
FE      0.31300      0.06235      0.56209      0.01146     -0.00675     -0.00283
FE      0.43835      0.18769      0.56176      0.01109      0.00887      0.00047
FE      0.43850      0.06237      0.68658      0.00095     -0.00618     -0.00658
FE      0.31387      0.18762      0.68607     -0.01619      0.00660      0.01966
FE      0.31407      0.06210      0.81099     -0.02912      0.00580      0.03135
FE      0.43801      0.18765      0.81205     -0.00319      0.00708     -0.00412
FE      0.43781      0.06241      0.93737     -0.00362      0.00012     -0.00170
FE      0.31315      0.18785      0.93711      0.00501     -0.00337      0.00322
FE      0.31340      0.31306      0.06306     -0.01338     -0.01001     -0.00138
FE      0.43792      0.43793      0.06255      0.00419      0.00698      0.00615
FE      0.43814      0.31282      0.18794      0.00219      0.01053      0.00957
FE      0.31286      0.43792      0.18780      0.00836      0.01236      0.01061
FE      0.31304      0.31283      0.31308      0.01011      0.01520      0.00654
FE      0.43767      0.43769      0.31261      0.00775      0.01633      0.00928
FE      0.43770      0.31273      0.43759      0.01426      0.01875      0.00324
FE      0.31262      0.43770      0.43758      0.01289      0.01691      0.00215
FE      0.31292      0.31271      0.56209      0.01290      0.01825      0.00024
FE      0.43763      0.43764      0.56239      0.00781      0.01638     -0.00488
FE      0.43799      0.31269      0.68712      0.00437      0.01732     -0.00851
FE      0.31278      0.43782      0.68721      0.01077      0.01324     -0.00836
FE      0.31332      0.31308      0.81173     -0.00051      0.00238      0.00069
FE      0.43782      0.43782      0.81236      0.00512      0.00924     -0.01031
FE      0.43782      0.31275      0.93748     -0.00052      0.00426     -0.00550
FE      0.31296      0.43792      0.93751     -0.00295     -0.00042     -0.00542
FE      0.31270      0.56263      0.06249      0.00634      0.00616      0.00629
FE      0.43779      0.68731      0.06252      0.00451     -0.00348      0.00228
FE      0.43765      0.56254      0.18760      0.00523      0.00593      0.00680
FE      0.31268      0.68736      0.18758      0.00790     -0.00575      0.00922
FE      0.31257      0.56254      0.31259      0.00949      0.00648      0.00736
FE      0.43762      0.68745      0.31255      0.00490     -0.00651      0.00728
FE      0.43757      0.56251      0.43755      0.00522      0.00599      0.00192
FE      0.31256      0.68745      0.43758      0.00848     -0.00640      0.00257
FE      0.31256      0.56255      0.56242      0.00848      0.00640     -0.00256
FE      0.43757      0.68749      0.56245      0.00522     -0.00599     -0.00192
FE      0.43762      0.56255      0.68745      0.00490      0.00651     -0.00729
FE      0.31257      0.68746      0.68741      0.00948     -0.00648     -0.00736
FE      0.31268      0.56264      0.81242      0.00791      0.00575     -0.00921
FE      0.43765      0.68746      0.81239      0.00523     -0.00593     -0.00680
FE      0.43779      0.56269      0.93748      0.00451      0.00348     -0.00228
FE      0.31270      0.68737      0.93751      0.00634     -0.00616     -0.00629
FE      0.31296      0.81208      0.06249     -0.00295      0.00042      0.00542
FE      0.43782      0.93725      0.06252     -0.00052     -0.00426      0.00550
FE      0.43782      0.81218      0.18764      0.00513     -0.00924      0.01031
FE      0.31332      0.93692      0.18827     -0.00051     -0.00237     -0.00069
FE      0.31278      0.81218      0.31279      0.01077     -0.01324      0.00836
FE      0.43799      0.93731      0.31288      0.00437     -0.01732      0.00851
FE      0.43763      0.81236      0.43761      0.00781     -0.01638      0.00487
FE      0.31292      0.93729      0.43791      0.01290     -0.01825     -0.00024
FE      0.31262      0.81230      0.56242      0.01289     -0.01691     -0.00215
FE      0.43770      0.93727      0.56241      0.01426     -0.01875     -0.00324
FE      0.43767      0.81231      0.68739      0.00775     -0.01633     -0.00928
FE      0.31304      0.93717      0.68692      0.01011     -0.01520     -0.00654
FE      0.31286      0.81208      0.81220      0.00836     -0.01235     -0.01061
FE      0.43814      0.93718      0.81206      0.00219     -0.01053     -0.00957
FE      0.43792      0.81207      0.93745      0.00419     -0.00698     -0.00615
FE      0.31340      0.93694      0.93694     -0.01338      0.01001      0.00138
FE      0.56248      0.06242      0.06256      0.00052     -0.00277      0.00238
FE      0.68722      0.18759      0.06264      0.00309     -0.00004      0.00221
FE      0.68704      0.06236      0.18795      0.00334     -0.00613      0.00405
FE      0.56247      0.18758      0.18779     -0.00020      0.00184      0.00668
FE      0.56248      0.06233      0.31273      0.00019     -0.00771      0.01166
FE      0.68652      0.18763      0.31342     -0.00252      0.00576      0.00542
FE      0.68668      0.06232      0.43823     -0.01318     -0.00798     -0.00127
FE      0.56248      0.18767      0.43762      0.00006      0.00897      0.00475
FE      0.56248      0.06233      0.56238      0.00006     -0.00897     -0.00475
FE      0.68668      0.18768      0.56177     -0.01318      0.00798      0.00127
FE      0.68652      0.06237      0.68658     -0.00252     -0.00576     -0.00542
FE      0.56248      0.18767      0.68727      0.00019      0.00771     -0.01166
FE      0.56247      0.06242      0.81221     -0.00021     -0.00184     -0.00668
FE      0.68704      0.18764      0.81205      0.00334      0.00613     -0.00405
FE      0.68722      0.06241      0.93736      0.00309      0.00004     -0.00221
FE      0.56248      0.18758      0.93744      0.00052      0.00277     -0.00238
FE      0.56248      0.31260      0.06256      0.00026      0.00764      0.00231
FE      0.68713      0.43792      0.06255     -0.00504      0.00659      0.00655
FE      0.68690      0.31283      0.18794     -0.00361      0.01053      0.00939
FE      0.56248      0.43771      0.18765     -0.00007      0.01726      0.01099
FE      0.56248      0.31274      0.31267      0.00050      0.01924      0.01783
FE      0.68737      0.43769      0.31261     -0.00848      0.01616      0.00968
FE      0.68735      0.31273      0.43758     -0.01558      0.01903      0.00290
FE      0.56248      0.43763      0.43755      0.00011      0.01467      0.00292
FE      0.56248      0.31272      0.56237      0.00011      0.01782     -0.01041
FE      0.68742      0.43764      0.56240     -0.00811      0.01631     -0.00478
FE      0.68704      0.31269      0.68710     -0.00615      0.01738     -0.00887
FE      0.56248      0.43767      0.68740      0.00018      0.01655     -0.01097
FE      0.56248      0.31264      0.81231      0.00048      0.01235     -0.00718
FE      0.68723      0.43782      0.81237     -0.00549      0.00895     -0.01005
FE      0.68722      0.31276      0.93748     -0.00016      0.00422     -0.00552
FE      0.56248      0.43766      0.93750      0.00020      0.01078     -0.00307
FE      0.56248      0.56255      0.06251      0.00027      0.00633      0.00442
FE      0.68726      0.68730      0.06252     -0.00562     -0.00385      0.00245
FE      0.68739      0.56254      0.18760     -0.00592      0.00620      0.00672
FE      0.56248      0.68745      0.18758      0.00018     -0.00733      0.00652
FE      0.56248      0.56251      0.31253      0.00031      0.00598      0.00636
FE      0.68743      0.68745      0.31255     -0.00570     -0.00663      0.00736
FE      0.68748      0.56251      0.43755     -0.00583      0.00612      0.00190
FE      0.56248      0.68749      0.43755      0.00027     -0.00609      0.00304
FE      0.56248      0.56251      0.56245      0.00027      0.00609     -0.00304
FE      0.68748      0.68749      0.56245     -0.00583     -0.00612     -0.00190
FE      0.68743      0.56255      0.68745     -0.00570      0.00663     -0.00735
FE      0.56248      0.68749      0.68747      0.00031     -0.00598     -0.00637
FE      0.56248      0.56255      0.81242      0.00018      0.00733     -0.00652
FE      0.68739      0.68746      0.81240     -0.00592     -0.00620     -0.00672
FE      0.68726      0.56270      0.93748     -0.00562      0.00385     -0.00246
FE      0.56248      0.68745      0.93749      0.00027     -0.00633     -0.00442
FE      0.56248      0.81234      0.06250      0.00019     -0.01078      0.00307
FE      0.68722      0.93724      0.06252     -0.00016     -0.00422      0.00552
FE      0.68723      0.81218      0.18763     -0.00549     -0.00895      0.01006
FE      0.56248      0.93736      0.18769      0.00048     -0.01235      0.00718
FE      0.56248      0.81233      0.31260      0.00017     -0.01655      0.01097
FE      0.68704      0.93731      0.31290     -0.00615     -0.01738      0.00888
FE      0.68742      0.81236      0.43760     -0.00811     -0.01631      0.00478
FE      0.56248      0.93728      0.43763      0.00011     -0.01782      0.01041
FE      0.56248      0.81237      0.56245      0.00011     -0.01467     -0.00291
FE      0.68735      0.93727      0.56242     -0.01558     -0.01903     -0.00290
FE      0.68737      0.81231      0.68739     -0.00848     -0.01616     -0.00968
FE      0.56248      0.93726      0.68733      0.00050     -0.01924     -0.01784
FE      0.56248      0.81229      0.81235     -0.00007     -0.01726     -0.01099
FE      0.68690      0.93717      0.81206     -0.00361     -0.01053     -0.00939
FE      0.68713      0.81208      0.93745     -0.00504     -0.00659     -0.00655
FE      0.56248      0.93740      0.93744      0.00026     -0.00764     -0.00232
FE      0.81181      0.06215      0.06287     -0.00340      0.00381     -0.00351
FE      0.93168      0.18986      0.06637     -0.01818      0.00665      0.01823
FE      0.93267      0.06226      0.19231      0.00135     -0.00091      0.00303
FE      0.81096      0.18792      0.18900      0.03463     -0.00598     -0.03190
FE      0.81113      0.06237      0.31393      0.01962     -0.00664     -0.01892
FE      0.93680      0.18788      0.31333     -0.00299     -0.00383     -0.00060
FE      0.93730      0.06241      0.43769     -0.00454     -0.00365     -0.00057
FE      0.81195      0.18765      0.43792     -0.01140      0.00725      0.00306
FE      0.81195      0.06235      0.56208     -0.01140     -0.00725     -0.00306
FE      0.93730      0.18759      0.56231     -0.00454      0.00365      0.00057
FE      0.93680      0.06212      0.68667     -0.00299      0.00383      0.00061
FE      0.81113      0.18763      0.68607      0.01962      0.00664      0.01892
FE      0.81096      0.06208      0.81100      0.03463      0.00598      0.03190
FE      0.93267      0.18774      0.80769      0.00135      0.00091     -0.00303
FE      0.93168      0.06014      0.93363     -0.01818     -0.00665     -0.01823
FE      0.81181      0.18785      0.93713     -0.00341     -0.00381      0.00351
FE      0.81157      0.31304      0.06307      0.01479     -0.01005     -0.00096
FE      0.93705      0.43846      0.06292      0.00068     -0.00381     -0.00340
FE      0.93663      0.31372      0.18853      0.00538     -0.00885     -0.00644
FE      0.81209      0.43792      0.18780     -0.00856      0.01292      0.01129
FE      0.81193      0.31283      0.31308     -0.00904      0.01482      0.00677
FE      0.93743      0.43788      0.31283     -0.01142      0.01010      0.00650
FE      0.93737      0.31278      0.43774     -0.00899      0.00785      0.00293
FE      0.81233      0.43770      0.43758     -0.01271      0.01717      0.00238
FE      0.81204      0.31271      0.56208     -0.01235      0.01769     -0.00041
FE      0.93742      0.43783      0.56224     -0.01041      0.01098     -0.00213
FE      0.93687      0.31309      0.68665     -0.00247      0.00142      0.00196
FE      0.81218      0.43783      0.68722     -0.01029      0.01361     -0.00809
FE      0.81164      0.31307      0.81172      0.00173      0.00200      0.00051
FE      0.93705      0.43855      0.81194     -0.00022     -0.00580      0.00271
FE      0.93420      0.31609      0.93730      0.00635     -0.01417      0.00088
FE      0.81199      0.43793      0.93751      0.00330      0.00035     -0.00472
FE      0.81226      0.56263      0.06249     -0.00581      0.00609      0.00618
FE      0.93746      0.68748      0.06252     -0.00266     -0.00488      0.00166
FE      0.93747      0.56264      0.18771     -0.00743      0.00628      0.00430
FE      0.81229      0.68736      0.18758     -0.00739     -0.00548      0.00938
FE      0.81239      0.56254      0.31258     -0.00887      0.00637      0.00733
FE      0.93746      0.68737      0.31268     -0.00897     -0.00597      0.00602
FE      0.93745      0.56255      0.43758     -0.00706      0.00758      0.00190
FE      0.81240      0.68745      0.43759     -0.00794     -0.00622      0.00271
FE      0.81240      0.56255      0.56241     -0.00794      0.00622     -0.00271
FE      0.93745      0.68745      0.56242     -0.00707     -0.00758     -0.00189
FE      0.93746      0.56263      0.68732     -0.00897      0.00597     -0.00603
FE      0.81239      0.68746      0.68742     -0.00887     -0.00637     -0.00733
FE      0.81229      0.56264      0.81242     -0.00739      0.00547     -0.00938
FE      0.93747      0.68736      0.81229     -0.00743     -0.00628     -0.00430
FE      0.93746      0.56252      0.93748     -0.00266      0.00488     -0.00167
FE      0.81226      0.68737      0.93751     -0.00581     -0.00609     -0.00618
FE      0.81199      0.81207      0.06249      0.00330     -0.00035      0.00472
FE      0.93420      0.93391      0.06270      0.00635      0.01416     -0.00089
FE      0.93705      0.81145      0.18806     -0.00022      0.00580     -0.00270
FE      0.81164      0.93693      0.18828      0.00173     -0.00200     -0.00051
FE      0.81218      0.81217      0.31278     -0.01029     -0.01361      0.00809
FE      0.93687      0.93691      0.31335     -0.00247     -0.00142     -0.00196
FE      0.93742      0.81217      0.43776     -0.01041     -0.01097      0.00213
FE      0.81204      0.93729      0.43792     -0.01235     -0.01769      0.00041
FE      0.81233      0.81230      0.56242     -0.01270     -0.01717     -0.00237
FE      0.93737      0.93722      0.56226     -0.00899     -0.00785     -0.00293
FE      0.93743      0.81212      0.68717     -0.01142     -0.01010     -0.00650
FE      0.81193      0.93717      0.68692     -0.00904     -0.01482     -0.00677
FE      0.81209      0.81208      0.81220     -0.00857     -0.01292     -0.01129
FE      0.93663      0.93628      0.81147      0.00539      0.00886      0.00644
FE      0.93705      0.81154      0.93708      0.00068      0.00381      0.00340
FE      0.81157      0.93696      0.93693      0.01479      0.01005      0.00096
