/* Converted from PWscf output file */ 
#L_UNITS ang 
#E_UNITS eV 
#S_UNITS GPA 
#F_UNITS EV/ANG 
#ALAT 	  13.68151     // a0 
#X 	   1.00000    -0.00000     0.00000     // X 
#Y 	  -0.00000     1.05758     0.00003     // Y 
#Z 	   0.00000     0.00003     1.00022     // Z 
#SX 	   0.08633     0.00000    -0.00000     // SX 
#SY 	   0.00000    -0.07073    -0.00175     // SY 
#SZ 	  -0.00000    -0.00175     0.09465     // SZ 
#EPA 	  -4.25327     // Energy per Atom 
#C 	1 1 1 
#W 	1.0 
#RCUT 	6.5        // Rcut 
PD      0.06250      0.06032      0.06484      0.00001     -0.00402      0.01600
FE      0.19363      0.18994      0.06635     -0.09423     -0.03547     -0.04064
FE      0.19244      0.06235      0.19237     -0.03902     -0.01179     -0.03538
FE      0.06247      0.19034      0.19074      0.00117     -0.03196     -0.01726
FE      0.06247      0.06242      0.31280     -0.00041     -0.00735     -0.00343
FE      0.18803      0.18780      0.31313      0.03031      0.02001      0.03229
FE      0.18767      0.06245      0.43767      0.00954     -0.00346      0.00386
FE      0.06248      0.18758      0.43763      0.00013      0.00570      0.00552
FE      0.06248      0.06242      0.56237      0.00013     -0.00570     -0.00552
FE      0.18767      0.18755      0.56233      0.00954      0.00346     -0.00385
FE      0.18803      0.06220      0.68687      0.03031     -0.02001     -0.03229
FE      0.06247      0.18758      0.68720     -0.00041      0.00735      0.00343
FE      0.06247      0.05966      0.80926      0.00116      0.03196      0.01726
FE      0.19244      0.18765      0.80763     -0.03902      0.01179      0.03538
FE      0.19363      0.06006      0.93365     -0.09423      0.03548      0.04064
PD      0.06250      0.18968      0.93516      0.00001      0.00402     -0.01600
FE      0.06248      0.31573      0.06544     -0.00142     -0.01092     -0.03368
FE      0.18788      0.43829      0.06283      0.02092      0.03351      0.01707
FE      0.18823      0.31349      0.18835      0.03377      0.04702      0.03797
FE      0.06248      0.43765      0.18773     -0.00008      0.03710      0.03418
FE      0.06248      0.31263      0.31276      0.00033      0.03638      0.03534
FE      0.18750      0.43770      0.31266      0.00651      0.02086      0.02132
FE      0.18757      0.31264      0.43765      0.00804      0.01673      0.01186
FE      0.06248      0.43768      0.43764      0.00007      0.01443      0.00817
FE      0.06248      0.31257      0.56239      0.00021      0.01073     -0.00426
FE      0.18752      0.43767      0.56235      0.00707      0.01719     -0.01374
FE      0.18797      0.31289      0.68688      0.02841      0.03319     -0.03797
FE      0.06248      0.43779      0.68717      0.00019      0.04464     -0.04210
FE      0.06247      0.31586      0.80912     -0.00077     -0.01333      0.02757
FE      0.18789      0.43836      0.81206      0.02091      0.03885     -0.02477
FE      0.19089      0.31619      0.93734     -0.03516     -0.01601     -0.00872
FE      0.06247      0.43795      0.93754     -0.00054      0.01007     -0.00306
FE      0.06248      0.56246      0.06246      0.00018      0.00621      0.00603
FE      0.18753      0.68754      0.06250      0.00687     -0.00525      0.00146
FE      0.18752      0.56254      0.18762      0.00262      0.01140      0.01037
FE      0.06248      0.68755      0.18755      0.00017     -0.00523      0.00718
FE      0.06248      0.56260      0.31264      0.00040      0.01095      0.01144
FE      0.18751      0.68747      0.31256      0.00330     -0.01082      0.01366
FE      0.18753      0.56248      0.43755      0.00355      0.00445      0.00398
FE      0.06248      0.68739      0.43766      0.00026     -0.01251      0.00946
FE      0.06248      0.56261      0.56234      0.00026      0.01251     -0.00946
FE      0.18753      0.68752      0.56245      0.00355     -0.00445     -0.00399
FE      0.18751      0.56253      0.68744      0.00332      0.01083     -0.01363
FE      0.06248      0.68740      0.68736      0.00040     -0.01095     -0.01145
FE      0.06248      0.56245      0.81245      0.00017      0.00523     -0.00718
FE      0.18752      0.68746      0.81238      0.00262     -0.01139     -0.01037
FE      0.18753      0.56246      0.93750      0.00687      0.00525     -0.00146
FE      0.06248      0.68754      0.93754      0.00018     -0.00620     -0.00603
FE      0.06247      0.81205      0.06246     -0.00054     -0.01007      0.00306
FE      0.19089      0.93381      0.06266     -0.03516      0.01601      0.00872
FE      0.18789      0.81164      0.18794      0.02091     -0.03886      0.02477
FE      0.06247      0.93414      0.19088     -0.00077      0.01333     -0.02757
FE      0.06248      0.81221      0.31283      0.00020     -0.04465      0.04210
FE      0.18797      0.93711      0.31312      0.02841     -0.03318      0.03797
FE      0.18752      0.81233      0.43765      0.00707     -0.01719      0.01373
FE      0.06248      0.93743      0.43761      0.00021     -0.01072      0.00426
FE      0.06248      0.81232      0.56236      0.00007     -0.01443     -0.00817
FE      0.18757      0.93736      0.56235      0.00804     -0.01673     -0.01186
FE      0.18750      0.81230      0.68734      0.00650     -0.02087     -0.02131
FE      0.06248      0.93737      0.68724      0.00033     -0.03638     -0.03534
FE      0.06248      0.81235      0.81227     -0.00007     -0.03711     -0.03419
FE      0.18823      0.93651      0.81165      0.03377     -0.04702     -0.03797
FE      0.18788      0.81171      0.93717      0.02092     -0.03351     -0.01708
FE      0.06248      0.93427      0.93456     -0.00142      0.01092      0.03368
FE      0.31302      0.06222      0.06281      0.01348     -0.01709      0.01572
FE      0.43779      0.18757      0.06258      0.00801      0.00410      0.00699
FE      0.43790      0.06244      0.18779      0.02153     -0.00771      0.02248
FE      0.31374      0.18782      0.18873      0.09005      0.02110      0.08525
FE      0.31344      0.06245      0.31350      0.09356     -0.00600      0.09614
FE      0.43818      0.18755      0.31307      0.04896      0.00697      0.04765
FE      0.43800      0.06241      0.43801      0.04436     -0.00736      0.03506
FE      0.31276      0.18756      0.43776      0.02774      0.00753      0.02193
FE      0.31276      0.06244      0.56224      0.02774     -0.00753     -0.02194
FE      0.43800      0.18759      0.56199      0.04436      0.00736     -0.03505
FE      0.43818      0.06245      0.68693      0.04896     -0.00697     -0.04765
FE      0.31344      0.18755      0.68650      0.09356      0.00600     -0.09614
FE      0.31374      0.06218      0.81127      0.09005     -0.02110     -0.08525
FE      0.43790      0.18756      0.81221      0.02153      0.00771     -0.02249
FE      0.43779      0.06243      0.93742      0.00801     -0.00410     -0.00699
FE      0.31302      0.18778      0.93719      0.01348      0.01709     -0.01572
FE      0.31318      0.31287      0.06292      0.05353      0.04761      0.02580
FE      0.43776      0.43776      0.06248      0.02037      0.02069      0.00509
FE      0.43791      0.31264      0.18772      0.03452      0.02002      0.02518
FE      0.31268      0.43771      0.18764      0.02138      0.02134      0.01439
FE      0.31278      0.31263      0.31284      0.03125      0.01915      0.03284
FE      0.43758      0.43755      0.31251      0.00787      0.00738      0.00712
FE      0.43752      0.31255      0.43754      0.01293      0.01188      0.00387
FE      0.31250      0.43755      0.43755      0.00718      0.00919      0.00275
FE      0.31268      0.31252      0.56223      0.02580      0.01460     -0.02345
FE      0.43755      0.43753      0.56246      0.00538      0.00451     -0.00474
FE      0.43779      0.31251      0.68732      0.02710      0.01248     -0.02466
FE      0.31261      0.43766      0.68737      0.01519      0.01371     -0.01540
FE      0.31310      0.31289      0.81193      0.03591      0.03206     -0.03274
FE      0.43768      0.43767      0.81247      0.01643      0.01559     -0.00681
FE      0.43774      0.31264      0.93754      0.01482      0.01557     -0.00385
FE      0.31275      0.43769      0.93755      0.04055      0.04202     -0.00142
FE      0.31259      0.56253      0.06244      0.01183      0.01086      0.00145
FE      0.43767      0.68740      0.06249      0.01314     -0.01136      0.00204
FE      0.43758      0.56249      0.18754      0.00716      0.00317      0.00355
FE      0.31255      0.68747      0.18750      0.01248     -0.01187      0.00314
FE      0.31248      0.56249      0.31251      0.00446      0.00364      0.00527
FE      0.43756      0.68751      0.31249      0.00399     -0.00395      0.00299
FE      0.43753      0.56247      0.43753      0.00125      0.00120      0.00069
FE      0.31249      0.68751      0.43755      0.00342     -0.00385      0.00285
FE      0.31249      0.56249      0.56245      0.00342      0.00386     -0.00285
FE      0.43753      0.68753      0.56247      0.00126     -0.00120     -0.00070
FE      0.43756      0.56249      0.68751      0.00399      0.00394     -0.00298
FE      0.31248      0.68751      0.68749      0.00446     -0.00363     -0.00527
FE      0.31255      0.56253      0.81250      0.01248      0.01186     -0.00314
FE      0.43758      0.68751      0.81246      0.00716     -0.00317     -0.00355
FE      0.43767      0.56260      0.93751      0.01314      0.01136     -0.00203
FE      0.31259      0.68747      0.93756      0.01183     -0.01085     -0.00145
FE      0.31275      0.81231      0.06245      0.04055     -0.04202      0.00143
FE      0.43774      0.93736      0.06246      0.01482     -0.01557      0.00385
FE      0.43768      0.81233      0.18753      0.01642     -0.01559      0.00680
FE      0.31310      0.93711      0.18807      0.03591     -0.03206      0.03273
FE      0.31261      0.81234      0.31263      0.01519     -0.01372      0.01540
FE      0.43779      0.93749      0.31268      0.02709     -0.01248      0.02466
FE      0.43755      0.81247      0.43754      0.00538     -0.00451      0.00474
FE      0.31268      0.93748      0.43777      0.02580     -0.01460      0.02345
FE      0.31250      0.81245      0.56245      0.00718     -0.00919     -0.00275
FE      0.43752      0.93745      0.56246      0.01293     -0.01188     -0.00387
FE      0.43758      0.81245      0.68749      0.00787     -0.00738     -0.00712
FE      0.31278      0.93737      0.68717      0.03125     -0.01915     -0.03284
FE      0.31268      0.81229      0.81236      0.02137     -0.02134     -0.01439
FE      0.43791      0.93736      0.81228      0.03452     -0.02002     -0.02518
FE      0.43776      0.81224      0.93752      0.02037     -0.02069     -0.00509
FE      0.31318      0.93713      0.93708      0.05353     -0.04761     -0.02581
FE      0.56248      0.06246      0.06253      0.00010     -0.00289      0.00324
FE      0.68725      0.18757      0.06258     -0.00892      0.00391      0.00763
FE      0.68714      0.06244      0.18779     -0.02171     -0.00708      0.02216
FE      0.56248      0.18755      0.18768     -0.00009      0.00298      0.01082
FE      0.56248      0.06241      0.31255      0.00008     -0.00656      0.01603
FE      0.68686      0.18755      0.31308     -0.05057      0.00641      0.04832
FE      0.68706      0.06241      0.43801     -0.04464     -0.00679      0.03482
FE      0.56248      0.18758      0.43753      0.00016      0.00644      0.01009
FE      0.56248      0.06242      0.56247      0.00016     -0.00644     -0.01009
FE      0.68706      0.18759      0.56199     -0.04464      0.00678     -0.03483
FE      0.68686      0.06245      0.68692     -0.05057     -0.00641     -0.04832
FE      0.56248      0.18759      0.68745      0.00008      0.00656     -0.01602
FE      0.56248      0.06245      0.81232     -0.00009     -0.00298     -0.01082
FE      0.68714      0.18756      0.81221     -0.02172      0.00708     -0.02216
FE      0.68725      0.06243      0.93742     -0.00892     -0.00391     -0.00763
FE      0.56248      0.18754      0.93747      0.00009      0.00289     -0.00324
FE      0.56248      0.31252      0.06253      0.00023      0.00650      0.00361
FE      0.68729      0.43776      0.06248     -0.02027      0.02051      0.00536
FE      0.68714      0.31264      0.18772     -0.03530      0.02069      0.02520
FE      0.56248      0.43755      0.18754      0.00017      0.01054      0.00621
FE      0.56248      0.31255      0.31247      0.00024      0.01361      0.01394
FE      0.68747      0.43755      0.31251     -0.00796      0.00734      0.00723
FE      0.68753      0.31255      0.43754     -0.01323      0.01193      0.00386
FE      0.56248      0.43754      0.43753      0.00020      0.00177      0.00058
FE      0.56248      0.31257      0.56250      0.00030      0.00945     -0.00884
FE      0.68750      0.43753      0.56246     -0.00541      0.00453     -0.00472
FE      0.68725      0.31252      0.68732     -0.02810      0.01288     -0.02546
FE      0.56248      0.43753      0.68750      0.00021      0.00660     -0.00565
FE      0.56248      0.31251      0.81240      0.00018      0.01019     -0.00786
FE      0.68737      0.43767      0.81247     -0.01654      0.01563     -0.00671
FE      0.68731      0.31264      0.93754     -0.01545      0.01594     -0.00408
FE      0.56248      0.43756      0.93753      0.00015      0.00729     -0.00162
FE      0.56248      0.56248      0.06247      0.00022      0.00468      0.00179
FE      0.68738      0.68740      0.06249     -0.01355     -0.01171      0.00221
FE      0.68748      0.56249      0.18754     -0.00724      0.00328      0.00354
FE      0.56248      0.68752      0.18753      0.00022     -0.00448      0.00258
FE      0.56248      0.56247      0.31249      0.00023      0.00128      0.00184
FE      0.68749      0.68751      0.31249     -0.00409     -0.00402      0.00302
FE      0.68752      0.56247      0.43753     -0.00133      0.00121      0.00071
FE      0.56248      0.68753      0.43753      0.00023     -0.00102      0.00050
FE      0.56248      0.56247      0.56247      0.00022      0.00102     -0.00050
FE      0.68752      0.68753      0.56247     -0.00132     -0.00122     -0.00070
FE      0.68749      0.56249      0.68751     -0.00409      0.00402     -0.00303
FE      0.56248      0.68753      0.68751      0.00023     -0.00128     -0.00184
FE      0.56248      0.56248      0.81247      0.00022      0.00448     -0.00258
FE      0.68748      0.68751      0.81246     -0.00724     -0.00328     -0.00354
FE      0.68738      0.56260      0.93751     -0.01355      0.01171     -0.00220
FE      0.56248      0.68752      0.93753      0.00022     -0.00468     -0.00179
FE      0.56248      0.81244      0.06247      0.00015     -0.00729      0.00162
FE      0.68731      0.93736      0.06246     -0.01545     -0.01594      0.00409
FE      0.68737      0.81233      0.18753     -0.01654     -0.01563      0.00671
FE      0.56248      0.93749      0.18760      0.00018     -0.01019      0.00786
FE      0.56248      0.81247      0.31250      0.00021     -0.00660      0.00565
FE      0.68725      0.93748      0.31268     -0.02810     -0.01288      0.02546
FE      0.68750      0.81247      0.43754     -0.00541     -0.00453      0.00472
FE      0.56248      0.93743      0.43750      0.00030     -0.00945      0.00884
FE      0.56248      0.81246      0.56247      0.00021     -0.00177     -0.00059
FE      0.68753      0.93745      0.56246     -0.01323     -0.01193     -0.00386
FE      0.68747      0.81245      0.68749     -0.00796     -0.00734     -0.00723
FE      0.56248      0.93745      0.68754      0.00024     -0.01361     -0.01394
FE      0.56248      0.81245      0.81246      0.00017     -0.01054     -0.00621
FE      0.68714      0.93736      0.81228     -0.03530     -0.02069     -0.02519
FE      0.68729      0.81224      0.93752     -0.02027     -0.02051     -0.00536
FE      0.56248      0.93748      0.93747      0.00023     -0.00650     -0.00361
FE      0.81193      0.06222      0.06280     -0.01342     -0.01649      0.01440
FE      0.93143      0.18994      0.06636      0.09593     -0.03366     -0.04045
FE      0.93255      0.06234      0.19237      0.04160     -0.01305     -0.03466
FE      0.81122      0.18783      0.18874     -0.08712      0.02323      0.08511
FE      0.81153      0.06245      0.31350     -0.09113     -0.00697      0.09534
FE      0.93701      0.18780      0.31314     -0.03184      0.01949      0.03294
FE      0.93738      0.06246      0.43767     -0.00990     -0.00331      0.00403
FE      0.81219      0.18756      0.43776     -0.02770      0.00786      0.02232
FE      0.81219      0.06244      0.56224     -0.02770     -0.00786     -0.02232
FE      0.93738      0.18754      0.56233     -0.00990      0.00331     -0.00403
FE      0.93701      0.06220      0.68686     -0.03184     -0.01949     -0.03294
FE      0.81153      0.18755      0.68650     -0.09113      0.00697     -0.09534
FE      0.81122      0.06217      0.81126     -0.08712     -0.02323     -0.08511
FE      0.93255      0.18766      0.80763      0.04160      0.01305      0.03466
FE      0.93143      0.06006      0.93364      0.09593      0.03367      0.04045
FE      0.81193      0.18778      0.93720     -0.01342      0.01649     -0.01440
FE      0.81177      0.31286      0.06292     -0.05207      0.04618      0.02598
FE      0.93717      0.43829      0.06283     -0.02124      0.03340      0.01759
FE      0.93681      0.31350      0.18835     -0.03590      0.04805      0.03819
FE      0.81228      0.43771      0.18764     -0.02135      0.02165      0.01462
FE      0.81218      0.31262      0.31283     -0.03026      0.01883      0.03247
FE      0.93755      0.43770      0.31266     -0.00658      0.02106      0.02132
FE      0.93748      0.31264      0.43765     -0.00838      0.01685      0.01190
FE      0.81246      0.43755      0.43755     -0.00676      0.00919      0.00275
FE      0.81228      0.31252      0.56223     -0.02562      0.01432     -0.02366
FE      0.93753      0.43767      0.56234     -0.00687      0.01730     -0.01377
FE      0.93707      0.31289      0.68687     -0.03051      0.03383     -0.03896
FE      0.81234      0.43767      0.68737     -0.01475      0.01390     -0.01513
FE      0.81185      0.31288      0.81192     -0.03590      0.03158     -0.03401
FE      0.93717      0.43836      0.81207     -0.02010      0.03872     -0.02435
FE      0.93406      0.31619      0.93734      0.03005     -0.01584     -0.00738
FE      0.81221      0.43769      0.93755     -0.04082      0.04295     -0.00113
FE      0.81237      0.56253      0.06244     -0.01135      0.01061      0.00126
FE      0.93752      0.68754      0.06250     -0.00703     -0.00549      0.00149
FE      0.93753      0.56254      0.18762     -0.00263      0.01138      0.01043
FE      0.81240      0.68747      0.18750     -0.01188     -0.01166      0.00312
FE      0.81247      0.56249      0.31251     -0.00397      0.00363      0.00528
FE      0.93754      0.68747      0.31256     -0.00348     -0.01080      0.01366
FE      0.93752      0.56248      0.43755     -0.00354      0.00450      0.00397
FE      0.81246      0.68751      0.43755     -0.00295     -0.00381      0.00286
FE      0.81246      0.56249      0.56245     -0.00295      0.00382     -0.00286
FE      0.93752      0.68752      0.56245     -0.00354     -0.00450     -0.00397
FE      0.93754      0.56253      0.68744     -0.00348      0.01080     -0.01365
FE      0.81247      0.68751      0.68749     -0.00396     -0.00363     -0.00527
FE      0.81240      0.56253      0.81250     -0.01187      0.01166     -0.00313
FE      0.93753      0.68746      0.81238     -0.00263     -0.01138     -0.01044
FE      0.93752      0.56246      0.93750     -0.00704      0.00549     -0.00149
FE      0.81237      0.68747      0.93756     -0.01135     -0.01061     -0.00126
FE      0.81221      0.81231      0.06245     -0.04082     -0.04295      0.00113
FE      0.93406      0.93381      0.06266      0.03005      0.01584      0.00738
FE      0.93717      0.81164      0.18793     -0.02011     -0.03873      0.02434
FE      0.81185      0.93712      0.18808     -0.03590     -0.03158      0.03401
FE      0.81234      0.81233      0.31263     -0.01476     -0.01389      0.01514
FE      0.93707      0.93711      0.31313     -0.03050     -0.03383      0.03896
FE      0.93753      0.81233      0.43766     -0.00687     -0.01730      0.01377
FE      0.81228      0.93748      0.43777     -0.02562     -0.01432      0.02366
FE      0.81246      0.81245      0.56245     -0.00676     -0.00919     -0.00275
FE      0.93748      0.93736      0.56235     -0.00838     -0.01685     -0.01190
FE      0.93755      0.81230      0.68734     -0.00657     -0.02107     -0.02131
FE      0.81218      0.93738      0.68717     -0.03026     -0.01883     -0.03246
FE      0.81228      0.81229      0.81236     -0.02135     -0.02165     -0.01462
FE      0.93681      0.93650      0.81165     -0.03590     -0.04805     -0.03819
FE      0.93717      0.81171      0.93717     -0.02124     -0.03340     -0.01759
FE      0.81177      0.93714      0.93708     -0.05207     -0.04618     -0.02598
