/* Converted from PWscf output file */ 
#L_UNITS ang 
#E_UNITS eV 
#S_UNITS GPA 
#F_UNITS EV/ANG 
#ALAT 	   6.88843     // a0 
#X 	   1.00000     0.00000     0.00000     // X 
#Y 	   0.00000     1.05346     0.00000     // Y 
#Z 	   0.00000     0.00000     1.00000     // Z 
#SX 	  -0.21175     0.00000     0.00000     // SX 
#SY 	   0.00000     0.17179     0.00000     // SY 
#SZ 	   0.00000     0.00000    -0.21175     // SZ 
#EPA 	  -4.22850     // Energy per Atom 
#C 	1 1 1 
#W 	20.0 
#RCUT 	6.5        // Rcut 
PD      0.00000      0.00000      0.00000      0.00000      0.00000      0.00000
FE      0.25468      0.25457      0.00000      0.19015      0.17452      0.00000
FE      0.25687      0.00000      0.25687      0.16040      0.00000      0.16040
FE      0.00000      0.25457      0.25468      0.00000      0.17452      0.19015
FE      0.00000      0.00000      0.50000      0.00000      0.00000      0.00000
FE      0.25045      0.25061      0.50000      0.00607      0.01357      0.00000
FE      0.25687      0.00000      0.74313      0.16040     -0.00000     -0.16040
FE      0.00000      0.25457      0.74532      0.00000      0.17452     -0.19015
FE      0.00000      0.50000      0.00000      0.00000      0.00000      0.00000
FE      0.25468      0.74543      0.00000      0.19015     -0.17452      0.00000
FE      0.25054      0.50000      0.25054      0.01698      0.00000      0.01698
FE      0.00000      0.74543      0.25468     -0.00000     -0.17452      0.19015
FE      0.00000      0.50000      0.50000      0.00000      0.00000      0.00000
FE      0.25045      0.74939      0.50000      0.00607     -0.01357     -0.00000
FE      0.25054      0.50000      0.74946      0.01698      0.00000     -0.01698
FE      0.00000      0.74543      0.74532      0.00000     -0.17452     -0.19015
FE      0.50000      0.00000      0.00000      0.00000      0.00000      0.00000
FE      0.74532      0.25457      0.00000     -0.19015      0.17452      0.00000
FE      0.74313      0.00000      0.25687     -0.16040     -0.00000      0.16040
FE      0.50000      0.25061      0.25045      0.00000      0.01357      0.00607
FE      0.50000      0.00000      0.50000      0.00000      0.00000      0.00000
FE      0.74955      0.25061      0.50000     -0.00607      0.01357      0.00000
FE      0.74313      0.00000      0.74313     -0.16040      0.00000     -0.16040
FE      0.50000      0.25061      0.74955     -0.00000      0.01357     -0.00607
FE      0.50000      0.50000      0.00000      0.00000      0.00000      0.00000
FE      0.74532      0.74543      0.00000     -0.19015     -0.17452      0.00000
FE      0.74946      0.50000      0.25054     -0.01698      0.00000      0.01698
FE      0.50000      0.74939      0.25045     -0.00000     -0.01357      0.00607
FE      0.50000      0.50000      0.50000      0.00000      0.00000      0.00000
FE      0.74955      0.74939      0.50000     -0.00607     -0.01357      0.00000
FE      0.74946      0.50000      0.74946     -0.01698      0.00000     -0.01698
FE      0.50000      0.74939      0.74955      0.00000     -0.01357     -0.00607
