/* Converted from PWscf output file */ 
#L_UNITS ang 
#E_UNITS eV 
#S_UNITS GPA 
#F_UNITS EV/ANG 
#ALAT 	  13.67994     // a0 
#X 	   1.00000     0.00000     0.00000     // X 
#Y 	   0.00000     1.05163     0.00000     // Y 
#Z 	   0.00000     0.00000     1.00000     // Z 
#SX 	  -2.16960     0.03033    -0.03485     // SX 
#SY 	   0.03033    -1.53186    -0.04813     // SY 
#SZ 	  -0.03485    -0.04813    -2.48023     // SZ 
#EPA 	  -3.72104     // Energy per Atom 
#C 	1 1 1 
#W 	1.0 
#RCUT 	6.5        // Rcut 
PD      0.05484      0.05186      0.28883      0.68087      1.07798     -0.09272
FE      0.19189      0.19153      0.31189     -0.22250     -0.20213     -0.01590
FE      0.18823      0.06246      0.43584     -0.08587     -0.01400     -0.12736
FE      0.06248      0.18740      0.43595     -0.01932     -0.09532     -0.16454
FE      0.06245      0.06244      0.56610      0.00613      0.00502     -0.00344
FE      0.18714      0.18690      0.56423      0.00673     -0.00100     -0.01484
FE      0.18891      0.06241      0.68687     -0.00148      0.00038     -0.01552
FE      0.06250      0.18580      0.68459      0.00131     -0.00021     -0.01067
FE      0.06245      0.31286      0.31629     -0.00001     -0.00500      0.01777
FE      0.18782      0.43668      0.31404      0.00693      0.00567     -0.00329
FE      0.18838      0.31319      0.43582     -0.02511     -0.02201     -0.02557
FE      0.06248      0.43707      0.43427      0.00010      0.00908     -0.00250
FE      0.06249      0.31215      0.56424     -0.00099     -0.00961     -0.01161
FE      0.18748      0.43742      0.56448      0.00471      0.00075     -0.00678
FE      0.18690      0.31205      0.68587      0.00173      0.00231      0.00726
FE      0.06249      0.43791      0.68494      0.00062      0.00323      0.00479
FE      0.06250      0.56253      0.31573      0.00016      0.00710      0.00401
FE      0.18791      0.68839      0.31398      0.00793     -0.00717     -0.00380
FE      0.18728      0.56250      0.43583     -0.00133      0.00169      0.00111
FE      0.06248      0.68799      0.43423      0.00009      0.00174     -0.01493
FE      0.06249      0.56249      0.56455      0.00061     -0.00030     -0.00497
FE      0.18749      0.68762      0.56448      0.00439     -0.00282     -0.00050
FE      0.18741      0.56249      0.68565     -0.00697     -0.00152      0.00508
FE      0.06251      0.68712      0.68493     -0.00005      0.00027      0.00385
FE      0.06245      0.81207      0.31633      0.00325      0.01343     -0.01570
FE      0.19181      0.93343      0.31189      0.12971      0.00454      0.03040
FE      0.18840      0.81178      0.43583     -0.01190      0.00214     -0.00696
FE      0.06246      0.93763      0.43592      0.00016     -0.12300      0.15602
FE      0.06250      0.81281      0.56423     -0.00086      0.00238     -0.00861
FE      0.18713      0.93808      0.56423     -0.00339     -0.00212     -0.01106
FE      0.18690      0.81291      0.68588      0.00253     -0.00148      0.00612
FE      0.06246      0.93912      0.68464      0.00022     -0.00393     -0.00839
FE      0.31253      0.06245      0.31532      0.01125     -0.00912      0.01224
FE      0.43660      0.18749      0.31421      0.00514      0.00580     -0.00772
FE      0.43744      0.06249      0.43558      0.00555      0.00030      0.00419
FE      0.31259      0.18788      0.43583     -0.03053     -0.02009     -0.01863
FE      0.31202      0.06246      0.56477     -0.01462     -0.00218     -0.00993
FE      0.43782      0.18729      0.56455     -0.00146      0.00059     -0.00031
FE      0.43827      0.06243      0.68653      0.00225      0.00195      0.01130
FE      0.31283      0.18719      0.68390      0.00442      0.00197      0.01011
FE      0.31436      0.31388      0.31689     -0.00314      0.00003      0.00015
FE      0.43801      0.43814      0.31431      0.00180     -0.00802      0.00360
FE      0.43818      0.31267      0.43656      0.00692      0.00492      0.00249
FE      0.31276      0.43787      0.43541      0.00353      0.00168      0.00273
FE      0.31251      0.31265      0.56535     -0.00368      0.00276     -0.00194
FE      0.43753      0.43760      0.56487     -0.00208     -0.00357      0.00834
FE      0.43725      0.31255      0.68634     -0.00034     -0.01187     -0.00152
FE      0.31216      0.43770      0.68508     -0.00717     -0.00485      0.00226
FE      0.31225      0.56248      0.31564      0.00851      0.00101      0.00291
FE      0.43797      0.68691      0.31435      0.00571      0.00103      0.00128
FE      0.43742      0.56249      0.43596      0.00349      0.00002      0.01018
FE      0.31277      0.68718      0.43542      0.00087     -0.00269      0.00226
FE      0.31242      0.56248      0.56503     -0.00162      0.00142      0.00641
FE      0.43753      0.68744      0.56488     -0.00057      0.00356      0.00828
FE      0.43770      0.56247      0.68610     -0.01038      0.00016      0.00197
FE      0.31217      0.68732      0.68508     -0.00753      0.00596      0.00224
FE      0.31441      0.81122      0.31694      0.00015     -0.00799     -0.00900
FE      0.43667      0.93756      0.31421      0.01326     -0.00545     -0.00888
FE      0.43821      0.81231      0.43659      0.00117     -0.00019      0.00496
FE      0.31259      0.93717      0.43581     -0.00641      0.00704     -0.00656
FE      0.31253      0.81230      0.56536     -0.00210     -0.00416     -0.00197
FE      0.43783      0.93773      0.56454      0.00133     -0.00162     -0.00144
FE      0.43727      0.81241      0.68637     -0.00068      0.01090     -0.00042
FE      0.31283      0.93778      0.68388      0.00511     -0.00159      0.00750
FE      0.56251      0.06252      0.31552     -0.00041     -0.00345     -0.00537
FE      0.68843      0.18756      0.31417     -0.00819      0.00516     -0.00287
FE      0.68758      0.06249      0.43559      0.00969      0.00080     -0.00717
FE      0.56249      0.18743      0.43462      0.00156     -0.00401      0.01099
FE      0.56247      0.06248      0.56504     -0.00025      0.00267      0.00263
FE      0.68718      0.18731      0.56457      0.00192     -0.00200     -0.00413
FE      0.68675      0.06249      0.68650      0.00094      0.00144      0.01281
FE      0.56245      0.18775      0.68508      0.00046     -0.01245     -0.00625
FE      0.56247      0.31228      0.31524     -0.00247      0.00889      0.00119
FE      0.68704      0.43812      0.31433     -0.00721     -0.00681      0.00256
FE      0.68685      0.31268      0.43655     -0.00481      0.00291      0.00369
FE      0.56249      0.43761      0.43563      0.00076     -0.00015      0.00913
FE      0.56247      0.31251      0.56579     -0.00004      0.00354      0.00327
FE      0.68752      0.43760      0.56488      0.00247     -0.00361      0.00762
FE      0.68775      0.31254      0.68635      0.00017     -0.01189      0.00012
FE      0.56249      0.43758      0.68523      0.00023     -0.00974     -0.00048
FE      0.56250      0.56251      0.31572      0.00212      0.00193      0.01658
FE      0.68705      0.68693      0.31437     -0.01193     -0.00112      0.00092
FE      0.68762      0.56249      0.43596     -0.00499      0.00005      0.01207
FE      0.56248      0.68745      0.43564      0.00013     -0.00068      0.00702
FE      0.56249      0.56248      0.56496     -0.00038     -0.00114      0.01231
FE      0.68751      0.68745      0.56488      0.00086      0.00355      0.00737
FE      0.68735      0.56249      0.68610      0.01030     -0.00003      0.00270
FE      0.56249      0.68744      0.68523      0.00021      0.00985     -0.00105
FE      0.56248      0.81271      0.31524     -0.00217     -0.00280      0.00887
FE      0.68839      0.93753      0.31418     -0.01855     -0.00681     -0.00620
FE      0.68683      0.81232      0.43658      0.00507      0.00176      0.00601
FE      0.56249      0.93765      0.43464      0.00165     -0.00137      0.00635
FE      0.56248      0.81244      0.56582      0.00030     -0.00195      0.00391
FE      0.68721      0.93774      0.56456     -0.00036      0.00083     -0.00630
FE      0.68777      0.81240      0.68638      0.00039      0.00929      0.00109
FE      0.56250      0.93725      0.68505     -0.00050      0.01157     -0.00491
FE      0.81242      0.06247      0.31535      0.00541     -0.01008     -0.00631
FE      0.93307      0.19149      0.31191      0.16634     -0.04222      0.01211
FE      0.93676      0.06248      0.43583     -0.07035      0.00117      0.08898
FE      0.81234      0.18789      0.43585      0.00390     -0.00120     -0.00421
FE      0.81294      0.06249      0.56475      0.00978     -0.00235     -0.00600
FE      0.93787      0.18692      0.56424     -0.01131     -0.00540     -0.01216
FE      0.93603      0.06249      0.68687     -0.00048     -0.00003     -0.01093
FE      0.81215      0.18724      0.68390     -0.00352      0.00178      0.00926
FE      0.81071      0.31390      0.31693      0.00268      0.00050     -0.00981
FE      0.93719      0.43671      0.31405     -0.00674      0.00761     -0.00155
FE      0.93662      0.31319      0.43586      0.01638     -0.01390     -0.01711
FE      0.81221      0.43789      0.43544      0.00024      0.00218      0.00474
FE      0.81243      0.31266      0.56538      0.00358      0.00266     -0.00343
FE      0.93756      0.43742      0.56450     -0.00296      0.00310     -0.00356
FE      0.93816      0.31204      0.68590     -0.00179      0.00320      0.00846
FE      0.81282      0.43769      0.68509      0.00660     -0.00540      0.00131
FE      0.81275      0.56250      0.31565     -0.00886      0.00168      0.00812
FE      0.93716      0.68836      0.31400     -0.00916     -0.01033     -0.00255
FE      0.93776      0.56250      0.43584     -0.00335      0.00137      0.00108
FE      0.81222      0.68718      0.43544      0.00283     -0.00101      0.00347
FE      0.81256      0.56248      0.56504      0.00176      0.00132      0.00542
FE      0.93757      0.68762      0.56449     -0.00206     -0.00599      0.00220
FE      0.93764      0.56250      0.68566      0.00624     -0.00207      0.00507
FE      0.81282      0.68732      0.68508      0.00650      0.00539      0.00112
FE      0.81068      0.81117      0.31701     -0.00313     -0.01122     -0.02348
FE      0.93313      0.93345      0.31189     -0.51115     -0.48708      0.11610
FE      0.93663      0.81179      0.43589      0.00049     -0.01344      0.01347
FE      0.81237      0.93718      0.43584     -0.03326     -0.01753      0.01473
FE      0.81242      0.81230      0.56539      0.00212     -0.00408     -0.00462
FE      0.93787      0.93809      0.56426     -0.00522     -0.00315      0.00181
FE      0.93814      0.81287      0.68589     -0.00330     -0.00187      0.00567
FE      0.81214      0.93779      0.68392     -0.00172     -0.00165      0.00429
