/* Converted from PWscf output file */ 
#L_UNITS ang 
#E_UNITS eV 
#S_UNITS GPA 
#F_UNITS EV/ANG 
#ALAT 	   7.04061     // a0 
#X 	   1.00000    -0.00004    -0.00007     // X 
#Y 	  -0.00004     1.04993    -0.00004     // Y 
#Z 	  -0.00007    -0.00004     1.00000     // Z 
#SX 	  -1.94137    -0.01735    -0.03092     // SX 
#SY 	  -0.01735    -0.36415    -0.01735     // SY 
#SZ 	  -0.03092    -0.01735    -1.94137     // SZ 
#EPA 	  -4.13556     // Energy per Atom 
#C 	1 1 1 
#W 	20.0 
#RCUT 	6.5        // Rcut 
PD     -0.00654     -0.00551     -0.00654     -0.52042     -0.43671     -0.52042
PD      0.25739      0.25643     -0.00627      0.08948     -0.00042     -0.40110
PD      0.25785     -0.00504      0.25785     -0.01333     -0.34133     -0.01333
PD     -0.00627      0.25643      0.25739     -0.40110     -0.00042      0.08948
FE     -0.00406     -0.00246      0.50608     -0.42710     -0.27198      0.62862
FE      0.25459      0.25352      0.50652      0.41769      0.25973      0.61260
FE      0.25724     -0.00208      0.74120      0.03089     -0.25594     -0.18781
FE     -0.00354      0.25515      0.74170     -0.40009     -0.01608     -0.33032
FE     -0.00277      0.50483     -0.00277     -0.29537      0.50973     -0.29537
FE      0.25549      0.74301     -0.00242      0.04404     -0.18127     -0.28393
FE      0.25352      0.50507      0.25352      0.27739      0.48610      0.27739
FE     -0.00242      0.74301      0.25549     -0.28393     -0.18127      0.04404
FE     -0.00059      0.50299      0.50332     -0.08473      0.34879      0.37373
FE      0.25082      0.74623      0.50297      0.06525     -0.33104      0.36037
FE      0.25118      0.50274      0.74627      0.06263      0.34920     -0.34625
FE     -0.00055      0.74488      0.74455     -0.08115     -0.01502     -0.07350
FE      0.50608     -0.00246     -0.00406      0.62862     -0.27198     -0.42710
FE      0.74170      0.25515     -0.00354     -0.33032     -0.01608     -0.40009
FE      0.74120     -0.00208      0.25724     -0.18781     -0.25594      0.03089
FE      0.50652      0.25352      0.25459      0.61260      0.25973      0.41769
FE      0.50523     -0.00004      0.50523      0.55834     -0.03342      0.55834
FE      0.74469      0.25091      0.50476     -0.57323      0.02064      0.56641
FE      0.74233     -0.00008      0.74233     -0.11685     -0.03905     -0.11685
FE      0.50476      0.25091      0.74469      0.56641      0.02064     -0.57323
FE      0.50332      0.50299     -0.00059      0.37373      0.34879     -0.08473
FE      0.74455      0.74488     -0.00055     -0.07350     -0.01502     -0.08115
FE      0.74627      0.50274      0.25118     -0.34625      0.34920      0.06263
FE      0.50297      0.74623      0.25082      0.36037     -0.33104      0.06525
FE      0.50056      0.50003      0.50056      0.08558      0.04012      0.08558
FE      0.74916      0.74906      0.50049     -0.06370     -0.01933      0.08050
FE      0.74883      0.50002      0.74883     -0.05468      0.03998     -0.05468
FE      0.50049      0.74906      0.74916      0.08050     -0.01933     -0.06370
