/* Converted from PWscf output file */ 
#L_UNITS ang 
#E_UNITS eV 
#S_UNITS GPA 
#F_UNITS EV/ANG 
#ALAT 	   6.88626     // a0 
#X 	   1.00000     0.00000     0.00000     // X 
#Y 	   0.00000     1.05388     0.00000     // Y 
#Z 	   0.00000     0.00000     1.00000     // Z 
#SX 	   0.05148     0.01488    -0.03908     // SX 
#SY 	   0.01488     0.05163    -0.01458     // SY 
#SZ 	  -0.03908    -0.01458     0.04929     // SZ 
#EPA 	  -4.22989     // Energy per Atom 
#C 	1 1 1 
#W 	20.0 
#RCUT 	6.5        // Rcut 
PD     -0.00622     -0.00286      0.00613      0.69887      0.32212     -0.68948
FE      0.25521      0.25520      0.00000     -0.09122     -0.09881      0.00377
FE      0.25703      0.00000      0.25703      0.00535      0.00023     -0.01741
FE      0.00000      0.25520      0.25521     -0.00105      0.04160      0.01602
FE      0.00000      0.00000      0.50000      0.00563     -0.00082      0.02077
FE      0.25049      0.25094      0.50000     -0.00272     -0.00260      0.00832
FE      0.25703      0.00000      0.74297     -0.15752     -0.00143      0.15766
FE      0.00000      0.25520      0.74479     -0.00371     -0.09810      0.09059
FE      0.00000      0.50000      0.00000      0.00378     -0.00875     -0.00374
FE      0.25521      0.74480      0.00000     -0.02988      0.03998      0.00274
FE      0.25085      0.50000      0.25085     -0.00237     -0.00086      0.00393
FE      0.00000      0.74480      0.25521      0.00077     -0.12641      0.10062
FE      0.00000      0.50000      0.50000      0.00143     -0.00745      0.00938
FE      0.25049      0.74906      0.50000      0.00125      0.00085      0.00903
FE      0.25085      0.50000      0.74915      0.00108     -0.00041     -0.00110
FE      0.00000      0.74480      0.74479     -0.00269      0.03905      0.02911
FE      0.50000      0.00000      0.00000     -0.02106     -0.00057     -0.00530
FE      0.74479      0.25520      0.00000     -0.01698      0.04285      0.00096
FE      0.74297      0.00000      0.25703     -0.20901      0.00253      0.20947
FE      0.50000      0.25094      0.25049     -0.01047      0.00104     -0.00030
FE      0.50000      0.00000      0.50000     -0.03428      0.00045      0.03369
FE      0.74951      0.25094      0.50000      0.00028      0.00109      0.01030
FE      0.74297      0.00000      0.74297      0.01502      0.00023     -0.00775
FE      0.50000      0.25094      0.74951     -0.00850     -0.00253      0.00261
FE      0.50000      0.50000      0.00000     -0.00949     -0.00740     -0.00145
FE      0.74479      0.74480      0.00000     -0.10169     -0.12780     -0.00077
FE      0.74915      0.50000      0.25085     -0.00140     -0.00145      0.00139
FE      0.50000      0.74906      0.25049     -0.01147     -0.00342      0.00389
FE      0.50000      0.50000      0.50000     -0.00090      0.00023      0.00086
FE      0.74951      0.74906      0.50000     -0.00385     -0.00346      0.01118
FE      0.74915      0.50000      0.74915     -0.00403     -0.00083      0.00230
FE      0.50000      0.74906      0.74951     -0.00918      0.00088     -0.00129
