/* Converted from PWscf output file */ 
#L_UNITS ang 
#E_UNITS eV 
#S_UNITS GPA 
#F_UNITS EV/ANG 
#ALAT 	  13.67994     // a0 
#X 	   1.00000     0.00000     0.00000     // X 
#Y 	   0.00000     1.05163     0.00000     // Y 
#Z 	   0.00000     0.00000     1.00000     // Z 
#SX 	  -2.18258    -0.00000     0.00073     // SX 
#SY 	  -0.00000    -1.54134     0.00408     // SY 
#SZ 	   0.00073     0.00408    -2.47455     // SZ 
#EPA 	  -3.72194     // Energy per Atom 
#C 	1 1 1 
#W 	1.0 
#RCUT 	6.5        // Rcut 
PD      0.06251      0.06255      0.29103     -0.00003      0.00076     -0.00532
FE      0.19189      0.19153      0.31189     -0.00104      0.00433      0.00735
FE      0.18823      0.06246      0.43584      0.02256     -0.00009     -0.01276
FE      0.06248      0.18740      0.43595      0.00022      0.01541     -0.01778
FE      0.06245      0.06244      0.56610     -0.00084     -0.00022      0.00538
FE      0.18714      0.18690      0.56423      0.00483     -0.00027     -0.00853
FE      0.18891      0.06241      0.68687      0.00091     -0.00007     -0.01258
FE      0.06250      0.18580      0.68459      0.00051      0.00049     -0.00940
FE      0.06245      0.31286      0.31629      0.00013     -0.00792      0.00139
FE      0.18782      0.43668      0.31404      0.00706      0.00786     -0.00378
FE      0.18838      0.31319      0.43582     -0.01444     -0.00634     -0.00790
FE      0.06248      0.43707      0.43427      0.00020      0.00432     -0.00807
FE      0.06249      0.31215      0.56424      0.00011     -0.00558     -0.00939
FE      0.18748      0.43742      0.56448      0.00386      0.00368     -0.00211
FE      0.18690      0.31205      0.68587      0.00169      0.00275      0.00729
FE      0.06249      0.43791      0.68494      0.00048      0.00137      0.00358
FE      0.06250      0.56253      0.31573     -0.00009      0.00021      0.00444
FE      0.18791      0.68839      0.31398      0.00768     -0.00765     -0.00387
FE      0.18728      0.56250      0.43583      0.00097     -0.00006      0.00099
FE      0.06248      0.68799      0.43423      0.00003     -0.00360     -0.00838
FE      0.06249      0.56249      0.56455      0.00009      0.00008     -0.00486
FE      0.18749      0.68762      0.56448      0.00372     -0.00380     -0.00194
FE      0.18741      0.56249      0.68565     -0.00640     -0.00009      0.00473
FE      0.06251      0.68712      0.68493      0.00016     -0.00127      0.00418
FE      0.06245      0.81207      0.31633     -0.00025      0.00783      0.00123
FE      0.19181      0.93343      0.31189     -0.00140     -0.00335      0.00816
FE      0.18840      0.81178      0.43583     -0.01403      0.00654     -0.00834
FE      0.06246      0.93763      0.43592     -0.00016     -0.01496     -0.01692
FE      0.06250      0.81281      0.56423     -0.00045      0.00380     -0.00918
FE      0.18713      0.93808      0.56423      0.00530      0.00118     -0.00893
FE      0.18690      0.81291      0.68588      0.00170     -0.00216      0.00681
FE      0.06246      0.93912      0.68464      0.00041     -0.00177     -0.01110
FE      0.31253      0.06245      0.31532      0.00136      0.00012      0.00371
FE      0.43660      0.18749      0.31421      0.01094      0.00684     -0.00654
FE      0.43744      0.06249      0.43558     -0.00203      0.00022     -0.00177
FE      0.31259      0.18788      0.43583     -0.00150     -0.00333     -0.00204
FE      0.31202      0.06246      0.56477     -0.00974     -0.00012     -0.00519
FE      0.43782      0.18729      0.56455     -0.00171     -0.00046     -0.00358
FE      0.43827      0.06243      0.68653      0.00094      0.00045      0.01211
FE      0.31283      0.18719      0.68390      0.00283      0.00135      0.00821
FE      0.31436      0.31388      0.31689      0.00022      0.00600     -0.00772
FE      0.43801      0.43814      0.31431      0.00583     -0.00418      0.00181
FE      0.43818      0.31267      0.43656      0.00173      0.00243      0.00460
FE      0.31276      0.43787      0.43541      0.00090      0.00175      0.00306
FE      0.31251      0.31265      0.56535     -0.00316      0.00359     -0.00276
FE      0.43753      0.43760      0.56487     -0.00178     -0.00366      0.00785
FE      0.43725      0.31255      0.68634     -0.00039     -0.01104     -0.00030
FE      0.31216      0.43770      0.68508     -0.00715     -0.00528      0.00184
FE      0.31225      0.56248      0.31564      0.00837     -0.00054      0.00505
FE      0.43797      0.68691      0.31435      0.00574      0.00466      0.00121
FE      0.43742      0.56249      0.43596      0.00436     -0.00016      0.01147
FE      0.31277      0.68718      0.43542      0.00111     -0.00225      0.00346
FE      0.31242      0.56248      0.56503     -0.00177     -0.00030      0.00591
FE      0.43753      0.68744      0.56488     -0.00156      0.00341      0.00813
FE      0.43770      0.56247      0.68610     -0.01045     -0.00023      0.00211
FE      0.31217      0.68732      0.68508     -0.00740      0.00553      0.00202
FE      0.31441      0.81122      0.31694      0.00068     -0.00574     -0.00795
FE      0.43667      0.93756      0.31421      0.01094     -0.00602     -0.00623
FE      0.43821      0.81231      0.43659      0.00222     -0.00243      0.00412
FE      0.31259      0.93717      0.43581     -0.00018      0.00230     -0.00155
FE      0.31253      0.81230      0.56536     -0.00297     -0.00405     -0.00247
FE      0.43783      0.93773      0.56454     -0.00106      0.00083     -0.00331
FE      0.43727      0.81241      0.68637     -0.00046      0.01084     -0.00061
FE      0.31283      0.93778      0.68388      0.00309     -0.00087      0.00755
FE      0.56251      0.06252      0.31552     -0.00050      0.00040     -0.00543
FE      0.68843      0.18756      0.31417     -0.01151      0.00641     -0.00635
FE      0.68758      0.06249      0.43559      0.00250      0.00049     -0.00213
FE      0.56249      0.18743      0.43462     -0.00048     -0.00179      0.00902
FE      0.56247      0.06248      0.56504      0.00033      0.00009      0.00250
FE      0.68718      0.18731      0.56457      0.00096     -0.00029     -0.00412
FE      0.68675      0.06249      0.68650      0.00031      0.00005      0.01213
FE      0.56245      0.18775      0.68508      0.00084     -0.01164     -0.00647
FE      0.56247      0.31228      0.31524     -0.00026      0.00585      0.00457
FE      0.68704      0.43812      0.31433     -0.00583     -0.00448      0.00165
FE      0.68685      0.31268      0.43655     -0.00256      0.00237      0.00395
FE      0.56249      0.43761      0.43563      0.00002      0.00011      0.00829
FE      0.56247      0.31251      0.56579      0.00007      0.00236      0.00385
FE      0.68752      0.43760      0.56488      0.00154     -0.00377      0.00817
FE      0.68775      0.31254      0.68635      0.00043     -0.01164      0.00055
FE      0.56249      0.43758      0.68523     -0.00005     -0.01008     -0.00090
FE      0.56250      0.56251      0.31572      0.00021      0.00026      0.01658
FE      0.68705      0.68693      0.31437     -0.00546      0.00508      0.00122
FE      0.68762      0.56249      0.43596     -0.00446     -0.00010      0.01172
FE      0.56248      0.68745      0.43564     -0.00005     -0.00012      0.00795
FE      0.56249      0.56248      0.56496     -0.00019     -0.00047      0.01221
FE      0.68751      0.68745      0.56488      0.00137      0.00341      0.00815
FE      0.68735      0.56249      0.68610      0.01047     -0.00060      0.00248
FE      0.56249      0.68744      0.68523     -0.00016      0.00920     -0.00076
FE      0.56248      0.81271      0.31524      0.00002     -0.00603      0.00489
FE      0.68839      0.93753      0.31418     -0.01142     -0.00577     -0.00607
FE      0.68683      0.81232      0.43658     -0.00190     -0.00247      0.00352
FE      0.56249      0.93765      0.43464     -0.00003      0.00206      0.00917
FE      0.56248      0.81244      0.56582      0.00055     -0.00268      0.00381
FE      0.68721      0.93774      0.56456      0.00042      0.00028     -0.00406
FE      0.68777      0.81240      0.68638      0.00021      0.01031      0.00011
FE      0.56250      0.93725      0.68505      0.00027      0.01212     -0.00551
FE      0.81242      0.06247      0.31535     -0.00270      0.00007      0.00242
FE      0.93307      0.19149      0.31191      0.00214      0.00365      0.00847
FE      0.93676      0.06248      0.43583     -0.02077     -0.00002     -0.01221
FE      0.81234      0.18789      0.43585      0.00122     -0.00190     -0.00217
FE      0.81294      0.06249      0.56475      0.00795     -0.00056     -0.00408
FE      0.93787      0.18692      0.56424     -0.00423     -0.00004     -0.00857
FE      0.93603      0.06249      0.68687     -0.00104     -0.00026     -0.01251
FE      0.81215      0.18724      0.68390     -0.00337      0.00178      0.00767
FE      0.81071      0.31390      0.31693      0.00036      0.00534     -0.00824
FE      0.93719      0.43671      0.31405     -0.00708      0.00789     -0.00335
FE      0.93662      0.31319      0.43586      0.01447     -0.00514     -0.00763
FE      0.81221      0.43789      0.43544     -0.00098      0.00193      0.00310
FE      0.81243      0.31266      0.56538      0.00273      0.00341     -0.00262
FE      0.93756      0.43742      0.56450     -0.00386      0.00355     -0.00146
FE      0.93816      0.31204      0.68590     -0.00228      0.00244      0.00769
FE      0.81282      0.43769      0.68509      0.00707     -0.00574      0.00159
FE      0.81275      0.56250      0.31565     -0.00865     -0.00033      0.00521
FE      0.93716      0.68836      0.31400     -0.00787     -0.00804     -0.00312
FE      0.93776      0.56250      0.43584     -0.00129     -0.00006      0.00119
FE      0.81222      0.68718      0.43544     -0.00085     -0.00198      0.00343
FE      0.81256      0.56248      0.56504      0.00188     -0.00032      0.00589
FE      0.93757      0.68762      0.56449     -0.00385     -0.00424     -0.00167
FE      0.93764      0.56250      0.68566      0.00657     -0.00054      0.00541
FE      0.81282      0.68732      0.68508      0.00703      0.00477      0.00137
FE      0.81068      0.81117      0.31701      0.00109     -0.00422     -0.00926
FE      0.93313      0.93345      0.31189      0.00346     -0.00168      0.01091
FE      0.93663      0.81179      0.43589      0.01443      0.00611     -0.00790
FE      0.81237      0.93718      0.43584     -0.00001      0.00121     -0.00211
FE      0.81242      0.81230      0.56539      0.00257     -0.00397     -0.00297
FE      0.93787      0.93809      0.56426     -0.00472      0.00067     -0.00968
FE      0.93814      0.81287      0.68589     -0.00301     -0.00237      0.00679
FE      0.81214      0.93779      0.68392     -0.00346     -0.00138      0.00711
