/* Converted from PWscf output file */ 
#L_UNITS ang 
#E_UNITS eV 
#S_UNITS GPA 
#F_UNITS EV/ANG 
#ALAT 	  13.67994     // a0 
#X 	   1.00000     0.00000     0.00000     // X 
#Y 	   0.00000     1.05163     0.00000     // Y 
#Z 	   0.00000     0.00000     1.00000     // Z 
#SX 	  -2.18871    -0.00000    -0.00088     // SX 
#SY 	  -0.00000    -1.54717     0.00438     // SY 
#SZ 	  -0.00088     0.00438    -2.48198     // SZ 
#EPA 	  -3.72194     // Energy per Atom 
#C 	1 1 1 
#W 	1.0 
#RCUT 	6.5        // Rcut 
PD      0.06219      0.06259      0.29061      0.02648     -0.00303      0.02534
FE      0.19189      0.19153      0.31189     -0.00628     -0.00298      0.00642
FE      0.18823      0.06246      0.43584      0.01132     -0.00002     -0.02478
FE      0.06248      0.18740      0.43595     -0.00038      0.01081     -0.02291
FE      0.06245      0.06244      0.56610     -0.00055     -0.00034      0.00441
FE      0.18714      0.18690      0.56423      0.00464     -0.00019     -0.00892
FE      0.18891      0.06241      0.68687      0.00065     -0.00009     -0.01278
FE      0.06250      0.18580      0.68459      0.00050      0.00064     -0.00936
FE      0.06245      0.31286      0.31629      0.00019     -0.00822      0.00154
FE      0.18782      0.43668      0.31404      0.00707      0.00774     -0.00380
FE      0.18838      0.31319      0.43582     -0.01464     -0.00659     -0.00837
FE      0.06248      0.43707      0.43427      0.00022      0.00422     -0.00826
FE      0.06249      0.31215      0.56424      0.00004     -0.00594     -0.00954
FE      0.18748      0.43742      0.56448      0.00392      0.00352     -0.00227
FE      0.18690      0.31205      0.68587      0.00164      0.00269      0.00727
FE      0.06249      0.43791      0.68494      0.00045      0.00141      0.00354
FE      0.06250      0.56253      0.31573     -0.00011      0.00025      0.00456
FE      0.18791      0.68839      0.31398      0.00776     -0.00752     -0.00382
FE      0.18728      0.56250      0.43583      0.00076     -0.00005      0.00115
FE      0.06248      0.68799      0.43423      0.00007     -0.00352     -0.00864
FE      0.06249      0.56249      0.56455      0.00012      0.00013     -0.00491
FE      0.18749      0.68762      0.56448      0.00379     -0.00366     -0.00209
FE      0.18741      0.56249      0.68565     -0.00645     -0.00004      0.00474
FE      0.06251      0.68712      0.68493      0.00016     -0.00136      0.00421
FE      0.06245      0.81207      0.31633     -0.00018      0.00802      0.00159
FE      0.19181      0.93343      0.31189     -0.00830      0.00504      0.00701
FE      0.18840      0.81178      0.43583     -0.01427      0.00688     -0.00895
FE      0.06246      0.93763      0.43592     -0.00072     -0.00951     -0.02331
FE      0.06250      0.81281      0.56423     -0.00051      0.00418     -0.00941
FE      0.18713      0.93808      0.56423      0.00514      0.00118     -0.00935
FE      0.18690      0.81291      0.68588      0.00172     -0.00213      0.00676
FE      0.06246      0.93912      0.68464      0.00045     -0.00186     -0.01096
FE      0.31253      0.06245      0.31532      0.00183      0.00012      0.00372
FE      0.43660      0.18749      0.31421      0.01091      0.00681     -0.00658
FE      0.43744      0.06249      0.43558     -0.00181      0.00013     -0.00172
FE      0.31259      0.18788      0.43583     -0.00252     -0.00372     -0.00252
FE      0.31202      0.06246      0.56477     -0.01046      0.00007     -0.00565
FE      0.43782      0.18729      0.56455     -0.00161     -0.00033     -0.00354
FE      0.43827      0.06243      0.68653      0.00110      0.00036      0.01218
FE      0.31283      0.18719      0.68390      0.00291      0.00152      0.00811
FE      0.31436      0.31388      0.31689     -0.00002      0.00583     -0.00730
FE      0.43801      0.43814      0.31431      0.00576     -0.00422      0.00185
FE      0.43818      0.31267      0.43656      0.00208      0.00263      0.00465
FE      0.31276      0.43787      0.43541      0.00089      0.00170      0.00298
FE      0.31251      0.31265      0.56535     -0.00328      0.00360     -0.00257
FE      0.43753      0.43760      0.56487     -0.00181     -0.00372      0.00777
FE      0.43725      0.31255      0.68634     -0.00039     -0.01106     -0.00018
FE      0.31216      0.43770      0.68508     -0.00716     -0.00538      0.00169
FE      0.31225      0.56248      0.31564      0.00833     -0.00057      0.00508
FE      0.43797      0.68691      0.31435      0.00559      0.00475      0.00128
FE      0.43742      0.56249      0.43596      0.00427     -0.00014      0.01144
FE      0.31277      0.68718      0.43542      0.00111     -0.00222      0.00336
FE      0.31242      0.56248      0.56503     -0.00177     -0.00024      0.00589
FE      0.43753      0.68744      0.56488     -0.00159      0.00343      0.00814
FE      0.43770      0.56247      0.68610     -0.01046     -0.00016      0.00221
FE      0.31217      0.68732      0.68508     -0.00744      0.00554      0.00190
FE      0.31441      0.81122      0.31694      0.00052     -0.00552     -0.00745
FE      0.43667      0.93756      0.31421      0.01090     -0.00599     -0.00628
FE      0.43821      0.81231      0.43659      0.00229     -0.00253      0.00416
FE      0.31259      0.93717      0.43581     -0.00133      0.00273     -0.00209
FE      0.31253      0.81230      0.56536     -0.00295     -0.00405     -0.00247
FE      0.43783      0.93773      0.56454     -0.00101      0.00072     -0.00311
FE      0.43727      0.81241      0.68637     -0.00043      0.01084     -0.00070
FE      0.31283      0.93778      0.68388      0.00320     -0.00098      0.00746
FE      0.56251      0.06252      0.31552     -0.00051      0.00039     -0.00536
FE      0.68843      0.18756      0.31417     -0.01163      0.00639     -0.00632
FE      0.68758      0.06249      0.43559      0.00276      0.00044     -0.00256
FE      0.56249      0.18743      0.43462     -0.00044     -0.00181      0.00900
FE      0.56247      0.06248      0.56504      0.00034      0.00005      0.00270
FE      0.68718      0.18731      0.56457      0.00103     -0.00041     -0.00416
FE      0.68675      0.06249      0.68650      0.00002      0.00003      0.01232
FE      0.56245      0.18775      0.68508      0.00080     -0.01169     -0.00654
FE      0.56247      0.31228      0.31524     -0.00037      0.00591      0.00465
FE      0.68704      0.43812      0.31433     -0.00600     -0.00440      0.00164
FE      0.68685      0.31268      0.43655     -0.00239      0.00234      0.00402
FE      0.56249      0.43761      0.43563      0.00002      0.00008      0.00820
FE      0.56247      0.31251      0.56579      0.00014      0.00244      0.00401
FE      0.68752      0.43760      0.56488      0.00156     -0.00379      0.00809
FE      0.68775      0.31254      0.68635      0.00044     -0.01164      0.00069
FE      0.56249      0.43758      0.68523     -0.00003     -0.01011     -0.00101
FE      0.56250      0.56251      0.31572      0.00029      0.00028      0.01668
FE      0.68705      0.68693      0.31437     -0.00559      0.00504      0.00124
FE      0.68762      0.56249      0.43596     -0.00440     -0.00006      0.01177
FE      0.56248      0.68745      0.43564     -0.00007     -0.00009      0.00790
FE      0.56249      0.56248      0.56496     -0.00018     -0.00042      0.01220
FE      0.68751      0.68745      0.56488      0.00141      0.00339      0.00807
FE      0.68735      0.56249      0.68610      0.01045     -0.00058      0.00251
FE      0.56249      0.68744      0.68523     -0.00012      0.00918     -0.00089
FE      0.56248      0.81271      0.31524     -0.00006     -0.00613      0.00495
FE      0.68839      0.93753      0.31418     -0.01149     -0.00574     -0.00600
FE      0.68683      0.81232      0.43658     -0.00179     -0.00247      0.00364
FE      0.56249      0.93765      0.43464      0.00002      0.00207      0.00914
FE      0.56248      0.81244      0.56582      0.00054     -0.00271      0.00378
FE      0.68721      0.93774      0.56456      0.00048      0.00036     -0.00406
FE      0.68777      0.81240      0.68638      0.00019      0.01026      0.00015
FE      0.56250      0.93725      0.68505      0.00021      0.01223     -0.00563
FE      0.81242      0.06247      0.31535     -0.00230      0.00009      0.00169
FE      0.93307      0.19149      0.31191     -0.00026      0.00860      0.00935
FE      0.93676      0.06248      0.43583     -0.01698      0.00002     -0.01419
FE      0.81234      0.18789      0.43585      0.00083     -0.00152     -0.00174
FE      0.81294      0.06249      0.56475      0.00864     -0.00057     -0.00429
FE      0.93787      0.18692      0.56424     -0.00449     -0.00015     -0.00859
FE      0.93603      0.06249      0.68687     -0.00073     -0.00024     -0.01244
FE      0.81215      0.18724      0.68390     -0.00333      0.00149      0.00730
FE      0.81071      0.31390      0.31693      0.00043      0.00523     -0.00831
FE      0.93719      0.43671      0.31405     -0.00715      0.00787     -0.00338
FE      0.93662      0.31319      0.43586      0.01417     -0.00495     -0.00752
FE      0.81221      0.43789      0.43544     -0.00089      0.00187      0.00309
FE      0.81243      0.31266      0.56538      0.00286      0.00347     -0.00272
FE      0.93756      0.43742      0.56450     -0.00381      0.00350     -0.00148
FE      0.93816      0.31204      0.68590     -0.00226      0.00248      0.00764
FE      0.81282      0.43769      0.68509      0.00705     -0.00573      0.00148
FE      0.81275      0.56250      0.31565     -0.00868     -0.00024      0.00552
FE      0.93716      0.68836      0.31400     -0.00802     -0.00802     -0.00310
FE      0.93776      0.56250      0.43584     -0.00095     -0.00006      0.00143
FE      0.81222      0.68718      0.43544     -0.00075     -0.00188      0.00336
FE      0.81256      0.56248      0.56504      0.00192     -0.00030      0.00588
FE      0.93757      0.68762      0.56449     -0.00385     -0.00419     -0.00168
FE      0.93764      0.56250      0.68566      0.00659     -0.00057      0.00536
FE      0.81282      0.68732      0.68508      0.00698      0.00477      0.00125
FE      0.81068      0.81117      0.31701      0.00115     -0.00418     -0.00923
FE      0.93313      0.93345      0.31189      0.00281     -0.00537      0.01157
FE      0.93663      0.81179      0.43589      0.01416      0.00594     -0.00789
FE      0.81237      0.93718      0.43584     -0.00032      0.00089     -0.00169
FE      0.81242      0.81230      0.56539      0.00264     -0.00403     -0.00316
FE      0.93787      0.93809      0.56426     -0.00501      0.00082     -0.00970
FE      0.93814      0.81287      0.68589     -0.00299     -0.00237      0.00680
FE      0.81214      0.93779      0.68392     -0.00346     -0.00110      0.00676
