/* Converted from PWscf output file */ 
#L_UNITS ang 
#E_UNITS eV 
#S_UNITS GPA 
#F_UNITS EV/ANG 
#ALAT 	  13.67994     // a0 
#X 	   1.00000     0.00000     0.00000     // X 
#Y 	   0.00000     1.05163     0.00000     // Y 
#Z 	   0.00000     0.00000     1.00000     // Z 
#SX 	  -1.74682     0.00000    -0.00000     // SX 
#SY 	   0.00000    -1.07904    -0.00000     // SY 
#SZ 	  -0.00000    -0.00000    -1.94137     // SZ 
#EPA 	  -3.70832     // Energy per Atom 
#C 	1 1 1 
#W 	1.0 
#RCUT 	6.5        // Rcut 
FE      0.06249      0.06249      0.31476     -0.00020     -0.03709      0.03230
FE      0.18751      0.18751      0.31476      0.00060      0.00165     -0.00514
FE      0.18751      0.06249      0.43537      0.02537      0.04683      0.00631
FE      0.06249      0.18751      0.43537     -0.00072     -0.01034      0.01954
FE      0.06249      0.06249      0.56463     -0.00092      0.07173     -0.00315
FE      0.18751      0.18751      0.56463     -0.01842     -0.01784      0.00225
FE      0.18751      0.06249      0.68524     -0.00763      0.03421      0.03553
FE      0.06249      0.18751      0.68524     -0.00021     -0.01798     -0.03031
FE      0.06249      0.31249      0.31476     -0.00029     -0.00037      0.00916
FE      0.18751      0.43751      0.31476      0.00063     -0.00120     -0.00518
FE      0.18751      0.31249      0.43537      0.00352     -0.00134     -0.00132
FE      0.06249      0.43751      0.43537     -0.00072      0.01278      0.01962
FE      0.06249      0.31249      0.56463     -0.00082     -0.00133     -0.00714
FE      0.18751      0.43751      0.56463     -0.01844      0.02025      0.00230
FE      0.18751      0.31249      0.68524      0.00849     -0.00038      0.01008
FE      0.06249      0.43751      0.68524     -0.00021      0.01847     -0.03023
FE      0.06249      0.56249      0.31476     -0.00023      0.03624      0.03236
FE      0.18751      0.68751      0.31476     -0.00030      0.02984      0.00276
FE      0.18751      0.56249      0.43537      0.02542     -0.04940      0.00624
FE      0.06249      0.68751      0.43537     -0.00079     -0.53928     -0.52256
FE      0.06249      0.56249      0.56463     -0.00092     -0.07459     -0.00327
FE      0.18751      0.68751      0.56463      0.55524     -0.58231     -0.02956
FE      0.18751      0.56249      0.68524     -0.00760     -0.03493      0.03563
FE      0.06249      0.68751      0.68524      0.00004     -0.70815      0.65058
FE      0.06249      0.81249      0.31476     -0.00032     -0.00043     -0.04201
FE      0.18751      0.93751      0.31476     -0.00023     -0.02944      0.00266
FE      0.18751      0.81249      0.43537      0.75963     -0.00190     -0.84577
FE      0.06249      0.93751      0.43537     -0.00101      0.54099     -0.52173
PD      0.06249      0.81249      0.56463      0.00790      0.01101     -0.72615
FE      0.18751      0.93751      0.56463      0.55444      0.58377     -0.02940
FE      0.18751      0.81249      0.68524      1.12347     -0.00005      0.96198
FE      0.06249      0.93751      0.68524     -0.00020      0.70763      0.64959
FE      0.31249      0.06249      0.31476     -0.00080      0.00686     -0.00844
FE      0.43751      0.18751      0.31476      0.00154      0.00199     -0.00132
FE      0.43751      0.06249      0.43537      0.00339     -0.00216      0.01065
FE      0.31249      0.18751      0.43537     -0.00014     -0.00263      0.00426
FE      0.31249      0.06249      0.56463     -0.02876     -0.03871      0.01036
FE      0.43751      0.18751      0.56463      0.01029      0.00575     -0.00914
FE      0.43751      0.06249      0.68524     -0.01264     -0.00400     -0.00257
FE      0.31249      0.18751      0.68524      0.00251     -0.00481     -0.00918
FE      0.31249      0.31249      0.31476     -0.00543     -0.00038      0.00517
FE      0.43751      0.43751      0.31476      0.00154     -0.00150     -0.00139
FE      0.43751      0.31249      0.43537     -0.00134     -0.00133      0.00758
FE      0.31249      0.43751      0.43537     -0.00011      0.00502      0.00430
FE      0.31249      0.31249      0.56463     -0.00162     -0.00133     -0.00810
FE      0.43751      0.43751      0.56463      0.01028     -0.00335     -0.00917
FE      0.43751      0.31249      0.68524     -0.00161     -0.00037      0.00329
FE      0.31249      0.43751      0.68524      0.00251      0.00525     -0.00912
FE      0.31249      0.56249      0.31476     -0.00074     -0.00759     -0.00837
FE      0.43751      0.68751      0.31476     -0.00393     -0.00064      0.00240
FE      0.43751      0.56249      0.43537      0.00338     -0.00045      0.01058
FE      0.31249      0.68751      0.43537     -0.00320      0.01055      0.00684
FE      0.31249      0.56249      0.56463     -0.02870      0.03597      0.01042
FE      0.43751      0.68751      0.56463     -0.00409      0.00554     -0.00267
FE      0.43751      0.56249      0.68524     -0.01264      0.00329     -0.00247
FE      0.31249      0.68751      0.68524     -0.00402      0.03248      0.00547
FE      0.31249      0.81249      0.31476     -0.05638     -0.00039      0.06188
FE      0.43751      0.93751      0.31476     -0.00389      0.00110      0.00241
FE      0.43751      0.81249      0.43537      0.00671     -0.00132      0.00925
FE      0.31249      0.93751      0.43537     -0.00315     -0.00815      0.00693
FE      0.31249      0.81249      0.56463      0.04413     -0.00128     -0.00952
FE      0.43751      0.93751      0.56463     -0.00411     -0.00313     -0.00271
FE      0.43751      0.81249      0.68524      0.00101     -0.00032      0.02436
FE      0.31249      0.93751      0.68524     -0.00400     -0.03198      0.00548
FE      0.56249      0.06249      0.31476     -0.00022     -0.00624     -0.00015
FE      0.68751      0.18751      0.31476     -0.00116      0.00192     -0.00139
FE      0.68751      0.06249      0.43537     -0.00187     -0.00210      0.01053
FE      0.56249      0.18751      0.43537     -0.00081      0.00061      0.00362
FE      0.56249      0.06249      0.56463     -0.00076      0.00081     -0.00592
FE      0.68751      0.18751      0.56463     -0.00877      0.00577     -0.00906
FE      0.68751      0.06249      0.68524      0.01296     -0.00389     -0.00260
FE      0.56249      0.18751      0.68524     -0.00024      0.00076     -0.00059
FE      0.56249      0.31249      0.31476     -0.00027     -0.00031      0.00278
FE      0.68751      0.43751      0.31476     -0.00121     -0.00148     -0.00142
FE      0.68751      0.31249      0.43537      0.00310     -0.00134      0.00756
FE      0.56249      0.43751      0.43537     -0.00084      0.00183      0.00355
FE      0.56249      0.31249      0.56463     -0.00074     -0.00135     -0.00892
FE      0.68751      0.43751      0.56463     -0.00878     -0.00339     -0.00910
FE      0.68751      0.31249      0.68524      0.00192     -0.00030      0.00312
FE      0.56249      0.43751      0.68524     -0.00023     -0.00038     -0.00059
FE      0.56249      0.56249      0.31476     -0.00026      0.00548     -0.00017
FE      0.68751      0.68751      0.31476      0.00417     -0.00077      0.00245
FE      0.68751      0.56249      0.43537     -0.00183     -0.00049      0.01060
FE      0.56249      0.68751      0.43537     -0.00079     -0.00017     -0.00004
FE      0.56249      0.56249      0.56463     -0.00082     -0.00348     -0.00587
FE      0.68751      0.68751      0.56463      0.00557      0.00556     -0.00275
FE      0.68751      0.56249      0.68524      0.01299      0.00320     -0.00262
FE      0.56249      0.68751      0.68524     -0.00027     -0.00360     -0.00442
FE      0.56249      0.81249      0.31476     -0.00028     -0.00037     -0.00611
FE      0.68751      0.93751      0.31476      0.00420      0.00117      0.00245
FE      0.68751      0.81249      0.43537     -0.00522     -0.00132      0.00927
FE      0.56249      0.93751      0.43537     -0.00078      0.00253      0.00002
FE      0.56249      0.81249      0.56463     -0.00084     -0.00133     -0.01249
FE      0.68751      0.93751      0.56463      0.00559     -0.00313     -0.00279
FE      0.68751      0.81249      0.68524     -0.00066     -0.00033      0.02436
FE      0.56249      0.93751      0.68524     -0.00021      0.00409     -0.00444
FE      0.81249      0.06249      0.31476      0.00034      0.00698     -0.00834
FE      0.93751      0.18751      0.31476     -0.00034      0.00157     -0.00536
FE      0.93751      0.06249      0.43537     -0.02400      0.04692      0.00635
FE      0.81249      0.18751      0.43537     -0.00152     -0.00265      0.00416
FE      0.81249      0.06249      0.56463      0.02709     -0.03857      0.01036
FE      0.93751      0.18751      0.56463      0.01989     -0.01786      0.00242
FE      0.93751      0.06249      0.68524      0.00790      0.03413      0.03565
FE      0.81249      0.18751      0.68524     -0.00291     -0.00468     -0.00920
FE      0.81249      0.31249      0.31476      0.00506     -0.00037      0.00519
FE      0.93751      0.43751      0.31476     -0.00037     -0.00109     -0.00532
FE      0.93751      0.31249      0.43537     -0.00218     -0.00127     -0.00104
FE      0.81249      0.43751      0.43537     -0.00149      0.00503      0.00418
FE      0.81249      0.31249      0.56463     -0.00003     -0.00135     -0.00801
FE      0.93751      0.43751      0.56463      0.01990      0.02029      0.00240
FE      0.93751      0.31249      0.68524     -0.00813     -0.00037      0.01002
FE      0.81249      0.43751      0.68524     -0.00296      0.00518     -0.00929
FE      0.81249      0.56249      0.31476      0.00036     -0.00776     -0.00840
FE      0.93751      0.68751      0.31476      0.00064      0.02987      0.00271
FE      0.93751      0.56249      0.43537     -0.02408     -0.04953      0.00627
FE      0.81249      0.68751      0.43537      0.00155      0.01049      0.00686
FE      0.81249      0.56249      0.56463      0.02708      0.03591      0.01042
FE      0.93751      0.68751      0.56463     -0.55518     -0.58346     -0.02974
FE      0.93751      0.56249      0.68524      0.00793     -0.03483      0.03569
FE      0.81249      0.68751      0.68524      0.00360      0.03249      0.00556
FE      0.81249      0.81249      0.31476      0.05594     -0.00035      0.06192
FE      0.93751      0.93751      0.31476      0.00060     -0.02943      0.00267
FE      0.93751      0.81249      0.43537     -0.75886     -0.00170     -0.84726
FE      0.81249      0.93751      0.43537      0.00154     -0.00812      0.00698
FE      0.81249      0.81249      0.56463     -0.04577     -0.00127     -0.00950
FE      0.93751      0.93751      0.56463     -0.55408      0.58455     -0.02959
FE      0.93751      0.81249      0.68524     -1.12435      0.00027      0.96344
FE      0.81249      0.93751      0.68524      0.00359     -0.03198      0.00548
