/* Converted from PWscf output file */ 
#L_UNITS ang 
#E_UNITS eV 
#S_UNITS GPA 
#F_UNITS EV/ANG 
#ALAT 	  13.68493     // a0 
#X 	   1.00000     0.00000    -0.00000     // X 
#Y 	   0.00000     1.05683     0.00001     // Y 
#Z 	  -0.00000     0.00001     1.00028     // Z 
#SX 	  -0.02348    -0.00000     0.00000     // SX 
#SY 	  -0.00000     0.00438     0.00306     // SY 
#SZ 	   0.00000     0.00306    -0.02610     // SZ 
#EPA 	  -4.25338     // Energy per Atom 
#C 	1 1 1 
#W 	1.0 
#RCUT 	6.5        // Rcut 
PD      0.06251      0.06009      0.06516      0.00066      0.03673     -0.03251
FE      0.19346      0.18989      0.06645      0.00619      0.00180      0.00094
FE      0.19239      0.06225      0.19237      0.01293     -0.00109      0.01300
FE      0.06248      0.19023      0.19086     -0.00010      0.00552      0.00984
FE      0.06247      0.06234      0.31294      0.00037     -0.00171      0.00777
FE      0.18827      0.18789      0.31334      0.00168     -0.00013      0.00130
FE      0.18779      0.06238      0.43769      0.00495     -0.00245      0.00285
FE      0.06248      0.18763      0.43766      0.00029      0.00248      0.00089
FE      0.06248      0.06237      0.56234      0.00029     -0.00248     -0.00089
FE      0.18779      0.18762      0.56231      0.00495      0.00245     -0.00285
FE      0.18827      0.06211      0.68666      0.00168      0.00013     -0.00130
FE      0.06247      0.18766      0.68706      0.00037      0.00171     -0.00777
FE      0.06248      0.05977      0.80914     -0.00010     -0.00552     -0.00984
FE      0.19239      0.18775      0.80763      0.01293      0.00109     -0.01300
FE      0.19346      0.06011      0.93355      0.00619     -0.00180     -0.00094
PD      0.06251      0.18991      0.93484      0.00066     -0.03673      0.03251
FE      0.06246      0.31570      0.06532      0.00011      0.00160      0.01060
FE      0.18799      0.43846      0.06290      0.00030     -0.00244     -0.00085
FE      0.18837      0.31370      0.18853     -0.00244     -0.00122      0.00094
FE      0.06247      0.43791      0.18791     -0.00026     -0.00171     -0.00145
FE      0.06248      0.31285      0.31295      0.00008      0.00103      0.00020
FE      0.18768      0.43795      0.31288      0.00058      0.00250     -0.00108
FE      0.18773      0.31284      0.43776      0.00283      0.00414     -0.00062
FE      0.06248      0.43789      0.43773     -0.00011      0.00357      0.00006
FE      0.06248      0.31273      0.56237     -0.00002      0.00608     -0.00187
FE      0.18770      0.43791      0.56223      0.00183      0.00397      0.00195
FE      0.18817      0.31312      0.68665     -0.00157      0.00173      0.00228
FE      0.06248      0.43804      0.68695     -0.00012     -0.00447      0.00538
FE      0.06246      0.31573      0.80926     -0.00004      0.01503     -0.01879
FE      0.18802      0.43854      0.81192     -0.00152     -0.00389      0.00109
FE      0.19074      0.31606      0.93729      0.01403      0.00795      0.00022
FE      0.06246      0.43812      0.93751     -0.00022      0.00202     -0.00043
FE      0.06248      0.56256      0.06251     -0.00005      0.00013      0.00095
FE      0.18761      0.68745      0.06253      0.00225     -0.00028      0.00108
FE      0.18763      0.56268      0.18774      0.00199     -0.00029      0.00117
FE      0.06248      0.68747      0.18764     -0.00010      0.00020      0.00282
FE      0.06249      0.56273      0.31278     -0.00001      0.00027      0.00075
FE      0.18764      0.68734      0.31272      0.00178      0.00109     -0.00051
FE      0.18764      0.56260      0.43760      0.00266      0.00246      0.00027
FE      0.06248      0.68726      0.43774     -0.00002      0.00126     -0.00146
FE      0.06248      0.56274      0.56226     -0.00002     -0.00126      0.00147
FE      0.18764      0.68740      0.56240      0.00266     -0.00246     -0.00027
FE      0.18764      0.56266      0.68728      0.00178     -0.00109      0.00051
FE      0.06249      0.68727      0.68722     -0.00001     -0.00027     -0.00075
FE      0.06248      0.56253      0.81236     -0.00009     -0.00020     -0.00281
FE      0.18763      0.68732      0.81226      0.00199      0.00029     -0.00118
FE      0.18761      0.56255      0.93747      0.00225      0.00028     -0.00108
FE      0.06248      0.68744      0.93749     -0.00005     -0.00013     -0.00095
FE      0.06246      0.81188      0.06249     -0.00022     -0.00202      0.00043
FE      0.19074      0.93394      0.06271      0.01403     -0.00795     -0.00022
FE      0.18802      0.81146      0.18808     -0.00152      0.00389     -0.00109
FE      0.06246      0.93427      0.19074     -0.00004     -0.01503      0.01878
FE      0.06248      0.81196      0.31305     -0.00012      0.00446     -0.00538
FE      0.18817      0.93688      0.31335     -0.00157     -0.00173     -0.00228
FE      0.18770      0.81209      0.43777      0.00183     -0.00397     -0.00195
FE      0.06248      0.93727      0.43763     -0.00002     -0.00608      0.00187
FE      0.06248      0.81211      0.56227     -0.00012     -0.00357     -0.00006
FE      0.18773      0.93716      0.56224      0.00283     -0.00414      0.00062
FE      0.18768      0.81205      0.68712      0.00058     -0.00250      0.00108
FE      0.06248      0.93715      0.68705      0.00008     -0.00103     -0.00020
FE      0.06247      0.81209      0.81209     -0.00026      0.00171      0.00145
FE      0.18837      0.93630      0.81147     -0.00244      0.00122     -0.00094
FE      0.18799      0.81154      0.93710      0.00031      0.00244      0.00085
FE      0.06246      0.93430      0.93468      0.00011     -0.00160     -0.01060
FE      0.31319      0.06215      0.06288     -0.00029      0.00020     -0.00136
FE      0.43781      0.18760      0.06265      0.00333      0.00238      0.00186
FE      0.43801      0.06230      0.18799     -0.00054     -0.00146      0.00080
FE      0.31397      0.18789      0.18891     -0.00677     -0.00085     -0.00407
FE      0.31384      0.06234      0.31387     -0.00959     -0.00198     -0.01057
FE      0.43851      0.18767      0.31346     -0.01031      0.00100     -0.00860
FE      0.43842      0.06225      0.43823     -0.00772     -0.00413     -0.00870
FE      0.31309      0.18769      0.43794      0.00240      0.00148     -0.00168
FE      0.31309      0.06231      0.56206      0.00240     -0.00148      0.00168
FE      0.43842      0.18775      0.56177     -0.00772      0.00413      0.00870
FE      0.43851      0.06233      0.68654     -0.01031     -0.00100      0.00859
FE      0.31383      0.18766      0.68613     -0.00959      0.00198      0.01057
FE      0.31397      0.06211      0.81109     -0.00677      0.00085      0.00406
FE      0.43801      0.18770      0.81201     -0.00054      0.00146     -0.00080
FE      0.43781      0.06240      0.93735      0.00333     -0.00238     -0.00186
FE      0.31319      0.18785      0.93712     -0.00029     -0.00020      0.00136
FE      0.31337      0.31304      0.06308     -0.00398     -0.00082     -0.00139
FE      0.43795      0.43798      0.06259     -0.00292      0.00068      0.00019
FE      0.43816      0.31289      0.18800     -0.00473      0.00182     -0.00187
FE      0.31292      0.43800      0.18786     -0.00122      0.00148     -0.00038
FE      0.31311      0.31293      0.31313     -0.00197      0.00323     -0.00325
FE      0.43773      0.43781      0.31267      0.00225      0.01106      0.00249
FE      0.43778      0.31286      0.43761     -0.00039      0.01086      0.00064
FE      0.31271      0.43782      0.43760      0.00409      0.00851      0.00067
FE      0.31301      0.31283      0.56208      0.00098      0.00630      0.00431
FE      0.43769      0.43777      0.56236      0.00339      0.01318     -0.00104
FE      0.43802      0.31281      0.68706     -0.00201      0.00818      0.00132
FE      0.31285      0.43792      0.68716      0.00096      0.00555      0.00082
FE      0.31334      0.31312      0.81172     -0.00205      0.00127      0.00180
FE      0.43786      0.43789      0.81230     -0.00054      0.00488     -0.00191
FE      0.43783      0.31280      0.93745     -0.00072      0.00404      0.00056
FE      0.31297      0.43794      0.93748     -0.00408     -0.00448     -0.00018
FE      0.31275      0.56267      0.06253      0.00154     -0.00053      0.00056
FE      0.43782      0.68729      0.06253     -0.00088      0.00120      0.00087
FE      0.43769      0.56258      0.18765      0.00109      0.00401      0.00324
FE      0.31273      0.68733      0.18764      0.00108      0.00171      0.00172
FE      0.31264      0.56259      0.31263      0.00400      0.00421      0.00231
FE      0.43765      0.68740      0.31260      0.00270     -0.00379      0.00366
FE      0.43761      0.56256      0.43756      0.00436      0.00575      0.00168
FE      0.31262      0.68741      0.43760      0.00508     -0.00390      0.00071
FE      0.31262      0.56259      0.56240      0.00508      0.00390     -0.00071
FE      0.43761      0.68744      0.56244      0.00436     -0.00575     -0.00168
FE      0.43765      0.56260      0.68740      0.00270      0.00379     -0.00366
FE      0.31264      0.68741      0.68737      0.00400     -0.00422     -0.00231
FE      0.31273      0.56267      0.81236      0.00108     -0.00171     -0.00171
FE      0.43769      0.68742      0.81235      0.00109     -0.00401     -0.00324
FE      0.43782      0.56271      0.93747     -0.00088     -0.00120     -0.00086
FE      0.31275      0.68733      0.93747      0.00154      0.00053     -0.00056
FE      0.31297      0.81206      0.06252     -0.00408      0.00448      0.00018
FE      0.43783      0.93720      0.06255     -0.00072     -0.00404     -0.00056
FE      0.43786      0.81211      0.18770     -0.00054     -0.00488      0.00191
FE      0.31334      0.93688      0.18828     -0.00205     -0.00127     -0.00180
FE      0.31285      0.81208      0.31284      0.00096     -0.00554     -0.00082
FE      0.43802      0.93719      0.31294     -0.00201     -0.00818     -0.00132
FE      0.43769      0.81223      0.43764      0.00339     -0.01318      0.00104
FE      0.31301      0.93717      0.43792      0.00098     -0.00630     -0.00431
FE      0.31271      0.81218      0.56240      0.00409     -0.00851     -0.00067
FE      0.43778      0.93714      0.56239     -0.00039     -0.01086     -0.00064
FE      0.43773      0.81219      0.68733      0.00225     -0.01106     -0.00249
FE      0.31311      0.93707      0.68687     -0.00197     -0.00323      0.00325
FE      0.31292      0.81200      0.81214     -0.00121     -0.00148      0.00038
FE      0.43816      0.93711      0.81200     -0.00473     -0.00182      0.00187
FE      0.43795      0.81202      0.93741     -0.00292     -0.00068     -0.00019
FE      0.31337      0.93696      0.93692     -0.00398      0.00082      0.00139
FE      0.56248      0.06240      0.06258      0.00049     -0.00182      0.00199
FE      0.68722      0.18760      0.06266     -0.00256      0.00246      0.00216
FE      0.68704      0.06232      0.18799      0.00149     -0.00113      0.00118
FE      0.56247      0.18759      0.18785     -0.00033      0.00164      0.00376
FE      0.56248      0.06227      0.31280     -0.00017     -0.00413     -0.00179
FE      0.68650      0.18766      0.31346      0.01083      0.00093     -0.00966
FE      0.68660      0.06226      0.43822      0.00694     -0.00385     -0.00923
FE      0.56248      0.18774      0.43764     -0.00016      0.00371     -0.00368
FE      0.56248      0.06226      0.56236     -0.00016     -0.00371      0.00368
FE      0.68660      0.18774      0.56178      0.00694      0.00385      0.00923
FE      0.68650      0.06234      0.68654      0.01083     -0.00093      0.00966
FE      0.56248      0.18773      0.68720     -0.00017      0.00413      0.00179
FE      0.56247      0.06241      0.81215     -0.00033     -0.00164     -0.00376
FE      0.68704      0.18768      0.81201      0.00149      0.00113     -0.00118
FE      0.68722      0.06240      0.93734     -0.00256     -0.00246     -0.00216
FE      0.56248      0.18760      0.93742      0.00049      0.00182     -0.00199
FE      0.56248      0.31265      0.06258     -0.00000      0.00433      0.00186
FE      0.68710      0.43797      0.06259      0.00268      0.00056      0.00037
FE      0.68687      0.31290      0.18800      0.00488      0.00133     -0.00193
FE      0.56248      0.43782      0.18772     -0.00034      0.00598      0.00292
FE      0.56248      0.31287      0.31277      0.00005      0.00821     -0.00028
FE      0.68732      0.43781      0.31268     -0.00243      0.01090      0.00283
FE      0.68726      0.31287      0.43760     -0.00032      0.01083      0.00053
FE      0.56248      0.43776      0.43757     -0.00035      0.01597      0.00231
FE      0.56248      0.31286      0.56232     -0.00017      0.01339      0.00177
FE      0.68736      0.43777      0.56236     -0.00310      0.01290     -0.00090
FE      0.68700      0.31281      0.68704      0.00199      0.00778      0.00148
FE      0.56248      0.43778      0.68733     -0.00005      0.00992     -0.00356
FE      0.56248      0.31273      0.81226      0.00025      0.00551     -0.00216
FE      0.68719      0.43789      0.81230      0.00092      0.00460     -0.00172
FE      0.68721      0.31280      0.93745      0.00118      0.00383      0.00075
FE      0.56248      0.43774      0.93748     -0.00007      0.00434     -0.00057
FE      0.56248      0.56259      0.06253     -0.00009      0.00154      0.00115
FE      0.68722      0.68728      0.06254      0.00072      0.00120      0.00089
FE      0.68735      0.56259      0.18765     -0.00119      0.00416      0.00317
FE      0.56248      0.68740      0.18763     -0.00014     -0.00177      0.00344
FE      0.56248      0.56256      0.31258      0.00000      0.00580      0.00467
FE      0.68739      0.68740      0.31260     -0.00293     -0.00385      0.00371
FE      0.68743      0.56256      0.43756     -0.00442      0.00590      0.00161
FE      0.56248      0.68744      0.43757     -0.00005     -0.00586      0.00228
FE      0.56248      0.56256      0.56243     -0.00005      0.00586     -0.00228
FE      0.68743      0.68744      0.56244     -0.00442     -0.00590     -0.00161
FE      0.68739      0.56260      0.68740     -0.00293      0.00385     -0.00371
FE      0.56248      0.68744      0.68742      0.00000     -0.00580     -0.00467
FE      0.56248      0.56260      0.81237     -0.00013      0.00177     -0.00344
FE      0.68735      0.68741      0.81235     -0.00120     -0.00416     -0.00317
FE      0.68722      0.56272      0.93746      0.00072     -0.00120     -0.00089
FE      0.56248      0.68741      0.93747     -0.00009     -0.00154     -0.00115
FE      0.56248      0.81226      0.06252     -0.00007     -0.00434      0.00057
FE      0.68721      0.93720      0.06255      0.00118     -0.00383     -0.00075
FE      0.68719      0.81211      0.18770      0.00092     -0.00460      0.00172
FE      0.56248      0.93727      0.18774      0.00025     -0.00551      0.00216
FE      0.56248      0.81222      0.31267     -0.00005     -0.00992      0.00356
FE      0.68700      0.93719      0.31296      0.00199     -0.00778     -0.00148
FE      0.68736      0.81223      0.43764     -0.00310     -0.01290      0.00090
FE      0.56248      0.93714      0.43768     -0.00017     -0.01339     -0.00177
FE      0.56248      0.81224      0.56243     -0.00035     -0.01597     -0.00231
FE      0.68726      0.93713      0.56240     -0.00032     -0.01083     -0.00053
FE      0.68732      0.81219      0.68732     -0.00243     -0.01090     -0.00283
FE      0.56248      0.93713      0.68723      0.00005     -0.00821      0.00028
FE      0.56248      0.81218      0.81228     -0.00034     -0.00598     -0.00292
FE      0.68687      0.93710      0.81200      0.00488     -0.00133      0.00193
FE      0.68710      0.81203      0.93741      0.00268     -0.00056     -0.00037
FE      0.56248      0.93735      0.93742     -0.00000     -0.00433     -0.00186
FE      0.81178      0.06216      0.06286      0.00094     -0.00015     -0.00110
FE      0.93161      0.18989      0.06645     -0.00477      0.00138      0.00009
FE      0.93264      0.06224      0.19237     -0.01261     -0.00119      0.01286
FE      0.81108      0.18791      0.18890      0.00495     -0.00120     -0.00327
FE      0.81119      0.06233      0.31387      0.00934     -0.00171     -0.01038
FE      0.93675      0.18788      0.31336     -0.00097     -0.00004      0.00183
FE      0.93725      0.06239      0.43770     -0.00450     -0.00230      0.00318
FE      0.81186      0.18770      0.43794     -0.00273      0.00166     -0.00155
FE      0.81186      0.06230      0.56206     -0.00273     -0.00166      0.00155
FE      0.93725      0.18761      0.56230     -0.00450      0.00230     -0.00318
FE      0.93675      0.06212      0.68664     -0.00097      0.00004     -0.00183
FE      0.81118      0.18767      0.68613      0.00934      0.00171      0.01038
FE      0.81108      0.06209      0.81110      0.00495      0.00120      0.00327
FE      0.93264      0.18776      0.80763     -0.01261      0.00119     -0.01286
FE      0.93161      0.06011      0.93355     -0.00477     -0.00138     -0.00009
FE      0.81178      0.18784      0.93714      0.00094      0.00015      0.00110
FE      0.81161      0.31303      0.06308      0.00364     -0.00052     -0.00129
FE      0.93704      0.43847      0.06291     -0.00067     -0.00229     -0.00062
FE      0.93663      0.31371      0.18854      0.00308     -0.00126      0.00117
FE      0.81203      0.43801      0.18787      0.00067      0.00169      0.00015
FE      0.81187      0.31292      0.31313      0.00186      0.00309     -0.00293
FE      0.93737      0.43796      0.31288     -0.00072      0.00240     -0.00072
FE      0.93731      0.31284      0.43776     -0.00283      0.00428     -0.00082
FE      0.81225      0.43782      0.43760     -0.00450      0.00881      0.00101
FE      0.81195      0.31283      0.56207     -0.00075      0.00601      0.00397
FE      0.93736      0.43791      0.56223     -0.00171      0.00381      0.00209
FE      0.93684      0.31313      0.68663      0.00178      0.00183      0.00226
FE      0.81211      0.43793      0.68717     -0.00113      0.00566      0.00085
FE      0.81163      0.31311      0.81170      0.00226      0.00104      0.00209
FE      0.93703      0.43854      0.81193      0.00105     -0.00383      0.00105
FE      0.93419      0.31605      0.93729     -0.01354      0.00792     -0.00012
FE      0.81199      0.43795      0.93749      0.00404     -0.00474     -0.00003
FE      0.81222      0.56266      0.06253     -0.00172     -0.00041      0.00060
FE      0.93744      0.68745      0.06253     -0.00237     -0.00042      0.00111
FE      0.93742      0.56268      0.18774     -0.00211      0.00001      0.00116
FE      0.81223      0.68733      0.18764     -0.00138      0.00179      0.00188
FE      0.81233      0.56259      0.31263     -0.00399      0.00415      0.00229
FE      0.93740      0.68734      0.31272     -0.00188      0.00098     -0.00039
FE      0.93741      0.56260      0.43760     -0.00265      0.00268      0.00017
FE      0.81234      0.68741      0.43760     -0.00513     -0.00371      0.00087
FE      0.81234      0.56259      0.56240     -0.00513      0.00371     -0.00087
FE      0.93741      0.68740      0.56240     -0.00265     -0.00268     -0.00017
FE      0.93740      0.56266      0.68728     -0.00188     -0.00098      0.00039
FE      0.81233      0.68741      0.68737     -0.00399     -0.00415     -0.00229
FE      0.81223      0.56267      0.81236     -0.00138     -0.00179     -0.00188
FE      0.93742      0.68732      0.81226     -0.00211     -0.00001     -0.00116
FE      0.93744      0.56255      0.93747     -0.00237      0.00042     -0.00111
FE      0.81222      0.68734      0.93747     -0.00172      0.00041     -0.00060
FE      0.81199      0.81205      0.06251      0.00404      0.00474      0.00003
FE      0.93419      0.93395      0.06271     -0.01354     -0.00792      0.00012
FE      0.93703      0.81146      0.18807      0.00105      0.00383     -0.00105
FE      0.81163      0.93689      0.18830      0.00226     -0.00104     -0.00209
FE      0.81211      0.81207      0.31283     -0.00113     -0.00566     -0.00085
FE      0.93684      0.93687      0.31337      0.00177     -0.00183     -0.00225
FE      0.93736      0.81209      0.43777     -0.00171     -0.00381     -0.00209
FE      0.81195      0.93717      0.43793     -0.00075     -0.00601     -0.00398
FE      0.81225      0.81218      0.56240     -0.00450     -0.00881     -0.00101
FE      0.93731      0.93716      0.56224     -0.00283     -0.00428      0.00082
FE      0.93737      0.81204      0.68712     -0.00072     -0.00240      0.00072
FE      0.81187      0.93708      0.68687      0.00186     -0.00309      0.00293
FE      0.81203      0.81199      0.81213      0.00067     -0.00169     -0.00015
FE      0.93663      0.93629      0.81146      0.00308      0.00126     -0.00117
FE      0.93704      0.81153      0.93709     -0.00067      0.00229      0.00062
FE      0.81161      0.93697      0.93692      0.00364      0.00052      0.00129
