/* Converted from PWscf output file */ 
#L_UNITS ang 
#E_UNITS eV 
#S_UNITS GPA 
#F_UNITS EV/ANG 
#ALAT 	  13.68512     // a0 
#X 	   1.00000    -0.00000    -0.00000     // X 
#Y 	  -0.00000     1.05729    -0.00001     // Y 
#Z 	  -0.00000    -0.00001     1.00016     // Z 
#SX 	  -0.04594     0.00000     0.00000     // SX 
#SY 	   0.00000    -0.11404     0.01006     // SY 
#SZ 	   0.00000     0.01006    -0.03238     // SZ 
#EPA 	  -4.25317     // Energy per Atom 
#C 	1 1 1 
#W 	1.0 
#RCUT 	6.5        // Rcut 
PD      0.06251      0.06023      0.06489     -0.00049      0.09227     -0.07721
FE      0.19365      0.18993      0.06629     -0.06978     -0.02464     -0.02844
FE      0.19218      0.06241      0.19211      0.03455     -0.01494      0.03294
FE      0.06247      0.19025      0.19058      0.00001      0.00174      0.01115
FE      0.06248      0.06245      0.31279     -0.00079     -0.00853     -0.00029
FE      0.18786      0.18769      0.31293      0.04211      0.02981      0.04657
FE      0.18761      0.06247      0.43764      0.01331     -0.00257      0.00859
FE      0.06248      0.18755      0.43759     -0.00028      0.00828      0.00930
FE      0.06248      0.06245      0.56241     -0.00029     -0.00828     -0.00930
FE      0.18761      0.18753      0.56236      0.01330      0.00257     -0.00858
FE      0.18786      0.06231      0.68707      0.04211     -0.02981     -0.04656
FE      0.06248      0.18755      0.68721     -0.00078      0.00854      0.00030
FE      0.06247      0.05975      0.80942      0.00001     -0.00174     -0.01115
FE      0.19218      0.18759      0.80789      0.03455      0.01494     -0.03294
FE      0.19365      0.06007      0.93371     -0.06978      0.02465      0.02843
PD      0.06251      0.18977      0.93511     -0.00049     -0.09228      0.07722
FE      0.06248      0.31553      0.06534     -0.00126      0.02988      0.00481
FE      0.18775      0.43808      0.06273      0.03257      0.05083      0.02627
FE      0.18801      0.31320      0.18810      0.05259      0.07516      0.06217
FE      0.06248      0.43749      0.18756     -0.00028      0.04097      0.04510
FE      0.06248      0.31247      0.31258     -0.00050      0.04524      0.04590
FE      0.18749      0.43761      0.31257     -0.00081      0.02006      0.02089
FE      0.18754      0.31256      0.43759      0.00532      0.01688      0.01269
FE      0.06248      0.43761      0.43760     -0.00037      0.01256      0.00916
FE      0.06248      0.31252      0.56242     -0.00029      0.01163     -0.00801
FE      0.18750      0.43760      0.56241      0.00153      0.01500     -0.01428
FE      0.18781      0.31272      0.68709      0.03635      0.04409     -0.05212
FE      0.06248      0.43759      0.68737     -0.00031      0.05090     -0.05072
FE      0.06248      0.31556      0.80936     -0.00090      0.07359     -0.04969
FE      0.18777      0.43813      0.81221      0.02780      0.05724     -0.03553
FE      0.19073      0.31592      0.93739      0.02286      0.05396     -0.01255
FE      0.06248      0.43788      0.93755     -0.00088      0.01645     -0.00369
FE      0.06248      0.56244      0.06244     -0.00035      0.00174      0.00565
FE      0.18750      0.68755      0.06250      0.00803     -0.00195      0.00109
FE      0.18752      0.56250      0.18757     -0.00076      0.00874      0.01092
FE      0.06248      0.68756      0.18752     -0.00030     -0.00154      0.00830
FE      0.06248      0.56255      0.31258     -0.00016      0.01000      0.01076
FE      0.18751      0.68751      0.31251     -0.00094     -0.00766      0.01141
FE      0.18752      0.56247      0.43753      0.00155      0.00060      0.00368
FE      0.06248      0.68744      0.43761     -0.00026     -0.01142      0.01017
FE      0.06248      0.56256      0.56239     -0.00026      0.01142     -0.01018
FE      0.18752      0.68753      0.56247      0.00155     -0.00059     -0.00369
FE      0.18751      0.56249      0.68749     -0.00091      0.00766     -0.01135
FE      0.06248      0.68745      0.68742     -0.00016     -0.01001     -0.01077
FE      0.06248      0.56244      0.81248     -0.00030      0.00155     -0.00831
FE      0.18752      0.68750      0.81243     -0.00076     -0.00872     -0.01091
FE      0.18750      0.56245      0.93750      0.00803      0.00195     -0.00109
FE      0.06248      0.68756      0.93756     -0.00035     -0.00174     -0.00564
FE      0.06248      0.81212      0.06245     -0.00089     -0.01645      0.00370
FE      0.19073      0.93408      0.06261      0.02286     -0.05396      0.01255
FE      0.18777      0.81187      0.18779      0.02780     -0.05725      0.03553
FE      0.06248      0.93444      0.19064     -0.00091     -0.07359      0.04968
FE      0.06248      0.81241      0.31263     -0.00030     -0.05090      0.05072
FE      0.18781      0.93728      0.31291      0.03634     -0.04409      0.05213
FE      0.18750      0.81240      0.43759      0.00153     -0.01501      0.01427
FE      0.06248      0.93748      0.43758     -0.00029     -0.01163      0.00801
FE      0.06248      0.81239      0.56240     -0.00037     -0.01256     -0.00916
FE      0.18754      0.93744      0.56241      0.00531     -0.01688     -0.01269
FE      0.18749      0.81239      0.68743     -0.00082     -0.02006     -0.02088
FE      0.06248      0.93753      0.68742     -0.00049     -0.04524     -0.04590
FE      0.06248      0.81251      0.81244     -0.00028     -0.04098     -0.04511
FE      0.18801      0.93680      0.81190      0.05259     -0.07516     -0.06217
FE      0.18775      0.81192      0.93727      0.03257     -0.05083     -0.02627
FE      0.06248      0.93447      0.93466     -0.00126     -0.02988     -0.00481
FE      0.31293      0.06232      0.06272      0.01848     -0.02657      0.02409
FE      0.43773      0.18755      0.06254      0.01794      0.00739      0.00931
FE      0.43777      0.06247      0.18767      0.03261     -0.00429      0.02810
FE      0.31321      0.18770      0.18822      0.14266      0.03186      0.13999
FE      0.31295      0.06247      0.31299      0.12440     -0.00278      0.12992
FE      0.43793      0.18753      0.31284      0.05729      0.00372      0.05145
FE      0.43779      0.06244      0.43783      0.04217     -0.00543      0.04044
FE      0.31264      0.18753      0.43765      0.02722      0.00434      0.02523
FE      0.31264      0.06247      0.56235      0.02722     -0.00434     -0.02524
FE      0.43779      0.18756      0.56217      0.04217      0.00543     -0.04043
FE      0.43793      0.06247      0.68716      0.05729     -0.00371     -0.05145
FE      0.31295      0.18753      0.68701      0.12440      0.00278     -0.12992
FE      0.31321      0.06230      0.81178      0.14265     -0.03186     -0.13999
FE      0.43777      0.18753      0.81233      0.03261      0.00429     -0.02811
FE      0.43773      0.06245      0.93746      0.01794     -0.00739     -0.00931
FE      0.31293      0.18768      0.93728      0.01848      0.02657     -0.02409
FE      0.31288      0.31262      0.06277      0.07927      0.06885      0.03479
FE      0.43766      0.43767      0.06247      0.02136      0.02174      0.00058
FE      0.43774      0.31256      0.18761      0.04013      0.01691      0.02247
FE      0.31258      0.43763      0.18758      0.01927      0.01830      0.00905
FE      0.31264      0.31256      0.31268      0.02967      0.01274      0.03464
FE      0.43754      0.43753      0.31248      0.00586      0.00338      0.00330
FE      0.43748      0.31251      0.43752      0.00406      0.00628      0.00281
FE      0.31248      0.43752      0.43754      0.00147      0.00307      0.00242
FE      0.31257      0.31248      0.56235      0.02179      0.00567     -0.02700
FE      0.43753      0.43752      0.56247      0.00366      0.00057     -0.00326
FE      0.43766      0.31248      0.68743      0.02976      0.00533     -0.02307
FE      0.31256      0.43761      0.68743      0.01087      0.01084     -0.01227
FE      0.31290      0.31273      0.81211      0.04805      0.04034     -0.04372
FE      0.43761      0.43760      0.81249      0.01653      0.01555     -0.00158
FE      0.43765      0.31257      0.93754      0.01998      0.01936      0.00093
FE      0.31255      0.43751      0.93755      0.04905      0.04661      0.00361
FE      0.31254      0.56249      0.06245      0.01072      0.00785     -0.00362
FE      0.43761      0.68745      0.06249      0.01316     -0.01075      0.00120
FE      0.43755      0.56248      0.18753      0.00597      0.00117      0.00204
FE      0.31250      0.68751      0.18750      0.00956     -0.00848     -0.00216
FE      0.31248      0.56248      0.31249      0.00050      0.00141      0.00219
FE      0.43754      0.68752      0.31248      0.00356     -0.00168      0.00041
FE      0.43753      0.56247      0.43753      0.00115     -0.00061      0.00090
FE      0.31248      0.68752      0.43754      0.00096     -0.00166      0.00251
FE      0.31248      0.56248      0.56246      0.00097      0.00166     -0.00252
FE      0.43753      0.68753      0.56247      0.00115      0.00061     -0.00090
FE      0.43754      0.56248      0.68752      0.00356      0.00168     -0.00040
FE      0.31247      0.68752      0.68751      0.00051     -0.00140     -0.00218
FE      0.31250      0.56249      0.81250      0.00955      0.00848      0.00216
FE      0.43755      0.68752      0.81247      0.00598     -0.00117     -0.00204
FE      0.43761      0.56255      0.93751      0.01316      0.01074     -0.00120
FE      0.31254      0.68751      0.93755      0.01072     -0.00785      0.00362
FE      0.31255      0.81249      0.06245      0.04906     -0.04661     -0.00361
FE      0.43765      0.93743      0.06246      0.01998     -0.01936     -0.00093
FE      0.43761      0.81240      0.18751      0.01651     -0.01555      0.00157
FE      0.31290      0.93727      0.18789      0.04806     -0.04034      0.04371
FE      0.31256      0.81239      0.31257      0.01086     -0.01085      0.01227
FE      0.43766      0.93752      0.31257      0.02976     -0.00532      0.02307
FE      0.43753      0.81248      0.43753      0.00366     -0.00057      0.00326
FE      0.31257      0.93752      0.43765      0.02180     -0.00567      0.02700
FE      0.31248      0.81248      0.56246      0.00147     -0.00307     -0.00242
FE      0.43748      0.93749      0.56248      0.00407     -0.00628     -0.00281
FE      0.43754      0.81247      0.68752      0.00587     -0.00338     -0.00329
FE      0.31264      0.93744      0.68732      0.02967     -0.01274     -0.03463
FE      0.31258      0.81237      0.81242      0.01926     -0.01830     -0.00906
FE      0.43774      0.93744      0.81239      0.04013     -0.01690     -0.02247
FE      0.43766      0.81233      0.93753      0.02136     -0.02174     -0.00059
FE      0.31288      0.93738      0.93723      0.07927     -0.06885     -0.03479
FE      0.56248      0.06247      0.06251     -0.00035     -0.00238      0.00371
FE      0.68732      0.18755      0.06254     -0.01762      0.00723      0.00990
FE      0.68727      0.06247      0.18767     -0.03191     -0.00395      0.02809
FE      0.56248      0.18753      0.18763     -0.00045      0.00303      0.01201
FE      0.56248      0.06244      0.31250     -0.00037     -0.00496      0.00817
FE      0.68711      0.18753      0.31285     -0.05726      0.00336      0.05214
FE      0.68725      0.06244      0.43783     -0.04116     -0.00513      0.04043
FE      0.56248      0.18756      0.43749     -0.00020      0.00422      0.00456
FE      0.56248      0.06244      0.56251     -0.00020     -0.00422     -0.00456
FE      0.68725      0.18756      0.56217     -0.04116      0.00513     -0.04043
FE      0.68711      0.06247      0.68715     -0.05726     -0.00335     -0.05214
FE      0.56248      0.18756      0.68750     -0.00037      0.00496     -0.00817
FE      0.56248      0.06247      0.81237     -0.00045     -0.00303     -0.01202
FE      0.68727      0.18753      0.81233     -0.03191      0.00395     -0.02810
FE      0.68732      0.06245      0.93746     -0.01762     -0.00723     -0.00990
FE      0.56248      0.18753      0.93749     -0.00036      0.00238     -0.00370
FE      0.56248      0.31249      0.06251     -0.00027      0.00385      0.00378
FE      0.68738      0.43767      0.06247     -0.02017      0.02175      0.00073
FE      0.68731      0.31256      0.18761     -0.03950      0.01736      0.02257
FE      0.56248      0.43752      0.18752     -0.00027      0.00270      0.00167
FE      0.56248      0.31250      0.31243     -0.00029      0.00613      0.00195
FE      0.68750      0.43753      0.31248     -0.00479      0.00335      0.00333
FE      0.68756      0.31251      0.43753     -0.00308      0.00622      0.00288
FE      0.56248      0.43754      0.43752     -0.00029      0.00067      0.00052
FE      0.56248      0.31253      0.56252     -0.00019      0.00632     -0.00115
FE      0.68752      0.43752      0.56247     -0.00258      0.00057     -0.00325
FE      0.68738      0.31248      0.68742     -0.02912      0.00551     -0.02355
FE      0.56248      0.43751      0.68752     -0.00027      0.00092     -0.00116
FE      0.56248      0.31248      0.81244     -0.00034      0.00466     -0.00645
FE      0.68744      0.43760      0.81249     -0.01549      0.01563     -0.00153
FE      0.68739      0.31257      0.93754     -0.01933      0.01975      0.00077
FE      0.56248      0.43753      0.93753     -0.00033      0.00288      0.00046
FE      0.56248      0.56247      0.06247     -0.00029      0.00097     -0.00085
FE      0.68744      0.68744      0.06249     -0.01225     -0.01095      0.00131
FE      0.68750      0.56248      0.18753     -0.00488      0.00121      0.00204
FE      0.56248      0.68753      0.18752     -0.00027     -0.00048      0.00104
FE      0.56248      0.56247      0.31248     -0.00028     -0.00056      0.00062
FE      0.68750      0.68752      0.31248     -0.00248     -0.00172      0.00043
FE      0.68752      0.56247      0.43753     -0.00006     -0.00062      0.00091
FE      0.56248      0.68753      0.43752     -0.00028      0.00060      0.00058
FE      0.56248      0.56247      0.56248     -0.00028     -0.00060     -0.00058
FE      0.68752      0.68753      0.56247     -0.00005      0.00061     -0.00091
FE      0.68750      0.56248      0.68752     -0.00247      0.00172     -0.00043
FE      0.56248      0.68753      0.68752     -0.00029      0.00055     -0.00061
FE      0.56248      0.56247      0.81248     -0.00028      0.00048     -0.00104
FE      0.68750      0.68752      0.81247     -0.00488     -0.00121     -0.00204
FE      0.68743      0.56256      0.93751     -0.01225      0.01094     -0.00130
FE      0.56248      0.68753      0.93753     -0.00029     -0.00098      0.00085
FE      0.56248      0.81247      0.06247     -0.00032     -0.00288     -0.00046
FE      0.68739      0.93743      0.06246     -0.01932     -0.01975     -0.00076
FE      0.68744      0.81240      0.18751     -0.01549     -0.01563      0.00153
FE      0.56248      0.93752      0.18756     -0.00034     -0.00466      0.00644
FE      0.56248      0.81249      0.31248     -0.00026     -0.00091      0.00117
FE      0.68738      0.93752      0.31258     -0.02912     -0.00552      0.02355
FE      0.68752      0.81248      0.43753     -0.00258     -0.00058      0.00326
FE      0.56248      0.93747      0.43748     -0.00019     -0.00632      0.00115
FE      0.56248      0.81246      0.56248     -0.00029     -0.00068     -0.00053
FE      0.68756      0.93749      0.56247     -0.00308     -0.00622     -0.00288
FE      0.68750      0.81247      0.68752     -0.00479     -0.00335     -0.00333
FE      0.56248      0.93750      0.68757     -0.00030     -0.00614     -0.00194
FE      0.56248      0.81248      0.81248     -0.00028     -0.00270     -0.00167
FE      0.68731      0.93744      0.81239     -0.03950     -0.01735     -0.02257
FE      0.68738      0.81233      0.93753     -0.02018     -0.02175     -0.00072
FE      0.56248      0.93751      0.93749     -0.00027     -0.00385     -0.00378
FE      0.81203      0.06232      0.06271     -0.02005     -0.02670      0.02310
FE      0.93139      0.18992      0.06630      0.07781     -0.02373     -0.02902
FE      0.93281      0.06241      0.19211     -0.03577     -0.01745      0.03269
FE      0.81175      0.18770      0.18822     -0.14367      0.03317      0.14030
FE      0.81201      0.06247      0.31299     -0.12451     -0.00323      0.12953
FE      0.93718      0.18769      0.31294     -0.04240      0.02944      0.04756
FE      0.93744      0.06247      0.43764     -0.01244     -0.00247      0.00879
FE      0.81232      0.18753      0.43765     -0.02795      0.00452      0.02553
FE      0.81232      0.06247      0.56235     -0.02795     -0.00452     -0.02553
FE      0.93744      0.18753      0.56236     -0.01244      0.00247     -0.00879
FE      0.93718      0.06231      0.68706     -0.04240     -0.02943     -0.04756
FE      0.81201      0.18753      0.68701     -0.12451      0.00323     -0.12953
FE      0.81175      0.06230      0.81178     -0.14366     -0.03316     -0.14030
FE      0.93281      0.18759      0.80789     -0.03577      0.01745     -0.03269
FE      0.93139      0.06008      0.93370      0.07781      0.02374      0.02901
FE      0.81203      0.18768      0.93729     -0.02005      0.02669     -0.02310
FE      0.81208      0.31262      0.06277     -0.07967      0.06802      0.03478
FE      0.93730      0.43808      0.06273     -0.03125      0.05071      0.02660
FE      0.93703      0.31320      0.18810     -0.05293      0.07627      0.06201
FE      0.81237      0.43763      0.18758     -0.02005      0.01845      0.00912
FE      0.81232      0.31256      0.31268     -0.02989      0.01256      0.03433
FE      0.93756      0.43761      0.31257      0.00194      0.02020      0.02083
FE      0.93750      0.31256      0.43759     -0.00436      0.01694      0.01277
FE      0.81248      0.43752      0.43754     -0.00201      0.00306      0.00242
FE      0.81239      0.31248      0.56235     -0.02245      0.00556     -0.02702
FE      0.93754      0.43760      0.56241     -0.00031      0.01508     -0.01429
FE      0.93723      0.31272      0.68709     -0.03660      0.04440     -0.05279
FE      0.81240      0.43761      0.68743     -0.01142      0.01096     -0.01209
FE      0.81206      0.31272      0.81211     -0.04911      0.03993     -0.04465
FE      0.93728      0.43813      0.81221     -0.02575      0.05722     -0.03526
FE      0.93425      0.31592      0.93738     -0.03182      0.05341     -0.01186
FE      0.81240      0.43751      0.93754     -0.04976      0.04681      0.00358
FE      0.81242      0.56249      0.06245     -0.01126      0.00770     -0.00372
FE      0.93754      0.68755      0.06250     -0.00696     -0.00204      0.00105
FE      0.93753      0.56250      0.18757      0.00192      0.00871      0.01096
FE      0.81245      0.68751      0.18750     -0.01001     -0.00839     -0.00219
FE      0.81248      0.56248      0.31249     -0.00101      0.00143      0.00220
FE      0.93754      0.68751      0.31251      0.00206     -0.00764      0.01142
FE      0.93753      0.56247      0.43753     -0.00042      0.00061      0.00367
FE      0.81248      0.68752      0.43754     -0.00150     -0.00165      0.00251
FE      0.81248      0.56248      0.56246     -0.00150      0.00165     -0.00251
FE      0.93753      0.68753      0.56247     -0.00042     -0.00061     -0.00367
FE      0.93754      0.56249      0.68749      0.00206      0.00765     -0.01141
FE      0.81248      0.68752      0.68751     -0.00101     -0.00143     -0.00219
FE      0.81245      0.56249      0.81250     -0.01000      0.00839      0.00218
FE      0.93753      0.68750      0.81243      0.00192     -0.00871     -0.01097
FE      0.93754      0.56245      0.93750     -0.00697      0.00205     -0.00105
FE      0.81242      0.68751      0.93755     -0.01126     -0.00769      0.00372
FE      0.81240      0.81249      0.06246     -0.04977     -0.04681     -0.00357
FE      0.93425      0.93408      0.06262     -0.03182     -0.05341      0.01187
FE      0.93728      0.81187      0.18779     -0.02575     -0.05724      0.03524
FE      0.81206      0.93728      0.18789     -0.04911     -0.03993      0.04464
FE      0.81240      0.81239      0.31257     -0.01143     -0.01095      0.01210
FE      0.93723      0.93728      0.31291     -0.03660     -0.04441      0.05279
FE      0.93754      0.81240      0.43759     -0.00031     -0.01508      0.01430
FE      0.81239      0.93752      0.43765     -0.02246     -0.00556      0.02702
FE      0.81248      0.81248      0.56246     -0.00201     -0.00306     -0.00242
FE      0.93750      0.93744      0.56241     -0.00436     -0.01694     -0.01277
FE      0.93756      0.81239      0.68743      0.00194     -0.02020     -0.02082
FE      0.81232      0.93744      0.68732     -0.02989     -0.01256     -0.03433
FE      0.81237      0.81237      0.81242     -0.02005     -0.01845     -0.00912
FE      0.93703      0.93680      0.81190     -0.05292     -0.07628     -0.06201
FE      0.93730      0.81192      0.93727     -0.03125     -0.05071     -0.02660
FE      0.81208      0.93738      0.93723     -0.07966     -0.06802     -0.03478
