/* Converted from PWscf output file */ 
#L_UNITS ang 
#E_UNITS eV 
#S_UNITS GPA 
#F_UNITS EV/ANG 
#ALAT 	  13.69143     // a0 
#X 	   1.00000     0.00000    -0.00000     // X 
#Y 	   0.00000     1.05646    -0.00005     // Y 
#Z 	  -0.00000    -0.00004     1.00011     // Z 
#SX 	  -0.26382    -0.00000     0.00000     // SX 
#SY 	  -0.00000    -0.11215     0.01735     // SY 
#SZ 	   0.00000     0.01735    -0.24792     // SZ 
#EPA 	  -4.25303     // Energy per Atom 
#C 	1 1 1 
#W 	1.0 
#RCUT 	6.5        // Rcut 
PD      0.06251      0.06010      0.06498     -0.00066      0.13428     -0.12452
FE      0.19338      0.18981      0.06608      0.05697      0.02754      0.04807
FE      0.19170      0.06246      0.19164      0.16015     -0.01542      0.15331
FE      0.06247      0.19003      0.19031     -0.00193      0.07124      0.07688
FE      0.06248      0.06248      0.31277     -0.00111     -0.00837      0.00991
FE      0.18771      0.18759      0.31277      0.04590      0.03191      0.05149
FE      0.18756      0.06248      0.43760      0.01477     -0.00219      0.01172
FE      0.06248      0.18752      0.43756     -0.00084      0.00873      0.01107
FE      0.06248      0.06248      0.56244     -0.00084     -0.00873     -0.01107
FE      0.18756      0.18752      0.56240      0.01477      0.00219     -0.01171
FE      0.18771      0.06241      0.68723      0.04590     -0.03191     -0.05148
FE      0.06248      0.18752      0.68723     -0.00111      0.00838     -0.00991
FE      0.06247      0.05997      0.80969     -0.00193     -0.07124     -0.07688
FE      0.19170      0.18754      0.80836      0.16015      0.01542     -0.15332
FE      0.19338      0.06019      0.93392      0.05697     -0.02753     -0.04808
PD      0.06251      0.18990      0.93502     -0.00066     -0.13428      0.12452
FE      0.06249      0.31521      0.06510     -0.00090      0.09992      0.07703
FE      0.18764      0.43790      0.06263      0.03680      0.05995      0.02938
FE      0.18782      0.31293      0.18787      0.06056      0.08722      0.07223
FE      0.06248      0.43738      0.18743     -0.00070      0.03311      0.04200
FE      0.06248      0.31235      0.31244     -0.00127      0.03912      0.04201
FE      0.18750      0.43755      0.31250     -0.00489      0.01736      0.01697
FE      0.18753      0.31251      0.43755      0.00356      0.01450      0.01198
FE      0.06248      0.43757      0.43757     -0.00092      0.01088      0.00947
FE      0.06248      0.31249      0.56245     -0.00089      0.01023     -0.00985
FE      0.18750      0.43755      0.56246     -0.00169      0.01222     -0.01272
FE      0.18768      0.31258      0.68727      0.03764      0.04445     -0.05532
FE      0.06248      0.43744      0.68753     -0.00089      0.04310     -0.04491
FE      0.06248      0.31509      0.80977     -0.00100      0.17489     -0.15014
FE      0.18767      0.43792      0.81233      0.02979      0.06591     -0.03871
FE      0.19040      0.31549      0.93743      0.11427      0.15031     -0.01413
FE      0.06248      0.43780      0.93756     -0.00132      0.02507     -0.00265
FE      0.06248      0.56244      0.06243     -0.00096     -0.00245      0.00278
FE      0.18748      0.68755      0.06249      0.00684      0.00136      0.00057
FE      0.18752      0.56248      0.18753     -0.00200      0.00522      0.01008
FE      0.06248      0.68756      0.18749     -0.00088      0.00217      0.00745
FE      0.06248      0.56252      0.31255     -0.00080      0.00812      0.00939
FE      0.18751      0.68753      0.31247     -0.00272     -0.00396      0.00757
FE      0.18752      0.56247      0.43752      0.00077     -0.00205      0.00319
FE      0.06248      0.68747      0.43757     -0.00086     -0.00902      0.01003
FE      0.06248      0.56253      0.56243     -0.00087      0.00903     -0.01004
FE      0.18752      0.68753      0.56248      0.00075      0.00206     -0.00321
FE      0.18751      0.56247      0.68753     -0.00268      0.00397     -0.00749
FE      0.06248      0.68748      0.68745     -0.00080     -0.00813     -0.00941
FE      0.06248      0.56244      0.81251     -0.00087     -0.00216     -0.00746
FE      0.18752      0.68752      0.81247     -0.00200     -0.00520     -0.01007
FE      0.18748      0.56245      0.93751      0.00684     -0.00136     -0.00057
FE      0.06248      0.68756      0.93757     -0.00096      0.00246     -0.00278
FE      0.06248      0.81220      0.06244     -0.00133     -0.02506      0.00266
FE      0.19040      0.93451      0.06257      0.11427     -0.15031      0.01413
FE      0.18767      0.81208      0.18767      0.02979     -0.06592      0.03872
FE      0.06248      0.93491      0.19023     -0.00101     -0.17489      0.15012
FE      0.06248      0.81256      0.31247     -0.00087     -0.04311      0.04492
FE      0.18768      0.93742      0.31273      0.03764     -0.04444      0.05532
FE      0.18750      0.81245      0.43754     -0.00169     -0.01224      0.01270
FE      0.06248      0.93751      0.43755     -0.00089     -0.01023      0.00985
FE      0.06248      0.81243      0.56243     -0.00093     -0.01089     -0.00947
FE      0.18753      0.93749      0.56245      0.00356     -0.01450     -0.01198
FE      0.18750      0.81245      0.68750     -0.00490     -0.01737     -0.01696
FE      0.06248      0.93765      0.68756     -0.00126     -0.03912     -0.04201
FE      0.06248      0.81262      0.81257     -0.00070     -0.03312     -0.04201
FE      0.18782      0.93707      0.81213      0.06056     -0.08723     -0.07223
FE      0.18764      0.81210      0.93737      0.03680     -0.05995     -0.02939
FE      0.06249      0.93479      0.93490     -0.00090     -0.09992     -0.07702
FE      0.31284      0.06241      0.06263      0.02605     -0.02947      0.02708
FE      0.43765      0.18752      0.06251      0.02357      0.00861      0.00938
FE      0.43766      0.06248      0.18758      0.03640     -0.00204      0.02835
FE      0.31274      0.18760      0.18775      0.14895      0.03386      0.14778
FE      0.31256      0.06248      0.31258      0.11709     -0.00079      0.12362
FE      0.43773      0.18752      0.31267      0.05652      0.00160      0.04785
FE      0.43765      0.06245      0.43769      0.03609     -0.00459      0.03969
FE      0.31255      0.18752      0.43756      0.02314      0.00216      0.02399
FE      0.31255      0.06248      0.56244      0.02315     -0.00216     -0.02400
FE      0.43765      0.18755      0.56231      0.03609      0.00459     -0.03968
FE      0.43773      0.06248      0.68733      0.05652     -0.00160     -0.04786
FE      0.31256      0.18752      0.68742      0.11709      0.00079     -0.12362
FE      0.31274      0.06240      0.81225      0.14894     -0.03386     -0.14778
FE      0.43766      0.18752      0.81242      0.03640      0.00204     -0.02836
FE      0.43765      0.06248      0.93749      0.02357     -0.00861     -0.00938
FE      0.31284      0.18759      0.93737      0.02605      0.02947     -0.02708
FE      0.31262      0.31242      0.06265      0.08082      0.06640      0.03651
FE      0.43759      0.43759      0.06247      0.01985      0.02055     -0.00271
FE      0.43760      0.31251      0.18754      0.03815      0.01251      0.01754
FE      0.31252      0.43757      0.18755      0.01498      0.01486      0.00524
FE      0.31255      0.31252      0.31257      0.02416      0.00745      0.03070
FE      0.43753      0.43752      0.31248      0.00449      0.00158      0.00040
FE      0.43748      0.31250      0.43752     -0.00191      0.00255      0.00204
FE      0.31248      0.43751      0.43753     -0.00202     -0.00006      0.00235
FE      0.31251      0.31247      0.56243      0.01556     -0.00079     -0.02507
FE      0.43752      0.43751      0.56248      0.00278     -0.00076     -0.00232
FE      0.43757      0.31247      0.68750      0.02716      0.00009     -0.01797
FE      0.31252      0.43757      0.68747      0.00692      0.00917     -0.00889
FE      0.31273      0.31260      0.81227      0.05063      0.03972     -0.04619
FE      0.43755      0.43755      0.81250      0.01469      0.01416      0.00136
FE      0.43758      0.31251      0.93754      0.02129      0.01878      0.00423
FE      0.31241      0.43738      0.93753      0.04256      0.03747      0.00654
FE      0.31250      0.56247      0.06247      0.00841      0.00428     -0.00648
FE      0.43757      0.68748      0.06248      0.01212     -0.00881      0.00024
FE      0.43753      0.56248      0.18752      0.00493     -0.00046      0.00154
FE      0.31248      0.68753      0.18751      0.00587     -0.00443     -0.00441
FE      0.31248      0.56248      0.31249     -0.00196     -0.00035      0.00003
FE      0.43753      0.68752      0.31248      0.00353      0.00019     -0.00124
FE      0.43752      0.56247      0.43752      0.00168     -0.00187      0.00139
FE      0.31248      0.68752      0.43753     -0.00058      0.00015      0.00250
FE      0.31248      0.56248      0.56247     -0.00057     -0.00015     -0.00252
FE      0.43752      0.68753      0.56248      0.00168      0.00186     -0.00139
FE      0.43753      0.56248      0.68752      0.00354     -0.00019      0.00124
FE      0.31248      0.68752      0.68751     -0.00194      0.00036     -0.00002
FE      0.31248      0.56247      0.81249      0.00586      0.00442      0.00440
FE      0.43753      0.68752      0.81248      0.00493      0.00046     -0.00155
FE      0.43757      0.56252      0.93752      0.01212      0.00880     -0.00023
FE      0.31250      0.68753      0.93753      0.00841     -0.00428      0.00648
FE      0.31241      0.81262      0.06247      0.04257     -0.03747     -0.00654
FE      0.43758      0.93749      0.06246      0.02129     -0.01878     -0.00423
FE      0.43755      0.81245      0.18750      0.01467     -0.01415     -0.00137
FE      0.31273      0.93740      0.18773      0.05064     -0.03972      0.04617
FE      0.31252      0.81243      0.31253      0.00691     -0.00919      0.00889
FE      0.43757      0.93753      0.31250      0.02715     -0.00009      0.01797
FE      0.43752      0.81249      0.43752      0.00278      0.00076      0.00232
FE      0.31251      0.93753      0.43757      0.01557      0.00079      0.02507
FE      0.31248      0.81249      0.56247     -0.00202      0.00006     -0.00236
FE      0.43748      0.93750      0.56248     -0.00190     -0.00255     -0.00204
FE      0.43753      0.81248      0.68752      0.00450     -0.00158     -0.00039
FE      0.31255      0.93748      0.68743      0.02415     -0.00745     -0.03070
FE      0.31252      0.81243      0.81245      0.01497     -0.01487     -0.00525
FE      0.43760      0.93749      0.81246      0.03816     -0.01251     -0.01754
FE      0.43759      0.81241      0.93753      0.01985     -0.02055      0.00271
FE      0.31262      0.93758      0.93735      0.08082     -0.06641     -0.03651
FE      0.56248      0.06248      0.06250     -0.00091     -0.00224      0.00355
FE      0.68738      0.18752      0.06251     -0.02174      0.00849      0.00981
FE      0.68738      0.06248      0.18758     -0.03450     -0.00190      0.02858
FE      0.56248      0.18752      0.18758     -0.00097      0.00301      0.01257
FE      0.56248      0.06246      0.31248     -0.00091     -0.00424      0.00162
FE      0.68730      0.18752      0.31267     -0.05486      0.00142      0.04841
FE      0.68739      0.06246      0.43769     -0.03372     -0.00445      0.03972
FE      0.56248      0.18754      0.43748     -0.00074      0.00351     -0.00018
FE      0.56248      0.06246      0.56252     -0.00074     -0.00351      0.00018
FE      0.68739      0.18754      0.56231     -0.03372      0.00444     -0.03972
FE      0.68730      0.06248      0.68733     -0.05486     -0.00142     -0.04841
FE      0.56248      0.18754      0.68752     -0.00091      0.00424     -0.00161
FE      0.56248      0.06248      0.81242     -0.00096     -0.00301     -0.01257
FE      0.68738      0.18752      0.81242     -0.03449      0.00190     -0.02859
FE      0.68738      0.06248      0.93749     -0.02175     -0.00849     -0.00981
FE      0.56248      0.18752      0.93750     -0.00092      0.00224     -0.00354
FE      0.56248      0.31249      0.06250     -0.00087      0.00165      0.00327
FE      0.68745      0.43759      0.06247     -0.01743      0.02065     -0.00265
FE      0.68744      0.31251      0.18754     -0.03606      0.01276      0.01767
FE      0.56248      0.43751      0.18751     -0.00086     -0.00157     -0.00058
FE      0.56248      0.31249      0.31244     -0.00088      0.00111     -0.00623
FE      0.68751      0.43752      0.31248     -0.00209      0.00156      0.00039
FE      0.68756      0.31249      0.43752      0.00428      0.00246      0.00211
FE      0.56248      0.43753      0.43752     -0.00089      0.00142      0.00097
FE      0.56248      0.31251      0.56252     -0.00080      0.00459      0.00372
FE      0.68752      0.43751      0.56248     -0.00037     -0.00077     -0.00231
FE      0.68747      0.31247      0.68750     -0.02489      0.00011     -0.01817
FE      0.56248      0.43751      0.68752     -0.00087     -0.00160      0.00156
FE      0.56248      0.31247      0.81246     -0.00092      0.00038     -0.00555
FE      0.68749      0.43755      0.81250     -0.01232      0.01421      0.00138
FE      0.68745      0.31251      0.93754     -0.01916      0.01911      0.00414
FE      0.56248      0.43752      0.93753     -0.00090      0.00052      0.00207
FE      0.56248      0.56247      0.06247     -0.00088     -0.00177     -0.00263
FE      0.68747      0.68748      0.06248     -0.00979     -0.00892      0.00030
FE      0.68751      0.56248      0.18752     -0.00250     -0.00045      0.00154
FE      0.56248      0.68753      0.18751     -0.00087      0.00224      0.00059
FE      0.56248      0.56247      0.31248     -0.00088     -0.00184     -0.00023
FE      0.68751      0.68752      0.31248     -0.00112      0.00017     -0.00123
FE      0.68752      0.56247      0.43752      0.00073     -0.00188      0.00140
FE      0.56248      0.68752      0.43752     -0.00087      0.00164      0.00116
FE      0.56248      0.56248      0.56248     -0.00087     -0.00163     -0.00116
FE      0.68752      0.68753      0.56248      0.00074      0.00188     -0.00139
FE      0.68751      0.56248      0.68752     -0.00111     -0.00017      0.00123
FE      0.56248      0.68753      0.68752     -0.00089      0.00184      0.00024
FE      0.56248      0.56247      0.81249     -0.00088     -0.00223     -0.00060
FE      0.68751      0.68752      0.81248     -0.00249      0.00045     -0.00154
FE      0.68747      0.56252      0.93752     -0.00979      0.00891     -0.00028
FE      0.56248      0.68753      0.93753     -0.00088      0.00177      0.00262
FE      0.56248      0.81248      0.06247     -0.00089     -0.00052     -0.00207
FE      0.68745      0.93749      0.06246     -0.01915     -0.01911     -0.00413
FE      0.68749      0.81245      0.18750     -0.01232     -0.01421     -0.00139
FE      0.56248      0.93753      0.18754     -0.00092     -0.00037      0.00555
FE      0.56248      0.81249      0.31248     -0.00086      0.00160     -0.00155
FE      0.68747      0.93753      0.31250     -0.02489     -0.00012      0.01817
FE      0.68752      0.81249      0.43752     -0.00038      0.00076      0.00232
FE      0.56248      0.93749      0.43748     -0.00080     -0.00459     -0.00372
FE      0.56248      0.81247      0.56248     -0.00089     -0.00142     -0.00098
FE      0.68756      0.93751      0.56248      0.00428     -0.00245     -0.00211
FE      0.68751      0.81248      0.68752     -0.00209     -0.00156     -0.00039
FE      0.56248      0.93751      0.68756     -0.00089     -0.00111      0.00624
FE      0.56248      0.81249      0.81249     -0.00086      0.00157      0.00058
FE      0.68744      0.93749      0.81246     -0.03606     -0.01276     -0.01767
FE      0.68745      0.81241      0.93753     -0.01743     -0.02065      0.00266
FE      0.56248      0.93751      0.93750     -0.00087     -0.00165     -0.00327
FE      0.81212      0.06241      0.06263     -0.02897     -0.03010      0.02661
FE      0.93163      0.18980      0.06609     -0.04686      0.02673      0.04869
FE      0.93330      0.06246      0.19164     -0.16706     -0.01820      0.15214
FE      0.81222      0.18760      0.18775     -0.15150      0.03437      0.14806
FE      0.81240      0.06248      0.31258     -0.11879     -0.00065      0.12360
FE      0.93733      0.18759      0.31277     -0.04460      0.03174      0.05252
FE      0.93748      0.06248      0.43760     -0.01247     -0.00213      0.01185
FE      0.81241      0.18752      0.43756     -0.02490      0.00225      0.02416
FE      0.81241      0.06248      0.56244     -0.02490     -0.00224     -0.02416
FE      0.93748      0.18752      0.56240     -0.01248      0.00213     -0.01185
FE      0.93733      0.06241      0.68723     -0.04461     -0.03174     -0.05252
FE      0.81240      0.18752      0.68742     -0.11879      0.00065     -0.12360
FE      0.81222      0.06240      0.81225     -0.15150     -0.03437     -0.14806
FE      0.93330      0.18754      0.80836     -0.16707      0.01820     -0.15214
FE      0.93163      0.06020      0.93391     -0.04685     -0.02672     -0.04869
FE      0.81212      0.18759      0.93737     -0.02896      0.03010     -0.02661
FE      0.81234      0.31242      0.06265     -0.08289      0.06629      0.03645
FE      0.93741      0.43790      0.06263     -0.03399      0.05992      0.02957
FE      0.93722      0.31294      0.18787     -0.05899      0.08808      0.07194
FE      0.81244      0.43757      0.18755     -0.01686      0.01492      0.00523
FE      0.81242      0.31252      0.31257     -0.02571      0.00737      0.03054
FE      0.93754      0.43755      0.31250      0.00736      0.01744      0.01693
FE      0.93751      0.31251      0.43755     -0.00118      0.01454      0.01205
FE      0.81248      0.43751      0.43753      0.00028     -0.00006      0.00236
FE      0.81246      0.31247      0.56243     -0.01731     -0.00080     -0.02502
FE      0.93754      0.43755      0.56246      0.00416      0.01226     -0.01270
FE      0.93735      0.31258      0.68727     -0.03590      0.04452     -0.05565
FE      0.81244      0.43757      0.68747     -0.00865      0.00926     -0.00878
FE      0.81223      0.31260      0.81227     -0.05267      0.03934     -0.04670
FE      0.93737      0.43792      0.81233     -0.02657      0.06598     -0.03859
FE      0.93461      0.31549      0.93743     -0.12341      0.14848     -0.01435
FE      0.81255      0.43738      0.93753     -0.04406      0.03725      0.00636
FE      0.81246      0.56247      0.06247     -0.01015      0.00420     -0.00652
FE      0.93756      0.68755      0.06249     -0.00440      0.00137      0.00050
FE      0.93752      0.56248      0.18753      0.00447      0.00523      0.01010
FE      0.81249      0.68753      0.18751     -0.00757     -0.00442     -0.00443
FE      0.81249      0.56248      0.31249      0.00026     -0.00033      0.00004
FE      0.93753      0.68753      0.31247      0.00524     -0.00397      0.00759
FE      0.93752      0.56247      0.43752      0.00166     -0.00205      0.00318
FE      0.81248      0.68752      0.43753     -0.00115      0.00015      0.00251
FE      0.81248      0.56248      0.56247     -0.00115     -0.00014     -0.00250
FE      0.93752      0.68753      0.56248      0.00167      0.00205     -0.00318
FE      0.93753      0.56247      0.68753      0.00524      0.00397     -0.00758
FE      0.81249      0.68752      0.68751      0.00026      0.00033     -0.00003
FE      0.81249      0.56247      0.81249     -0.00756      0.00442      0.00442
FE      0.93752      0.68752      0.81247      0.00447     -0.00522     -0.01011
FE      0.93756      0.56245      0.93751     -0.00441     -0.00137     -0.00049
FE      0.81246      0.68753      0.93753     -0.01016     -0.00420      0.00652
FE      0.81255      0.81262      0.06247     -0.04406     -0.03725     -0.00635
FE      0.93461      0.93451      0.06257     -0.12341     -0.14847      0.01436
FE      0.93737      0.81208      0.18767     -0.02657     -0.06601      0.03856
FE      0.81223      0.93740      0.18773     -0.05268     -0.03934      0.04669
FE      0.81244      0.81243      0.31253     -0.00866     -0.00925      0.00879
FE      0.93735      0.93742      0.31273     -0.03590     -0.04452      0.05565
FE      0.93754      0.81245      0.43754      0.00417     -0.01226      0.01271
FE      0.81246      0.93753      0.43757     -0.01731      0.00079      0.02502
FE      0.81248      0.81249      0.56247      0.00027      0.00006     -0.00237
FE      0.93751      0.93749      0.56245     -0.00119     -0.01454     -0.01205
FE      0.93754      0.81245      0.68750      0.00737     -0.01744     -0.01692
FE      0.81242      0.93748      0.68743     -0.02571     -0.00737     -0.03054
FE      0.81244      0.81243      0.81245     -0.01685     -0.01493     -0.00523
FE      0.93722      0.93706      0.81213     -0.05899     -0.08808     -0.07194
FE      0.93741      0.81210      0.93737     -0.03398     -0.05993     -0.02958
FE      0.81234      0.93758      0.93735     -0.08289     -0.06629     -0.03645
