/* Converted from PWscf output file */ 
#L_UNITS ang 
#E_UNITS eV 
#S_UNITS GPA 
#F_UNITS EV/ANG 
#ALAT 	  13.70200     // a0 
#X 	   1.00000     0.00000    -0.00000     // X 
#Y 	   0.00000     1.05297     0.00000     // Y 
#Z 	  -0.00000     0.00000     1.00000     // Z 
#SX 	  -0.35963     0.00044     0.00000     // SX 
#SY 	   0.00044     0.48243     0.00044     // SY 
#SZ 	   0.00000     0.00044    -0.36094     // SZ 
#EPA 	  -4.25168     // Energy per Atom 
#C 	1 1 1 
#W 	1.0 
#RCUT 	6.5        // Rcut 
PD      0.06249      0.06250      0.06250     -0.00273     -0.00156     -0.00005
FE      0.18983      0.18974      0.06247      0.37719      0.37895     -0.01079
FE      0.19093      0.06244      0.19088      0.54951     -0.01234      0.53935
FE      0.06256      0.18973      0.18972      0.01616      0.36912      0.34601
FE      0.06256      0.06222      0.31258      0.01599     -0.05820      0.00607
FE      0.18772      0.18752      0.31250      0.05241      0.00429      0.00158
FE      0.18740      0.06265      0.43758     -0.00405      0.01723      0.01528
FE      0.06481      0.18528      0.43753      0.37116     -0.37390      0.00671
FE      0.06257      0.06221      0.56257      0.01764     -0.06038      0.01756
FE      0.18764      0.18751      0.56258      0.03202     -0.00573      0.01970
FE      0.18755      0.06245      0.68748      0.01148     -0.00973     -0.00439
FE      0.06258      0.18750      0.68761      0.01976     -0.00575      0.02342
FE      0.06247      0.06247      0.81229     -0.00570     -0.00805     -0.03202
FE      0.18761      0.18754      0.81237      0.02872      0.01403     -0.02395
FE      0.19090      0.06248      0.93411      0.54387     -0.00257     -0.54589
FE      0.06250      0.18974      0.93519      0.00039      0.37774     -0.37138
FE      0.06249      0.31269      0.06242      0.00048      0.03542     -0.01525
FE      0.18746      0.43749      0.06248     -0.00102     -0.00121     -0.00891
FE      0.18747      0.31274      0.18773      0.02293      0.05302      0.02433
FE      0.06258      0.43751      0.18735      0.02011      0.00917     -0.03067
FE      0.06589      0.31232      0.30898      0.54644     -0.02287     -0.55417
FE      0.18763      0.43752      0.31238      0.02792      0.01145     -0.02616
FE      0.18770      0.31249      0.43752      0.03235      0.00100      0.00568
FE      0.06480      0.43977      0.43755      0.37006      0.38378      0.00922
FE      0.06590      0.31249      0.56589      0.54732     -0.00104      0.54694
FE      0.18763      0.43753      0.56258      0.02887      0.01239      0.01989
FE      0.18738      0.31249      0.68738     -0.00052      0.00086     -0.00154
FE      0.06258      0.43756      0.68760      0.01966      0.01965      0.02351
FE      0.06249      0.31231      0.81267      0.00110     -0.02377      0.02048
FE      0.18751      0.43750      0.81250      0.00364      0.00144      0.00404
FE      0.18763      0.31275      0.93743      0.02865      0.05329     -0.01806
FE      0.06249      0.43750      0.93757     -0.00004      0.00009      0.00946
FE      0.06248      0.56249      0.06248     -0.00505      0.00093     -0.00615
FE      0.18746      0.68754      0.06248     -0.00472      0.00757     -0.00380
FE      0.18755      0.56251      0.18750      0.00999      0.00295     -0.00007
FE      0.06248      0.68753      0.18748     -0.00469      0.00630     -0.00386
FE      0.06257      0.56275      0.31241      0.01837      0.05368     -0.02032
FE      0.18750      0.68752      0.31247      0.00028      0.00363     -0.00157
FE      0.18739      0.56231      0.43751     -0.00817     -0.02458      0.00242
FE      0.06243      0.68747      0.43754     -0.00997     -0.00656      0.00866
FE      0.06257      0.56275      0.56258      0.01823      0.05425      0.01875
FE      0.18750      0.68751      0.56248      0.00104      0.00294     -0.00463
FE      0.18754      0.56251      0.68755      0.00817      0.00298      0.00833
FE      0.06248      0.68748      0.68747     -0.00456     -0.00390     -0.00406
FE      0.06248      0.56249      0.81247     -0.00503      0.00089     -0.00283
FE      0.18751      0.68753      0.81250      0.00041      0.00477     -0.00111
FE      0.18753      0.56247      0.93751      0.00469     -0.00515      0.00073
FE      0.06248      0.68754      0.93757     -0.00387      0.00692      0.00992
FE      0.06248      0.81227      0.06249     -0.00287     -0.04168     -0.00237
FE      0.18982      0.93529      0.06248      0.37131     -0.37373     -0.00337
FE      0.18760      0.81221      0.18761      0.02326     -0.06043      0.02435
FE      0.06248      0.93531      0.18984     -0.00398     -0.37278      0.37278
FE      0.06250      0.81265      0.31235     -0.00055      0.01754     -0.01588
FE      0.18760      0.93752      0.31260      0.02470     -0.00472      0.02605
FE      0.18753      0.81247      0.43752      0.00388     -0.00776      0.00595
FE      0.06243      0.93756      0.43754     -0.00934      0.00749      0.00888
FE      0.06249      0.81247      0.56249     -0.00071     -0.00440     -0.00072
FE      0.18751      0.93754      0.56248      0.00470      0.00472     -0.00454
FE      0.18751      0.81247      0.68751      0.00019     -0.00766     -0.00079
FE      0.06248      0.93755      0.68748     -0.00436      0.00498     -0.00392
FE      0.06248      0.81265      0.81260     -0.00246      0.01775      0.00801
FE      0.18761      0.93751      0.81237      0.02501     -0.00553     -0.02897
FE      0.18760      0.81221      0.93743      0.02408     -0.06058     -0.01804
FE      0.06249      0.93529      0.93520     -0.00223     -0.37445     -0.37107
FE      0.31268      0.06249      0.06249      0.02837     -0.00216     -0.00217
FE      0.43754      0.18749      0.06251      0.00884      0.00042      0.00377
FE      0.43758      0.06249      0.18752      0.01515     -0.00183      0.00697
FE      0.31260      0.18754      0.18761      0.03004      0.01360      0.02241
FE      0.31236      0.06247      0.31236     -0.00026     -0.00789     -0.00117
FE      0.43752      0.18752      0.31247      0.00898      0.00259     -0.00249
FE      0.43761      0.06248      0.43761      0.02532     -0.00431      0.02529
FE      0.31250      0.18753      0.43752      0.00597      0.00259      0.00870
FE      0.31252      0.06247      0.56247      0.00596     -0.00771     -0.00512
FE      0.43749      0.18754      0.56249     -0.00352      0.00635     -0.00020
FE      0.43761      0.06249      0.68742      0.02534     -0.00162     -0.01999
FE      0.31249      0.18752      0.68751      0.00636      0.00339     -0.00012
FE      0.31235      0.06249      0.81261     -0.00386     -0.00212     -0.00297
FE      0.43752      0.18750      0.81246      0.00886     -0.00025     -0.01195
FE      0.43758      0.06247      0.93751      0.01495     -0.00517     -0.00141
FE      0.31257      0.18752      0.93742      0.01808      0.01029     -0.01973
FE      0.31246      0.31231      0.06238      0.00979     -0.02376     -0.02664
FE      0.43755      0.43756      0.06251      0.00886      0.01262      0.00351
FE      0.43752      0.31249      0.18748      0.00616      0.00091     -0.00489
FE      0.31248      0.43750      0.18752      0.00305      0.00171     -0.00209
FE      0.31257      0.31251      0.31250      0.01433      0.00281     -0.00160
FE      0.43752      0.43752      0.31247      0.00381      0.00372     -0.00587
FE      0.43751      0.31248      0.43751      0.00214     -0.00453      0.00224
FE      0.31251      0.43751      0.43752      0.00286      0.00347      0.00374
FE      0.31255      0.31247      0.56249      0.00944     -0.00512      0.00138
FE      0.43752      0.43752      0.56249      0.00277      0.00336     -0.00010
FE      0.43751      0.31248      0.68755      0.00223     -0.00446      0.00888
FE      0.31249      0.43752      0.68751      0.00279      0.00263      0.00466
FE      0.31261      0.31251      0.81256      0.02483      0.00297      0.01485
FE      0.43752      0.43753      0.81246      0.00388      0.00643     -0.00873
FE      0.43752      0.31249      0.93753      0.00580      0.00098      0.00517
FE      0.31244      0.43752      0.93752     -0.00978      0.00517      0.00478
FE      0.31250      0.56248      0.06249     -0.00009     -0.00451     -0.00222
FE      0.43754      0.68749      0.06248      0.00880     -0.00298     -0.00268
FE      0.43751      0.56248      0.18751      0.00238     -0.00500      0.00316
FE      0.31248      0.68753      0.18751     -0.00238      0.00477      0.00135
FE      0.31249      0.56249      0.31249      0.00011      0.00085     -0.00097
FE      0.43752      0.68752      0.31249      0.00381      0.00297     -0.00215
FE      0.43752      0.56249      0.43752      0.00306     -0.00252      0.00300
FE      0.31251      0.68755      0.43752      0.00277      0.00981      0.00383
FE      0.31249      0.56249      0.56248      0.00073      0.00090     -0.00492
FE      0.43752      0.68752      0.56248      0.00271      0.00332     -0.00390
FE      0.43752      0.56248      0.68752      0.00308     -0.00501      0.00241
FE      0.31249      0.68752      0.68751     -0.00217      0.00355      0.00134
FE      0.31248      0.56248      0.81248     -0.00376     -0.00453     -0.00316
FE      0.43752      0.68752      0.81248      0.00386      0.00325     -0.00244
FE      0.43751      0.56249      0.93752      0.00224     -0.00168      0.00256
FE      0.31247      0.68753      0.93752     -0.00350      0.00452      0.00474
FE      0.31236      0.81265      0.06248     -0.01380      0.01763     -0.00307
FE      0.43754      0.93753      0.06248      0.00887      0.00410     -0.00269
FE      0.43752      0.81247      0.18751      0.00608     -0.00771      0.00022
FE      0.31260      0.93751      0.18761      0.02494     -0.00568      0.02570
FE      0.31250      0.81245      0.31251      0.00180     -0.00979      0.00209
FE      0.43752      0.93753      0.31248      0.00890      0.00514      0.00120
FE      0.43751      0.81249      0.43751      0.00221     -0.00232      0.00217
FE      0.31251      0.93750      0.43752      0.00616     -0.00154      0.00875
FE      0.31248      0.81249      0.56248     -0.00352     -0.00177     -0.00255
FE      0.43749      0.93751      0.56248     -0.00352      0.00136     -0.00387
FE      0.43751      0.81248      0.68752      0.00217     -0.00234      0.00373
FE      0.31248      0.93752      0.68751      0.00104      0.00453     -0.00357
FE      0.31251      0.81245      0.81246      0.00245     -0.00980     -0.00770
FE      0.43752      0.93753      0.81249      0.00890      0.00486     -0.00572
FE      0.43752      0.81247      0.93752      0.00598     -0.00770      0.00494
FE      0.31260      0.93751      0.93742      0.02429     -0.00555     -0.01975
FE      0.56249      0.06249      0.06249     -0.00214     -0.00231     -0.00224
FE      0.68750      0.18751      0.06248     -0.00598      0.00456     -0.00868
FE      0.68743      0.06245      0.18750     -0.01431     -0.00950      0.00162
FE      0.56248      0.18752      0.18753     -0.00899      0.00461      0.00250
FE      0.56248      0.06247      0.31252     -0.00616     -0.00774      0.00488
FE      0.68740      0.18750      0.31239     -0.03011     -0.00645     -0.02239
FE      0.68754      0.06265      0.43762     -0.00989      0.01691      0.02643
FE      0.56246      0.18755      0.43749     -0.00888      0.00671     -0.00373
FE      0.56248      0.06247      0.56247     -0.00580     -0.00782     -0.00516
FE      0.68743      0.18752      0.56258     -0.01800     -0.00326      0.01965
FE      0.68740      0.06245      0.68744     -0.02480     -0.00966     -0.01483
FE      0.56248      0.18754      0.68754     -0.00887      0.00741      0.01197
FE      0.56249      0.06248      0.81245     -0.00223     -0.00242     -0.00888
FE      0.68751      0.18752      0.81249     -0.00637      0.00386      0.00011
FE      0.68745      0.06249      0.93751     -0.00944     -0.00164     -0.00138
FE      0.56251      0.18750      0.93751      0.00353      0.00080      0.00017
FE      0.56239      0.31248      0.06239     -0.02533     -0.00261     -0.02529
FE      0.68749      0.43754      0.06248     -0.00614      0.00869     -0.00875
FE      0.68764      0.31249      0.18764      0.00027      0.00058      0.00117
FE      0.56248      0.43752      0.18752     -0.00889      0.00203     -0.00122
FE      0.56242      0.31248      0.31248     -0.01514     -0.00502     -0.00698
FE      0.68740      0.43753      0.31239     -0.02487      0.01276     -0.02573
FE      0.68732      0.31247      0.43751     -0.02836     -0.00457      0.00216
FE      0.56246      0.43751      0.43752     -0.00885      0.00306      0.00266
FE      0.56242      0.31249      0.56249     -0.01495     -0.00170      0.00141
FE      0.68740      0.43753      0.56258     -0.02434      0.01256      0.01981
FE      0.68765      0.31247      0.68739      0.00387     -0.00480      0.00299
FE      0.56248      0.43751      0.68751     -0.00891      0.00228      0.00572
FE      0.56239      0.31247      0.81258     -0.02534     -0.00519      0.01999
FE      0.68752      0.43752      0.81249     -0.00104      0.00269      0.00358
FE      0.68748      0.31249      0.93753     -0.00595      0.00085      0.00512
FE      0.56251      0.43753      0.93752      0.00350      0.00579      0.00388
FE      0.56249      0.56248      0.06249     -0.00222     -0.00451     -0.00218
FE      0.68749      0.68749      0.06248     -0.00280     -0.00266     -0.00382
FE      0.68750      0.56251      0.18749     -0.00181      0.00298     -0.00211
FE      0.56248      0.68752      0.18751     -0.00381      0.00421      0.00215
FE      0.56248      0.56249      0.31249     -0.00609      0.00090     -0.00022
FE      0.68752      0.68751      0.31249      0.00237      0.00243     -0.00133
FE      0.68764      0.56231      0.43752      0.01389     -0.02452      0.00327
FE      0.56246      0.68755      0.43752     -0.00882      0.01016      0.00268
FE      0.56248      0.56249      0.56248     -0.00600      0.00088     -0.00495
FE      0.68753      0.68751      0.56248      0.00347      0.00268     -0.00471
FE      0.68749      0.56251      0.68754     -0.00248      0.00297      0.00767
FE      0.56248      0.68752      0.68752     -0.00386      0.00392      0.00243
FE      0.56249      0.56248      0.81248     -0.00219     -0.00450     -0.00374
FE      0.68751      0.68752      0.81249      0.00218      0.00363     -0.00134
FE      0.68752      0.56247      0.93752      0.00352     -0.00509      0.00256
FE      0.56248      0.68752      0.93752     -0.00271      0.00386      0.00389
FE      0.56248      0.81248      0.06248     -0.00307     -0.00433     -0.00301
FE      0.68749      0.93753      0.06248     -0.00285      0.00367     -0.00378
FE      0.68751      0.81247      0.18751     -0.00013     -0.00768      0.00098
FE      0.56248      0.93752      0.18753     -0.00382      0.00348      0.00588
FE      0.56249      0.81249      0.31249     -0.00238     -0.00184     -0.00316
FE      0.68752      0.93754      0.31248     -0.00301      0.00554      0.00206
FE      0.68750      0.81249      0.43751      0.00009     -0.00232      0.00220
FE      0.56246      0.93748      0.43749     -0.00884     -0.00548     -0.00355
FE      0.56249      0.81247      0.56248     -0.00225     -0.00517     -0.00257
FE      0.68756      0.93752      0.56248      0.00978      0.00205     -0.00478
FE      0.68752      0.81249      0.68752      0.00375     -0.00232      0.00314
FE      0.56248      0.93751      0.68754     -0.00386      0.00077      0.00870
FE      0.56248      0.81249      0.81248     -0.00308     -0.00184     -0.00241
FE      0.68751      0.93753      0.81249     -0.00276      0.00454     -0.00466
FE      0.68751      0.81247      0.93752     -0.00073     -0.00775      0.00491
FE      0.56248      0.93752      0.93751     -0.00277      0.00382      0.00012
FE      0.81230      0.06247      0.06248     -0.03235     -0.00808     -0.00568
FE      0.93520      0.18974      0.06246     -0.37052      0.37554     -0.00811
FE      0.93411      0.06265      0.19102     -0.54650      0.01667      0.55429
FE      0.81228      0.18752      0.18750     -0.05239      0.00299     -0.00167
FE      0.81253      0.06222      0.31226     -0.02321     -0.06010     -0.02461
FE      0.93743      0.18530      0.31029     -0.01887     -0.36531     -0.34447
FE      0.93751      0.06227      0.43758     -0.00030     -0.04247      0.01544
FE      0.81017      0.18529      0.43752     -0.37578     -0.37510      0.00814
FE      0.81237      0.06221      0.56257     -0.02894     -0.06018      0.01780
FE      0.93750      0.18528      0.56481     -0.00180     -0.37604      0.37202
FE      0.93751      0.06265      0.68733     -0.00129      0.01720     -0.02074
FE      0.81239      0.18750      0.68763     -0.02872     -0.00665      0.02392
FE      0.81262      0.06247      0.81262      0.00052     -0.00737      0.00155
FE      0.93742      0.18754      0.81239     -0.01976      0.01297     -0.02352
FE      0.93410      0.06248      0.93411     -0.54733     -0.00228     -0.54695
FE      0.81236      0.18753      0.93742     -0.03208      0.01302     -0.01972
FE      0.81259      0.31231      0.06242      0.00381     -0.02390     -0.01546
FE      0.93757      0.43748      0.06246      0.00930     -0.00028     -0.00884
FE      0.93744      0.31274      0.18741     -0.01622      0.05145     -0.00635
FE      0.81240      0.43752      0.18740     -0.02472      0.01181     -0.02599
FE      0.80907      0.31250      0.30912     -0.54949     -0.00033     -0.53933
FE      0.93753      0.43973      0.31016      0.00663      0.37671     -0.37413
PD      0.93751      0.31254      0.43750      0.00275      0.00980      0.00001
FE      0.81017      0.43974      0.43753     -0.37269      0.37758      0.00603
FE      0.80910      0.31248      0.56589     -0.54386     -0.00371      0.54588
FE      0.93752      0.43973      0.56480      0.00362      0.37614      0.37041
FE      0.93753      0.31249      0.68771      0.00570      0.00093      0.03203
FE      0.81239      0.43753      0.68763     -0.02499      0.01288      0.02896
FE      0.81245      0.31251      0.81252     -0.01146      0.00296      0.00441
FE      0.93752      0.43749      0.81252      0.00430      0.00215      0.00394
FE      0.93743      0.31275      0.93743     -0.01785      0.05363     -0.01777
FE      0.81249      0.43750      0.93752     -0.00469      0.00246      0.00452
FE      0.81247      0.56249      0.06248     -0.00388      0.00091     -0.00596
FE      0.93757      0.68757      0.06246      0.01002      0.01379     -0.00869
FE      0.93751      0.56231      0.18765      0.00074     -0.02444      0.01597
FE      0.81250      0.68752      0.18753     -0.00027      0.00357      0.00157
FE      0.81240      0.56275      0.31239     -0.02299      0.05343     -0.02408
FE      0.93752      0.68751      0.31252      0.00468      0.00084      0.00385
FE      0.93752      0.56269      0.43751      0.00268      0.03465      0.00218
FE      0.81254      0.68750      0.43752      0.00473     -0.00045      0.00376
FE      0.81240      0.56275      0.56257     -0.02377      0.05373      0.01829
FE      0.93752      0.68750      0.56243      0.00385      0.00031     -0.00987
FE      0.93752      0.56231      0.68740      0.00264     -0.02443     -0.00777
FE      0.81249      0.68751      0.68750     -0.00038      0.00240      0.00112
FE      0.81249      0.56249      0.81249     -0.00018      0.00082      0.00077
FE      0.93752      0.68756      0.81253      0.00457      0.01105      0.00401
FE      0.93751      0.56249      0.93751      0.00070     -0.00245      0.00072
FE      0.81250      0.68753      0.93752     -0.00105      0.00424      0.00464
FE      0.81261      0.81265      0.06249      0.00842      0.01792     -0.00225
FE      0.93520      0.93526      0.06246     -0.37073     -0.38215     -0.00783
FE      0.93743      0.81221      0.18759     -0.01812     -0.06052      0.02062
FE      0.81237      0.93752      0.18762     -0.02795     -0.00406      0.02620
FE      0.81245      0.81245      0.31250     -0.01002     -0.00982      0.00004
FE      0.93742      0.93753      0.31265     -0.02004     -0.00221      0.03059
FE      0.93752      0.81247      0.43752      0.00504     -0.00779      0.00613
FE      0.81254      0.93755      0.43752      0.00100      0.00829      0.00890
FE      0.81247      0.81249      0.56249     -0.00469     -0.00171     -0.00072
FE      0.93751      0.93754      0.56243      0.00008      0.00715     -0.00947
FE      0.93752      0.81247      0.68753      0.00502     -0.00777      0.00283
FE      0.81249      0.93754      0.68750     -0.00365      0.00573     -0.00401
FE      0.81246      0.81245      0.81245     -0.00817     -0.00986     -0.00833
FE      0.93742      0.93748      0.81240     -0.01968     -0.01244     -0.02343
FE      0.93743      0.81221      0.93743     -0.01804     -0.06099     -0.01855
FE      0.81237      0.93751      0.93742     -0.02881     -0.00515     -0.01990
