/* Converted from PWscf output file */ 
#L_UNITS ang 
#E_UNITS eV 
#S_UNITS GPA 
#F_UNITS EV/ANG 
#ALAT 	  13.68241     // a0 
#X 	   1.00000     0.00001     0.00000     // X 
#Y 	   0.00001     1.05716     0.00001     // Y 
#Z 	   0.00000     0.00001     1.00001     // Z 
#SX 	   0.14540     0.00102     0.00044     // SX 
#SY 	   0.00102     0.03325    -0.00219     // SY 
#SZ 	   0.00044    -0.00219     0.14686     // SZ 
#EPA 	  -4.25304     // Energy per Atom 
#C 	1 1 1 
#W 	1.0 
#RCUT 	6.5        // Rcut 
PD      0.06251      0.06231      0.06232      0.00687     -0.01629     -0.01427
FE      0.19053      0.19018      0.06219     -0.01665     -0.03923     -0.01232
FE      0.19182      0.06234      0.19148     -0.01901     -0.01207     -0.04204
FE      0.06298      0.18990      0.18969      0.00825     -0.02402     -0.02690
FE      0.06280      0.06169      0.31221      0.00013     -0.00493      0.00165
FE      0.18856      0.18755      0.31254      0.01199      0.00104     -0.00001
FE      0.18794      0.06226      0.43770      0.01029     -0.01116     -0.00227
FE      0.06540      0.18473      0.43764     -0.02692      0.02739      0.00170
FE      0.06286      0.06167      0.56286      0.00330     -0.00313      0.00394
FE      0.18816      0.18723      0.56298      0.01020     -0.00139      0.00917
FE      0.18782      0.06232      0.68751      0.01459     -0.01112      0.01185
FE      0.06298      0.18726      0.68798      0.00870     -0.00448      0.00773
FE      0.06248      0.06229      0.81245      0.00790     -0.00995      0.00370
FE      0.18827      0.18781      0.81221      0.02164     -0.00606      0.00472
FE      0.19166      0.06243      0.93333     -0.02141     -0.01064      0.03244
FE      0.06254      0.19023      0.93458      0.00198     -0.03305      0.02821
FE      0.06258      0.31287      0.06228      0.00283      0.00538     -0.00071
FE      0.18777      0.43761      0.06215      0.01558      0.01707     -0.01198
FE      0.18885      0.31329      0.18694      0.00747      0.00511     -0.01024
FE      0.06297      0.43786      0.18697      0.00745      0.00918     -0.00608
FE      0.06676      0.31279      0.30874     -0.02574      0.01219      0.03599
FE      0.18808      0.43794      0.31207      0.01538      0.01627     -0.00018
FE      0.18773      0.31265      0.43770      0.01604      0.00798      0.01067
FE      0.06541      0.44043      0.43768     -0.02793     -0.02144      0.00656
FE      0.06670      0.31248      0.56669     -0.03241      0.00414     -0.03302
FE      0.18810      0.43789      0.56298      0.01085      0.01077      0.00871
FE      0.18851      0.31265      0.68832      0.02077      0.00866      0.00276
FE      0.06298      0.43804      0.68795      0.00910      0.01244      0.00073
FE      0.06261      0.31270      0.81236      0.00419      0.01222     -0.00796
FE      0.18776      0.43769      0.81270      0.02082      0.02128      0.00607
FE      0.18802      0.31329      0.93714      0.00722      0.00381     -0.00227
FE      0.06254      0.43759      0.93752      0.00271      0.01031     -0.00268
FE      0.06249      0.56266      0.06231      0.00891      0.00959     -0.00813
FE      0.18754      0.68755      0.06243      0.00628     -0.00118     -0.00321
FE      0.18773      0.56264      0.18740      0.01171      0.01202     -0.01043
FE      0.06246      0.68761      0.18743      0.00659      0.00401     -0.00483
FE      0.06287      0.56330      0.31216      0.00247      0.00402      0.00209
FE      0.18760      0.68753      0.31259      0.01301     -0.00029      0.00173
FE      0.18783      0.56268      0.43757      0.01031      0.01132      0.00401
FE      0.06248      0.68738      0.43767      0.00278     -0.00288      0.00657
FE      0.06287      0.56332      0.56288      0.00281      0.00548      0.00312
FE      0.18762      0.68760      0.56246      0.01061      0.00309      0.00647
FE      0.18771      0.56264      0.68765      0.01376      0.01242      0.00679
FE      0.06246      0.68746      0.68747      0.00668      0.00133     -0.00031
FE      0.06250      0.56266      0.81259      0.00932      0.01013      0.00757
FE      0.18752      0.68747      0.81242      0.01015     -0.00544     -0.00316
FE      0.18760      0.56252      0.93749      0.00911      0.01275     -0.00151
FE      0.06248      0.68754      0.93752      0.00409      0.00107     -0.00281
FE      0.06248      0.81207      0.06243      0.00181     -0.00643     -0.00471
FE      0.19033      0.93461      0.06244     -0.02401      0.02131     -0.00332
FE      0.18794      0.81166      0.18791      0.00624     -0.00325     -0.00210
FE      0.06246      0.93453      0.19024      0.00471      0.01552     -0.03539
FE      0.06252      0.81227      0.31274      0.00148     -0.01040      0.00860
FE      0.18809      0.93711      0.31306      0.01146     -0.01366      0.00060
FE      0.18760      0.81231      0.43769      0.01076     -0.00785      0.00874
FE      0.06248      0.93744      0.43764      0.00242     -0.00799     -0.00061
FE      0.06251      0.81244      0.56251      0.00168     -0.00435      0.00134
FE      0.18768      0.93740      0.56246      0.00922     -0.01441      0.00644
FE      0.18756      0.81231      0.68737      0.01242     -0.00810     -0.00550
FE      0.06247      0.93736      0.68749      0.00678     -0.01301      0.00589
FE      0.06250      0.81227      0.81221      0.00238     -0.01184     -0.00548
FE      0.18803      0.93717      0.81194      0.01095     -0.00957     -0.00361
FE      0.18793      0.81166      0.93714      0.00312     -0.00289     -0.00275
FE      0.06248      0.93459      0.93458      0.00204      0.01549      0.02500
FE      0.31269      0.06245      0.06242      0.01018     -0.00865     -0.00648
FE      0.43764      0.18751      0.06246     -0.00033     -0.00842     -0.01524
FE      0.43770      0.06244      0.18761     -0.00161     -0.01076     -0.00637
FE      0.31335      0.18779      0.18775      0.01924     -0.00729     -0.00976
FE      0.31362      0.06232      0.31343      0.02196     -0.00636      0.00496
FE      0.43784      0.18756      0.31266      0.01127      0.00673      0.01193
FE      0.43809      0.06244      0.43809      0.01973     -0.00515      0.01962
FE      0.31284      0.18751      0.43783      0.01435      0.00833      0.01102
FE      0.31278      0.06231      0.56249      0.01698     -0.00766      0.00865
FE      0.43754      0.18759      0.56254      0.01493      0.00546      0.00235
FE      0.43809      0.06245      0.68699      0.01926     -0.01047     -0.01255
FE      0.31305      0.18753      0.68746      0.02848     -0.00040      0.00128
FE      0.31349      0.06246      0.81155      0.01911     -0.00750     -0.00393
FE      0.43783      0.18750      0.81225      0.01116      0.00139      0.00229
FE      0.43770      0.06245      0.93739     -0.00118     -0.00273     -0.00329
FE      0.31307      0.18776      0.93702      0.02240     -0.00721     -0.00765
FE      0.31334      0.31268      0.06189      0.02735      0.00986     -0.01863
FE      0.43767      0.43779      0.06246      0.00647      0.01829     -0.01518
FE      0.43769      0.31265      0.18741      0.00835      0.00972      0.00035
FE      0.31290      0.43769      0.18725      0.02032      0.02055     -0.00895
FE      0.31282      0.31264      0.31251      0.01124      0.01239      0.00811
FE      0.43757      0.43760      0.31242      0.00341      0.00916      0.00213
FE      0.43756      0.31251      0.43756      0.00524      0.00925      0.00529
FE      0.31262      0.43763      0.43756      0.00531      0.00654      0.00319
FE      0.31270      0.31252      0.56262      0.00910      0.01244      0.00445
FE      0.43753      0.43757      0.56254      0.00119      0.00672      0.00292
FE      0.43757      0.31251      0.68762      0.00560      0.00944      0.00152
FE      0.31281      0.43762      0.68773      0.01748      0.01551      0.01063
FE      0.31322      0.31265      0.81289      0.03373      0.01294      0.01113
FE      0.43757      0.43765      0.81248      0.00338      0.01486      0.01182
FE      0.43769      0.31266      0.93751      0.00818      0.00972     -0.00912
FE      0.31258      0.43772      0.93754      0.02269      0.02007     -0.00690
FE      0.31257      0.56251      0.06244      0.00859      0.00942     -0.00517
FE      0.43767      0.68737      0.06247      0.00639     -0.00623     -0.00113
FE      0.43757      0.56252      0.18751      0.00412      0.01266     -0.00634
FE      0.31261      0.68747      0.18749      0.01143     -0.00588      0.00154
FE      0.31267      0.56266      0.31247      0.01385      0.01016     -0.00375
FE      0.43756      0.68753      0.31249      0.00321      0.00262      0.00100
FE      0.43754      0.56252      0.43753      0.00099      0.00641      0.00096
FE      0.31264      0.68767      0.43757      0.01149      0.00393      0.00327
FE      0.31267      0.56266      0.56250      0.01165      0.01016      0.00936
FE      0.43753      0.68756      0.56248      0.00130      0.00496      0.00408
FE      0.43754      0.56252      0.68755      0.00109      0.01276      0.00660
FE      0.31253      0.68753      0.68750      0.00837     -0.00000      0.00016
FE      0.31253      0.56251      0.81250      0.01059      0.00956      0.00232
FE      0.43756      0.68750      0.81247      0.00321     -0.00224     -0.00220
FE      0.43756      0.56252      0.93750      0.00386      0.00461     -0.00280
FE      0.31258      0.68744      0.93754      0.00946     -0.00806     -0.00679
FE      0.31278      0.81228      0.06247      0.01069     -0.01006     -0.00078
FE      0.43765      0.93746      0.06247     -0.00020     -0.00434     -0.00136
FE      0.43770      0.81231      0.18753      0.00869     -0.00786      0.00657
FE      0.31308      0.93716      0.18799      0.01108     -0.00994      0.00111
FE      0.31268      0.81233      0.31262      0.01621     -0.01003      0.00936
FE      0.43784      0.93744      0.31272      0.01125     -0.01823      0.01060
FE      0.43756      0.81245      0.43756      0.00551     -0.00744      0.00553
FE      0.31287      0.93731      0.43783      0.02148     -0.01998      0.01107
FE      0.31255      0.81245      0.56250      0.01335     -0.01040      0.00284
FE      0.43754      0.93741      0.56248      0.01482     -0.01720      0.00404
FE      0.43756      0.81245      0.68750      0.00545     -0.00741     -0.00450
FE      0.31277      0.93744      0.68722      0.01915     -0.01604     -0.00925
FE      0.31265      0.81232      0.81232      0.01313     -0.01055     -0.00968
FE      0.43784      0.93747      0.81223      0.01173     -0.01287     -0.01221
FE      0.43770      0.81231      0.93751      0.00870     -0.00797     -0.00864
FE      0.31306      0.93719      0.93703      0.00974     -0.00790     -0.00822
FE      0.56244      0.06245      0.06244     -0.00541     -0.00750     -0.00545
FE      0.68716      0.18755      0.06217     -0.01405     -0.00897     -0.01100
FE      0.68718      0.06233      0.18748     -0.01153     -0.01043     -0.00841
FE      0.56216      0.18751      0.18734     -0.01127     -0.00657     -0.01210
FE      0.56230      0.06231      0.31259     -0.00888     -0.00784     -0.00073
FE      0.68664      0.18726      0.31225     -0.01941      0.00566      0.00975
FE      0.68665      0.06228      0.43811     -0.02864     -0.00886      0.01877
FE      0.56235      0.18755      0.43754     -0.00012      0.00804      0.01521
FE      0.56231      0.06231      0.56249     -0.00874     -0.00796      0.00892
FE      0.68693      0.18728      0.56298     -0.02311      0.00501      0.00789
FE      0.68678      0.06233      0.68711     -0.03386     -0.00986     -0.01072
FE      0.56217      0.18757      0.68775     -0.01138     -0.00057     -0.00212
FE      0.56243      0.06245      0.81238     -0.00577     -0.00741     -0.00157
FE      0.68695      0.18753      0.81254     -0.02826     -0.00063     -0.00134
FE      0.68730      0.06245      0.93738     -0.00916     -0.01044     -0.00441
FE      0.56246      0.18748      0.93746     -0.01498     -0.00553     -0.00243
FE      0.56191      0.31252      0.06191     -0.01975      0.00555     -0.01961
FE      0.68713      0.43775      0.06217     -0.02082      0.01939     -0.01132
FE      0.68638      0.31266      0.18657     -0.02191      0.01046     -0.00500
FE      0.56216      0.43762      0.18728     -0.01141      0.01828     -0.01045
FE      0.56230      0.31252      0.31239      0.00162      0.01235      0.00634
FE      0.68693      0.43789      0.31201     -0.01067      0.00868     -0.00113
FE      0.68731      0.31250      0.43758     -0.01023      0.00708      0.00635
FE      0.56236      0.43760      0.43753      0.00043      0.00391      0.00146
FE      0.56230      0.31252      0.56261      0.00122      0.00453      0.00335
FE      0.68695      0.43785      0.56297     -0.00901      0.00554      0.00793
FE      0.68651      0.31251      0.68845     -0.01913      0.00976      0.00392
FE      0.56216      0.43759      0.68777     -0.01170      0.01368      0.01222
FE      0.56191      0.31252      0.81301     -0.01922      0.01273      0.01267
FE      0.68723      0.43762      0.81278     -0.01905      0.01521      0.00923
FE      0.68722      0.31266      0.93751     -0.01702      0.00999     -0.00894
FE      0.56246      0.43765      0.93752     -0.01492      0.01719     -0.00372
FE      0.56244      0.56251      0.06244     -0.00531      0.00932     -0.00531
FE      0.68736      0.68739      0.06244     -0.01182     -0.00445     -0.00302
FE      0.68732      0.56264      0.18738     -0.01586      0.01223     -0.00899
FE      0.56244      0.68754      0.18751     -0.00313     -0.00259     -0.00079
FE      0.56231      0.56265      0.31248     -0.00813      0.00961     -0.00613
FE      0.68739      0.68759      0.31251     -0.01089      0.00504     -0.00139
FE      0.68723      0.56268      0.43754     -0.00937      0.01090      0.00053
FE      0.56233      0.68769      0.43753     -0.00620      0.00591      0.00144
FE      0.56231      0.56265      0.56249     -0.00811      0.00965      0.00887
FE      0.68743      0.68762      0.56246     -0.00894      0.00751      0.00662
FE      0.68735      0.56264      0.68768     -0.01310      0.01251      0.00925
FE      0.56244      0.68756      0.68753     -0.00321      0.00235      0.00222
FE      0.56244      0.56251      0.81250     -0.00527      0.00949      0.00461
FE      0.68747      0.68753      0.81250     -0.00839     -0.00013     -0.00016
FE      0.68745      0.56252      0.93750     -0.01329      0.01266     -0.00283
FE      0.56247      0.68750      0.93752     -0.00120     -0.00494     -0.00409
FE      0.56246      0.81244      0.06247     -0.00096     -0.00453     -0.00095
FE      0.68738      0.93742      0.06244     -0.00589     -0.00726     -0.00305
FE      0.68734      0.81231      0.18753     -0.01370     -0.00809      0.00400
FE      0.56244      0.93746      0.18758     -0.00328     -0.00905     -0.00222
FE      0.56243      0.81244      0.31249     -0.00413     -0.01086      0.00642
FE      0.68710      0.93737      0.31275     -0.02086     -0.02204      0.00890
FE      0.68743      0.81245      0.43756     -0.00850     -0.00750      0.00538
FE      0.56233      0.93727      0.43754     -0.00640     -0.01871      0.01491
FE      0.56244      0.81245      0.56250     -0.00388     -0.00261      0.00279
FE      0.68742      0.93734      0.56246     -0.02329     -0.02066      0.00730
FE      0.68747      0.81245      0.68750     -0.01054     -0.00750     -0.00224
FE      0.56244      0.93741      0.68752     -0.00318     -0.01478     -0.01188
FE      0.56246      0.81244      0.81245     -0.00114     -0.01068     -0.00668
FE      0.68719      0.93744      0.81227     -0.01781     -0.01589     -0.01045
FE      0.68733      0.81231      0.93750     -0.01159     -0.00794     -0.00899
FE      0.56247      0.93749      0.93746     -0.00111     -0.00682     -0.00303
FE      0.81226      0.06229      0.06230     -0.01645     -0.00970     -0.01124
FE      0.93457      0.19017      0.06235      0.02728     -0.03075     -0.00203
FE      0.93324      0.06214      0.19125      0.02533     -0.01545     -0.03864
FE      0.81144      0.18751      0.18746     -0.01220     -0.00167     -0.00001
FE      0.81114      0.06166      0.31304     -0.00777     -0.00354      0.00808
FE      0.93700      0.18499      0.31032     -0.00831      0.02295      0.02765
FE      0.93742      0.06206      0.43772     -0.00295     -0.00787      0.00047
FE      0.80947      0.18471      0.43781      0.01778      0.03875      0.01279
FE      0.81196      0.06167      0.56286     -0.00868     -0.00220      0.00273
FE      0.93745      0.18467      0.56540     -0.00170      0.03050     -0.02779
FE      0.93739      0.06226      0.68764     -0.00385     -0.01231      0.00982
FE      0.81173      0.18726      0.68779     -0.02135      0.00571     -0.00490
FE      0.81148      0.06230      0.81168     -0.02087     -0.01053     -0.00286
FE      0.93702      0.18779      0.81203     -0.00874      0.00182     -0.00696
FE      0.93330      0.06241      0.93331      0.03235     -0.00707      0.03296
FE      0.81184      0.18783      0.93702     -0.00986     -0.00067     -0.00917
FE      0.81206      0.31269      0.06229     -0.00845      0.01066      0.00265
FE      0.93752      0.43762      0.06236     -0.00196      0.00717      0.00072
FE      0.93720      0.31325      0.18777     -0.00004      0.00300     -0.00359
FE      0.81191      0.43794      0.18695     -0.01130      0.01213     -0.00022
FE      0.80818      0.31263      0.30852      0.01924      0.01085      0.04190
FE      0.93754      0.44036      0.30975     -0.00537     -0.01643      0.03365
PD      0.93749      0.31269      0.43768     -0.00675      0.00261      0.01396
FE      0.80966      0.44028      0.43757      0.02265     -0.02169      0.00285
FE      0.80834      0.31252      0.56667      0.02143      0.00938     -0.03248
FE      0.93753      0.44031      0.56544     -0.00233     -0.01814     -0.02554
FE      0.93752      0.31265      0.68755     -0.00828      0.00873     -0.00374
FE      0.81197      0.43790      0.68807     -0.01151      0.00924      0.00403
FE      0.81218      0.31264      0.81249     -0.01430      0.01227     -0.01150
FE      0.93754      0.43770      0.81251     -0.00649      0.01229     -0.00629
FE      0.93714      0.31330      0.93714     -0.00272      0.00505     -0.00333
FE      0.81232      0.43766      0.93754     -0.00916      0.01452     -0.00612
FE      0.81240      0.56265      0.06231     -0.01034      0.00931     -0.00816
FE      0.93752      0.68768      0.06233     -0.00287      0.00216     -0.00626
FE      0.93749      0.56269      0.18727     -0.00178      0.01117     -0.00725
FE      0.81240      0.68753      0.18741     -0.01307     -0.00058     -0.00109
FE      0.81209      0.56329      0.31211     -0.00429      0.00419      0.00409
FE      0.93754      0.68745      0.31258     -0.00667     -0.00489      0.00578
FE      0.93751      0.56286      0.43757     -0.00160      0.00411      0.00494
FE      0.81246      0.68751      0.43756     -0.00586      0.00094      0.00333
FE      0.81209      0.56330      0.56287     -0.00156      0.00453      0.00235
FE      0.93752      0.68752      0.56248     -0.00401     -0.00149      0.00256
FE      0.93751      0.56269      0.68778     -0.00273      0.01198      0.00368
FE      0.81248      0.68759      0.68758     -0.01011      0.00527      0.00299
FE      0.81244      0.56266      0.81263     -0.01219      0.01023      0.00568
FE      0.93754      0.68760      0.81253     -0.00659     -0.00175     -0.00016
FE      0.93749      0.56253      0.93749     -0.00169      0.00642     -0.00131
FE      0.81238      0.68747      0.93754     -0.01059     -0.00303     -0.00653
FE      0.81216      0.81228      0.06243     -0.01214     -0.01165     -0.00436
FE      0.93461      0.93447      0.06232      0.02722      0.01851     -0.00731
FE      0.93713      0.81166      0.18786     -0.00292     -0.00259     -0.00045
FE      0.81192      0.93712      0.18792     -0.01510     -0.01747     -0.00095
FE      0.81227      0.81232      0.31260     -0.01215     -0.01038      0.01047
FE      0.93703      0.93719      0.31304     -0.00784     -0.01190      0.00639
FE      0.93751      0.81231      0.43770     -0.00869     -0.00787      0.00873
FE      0.81222      0.93746      0.43784     -0.01601     -0.01656      0.01192
FE      0.81240      0.81245      0.56251     -0.00920     -0.01073      0.00148
FE      0.93746      0.93747      0.56248     -0.00297     -0.01084      0.00315
FE      0.93751      0.81231      0.68741     -0.00897     -0.00820     -0.00749
FE      0.81224      0.93737      0.68730     -0.02073     -0.02174     -0.00621
FE      0.81228      0.81232      0.81235     -0.01409     -0.01106     -0.00709
FE      0.93702      0.93701      0.81205     -0.00940     -0.01557     -0.00067
FE      0.93713      0.81166      0.93712     -0.00338     -0.00341     -0.00373
FE      0.81190      0.93716      0.93702     -0.01130     -0.01301     -0.00888
