/* Converted from PWscf output file */ 
#L_UNITS ang 
#E_UNITS eV 
#S_UNITS GPA 
#F_UNITS EV/ANG 
#ALAT 	   7.00234     // a0 
#X 	   1.00000    -0.00008    -0.00011     // X 
#Y 	  -0.00009     1.05685    -0.00009     // Y 
#Z 	  -0.00011    -0.00008     1.00000     // Z 
#SX 	   0.22109     0.02946     0.02975     // SX 
#SY 	   0.02946    -0.29517     0.02946     // SY 
#SZ 	   0.02975     0.02946     0.22109     // SZ 
#EPA 	  -4.14663     // Energy per Atom 
#C 	1 1 1 
#W 	20.0 
#RCUT 	6.5        // Rcut 
PD     -0.00906     -0.00732     -0.00906      0.12481      0.13307      0.12481
PD      0.25799      0.25627     -0.00847      0.00189     -0.02684      0.05218
PD      0.25790     -0.00669      0.25790      0.01501      0.06290      0.01501
PD     -0.00847      0.25627      0.25799      0.05218     -0.02684      0.00189
FE     -0.00689     -0.00443      0.51036     -0.00992     -0.05678      0.02883
FE      0.25714      0.25512      0.51033     -0.02118      0.00911     -0.01582
FE      0.25731     -0.00419      0.73984     -0.01971     -0.09588     -0.02512
FE     -0.00651      0.25515      0.73955     -0.05814      0.01591     -0.00680
FE     -0.00496      0.50814     -0.00496     -0.04592      0.02881     -0.04592
FE      0.25572      0.74182     -0.00471     -0.00542     -0.01215     -0.07518
FE      0.25535      0.50797      0.25535      0.01280      0.00060      0.01280
FE     -0.00471      0.74182      0.25572     -0.07518     -0.01215     -0.00542
FE     -0.00134      0.50530      0.50596     -0.03387      0.03449      0.03705
FE      0.25146      0.74418      0.50573      0.03576     -0.00283      0.06659
FE      0.25168      0.50528      0.74386      0.01794      0.06763     -0.02129
FE     -0.00128      0.74436      0.74374     -0.03253     -0.06707     -0.05067
FE      0.51036     -0.00443     -0.00689      0.02883     -0.05678     -0.00992
FE      0.73955      0.25515     -0.00651     -0.00680      0.01591     -0.05814
FE      0.73984     -0.00419      0.25731     -0.02512     -0.09588     -0.01971
FE      0.51033      0.25512      0.25714     -0.01582      0.00911     -0.02118
FE      0.50846     -0.00075      0.50846     -0.06118     -0.08829     -0.06118
FE      0.74134      0.25133      0.50840      0.08076      0.05249     -0.02631
FE      0.74153     -0.00076      0.74153      0.00355     -0.07684      0.00355
FE      0.50840      0.25133      0.74134     -0.02631      0.05249      0.08076
FE      0.50596      0.50530     -0.00134      0.03705      0.03449     -0.03387
FE      0.74374      0.74436     -0.00128     -0.05067     -0.06707     -0.03253
FE      0.74386      0.50528      0.25168     -0.02129      0.06763      0.01794
FE      0.50573      0.74418      0.25146      0.06659     -0.00283      0.03576
FE      0.50137      0.50080      0.50137      0.04232      0.09032      0.04232
FE      0.74850      0.74872      0.50132     -0.03940     -0.03906      0.04834
FE      0.74837      0.50079      0.74837     -0.01933      0.09133     -0.01933
FE      0.50132      0.74872      0.74850      0.04834     -0.03906     -0.03940
