/* Converted from PWscf output file */ 
#L_UNITS ang 
#E_UNITS eV 
#S_UNITS GPA 
#F_UNITS EV/ANG 
#ALAT 	   6.88626     // a0 
#X 	   1.00000     0.00000     0.00000     // X 
#Y 	   0.00000     1.05388     0.00000     // Y 
#Z 	   0.00000     0.00000     1.00000     // Z 
#SX 	   0.03165    -0.02144    -0.01123     // SX 
#SY 	  -0.02144     0.04200     0.01065     // SY 
#SZ 	  -0.01123     0.01065     0.02960     // SZ 
#EPA 	  -4.23021     // Energy per Atom 
#C 	1 1 1 
#W 	20.0 
#RCUT 	6.5        // Rcut 
PD      0.00473     -0.00541     -0.00234     -0.52893      0.60727      0.26111
FE      0.25521      0.25520      0.00000     -0.02868     -0.00901     -0.00062
FE      0.25703      0.00000      0.25703      0.02510      0.00104      0.03916
FE      0.00000      0.25520      0.25521      0.00279     -0.08607     -0.08639
FE      0.00000      0.00000      0.50000     -0.00408     -0.00084     -0.00771
FE      0.25049      0.25094      0.50000     -0.00308     -0.00058     -0.00368
FE      0.25703      0.00000      0.74297      0.10706      0.00258     -0.11243
FE      0.00000      0.25520      0.74479      0.00222     -0.03710      0.04945
FE      0.00000      0.50000      0.00000     -0.00285     -0.01679      0.00155
FE      0.25521      0.74480      0.00000      0.12644     -0.14517      0.00060
FE      0.25085      0.50000      0.25085      0.00308     -0.00202     -0.00057
FE      0.00000      0.74480      0.25521      0.00079     -0.03952      0.04285
FE      0.00000      0.50000      0.50000     -0.00121     -0.01401     -0.00350
FE      0.25049      0.74906      0.50000      0.00466     -0.00404     -0.00419
FE      0.25085      0.50000      0.74915      0.00227     -0.00228     -0.00085
FE      0.00000      0.74480      0.74479     -0.00015     -0.10706     -0.09663
FE      0.50000      0.00000      0.00000      0.01603     -0.00112      0.00207
FE      0.74479      0.25520      0.00000      0.10321     -0.10801     -0.00163
FE      0.74297      0.00000      0.25703      0.09674     -0.00141     -0.09991
FE      0.50000      0.25094      0.25049      0.00649     -0.00232     -0.00422
FE      0.50000      0.00000      0.50000      0.02568      0.00074     -0.01278
FE      0.74951      0.25094      0.50000      0.00471     -0.00284     -0.00315
FE      0.74297      0.00000      0.74297      0.03205     -0.00048      0.04427
FE      0.50000      0.25094      0.74951      0.00709     -0.00089      0.00313
FE      0.50000      0.50000      0.00000      0.00718     -0.01408      0.00055
FE      0.74479      0.74480      0.00000     -0.01790     -0.00854     -0.00046
FE      0.74915      0.50000      0.25085     -0.00054     -0.00131      0.00175
FE      0.50000      0.74906      0.25049      0.00747     -0.00134      0.00366
FE      0.50000      0.50000      0.50000      0.00070      0.00029     -0.00053
FE      0.74951      0.74906      0.50000     -0.00297     -0.00052     -0.00350
FE      0.74915      0.50000      0.74915      0.00024     -0.00147     -0.00293
FE      0.50000      0.74906      0.74951      0.00839     -0.00311     -0.00448
