/* Converted from PWscf output file */ 
#L_UNITS ang 
#E_UNITS eV 
#S_UNITS GPA 
#F_UNITS EV/ANG 
#ALAT 	  13.67693     // a0 
#X 	   1.00000     0.00000     0.00000     // X 
#Y 	   0.00000     1.05690    -0.00006     // Y 
#Z 	   0.00000    -0.00006     1.00039     // Z 
#SX 	   0.11215    -0.00000    -0.00000     // SX 
#SY 	  -0.00000    -0.02333    -0.00963     // SY 
#SZ 	  -0.00000    -0.00963     0.10850     // SZ 
#EPA 	  -4.27827     // Energy per Atom 
#C 	1 1 1 
#W 	1.0 
#RCUT 	6.5        // Rcut 
RU      0.06248      0.06072      0.06417     -0.00209     -0.00017      0.03418
FE      0.19113      0.18874      0.06522     -0.03866     -0.02089     -0.02092
FE      0.19080      0.06223      0.19096     -0.04169     -0.00641     -0.03389
FE      0.06244      0.18893      0.18927     -0.00054     -0.03112     -0.00869
FE      0.06247      0.06237      0.31294     -0.00068     -0.00610     -0.00296
FE      0.18795      0.18776      0.31296      0.00987      0.00147      0.01238
FE      0.18762      0.06245      0.43748      0.00644     -0.00304      0.00420
FE      0.06248      0.18759      0.43754      0.00072      0.00130      0.00283
FE      0.06248      0.06241      0.56246      0.00072     -0.00130     -0.00283
FE      0.18762      0.18755      0.56252      0.00644      0.00304     -0.00420
FE      0.18795      0.06224      0.68704      0.00987     -0.00147     -0.01238
FE      0.06247      0.18763      0.68706     -0.00068      0.00610      0.00296
FE      0.06244      0.06107      0.81073     -0.00054      0.03112      0.00869
FE      0.19080      0.18777      0.80904     -0.04169      0.00641      0.03389
FE      0.19113      0.06126      0.93478     -0.03866      0.02088      0.02092
RU      0.06248      0.18928      0.93583     -0.00209      0.00017     -0.03418
FE      0.06248      0.31429      0.06379     -0.00049     -0.01863     -0.02235
FE      0.18771      0.43778      0.06264      0.00459      0.00864      0.00287
FE      0.18800      0.31294      0.18820      0.00605      0.00725      0.00610
FE      0.06247      0.43791      0.18792      0.00018      0.00509      0.00495
FE      0.06248      0.31296      0.31290      0.00091      0.00525      0.00807
FE      0.18762      0.43772      0.31270      0.00868      0.01134      0.01039
FE      0.18761      0.31260      0.43764      0.00820      0.01069      0.00608
FE      0.06248      0.43761      0.43757      0.00050      0.01112      0.00442
FE      0.06248      0.31259      0.56244      0.00062      0.00817     -0.00186
FE      0.18760      0.43765      0.56233      0.00880      0.01363     -0.00918
FE      0.18800      0.31286      0.68681      0.01219      0.01310     -0.01448
FE      0.06248      0.43810      0.68696      0.00057      0.01200     -0.01259
FE      0.06247      0.31509      0.81023     -0.00070     -0.03703      0.02957
FE      0.18780      0.43796      0.81217      0.00840      0.01432     -0.00717
FE      0.18896      0.31424      0.93732     -0.02807     -0.02478     -0.00679
FE      0.06247      0.43790      0.93753      0.00003      0.00870     -0.00335
FE      0.06248      0.56247      0.06248      0.00055      0.00578      0.00365
FE      0.18754      0.68752      0.06248      0.00387     -0.00461      0.00137
FE      0.18756      0.56258      0.18763      0.00407      0.00576      0.00402
FE      0.06248      0.68751      0.18755      0.00053     -0.00481      0.00401
FE      0.06248      0.56253      0.31254      0.00069      0.00729      0.00786
FE      0.18758      0.68741      0.31262      0.00524     -0.00752      0.00742
FE      0.18754      0.56249      0.43755      0.00339      0.00532      0.00165
FE      0.06248      0.68744      0.43759      0.00061     -0.01020      0.00682
FE      0.06248      0.56256      0.56241      0.00061      0.01020     -0.00682
FE      0.18754      0.68751      0.56245      0.00339     -0.00532     -0.00165
FE      0.18758      0.56259      0.68738      0.00524      0.00752     -0.00743
FE      0.06248      0.68747      0.68746      0.00069     -0.00729     -0.00786
FE      0.06248      0.56249      0.81245      0.00053      0.00481     -0.00401
FE      0.18756      0.68742      0.81237      0.00407     -0.00576     -0.00402
FE      0.18754      0.56248      0.93752      0.00387      0.00461     -0.00137
FE      0.06248      0.68753      0.93752      0.00055     -0.00578     -0.00365
FE      0.06247      0.81210      0.06247      0.00004     -0.00870      0.00334
FE      0.18896      0.93576      0.06268     -0.02806      0.02479      0.00679
FE      0.18780      0.81204      0.18783      0.00840     -0.01432      0.00717
FE      0.06247      0.93491      0.18977     -0.00070      0.03703     -0.02957
FE      0.06248      0.81190      0.31304      0.00058     -0.01200      0.01259
FE      0.18800      0.93714      0.31319      0.01219     -0.01310      0.01448
FE      0.18760      0.81235      0.43767      0.00881     -0.01363      0.00918
FE      0.06248      0.93741      0.43756      0.00062     -0.00817      0.00186
FE      0.06248      0.81239      0.56243      0.00050     -0.01112     -0.00442
FE      0.18761      0.93740      0.56236      0.00820     -0.01069     -0.00608
FE      0.18762      0.81228      0.68730      0.00869     -0.01134     -0.01039
FE      0.06248      0.93704      0.68710      0.00091     -0.00525     -0.00807
FE      0.06247      0.81209      0.81208      0.00018     -0.00509     -0.00495
FE      0.18800      0.93706      0.81180      0.00605     -0.00725     -0.00610
FE      0.18771      0.81222      0.93736      0.00459     -0.00864     -0.00288
FE      0.06248      0.93571      0.93621     -0.00049      0.01863      0.02235
FE      0.31330      0.06229      0.06278      0.00175     -0.00271      0.00599
FE      0.43749      0.18759      0.06255      0.00527      0.00124      0.00474
FE      0.43770      0.06238      0.18778      0.01190     -0.00712      0.01138
FE      0.31415      0.18770      0.18909      0.01335     -0.00016      0.01028
FE      0.31410      0.06239      0.31411      0.01916     -0.00630      0.01955
FE      0.43813      0.18763      0.31305      0.02744      0.00735      0.02844
FE      0.43801      0.06244      0.43795      0.03458     -0.00806      0.02330
FE      0.31275      0.18762      0.43776      0.01741      0.00764      0.00990
FE      0.31275      0.06238      0.56224      0.01741     -0.00764     -0.00990
FE      0.43801      0.18756      0.56205      0.03458      0.00806     -0.02331
FE      0.43813      0.06237      0.68695      0.02744     -0.00734     -0.02844
FE      0.31410      0.18761      0.68589      0.01916      0.00630     -0.01955
FE      0.31415      0.06230      0.81091      0.01335      0.00016     -0.01028
FE      0.43770      0.18762      0.81222      0.01190      0.00712     -0.01138
FE      0.43749      0.06241      0.93745      0.00527     -0.00124     -0.00474
FE      0.31330      0.18771      0.93722      0.00175      0.00271     -0.00599
FE      0.31328      0.31304      0.06281      0.00575      0.00377      0.00651
FE      0.43769      0.43766      0.06253      0.01122      0.01172      0.00641
FE      0.43787      0.31266      0.18778      0.01437      0.01371      0.01380
FE      0.31266      0.43770      0.18764      0.01011      0.01176      0.00973
FE      0.31277      0.31264      0.31278      0.01697      0.01611      0.01650
FE      0.43757      0.43759      0.31251      0.00603      0.00894      0.00651
FE      0.43760      0.31255      0.43754      0.01413      0.01488      0.00159
FE      0.31255      0.43759      0.43754      0.01125      0.01162      0.00072
FE      0.31277      0.31263      0.56222      0.02081      0.01830     -0.01204
FE      0.43756      0.43756      0.56245      0.00583      0.00847     -0.00389
FE      0.43779      0.31261      0.68729      0.01468      0.01502     -0.01503
FE      0.31260      0.43763      0.68741      0.01193      0.01214     -0.01046
FE      0.31308      0.31280      0.81204      0.01177      0.01238     -0.01193
FE      0.43768      0.43764      0.81239      0.01018      0.01082     -0.00817
FE      0.43766      0.31264      0.93748      0.00615      0.00820     -0.00498
FE      0.31301      0.43806      0.93749      0.00632      0.00503     -0.00456
FE      0.31260      0.56259      0.06251      0.00583      0.00602      0.00419
FE      0.43760      0.68747      0.06248      0.00798     -0.00781      0.00185
FE      0.43758      0.56250      0.18755      0.00470      0.00358      0.00362
FE      0.31263      0.68739      0.18759      0.00869     -0.00763      0.00644
FE      0.31253      0.56250      0.31253      0.00715      0.00346      0.00606
FE      0.43756      0.68750      0.31250      0.00420     -0.00483      0.00510
FE      0.43754      0.56248      0.43753      0.00302      0.00331      0.00090
FE      0.31252      0.68750      0.43755      0.00485     -0.00454      0.00217
FE      0.31252      0.56250      0.56245      0.00485      0.00455     -0.00217
FE      0.43754      0.68752      0.56247      0.00302     -0.00331     -0.00090
FE      0.43756      0.56250      0.68750      0.00420      0.00483     -0.00510
FE      0.31253      0.68750      0.68747      0.00715     -0.00346     -0.00606
FE      0.31263      0.56261      0.81241      0.00868      0.00763     -0.00644
FE      0.43758      0.68750      0.81245      0.00470     -0.00358     -0.00362
FE      0.43760      0.56253      0.93752      0.00798      0.00781     -0.00186
FE      0.31260      0.68741      0.93749      0.00583     -0.00602     -0.00419
FE      0.31301      0.81194      0.06251      0.00632     -0.00503      0.00456
FE      0.43766      0.93736      0.06252      0.00615     -0.00820      0.00498
FE      0.43768      0.81236      0.18761      0.01018     -0.01082      0.00817
FE      0.31308      0.93720      0.18796      0.01177     -0.01238      0.01193
FE      0.31260      0.81237      0.31259      0.01193     -0.01214      0.01046
FE      0.43779      0.93739      0.31271      0.01468     -0.01502      0.01503
FE      0.43756      0.81244      0.43755      0.00583     -0.00847      0.00389
FE      0.31277      0.93737      0.43778      0.02081     -0.01831      0.01204
FE      0.31255      0.81241      0.56246      0.01125     -0.01162     -0.00072
FE      0.43760      0.93745      0.56246      0.01413     -0.01488     -0.00159
FE      0.43757      0.81241      0.68749      0.00603     -0.00895     -0.00651
FE      0.31277      0.93736      0.68722      0.01697     -0.01611     -0.01651
FE      0.31266      0.81230      0.81236      0.01011     -0.01176     -0.00973
FE      0.43787      0.93734      0.81222      0.01437     -0.01371     -0.01380
FE      0.43769      0.81234      0.93747      0.01121     -0.01172     -0.00641
FE      0.31328      0.93696      0.93719      0.00575     -0.00377     -0.00651
FE      0.56248      0.06245      0.06249      0.00091     -0.00205      0.00163
FE      0.68756      0.18759      0.06255     -0.00645      0.00144      0.00565
FE      0.68735      0.06238      0.18779     -0.01226     -0.00647      0.01173
FE      0.56248      0.18756      0.18760      0.00056      0.00255      0.00678
FE      0.56248      0.06244      0.31259      0.00061     -0.00732      0.01507
FE      0.68691      0.18762      0.31306     -0.02993      0.00666      0.02934
FE      0.68704      0.06244      0.43795     -0.03589     -0.00739      0.02293
FE      0.56248      0.18756      0.43756      0.00064      0.00750      0.00698
FE      0.56248      0.06244      0.56244      0.00064     -0.00750     -0.00698
FE      0.68704      0.18756      0.56205     -0.03589      0.00739     -0.02293
FE      0.68691      0.06238      0.68694     -0.02993     -0.00666     -0.02934
FE      0.56248      0.18756      0.68741      0.00061      0.00732     -0.01507
FE      0.56248      0.06244      0.81240      0.00056     -0.00255     -0.00678
FE      0.68735      0.18762      0.81221     -0.01226      0.00647     -0.01173
FE      0.68756      0.06241      0.93745     -0.00645     -0.00144     -0.00565
FE      0.56248      0.18755      0.93751      0.00091      0.00205     -0.00164
FE      0.56248      0.31251      0.06250      0.00058      0.00679      0.00317
FE      0.68736      0.43766      0.06254     -0.01209      0.01162      0.00671
FE      0.68718      0.31266      0.18778     -0.01587      0.01450      0.01365
FE      0.56248      0.43758      0.18757      0.00043      0.01210      0.00819
FE      0.56248      0.31256      0.31257      0.00081      0.01784      0.01586
FE      0.68748      0.43759      0.31251     -0.00684      0.00890      0.00668
FE      0.68745      0.31255      0.43754     -0.01524      0.01515      0.00148
FE      0.56248      0.43756      0.43753      0.00057      0.00441      0.00091
FE      0.56248      0.31254      0.56242      0.00058      0.01138     -0.01040
FE      0.68750      0.43756      0.56245     -0.00656      0.00848     -0.00390
FE      0.68726      0.31262      0.68729     -0.01650      0.01539     -0.01578
FE      0.56248      0.43757      0.68747      0.00059      0.01119     -0.00951
FE      0.56248      0.31255      0.81241      0.00065      0.01210     -0.00775
FE      0.68738      0.43764      0.81239     -0.01096      0.01089     -0.00801
FE      0.68739      0.31264      0.93748     -0.00762      0.00886     -0.00512
FE      0.56248      0.43756      0.93753      0.00052      0.00800     -0.00202
FE      0.56248      0.56249      0.06248      0.00059      0.00466      0.00230
FE      0.68745      0.68747      0.06248     -0.00902     -0.00817      0.00198
FE      0.68747      0.56250      0.18755     -0.00554      0.00375      0.00360
FE      0.56248      0.68751      0.18754      0.00060     -0.00565      0.00198
FE      0.56248      0.56247      0.31250      0.00062      0.00321      0.00293
FE      0.68749      0.68750      0.31250     -0.00509     -0.00494      0.00518
FE      0.68751      0.56248      0.43753     -0.00385      0.00338      0.00089
FE      0.56248      0.68752      0.43753      0.00059     -0.00352      0.00152
FE      0.56248      0.56248      0.56247      0.00059      0.00352     -0.00152
FE      0.68751      0.68752      0.56247     -0.00385     -0.00338     -0.00089
FE      0.68749      0.56250      0.68750     -0.00509      0.00494     -0.00518
FE      0.56248      0.68753      0.68750      0.00062     -0.00321     -0.00293
FE      0.56248      0.56249      0.81246      0.00060      0.00566     -0.00198
FE      0.68747      0.68750      0.81245     -0.00555     -0.00375     -0.00360
FE      0.68745      0.56253      0.93752     -0.00902      0.00817     -0.00199
FE      0.56248      0.68751      0.93752      0.00059     -0.00466     -0.00230
FE      0.56248      0.81244      0.06247      0.00052     -0.00800      0.00202
FE      0.68739      0.93736      0.06252     -0.00762     -0.00886      0.00512
FE      0.68738      0.81236      0.18761     -0.01096     -0.01089      0.00801
FE      0.56248      0.93745      0.18759      0.00065     -0.01210      0.00775
FE      0.56248      0.81243      0.31253      0.00059     -0.01119      0.00951
FE      0.68726      0.93738      0.31271     -0.01650     -0.01540      0.01578
FE      0.68750      0.81244      0.43755     -0.00656     -0.00848      0.00390
FE      0.56248      0.93746      0.43758      0.00058     -0.01138      0.01040
FE      0.56248      0.81244      0.56247      0.00057     -0.00441     -0.00091
FE      0.68745      0.93745      0.56246     -0.01524     -0.01515     -0.00147
FE      0.68748      0.81241      0.68749     -0.00684     -0.00890     -0.00668
FE      0.56248      0.93744      0.68743      0.00081     -0.01784     -0.01585
FE      0.56248      0.81242      0.81243      0.00043     -0.01210     -0.00820
FE      0.68718      0.93734      0.81222     -0.01587     -0.01450     -0.01364
FE      0.68736      0.81234      0.93746     -0.01209     -0.01161     -0.00671
FE      0.56248      0.93749      0.93750      0.00058     -0.00680     -0.00317
FE      0.81165      0.06228      0.06277     -0.00175     -0.00288      0.00554
FE      0.93382      0.18874      0.06523      0.03795     -0.02103     -0.02044
FE      0.93413      0.06223      0.19096      0.04210     -0.00781     -0.03548
FE      0.81083      0.18773      0.18910     -0.00669      0.00132      0.01020
FE      0.81090      0.06238      0.31411     -0.01492     -0.00650      0.02198
FE      0.93708      0.18776      0.31297     -0.01234      0.00136      0.01372
FE      0.93743      0.06245      0.43748     -0.00754     -0.00295      0.00491
FE      0.81221      0.18762      0.43776     -0.01691      0.00798      0.01040
FE      0.81221      0.06238      0.56224     -0.01691     -0.00798     -0.01039
FE      0.93743      0.18755      0.56252     -0.00754      0.00295     -0.00491
FE      0.93708      0.06224      0.68703     -0.01234     -0.00136     -0.01372
FE      0.81090      0.18762      0.68589     -0.01492      0.00650     -0.02197
FE      0.81083      0.06227      0.81090     -0.00669     -0.00132     -0.01020
FE      0.93413      0.18777      0.80904      0.04210      0.00781      0.03548
FE      0.93382      0.06126      0.93477      0.03795      0.02103      0.02044
FE      0.81165      0.18772      0.93723     -0.00175      0.00288     -0.00554
FE      0.81169      0.31304      0.06280     -0.00373      0.00421      0.00668
FE      0.93734      0.43778      0.06265     -0.00576      0.00861      0.00311
FE      0.93705      0.31296      0.18820     -0.00809      0.00875      0.00643
FE      0.81229      0.43770      0.18764     -0.00943      0.01214      0.00993
FE      0.81219      0.31264      0.31278     -0.01533      0.01604      0.01645
FE      0.93743      0.43772      0.31270     -0.00964      0.01137      0.01066
FE      0.93745      0.31260      0.43764     -0.00913      0.01091      0.00597
FE      0.81241      0.43759      0.43754     -0.01022      0.01178      0.00088
FE      0.81219      0.31262      0.56222     -0.01970      0.01796     -0.01262
FE      0.93745      0.43765      0.56233     -0.00929      0.01365     -0.00920
FE      0.93704      0.31286      0.68680     -0.01499      0.01396     -0.01520
FE      0.81236      0.43764      0.68741     -0.01093      0.01240     -0.01032
FE      0.81187      0.31280      0.81204     -0.01098      0.01277     -0.01276
FE      0.93725      0.43796      0.81217     -0.00903      0.01432     -0.00690
FE      0.93603      0.31424      0.93731      0.02550     -0.02513     -0.00678
FE      0.81194      0.43806      0.93750     -0.00509      0.00579     -0.00402
FE      0.81236      0.56259      0.06251     -0.00455      0.00593      0.00412
FE      0.93751      0.68752      0.06248     -0.00480     -0.00485      0.00143
FE      0.93749      0.56259      0.18763     -0.00496      0.00588      0.00404
FE      0.81233      0.68740      0.18759     -0.00744     -0.00737      0.00655
FE      0.81243      0.56250      0.31253     -0.00591      0.00338      0.00606
FE      0.93747      0.68740      0.31262     -0.00631     -0.00764      0.00749
FE      0.93751      0.56249      0.43755     -0.00412      0.00538      0.00166
FE      0.81244      0.68750      0.43755     -0.00368     -0.00449      0.00223
FE      0.81244      0.56250      0.56245     -0.00369      0.00449     -0.00223
FE      0.93751      0.68751      0.56245     -0.00411     -0.00538     -0.00166
FE      0.93747      0.56260      0.68738     -0.00631      0.00764     -0.00749
FE      0.81243      0.68750      0.68747     -0.00591     -0.00338     -0.00606
FE      0.81233      0.56260      0.81241     -0.00744      0.00738     -0.00655
FE      0.93749      0.68741      0.81237     -0.00496     -0.00588     -0.00404
FE      0.93751      0.56248      0.93752     -0.00480      0.00486     -0.00143
FE      0.81236      0.68741      0.93749     -0.00455     -0.00593     -0.00412
FE      0.81194      0.81194      0.06250     -0.00509     -0.00579      0.00402
FE      0.93603      0.93576      0.06269      0.02550      0.02513      0.00678
FE      0.93725      0.81204      0.18783     -0.00903     -0.01432      0.00690
FE      0.81187      0.93720      0.18796     -0.01098     -0.01277      0.01276
FE      0.81236      0.81236      0.31259     -0.01093     -0.01240      0.01032
FE      0.93704      0.93714      0.31320     -0.01499     -0.01396      0.01520
FE      0.93745      0.81235      0.43767     -0.00929     -0.01365      0.00920
FE      0.81219      0.93738      0.43778     -0.01970     -0.01796      0.01262
FE      0.81241      0.81241      0.56246     -0.01022     -0.01178     -0.00088
FE      0.93745      0.93740      0.56236     -0.00913     -0.01091     -0.00596
FE      0.93743      0.81228      0.68730     -0.00964     -0.01137     -0.01066
FE      0.81219      0.93736      0.68722     -0.01533     -0.01604     -0.01645
FE      0.81229      0.81229      0.81236     -0.00943     -0.01214     -0.00993
FE      0.93705      0.93704      0.81180     -0.00809     -0.00875     -0.00643
FE      0.93734      0.81222      0.93735     -0.00576     -0.00861     -0.00311
FE      0.81169      0.93696      0.93720     -0.00372     -0.00421     -0.00668
