/* Converted from PWscf output file */ 
#L_UNITS ang 
#E_UNITS eV 
#S_UNITS GPA 
#F_UNITS EV/ANG 
#ALAT 	  13.68286     // a0 
#X 	   1.00000     0.00000     0.00000     // X 
#Y 	   0.00000     1.05690    -0.00004     // Y 
#Z 	   0.00000    -0.00003     1.00052     // Z 
#SX 	   0.16771    -0.00000     0.00000     // SX 
#SY 	  -0.00000     0.00160    -0.01225     // SY 
#SZ 	   0.00000    -0.01225     0.16217     // SZ 
#EPA 	  -4.28634     // Energy per Atom 
#C 	1 1 1 
#W 	1.0 
#RCUT 	6.5        // Rcut 
RU      0.06248      0.06078      0.06421     -0.00162      0.00659      0.02574
FE      0.19121      0.18880      0.06538     -0.04000     -0.01805     -0.01867
FE      0.19083      0.06226      0.19098     -0.04137     -0.00338     -0.03612
FE      0.06245      0.18898      0.18930     -0.00040     -0.02868     -0.01109
FE      0.06247      0.06245      0.31293     -0.00057     -0.00357     -0.00542
FE      0.18802      0.18786      0.31284      0.01614      0.00941      0.00569
FE      0.18796      0.06268      0.43698      0.01333      0.00102     -0.00284
FE      0.06248      0.18798      0.43714      0.00081      0.00436     -0.00227
FE      0.06248      0.06397      0.56114     -0.00002     -0.02971      0.01803
FE      0.18779      0.18780      0.56234      0.00953      0.00944     -0.00776
FE      0.18921      0.06374      0.68706     -0.01216     -0.03355     -0.01421
FE      0.06247      0.18802      0.68705     -0.00104      0.01097      0.00327
FE      0.06246      0.06258      0.81201     -0.00139      0.00360     -0.01068
FE      0.19097      0.18802      0.80918     -0.04394      0.01375      0.04216
FE      0.19151      0.06152      0.93529     -0.03505      0.02816      0.03421
RU      0.06248      0.18978      0.93632     -0.00167     -0.00929     -0.02818
FE      0.06248      0.31444      0.06394     -0.00044     -0.01116     -0.01758
FE      0.18773      0.43778      0.06267      0.00693      0.00973      0.00620
FE      0.18801      0.31296      0.18822      0.00932      0.01316      0.00775
FE      0.06247      0.43793      0.18794      0.00021      0.00715      0.00688
FE      0.06248      0.31301      0.31286      0.00098      0.01315      0.00325
FE      0.18764      0.43772      0.31268      0.01021      0.01151      0.00820
FE      0.18764      0.31270      0.43753      0.01153      0.01631      0.00265
FE      0.06248      0.43761      0.43755      0.00056      0.01112      0.00271
FE      0.06248      0.31259      0.56242      0.00062      0.01209     -0.00538
FE      0.18760      0.43765      0.56233      0.00980      0.01378     -0.01065
FE      0.18801      0.31287      0.68680      0.01516      0.01721     -0.01565
FE      0.06248      0.43811      0.68695      0.00062      0.01299     -0.01355
FE      0.06247      0.31511      0.81020     -0.00062     -0.03551      0.03368
FE      0.18780      0.43797      0.81216      0.00973      0.01477     -0.00643
FE      0.18904      0.31439      0.93743     -0.02642     -0.02056     -0.00280
FE      0.06248      0.43790      0.93755      0.00009      0.00937     -0.00187
FE      0.06248      0.56241      0.06253      0.00060     -0.00122      0.00902
FE      0.18760      0.68743      0.06260      0.00935     -0.01230      0.00893
FE      0.18756      0.56257      0.18763      0.00598      0.00122      0.00409
FE      0.06248      0.68749      0.18755      0.00061     -0.00923      0.00409
FE      0.06248      0.56247      0.31250      0.00066      0.00045      0.00241
FE      0.18764      0.68732      0.31249      0.01077     -0.01477     -0.00005
FE      0.18758      0.56238      0.43744      0.00685     -0.00001     -0.00170
FE      0.06248      0.68703      0.43717      0.00091     -0.01573      0.00082
FE      0.06248      0.56255      0.56240      0.00063      0.00713     -0.00970
FE      0.18772      0.68727      0.56228      0.00603     -0.01111     -0.00428
FE      0.18759      0.56259      0.68738      0.00796      0.00448     -0.00765
FE      0.06248      0.68713      0.68745      0.00047     -0.01134     -0.00775
FE      0.06248      0.56248      0.81246      0.00059      0.00151     -0.00126
FE      0.18773      0.68717      0.81253      0.00635     -0.01182     -0.00156
FE      0.18758      0.56237      0.93763      0.00742     -0.00089      0.00195
FE      0.06248      0.68714      0.93792      0.00066     -0.00952      0.00054
FE      0.06248      0.81201      0.06250      0.00008     -0.01218      0.00619
FE      0.18902      0.93576      0.06263     -0.02594      0.02655      0.01142
FE      0.18782      0.81201      0.18784      0.01103     -0.01767      0.00726
FE      0.06247      0.93490      0.18977     -0.00041      0.03782     -0.03029
FE      0.06248      0.81182      0.31302      0.00057     -0.01534      0.01105
FE      0.18807      0.93714      0.31324      0.01667     -0.01391      0.01089
FE      0.18795      0.81212      0.43717      0.01610     -0.01804      0.00173
FE      0.06247      0.93741      0.43714     -0.00053     -0.00813      0.00604
FE      0.06245      0.81081      0.56099     -0.00032      0.01846      0.01648
FE      0.19051      0.93741      0.55945     -0.03201     -0.01121      0.03446
FE      0.18894      0.81081      0.68733     -0.01391      0.02139     -0.00988
RU      0.06249      0.93692      0.68701     -0.00217      0.00795      0.00487
FE      0.06247      0.81061      0.81345     -0.00029      0.02486     -0.02709
FE      0.19093      0.93703      0.81477     -0.03241     -0.00914     -0.05109
FE      0.18805      0.81197      0.93785      0.01205     -0.01407      0.00487
FE      0.06248      0.93563      0.93666     -0.00123      0.01936      0.02294
FE      0.31349      0.06238      0.06300      0.01190      0.00434      0.01720
FE      0.43751      0.18762      0.06256      0.00909      0.00704      0.00811
FE      0.43776      0.06241      0.18779      0.02238      0.00080      0.01130
FE      0.31422      0.18774      0.18911      0.02205      0.00811      0.01160
FE      0.31433      0.06250      0.31390      0.03225      0.00200      0.00975
FE      0.43816      0.18766      0.31304      0.03202      0.01333      0.02549
FE      0.43825      0.06254      0.43774      0.04462     -0.00029      0.01395
FE      0.31283      0.18769      0.43767      0.02407      0.01505      0.00370
FE      0.31321      0.06260      0.56192      0.02328     -0.00457     -0.01593
FE      0.43813      0.18765      0.56199      0.04093      0.01466     -0.02842
FE      0.43816      0.06244      0.68694      0.03009     -0.00514     -0.02928
FE      0.31445      0.18797      0.68591      0.02200      0.00649     -0.02025
FE      0.31463      0.06253      0.81123      0.01983      0.00319     -0.00630
FE      0.43783      0.18771      0.81227      0.01899      0.01455     -0.00649
FE      0.43772      0.06251      0.93766      0.01606      0.00646      0.00561
FE      0.31336      0.18778      0.93729      0.00739      0.01114     -0.00009
FE      0.31331      0.31307      0.06283      0.00987      0.00780      0.00931
FE      0.43770      0.43765      0.06254      0.01307      0.01179      0.00788
FE      0.43788      0.31265      0.18778      0.01684      0.01633      0.01403
FE      0.31268      0.43770      0.18764      0.01124      0.01180      0.00970
FE      0.31279      0.31266      0.31276      0.02060      0.01954      0.01471
FE      0.43758      0.43758      0.31250      0.00755      0.00875      0.00502
FE      0.43763      0.31257      0.43752      0.01667      0.01811     -0.00129
FE      0.31258      0.43759      0.43751      0.01444      0.01121     -0.00235
FE      0.31288      0.31273      0.56219      0.02433      0.02318     -0.01554
FE      0.43759      0.43756      0.56244      0.00837      0.00832     -0.00520
FE      0.43784      0.31267      0.68729      0.02009      0.02156     -0.01529
FE      0.31261      0.43763      0.68741      0.01364      0.01183     -0.01057
FE      0.31318      0.31290      0.81208      0.01556      0.01829     -0.00869
FE      0.43771      0.43764      0.81240      0.01292      0.01081     -0.00695
FE      0.43769      0.31266      0.93749      0.00885      0.01186     -0.00234
FE      0.31305      0.43807      0.93752      0.01082      0.00619     -0.00149
FE      0.31262      0.56256      0.06253      0.00905      0.00290      0.00671
FE      0.43762      0.68743      0.06250      0.01161     -0.01411      0.00537
FE      0.43759      0.56249      0.18755      0.00652      0.00097      0.00346
FE      0.31268      0.68735      0.18759      0.01552     -0.01624      0.00603
FE      0.31255      0.56247      0.31250      0.01011     -0.00006      0.00342
FE      0.43758      0.68746      0.31248      0.00784     -0.01096      0.00132
FE      0.43757      0.56245      0.43751      0.00558     -0.00033     -0.00209
FE      0.31260      0.68742      0.43746      0.01149     -0.01278     -0.00446
FE      0.31263      0.56239      0.56242      0.00837     -0.00109     -0.00571
FE      0.43766      0.68744      0.56241      0.01020     -0.01045     -0.00652
FE      0.43761      0.56245      0.68750      0.00962     -0.00212     -0.00509
FE      0.31293      0.68710      0.68747      0.01205     -0.00701     -0.00617
FE      0.31274      0.56250      0.81244      0.01220      0.00228     -0.00309
FE      0.43770      0.68741      0.81251      0.01195     -0.01093      0.00192
FE      0.43763      0.56250      0.93753      0.01076      0.00432      0.00100
FE      0.31269      0.68733      0.93756      0.01243     -0.01418      0.00196
FE      0.31321      0.81185      0.06273      0.01706     -0.01181      0.01505
FE      0.43807      0.93736      0.06293      0.02791     -0.00822      0.02721
FE      0.43773      0.81232      0.18760      0.02006     -0.01890      0.00790
FE      0.31314      0.93721      0.18795      0.01758     -0.01215      0.01164
FE      0.31281      0.81227      0.31235      0.02259     -0.01978     -0.00081
FE      0.43820      0.93739      0.31230      0.03672     -0.01424     -0.00773
FE      0.43779      0.81234      0.43734      0.01670     -0.01655     -0.00660
FE      0.31414      0.93736      0.43640      0.03510     -0.01953      0.00022
FE      0.31304      0.81218      0.56212      0.01759     -0.01424     -0.00696
FE      0.43756      0.93746      0.56239      0.01877     -0.01449     -0.00566
FE      0.43760      0.81234      0.68749      0.00807     -0.01113     -0.00634
FE      0.31316      0.93737      0.68723      0.01281     -0.01468     -0.01570
FE      0.31314      0.81208      0.81270      0.01755     -0.01614     -0.00219
FE      0.43784      0.93734      0.81229      0.01958     -0.01427     -0.00962
FE      0.43792      0.81224      0.93768      0.02221     -0.02022      0.00430
FE      0.31460      0.93697      0.93851      0.01761     -0.00278      0.00534
FE      0.56248      0.06248      0.06254      0.00115      0.00624      0.01128
FE      0.68754      0.18762      0.06257     -0.01019      0.00717      0.00908
FE      0.68730      0.06241      0.18779     -0.02282      0.00161      0.01146
FE      0.56248      0.18759      0.18759      0.00062      0.00476      0.00654
FE      0.56248      0.06247      0.31253      0.00064      0.00093      0.00494
FE      0.68689      0.18766      0.31305     -0.03448      0.01264      0.02634
FE      0.68680      0.06254      0.43774     -0.04721      0.00065      0.01289
FE      0.56248      0.18760      0.43751      0.00070      0.01606      0.00088
FE      0.56248      0.06247      0.56243      0.00074     -0.00446     -0.00900
FE      0.68692      0.18765      0.56199     -0.04244      0.01402     -0.02781
FE      0.68688      0.06245      0.68693     -0.03274     -0.00399     -0.02996
FE      0.56248      0.18758      0.68741      0.00065      0.01124     -0.01520
FE      0.56248      0.06247      0.81242      0.00069      0.00055     -0.00448
FE      0.68723      0.18771      0.81227     -0.01940      0.01383     -0.00667
FE      0.68733      0.06251      0.93766     -0.01726      0.00656      0.00466
FE      0.56248      0.18760      0.93756      0.00093      0.01063      0.00483
FE      0.56248      0.31251      0.06250      0.00066      0.00918      0.00495
FE      0.68736      0.43765      0.06254     -0.01394      0.01165      0.00820
FE      0.68718      0.31266      0.18778     -0.01833      0.01715      0.01385
FE      0.56248      0.43758      0.18757      0.00048      0.01188      0.00806
FE      0.56248      0.31256      0.31256      0.00087      0.02028      0.01404
FE      0.68748      0.43758      0.31250     -0.00835      0.00867      0.00518
FE      0.68743      0.31257      0.43752     -0.01783      0.01845     -0.00144
FE      0.56248      0.43755      0.43751      0.00063      0.00410      0.00015
FE      0.56248      0.31255      0.56242      0.00066      0.01567     -0.01216
FE      0.68747      0.43756      0.56244     -0.00911      0.00821     -0.00521
FE      0.68721      0.31267      0.68728     -0.02206      0.02208     -0.01609
FE      0.56248      0.43757      0.68747      0.00066      0.01078     -0.00957
FE      0.56248      0.31256      0.81241      0.00075      0.01651     -0.00596
FE      0.68735      0.43764      0.81240     -0.01371      0.01078     -0.00673
FE      0.68737      0.31267      0.93749     -0.01029      0.01254     -0.00250
FE      0.56248      0.43756      0.93754      0.00057      0.00769     -0.00143
FE      0.56248      0.56249      0.06248      0.00066      0.00211      0.00396
FE      0.68743      0.68743      0.06250     -0.01271     -0.01446      0.00552
FE      0.68747      0.56250      0.18755     -0.00734      0.00116      0.00342
FE      0.56248      0.68748      0.18754      0.00066     -0.00804      0.00171
FE      0.56248      0.56247      0.31249      0.00065      0.00056      0.00106
FE      0.68747      0.68746      0.31248     -0.00882     -0.01118      0.00137
FE      0.68749      0.56245      0.43751     -0.00642     -0.00025     -0.00218
FE      0.56248      0.68748      0.43748      0.00076     -0.01253     -0.00537
FE      0.56248      0.56246      0.56247      0.00060     -0.00122     -0.00348
FE      0.68739      0.68743      0.56241     -0.01139     -0.01108     -0.00637
FE      0.68745      0.56245      0.68750     -0.01048     -0.00204     -0.00526
FE      0.56248      0.68751      0.68750      0.00063     -0.00735     -0.00307
FE      0.56248      0.56247      0.81246      0.00063      0.00088     -0.00015
FE      0.68735      0.68741      0.81251     -0.01323     -0.01152      0.00211
FE      0.68743      0.56251      0.93753     -0.01174      0.00469      0.00087
FE      0.56248      0.68746      0.93757      0.00071     -0.01340      0.00432
FE      0.56248      0.81241      0.06252      0.00064     -0.01618      0.01186
FE      0.68698      0.93736      0.06294     -0.03050     -0.00923      0.02779
FE      0.68733      0.81232      0.18760     -0.02091     -0.01899      0.00754
FE      0.56248      0.93745      0.18758      0.00093     -0.01212      0.00674
FE      0.56248      0.81239      0.31248      0.00053     -0.01945     -0.00086
FE      0.68685      0.93738      0.31230     -0.03930     -0.01518     -0.00683
FE      0.68726      0.81234      0.43733     -0.01807     -0.01618     -0.00742
FE      0.56248      0.93746      0.43752      0.00060     -0.01148      0.00448
FE      0.56248      0.81241      0.56246      0.00061     -0.00750     -0.00345
FE      0.68749      0.93746      0.56239     -0.02002     -0.01475     -0.00627
FE      0.68746      0.81234      0.68749     -0.00903     -0.01131     -0.00654
FE      0.56248      0.93744      0.68744      0.00119     -0.01779     -0.01576
FE      0.56248      0.81239      0.81244      0.00057     -0.01510     -0.00562
FE      0.68721      0.93734      0.81229     -0.02119     -0.01491     -0.00844
FE      0.68713      0.81224      0.93767     -0.02298     -0.01950      0.00396
FE      0.56248      0.93749      0.93757      0.00065     -0.00681      0.00286
FE      0.81147      0.06237      0.06299     -0.01074      0.00422      0.01676
FE      0.93374      0.18880      0.06539      0.03962     -0.01818     -0.01816
FE      0.93410      0.06225      0.19097      0.04169     -0.00481     -0.03772
FE      0.81077      0.18777      0.18913     -0.01483      0.00958      0.01143
FE      0.81067      0.06248      0.31390     -0.02729      0.00195      0.01161
FE      0.93702      0.18786      0.31286     -0.01848      0.00933      0.00704
FE      0.93708      0.06269      0.43698     -0.01585      0.00180     -0.00268
FE      0.81213      0.18769      0.43768     -0.02355      0.01554      0.00430
FE      0.81175      0.06260      0.56191     -0.02251     -0.00450     -0.01703
FE      0.93726      0.18780      0.56233     -0.01053      0.00932     -0.00840
FE      0.93577      0.06374      0.68704      0.00856     -0.03375     -0.01483
FE      0.81056      0.18798      0.68591     -0.01635      0.00663     -0.02288
FE      0.81037      0.06250      0.81122     -0.01217      0.00319     -0.00573
FE      0.93396      0.18802      0.80918      0.04453      0.01530      0.04398
FE      0.93346      0.06152      0.93527      0.03619      0.02837      0.03407
FE      0.81159      0.18779      0.93730     -0.00706      0.01125      0.00056
FE      0.81167      0.31307      0.06283     -0.00763      0.00820      0.00954
FE      0.93732      0.43778      0.06268     -0.00809      0.00968      0.00644
FE      0.93704      0.31298      0.18822     -0.01133      0.01469      0.00806
FE      0.81227      0.43770      0.18764     -0.01044      0.01220      0.00991
FE      0.81217      0.31266      0.31276     -0.01884      0.01946      0.01460
FE      0.93742      0.43772      0.31268     -0.01110      0.01153      0.00846
FE      0.93741      0.31270      0.43753     -0.01265      0.01661      0.00249
FE      0.81238      0.43759      0.43751     -0.01329      0.01142     -0.00220
FE      0.81208      0.31273      0.56218     -0.02288      0.02269     -0.01613
FE      0.93746      0.43765      0.56233     -0.01030      0.01380     -0.01069
FE      0.93703      0.31287      0.68679     -0.01801      0.01830     -0.01639
FE      0.81235      0.43763      0.68741     -0.01256      0.01208     -0.01042
FE      0.81178      0.31290      0.81207     -0.01431      0.01863     -0.00955
FE      0.93726      0.43797      0.81216     -0.01034      0.01474     -0.00612
FE      0.93595      0.31439      0.93742      0.02368     -0.02108     -0.00278
FE      0.81191      0.43807      0.93753     -0.00941      0.00702     -0.00091
FE      0.81234      0.56256      0.06253     -0.00765      0.00276      0.00660
FE      0.93746      0.68742      0.06261     -0.01057     -0.01261      0.00902
FE      0.93749      0.56257      0.18763     -0.00680      0.00132      0.00408
FE      0.81228      0.68735      0.18759     -0.01408     -0.01591      0.00620
FE      0.81241      0.56247      0.31250     -0.00884     -0.00019      0.00337
FE      0.93742      0.68731      0.31249     -0.01184     -0.01505      0.00006
FE      0.93748      0.56238      0.43744     -0.00756     -0.00003     -0.00180
FE      0.81236      0.68742      0.43746     -0.01029     -0.01282     -0.00448
FE      0.81233      0.56239      0.56242     -0.00734     -0.00137     -0.00583
FE      0.93733      0.68726      0.56228     -0.00749     -0.01211     -0.00451
FE      0.93746      0.56259      0.68738     -0.00915      0.00447     -0.00775
FE      0.81204      0.68711      0.68747     -0.01042     -0.00726     -0.00597
FE      0.81222      0.56249      0.81244     -0.01093      0.00187     -0.00331
FE      0.93732      0.68717      0.81254     -0.00800     -0.01237     -0.00123
FE      0.93748      0.56237      0.93763     -0.00813     -0.00067      0.00189
FE      0.81228      0.68733      0.93756     -0.01107     -0.01399      0.00212
FE      0.81175      0.81185      0.06273     -0.01478     -0.01250      0.01425
FE      0.93597      0.93576      0.06265      0.02320      0.02701      0.01216
FE      0.93724      0.81201      0.18783     -0.01167     -0.01767      0.00698
FE      0.81182      0.93721      0.18796     -0.01665     -0.01247      0.01246
FE      0.81215      0.81226      0.31235     -0.02195     -0.02029     -0.00149
FE      0.93697      0.93713      0.31324     -0.01979     -0.01477      0.01083
FE      0.93710      0.81212      0.43716     -0.01827     -0.01808      0.00080
FE      0.81085      0.93737      0.43641     -0.03073     -0.01919     -0.00121
FE      0.81191      0.81216      0.56211     -0.01743     -0.01555     -0.00840
FE      0.93442      0.93741      0.55945      0.03132     -0.00987      0.03600
FE      0.93604      0.81080      0.68731      0.00992      0.02081     -0.00974
FE      0.81179      0.93737      0.68724     -0.01291     -0.01465     -0.01565
FE      0.81182      0.81207      0.81270     -0.01643     -0.01710     -0.00221
FE      0.93401      0.93703      0.81477      0.03228     -0.00889     -0.05114
FE      0.93700      0.81198      0.93785     -0.01367     -0.01381      0.00442
FE      0.81041      0.93699      0.93852     -0.01107     -0.00343      0.00517
