/* Converted from PWscf output file */ 
#L_UNITS ang 
#E_UNITS eV 
#S_UNITS GPA 
#F_UNITS EV/ANG 
#ALAT 	  13.69922     // a0 
#X 	   1.00000     0.00001    -0.00000     // X 
#Y 	  -0.00001     1.05575    -0.00001     // Y 
#Z 	  -0.00000     0.00001     0.99999     // Z 
#SX 	  -0.01867     0.00015    -0.00015     // SX 
#SY 	   0.00015    -0.00773     0.00015     // SY 
#SZ 	  -0.00015     0.00015    -0.01867     // SZ 
#EPA 	  -4.29718     // Energy per Atom 
#C 	1 1 1 
#W 	1.0 
#RCUT 	6.5        // Rcut 
RU      0.06265      0.06257      0.06224     -0.00003     -0.00767      0.00088
FE      0.18870      0.18874      0.06272      0.00493     -0.00709      0.00556
FE      0.19044      0.06251      0.19007      0.00233      0.00175     -0.00193
FE      0.06251      0.18881      0.18877      0.00123     -0.01209      0.00235
FE      0.06292      0.06265      0.31256     -0.00260     -0.00535     -0.00164
FE      0.18778      0.18770      0.31266      0.00187     -0.01263     -0.00578
FE      0.18754      0.06247      0.43739      0.00144      0.00061     -0.00150
FE      0.06262      0.18782      0.43732     -0.00306     -0.01742     -0.00497
FE      0.06284      0.06261      0.56271     -0.00096     -0.00089     -0.00315
FE      0.18721      0.18740      0.56218      0.00778     -0.00033     -0.00141
FE      0.18749      0.06222      0.68774      0.01054      0.01371      0.00143
FE      0.06258      0.18750      0.68746      0.00473     -0.00240      0.00153
FE      0.06256      0.06249      0.81234      0.00289      0.00606      0.00163
FE      0.18751      0.18747      0.81230      0.00724     -0.00152     -0.00029
FE      0.19026      0.06243      0.93473      0.00571      0.00553      0.00016
FE      0.06229      0.18888      0.93640      0.00250     -0.00289     -0.00185
FE      0.06226      0.31260      0.06301     -0.00429      0.00603      0.00416
FE      0.18779      0.43740      0.06302     -0.00022      0.00231      0.00483
FE      0.18772      0.31265      0.18773      0.00148      0.00152      0.00226
FE      0.06277      0.43735      0.18795     -0.00288      0.00515      0.00155
FE      0.06224      0.31286      0.31252     -0.00247     -0.00131     -0.00867
FE      0.18759      0.43764      0.31256      0.00451     -0.00324     -0.00021
FE      0.18641      0.31260      0.43635      0.01582      0.00323      0.00776
FE      0.06228      0.43766      0.43735     -0.00067     -0.00108     -0.00311
FE      0.06269      0.31253      0.56231      0.00273      0.00769     -0.00385
FE      0.18730      0.43767      0.56192      0.00912     -0.00829     -0.00476
FE      0.18728      0.31252      0.68733      0.00799      0.00640     -0.00267
FE      0.06282      0.43743      0.68701      0.00361      0.00096     -0.00071
FE      0.06269      0.31264      0.81203     -0.00050      0.00617      0.00413
FE      0.18757      0.43763      0.81237      0.00536     -0.00429     -0.00137
FE      0.18680      0.31234      0.93863      0.00761      0.01113     -0.00653
FE      0.06355      0.43619      0.93771      0.00397      0.00994      0.00582
FE      0.06535      0.56249      0.06532      0.00421      0.00758      0.00473
FE      0.18800      0.68773      0.06279      0.00362     -0.01374      0.00114
FE      0.18876      0.56249      0.18875     -0.00773      0.01130     -0.00766
FE      0.06288      0.68767      0.18790      0.00444     -0.01135     -0.00001
FE      0.06263      0.56242      0.31238      0.00182      0.00976     -0.00163
FE      0.18786      0.68746      0.31270      0.00852     -0.00347     -0.00015
FE      0.18756      0.56250      0.43744      0.00581      0.00727     -0.00179
FE      0.06283      0.68717      0.43752     -0.00163      0.00345     -0.00018
FE      0.06253      0.56246      0.56246      0.00095      0.00637     -0.00527
FE      0.18775      0.68763      0.56224      0.00933     -0.00692     -0.00434
FE      0.18844      0.56284      0.68619     -0.00189     -0.00360      0.00495
FE      0.06285      0.68765      0.68706      0.00455     -0.01258      0.00048
FE      0.06522      0.56255      0.80980      0.00479      0.00493      0.00150
FE      0.18795      0.68771      0.81208      0.00533     -0.01609     -0.00027
FE      0.18787      0.56255      0.93760      0.00397      0.00671      0.00448
FE      0.06380      0.68887      0.93751      0.01036     -0.01036      0.00045
FE      0.06283      0.81225      0.06239      0.00369      0.00080     -0.00270
FE      0.18918      0.93617      0.06214      0.00884      0.00677     -0.00438
FE      0.18799      0.81221      0.18754      0.00738      0.00773     -0.00057
FE      0.06386      0.93608      0.18759     -0.00619      0.00187      0.01684
FE      0.06299      0.81202      0.31261      0.00375      0.01413     -0.00010
FE      0.18781      0.93731      0.31286      0.00558     -0.00269     -0.00191
FE      0.18763      0.81237      0.43759      0.00809      0.00922      0.00110
FE      0.06286      0.93745      0.43751      0.00188     -0.00423      0.00019
FE      0.06298      0.81233      0.56265      0.00294      0.00705     -0.00240
FE      0.18741      0.93741      0.56246      0.00675     -0.00653     -0.00247
FE      0.18788      0.81236      0.68750      0.01088      0.00267     -0.00063
FE      0.06375      0.93749      0.68862     -0.00337     -0.00681     -0.00923
FE      0.06281      0.81223      0.81215      0.00465      0.00230      0.00539
FE      0.18825      0.93730      0.81237      0.00938     -0.00482      0.00287
FE      0.18808      0.81255      0.93737      0.00373     -0.00484      0.00317
FE      0.06253      0.93604      0.93621      0.00374      0.00237     -0.00409
FE      0.31285      0.06243      0.06254     -0.00141      0.00744     -0.00399
FE      0.43752      0.18754      0.06247     -0.00128     -0.00359     -0.00038
FE      0.43725      0.06256      0.18739     -0.00169      0.00554     -0.00166
FE      0.31294      0.18774      0.18780     -0.00023     -0.00717     -0.00038
FE      0.31370      0.06243      0.31362     -0.00735      0.00202     -0.00905
FE      0.43762      0.18765      0.31260      0.00134     -0.00154      0.00208
FE      0.43791      0.06219      0.43756      0.00572      0.01041      0.00749
FE      0.31237      0.18743      0.43727      0.00434      0.00125      0.00353
FE      0.31238      0.06227      0.56232      0.00595      0.00952     -0.00011
FE      0.43745      0.18620      0.56129      0.00568      0.01337     -0.00429
FE      0.43770      0.06223      0.68730      0.00293      0.01188     -0.00200
FE      0.31147      0.18619      0.68730      0.00048      0.01250     -0.00084
FE      0.31363      0.06228      0.81143     -0.00268      0.01302      0.01115
FE      0.43774      0.18620      0.81358      0.00308      0.01132      0.00107
FE      0.43743      0.06217      0.93781     -0.00387      0.01662     -0.00332
FE      0.31267      0.18750      0.93766      0.00031     -0.00414     -0.00033
FE      0.31290      0.31275      0.06249     -0.00171     -0.00020      0.00349
FE      0.43756      0.43763      0.06249      0.00119     -0.00475      0.00103
FE      0.43761      0.31255      0.18761      0.00159      0.00547      0.00638
FE      0.31279      0.43756      0.18774      0.00315     -0.00510      0.00708
FE      0.31251      0.31254      0.31261      0.00326      0.00746      0.00151
FE      0.43751      0.43758      0.31251      0.00090     -0.00868      0.00631
FE      0.43750      0.31255      0.43712      0.00192      0.00917      0.00120
FE      0.31224      0.43773      0.43707      0.00758     -0.01149      0.00136
FE      0.30982      0.31251      0.55971      0.00571      0.00975     -0.00259
FE      0.43753      0.43887      0.56117     -0.00110     -0.00987     -0.00988
RU      0.43751      0.31253      0.68744      0.00226      0.00308     -0.00276
FE      0.31149      0.43883      0.68730      0.00023     -0.00552     -0.00862
FE      0.30996      0.31246      0.81518      0.00493      0.00952     -0.00062
FE      0.43754      0.43891      0.81373      0.00006     -0.00312      0.00305
FE      0.43764      0.31255      0.93788      0.00252      0.00905      0.00108
FE      0.31227      0.43779      0.93794      0.00049     -0.00769     -0.00080
FE      0.31240      0.56257      0.06265     -0.00001      0.00484      0.00312
FE      0.43754      0.68751      0.06250     -0.00004     -0.00996      0.00066
FE      0.43752      0.56247      0.18756      0.00050      0.00524      0.00467
FE      0.31281      0.68748      0.18769      0.00355     -0.00694      0.00359
FE      0.31285      0.56255      0.31278      0.00506      0.00411      0.00381
FE      0.43742      0.68751      0.31243     -0.00023     -0.00263      0.00307
FE      0.43747      0.56279      0.43714      0.00050     -0.00286      0.00398
FE      0.31252      0.68763      0.43742      0.00645     -0.00311      0.00021
FE      0.31273      0.56268      0.56190      0.00726     -0.00089     -0.00462
FE      0.43740      0.68748      0.56244      0.00009     -0.00334     -0.00531
FE      0.43750      0.56279      0.68745      0.00134     -0.00223     -0.00254
FE      0.31272      0.68755      0.68732      0.00505     -0.00936     -0.00252
FE      0.31231      0.56271      0.81252      0.00356     -0.00035     -0.00500
FE      0.43752      0.68749      0.81245     -0.00022     -0.01117     -0.00175
FE      0.43753      0.56284      0.93786      0.00067     -0.00320     -0.00201
FE      0.31257      0.68756      0.93757      0.00021     -0.01063      0.00005
FE      0.31295      0.81217      0.06248      0.00011      0.00543     -0.00186
FE      0.43713      0.93742      0.06209     -0.00519     -0.00496     -0.00306
FE      0.43740      0.81234      0.18740     -0.00095      0.00445      0.00294
FE      0.31296      0.93731      0.18777     -0.00075     -0.00330     -0.00005
FE      0.31257      0.81241      0.31251      0.00501      0.00431      0.00242
FE      0.43777      0.93737      0.31254      0.00257     -0.00899      0.00089
FE      0.43751      0.81240      0.43750      0.00246      0.00340      0.00187
FE      0.31265      0.93732      0.43761      0.00495     -0.00838      0.00241
FE      0.31255      0.81244      0.56245      0.00619      0.00243     -0.00233
FE      0.43760      0.93748      0.56250      0.00475     -0.01132     -0.00160
FE      0.43731      0.81239      0.68763     -0.00075      0.00149     -0.00139
FE      0.31270      0.93744      0.68730      0.00540     -0.00849     -0.00154
FE      0.31268      0.81245      0.81236      0.00506     -0.00369     -0.00067
FE      0.43732      0.93743      0.81267     -0.00219     -0.00843      0.00037
FE      0.43757      0.81236      0.93745     -0.00329     -0.00198     -0.00176
FE      0.31295      0.93725      0.93726     -0.00128     -0.00230      0.00075
FE      0.56230      0.06249      0.06237     -0.00454      0.00613     -0.00104
FE      0.68753      0.18747      0.06262     -0.00019     -0.00811      0.00307
FE      0.68723      0.06265      0.18714     -0.00247     -0.00439      0.00396
FE      0.56238      0.18758      0.18747     -0.00469     -0.00392      0.00159
FE      0.56205      0.06261      0.31209     -0.00086      0.00108      0.00016
FE      0.68729      0.18775      0.31231     -0.00206     -0.00960      0.00281
FE      0.68595      0.06385      0.43778     -0.01008     -0.01070      0.00345
FE      0.56242      0.18772      0.43710      0.00029     -0.00324      0.00561
FE      0.56217      0.06247      0.56263     -0.00287      0.00514     -0.00022
FE      0.68774      0.18757      0.56228     -0.00712     -0.00151     -0.00474
FE      0.68711      0.06234      0.68756     -0.01229      0.00717     -0.00693
FE      0.56365      0.18617      0.68753      0.00025      0.01229     -0.00401
FE      0.56240      0.06234      0.81280     -0.00755      0.01009     -0.00256
FE      0.68759      0.18739      0.81268     -0.00684      0.00133     -0.00336
FE      0.68760      0.06243      0.93752     -0.00157      0.00243      0.00136
FE      0.56270      0.18733      0.93797     -0.00563      0.00292     -0.00006
FE      0.56240      0.31244      0.06247     -0.00314      0.00886      0.00401
FE      0.68719      0.43746      0.06300      0.00135      0.00424      0.00508
FE      0.68733      0.31260      0.18755     -0.00330      0.00609      0.00632
FE      0.56223      0.43748      0.18769     -0.00520     -0.00329      0.00635
FE      0.56241      0.31261      0.31254     -0.00353      0.00847      0.00144
FE      0.68749      0.43756      0.31249     -0.00220     -0.00156      0.00070
FE      0.68868      0.31249      0.43626     -0.01569      0.00801      0.00645
FE      0.56273      0.43771      0.43704     -0.00579     -0.01016      0.00121
FE      0.56520      0.31260      0.55973     -0.00053      0.00606     -0.00194
FE      0.68778      0.43766      0.56190     -0.00562     -0.00894     -0.00544
FE      0.68781      0.31254      0.68752     -0.00446      0.00982     -0.00299
FE      0.56351      0.43882      0.68731      0.00204     -0.00325     -0.00597
FE      0.56517      0.31245      0.81522     -0.00142      0.01107     -0.00217
FE      0.68749      0.43756      0.81247     -0.00148     -0.00153     -0.00144
FE      0.68829      0.31220      0.93873     -0.00891      0.02037     -0.00935
FE      0.56277      0.43770      0.93798      0.00003     -0.00467     -0.00058
FE      0.56255      0.56255      0.06263     -0.00279      0.00493      0.00251
FE      0.68695      0.68762      0.06269     -0.00388     -0.01006      0.00128
FE      0.68622      0.56243      0.18866      0.00491      0.00975     -0.00734
FE      0.56216      0.68755      0.18763     -0.00691     -0.00682      0.00463
FE      0.56202      0.56246      0.31272     -0.00517      0.00701      0.00189
FE      0.68713      0.68740      0.31252     -0.00441      0.00126      0.00454
FE      0.68752      0.56256      0.43742     -0.00338      0.00815     -0.00177
FE      0.56207      0.68731      0.43740     -0.00397      0.00455      0.00122
FE      0.56212      0.56260      0.56193     -0.00940      0.00183     -0.00457
FE      0.68724      0.68750      0.56235     -0.00505     -0.00076     -0.00704
FE      0.68657      0.56277      0.68630      0.00203     -0.00242      0.00588
FE      0.56216      0.68755      0.68737     -0.00688     -0.00809     -0.00238
FE      0.56265      0.56269      0.81256     -0.00540     -0.00047     -0.00314
FE      0.68707      0.68772      0.81227     -0.00399     -0.01304      0.00071
FE      0.68716      0.56254      0.93759     -0.00081      0.00560      0.00419
FE      0.56242      0.68763      0.93760     -0.00428     -0.01457      0.00043
FE      0.56215      0.81244      0.06231     -0.00765      0.00132     -0.00045
FE      0.68733      0.93753      0.06254     -0.00234     -0.00747      0.00056
FE      0.68698      0.81225      0.18717     -0.00820      0.00836      0.00627
FE      0.56119      0.93750      0.18625      0.00673     -0.00811      0.00849
FE      0.56198      0.81224      0.31217     -0.00290      0.00876      0.00330
FE      0.68442      0.93745      0.30992     -0.00806     -0.00930      0.00467
FE      0.68616      0.81111      0.43749     -0.01226      0.00472     -0.00010
FE      0.56207      0.93738      0.43746     -0.00359     -0.01114      0.00621
FE      0.56196      0.81226      0.56276     -0.00342      0.00902     -0.00154
FE      0.68466      0.93739      0.56527     -0.01190     -0.01080     -0.00034
FE      0.68708      0.81229      0.68787     -0.00820      0.00498     -0.00434
FE      0.56119      0.93752      0.68867      0.00603     -0.01455     -0.01437
FE      0.56214      0.81241      0.81256     -0.00813     -0.00238     -0.00421
FE      0.68720      0.93742      0.81220     -0.00642     -0.01032     -0.00338
FE      0.68703      0.81272      0.93746     -0.00127     -0.00654     -0.00062
FE      0.56239      0.93744      0.93758     -0.00596     -0.00794      0.00071
FE      0.81207      0.06249      0.06245     -0.00343     -0.00128      0.00037
FE      0.93629      0.18892      0.06242     -0.00191     -0.01120      0.00570
FE      0.93497      0.06269      0.18976     -0.00446     -0.00294      0.00414
FE      0.81202      0.18794      0.18759      0.00203     -0.02166      0.00466
FE      0.81114      0.06399      0.31250      0.00809     -0.01273     -0.01556
FE      0.93735      0.18787      0.31276     -0.00216     -0.01826     -0.00344
FE      0.93868      0.06388      0.43743      0.00155     -0.01440     -0.00083
FE      0.81249      0.18786      0.43754     -0.00428     -0.01119     -0.00126
FE      0.81253      0.06386      0.56369     -0.00528     -0.00730      0.00176
FE      0.93767      0.18771      0.56256     -0.00184     -0.00951     -0.00483
FE      0.93778      0.06267      0.68800      0.00050      0.00061     -0.00120
FE      0.81224      0.18782      0.68756     -0.00751     -0.00832     -0.00616
FE      0.81133      0.06244      0.81129      0.00699      0.00444      0.00857
FE      0.93725      0.18781      0.81212      0.00093     -0.00891      0.00099
FE      0.93468      0.06246      0.93471     -0.00155     -0.00053      0.00076
FE      0.81222      0.18767      0.93739      0.00034     -0.01139      0.00373
FE      0.81235      0.31267      0.06300      0.00674      0.00511      0.00492
FE      0.93751      0.43613      0.06378      0.00117      0.01400      0.01081
FE      0.93740      0.31245      0.18793      0.00339      0.00975     -0.00312
FE      0.81210      0.43746      0.18800      0.00141      0.00475      0.00315
FE      0.81273      0.31248      0.31225     -0.00170      0.00922     -0.00212
FE      0.93748      0.43761      0.31253     -0.00053      0.00312     -0.00534
FE      0.93747      0.31256      0.43757     -0.00081      0.00795     -0.00176
FE      0.81266      0.43763      0.43732     -0.00128      0.00014     -0.00403
FE      0.81232      0.31245      0.56228     -0.00735      0.01230     -0.00496
FE      0.93751      0.43752      0.56242     -0.00004      0.00090     -0.00347
FE      0.93750      0.31232      0.68712     -0.00111      0.01570     -0.00008
FE      0.81215      0.43741      0.68703     -0.00394      0.00176     -0.00049
FE      0.81220      0.31238      0.81234     -0.00219      0.01575      0.00066
FE      0.93749      0.43623      0.81116      0.00149      0.01166     -0.00402
FE      0.93736      0.31239      0.93741      0.00232      0.00988      0.00596
FE      0.81134      0.43630      0.93769     -0.00501      0.01305      0.00632
FE      0.80974      0.56245      0.06529     -0.00062      0.00807      0.00445
FE      0.93757      0.68881      0.06363      0.00144     -0.00644      0.00672
FE      0.93757      0.56240      0.18782      0.00277      0.00852      0.00363
FE      0.81204      0.68729      0.18764     -0.00378     -0.00194      0.00631
FE      0.81239      0.56252      0.31242     -0.00351      0.01016     -0.00092
FE      0.93764      0.68727      0.31242     -0.00157     -0.00114      0.00034
FE      0.93751      0.56253      0.43747      0.00054      0.01020     -0.00361
FE      0.81245      0.68723      0.43750     -0.00463      0.00098     -0.00004
FE      0.81251      0.56257      0.56244     -0.00157      0.00670     -0.00538
FE      0.93767      0.68736      0.56259     -0.00121     -0.00327     -0.00424
FE      0.93755      0.56239      0.68717      0.00244      0.00561     -0.00136
FE      0.81216      0.68740      0.68738     -0.00327     -0.00548     -0.00171
FE      0.80985      0.56251      0.80982     -0.00136      0.00575      0.00148
FE      0.93757      0.68871      0.81122      0.00029     -0.01015     -0.00375
RU      0.93753      0.56254      0.93757      0.00342      0.00143      0.00532
FE      0.81114      0.68880      0.93751     -0.00613     -0.00917     -0.00089
FE      0.81194      0.81228      0.06260      0.00195      0.00785      0.00008
FE      0.93629      0.93608      0.06251     -0.00284      0.00222      0.00063
FE      0.93769      0.81239      0.18758      0.00222      0.00522     -0.00030
FE      0.81195      0.93742      0.18753     -0.00345     -0.00446      0.00297
FE      0.81230      0.81112      0.31141     -0.00513      0.00439     -0.00049
FE      0.93993      0.93735      0.31026      0.00116     -0.00351     -0.00295
FE      0.93869      0.81104      0.43762      0.00105      0.00623     -0.00013
RU      0.81228      0.93737      0.43771     -0.00602     -0.00077     -0.00115
FE      0.81237      0.81110      0.56365     -0.00706     -0.00094      0.00317
FE      0.94022      0.93754      0.56525     -0.00065     -0.00831     -0.00023
FE      0.93779      0.81252      0.68748     -0.00012     -0.00099      0.00098
FE      0.81226      0.93747      0.68759     -0.00758     -0.01120     -0.00112
FE      0.81225      0.81254      0.81224     -0.00355     -0.00262     -0.00263
FE      0.93725      0.93729      0.81194      0.00162     -0.00624     -0.00036
FE      0.93737      0.81254      0.93735      0.00310     -0.00033      0.00155
FE      0.81202      0.93727      0.93718     -0.00158     -0.00561      0.00096
