/* Converted from PWscf output file */ 
#L_UNITS ang 
#E_UNITS eV 
#S_UNITS GPA 
#F_UNITS EV/ANG 
#ALAT 	  13.71070     // a0 
#X 	   1.00000     0.00001    -0.00001     // X 
#Y 	   0.00001     1.05566     0.00000     // Y 
#Z 	  -0.00001     0.00000     0.99997     // Z 
#SX 	  -0.14671    -0.00146    -0.00117     // SX 
#SY 	  -0.00146    -0.14029    -0.00248     // SY 
#SZ 	  -0.00117    -0.00248    -0.14890     // SZ 
#EPA 	  -4.30242     // Energy per Atom 
#C 	1 1 1 
#W 	1.0 
#RCUT 	6.5        // Rcut 
RU      0.06257      0.06254      0.06238      0.01195      0.01341     -0.02366
FE      0.18876      0.18886      0.06256     -0.02111     -0.02090      0.01640
FE      0.19019      0.06252      0.19006      0.00510      0.01280     -0.01522
FE      0.06251      0.18889      0.18882      0.00086     -0.01480     -0.01174
FE      0.06275      0.06257      0.31269      0.02567      0.02017     -0.01688
FE      0.18766      0.18760      0.31266      0.01216      0.02480      0.00709
FE      0.18747      0.06250      0.43743     -0.00250      0.01029      0.00314
FE      0.06260      0.18772      0.43743      0.00598      0.02611     -0.01021
FE      0.06272      0.06256      0.56264      0.01766      0.01504      0.01901
FE      0.18728      0.18745      0.56233     -0.01638     -0.00843     -0.01900
FE      0.18742      0.06232      0.68767      0.00173     -0.01711      0.00934
FE      0.06253      0.18749      0.68750      0.00127     -0.00055     -0.00454
FE      0.06252      0.06251      0.81221      0.00361     -0.00025      0.01602
FE      0.18748      0.18748      0.81236      0.00045     -0.00463     -0.00679
FE      0.19013      0.06246      0.93486      0.00010     -0.00247     -0.00817
FE      0.06239      0.18890      0.93632     -0.01339     -0.01129      0.02005
FE      0.06245      0.31258      0.06266     -0.01939      0.00179      0.04161
FE      0.18769      0.43744      0.06272      0.01490     -0.01388      0.03706
FE      0.18761      0.31257      0.18762      0.01340      0.01489      0.01611
FE      0.06266      0.43741      0.18777      0.01918     -0.01682      0.02820
FE      0.06243      0.31271      0.31258     -0.02430      0.02447      0.00071
FE      0.18755      0.43758      0.31253     -0.00181      0.00023      0.00485
FE      0.18681      0.31250      0.43683     -0.07124      0.01323     -0.07105
FE      0.06241      0.43755      0.43744     -0.01499      0.01134     -0.00815
FE      0.06263      0.31251      0.56246      0.00416      0.00047     -0.01570
FE      0.18733      0.43759      0.56224     -0.01273      0.01148     -0.03791
FE      0.18719      0.31249      0.68747      0.00572      0.00423     -0.01333
FE      0.06267      0.43745      0.68726      0.01818     -0.00556     -0.03049
FE      0.06264      0.31258      0.81221      0.00748      0.00767     -0.02797
FE      0.18754      0.43758      0.81242      0.00200      0.00643     -0.00527
FE      0.18708      0.31237      0.93817     -0.04281     -0.00721      0.06976
FE      0.06369      0.43612      0.93761     -0.02699      0.01091      0.01054
FE      0.06518      0.56249      0.06516      0.01008     -0.00336      0.00778
FE      0.18769      0.68760      0.06258      0.01334      0.01315      0.00649
FE      0.18820      0.56245      0.18822      0.07035     -0.00766      0.07749
FE      0.06268      0.68761      0.18775      0.02455      0.01238      0.02336
FE      0.06255      0.56244      0.31239      0.01075     -0.00653      0.00305
FE      0.18765      0.68747      0.31259      0.01952     -0.01297      0.01783
FE      0.18748      0.56248      0.43752     -0.00534     -0.00835      0.00060
FE      0.06268      0.68733      0.43751      0.02396     -0.03077      0.00686
FE      0.06252      0.56245      0.56256      0.00229     -0.00060     -0.00445
FE      0.18750      0.68756      0.56248      0.00001     -0.00166     -0.00269
FE      0.18805      0.56267      0.68678      0.05541      0.02600     -0.08202
FE      0.06268      0.68761      0.68728      0.01971      0.01063     -0.02515
FE      0.06514      0.56248      0.80987      0.00061      0.00683      0.00259
FE      0.18775      0.68763      0.81226      0.02190      0.01613     -0.02352
FE      0.18786      0.56249      0.93756      0.00015      0.00440      0.00355
FE      0.06376      0.68894      0.93755     -0.00770     -0.01427     -0.00470
FE      0.06264      0.81234      0.06247      0.02549     -0.00822     -0.00895
FE      0.18886      0.93618      0.06231      0.00113      0.01684     -0.04130
FE      0.18777      0.81236      0.18754      0.02993     -0.02082     -0.00404
FE      0.06327      0.93612      0.18811      0.08900      0.00539     -0.09044
FE      0.06276      0.81220      0.31254      0.02855     -0.03355      0.01280
FE      0.18762      0.93745      0.31274      0.02101     -0.01126      0.02009
FE      0.18761      0.81244      0.43756      0.00458     -0.01151      0.01579
FE      0.06285      0.93750      0.43751      0.00073     -0.00464      0.00700
FE      0.06277      0.81240      0.56263      0.02789     -0.01160      0.01359
FE      0.18732      0.93751      0.56255     -0.01575     -0.00032      0.01755
FE      0.18752      0.81244      0.68766     -0.00716     -0.00939      0.03200
FE      0.06323      0.93754      0.68820      0.07785     -0.00488      0.07453
FE      0.06263      0.81235      0.81228      0.02304     -0.01404     -0.01915
FE      0.18781      0.93742      0.81233      0.05121     -0.01604      0.00476
FE      0.18768      0.81258      0.93733      0.00502      0.00393     -0.04290
FE      0.06249      0.93607      0.93625      0.00515      0.00416      0.00636
FE      0.31281      0.06247      0.06249     -0.00206      0.00025      0.00139
FE      0.43750      0.18758      0.06241      0.00244      0.00740     -0.00392
FE      0.43729      0.06261      0.18738     -0.02532      0.02523     -0.01818
FE      0.31269      0.18766      0.18768      0.02085      0.02504      0.01707
FE      0.31298      0.06268      0.31318      0.05303      0.02277      0.07096
FE      0.43758      0.18755      0.31255      0.00591      0.00812      0.00600
FE      0.43756      0.06241      0.43751      0.01517      0.00225      0.01996
FE      0.31233      0.18751      0.43734     -0.01233     -0.00325     -0.00796
FE      0.31239      0.06240      0.56243     -0.01377     -0.01183     -0.00670
FE      0.43747      0.18616      0.56130     -0.00924      0.01994      0.02108
FE      0.43755      0.06232      0.68750      0.01198     -0.00555     -0.00877
FE      0.31130      0.18612      0.68744      0.02836      0.01250     -0.01483
FE      0.31312      0.06237      0.81183      0.06790     -0.01490     -0.06519
FE      0.43760      0.18613      0.81368      0.01815      0.01151     -0.02037
FE      0.43743      0.06229      0.93768     -0.00086     -0.01447      0.00726
FE      0.31257      0.18755      0.93762      0.01173     -0.00395      0.00493
FE      0.31269      0.31265      0.06242      0.02540      0.01804      0.00520
FE      0.43750      0.43749      0.06241      0.00472      0.00520     -0.00050
FE      0.43756      0.31250      0.18755      0.00798      0.00671      0.00553
FE      0.31256      0.43750      0.18759      0.01586     -0.00449      0.01335
FE      0.31249      0.31249      0.31258     -0.00211      0.00494      0.00205
FE      0.43753      0.43757      0.31249     -0.00295      0.00627     -0.00134
FE      0.43753      0.31247      0.43713     -0.00390      0.00763     -0.00186
FE      0.31225      0.43759      0.43727     -0.02224      0.01170     -0.02318
FE      0.30985      0.31246      0.55985      0.00221      0.00300     -0.00086
FE      0.43751      0.43889      0.56128     -0.00109     -0.01902      0.01539
RU      0.43749      0.31253      0.68751      0.00121      0.00011     -0.00108
FE      0.31130      0.43890      0.68746      0.03223     -0.01768     -0.01159
FE      0.30990      0.31246      0.81511      0.01425     -0.00310      0.00187
FE      0.43753      0.43893      0.81375      0.00272     -0.01025     -0.01025
FE      0.43755      0.31249      0.93788      0.01051      0.00615      0.00008
FE      0.31235      0.43765      0.93777     -0.01164      0.01744      0.02438
FE      0.31236      0.56249      0.06250     -0.00183      0.00328      0.01144
FE      0.43734      0.68742      0.06220     -0.01686     -0.01796     -0.02259
FE      0.43744      0.56236      0.18746     -0.01147     -0.01959     -0.00987
FE      0.31234      0.68740      0.18744     -0.00417     -0.02220     -0.00939
FE      0.31238      0.56229      0.31257      0.00615     -0.01836      0.02511
FE      0.43618      0.68602      0.31246     -0.00528     -0.00530     -0.00593
FE      0.43745      0.56258      0.43740     -0.01666      0.00109     -0.01112
FE      0.31220      0.68746      0.43764     -0.02532     -0.01296      0.01774
FE      0.31250      0.56256      0.56230      0.01598      0.01355     -0.04075
FE      0.43732      0.68740      0.56278     -0.02910     -0.02401      0.02371
FE      0.43750      0.56266      0.68754     -0.00416      0.01136      0.00744
FE      0.31250      0.68751      0.68752      0.00221     -0.00371      0.00553
FE      0.31232      0.56259      0.81254     -0.00847      0.01709      0.00287
FE      0.43753      0.68751      0.81246     -0.00107     -0.00209      0.00171
FE      0.43751      0.56267      0.93769     -0.00126      0.01815      0.01433
FE      0.31243      0.68750      0.93749     -0.00502     -0.00033     -0.01389
FE      0.31198      0.81229      0.06177     -0.04752     -0.02249     -0.08187
FE      0.43723      0.93761      0.06209     -0.04649      0.00605     -0.05298
FE      0.43477      0.81243      0.18475     -0.01948     -0.01191     -0.02120
FE      0.31248      0.93753      0.18751      0.00211      0.00147     -0.00240
FE      0.31212      0.81245      0.31250      0.00143     -0.00717      0.00114
FE      0.43639      0.93890      0.31255      0.02014     -0.02034      0.00184
FE      0.43483      0.81247      0.44016     -0.01557     -0.00681      0.00464
FE      0.31227      0.93754      0.43771     -0.01464      0.00697      0.03352
FE      0.31177      0.81248      0.56321     -0.07565     -0.00304      0.07990
FE      0.43742      0.93763      0.56278     -0.02240      0.01584      0.03078
FE      0.43744      0.81244      0.68752     -0.02214     -0.00435      0.01401
FE      0.31250      0.93754      0.68753     -0.00140      0.00179      0.00301
FE      0.31253      0.81249      0.81242      0.01070      0.00074     -0.00498
FE      0.43748      0.93751      0.81251     -0.01644     -0.00412      0.02225
FE      0.43754      0.81246      0.93758      0.00007     -0.00835     -0.00658
FE      0.31266      0.93740      0.93733      0.01829     -0.01209     -0.03355
FE      0.56241      0.06269      0.06224     -0.01338      0.02508     -0.03301
FE      0.68755      0.18753      0.06248      0.00169      0.00880      0.00262
FE      0.68751      0.06268      0.18719     -0.01162      0.03675     -0.03124
FE      0.56245      0.18753      0.18751     -0.00583      0.00454     -0.00515
FE      0.56224      0.06276      0.31230     -0.02400      0.03104     -0.02722
FE      0.68742      0.18762      0.31241     -0.01468      0.01959     -0.01471
FE      0.68623      0.06401      0.43768     -0.00371      0.00953      0.03393
FE      0.56245      0.18762      0.43723     -0.00525      0.01032     -0.02117
FE      0.56230      0.06267      0.56277     -0.01556      0.02551      0.03198
FE      0.68772      0.18756      0.56244      0.01289      0.00805     -0.00538
FE      0.68745      0.06240      0.68770     -0.02736      0.00180      0.00321
FE      0.56373      0.18609      0.68754     -0.01603      0.01723      0.00854
FE      0.56248      0.06240      0.81261     -0.00405     -0.01105      0.02665
FE      0.68764      0.18742      0.81259      0.00037     -0.00997      0.01559
FE      0.68764      0.06249      0.93750      0.00004      0.00544     -0.01258
FE      0.56265      0.18743      0.93780      0.01180     -0.01377      0.02026
FE      0.56246      0.31246      0.06242     -0.00364     -0.00484      0.00442
FE      0.68734      0.43740      0.06266     -0.01824     -0.01229      0.03074
FE      0.68746      0.31253      0.18751     -0.01181      0.00972      0.00221
FE      0.56240      0.43751      0.18761     -0.01853     -0.00370      0.00872
FE      0.56244      0.31252      0.31255     -0.00075      0.00888     -0.00132
FE      0.68751      0.43754      0.31249      0.00078      0.00165     -0.00041
FE      0.68824      0.31248      0.43679      0.07235     -0.00091     -0.07781
FE      0.56265      0.43763      0.43723      0.01617      0.01651     -0.02397
FE      0.56511      0.31254      0.55986      0.00330      0.00689     -0.00141
FE      0.68774      0.43754      0.56228      0.01459      0.00668     -0.03301
FE      0.68787      0.31251      0.68756     -0.00191      0.00189      0.00183
FE      0.56368      0.43889      0.68744     -0.02849     -0.02306     -0.00631
FE      0.56513      0.31247      0.81514     -0.00190     -0.00522      0.00469
FE      0.68751      0.43753      0.81248     -0.00183      0.00182      0.00104
FE      0.68802      0.31228      0.93823      0.04705     -0.01973      0.07679
FE      0.56265      0.43761      0.93780      0.01536      0.00653      0.02215
FE      0.56257      0.56229      0.06232     -0.00249     -0.01913     -0.01023
FE      0.68741      0.68752      0.06235     -0.01480     -0.01288     -0.01541
FE      0.68686      0.56233      0.18812     -0.06894     -0.02282      0.06312
FE      0.56237      0.68609      0.18627     -0.02471      0.00250      0.01399
FE      0.56232      0.56224      0.31256     -0.03487     -0.01875      0.02088
FE      0.68863      0.68601      0.31247     -0.03809     -0.00903      0.00646
FE      0.68763      0.56239      0.43757      0.01089     -0.01406      0.00840
FE      0.56233      0.68597      0.43873     -0.02096     -0.00681     -0.01696
FE      0.56239      0.56233      0.56250     -0.02606     -0.01273     -0.01932
FE      0.68759      0.68741      0.56274     -0.00090     -0.02588      0.02070
FE      0.68700      0.56262      0.68688     -0.05389      0.01379     -0.06665
FE      0.56236      0.68752      0.68746     -0.02016     -0.00494     -0.00467
FE      0.56263      0.56258      0.81254      0.00700      0.01730      0.00626
FE      0.68729      0.68764      0.81235     -0.02393      0.01338     -0.01009
FE      0.68719      0.56248      0.93751      0.00265     -0.00263     -0.00506
FE      0.56250      0.68757      0.93759     -0.00695      0.00321      0.00169
FE      0.56237      0.81247      0.06205     -0.02411      0.00017     -0.01643
FE      0.68764      0.93765      0.06229      0.00499      0.01815     -0.03031
FE      0.68995      0.81237      0.18462     -0.03116     -0.02046     -0.02509
FE      0.56181      0.93892      0.18558     -0.07258     -0.01267     -0.05938
RU      0.56214      0.81235      0.31229     -0.03069     -0.02366     -0.01867
FE      0.68606      0.93895      0.30989     -0.03568      0.00648     -0.00544
FE      0.68890      0.81101      0.44017      0.00852     -0.00921      0.01451
FE      0.56208      0.93893      0.43875     -0.00860     -0.01620     -0.01446
FE      0.56221      0.81237      0.56303     -0.02896     -0.01678      0.02163
FE      0.68504      0.93757      0.56542      0.00726      0.00976      0.03176
FE      0.68734      0.81238      0.68770     -0.01888     -0.01540      0.02713
FE      0.56174      0.93757      0.68823     -0.07980      0.00718      0.08127
FE      0.56236      0.81247      0.81252     -0.02323     -0.00132      0.01141
FE      0.68743      0.93750      0.81232     -0.02279     -0.00439     -0.00925
FE      0.68731      0.81265      0.93759     -0.02683      0.01613     -0.00613
FE      0.56248      0.93749      0.93759     -0.00865      0.00551     -0.00051
FE      0.81213      0.06251      0.06245      0.00056      0.01110     -0.00892
FE      0.93626      0.18896      0.06242      0.01352     -0.00405     -0.00486
FE      0.93503      0.06259      0.18984      0.02084      0.02994     -0.03264
FE      0.81225      0.18783      0.18753     -0.01958      0.04156      0.00107
FE      0.81188      0.06412      0.31195     -0.06634      0.02438      0.09381
FE      0.93742      0.18772      0.31266     -0.00361      0.03479      0.01631
FE      0.93883      0.06396      0.43746     -0.00360      0.01140      0.00584
FE      0.81253      0.18778      0.43753      0.00983      0.02752      0.00597
FE      0.81252      0.06393      0.56378      0.01218     -0.00192     -0.00587
FE      0.93761      0.18764      0.56257      0.01296      0.01573      0.00514
FE      0.93768      0.06259      0.68786      0.01603      0.01870      0.02326
FE      0.81238      0.18769      0.68760     -0.01045      0.02222      0.00443
FE      0.81180      0.06248      0.81177     -0.06832      0.00130     -0.07369
FE      0.93737      0.18764      0.81226     -0.01621      0.02616     -0.01878
FE      0.93482      0.06250      0.93484     -0.00761      0.00017     -0.00948
FE      0.81231      0.18761      0.93743     -0.01146      0.01578     -0.00851
FE      0.81232      0.31257      0.06268     -0.00198      0.01255      0.03661
FE      0.93754      0.43607      0.06374     -0.00112      0.00481     -0.00956
FE      0.93746      0.31242      0.18774     -0.00781     -0.00036      0.03102
FE      0.81231      0.43742      0.18779     -0.01781     -0.01604      0.02566
FE      0.81256      0.31247      0.31243      0.02572     -0.00235     -0.02106
FE      0.93750      0.43755      0.31254      0.00566     -0.00427      0.00604
FE      0.93749      0.31249      0.43754      0.00249      0.00660      0.00691
FE      0.81261      0.43750      0.43746      0.02085     -0.00020     -0.01072
FE      0.81238      0.31245      0.56242      0.00015     -0.00488     -0.01289
FE      0.93752      0.43750      0.56249      0.00344     -0.00549     -0.00553
FE      0.93752      0.31234      0.68734     -0.00101     -0.01094     -0.02845
FE      0.81230      0.43745      0.68725     -0.01588     -0.01141     -0.02526
FE      0.81231      0.31239      0.81238     -0.01141     -0.00773     -0.00440
FE      0.93751      0.43616      0.81117      0.00034      0.01146      0.01072
FE      0.93744      0.31238      0.93746     -0.01206     -0.00065     -0.00958
FE      0.81124      0.43617      0.93758      0.02589      0.01609      0.01192
FE      0.80987      0.56247      0.06514      0.00479     -0.01227      0.00010
FE      0.93763      0.68887      0.06364      0.02010     -0.02473     -0.03260
FE      0.93758      0.56243      0.18781      0.01188     -0.01397     -0.00314
FE      0.81252      0.68728      0.18743      0.00202     -0.03127     -0.01681
FE      0.81266      0.56230      0.31242      0.01685     -0.02375      0.00142
FE      0.93758      0.68737      0.31245      0.01683     -0.02568     -0.00229
FE      0.93753      0.56247      0.43754      0.01274     -0.00442      0.00225
FE      0.81274      0.68723      0.43769      0.02592     -0.03630      0.02158
FE      0.81252      0.56249      0.56255      0.00764      0.00341     -0.00063
FE      0.93768      0.68741      0.56265      0.03102     -0.01896      0.02115
FE      0.93753      0.56242      0.68719      0.00353     -0.00582      0.00109
FE      0.81238      0.68739      0.68753     -0.00212     -0.00908      0.01429
FE      0.80989      0.56249      0.80987      0.01251      0.00082      0.00779
FE      0.93753      0.68886      0.81119      0.00698     -0.02814      0.01736
RU      0.93751      0.56249      0.93752      0.00253      0.00221      0.00123
FE      0.81124      0.68886      0.93744      0.02320     -0.02399     -0.01826
FE      0.81292      0.81235      0.06184      0.04417     -0.01312     -0.07422
FE      0.93633      0.93613      0.06247      0.03472      0.01159     -0.01617
FE      0.93754      0.81248      0.18752      0.01484     -0.01144      0.00318
FE      0.81246      0.93757      0.18721     -0.00148      0.00527      0.00176
FE      0.81283      0.81103      0.31125     -0.00126      0.01124      0.02578
FE      0.93998      0.93745      0.31013     -0.01495     -0.00883      0.03368
FE      0.93869      0.81105      0.43757     -0.00914      0.00304      0.01647
RU      0.81279      0.93762      0.43780      0.01534      0.01097      0.04364
FE      0.81313      0.81110      0.56439      0.06629      0.01617      0.05271
FE      0.94025      0.93754      0.56529      0.01979      0.01024      0.02313
FE      0.93779      0.81256      0.68767      0.04986     -0.00103      0.02383
FE      0.81246      0.93758      0.68784      0.00300      0.00000     -0.00173
FE      0.81240      0.81254      0.81237     -0.01131      0.00668     -0.01241
FE      0.93736      0.93741      0.81215     -0.00995     -0.01651     -0.02558
FE      0.93756      0.81257      0.93733      0.02178     -0.00125     -0.04347
FE      0.81231      0.93744      0.93728     -0.01371     -0.01377     -0.03782
