/* Converted from PWscf output file */ 
#L_UNITS ang 
#E_UNITS eV 
#S_UNITS GPA 
#F_UNITS EV/ANG 
#ALAT 	  13.68909     // a0 
#X 	   1.00000    -0.00000    -0.00000     // X 
#Y 	  -0.00000     1.05554    -0.00016     // Y 
#Z 	  -0.00000    -0.00015     1.00024     // Z 
#SX 	  -0.30261     0.00000     0.00000     // SX 
#SY 	   0.00000    -0.09144     0.01954     // SY 
#SZ 	   0.00000     0.01954    -0.28861     // SZ 
#EPA 	  -4.27810     // Energy per Atom 
#C 	1 1 1 
#W 	1.0 
#RCUT 	6.5        // Rcut 
RU      0.06250      0.06036      0.06446     -0.00046      0.05837     -0.08354
FE      0.19108      0.18881      0.06496      0.04183      0.00929      0.05720
FE      0.19028      0.06239      0.19037      0.11700     -0.01914      0.11954
FE      0.06247      0.18892      0.18912     -0.00337      0.03335      0.03367
FE      0.06248      0.06245      0.31281     -0.00086     -0.00835      0.02401
FE      0.18766      0.18759      0.31262      0.03240      0.02283      0.03532
FE      0.18752      0.06248      0.43744      0.00883     -0.00210      0.00116
FE      0.06248      0.18753      0.43750     -0.00083      0.00773      0.00314
FE      0.06248      0.06247      0.56250     -0.00083     -0.00774     -0.00314
FE      0.18752      0.18752      0.56256      0.00883      0.00210     -0.00115
FE      0.18766      0.06241      0.68738      0.03241     -0.02283     -0.03531
FE      0.06248      0.18755      0.68719     -0.00086      0.00835     -0.02401
FE      0.06247      0.06108      0.81088     -0.00337     -0.03335     -0.03367
FE      0.19028      0.18761      0.80963      0.11701      0.01913     -0.11954
FE      0.19108      0.06119      0.93504      0.04183     -0.00928     -0.05721
RU      0.06250      0.18964      0.93554     -0.00046     -0.05838      0.08355
FE      0.06249      0.31401      0.06377      0.00004      0.05702      0.02495
FE      0.18756      0.43758      0.06253      0.01734      0.02049      0.01231
FE      0.18770      0.31261      0.18780      0.03600      0.04044      0.04993
FE      0.06248      0.43766      0.18765     -0.00109      0.03127      0.03242
FE      0.06248      0.31266      0.31262     -0.00068      0.03844      0.03200
FE      0.18754      0.43757      0.31254      0.00401      0.01343      0.01358
FE      0.18753      0.31248      0.43753      0.00492      0.00748      0.01003
FE      0.06248      0.43751      0.43751     -0.00080      0.00548      0.00532
FE      0.06248      0.31249      0.56249     -0.00083      0.00770     -0.00533
FE      0.18753      0.43753      0.56246      0.00297      0.00671     -0.01050
FE      0.18768      0.31256      0.68726      0.03289      0.03098     -0.05041
FE      0.06248      0.43769      0.68735     -0.00092      0.04826     -0.04324
FE      0.06248      0.31446      0.81068     -0.00071      0.12823     -0.09359
FE      0.18761      0.43765      0.81237      0.01936      0.03226     -0.02258
FE      0.18886      0.31396      0.93745      0.04201      0.06499     -0.01255
FE      0.06248      0.43767      0.93754     -0.00097      0.02764      0.00148
FE      0.06248      0.56246      0.06246     -0.00089     -0.00396      0.00004
FE      0.18750      0.68753      0.06248      0.00303      0.00206     -0.00032
FE      0.18752      0.56251      0.18756      0.00188      0.00553      0.00732
FE      0.06248      0.68753      0.18750     -0.00082      0.00200      0.00367
FE      0.06248      0.56247      0.31247     -0.00088      0.00295      0.00393
FE      0.18754      0.68749      0.31253      0.00194     -0.00571      0.00706
FE      0.18752      0.56248      0.43752      0.00055     -0.00184      0.00295
FE      0.06248      0.68753      0.43750     -0.00082     -0.00417      0.00578
FE      0.06248      0.56247      0.56250     -0.00082      0.00417     -0.00577
FE      0.18752      0.68752      0.56248      0.00055      0.00184     -0.00295
FE      0.18754      0.56251      0.68747      0.00191      0.00570     -0.00709
FE      0.06248      0.68753      0.68753     -0.00089     -0.00294     -0.00391
FE      0.06248      0.56247      0.81250     -0.00082     -0.00200     -0.00368
FE      0.18752      0.68749      0.81244      0.00188     -0.00553     -0.00732
FE      0.18750      0.56247      0.93752      0.00303     -0.00207      0.00031
FE      0.06248      0.68754      0.93754     -0.00089      0.00396     -0.00004
FE      0.06248      0.81233      0.06246     -0.00097     -0.02764     -0.00148
FE      0.18886      0.93604      0.06255      0.04201     -0.06500      0.01255
FE      0.18761      0.81235      0.18763      0.01936     -0.03226      0.02259
FE      0.06248      0.93554      0.18932     -0.00071     -0.12823      0.09358
FE      0.06248      0.81231      0.31265     -0.00092     -0.04826      0.04324
FE      0.18768      0.93744      0.31274      0.03288     -0.03098      0.05042
FE      0.18753      0.81247      0.43754      0.00297     -0.00671      0.01050
FE      0.06248      0.93751      0.43751     -0.00083     -0.00769      0.00534
FE      0.06248      0.81249      0.56249     -0.00080     -0.00549     -0.00531
FE      0.18753      0.93752      0.56247      0.00492     -0.00747     -0.01002
FE      0.18754      0.81243      0.68746      0.00401     -0.01343     -0.01357
FE      0.06248      0.93734      0.68738     -0.00068     -0.03844     -0.03200
FE      0.06248      0.81234      0.81235     -0.00109     -0.03128     -0.03242
FE      0.18770      0.93739      0.81220      0.03600     -0.04043     -0.04993
FE      0.18756      0.81242      0.93747      0.01734     -0.02049     -0.01231
FE      0.06249      0.93599      0.93623      0.00004     -0.05702     -0.02495
FE      0.31301      0.06242      0.06260      0.04048     -0.01739      0.01948
FE      0.43742      0.18753      0.06248      0.00455      0.00713      0.00484
FE      0.43749      0.06246      0.18757      0.01899     -0.00614      0.01965
FE      0.31320      0.18757      0.18818      0.11745      0.01824      0.11481
FE      0.31312      0.06246      0.31311      0.11604     -0.00524      0.11924
FE      0.43763      0.18754      0.31259      0.04573      0.00633      0.03913
FE      0.43757      0.06248      0.43758      0.03065     -0.00143      0.02978
FE      0.31254      0.18754      0.43756      0.01405      0.00592      0.01794
FE      0.31254      0.06246      0.56244      0.01406     -0.00592     -0.01794
FE      0.43757      0.18752      0.56242      0.03065      0.00142     -0.02978
FE      0.43763      0.06246      0.68741      0.04573     -0.00633     -0.03914
FE      0.31312      0.18754      0.68689      0.11604      0.00524     -0.11923
FE      0.31320      0.06243      0.81182      0.11744     -0.01824     -0.11482
FE      0.43749      0.18754      0.81243      0.01898      0.00614     -0.01966
FE      0.43742      0.06247      0.93752      0.00455     -0.00713     -0.00484
FE      0.31301      0.18758      0.93740      0.04047      0.01740     -0.01948
FE      0.31282      0.31268      0.06261      0.05648      0.04702      0.02181
FE      0.43752      0.43751      0.06249      0.01348      0.01078      0.00065
FE      0.43758      0.31250      0.18758      0.02685      0.01099      0.01585
FE      0.31254      0.43757      0.18755      0.00881      0.01043      0.00459
FE      0.31255      0.31250      0.31254      0.01577      0.00728      0.01901
FE      0.43751      0.43753      0.31248      0.00335      0.00194     -0.00029
FE      0.43751      0.31247      0.43751      0.00218     -0.00023      0.00170
FE      0.31248      0.43752      0.43752      0.00080      0.00226      0.00230
FE      0.31254      0.31249      0.56244      0.01474      0.00543     -0.01887
FE      0.43751      0.43752      0.56249      0.00239      0.00033     -0.00179
FE      0.43756      0.31250      0.68747      0.01908      0.00489     -0.01225
FE      0.31250      0.43753      0.68750      0.00375      0.00540     -0.00396
FE      0.31272      0.31255      0.81233      0.04020      0.02449     -0.02951
FE      0.43753      0.43753      0.81247      0.01124      0.00803     -0.00373
FE      0.43752      0.31250      0.93751      0.01375      0.01335     -0.00039
FE      0.31269      0.43773      0.93751      0.03838      0.04202      0.00106
FE      0.31252      0.56252      0.06249      0.00636      0.00561     -0.00036
FE      0.43751      0.68754      0.06248      0.00679     -0.00300     -0.00149
FE      0.43752      0.56248      0.18753      0.00441     -0.00024      0.00128
FE      0.31253      0.68748      0.18753      0.00768     -0.00683      0.00308
FE      0.31249      0.56248      0.31248      0.00059     -0.00005      0.00168
FE      0.43752      0.68752      0.31248      0.00290      0.00034     -0.00078
FE      0.43751      0.56247      0.43752      0.00164     -0.00174      0.00126
FE      0.31249      0.68752      0.43752      0.00012      0.00019      0.00234
FE      0.31249      0.56248      0.56248      0.00012     -0.00019     -0.00234
FE      0.43751      0.68753      0.56248      0.00164      0.00174     -0.00126
FE      0.43752      0.56248      0.68752      0.00289     -0.00034      0.00079
FE      0.31249      0.68752      0.68752      0.00059      0.00005     -0.00168
FE      0.31253      0.56252      0.81247      0.00768      0.00684     -0.00308
FE      0.43752      0.68752      0.81247      0.00441      0.00024     -0.00128
FE      0.43751      0.56246      0.93752      0.00679      0.00300      0.00150
FE      0.31252      0.68748      0.93751      0.00635     -0.00561      0.00035
FE      0.31269      0.81227      0.06249      0.03838     -0.04202     -0.00106
FE      0.43752      0.93750      0.06249      0.01375     -0.01335      0.00039
FE      0.43753      0.81247      0.18753      0.01123     -0.00802      0.00372
FE      0.31272      0.93745      0.18767      0.04020     -0.02449      0.02950
FE      0.31250      0.81247      0.31250      0.00375     -0.00541      0.00396
FE      0.43756      0.93750      0.31253      0.01908     -0.00489      0.01225
FE      0.43751      0.81248      0.43751      0.00239     -0.00033      0.00180
FE      0.31254      0.93751      0.43756      0.01474     -0.00542      0.01888
FE      0.31248      0.81248      0.56248      0.00080     -0.00226     -0.00230
FE      0.43751      0.93753      0.56249      0.00218      0.00023     -0.00170
FE      0.43751      0.81247      0.68752      0.00335     -0.00195      0.00029
FE      0.31255      0.93750      0.68746      0.01577     -0.00727     -0.01901
FE      0.31254      0.81243      0.81245      0.00880     -0.01043     -0.00459
FE      0.43758      0.93750      0.81242      0.02685     -0.01099     -0.01586
FE      0.43752      0.81249      0.93751      0.01349     -0.01078     -0.00065
FE      0.31282      0.93732      0.93739      0.05648     -0.04702     -0.02181
FE      0.56248      0.06247      0.06248     -0.00084     -0.00261      0.00065
FE      0.68762      0.18753      0.06248     -0.00199      0.00734      0.00480
FE      0.68755      0.06246      0.18757     -0.01634     -0.00625      0.01990
FE      0.56248      0.18753      0.18753     -0.00086      0.00228      0.00456
FE      0.56248      0.06249      0.31249     -0.00084     -0.00120      0.00159
FE      0.68741      0.18754      0.31259     -0.04332      0.00624      0.03949
FE      0.68747      0.06248      0.43758     -0.02796     -0.00140      0.02984
FE      0.56248      0.18751      0.43751     -0.00078      0.00152      0.00067
FE      0.56248      0.06249      0.56249     -0.00078     -0.00152     -0.00067
FE      0.68747      0.18752      0.56242     -0.02796      0.00140     -0.02984
FE      0.68741      0.06246      0.68741     -0.04332     -0.00624     -0.03949
FE      0.56248      0.18751      0.68751     -0.00084      0.00119     -0.00159
FE      0.56248      0.06247      0.81247     -0.00085     -0.00228     -0.00456
FE      0.68755      0.18754      0.81243     -0.01634      0.00625     -0.01991
FE      0.68762      0.06247      0.93752     -0.00200     -0.00735     -0.00480
FE      0.56248      0.18753      0.93752     -0.00084      0.00261     -0.00065
FE      0.56248      0.31247      0.06248     -0.00085      0.00073      0.00017
FE      0.68752      0.43751      0.06249     -0.01088      0.01087      0.00064
FE      0.68746      0.31250      0.18758     -0.02419      0.01118      0.01586
FE      0.56248      0.43752      0.18752     -0.00084      0.00085      0.00163
FE      0.56248      0.31246      0.31247     -0.00084      0.00018      0.00023
FE      0.68753      0.43753      0.31248     -0.00061      0.00196     -0.00029
FE      0.68753      0.31247      0.43751      0.00052     -0.00026      0.00172
FE      0.56248      0.43753      0.43752     -0.00084      0.00132      0.00114
FE      0.56248      0.31248      0.56249     -0.00082      0.00070     -0.00132
FE      0.68753      0.43752      0.56249      0.00033      0.00035     -0.00181
FE      0.68748      0.31250      0.68747     -0.01651      0.00494     -0.01237
FE      0.56248      0.43751      0.68752     -0.00084      0.00100     -0.00065
FE      0.56248      0.31247      0.81248     -0.00085      0.00145     -0.00399
FE      0.68751      0.43753      0.81247     -0.00851      0.00805     -0.00375
FE      0.68752      0.31250      0.93751     -0.01115      0.01349     -0.00039
FE      0.56248      0.43752      0.93752     -0.00084      0.00030      0.00219
FE      0.56248      0.56248      0.06248     -0.00083     -0.00134     -0.00175
FE      0.68753      0.68754      0.06248     -0.00407     -0.00301     -0.00153
FE      0.68752      0.56248      0.18753     -0.00168     -0.00023      0.00128
FE      0.56248      0.68752      0.18753     -0.00083      0.00178      0.00074
FE      0.56248      0.56247      0.31248     -0.00084     -0.00179     -0.00011
FE      0.68752      0.68752      0.31248     -0.00018      0.00035     -0.00079
FE      0.68753      0.56247      0.43752      0.00110     -0.00174      0.00126
FE      0.56248      0.68753      0.43752     -0.00084      0.00154      0.00117
FE      0.56248      0.56247      0.56248     -0.00084     -0.00154     -0.00117
FE      0.68753      0.68753      0.56248      0.00109      0.00175     -0.00127
FE      0.68752      0.56248      0.68752     -0.00017     -0.00034      0.00079
FE      0.56248      0.68753      0.68752     -0.00084      0.00179      0.00011
FE      0.56248      0.56248      0.81247     -0.00085     -0.00178     -0.00075
FE      0.68752      0.68752      0.81247     -0.00168      0.00023     -0.00129
FE      0.68753      0.56246      0.93752     -0.00407      0.00302      0.00154
FE      0.56248      0.68752      0.93752     -0.00083      0.00134      0.00175
FE      0.56248      0.81248      0.06248     -0.00084     -0.00030     -0.00219
FE      0.68752      0.93750      0.06249     -0.01115     -0.01348      0.00039
FE      0.68751      0.81247      0.18753     -0.00851     -0.00806      0.00374
FE      0.56248      0.93753      0.18752     -0.00085     -0.00145      0.00399
FE      0.56248      0.81249      0.31248     -0.00083     -0.00100      0.00066
FE      0.68748      0.93750      0.31253     -0.01651     -0.00495      0.01237
FE      0.68753      0.81248      0.43751      0.00032     -0.00035      0.00181
FE      0.56248      0.93752      0.43751     -0.00082     -0.00070      0.00133
FE      0.56248      0.81247      0.56248     -0.00084     -0.00133     -0.00115
FE      0.68753      0.93753      0.56249      0.00052      0.00026     -0.00173
FE      0.68753      0.81247      0.68752     -0.00061     -0.00196      0.00029
FE      0.56248      0.93754      0.68753     -0.00085     -0.00017     -0.00022
FE      0.56248      0.81248      0.81248     -0.00084     -0.00085     -0.00163
FE      0.68746      0.93750      0.81242     -0.02419     -0.01118     -0.01586
FE      0.68752      0.81249      0.93751     -0.01088     -0.01087     -0.00064
FE      0.56248      0.93753      0.93752     -0.00085     -0.00073     -0.00017
FE      0.81195      0.06242      0.06260     -0.04232     -0.01833      0.01882
FE      0.93391      0.18880      0.06497     -0.05080      0.01013      0.05686
FE      0.93472      0.06240      0.19037     -0.12890     -0.01897      0.12146
FE      0.81176      0.18758      0.18818     -0.11921      0.01967      0.11573
FE      0.81185      0.06246      0.31310     -0.11607     -0.00599      0.11825
FE      0.93738      0.18759      0.31263     -0.03019      0.02282      0.03608
FE      0.93752      0.06248      0.43744     -0.00635     -0.00212      0.00126
FE      0.81242      0.18754      0.43756     -0.01583      0.00595      0.01802
FE      0.81242      0.06246      0.56244     -0.01583     -0.00595     -0.01802
FE      0.93752      0.18752      0.56256     -0.00635      0.00212     -0.00126
FE      0.93738      0.06241      0.68737     -0.03019     -0.02282     -0.03608
FE      0.81185      0.18754      0.68690     -0.11607      0.00598     -0.11824
FE      0.81176      0.06242      0.81182     -0.11921     -0.01967     -0.11574
FE      0.93472      0.18760      0.80963     -0.12890      0.01897     -0.12146
FE      0.93391      0.06120      0.93503     -0.05080     -0.01012     -0.05686
FE      0.81195      0.18758      0.93740     -0.04231      0.01833     -0.01881
FE      0.81214      0.31268      0.06261     -0.05751      0.04656      0.02136
FE      0.93748      0.43758      0.06253     -0.01465      0.02051      0.01243
FE      0.93734      0.31261      0.18780     -0.03334      0.04104      0.04985
FE      0.81242      0.43757      0.18755     -0.01057      0.01051      0.00462
FE      0.81241      0.31250      0.31254     -0.01731      0.00719      0.01887
FE      0.93750      0.43756      0.31254     -0.00131      0.01339      0.01363
FE      0.93751      0.31248      0.43753     -0.00217      0.00750      0.01005
FE      0.81248      0.43752      0.43752     -0.00245      0.00226      0.00230
FE      0.81243      0.31249      0.56244     -0.01640      0.00533     -0.01888
FE      0.93751      0.43753      0.56246     -0.00024      0.00667     -0.01047
FE      0.93736      0.31256      0.68726     -0.03071      0.03123     -0.05072
FE      0.81246      0.43753      0.68750     -0.00540      0.00545     -0.00392
FE      0.81224      0.31255      0.81233     -0.04194      0.02411     -0.02981
FE      0.93743      0.43765      0.81237     -0.01643      0.03232     -0.02261
FE      0.93616      0.31397      0.93745     -0.04469      0.06483     -0.01340
FE      0.81227      0.43773      0.93751     -0.04030      0.04230      0.00136
FE      0.81244      0.56252      0.06249     -0.00792      0.00554     -0.00041
FE      0.93754      0.68753      0.06248     -0.00031      0.00208     -0.00035
FE      0.93752      0.56251      0.18756      0.00080      0.00558      0.00734
FE      0.81244      0.68748      0.18753     -0.00928     -0.00675      0.00312
FE      0.81248      0.56248      0.31248     -0.00223     -0.00006      0.00168
FE      0.93750      0.68749      0.31253      0.00068     -0.00577      0.00710
FE      0.93752      0.56248      0.43752      0.00219     -0.00183      0.00294
FE      0.81247      0.68752      0.43752     -0.00177      0.00021      0.00236
FE      0.81247      0.56248      0.56248     -0.00177     -0.00021     -0.00236
FE      0.93752      0.68752      0.56248      0.00219      0.00183     -0.00294
FE      0.93750      0.56251      0.68747      0.00069      0.00577     -0.00709
FE      0.81248      0.68752      0.68752     -0.00223      0.00005     -0.00167
FE      0.81244      0.56252      0.81247     -0.00927      0.00675     -0.00313
FE      0.93752      0.68749      0.81244      0.00081     -0.00557     -0.00735
FE      0.93754      0.56247      0.93752     -0.00031     -0.00208      0.00035
FE      0.81244      0.68748      0.93751     -0.00792     -0.00553      0.00040
FE      0.81227      0.81227      0.06249     -0.04030     -0.04230     -0.00135
FE      0.93616      0.93603      0.06255     -0.04470     -0.06484      0.01340
FE      0.93743      0.81235      0.18763     -0.01641     -0.03230      0.02261
FE      0.81224      0.93745      0.18767     -0.04194     -0.02411      0.02980
FE      0.81246      0.81247      0.31250     -0.00541     -0.00544      0.00393
FE      0.93736      0.93744      0.31274     -0.03071     -0.03124      0.05071
FE      0.93751      0.81247      0.43754     -0.00024     -0.00667      0.01048
FE      0.81243      0.93751      0.43756     -0.01640     -0.00533      0.01888
FE      0.81248      0.81248      0.56248     -0.00246     -0.00227     -0.00231
FE      0.93751      0.93752      0.56247     -0.00217     -0.00750     -0.01005
FE      0.93750      0.81244      0.68746     -0.00131     -0.01339     -0.01363
FE      0.81241      0.93750      0.68746     -0.01731     -0.00719     -0.01887
FE      0.81242      0.81243      0.81245     -0.01057     -0.01051     -0.00462
FE      0.93734      0.93739      0.81220     -0.03334     -0.04104     -0.04985
FE      0.93748      0.81242      0.93747     -0.01465     -0.02051     -0.01243
FE      0.81214      0.93732      0.93739     -0.05750     -0.04656     -0.02135
