/* Converted from PWscf output file */ 
#L_UNITS ang 
#E_UNITS eV 
#S_UNITS GPA 
#F_UNITS EV/ANG 
#ALAT 	  13.70228     // a0 
#X 	   1.00000    -0.00000    -0.00000     // X 
#Y 	  -0.00000     1.05579    -0.00001     // Y 
#Z 	  -0.00000    -0.00001     0.99998     // Z 
#SX 	  -0.13548    -0.00029     0.00015     // SX 
#SY 	  -0.00029    -0.12440    -0.00073     // SY 
#SZ 	   0.00015    -0.00073    -0.13475     // SZ 
#EPA 	  -4.29438     // Energy per Atom 
#C 	1 1 1 
#W 	1.0 
#RCUT 	6.5        // Rcut 
RU      0.06258      0.06254      0.06239      0.01189      0.00884     -0.02008
FE      0.18877      0.18886      0.06257     -0.01781     -0.02009      0.01689
FE      0.19023      0.06250      0.19008      0.01926      0.00361     -0.00833
FE      0.06251      0.18890      0.18882      0.00086     -0.01277     -0.01138
FE      0.06276      0.06257      0.31268      0.02538      0.01806     -0.01637
FE      0.18765      0.18761      0.31266      0.01793      0.01892      0.00705
FE      0.18750      0.06248      0.43742      0.00727      0.00179     -0.00031
FE      0.06260      0.18772      0.43743      0.00541      0.02546     -0.00952
FE      0.06272      0.06256      0.56263      0.01709      0.01124      0.01490
FE      0.18728      0.18744      0.56232     -0.01479     -0.00990     -0.01995
FE      0.18741      0.06231      0.68767      0.00296     -0.01874      0.00763
FE      0.06253      0.18749      0.68750      0.00110     -0.00073     -0.00535
FE      0.06252      0.06249      0.81221      0.00332     -0.00102      0.01497
FE      0.18747      0.18748      0.81236      0.00081     -0.00472     -0.00720
FE      0.19013      0.06246      0.93485      0.00480     -0.00372     -0.01007
FE      0.06239      0.18892      0.93631     -0.01371     -0.00916      0.01896
FE      0.06244      0.31258      0.06267     -0.01941      0.00182      0.04194
FE      0.18769      0.43745      0.06273      0.01688     -0.01276      0.03759
FE      0.18761      0.31257      0.18762      0.01566      0.01486      0.01603
FE      0.06266      0.43741      0.18777      0.01909     -0.01683      0.02765
FE      0.06243      0.31271      0.31258     -0.02406      0.02481      0.00091
FE      0.18754      0.43757      0.31253      0.00392      0.00655      0.00476
FE      0.18680      0.31250      0.43682     -0.06957      0.01291     -0.07179
FE      0.06240      0.43755      0.43744     -0.01513      0.01136     -0.00779
FE      0.06263      0.31251      0.56245      0.00432      0.00034     -0.01641
FE      0.18733      0.43760      0.56224     -0.01114      0.01270     -0.03889
FE      0.18720      0.31249      0.68746      0.00594      0.00408     -0.01394
FE      0.06267      0.43744      0.68726      0.01817     -0.00582     -0.03134
FE      0.06264      0.31258      0.81221      0.00744      0.00784     -0.02851
FE      0.18753      0.43757      0.81242      0.00235      0.00631     -0.00545
FE      0.18707      0.31236      0.93818     -0.04282     -0.00772      0.07064
FE      0.06370      0.43611      0.93761     -0.02563      0.00868      0.01108
FE      0.06519      0.56249      0.06517      0.01405     -0.00064      0.01425
FE      0.18777      0.68764      0.06265      0.03149      0.01988      0.02017
FE      0.18824      0.56246      0.18824      0.08113      0.00047      0.08134
FE      0.06268      0.68762      0.18775      0.02451      0.01434      0.02526
FE      0.06255      0.56243      0.31239      0.01060     -0.00485      0.00281
FE      0.18764      0.68749      0.31259      0.02442     -0.00598      0.01762
FE      0.18751      0.56249      0.43750      0.00451     -0.00045     -0.00265
FE      0.06268      0.68734      0.43751      0.02417     -0.02895      0.00495
FE      0.06252      0.56245      0.56255      0.00219      0.00199     -0.00754
FE      0.18757      0.68759      0.56241      0.01808      0.00521     -0.01664
FE      0.18805      0.56268      0.68678      0.05756      0.02722     -0.08469
FE      0.06269      0.68761      0.68728      0.01989      0.01312     -0.02879
FE      0.06514      0.56249      0.80987      0.00373      0.00728     -0.00082
FE      0.18775      0.68762      0.81226      0.02540      0.01866     -0.02418
FE      0.18786      0.56250      0.93756      0.00208      0.00551      0.00516
FE      0.06377      0.68895      0.93754     -0.00562     -0.00933     -0.00192
FE      0.06264      0.81234      0.06248      0.02494     -0.00848     -0.00589
FE      0.18894      0.93613      0.06239      0.02140      0.00674     -0.02664
FE      0.18770      0.81236      0.18755      0.03544     -0.02141      0.00316
FE      0.06328      0.93610      0.18811      0.08913      0.00117     -0.08724
FE      0.06277      0.81220      0.31254      0.02875     -0.03392      0.01288
FE      0.18762      0.93742      0.31274      0.02561     -0.01842      0.02063
FE      0.18753      0.81243      0.43755      0.00934     -0.01184      0.00819
FE      0.06285      0.93749      0.43751      0.00134     -0.00740      0.00466
FE      0.06277      0.81240      0.56261      0.02825     -0.01185      0.01014
FE      0.18739      0.93747      0.56248      0.00169     -0.00685      0.00360
FE      0.18764      0.81244      0.68754      0.02509     -0.00948     -0.00103
FE      0.06323      0.93755      0.68820      0.07700     -0.00733      0.07049
FE      0.06263      0.81234      0.81227      0.02286     -0.01415     -0.01998
FE      0.18782      0.93742      0.81232      0.05388     -0.01868      0.00359
FE      0.18780      0.81258      0.93745      0.03843      0.00391     -0.00970
FE      0.06249      0.93606      0.93624      0.00495     -0.00061      0.00746
FE      0.31283      0.06245      0.06252      0.00286     -0.00547      0.00611
FE      0.43751      0.18753      0.06247      0.00322      0.00103      0.00148
FE      0.43737      0.06251      0.18746     -0.01335      0.00558     -0.00659
FE      0.31275      0.18761      0.18769      0.02655      0.01861      0.01808
FE      0.31319      0.06247      0.31318      0.07853     -0.00514      0.07009
FE      0.43757      0.18756      0.31254      0.00822      0.00847      0.00570
FE      0.43765      0.06230      0.43744      0.02845     -0.01870      0.00811
FE      0.31238      0.18746      0.43732     -0.00676     -0.01028     -0.00963
FE      0.31241      0.06238      0.56240     -0.00910     -0.01763     -0.01185
FE      0.43748      0.18610      0.56124     -0.00765      0.01103      0.01395
FE      0.43757      0.06230      0.68747      0.01491     -0.01405     -0.01898
FE      0.31130      0.18610      0.68744      0.02717      0.00870     -0.01673
FE      0.31314      0.06237      0.81182      0.07134     -0.01792     -0.06609
FE      0.43760      0.18612      0.81369      0.01749      0.00902     -0.01924
FE      0.43745      0.06227      0.93771      0.00211     -0.02330      0.01768
FE      0.31257      0.18755      0.93762      0.01237     -0.00532      0.00691
FE      0.31270      0.31266      0.06242      0.02761      0.01827      0.00670
FE      0.43752      0.43754      0.06247      0.00560      0.01152      0.00492
FE      0.43755      0.31250      0.18754      0.00843      0.00652      0.00587
FE      0.31261      0.43755      0.18760      0.02136      0.00174      0.01440
FE      0.31249      0.31249      0.31258     -0.00067      0.00486      0.00196
FE      0.43752      0.43756      0.31248      0.00005      0.00602     -0.00162
FE      0.43752      0.31247      0.43714     -0.00328      0.00723     -0.00246
FE      0.31231      0.43764      0.43725     -0.01707      0.01775     -0.02472
FE      0.30984      0.31246      0.55984      0.00058      0.00267     -0.00660
FE      0.43753      0.43894      0.56122      0.00065     -0.01037      0.00842
RU      0.43749      0.31253      0.68750      0.00122     -0.00006     -0.00428
FE      0.31130      0.43891      0.68746      0.03100     -0.01418     -0.01350
FE      0.30990      0.31246      0.81512      0.01135     -0.00331      0.00536
FE      0.43753      0.43893      0.81376      0.00205     -0.00797     -0.00907
FE      0.43756      0.31249      0.93788      0.01064      0.00603      0.00238
FE      0.31235      0.43766      0.93778     -0.01115      0.01877      0.02638
FE      0.31239      0.56250      0.06253      0.00263      0.00844      0.01608
FE      0.43752      0.68752      0.06247      0.00432      0.00110      0.00478
FE      0.43752      0.56247      0.18754      0.00070      0.00045      0.00290
FE      0.31262      0.68751      0.18761      0.02386     -0.00223      0.01189
FE      0.31259      0.56250      0.31257      0.03121      0.00810      0.02476
FE      0.43749      0.68749      0.31247     -0.00781     -0.00061     -0.00573
FE      0.43752      0.56268      0.43731     -0.00514      0.02054     -0.02440
FE      0.31247      0.68756      0.43747      0.00229      0.00620     -0.00354
FE      0.31253      0.56258      0.56227      0.02048      0.01887     -0.04543
FE      0.43749      0.68750      0.56251     -0.00909     -0.00539     -0.00321
FE      0.43752      0.56268      0.68751     -0.00105      0.01939     -0.00287
FE      0.31258      0.68754      0.68744      0.01578      0.00281     -0.01261
FE      0.31233      0.56259      0.81254     -0.00565      0.01979      0.00285
FE      0.43753      0.68751      0.81246      0.00055     -0.00019      0.00149
FE      0.43753      0.56269      0.93772      0.00195      0.02650      0.02468
FE      0.31251      0.68753      0.93756      0.00876      0.00654      0.00453
FE      0.31271      0.81230      0.06250      0.03444     -0.02015      0.00130
FE      0.43739      0.93750      0.06235     -0.02747     -0.01262     -0.02811
FE      0.43748      0.81243      0.18746     -0.00763     -0.01180     -0.00739
FE      0.31276      0.93743      0.18768      0.02959     -0.01786      0.01793
FE      0.31250      0.81246      0.31250      0.00607     -0.00604      0.00201
FE      0.43767      0.93749      0.31255      0.01337     -0.01247      0.00081
FE      0.43753      0.81246      0.43751     -0.00260     -0.00736      0.00045
FE      0.31254      0.93744      0.43754      0.01295     -0.01303      0.01237
FE      0.31249      0.81248      0.56249      0.00392     -0.00342     -0.00127
FE      0.43759      0.93753      0.56251     -0.00132     -0.00227      0.00316
FE      0.43744      0.81244      0.68760     -0.01554     -0.00475      0.00917
FE      0.31258      0.93751      0.68746      0.01287     -0.00520     -0.01535
FE      0.31255      0.81249      0.81242      0.01384      0.00059     -0.00521
FE      0.43747      0.93750      0.81251     -0.01486     -0.00624      0.02206
FE      0.43755      0.81246      0.93750      0.00726     -0.00871     -0.00170
FE      0.31274      0.93737      0.93740      0.03208     -0.01913     -0.01565
FE      0.56241      0.06249      0.06244     -0.01321     -0.00119     -0.00859
FE      0.68753      0.18749      0.06254      0.00048      0.00195      0.00850
FE      0.68742      0.06258      0.18726     -0.02453      0.01645     -0.01914
FE      0.56245      0.18753      0.18750     -0.00568      0.00448     -0.00239
FE      0.56222      0.06256      0.31229     -0.02527      0.01140     -0.02762
FE      0.68743      0.18762      0.31240     -0.01779      0.01945     -0.01487
FE      0.68615      0.06391      0.43759     -0.01617     -0.00668      0.02284
FE      0.56245      0.18763      0.43725     -0.00537      0.01041     -0.02426
FE      0.56229      0.06248      0.56257     -0.01584     -0.00023      0.00699
FE      0.68771      0.18752      0.56238      0.01169      0.00247     -0.01093
FE      0.68743      0.06238      0.68767     -0.03048     -0.00694     -0.00634
FE      0.56374      0.18608      0.68754     -0.01491      0.00818      0.00207
FE      0.56248      0.06240      0.81261     -0.00405     -0.01287      0.02644
FE      0.68764      0.18742      0.81259      0.00114     -0.01071      0.01539
FE      0.68762      0.06247      0.93753     -0.00298     -0.00312     -0.00250
FE      0.56265      0.18743      0.93779      0.01163     -0.02002      0.02595
FE      0.56246      0.31246      0.06242     -0.00396     -0.00506      0.00543
FE      0.68733      0.43745      0.06272     -0.01962     -0.00636      0.03616
FE      0.68746      0.31253      0.18751     -0.01239      0.00943      0.00246
FE      0.56240      0.43750      0.18759     -0.01858     -0.00412      0.01131
FE      0.56244      0.31252      0.31254     -0.00103      0.00864     -0.00162
FE      0.68752      0.43753      0.31249     -0.00220      0.00144     -0.00030
FE      0.68826      0.31248      0.43679      0.07274     -0.00115     -0.07925
FE      0.56265      0.43763      0.43724      0.01619      0.01654     -0.02700
FE      0.56512      0.31254      0.55985      0.00691      0.00676     -0.00645
FE      0.68773      0.43759      0.56222      0.01359      0.01312     -0.03909
FE      0.68786      0.31251      0.68755     -0.00176      0.00172     -0.00023
FE      0.56368      0.43890      0.68744     -0.02731     -0.01463     -0.01272
FE      0.56513      0.31246      0.81515      0.00167     -0.00543      0.00827
FE      0.68751      0.43753      0.81248     -0.00123      0.00196      0.00112
FE      0.68802      0.31228      0.93824      0.04721     -0.02024      0.07940
FE      0.56265      0.43761      0.93780      0.01525      0.01289      0.02821
FE      0.56257      0.56249      0.06252     -0.00227      0.00715      0.01452
FE      0.68724      0.68762      0.06262     -0.03566      0.00587      0.01219
FE      0.68678      0.56243      0.18820     -0.08155     -0.00314      0.07513
FE      0.56237      0.68754      0.18757     -0.02378      0.00179      0.00858
FE      0.56232      0.56245      0.31256     -0.03514      0.00191      0.02102
FE      0.68736      0.68745      0.31247     -0.02689     -0.01217      0.00404
FE      0.68755      0.56250      0.43749     -0.00111      0.00566     -0.00430
FE      0.56229      0.68737      0.43746     -0.02736     -0.01702     -0.00507
FE      0.56238      0.56253      0.56229     -0.02589      0.01338     -0.04391
FE      0.68742      0.68751      0.56247     -0.02068     -0.00608     -0.00728
FE      0.68698      0.56264      0.68684     -0.05758      0.02269     -0.07795
FE      0.56236      0.68754      0.68747     -0.02043      0.00195     -0.00940
FE      0.56263      0.56257      0.81254      0.00693      0.01857      0.00624
FE      0.68729      0.68765      0.81235     -0.02600      0.01561     -0.01041
FE      0.68718      0.56250      0.93754     -0.00087      0.00552      0.00516
FE      0.56250      0.68760      0.93758     -0.00705      0.01024      0.00626
FE      0.56237      0.81247      0.06242     -0.02411     -0.00005     -0.01319
FE      0.68746      0.93755      0.06257     -0.01616     -0.00163     -0.00224
FE      0.68730      0.81237      0.18729     -0.03496     -0.02102     -0.01952
FE      0.56174      0.93752      0.18679     -0.08321     -0.00069     -0.07935
FE      0.56221      0.81238      0.31230     -0.02958     -0.02113     -0.01901
FE      0.68475      0.93750      0.30991     -0.03165     -0.00452      0.00813
FE      0.68624      0.81106      0.43751      0.00398      0.00951     -0.00017
FE      0.56212      0.93748      0.43746     -0.00487     -0.00818     -0.00173
FE      0.56220      0.81236      0.56266     -0.02957     -0.01854      0.01797
FE      0.68488      0.93747      0.56517     -0.01240     -0.00769      0.01227
FE      0.68733      0.81238      0.68777     -0.02560     -0.01504      0.02179
FE      0.56173      0.93755      0.68825     -0.08055      0.00049      0.07726
FE      0.56236      0.81246      0.81252     -0.02346     -0.00149      0.01116
FE      0.68743      0.93750      0.81232     -0.02461     -0.00650     -0.00971
FE      0.68729      0.81266      0.93751     -0.03435      0.01649     -0.00128
FE      0.56248      0.93747      0.93758     -0.00841     -0.00183      0.00401
FE      0.81211      0.06249      0.06247     -0.00443      0.00528     -0.00406
FE      0.93625      0.18896      0.06243      0.01018     -0.00328     -0.00437
FE      0.93500      0.06257      0.18986      0.00741      0.02133     -0.02642
FE      0.81219      0.18778      0.18755     -0.02558      0.03489      0.00224
FE      0.81170      0.06395      0.31196     -0.08659      0.00560      0.09276
FE      0.93743      0.18774      0.31266     -0.00857      0.02951      0.01669
FE      0.93877      0.06392      0.43744     -0.01850     -0.00296      0.00217
FE      0.81248      0.18773      0.43752      0.00445      0.02148      0.00481
FE      0.81250      0.06391      0.56375      0.00716     -0.00775     -0.01243
FE      0.93760      0.18763      0.56257      0.01106      0.01405      0.00398
FE      0.93768      0.06258      0.68786      0.01398      0.01707      0.02141
FE      0.81237      0.18769      0.68759     -0.01119      0.02035      0.00199
FE      0.81178      0.06248      0.81176     -0.07214     -0.00180     -0.07458
FE      0.93737      0.18765      0.81225     -0.01708      0.02613     -0.01935
FE      0.93482      0.06249      0.93483     -0.01263     -0.00097     -0.01129
FE      0.81230      0.18760      0.93743     -0.01244      0.01455     -0.00681
FE      0.81232      0.31257      0.06269     -0.00442      0.01278      0.03850
FE      0.93753      0.43607      0.06375     -0.00275      0.00356     -0.00752
FE      0.93745      0.31242      0.18775     -0.01035     -0.00081      0.03126
FE      0.81225      0.43747      0.18780     -0.02358     -0.00980      0.02714
FE      0.81256      0.31247      0.31243      0.02403     -0.00259     -0.02117
FE      0.93750      0.43755      0.31254     -0.00029      0.00201      0.00598
FE      0.93749      0.31249      0.43754     -0.00010      0.00658      0.00685
FE      0.81255      0.43755      0.43744      0.01526      0.00615     -0.01183
FE      0.81238      0.31245      0.56242     -0.00215     -0.00501     -0.01498
FE      0.93752      0.43751      0.56248      0.00136     -0.00423     -0.00638
FE      0.93752      0.31234      0.68734     -0.00150     -0.01153     -0.02933
FE      0.81229      0.43745      0.68725     -0.01673     -0.01032     -0.02756
FE      0.81230      0.31239      0.81238     -0.01216     -0.00806     -0.00474
FE      0.93751      0.43615      0.81116     -0.00045      0.00940      0.00908
FE      0.93744      0.31238      0.93746     -0.01267     -0.00093     -0.00923
FE      0.81123      0.43617      0.93759      0.02336      0.01504      0.01337
FE      0.80984      0.56248      0.06517     -0.00422     -0.00583      0.00933
FE      0.93755      0.68891      0.06372      0.00081     -0.01568     -0.01696
FE      0.93754      0.56244      0.18783      0.00173     -0.00622      0.00026
FE      0.81225      0.68737      0.18760     -0.02641     -0.01283      0.00402
FE      0.81246      0.56249      0.31243     -0.00762      0.00153      0.00150
FE      0.93759      0.68739      0.31245      0.01130     -0.01816     -0.00281
FE      0.93750      0.56248      0.43752      0.00293      0.00323     -0.00102
FE      0.81248      0.68733      0.43752     -0.00075     -0.01777      0.00133
FE      0.81249      0.56250      0.56252      0.00254      0.00852     -0.00560
FE      0.93761      0.68744      0.56257      0.01307     -0.01235      0.00773
FE      0.93753      0.56243      0.68720      0.00186     -0.00479     -0.00107
FE      0.81230      0.68742      0.68745     -0.01632     -0.00239     -0.00389
FE      0.80988      0.56249      0.80986      0.00580      0.00308      0.00377
FE      0.93753      0.68886      0.81118      0.00422     -0.02311      0.01481
RU      0.93751      0.56250      0.93752     -0.00028      0.00409      0.00373
FE      0.81116      0.68889      0.93752      0.00750     -0.01484      0.00142
FE      0.81219      0.81235      0.06257     -0.03657     -0.01312      0.00717
FE      0.93625      0.93609      0.06254      0.01441      0.00174     -0.00162
FE      0.93762      0.81248      0.18754      0.00976     -0.01177      0.01084
FE      0.81219      0.93748      0.18738     -0.02920     -0.01192      0.02257
FE      0.81242      0.81107      0.31127     -0.00969      0.01223      0.02571
FE      0.93999      0.93743      0.31014     -0.01799     -0.01518      0.03338
FE      0.93877      0.81104      0.43755     -0.01441      0.00282      0.01036
RU      0.81242      0.93745      0.43759     -0.01279     -0.01113      0.02198
FE      0.81246      0.81108      0.56373     -0.00492      0.01109     -0.01545
FE      0.94016      0.93752      0.56518      0.00225      0.00495      0.00820
FE      0.93768      0.81256      0.68755      0.01867     -0.00115     -0.00692
FE      0.81238      0.93754      0.68776     -0.01022     -0.00623     -0.01777
FE      0.81238      0.81254      0.81237     -0.01484      0.00656     -0.01260
FE      0.93736      0.93742      0.81215     -0.01333     -0.01902     -0.02629
FE      0.93744      0.81257      0.93745     -0.01039     -0.00143     -0.01166
FE      0.81223      0.93741      0.93735     -0.02768     -0.02036     -0.01992
