/* Converted from PWscf output file */ 
#L_UNITS ang 
#E_UNITS eV 
#S_UNITS GPA 
#F_UNITS EV/ANG 
#ALAT 	  13.68132     // a0 
#X 	   1.00000     0.00000    -0.00000     // X 
#Y 	  -0.00000     1.05618    -0.00010     // Y 
#Z 	  -0.00000     0.00010     1.00037     // Z 
#SX 	  -0.04813     0.00000    -0.00000     // SX 
#SY 	   0.00000     0.00131     0.00219     // SY 
#SZ 	  -0.00000     0.00219    -0.04958     // SZ 
#EPA 	  -4.28009     // Energy per Atom 
#C 	1 1 1 
#W 	1.0 
#RCUT 	6.5        // Rcut 
RU      0.06247      0.06067      0.06436      0.00034     -0.00759      0.00659
FE      0.19105      0.18868      0.06515      0.01500      0.00228      0.00675
FE      0.19070      0.06220      0.19088      0.00843      0.00472      0.00958
FE      0.06244      0.18885      0.18927      0.00154      0.00254      0.01471
FE      0.06247      0.06233      0.31295     -0.00103      0.00274      0.00743
FE      0.18801      0.18776      0.31299      0.00172     -0.00976      0.00029
FE      0.18766      0.06243      0.43749      0.00532      0.00229      0.00280
FE      0.06248      0.18760      0.43752     -0.00040     -0.00570      0.00180
FE      0.06248      0.06240      0.56243     -0.00040      0.00570     -0.00180
FE      0.18766      0.18758      0.56246      0.00532     -0.00229     -0.00280
FE      0.18801      0.06224      0.68696      0.00172      0.00976     -0.00029
FE      0.06247      0.18768      0.68700     -0.00103     -0.00275     -0.00743
FE      0.06244      0.06116      0.81068      0.00154     -0.00254     -0.01471
FE      0.19070      0.18781      0.80907      0.00843     -0.00472     -0.00958
FE      0.19105      0.06132      0.93480      0.01499     -0.00228     -0.00675
RU      0.06247      0.18934      0.93559      0.00034      0.00760     -0.00659
FE      0.06248      0.31423      0.06367     -0.00099     -0.00731      0.00876
FE      0.18774      0.43782      0.06257     -0.00026     -0.00858     -0.00216
FE      0.18802      0.31296      0.18817     -0.00145     -0.00357     -0.00175
FE      0.06247      0.43793      0.18786     -0.00021     -0.01125     -0.00210
FE      0.06249      0.31298      0.31288     -0.00109     -0.00162     -0.00163
FE      0.18767      0.43779      0.31267      0.00235     -0.00362     -0.00042
FE      0.18766      0.31266      0.43761      0.00525      0.00882      0.00121
FE      0.06248      0.43767      0.43751     -0.00074     -0.00153      0.00044
FE      0.06248      0.31264      0.56237     -0.00119      0.00933     -0.00282
FE      0.18766      0.43773      0.56220      0.00463     -0.00055     -0.00078
FE      0.18806      0.31293      0.68667      0.00042      0.00328      0.00316
FE      0.06248      0.43815      0.68681      0.00030     -0.01071      0.00358
FE      0.06247      0.31497      0.81025      0.00037     -0.00884     -0.00744
FE      0.18784      0.43803      0.81204     -0.00170     -0.01106     -0.00062
FE      0.18888      0.31418      0.93722      0.00875     -0.00427     -0.00030
FE      0.06247      0.43795      0.93742     -0.00043     -0.00809     -0.00207
FE      0.06248      0.56250      0.06239     -0.00084      0.00699      0.00001
FE      0.18757      0.68749      0.06236      0.00325     -0.00679      0.00016
FE      0.18759      0.56261      0.18755      0.00321      0.00489      0.00280
FE      0.06248      0.68749      0.18744     -0.00099     -0.00724      0.00376
FE      0.06248      0.56257      0.31247     -0.00084      0.00530     -0.00021
FE      0.18761      0.68737      0.31253      0.00365     -0.00588      0.00043
FE      0.18757      0.56253      0.43745      0.00483      0.00855      0.00096
FE      0.06248      0.68740      0.43749     -0.00104     -0.00543      0.00075
FE      0.06248      0.56261      0.56226     -0.00104      0.00544     -0.00075
FE      0.18757      0.68748      0.56230      0.00483     -0.00855     -0.00096
FE      0.18761      0.56264      0.68722      0.00365      0.00588     -0.00042
FE      0.06248      0.68744      0.68728     -0.00084     -0.00529      0.00021
FE      0.06248      0.56252      0.81231     -0.00099      0.00724     -0.00375
FE      0.18759      0.68739      0.81220      0.00321     -0.00488     -0.00280
FE      0.18757      0.56251      0.93739      0.00325      0.00679     -0.00016
FE      0.06248      0.68750      0.93736     -0.00085     -0.00697      0.00001
FE      0.06247      0.81205      0.06233     -0.00043      0.00809      0.00206
FE      0.18888      0.93583      0.06253      0.00876      0.00427      0.00030
FE      0.18784      0.81198      0.18771     -0.00169      0.01106      0.00062
FE      0.06247      0.93503      0.18950      0.00037      0.00883      0.00745
FE      0.06248      0.81185      0.31294      0.00030      0.01072     -0.00358
FE      0.18806      0.93708      0.31308      0.00040     -0.00327     -0.00318
FE      0.18766      0.81227      0.43755      0.00463      0.00053      0.00076
FE      0.06248      0.93737      0.43738     -0.00119     -0.00934      0.00282
FE      0.06248      0.81233      0.56224     -0.00074      0.00153     -0.00044
FE      0.18766      0.93735      0.56214      0.00525     -0.00882     -0.00121
FE      0.18767      0.81222      0.68708      0.00235      0.00362      0.00041
FE      0.06249      0.93703      0.68687     -0.00109      0.00162      0.00163
FE      0.06247      0.81207      0.81189     -0.00021      0.01125      0.00211
FE      0.18802      0.93704      0.81158     -0.00145      0.00357      0.00176
FE      0.18774      0.81219      0.93718     -0.00026      0.00858      0.00216
FE      0.06248      0.93578      0.93608     -0.00099      0.00732     -0.00876
FE      0.31332      0.06228      0.06280      0.00022      0.00560     -0.00057
FE      0.43751      0.18759      0.06253      0.00192     -0.00556      0.00029
FE      0.43776      0.06234      0.18784      0.00115      0.00389      0.00349
FE      0.31420      0.18770      0.18909     -0.01360     -0.00905     -0.01322
FE      0.31418      0.06236      0.31418     -0.01078      0.00041     -0.01300
FE      0.43826      0.18767      0.31316     -0.00562     -0.00466     -0.00382
FE      0.43818      0.06238      0.43804     -0.00133      0.00128     -0.00467
FE      0.31285      0.18767      0.43777      0.00575     -0.00410      0.00041
FE      0.31285      0.06234      0.56218      0.00575      0.00410     -0.00041
FE      0.43818      0.18762      0.56191     -0.00133     -0.00129      0.00468
FE      0.43826      0.06234      0.68679     -0.00562      0.00466      0.00382
FE      0.31418      0.18765      0.68577     -0.01078     -0.00041      0.01299
FE      0.31420      0.06231      0.81086     -0.01359      0.00904      0.01322
FE      0.43776      0.18767      0.81211      0.00115     -0.00389     -0.00349
FE      0.43751      0.06241      0.93742      0.00192      0.00556     -0.00029
FE      0.31332      0.18773      0.93715      0.00022     -0.00561      0.00057
FE      0.31330      0.31304      0.06278     -0.00716     -0.00547     -0.00210
FE      0.43774      0.43772      0.06248     -0.00090     -0.00448      0.00029
FE      0.43794      0.31273      0.18780     -0.00147      0.00735      0.00276
FE      0.31272      0.43777      0.18761      0.00099     -0.00326      0.00252
FE      0.31286      0.31273      0.31280      0.00170      0.00781     -0.00060
FE      0.43761      0.43766      0.31247      0.00360      0.00440      0.00188
FE      0.43769      0.31265      0.43748      0.00585      0.01728      0.00102
FE      0.31263      0.43768      0.43746      0.00507      0.00352      0.00050
FE      0.31289      0.31274      0.56210      0.00390      0.01193      0.00029
FE      0.43760      0.43764      0.56234      0.00499      0.00633     -0.00337
FE      0.43787      0.31271      0.68715      0.00182      0.01295     -0.00145
FE      0.31267      0.43772      0.68726      0.00404      0.00196     -0.00264
FE      0.31314      0.31286      0.81192     -0.00252      0.00323     -0.00162
FE      0.43773      0.43772      0.81225      0.00138     -0.00115     -0.00388
FE      0.43769      0.31269      0.93738      0.00079      0.00613     -0.00002
FE      0.31304      0.43808      0.93737     -0.00304     -0.01116     -0.00147
FE      0.31264      0.56262      0.06243      0.00111      0.00445     -0.00022
FE      0.43765      0.68743      0.06236      0.00100     -0.00522     -0.00010
FE      0.43761      0.56252      0.18747      0.00259      0.00818      0.00404
FE      0.31268      0.68735      0.18749      0.00110     -0.00510      0.00304
FE      0.31258      0.56252      0.31245      0.00311      0.00834      0.00093
FE      0.43759      0.68747      0.31240      0.00372     -0.00936      0.00255
FE      0.43757      0.56250      0.43743      0.00452      0.00969      0.00191
FE      0.31256      0.68747      0.43742      0.00383     -0.00918      0.00215
FE      0.31256      0.56254      0.56233      0.00383      0.00918     -0.00215
FE      0.43757      0.68750      0.56232      0.00452     -0.00969     -0.00191
FE      0.43759      0.56254      0.68735      0.00372      0.00936     -0.00255
FE      0.31258      0.68748      0.68730      0.00310     -0.00834     -0.00093
FE      0.31268      0.56265      0.81226      0.00110      0.00510     -0.00304
FE      0.43761      0.68748      0.81228      0.00259     -0.00818     -0.00404
FE      0.43765      0.56257      0.93739      0.00100      0.00522      0.00010
FE      0.31264      0.68739      0.93732      0.00111     -0.00444      0.00021
FE      0.31304      0.81193      0.06238     -0.00304      0.01118      0.00146
FE      0.43769      0.93732      0.06237      0.00079     -0.00613      0.00002
FE      0.43773      0.81229      0.18750      0.00138      0.00115      0.00388
FE      0.31314      0.93714      0.18783     -0.00252     -0.00324      0.00162
FE      0.31267      0.81229      0.31249      0.00404     -0.00196      0.00263
FE      0.43787      0.93729      0.31260      0.00181     -0.01295      0.00145
FE      0.43760      0.81237      0.43741      0.00498     -0.00633      0.00337
FE      0.31289      0.93727      0.43765      0.00390     -0.01193     -0.00030
FE      0.31263      0.81233      0.56229      0.00507     -0.00351     -0.00050
FE      0.43769      0.93735      0.56227      0.00584     -0.01728     -0.00101
FE      0.43761      0.81235      0.68729      0.00359     -0.00440     -0.00188
FE      0.31286      0.93727      0.68695      0.00168     -0.00781      0.00059
FE      0.31272      0.81223      0.81214      0.00099      0.00327     -0.00253
FE      0.43794      0.93728      0.81195     -0.00147     -0.00735     -0.00276
FE      0.43774      0.81229      0.93727     -0.00091      0.00448     -0.00029
FE      0.31330      0.93696      0.93697     -0.00717      0.00547      0.00210
FE      0.56249      0.06243      0.06249     -0.00011      0.00328      0.00146
FE      0.68753      0.18760      0.06255      0.00003     -0.00541      0.00112
FE      0.68730      0.06234      0.18785      0.00126      0.00356      0.00401
FE      0.56248      0.18757      0.18761     -0.00109     -0.00401      0.00627
FE      0.56248      0.06239      0.31266     -0.00085     -0.00030      0.00357
FE      0.68677      0.18766      0.31317      0.00581     -0.00321     -0.00410
FE      0.68686      0.06239      0.43803      0.00149     -0.00057     -0.00556
FE      0.56248      0.18762      0.43755     -0.00104      0.00017      0.00029
FE      0.56248      0.06239      0.56240     -0.00103     -0.00017     -0.00029
FE      0.68686      0.18762      0.56192      0.00148      0.00057      0.00556
FE      0.68677      0.06235      0.68678      0.00581      0.00321      0.00410
FE      0.56248      0.18761      0.68729     -0.00085      0.00030     -0.00357
FE      0.56248      0.06243      0.81234     -0.00109      0.00402     -0.00627
FE      0.68730      0.18766      0.81210      0.00126     -0.00356     -0.00401
FE      0.68753      0.06241      0.93740      0.00003      0.00540     -0.00112
FE      0.56249      0.18757      0.93746     -0.00011     -0.00329     -0.00146
FE      0.56248      0.31256      0.06245     -0.00096      0.00966      0.00093
FE      0.68731      0.43772      0.06248      0.00181     -0.00380      0.00054
FE      0.68711      0.31274      0.18779      0.00382      0.00631      0.00233
FE      0.56248      0.43767      0.18754     -0.00091      0.00199      0.00420
FE      0.56248      0.31267      0.31259     -0.00089      0.01498      0.00210
FE      0.68744      0.43766      0.31247     -0.00237      0.00464      0.00221
FE      0.68736      0.31266      0.43748     -0.00427      0.01718      0.00068
FE      0.56248      0.43761      0.43745     -0.00093      0.00706      0.00165
FE      0.56248      0.31264      0.56229     -0.00132      0.01853     -0.00445
FE      0.68745      0.43764      0.56234     -0.00334      0.00651     -0.00327
FE      0.68717      0.31272      0.68714     -0.00044      0.01225     -0.00220
FE      0.56248      0.43766      0.68732     -0.00064      0.00472     -0.00381
FE      0.56248      0.31263      0.81230     -0.00090      0.01197     -0.00441
FE      0.68732      0.43772      0.81226      0.00000     -0.00046     -0.00356
FE      0.68735      0.31269      0.93738      0.00138      0.00599     -0.00017
FE      0.56248      0.43762      0.93743     -0.00087      0.00011     -0.00021
FE      0.56248      0.56252      0.06238     -0.00096      0.00774      0.00080
FE      0.68740      0.68743      0.06236      0.00085     -0.00499      0.00011
FE      0.68744      0.56252      0.18747     -0.00069      0.00810      0.00395
FE      0.56248      0.68747      0.18742     -0.00102     -0.00889      0.00419
FE      0.56248      0.56250      0.31241     -0.00087      0.00941      0.00217
FE      0.68746      0.68746      0.31240     -0.00203     -0.00931      0.00272
FE      0.68748      0.56250      0.43743     -0.00271      0.00971      0.00183
FE      0.56248      0.68750      0.43741     -0.00095     -0.01007      0.00299
FE      0.56248      0.56251      0.56234     -0.00095      0.01007     -0.00299
FE      0.68748      0.68750      0.56232     -0.00271     -0.00971     -0.00182
FE      0.68746      0.56254      0.68735     -0.00203      0.00931     -0.00273
FE      0.56248      0.68750      0.68734     -0.00087     -0.00941     -0.00217
FE      0.56248      0.56253      0.81233     -0.00102      0.00889     -0.00419
FE      0.68744      0.68748      0.81228     -0.00070     -0.00809     -0.00395
FE      0.68740      0.56258      0.93739      0.00085      0.00499     -0.00011
FE      0.56248      0.68748      0.93737     -0.00096     -0.00773     -0.00080
FE      0.56248      0.81239      0.06232     -0.00087     -0.00011      0.00021
FE      0.68735      0.93731      0.06237      0.00140     -0.00598      0.00017
FE      0.68732      0.81229      0.18749      0.00000      0.00046      0.00356
FE      0.56248      0.93738      0.18745     -0.00090     -0.01197      0.00441
FE      0.56248      0.81235      0.31243     -0.00064     -0.00472      0.00381
FE      0.68717      0.93729      0.31261     -0.00044     -0.01225      0.00219
FE      0.68745      0.81237      0.43741     -0.00334     -0.00651      0.00327
FE      0.56248      0.93737      0.43746     -0.00134     -0.01853      0.00445
FE      0.56248      0.81239      0.56230     -0.00094     -0.00705     -0.00164
FE      0.68736      0.93735      0.56227     -0.00427     -0.01718     -0.00067
FE      0.68744      0.81235      0.68728     -0.00237     -0.00464     -0.00221
FE      0.56248      0.93733      0.68716     -0.00089     -0.01498     -0.00210
FE      0.56248      0.81234      0.81221     -0.00091     -0.00199     -0.00419
FE      0.68711      0.93727      0.81196      0.00382     -0.00631     -0.00232
FE      0.68731      0.81229      0.93727      0.00181      0.00381     -0.00054
FE      0.56248      0.93745      0.93730     -0.00096     -0.00966     -0.00093
FE      0.81162      0.06226      0.06279     -0.00124      0.00758     -0.00087
FE      0.93388      0.18868      0.06517     -0.01399      0.00047      0.00547
FE      0.93423      0.06219      0.19087     -0.00900      0.00570      0.00964
FE      0.81082      0.18773      0.18910      0.01479     -0.01314     -0.01276
FE      0.81084      0.06235      0.31419      0.01176      0.00240     -0.01161
FE      0.93701      0.18776      0.31301     -0.00142     -0.00838      0.00132
FE      0.93738      0.06243      0.43750     -0.00344      0.00198      0.00349
FE      0.81210      0.18767      0.43778     -0.00784     -0.00488      0.00112
FE      0.81210      0.06233      0.56217     -0.00784      0.00488     -0.00112
FE      0.93738      0.18758      0.56245     -0.00344     -0.00198     -0.00349
FE      0.93701      0.06224      0.68694     -0.00141      0.00838     -0.00133
FE      0.81084      0.18766      0.68576      0.01175     -0.00241      0.01161
FE      0.81082      0.06228      0.81085      0.01480      0.01314      0.01277
FE      0.93423      0.18782      0.80908     -0.00900     -0.00570     -0.00964
FE      0.93388      0.06132      0.93478     -0.01399     -0.00047     -0.00547
FE      0.81162      0.18774      0.93716     -0.00124     -0.00758      0.00088
FE      0.81168      0.31305      0.06277      0.00538     -0.00449     -0.00250
FE      0.93731      0.43782      0.06257      0.00067     -0.00753     -0.00181
FE      0.93701      0.31299      0.18817      0.00414     -0.00386     -0.00183
FE      0.81223      0.43778      0.18761     -0.00250     -0.00364      0.00304
FE      0.81211      0.31273      0.31280     -0.00344      0.00849     -0.00071
FE      0.93737      0.43779      0.31267     -0.00171     -0.00303     -0.00006
FE      0.93739      0.31266      0.43761     -0.00300      0.00877      0.00083
FE      0.81234      0.43768      0.43746     -0.00651      0.00340      0.00086
FE      0.81208      0.31273      0.56210     -0.00621      0.01276     -0.00073
FE      0.93740      0.43773      0.56220     -0.00321     -0.00007     -0.00058
FE      0.93696      0.31294      0.68666      0.00037      0.00314      0.00250
FE      0.81229      0.43772      0.68726     -0.00528      0.00178     -0.00253
FE      0.81181      0.31286      0.81190     -0.00013      0.00439     -0.00261
FE      0.93721      0.43803      0.81204      0.00154     -0.00962     -0.00064
FE      0.93609      0.31417      0.93721     -0.00892     -0.00135     -0.00068
FE      0.81192      0.43809      0.93738      0.00329     -0.01278     -0.00142
FE      0.81233      0.56262      0.06242     -0.00321      0.00486     -0.00035
FE      0.93748      0.68749      0.06236     -0.00150     -0.00693      0.00028
FE      0.93746      0.56262      0.18755     -0.00094      0.00485      0.00275
FE      0.81228      0.68736      0.18749     -0.00344     -0.00554      0.00340
FE      0.81239      0.56252      0.31245     -0.00481      0.00854      0.00085
FE      0.93743      0.68736      0.31253     -0.00174     -0.00575      0.00063
FE      0.93748      0.56253      0.43745     -0.00285      0.00860      0.00088
FE      0.81241      0.68747      0.43743     -0.00576     -0.00931      0.00235
FE      0.81241      0.56254      0.56232     -0.00576      0.00931     -0.00235
FE      0.93748      0.68748      0.56230     -0.00284     -0.00860     -0.00088
FE      0.93743      0.56264      0.68722     -0.00174      0.00575     -0.00063
FE      0.81239      0.68748      0.68730     -0.00481     -0.00854     -0.00085
FE      0.81228      0.56265      0.81226     -0.00344      0.00554     -0.00340
FE      0.93746      0.68739      0.81220     -0.00094     -0.00485     -0.00275
FE      0.93748      0.56252      0.93739     -0.00149      0.00693     -0.00027
FE      0.81233      0.68739      0.93733     -0.00321     -0.00486      0.00035
FE      0.81192      0.81192      0.06237      0.00329      0.01278      0.00142
FE      0.93609      0.93583      0.06254     -0.00892      0.00135      0.00068
FE      0.93721      0.81198      0.18771      0.00154      0.00962      0.00065
FE      0.81181      0.93714      0.18785     -0.00013     -0.00439      0.00261
FE      0.81229      0.81228      0.31249     -0.00527     -0.00178      0.00253
FE      0.93696      0.93707      0.31309      0.00038     -0.00314     -0.00250
FE      0.93740      0.81227      0.43755     -0.00320      0.00007      0.00057
FE      0.81208      0.93727      0.43765     -0.00621     -0.01277      0.00073
FE      0.81234      0.81232      0.56229     -0.00651     -0.00340     -0.00086
FE      0.93739      0.93734      0.56214     -0.00300     -0.00877     -0.00083
FE      0.93737      0.81222      0.68708     -0.00171      0.00303      0.00006
FE      0.81211      0.93727      0.68695     -0.00343     -0.00849      0.00071
FE      0.81223      0.81223      0.81214     -0.00250      0.00364     -0.00304
FE      0.93701      0.93702      0.81158      0.00414      0.00386      0.00183
FE      0.93731      0.81219      0.93718      0.00067      0.00752      0.00181
FE      0.81168      0.93696      0.93698      0.00538      0.00449      0.00250
