/* Converted from PWscf output file */ 
#L_UNITS ang 
#E_UNITS eV 
#S_UNITS GPA 
#F_UNITS EV/ANG 
#ALAT 	  13.72579     // a0 
#X 	   1.00000     0.00000     0.00000     // X 
#Y 	   0.00000     1.05383     0.00001     // Y 
#Z 	   0.00000     0.00001     0.99999     // Z 
#SX 	  -0.66443     0.00073    -0.00204     // SX 
#SY 	   0.00073    -0.18755    -0.00233     // SY 
#SZ 	  -0.00204    -0.00233    -0.66735     // SZ 
#EPA 	  -4.30214     // Energy per Atom 
#C 	1 1 1 
#W 	1.0 
#RCUT 	6.5        // Rcut 
RU      0.06255      0.06252      0.06243      0.01185      0.00951     -0.01882
FE      0.18875      0.18885      0.06253      0.05364      0.06573      0.01098
FE      0.19008      0.06249      0.18998      0.14948      0.00578      0.13138
FE      0.06251      0.18886      0.18879      0.00070      0.07080      0.06325
FE      0.06270      0.06253      0.31271      0.02988      0.01693      0.00365
FE      0.18763      0.18756      0.31264      0.01672      0.02128      0.01515
FE      0.18748      0.06248      0.43743     -0.00104      0.00636     -0.00232
FE      0.06259      0.18766      0.43745      0.01023      0.02976     -0.00896
FE      0.06268      0.06253      0.56260      0.02339      0.01211      0.01838
FE      0.18732      0.18746      0.56237     -0.02330     -0.00992     -0.02210
FE      0.18742      0.06235      0.68765     -0.00558     -0.02388      0.01432
FE      0.06253      0.18749      0.68750      0.00037     -0.00195     -0.00370
FE      0.06251      0.06251      0.81219      0.00239     -0.00040     -0.01167
FE      0.18748      0.18749      0.81238     -0.00195     -0.00424     -0.01193
FE      0.19003      0.06247      0.93497      0.14288     -0.00355     -0.15048
FE      0.06242      0.18887      0.93633     -0.01398      0.07256     -0.04843
FE      0.06248      0.31258      0.06258     -0.01180      0.00668      0.03126
FE      0.18766      0.43747      0.06265      0.02113     -0.01344      0.03304
FE      0.18758      0.31254      0.18758      0.01466      0.01386      0.01637
FE      0.06262      0.43744      0.18771      0.02118     -0.01663      0.03238
FE      0.06248      0.31266      0.31258     -0.01645      0.02725      0.00810
FE      0.18755      0.43757      0.31252      0.00129      0.00501      0.00433
FE      0.18696      0.31248      0.43698     -0.08402      0.00665     -0.08146
FE      0.06244      0.43753      0.43745     -0.01343      0.00856     -0.00799
FE      0.06262      0.31250      0.56249      0.00913     -0.00012     -0.01112
FE      0.18736      0.43757      0.56232     -0.01939      0.01356     -0.03641
FE      0.18719      0.31248      0.68749     -0.01877      0.00152     -0.00841
FE      0.06263      0.43746      0.68732      0.01920     -0.00726     -0.03152
FE      0.06262      0.31256      0.81227      0.01291      0.00915     -0.03474
FE      0.18753      0.43757      0.81243      0.00238      0.00836     -0.00752
FE      0.18717      0.31238      0.93803     -0.04842     -0.01302      0.07952
FE      0.06369      0.43616      0.93759      0.04640     -0.07278      0.01104
FE      0.06506      0.56249      0.06504      0.15281     -0.00073      0.15069
FE      0.18766      0.68758      0.06256      0.01947      0.01696      0.00942
FE      0.18805      0.56246      0.18805      0.08370     -0.00753      0.08832
FE      0.06263      0.68758      0.18770      0.02317      0.01660      0.02876
FE      0.06253      0.56245      0.31239      0.00868     -0.00737     -0.00425
FE      0.18761      0.68750      0.31255      0.01744     -0.00914      0.01506
FE      0.18749      0.56249      0.43751     -0.00408     -0.00592      0.00109
FE      0.06263      0.68739      0.43750      0.02441     -0.02796      0.00438
FE      0.06251      0.56245      0.56256      0.00242     -0.00253      0.00056
FE      0.18750      0.68756      0.56249     -0.00133      0.00347     -0.00322
FE      0.18793      0.56262      0.68695      0.06419      0.02688     -0.08922
FE      0.06264      0.68759      0.68733      0.02110      0.01624     -0.02975
FE      0.06504      0.56246      0.80997      0.14599      0.00190     -0.14301
FE      0.18770      0.68759      0.81231      0.02811      0.01951     -0.02806
FE      0.18785      0.56248      0.93755      0.02434      0.00165      0.00495
FE      0.06372      0.68891      0.93755      0.05885      0.07651      0.00177
FE      0.06259      0.81236      0.06248      0.02195     -0.01396     -0.00494
FE      0.18880      0.93620      0.06239      0.07058     -0.06594     -0.03194
FE      0.18771      0.81240      0.18754      0.03162     -0.02075      0.00123
FE      0.06308      0.93616      0.18824      0.09504     -0.07428     -0.02600
FE      0.06270      0.81227      0.31252      0.03067     -0.04044      0.00977
FE      0.18758      0.93747      0.31269      0.01857     -0.01027      0.02543
FE      0.18759      0.81246      0.43753      0.00790     -0.01141      0.01188
FE      0.06283      0.93751      0.43749      0.02232     -0.00344      0.00454
FE      0.06271      0.81242      0.56260      0.03065     -0.01400      0.01494
FE      0.18735      0.93751      0.56252     -0.01916     -0.00024      0.01218
FE      0.18753      0.81246      0.68760     -0.00306     -0.00833      0.02553
FE      0.06306      0.93755      0.68804      0.08606     -0.00105      0.08162
FE      0.06259      0.81237      0.81232      0.02036     -0.01648     -0.02648
FE      0.18771      0.93745      0.81232      0.04656     -0.01588     -0.01027
FE      0.18766      0.81257      0.93741      0.01569      0.00838     -0.03224
FE      0.06248      0.93611      0.93628      0.00143     -0.08030     -0.05947
FE      0.31280      0.06247      0.06249      0.02060     -0.00328      0.00228
FE      0.43750      0.18757      0.06242      0.00301      0.00850     -0.00695
FE      0.43734      0.06256      0.18742     -0.02652      0.02061     -0.01677
FE      0.31265      0.18761      0.18764      0.02355      0.02368      0.02143
FE      0.31287      0.06263      0.31303      0.05974      0.02439      0.08156
FE      0.43757      0.18753      0.31253      0.00861      0.00493      0.00532
FE      0.43754      0.06241      0.43748      0.00942     -0.00475      0.00983
FE      0.31235      0.18751      0.43736     -0.01839     -0.00441     -0.01576
FE      0.31241      0.06242      0.56244     -0.01513     -0.01506     -0.00985
FE      0.43748      0.18618      0.56131     -0.00725     -0.06589     -0.05055
FE      0.43753      0.06234      0.68752      0.00908     -0.01726     -0.00460
FE      0.31130      0.18615      0.68747     -0.04611     -0.07236     -0.01115
FE      0.31298      0.06240      0.81197      0.07563     -0.01935     -0.07867
FE      0.43757      0.18616      0.81367      0.01540     -0.07270      0.04987
FE      0.43743      0.06232      0.93766     -0.00222     -0.02390      0.01638
FE      0.31255      0.18756      0.93760      0.01066      0.00170      0.01023
FE      0.31264      0.31262      0.06241      0.02614      0.02069     -0.00315
FE      0.43749      0.43748      0.06241      0.00328      0.00285     -0.00511
FE      0.43754      0.31249      0.18754      0.00743      0.00385      0.00452
FE      0.31253      0.43751      0.18756      0.01132     -0.00145      0.01150
FE      0.31249      0.31248      0.31258     -0.00324      0.00055      0.00518
FE      0.43754      0.43755      0.31249      0.00075      0.00936     -0.00389
FE      0.43754      0.31246      0.43715     -0.00042      0.00045     -0.02479
FE      0.31230      0.43757      0.43732     -0.02922      0.01439     -0.02809
FE      0.30994      0.31246      0.55996     -0.14373     -0.00383     -0.14422
FE      0.43751      0.43887      0.56130      0.00149      0.07003     -0.05310
RU      0.43748      0.31252      0.68751     -0.00074      0.00204     -0.00015
FE      0.31129      0.43887      0.68748     -0.04454      0.07045     -0.00669
FE      0.30997      0.31247      0.81501     -0.13641     -0.00455      0.14695
FE      0.43753      0.43889      0.81372      0.00361      0.07562      0.05787
FE      0.43753      0.31248      0.93786      0.00851      0.00237      0.02513
FE      0.31238      0.43761      0.93772     -0.01518      0.01934      0.03123
FE      0.31237      0.56248      0.06248     -0.00809      0.00150      0.00627
FE      0.43738      0.68746      0.06225     -0.01826     -0.01497     -0.03031
FE      0.43747      0.56240      0.18747     -0.01020     -0.01975     -0.00920
FE      0.31236      0.68744      0.18745     -0.01233     -0.01868     -0.00955
FE      0.31238      0.56233      0.31253     -0.00577     -0.02333      0.01639
FE      0.43624      0.68609      0.31248     -0.07187     -0.08784     -0.00621
FE      0.43748      0.56258      0.43742     -0.01232      0.00683     -0.01252
FE      0.31225      0.68749      0.43760     -0.03375     -0.01096      0.01805
FE      0.31247      0.56254      0.56238      0.00680      0.01394     -0.03430
FE      0.43738      0.68744      0.56273     -0.02611     -0.02131      0.03121
FE      0.43751      0.56263      0.68752     -0.00120      0.01842      0.00637
FE      0.31249      0.68752      0.68751      0.00113     -0.00028      0.00417
FE      0.31235      0.56256      0.81253     -0.01588      0.01679      0.00505
FE      0.43753      0.68751      0.81246      0.00149     -0.00035     -0.00181
FE      0.43751      0.56263      0.93765      0.00081      0.02206      0.02094
FE      0.31244      0.68750      0.93751     -0.00494      0.00113     -0.00708
FE      0.31208      0.81233      0.06194     -0.05780     -0.02592     -0.08878
FE      0.43732      0.93759      0.06220     -0.03909      0.01062     -0.05298
FE      0.43491      0.81246      0.18489     -0.16260     -0.00927     -0.16529
FE      0.31248      0.93753      0.18751      0.00038      0.00287      0.00013
FE      0.31213      0.81247      0.31249     -0.02418     -0.00619     -0.00058
FE      0.43640      0.93888      0.31254     -0.04506      0.06900      0.00318
FE      0.43496      0.81248      0.44005     -0.15720     -0.00496      0.14795
FE      0.31230      0.93753      0.43764     -0.02265      0.00876      0.03034
FE      0.31193      0.81249      0.56304     -0.08811     -0.00243      0.08756
FE      0.43746      0.93760      0.56272     -0.01810      0.01931      0.03428
FE      0.43748      0.81245      0.68749     -0.01537     -0.00563      0.00838
FE      0.31250      0.93753      0.68753     -0.00123      0.00382      0.00329
FE      0.31251      0.81248      0.81244      0.00657      0.00100     -0.00719
FE      0.43751      0.93751      0.81247     -0.00862     -0.00101      0.01160
FE      0.43754      0.81248      0.93759      0.00391     -0.00580      0.00264
FE      0.31262      0.93743      0.93739      0.02118     -0.01465     -0.02810
FE      0.56244      0.06264      0.06230     -0.01198      0.02590     -0.03489
FE      0.68754      0.18752      0.06248      0.00294      0.00761     -0.00040
FE      0.68753      0.06261      0.18726     -0.00468      0.03295     -0.03611
FE      0.56246      0.18752      0.18752     -0.00531      0.00266     -0.00134
FE      0.56229      0.06270      0.31235     -0.02960      0.03513     -0.02746
FE      0.68745      0.18758      0.31244     -0.01336      0.01807     -0.01509
FE      0.68628      0.06394      0.43761     -0.06711      0.09363      0.02937
FE      0.56246      0.18759      0.43728     -0.00634      0.01098     -0.02978
FE      0.56233      0.06262      0.56271     -0.02036      0.02623      0.03410
FE      0.68769      0.18755      0.56245      0.02169      0.00639     -0.00640
FE      0.68750      0.06240      0.68769     -0.01556     -0.00607      0.01606
FE      0.56371      0.18612      0.68753      0.05545     -0.07252      0.00733
FE      0.56248      0.06242      0.81256     -0.00158     -0.01441      0.02224
FE      0.68763      0.18744      0.81256      0.01041     -0.01289      0.01494
FE      0.68763      0.06248      0.93752      0.00728      0.00208     -0.00666
FE      0.56263      0.18746      0.93775      0.01681     -0.01444      0.02986
FE      0.56247      0.31247      0.06241     -0.00375     -0.00536     -0.00379
FE      0.68738      0.43742      0.06260     -0.02117     -0.01491      0.02633
FE      0.68748      0.31251      0.18751     -0.00737      0.00677      0.00053
FE      0.56243      0.43752      0.18759     -0.01530     -0.00081      0.01015
FE      0.56244      0.31250      0.31255     -0.00358      0.00475      0.00177
FE      0.68751      0.43753      0.31249      0.00127      0.00365     -0.00132
FE      0.68809      0.31248      0.43695      0.08764     -0.00251     -0.08675
FE      0.56262      0.43760      0.43728      0.01983      0.01998     -0.02992
FE      0.56501      0.31253      0.55996      0.14638      0.00645     -0.14531
FE      0.68771      0.43753      0.56235      0.02335      0.00869     -0.03089
FE      0.68786      0.31251      0.68755      0.02419      0.00138      0.00535
FE      0.56368      0.43888      0.68746      0.04440      0.06700     -0.00619
FE      0.56503      0.31248      0.81503      0.14411     -0.00455      0.14868
FE      0.68751      0.43753      0.81248     -0.00035      0.00326     -0.00091
FE      0.68792      0.31232      0.93807      0.05869     -0.02663      0.08851
FE      0.56262      0.43759      0.93775      0.01715      0.01083      0.03119
FE      0.56257      0.56233      0.06234      0.00273     -0.02492     -0.01785
FE      0.68744      0.68754      0.06238     -0.01262     -0.00481     -0.01743
FE      0.68701      0.56237      0.18798     -0.07638     -0.02434      0.07267
FE      0.56242      0.68614      0.18629     -0.01927     -0.07791     -0.05615
FE      0.56239      0.56228      0.31252     -0.02850     -0.02778      0.01444
FE      0.68866      0.68608      0.31246      0.03652     -0.09080      0.00012
FE      0.68761      0.56242      0.43755      0.01466     -0.01543      0.01038
FE      0.56237      0.68604      0.43871     -0.02139     -0.09329      0.05459
FE      0.56244      0.56236      0.56253     -0.01823     -0.01742     -0.00949
FE      0.68759      0.68745      0.56269      0.00504     -0.02196      0.02678
FE      0.68712      0.56259      0.68702     -0.05998      0.01713     -0.07607
FE      0.56240      0.68752      0.68747     -0.01772     -0.00221     -0.00446
FE      0.56262      0.56254      0.81253      0.01311      0.01554      0.00654
FE      0.68734      0.68761      0.81237     -0.02537      0.01821     -0.01594
FE      0.68720      0.56248      0.93752     -0.01976     -0.00267     -0.00235
FE      0.56251      0.68757      0.93758     -0.00416      0.00792      0.00628
FE      0.56242      0.81247      0.06210     -0.01922     -0.00120     -0.03775
FE      0.68763      0.93762      0.06236      0.01108      0.01985     -0.03009
FE      0.68991      0.81241      0.18478      0.11870     -0.02090     -0.17746
FE      0.56196      0.93888      0.18576     -0.08342      0.07469     -0.13861
RU      0.56221      0.81240      0.31233     -0.04226     -0.02577     -0.02660
FE      0.68618      0.93888      0.31000     -0.10100      0.08913     -0.14860
FE      0.68883      0.81108      0.44004      0.08826     -0.09409      0.15604
FE      0.56212      0.93890      0.43873     -0.03188      0.07529      0.05706
FE      0.56227      0.81241      0.56297     -0.03289     -0.01926      0.04491
FE      0.68512      0.93755      0.56525     -0.12727      0.01186      0.18102
FE      0.68738      0.81241      0.68764     -0.01867     -0.01714      0.02841
FE      0.56191      0.93756      0.68806     -0.09096      0.00980      0.09213
FE      0.56241      0.81247      0.81250     -0.01902     -0.00128      0.00854
FE      0.68748      0.93751      0.81234     -0.01545     -0.00135     -0.01509
FE      0.68736      0.81262      0.93759     -0.02680      0.02017      0.00278
FE      0.56250      0.93748      0.93759     -0.00539      0.00315      0.00469
FE      0.81215      0.06249      0.06246     -0.02437      0.00641     -0.00743
FE      0.93628      0.18891      0.06243     -0.05642      0.08167     -0.00839
FE      0.93509      0.06254      0.18981     -0.12392      0.02179      0.10876
FE      0.81229      0.18775      0.18753     -0.02738      0.04691      0.00203
FE      0.81202      0.06402      0.31181     -0.07379      0.10676      0.03003
FE      0.93742      0.18766      0.31263     -0.00666      0.03593      0.01982
FE      0.93878      0.06389      0.43745      0.06756      0.08942      0.00050
FE      0.81251      0.18772      0.43752      0.00800      0.03387      0.00518
FE      0.81250      0.06387      0.56375      0.00804      0.07886      0.06331
FE      0.93758      0.18761      0.56256      0.01389      0.01780      0.00755
FE      0.93764      0.06255      0.68781      0.01930      0.01602      0.03462
FE      0.81240      0.18765      0.68759     -0.01138      0.02381      0.00972
FE      0.81194      0.06248      0.81192     -0.08273     -0.00090     -0.08650
FE      0.93740      0.18759      0.81230     -0.01779      0.02415     -0.02564
FE      0.93494      0.06250      0.93496     -0.15160      0.00134     -0.15130
FE      0.81233      0.18758      0.93744     -0.01917      0.01737     -0.00998
FE      0.81233      0.31254      0.06261     -0.01587      0.01064      0.02974
FE      0.93754      0.43612      0.06371      0.00100     -0.07965      0.05735
FE      0.93747      0.31243      0.18768     -0.00849     -0.00609      0.03374
FE      0.81234      0.43745      0.18773     -0.02348     -0.01599      0.03184
FE      0.81251      0.31247      0.31247      0.01714     -0.00477     -0.01513
FE      0.93749      0.43755      0.31252      0.00319     -0.00068      0.00718
FE      0.93749      0.31248      0.43753      0.00143      0.00191      0.00621
FE      0.81257      0.43751      0.43748      0.01717     -0.00024     -0.00810
FE      0.81239      0.31246      0.56245     -0.00582     -0.00733     -0.01150
FE      0.93751      0.43751      0.56250      0.00323     -0.00377     -0.00452
FE      0.93752      0.31237      0.68740      0.00064     -0.01838     -0.02554
FE      0.81233      0.43747      0.68731     -0.02093     -0.01045     -0.02894
FE      0.81233      0.31240      0.81239     -0.01804     -0.01394     -0.01037
FE      0.93751      0.43619      0.81120      0.00076     -0.06868     -0.06270
FE      0.93746      0.31238      0.93748     -0.01139     -0.00977     -0.00912
FE      0.81124      0.43619      0.93756     -0.05104     -0.06651      0.01082
FE      0.80996      0.56249      0.06504     -0.14221     -0.00666      0.14663
FE      0.93759      0.68886      0.06365      0.01704      0.06566      0.04035
FE      0.93755      0.56245      0.18781      0.00944     -0.01104      0.01937
FE      0.81252      0.68734      0.18746      0.00240     -0.03191     -0.01485
FE      0.81262      0.56234      0.31242      0.01946     -0.02701     -0.00410
FE      0.93755      0.68742      0.31246      0.01552     -0.02233     -0.00490
FE      0.93751      0.56248      0.43753      0.00801     -0.00444      0.00314
FE      0.81269      0.68730      0.43764      0.02860     -0.03856      0.02341
FE      0.81250      0.56248      0.56255      0.00353      0.00206      0.00244
FE      0.93762      0.68745      0.56261      0.02815     -0.01495      0.02026
FE      0.93752      0.56243      0.68720      0.00234     -0.00729     -0.01955
FE      0.81238      0.68741      0.68750     -0.00994     -0.01073      0.00910
FE      0.80997      0.56249      0.80995     -0.13532     -0.00041     -0.13933
FE      0.93752      0.68885      0.81120      0.00397      0.06291     -0.05976
RU      0.93751      0.56249      0.93752     -0.00052      0.00232      0.00003
FE      0.81125      0.68884      0.93747     -0.05310      0.06499     -0.01151
FE      0.81283      0.81238      0.06199      0.04860     -0.01719     -0.08111
FE      0.93631      0.93617      0.06249     -0.04193     -0.07188     -0.00899
FE      0.93751      0.81250      0.18751      0.00916     -0.00856      0.00427
FE      0.81246      0.93756      0.18721     -0.00280      0.00689     -0.01771
FE      0.81282      0.81107      0.31125      0.02133     -0.07785     -0.05336
FE      0.93992      0.93747      0.31016      0.12604     -0.00718     -0.10918
FE      0.93866      0.81110      0.43754      0.05740     -0.08166      0.01253
RU      0.81276      0.93759      0.43771      0.03270      0.01701      0.04546
FE      0.81299      0.81112      0.56423      0.07761     -0.07001      0.13426
FE      0.94011      0.93752      0.56515      0.16221      0.00738      0.16815
FE      0.93769      0.81256      0.68762      0.04319      0.00356      0.02143
FE      0.81245      0.93757      0.68783     -0.00039      0.00500      0.02102
FE      0.81242      0.81252      0.81239     -0.01360      0.00751     -0.01457
FE      0.93739      0.93744      0.81221     -0.01548     -0.01633     -0.03593
FE      0.93752      0.81257      0.93742      0.01272      0.00501     -0.03214
FE      0.81234      0.93747      0.93736     -0.02069     -0.01342     -0.03328
