/* Converted from PWscf output file */ 
#L_UNITS ang 
#E_UNITS eV 
#S_UNITS GPA 
#F_UNITS EV/ANG 
#ALAT 	  13.70768     // a0 
#X 	   1.00000    -0.00001    -0.00001     // X 
#Y 	  -0.00001     1.05557    -0.00001     // Y 
#Z 	  -0.00001    -0.00001     0.99995     // Z 
#SX 	   0.01021     0.00058     0.00000     // SX 
#SY 	   0.00058     0.01633     0.00073     // SY 
#SZ 	   0.00000     0.00073     0.00992     // SZ 
#EPA 	  -4.30251     // Energy per Atom 
#C 	1 1 1 
#W 	1.0 
#RCUT 	6.5        // Rcut 
RU      0.06265      0.06265      0.06219      0.00009      0.00125     -0.00363
FE      0.18868      0.18877      0.06269      0.00508      0.00440      0.00150
FE      0.19030      0.06262      0.18999      0.00346      0.00232     -0.00203
FE      0.06251      0.18882      0.18878     -0.00065     -0.00104      0.00167
FE      0.06293      0.06268      0.31257     -0.00058     -0.00432     -0.00095
FE      0.18774      0.18776      0.31267     -0.00033     -0.00192     -0.00472
FE      0.18742      0.06257      0.43746     -0.00270      0.00036      0.00165
FE      0.06263      0.18785      0.43733     -0.00195     -0.00511     -0.00314
FE      0.06285      0.06268      0.56279      0.00069      0.00360      0.00395
FE      0.18720      0.18744      0.56221      0.00467      0.00844      0.00236
FE      0.18748      0.06228      0.68776      0.00732      0.01374      0.00429
FE      0.06258      0.18751      0.68748      0.00569      0.00684      0.00280
FE      0.06256      0.06253      0.81234      0.00424      0.00649      0.00324
FE      0.18751      0.18748      0.81231      0.00442      0.00773      0.00070
FE      0.19023      0.06247      0.93473      0.00663      0.00736     -0.00360
FE      0.06230      0.18888      0.93641      0.00140      0.00599     -0.00421
FE      0.06227      0.31260      0.06299     -0.00352      0.00180      0.00462
FE      0.18777      0.43738      0.06300     -0.00247      0.00274      0.00374
FE      0.18769      0.31264      0.18773     -0.00108     -0.00293     -0.00011
FE      0.06278      0.43733      0.18796     -0.00120      0.00526     -0.00082
FE      0.06224      0.31285      0.31253     -0.00142     -0.00358     -0.00667
FE      0.18754      0.43757      0.31257      0.00136     -0.00083      0.00096
FE      0.18640      0.31260      0.43639      0.01291      0.00122      0.00789
FE      0.06229      0.43764      0.43737     -0.00031      0.00102     -0.00175
FE      0.06269      0.31253      0.56234      0.00399      0.00315     -0.00159
FE      0.18728      0.43764      0.56197      0.00625     -0.00491     -0.00181
FE      0.18727      0.31252      0.68735      0.00555      0.00215     -0.00212
FE      0.06282      0.43743      0.68704      0.00488      0.00149     -0.00005
FE      0.06270      0.31263      0.81205      0.00124      0.00216      0.00442
FE      0.18757      0.43762      0.81238      0.00273     -0.00140     -0.00063
FE      0.18681      0.31234      0.93862      0.00465      0.00492     -0.00637
FE      0.06355      0.43619      0.93771      0.00566      0.00120      0.00341
FE      0.06533      0.56243      0.06527      0.00517     -0.00529      0.00136
FE      0.18777      0.68762      0.06259     -0.00094     -0.01167     -0.00436
FE      0.18863      0.56239      0.18869     -0.00914     -0.00159     -0.00941
FE      0.06288      0.68764      0.18789      0.00575     -0.00803     -0.00264
FE      0.06264      0.56239      0.31240      0.00292      0.00032     -0.00068
FE      0.18784      0.68739      0.31272      0.00678      0.00029      0.00142
FE      0.18744      0.56241      0.43753      0.00175     -0.00213      0.00116
FE      0.06284      0.68714      0.43756      0.00051      0.00307      0.00122
FE      0.06254      0.56241      0.56254      0.00174     -0.00582      0.00083
FE      0.18752      0.68752      0.56248      0.00397     -0.00501      0.00291
FE      0.18841      0.56279      0.68625     -0.00359     -0.01261      0.00604
FE      0.06285      0.68761      0.68715      0.00493     -0.01396      0.00619
FE      0.06522      0.56251      0.80983      0.00593     -0.00500     -0.00174
FE      0.18789      0.68766      0.81211     -0.00164     -0.01502      0.00015
FE      0.18786      0.56251      0.93759      0.00013     -0.00568      0.00063
FE      0.06379      0.68881      0.93748      0.01026     -0.01265     -0.00537
FE      0.06284      0.81226      0.06235      0.00464     -0.00463     -0.00789
FE      0.18895      0.93629      0.06195      0.00730      0.00501     -0.01010
FE      0.18801      0.81222      0.18748      0.00499      0.00001     -0.00483
FE      0.06386      0.93613      0.18760     -0.00407      0.00077      0.01221
FE      0.06299      0.81203      0.31263      0.00522      0.00790     -0.00013
FE      0.18779      0.93739      0.31288      0.00354      0.00272     -0.00026
FE      0.18767      0.81238      0.43769      0.00519      0.00300      0.00350
FE      0.06287      0.93750      0.43756      0.00307      0.00358      0.00184
FE      0.06299      0.81234      0.56274      0.00444      0.00193      0.00409
FE      0.18720      0.93752      0.56270      0.00061      0.00311      0.00513
FE      0.18748      0.81236      0.68793      0.00355     -0.00367      0.00583
FE      0.06376      0.93754      0.68872     -0.00172      0.00534     -0.00086
FE      0.06281      0.81223      0.81218      0.00415     -0.00408      0.00559
FE      0.18820      0.93735      0.81241      0.00343      0.00754      0.00523
FE      0.18767      0.81256      0.93698     -0.00390     -0.00872     -0.00698
FE      0.06254      0.93610      0.93620      0.00420      0.00597     -0.01066
FE      0.31277      0.06251      0.06245     -0.00403      0.00809     -0.00679
FE      0.43749      0.18766      0.06237     -0.00428      0.00530     -0.00140
FE      0.43709      0.06279      0.18724     -0.00310      0.00137     -0.00226
FE      0.31283      0.18784      0.18777     -0.00099      0.00250     -0.00256
FE      0.31331      0.06281      0.31363     -0.00653     -0.00218     -0.00707
FE      0.43762      0.18766      0.31260     -0.00070      0.00767      0.00314
FE      0.43773      0.06244      0.43771      0.00561      0.00251      0.00648
FE      0.31226      0.18755      0.43732      0.00301      0.00955      0.00492
FE      0.31230      0.06236      0.56241      0.00237      0.00839      0.00451
FE      0.43741      0.18633      0.56141      0.00154      0.01071     -0.00312
FE      0.43764      0.06233      0.68743     -0.00065      0.00940     -0.00006
FE      0.31146      0.18623      0.68734     -0.00241      0.01087     -0.00055
FE      0.31356      0.06234      0.81145     -0.00564      0.01457      0.01021
FE      0.43774      0.18623      0.81358      0.00069      0.01099      0.00246
FE      0.43737      0.06227      0.93769     -0.00781      0.01303     -0.00540
FE      0.31265      0.18754      0.93764     -0.00103      0.00519     -0.00260
FE      0.31286      0.31275      0.06247     -0.00207     -0.00260      0.00239
FE      0.43753      0.43751      0.06240     -0.00179     -0.00163     -0.00045
FE      0.43762      0.31255      0.18762     -0.00022      0.00079      0.00439
FE      0.31268      0.43745      0.18771      0.00211     -0.00280      0.00415
FE      0.31250      0.31254      0.31262      0.00280      0.00302      0.00257
FE      0.43750      0.43757      0.31253     -0.00159     -0.00524      0.00703
FE      0.43750      0.31255      0.43712     -0.00007      0.00504      0.00105
FE      0.31214      0.43762      0.43713      0.00560     -0.00762      0.00280
FE      0.30981      0.31251      0.55977      0.00057      0.00502     -0.00308
FE      0.43749      0.43875      0.56130     -0.00148     -0.00578     -0.00877
RU      0.43750      0.31253      0.68749      0.00045      0.00352     -0.00152
FE      0.31147      0.43879      0.68735     -0.00370     -0.00251     -0.00482
FE      0.30996      0.31246      0.81517      0.00057      0.00425      0.00063
FE      0.43755      0.43887      0.81373     -0.00091     -0.00257      0.00409
FE      0.43763      0.31254      0.93787      0.00016      0.00365     -0.00100
FE      0.31226      0.43775      0.93793     -0.00182     -0.00321     -0.00237
FE      0.31232      0.56248      0.06258     -0.00353     -0.00556     -0.00008
FE      0.43721      0.68729      0.06204     -0.00431     -0.00386     -0.00078
FE      0.43736      0.56223      0.18740     -0.00118     -0.00086      0.00305
FE      0.31233      0.68725      0.18737      0.00191     -0.00242     -0.00036
FE      0.31247      0.56218      0.31279      0.00522      0.00068      0.00525
FE      0.43608      0.68598      0.31244     -0.00585      0.00355      0.00354
FE      0.43733      0.56255      0.43733     -0.00086     -0.00574      0.00229
FE      0.31205      0.68740      0.43777      0.00460      0.00311      0.00234
FE      0.31265      0.56259      0.56201      0.00478     -0.01051     -0.00013
FE      0.43709      0.68726      0.56293     -0.00361      0.00260     -0.00261
FE      0.43745      0.56269      0.68759     -0.00342     -0.00930     -0.00072
FE      0.31252      0.68745      0.68757      0.00049     -0.00854      0.00110
FE      0.31226      0.56265      0.81254     -0.00038     -0.01133     -0.00372
FE      0.43750      0.68746      0.81247     -0.00349     -0.00819     -0.00056
FE      0.43748      0.56274      0.93775     -0.00460     -0.00983     -0.00560
FE      0.31236      0.68745      0.93735     -0.00495     -0.00965     -0.00572
FE      0.31168      0.81214      0.06121      0.00467     -0.00110      0.00232
FE      0.43684      0.93763      0.06170     -0.00929     -0.00217     -0.00243
FE      0.43456      0.81234      0.18455     -0.00476     -0.00293     -0.00070
FE      0.31249      0.93754      0.18747     -0.00208      0.00016     -0.00375
FE      0.31214      0.81239      0.31252      0.00139     -0.00160      0.00245
FE      0.43648      0.93876      0.31257     -0.00607     -0.00233      0.00143
FE      0.43466      0.81240      0.44027     -0.00284     -0.00323      0.00494
FE      0.31218      0.93755      0.43797      0.00307     -0.00415      0.00452
FE      0.31132      0.81244      0.56374      0.01107     -0.00253     -0.00335
FE      0.43729      0.93769      0.56300      0.00122     -0.00691      0.00058
FE      0.43726      0.81239      0.68762     -0.00444     -0.00391      0.00108
FE      0.31249      0.93755      0.68756      0.00070      0.00141      0.00198
FE      0.31262      0.81245      0.81239      0.00128     -0.00846      0.00010
FE      0.43732      0.93747      0.81269     -0.00533     -0.00094      0.00164
FE      0.43751      0.81237      0.93751     -0.00648     -0.00746     -0.00480
FE      0.31275      0.93736      0.93707     -0.00454      0.00527     -0.00393
FE      0.56230      0.06285      0.06202     -0.00350     -0.00177      0.00151
FE      0.68757      0.18759      0.06251      0.00145      0.00067      0.00194
FE      0.68741      0.06289      0.18698     -0.00361     -0.00652      0.00184
FE      0.56238      0.18759      0.18747     -0.00373      0.00497     -0.00095
FE      0.56207      0.06295      0.31211     -0.00049     -0.00394      0.00057
FE      0.68731      0.18776      0.31233     -0.00130     -0.00016      0.00316
FE      0.68611      0.06407      0.43794     -0.00914     -0.00619      0.00396
FE      0.56242      0.18772      0.43713      0.00067      0.00560      0.00615
FE      0.56217      0.06282      0.56299     -0.00259     -0.00247     -0.00032
FE      0.68778      0.18767      0.56239     -0.00547      0.00840     -0.00148
FE      0.68718      0.06244      0.68768     -0.00987      0.00557     -0.00486
FE      0.56365      0.18624      0.68759      0.00147      0.01151     -0.00251
FE      0.56240      0.06237      0.81279     -0.00673      0.00821     -0.00119
FE      0.68760      0.18742      0.81268     -0.00563      0.01019     -0.00190
FE      0.68766      0.06253      0.93740      0.00101      0.00115     -0.00221
FE      0.56271      0.18740      0.93792     -0.00382      0.01055     -0.00210
FE      0.56241      0.31244      0.06247     -0.00222      0.00353      0.00366
FE      0.68723      0.43735      0.06290      0.00272      0.00532      0.00404
FE      0.68734      0.31261      0.18756     -0.00341      0.00214      0.00442
FE      0.56224      0.43748      0.18769     -0.00431     -0.00015      0.00386
FE      0.56242      0.31261      0.31255     -0.00225      0.00433      0.00262
FE      0.68751      0.43755      0.31250     -0.00126      0.00155      0.00183
FE      0.68866      0.31249      0.43629     -0.01292      0.00341      0.00589
FE      0.56273      0.43770      0.43707     -0.00485     -0.00696      0.00199
FE      0.56519      0.31259      0.55978      0.00017      0.00195     -0.00354
FE      0.68782      0.43755      0.56203     -0.00378     -0.00420     -0.00315
FE      0.68783      0.31254      0.68756     -0.00372      0.00469     -0.00266
FE      0.56352      0.43875      0.68739      0.00238     -0.00159     -0.00282
FE      0.56516      0.31246      0.81521      0.00012      0.00609     -0.00125
FE      0.68750      0.43754      0.81248     -0.00014     -0.00001     -0.00041
FE      0.68830      0.31221      0.93870     -0.00690      0.01039     -0.00897
FE      0.56277      0.43764      0.93793      0.00133     -0.00145     -0.00255
FE      0.56255      0.56218      0.06227     -0.00188      0.00210      0.00345
FE      0.68729      0.68740      0.06224     -0.00160     -0.00439     -0.00004
FE      0.68641      0.56219      0.18851      0.00426      0.00376     -0.00685
FE      0.56216      0.68608      0.18632     -0.00715     -0.00093     -0.00290
FE      0.56204      0.56212      0.31273     -0.00459      0.00177      0.00279
FE      0.68841      0.68594      0.31255      0.00135      0.00367      0.00393
FE      0.68769      0.56232      0.43761     -0.00389      0.00314     -0.00222
FE      0.56215      0.68595      0.43865     -0.00619      0.00791      0.00394
FE      0.56214      0.56223      0.56233     -0.00832     -0.00147     -0.00437
FE      0.68757      0.68727      0.56285     -0.00339      0.00431     -0.00402
FE      0.68665      0.56266      0.68647      0.00399     -0.00881      0.00765
FE      0.56218      0.68748      0.68742     -0.00651     -0.00308     -0.00232
FE      0.56266      0.56266      0.81258     -0.00415     -0.00737     -0.00184
FE      0.68710      0.68769      0.81229     -0.00256     -0.00928      0.00070
FE      0.68722      0.56244      0.93748      0.00183     -0.00306      0.00044
FE      0.56244      0.68755      0.93760     -0.00322     -0.00880     -0.00128
FE      0.56216      0.81244      0.06192     -0.00688     -0.00519     -0.00304
FE      0.68768      0.93776      0.06209     -0.00057     -0.00327      0.00031
FE      0.68975      0.81224      0.18441     -0.00307      0.00044      0.00018
FE      0.56131      0.93883      0.18514      0.00112     -0.00506     -0.00088
RU      0.56195      0.81222      0.31220     -0.00013      0.00357      0.00373
FE      0.68579      0.93897      0.30987     -0.00163     -0.00675      0.00714
FE      0.68892      0.81096      0.44030     -0.00872      0.00475     -0.00043
FE      0.56202      0.93880      0.43872     -0.00286     -0.00650      0.00770
FE      0.56198      0.81229      0.56320     -0.00458      0.00245      0.00300
FE      0.68497      0.93760      0.56569     -0.01053     -0.00576      0.00080
FE      0.68716      0.81229      0.68786     -0.00625     -0.00084     -0.00305
FE      0.56122      0.93759      0.68871      0.00425     -0.00481     -0.01185
FE      0.56215      0.81241      0.81258     -0.00720     -0.00789     -0.00288
FE      0.68724      0.93746      0.81223     -0.00563     -0.00249     -0.00282
FE      0.68712      0.81271      0.93752      0.00035     -0.00915     -0.00397
FE      0.56239      0.93752      0.93759     -0.00497     -0.00166     -0.00077
FE      0.81215      0.06258      0.06237      0.00155     -0.00076     -0.00274
FE      0.93632      0.18895      0.06240     -0.00136     -0.00209      0.00195
FE      0.93510      0.06279      0.18970     -0.00253     -0.00180      0.00434
FE      0.81214      0.18804      0.18755      0.00336     -0.01012      0.00244
FE      0.81148      0.06429      0.31250      0.00808     -0.00645     -0.01092
FE      0.93739      0.18791      0.31275     -0.00033     -0.00751     -0.00297
FE      0.93885      0.06404      0.43750      0.00215     -0.00500      0.00124
FE      0.81259      0.18797      0.43758     -0.00206     -0.00066      0.00080
FE      0.81261      0.06395      0.56381     -0.00045      0.00200      0.00566
FE      0.93770      0.18775      0.56260     -0.00028      0.00175     -0.00069
FE      0.93781      0.06272      0.68804      0.00216      0.00300      0.00124
FE      0.81227      0.18786      0.68760     -0.00447      0.00352     -0.00430
FE      0.81140      0.06250      0.81131      0.01013      0.00371      0.00715
FE      0.93727      0.18782      0.81214      0.00214      0.00226      0.00117
FE      0.93471      0.06250      0.93471     -0.00039      0.00158     -0.00353
FE      0.81225      0.18770      0.93738      0.00356     -0.00071      0.00103
FE      0.81239      0.31266      0.06297      0.00948      0.00194      0.00431
FE      0.93754      0.43611      0.06376      0.00243      0.00564      0.00915
FE      0.93743      0.31245      0.18792      0.00358      0.00397     -0.00457
FE      0.81222      0.43735      0.18797      0.00445      0.00780      0.00038
FE      0.81275      0.31248      0.31227      0.00116      0.00417     -0.00127
FE      0.93754      0.43755      0.31255      0.00081      0.00565     -0.00420
FE      0.93751      0.31255      0.43759     -0.00053      0.00320     -0.00099
FE      0.81277      0.43752      0.43737      0.00203      0.00276     -0.00236
FE      0.81236      0.31245      0.56232     -0.00389      0.00660     -0.00194
FE      0.93755      0.43749      0.56245      0.00077      0.00251      0.00036
FE      0.93751      0.31233      0.68715      0.00001      0.00993      0.00040
FE      0.81218      0.43738      0.68708     -0.00053      0.00238     -0.00019
FE      0.81222      0.31239      0.81236     -0.00023      0.00940      0.00164
FE      0.93751      0.43622      0.81118      0.00180      0.00164     -0.00543
FE      0.93737      0.31239      0.93741      0.00292      0.00473      0.00371
FE      0.81138      0.43628      0.93768     -0.00277      0.00392      0.00296
FE      0.80986      0.56235      0.06519      0.00036     -0.00347      0.00182
FE      0.93782      0.68870      0.06344      0.00722     -0.00519      0.00105
FE      0.93769      0.56231      0.18778      0.00478     -0.00184     -0.00043
FE      0.81253      0.68708      0.18734     -0.00020      0.00275      0.00228
FE      0.81276      0.56217      0.31243     -0.00270      0.00680      0.00026
FE      0.93768      0.68720      0.31245     -0.00123      0.00163      0.00149
FE      0.93764      0.56244      0.43755      0.00272      0.00065     -0.00065
FE      0.81292      0.68700      0.43784     -0.00082      0.00380      0.00102
FE      0.81260      0.56249      0.56255      0.00367     -0.00353      0.00023
FE      0.93790      0.68727      0.56282      0.00165     -0.00320      0.00294
FE      0.93758      0.56235      0.68721      0.00462     -0.00667      0.00095
FE      0.81239      0.68730      0.68763      0.00304     -0.00478      0.00043
FE      0.80993      0.56246      0.80986      0.00045     -0.00698     -0.00145
FE      0.93763      0.68865      0.81125      0.00846     -0.00915     -0.00419
RU      0.93757      0.56247      0.93756      0.00582     -0.00666      0.00273
FE      0.81136      0.68869      0.93728     -0.00175     -0.00605     -0.00444
FE      0.81322      0.81227      0.06136     -0.00148      0.00052      0.00530
FE      0.93654      0.93620      0.06232      0.00099      0.00194     -0.00580
FE      0.93766      0.81240      0.18752      0.00429     -0.00116     -0.00405
FE      0.81244      0.93761      0.18720     -0.00044     -0.00055     -0.00257
FE      0.81278      0.81108      0.31141     -0.00400     -0.00050      0.00020
FE      0.93997      0.93742      0.31027      0.00455      0.00344     -0.00516
FE      0.93867      0.81104      0.43771      0.00389      0.00122      0.00504
RU      0.81282      0.93765      0.43808     -0.00766     -0.00546     -0.00081
FE      0.81355      0.81117      0.56479     -0.00767     -0.00230      0.00057
FE      0.94047      0.93762      0.56553      0.00436      0.00211      0.00420
FE      0.93817      0.81252      0.68788      0.00511     -0.00559      0.00496
FE      0.81247      0.93757      0.68783     -0.00191     -0.00038      0.00114
FE      0.81233      0.81254      0.81227      0.00265     -0.00742     -0.00198
FE      0.93733      0.93733      0.81197      0.00601      0.00542     -0.00043
FE      0.93777      0.81254      0.93698      0.00854     -0.00466     -0.00659
FE      0.81225      0.93738      0.93699      0.00461      0.00306     -0.00548
