/* Converted from PWscf output file */ 
#L_UNITS ang 
#E_UNITS eV 
#S_UNITS GPA 
#F_UNITS EV/ANG 
#ALAT 	   6.98683     // a0 
#X 	   1.00000     0.00003    -0.00004     // X 
#Y 	   0.00003     1.04758     0.00003     // Y 
#Z 	  -0.00004     0.00003     1.00000     // Z 
#SX 	  -1.03937    -0.01808    -0.00058     // SX 
#SY 	  -0.01808    -0.84293    -0.01808     // SY 
#SZ 	  -0.00058    -0.01808    -1.03937     // SZ 
#EPA 	  -4.52827     // Energy per Atom 
#C 	1 1 1 
#W 	20.0 
#RCUT 	6.5        // Rcut 
RU     -0.00807     -0.00579     -0.00807     -0.25404     -0.18819     -0.25404
RU      0.25704      0.25532     -0.00749      0.02101     -0.06502     -0.22366
RU      0.25700     -0.00509      0.25700     -0.04713     -0.17459     -0.04713
RU     -0.00749      0.25532      0.25704     -0.22366     -0.06502      0.02101
FE     -0.00450     -0.00213      0.50535     -0.19595     -0.10021      0.21058
FE      0.25483      0.25286      0.50531      0.18111      0.06906      0.18276
FE      0.25507     -0.00187      0.74446     -0.09220     -0.10411      0.09416
FE     -0.00403      0.25300      0.74438     -0.19867     -0.11867      0.00807
FE     -0.00199      0.50373     -0.00199     -0.07741      0.15358     -0.07741
FE      0.25279      0.74564     -0.00180     -0.12792      0.07963     -0.08004
FE      0.25236      0.50356      0.25236      0.04831      0.13338      0.04831
FE     -0.00180      0.74564      0.25279     -0.08004      0.07963     -0.12792
FE     -0.00076      0.50302      0.50259     -0.04294      0.14678      0.09873
FE      0.25094      0.74647      0.50236      0.03159     -0.11945      0.10029
FE      0.25117      0.50289      0.74724      0.02119      0.16100     -0.07889
FE     -0.00068      0.74648      0.74709     -0.04349      0.07505      0.11458
FE      0.50535     -0.00213     -0.00450      0.21058     -0.10021     -0.19595
FE      0.74438      0.25300     -0.00403      0.00807     -0.11867     -0.19867
FE      0.74446     -0.00187      0.25507      0.09416     -0.10411     -0.09220
FE      0.50531      0.25286      0.25483      0.18276      0.06906      0.18111
FE      0.50504     -0.00031      0.50504      0.19527     -0.03907      0.19527
FE      0.74491      0.25110      0.50487     -0.20680      0.01483      0.22098
FE      0.74503     -0.00031      0.74503      0.08741     -0.03805      0.08741
FE      0.50487      0.25110      0.74491      0.22098      0.01483     -0.20680
FE      0.50259      0.50302     -0.00076      0.09873      0.14678     -0.04294
FE      0.74709      0.74648     -0.00068      0.11458      0.07505     -0.04349
FE      0.74724      0.50289      0.25117     -0.07889      0.16100      0.02119
FE      0.50236      0.74647      0.25094      0.10029     -0.11945      0.03159
FE      0.50077      0.50046      0.50077      0.04652      0.05234      0.04652
FE      0.74908      0.74886      0.50078     -0.02810     -0.01609      0.04948
FE      0.74887      0.50050      0.74887     -0.01480      0.05501     -0.01480
FE      0.50078      0.74886      0.74908      0.04948     -0.01609     -0.02810
