/* Converted from PWscf output file */ 
#L_UNITS ang 
#E_UNITS eV 
#S_UNITS GPA 
#F_UNITS EV/ANG 
#ALAT 	  13.68875     // a0 
#X 	   1.00000     0.00000     0.00000     // X 
#Y 	   0.00000     1.05611    -0.00009     // Y 
#Z 	   0.00000    -0.00009     1.00050     // Z 
#SX 	  -0.03544     0.00000    -0.00000     // SX 
#SY 	   0.00000     0.00321     0.00292     // SY 
#SZ 	  -0.00000     0.00292    -0.03967     // SZ 
#EPA 	  -4.28638     // Energy per Atom 
#C 	1 1 1 
#W 	1.0 
#RCUT 	6.5        // Rcut 
RU      0.06248      0.06068      0.06449      0.00079     -0.01267      0.01303
FE      0.19119      0.18879      0.06540      0.01637      0.00840      0.00774
FE      0.19073      0.06224      0.19092      0.00927      0.00202      0.00900
FE      0.06244      0.18893      0.18938     -0.00018      0.01009      0.01443
FE      0.06247      0.06241      0.31296     -0.00040     -0.00269      0.00681
FE      0.18815      0.18790      0.31288      0.00287     -0.00193      0.00005
FE      0.18807      0.06265      0.43698      0.00364     -0.00654      0.00386
FE      0.06249      0.18798      0.43715      0.00067     -0.00493      0.00330
FE      0.06248      0.06385      0.56114      0.00008      0.00291     -0.01074
FE      0.18787      0.18786      0.56229      0.00310     -0.00010     -0.00088
FE      0.18924      0.06363      0.68696      0.00959      0.00652     -0.00053
FE      0.06246      0.18808      0.68700     -0.00047     -0.00165     -0.00820
FE      0.06244      0.06259      0.81191     -0.00042     -0.00142     -0.00387
FE      0.19084      0.18808      0.80928      0.00584     -0.00318     -0.00936
FE      0.19150      0.06158      0.93536      0.01521     -0.01046     -0.01031
RU      0.06248      0.18983      0.93602      0.00068      0.00675     -0.01496
FE      0.06248      0.31440      0.06391     -0.00042     -0.00452      0.00585
FE      0.18778      0.43783      0.06271      0.00067     -0.00172     -0.00111
FE      0.18807      0.31303      0.18824     -0.00160     -0.00314     -0.00414
FE      0.06248      0.43796      0.18797      0.00017     -0.00399     -0.00282
FE      0.06249      0.31308      0.31288      0.00025     -0.00284     -0.00122
FE      0.18773      0.43781      0.31273      0.00390      0.00297     -0.00010
FE      0.18775      0.31283      0.43754      0.00541      0.00532     -0.00090
FE      0.06248      0.43771      0.43756      0.00011      0.00512     -0.00127
FE      0.06248      0.31270      0.56237      0.00009      0.00661     -0.00273
FE      0.18770      0.43777      0.56226      0.00538      0.00677     -0.00138
FE      0.18811      0.31298      0.68671      0.00018      0.00215      0.00282
FE      0.06248      0.43815      0.68689      0.00026     -0.00559      0.00432
FE      0.06247      0.31495      0.81032     -0.00024     -0.00223     -0.00347
FE      0.18786      0.43804      0.81212     -0.00082     -0.00282      0.00053
FE      0.18897      0.31433      0.93742      0.00725      0.00136      0.00007
FE      0.06247      0.43796      0.93753     -0.00013     -0.00085     -0.00123
FE      0.06248      0.56241      0.06259      0.00025      0.00115      0.00088
FE      0.18768      0.68733      0.06267      0.00403     -0.00400      0.00104
FE      0.18763      0.56255      0.18767      0.00432     -0.00357      0.00179
FE      0.06248      0.68740      0.18759      0.00017     -0.00589      0.00283
FE      0.06248      0.56247      0.31252      0.00021     -0.00033      0.00105
FE      0.18774      0.68720      0.31251      0.00462     -0.00378      0.00183
FE      0.18766      0.56239      0.43743      0.00529      0.00283     -0.00068
FE      0.06249      0.68696      0.43720      0.00016      0.00457      0.00352
FE      0.06248      0.56259      0.56234      0.00017     -0.00067     -0.00055
FE      0.18778      0.68720      0.56226      0.00258      0.00037      0.00135
FE      0.18767      0.56262      0.68732      0.00371      0.00021     -0.00181
FE      0.06248      0.68708      0.68740     -0.00012      0.00387     -0.00111
FE      0.06248      0.56250      0.81244      0.00011      0.00067     -0.00196
FE      0.18777      0.68712      0.81250      0.00072      0.00357     -0.00296
FE      0.18765      0.56237      0.93764      0.00357      0.00101     -0.00052
FE      0.06248      0.68710      0.93789      0.00022      0.00296     -0.00459
FE      0.06247      0.81194      0.06256     -0.00009      0.00067      0.00321
FE      0.18897      0.93586      0.06272      0.00971     -0.00116      0.00288
FE      0.18789      0.81191      0.18789      0.00056      0.00054      0.00051
FE      0.06247      0.93508      0.18969      0.00026      0.00399      0.00582
FE      0.06248      0.81176      0.31306      0.00013      0.00528     -0.00470
FE      0.18819      0.93705      0.31330      0.00138     -0.00081     -0.00341
FE      0.18807      0.81199      0.43720      0.00283     -0.00341      0.00325
FE      0.06247      0.93733      0.43715     -0.00053     -0.00455     -0.00257
FE      0.06244      0.81084      0.56101     -0.00037     -0.00497     -0.00526
FE      0.19046      0.93732      0.55953      0.01003     -0.00441     -0.00679
FE      0.18897      0.81085      0.68726      0.00921     -0.00477     -0.00097
RU      0.06248      0.93699      0.68704      0.00043      0.00514      0.00137
FE      0.06247      0.81070      0.81338     -0.00036     -0.00021      0.00973
FE      0.19085      0.93702      0.81461      0.00390      0.00739      0.01003
FE      0.18812      0.81192      0.93788     -0.00169      0.00528     -0.00054
FE      0.06247      0.93571      0.93675     -0.00043      0.00262     -0.00378
FE      0.31361      0.06243      0.06312      0.00323      0.00352      0.00017
FE      0.43758      0.18770      0.06263      0.00294      0.00703      0.00253
FE      0.43792      0.06243      0.18787      0.00352      0.00297      0.00229
FE      0.31430      0.18780      0.18910     -0.01278      0.00197     -0.01584
FE      0.31448      0.06250      0.31388     -0.01060     -0.00125     -0.01476
FE      0.43834      0.18779      0.31317     -0.00382      0.00843     -0.00481
FE      0.43851      0.06251      0.43779     -0.00261     -0.00451     -0.00634
FE      0.31304      0.18781      0.43769      0.00880      0.00495     -0.00195
FE      0.31339      0.06254      0.56182      0.00478     -0.00572      0.00086
FE      0.43837      0.18779      0.56184     -0.00294      0.00814      0.00462
FE      0.43832      0.06240      0.68677     -0.00524     -0.00132      0.00309
FE      0.31450      0.18800      0.68586     -0.01626     -0.00196      0.01453
FE      0.31466      0.06255      0.81126     -0.01844      0.00073      0.01339
FE      0.43794      0.18783      0.81222     -0.00080      0.00485     -0.00145
FE      0.43782      0.06256      0.93770     -0.00005      0.00253      0.00024
FE      0.31345      0.18787      0.93730      0.00261      0.00250      0.00249
FE      0.31334      0.31309      0.06289     -0.00534     -0.00408     -0.00044
FE      0.43778      0.43774      0.06261      0.00019      0.00199      0.00258
FE      0.43798      0.31280      0.18788     -0.00092      0.00756      0.00152
FE      0.31278      0.43780      0.18772      0.00393      0.00330      0.00250
FE      0.31296      0.31284      0.31285      0.00568      0.00893     -0.00029
FE      0.43766      0.43770      0.31254      0.00470      0.01066      0.00161
FE      0.43777      0.31278      0.43749      0.00631      0.01694     -0.00216
FE      0.31272      0.43772      0.43749      0.00784      0.00951     -0.00138
FE      0.31307      0.31293      0.56209      0.00621      0.00923      0.00040
FE      0.43767      0.43768      0.56238      0.00484      0.01254     -0.00398
FE      0.43797      0.31286      0.68717      0.00008      0.00978     -0.00303
FE      0.31274      0.43775      0.68732      0.00611      0.00782     -0.00371
FE      0.31328      0.31302      0.81203     -0.00119      0.00130      0.00043
FE      0.43780      0.43774      0.81234      0.00125      0.00569     -0.00236
FE      0.43774      0.31277      0.93748      0.00051      0.00555      0.00059
FE      0.31311      0.43807      0.93751     -0.00225     -0.00624     -0.00026
FE      0.31271      0.56256      0.06259      0.00489     -0.00359      0.00210
FE      0.43771      0.68730      0.06255      0.00175     -0.00776      0.00293
FE      0.43765      0.56249      0.18760      0.00364     -0.00183      0.00316
FE      0.31282      0.68721      0.18764      0.00586     -0.00698      0.00183
FE      0.31266      0.56247      0.31253      0.00678     -0.00033      0.00108
FE      0.43766      0.68733      0.31250      0.00468     -0.01187      0.00189
FE      0.43763      0.56245      0.43749      0.00471      0.00040     -0.00133
FE      0.31272      0.68730      0.43743      0.00705     -0.00765     -0.00068
FE      0.31272      0.56240      0.56236      0.00586      0.00362     -0.00235
FE      0.43775      0.68734      0.56235      0.00327     -0.00629     -0.00259
FE      0.43769      0.56245      0.68744      0.00275      0.00340     -0.00386
FE      0.31301      0.68708      0.68741      0.00040      0.00274     -0.00216
FE      0.31284      0.56251      0.81241      0.00333      0.00028     -0.00124
FE      0.43779      0.68732      0.81251      0.00132     -0.00506     -0.00144
FE      0.43771      0.56251      0.93755      0.00129     -0.00361      0.00112
FE      0.31279      0.68722      0.93758      0.00427     -0.00374      0.00085
FE      0.31332      0.81180      0.06284     -0.00165      0.00422      0.00113
FE      0.43821      0.93731      0.06309     -0.00521     -0.00163     -0.00254
FE      0.43788      0.81214      0.18768      0.00377     -0.01178      0.00326
FE      0.31327      0.93714      0.18804      0.00223     -0.00012      0.00074
FE      0.31300      0.81209      0.31237      0.00706     -0.00995      0.00399
FE      0.43841      0.93725      0.31229     -0.00338     -0.00895      0.00648
FE      0.43792      0.81215      0.43730      0.00371     -0.01479      0.00099
FE      0.31432      0.93720      0.43649     -0.00906     -0.00845      0.01459
FE      0.31318      0.81206      0.56208      0.00362     -0.00572      0.00168
FE      0.43772      0.93729      0.56235      0.00707     -0.01306     -0.00116
FE      0.43767      0.81221      0.68743      0.00384     -0.01050     -0.00277
FE      0.31331      0.93725      0.68713      0.00831     -0.00506     -0.00093
FE      0.31326      0.81198      0.81267     -0.00036     -0.00015     -0.00333
FE      0.43795      0.93724      0.81222     -0.00160     -0.00283      0.00031
FE      0.43805      0.81209      0.93771     -0.00226     -0.00420      0.00076
FE      0.31459      0.93700      0.93848     -0.02048      0.00739     -0.01176
FE      0.56250      0.06254      0.06264      0.00101      0.00419      0.00490
FE      0.68747      0.18771      0.06265     -0.00241      0.00710      0.00351
FE      0.68714      0.06244      0.18788     -0.00314      0.00381      0.00270
FE      0.56248      0.18767      0.18767     -0.00013      0.00955      0.00533
FE      0.56248      0.06248      0.31257     -0.00017      0.00025      0.00185
FE      0.68669      0.18778      0.31318      0.00325      0.00827     -0.00546
FE      0.68651      0.06252      0.43777      0.00061     -0.00423     -0.00719
FE      0.56248      0.18777      0.43750     -0.00014      0.01205     -0.00242
FE      0.56249      0.06241      0.56236     -0.00006     -0.00392     -0.00168
FE      0.68666      0.18778      0.56185      0.00125      0.00766      0.00521
FE      0.68671      0.06242      0.68677      0.00488     -0.00087      0.00371
FE      0.56248      0.18770      0.68729     -0.00012      0.00914     -0.00484
FE      0.56248      0.06248      0.81237      0.00008      0.00063     -0.00324
FE      0.68712      0.18782      0.81221      0.00153      0.00435     -0.00203
FE      0.68723      0.06256      0.93769      0.00046      0.00233     -0.00044
FE      0.56249      0.18771      0.93759      0.00085      0.00822      0.00022
FE      0.56249      0.31262      0.06255      0.00027      0.00957      0.00369
FE      0.68727      0.43774      0.06261     -0.00043      0.00190      0.00275
FE      0.68706      0.31281      0.18788      0.00053      0.00751      0.00149
FE      0.56248      0.43771      0.18765     -0.00006      0.00858      0.00385
FE      0.56249      0.31277      0.31266      0.00037      0.01625      0.00234
FE      0.68739      0.43770      0.31255     -0.00484      0.01058      0.00188
FE      0.68727      0.31278      0.43749     -0.00724      0.01727     -0.00234
FE      0.56248      0.43765      0.43751     -0.00004      0.01273     -0.00079
FE      0.56248      0.31275      0.56231      0.00001      0.01757     -0.00532
FE      0.68738      0.43768      0.56238     -0.00476      0.01234     -0.00395
FE      0.68707      0.31286      0.68716     -0.00079      0.00964     -0.00346
FE      0.56248      0.43770      0.68737      0.00015      0.01042     -0.00495
FE      0.56249      0.31273      0.81236      0.00047      0.01119     -0.00173
FE      0.68726      0.43774      0.81235     -0.00122      0.00556     -0.00207
FE      0.68730      0.31278      0.93748     -0.00058      0.00582      0.00061
FE      0.56248      0.43764      0.93754      0.00003      0.00611      0.00042
FE      0.56248      0.56249      0.06253      0.00015     -0.00187      0.00369
FE      0.68734      0.68730      0.06256     -0.00220     -0.00785      0.00309
FE      0.68740      0.56249      0.18759     -0.00374     -0.00161      0.00306
FE      0.56248      0.68736      0.18757      0.00011     -0.01202      0.00304
FE      0.56248      0.56247      0.31250      0.00010     -0.00059      0.00131
FE      0.68739      0.68732      0.31250     -0.00521     -0.01214      0.00185
FE      0.68742      0.56245      0.43749     -0.00495      0.00047     -0.00150
FE      0.56249      0.68734      0.43744      0.00027     -0.01135     -0.00129
FE      0.56248      0.56246      0.56242      0.00001      0.00104     -0.00398
FE      0.68730      0.68733      0.56235     -0.00367     -0.00666     -0.00247
FE      0.68736      0.56245      0.68744     -0.00311      0.00349     -0.00403
FE      0.56248      0.68742      0.68746      0.00011     -0.00769     -0.00332
FE      0.56248      0.56248      0.81245      0.00007      0.00010     -0.00154
FE      0.68726      0.68731      0.81251     -0.00175     -0.00533     -0.00136
FE      0.68734      0.56251      0.93755     -0.00146     -0.00348      0.00102
FE      0.56249      0.68733      0.93760      0.00024     -0.00884      0.00100
FE      0.56248      0.81223      0.06262     -0.00002     -0.01238      0.00426
FE      0.68682      0.93729      0.06309      0.00483     -0.00193     -0.00315
FE      0.68717      0.81213      0.18767     -0.00399     -0.01171      0.00264
FE      0.56249      0.93733      0.18764      0.00034     -0.00766      0.00295
FE      0.56248      0.81217      0.31248     -0.00023     -0.01710      0.00123
FE      0.68661      0.93724      0.31230      0.00182     -0.00906      0.00702
FE      0.68712      0.81216      0.43729     -0.00421     -0.01457      0.00039
FE      0.56248      0.93730      0.43755     -0.00027     -0.01420     -0.00037
FE      0.56248      0.81228      0.56241      0.00005     -0.01509     -0.00308
FE      0.68732      0.93729      0.56233     -0.00730     -0.01336     -0.00174
FE      0.68738      0.81220      0.68743     -0.00385     -0.01062     -0.00308
FE      0.56250      0.93727      0.68731      0.00096     -0.01156     -0.00369
FE      0.56248      0.81223      0.81239      0.00009     -0.01078     -0.00156
FE      0.68709      0.93723      0.81224      0.00162     -0.00271      0.00110
FE      0.68700      0.81210      0.93771      0.00196     -0.00379      0.00067
FE      0.56248      0.93742      0.93760     -0.00006     -0.00481      0.00229
FE      0.81136      0.06242      0.06310     -0.00276      0.00335      0.00035
FE      0.93376      0.18879      0.06541     -0.01616      0.00856      0.00701
FE      0.93420      0.06223      0.19090     -0.00843      0.00194      0.00890
FE      0.81075      0.18783      0.18911      0.01445      0.00173     -0.01537
FE      0.81055      0.06249      0.31389      0.01131     -0.00073     -0.01408
FE      0.93688      0.18790      0.31291     -0.00331     -0.00180      0.00102
FE      0.93696      0.06266      0.43698     -0.00413     -0.00614      0.00430
FE      0.81192      0.18782      0.43770     -0.00927      0.00570     -0.00143
FE      0.81157      0.06253      0.56180     -0.00492     -0.00612      0.00026
FE      0.93718      0.18786      0.56227     -0.00304     -0.00013     -0.00178
FE      0.93572      0.06363      0.68694     -0.00951      0.00710     -0.00108
FE      0.81054      0.18801      0.68583      0.01708     -0.00193      0.01322
FE      0.81039      0.06253      0.81125      0.01904      0.00145      0.01343
FE      0.93410      0.18810      0.80930     -0.00551     -0.00288     -0.00924
FE      0.93346      0.06158      0.93535     -0.01482     -0.01032     -0.00938
FE      0.81150      0.18788      0.93732     -0.00256      0.00269      0.00280
FE      0.81164      0.31310      0.06289      0.00549     -0.00343      0.00006
FE      0.93726      0.43784      0.06271     -0.00102     -0.00145     -0.00085
FE      0.93697      0.31305      0.18825      0.00101     -0.00250     -0.00374
FE      0.81218      0.43780      0.18772     -0.00412      0.00388      0.00291
FE      0.81202      0.31283      0.31285     -0.00521      0.00895     -0.00011
FE      0.93732      0.43781      0.31273     -0.00405      0.00301      0.00018
FE      0.93730      0.31284      0.43754     -0.00576      0.00562     -0.00121
FE      0.81224      0.43772      0.43749     -0.00763      0.00989     -0.00113
FE      0.81190      0.31292      0.56208     -0.00557      0.00922     -0.00018
FE      0.93736      0.43777      0.56226     -0.00519      0.00673     -0.00127
FE      0.93691      0.31300      0.68670     -0.00109      0.00271      0.00251
FE      0.81223      0.43776      0.68732     -0.00607      0.00822     -0.00365
FE      0.81169      0.31302      0.81201      0.00139      0.00153      0.00013
FE      0.93720      0.43804      0.81212      0.00058     -0.00281      0.00060
FE      0.93600      0.31433      0.93741     -0.00699      0.00174      0.00026
FE      0.81186      0.43808      0.93752      0.00276     -0.00588     -0.00011
FE      0.81226      0.56256      0.06259     -0.00461     -0.00364      0.00206
FE      0.93736      0.68732      0.06267     -0.00443     -0.00439      0.00109
FE      0.93742      0.56256      0.18767     -0.00432     -0.00345      0.00171
FE      0.81215      0.68721      0.18764     -0.00528     -0.00692      0.00197
FE      0.81231      0.56247      0.31253     -0.00647     -0.00054      0.00093
FE      0.93731      0.68720      0.31251     -0.00499     -0.00404      0.00202
FE      0.93740      0.56240      0.43742     -0.00540      0.00294     -0.00085
FE      0.81225      0.68730      0.43743     -0.00687     -0.00783     -0.00078
FE      0.81225      0.56240      0.56236     -0.00573      0.00324     -0.00261
FE      0.93726      0.68718      0.56225     -0.00318     -0.00006      0.00117
FE      0.93738      0.56262      0.68731     -0.00396      0.00011     -0.00196
FE      0.81197      0.68708      0.68742     -0.00023      0.00215     -0.00221
FE      0.81213      0.56250      0.81241     -0.00309     -0.00004     -0.00137
FE      0.93727      0.68711      0.81251     -0.00124      0.00316     -0.00278
FE      0.93741      0.56237      0.93764     -0.00368      0.00127     -0.00060
FE      0.81218      0.68723      0.93758     -0.00408     -0.00385      0.00106
FE      0.81166      0.81179      0.06282      0.00259      0.00395      0.00117
FE      0.93601      0.93586      0.06275     -0.00911     -0.00164      0.00332
FE      0.93716      0.81191      0.18788     -0.00079      0.00046      0.00046
FE      0.81169      0.93714      0.18805     -0.00248     -0.00015      0.00098
FE      0.81196      0.81208      0.31236     -0.00710     -0.01073      0.00323
FE      0.93683      0.93704      0.31330     -0.00221     -0.00122     -0.00407
FE      0.93695      0.81199      0.43717     -0.00373     -0.00357      0.00277
FE      0.81070      0.93721      0.43648      0.00955     -0.00888      0.01390
FE      0.81177      0.81203      0.56206     -0.00336     -0.00613      0.00099
FE      0.93446      0.93732      0.55954     -0.00951     -0.00461     -0.00658
FE      0.93600      0.81084      0.68724     -0.00953     -0.00492     -0.00088
FE      0.81163      0.93726      0.68713     -0.00830     -0.00507     -0.00100
FE      0.81171      0.81196      0.81266      0.00047     -0.00056     -0.00348
FE      0.93410      0.93702      0.81460     -0.00291      0.00680      0.00940
FE      0.93692      0.81192      0.93788      0.00103      0.00492     -0.00081
FE      0.81045      0.93700      0.93849      0.02078      0.00662     -0.01183
