/* Converted from PWscf output file */ 
#L_UNITS ang 
#E_UNITS eV 
#S_UNITS GPA 
#F_UNITS EV/ANG 
#ALAT 	  13.68494     // a0 
#X 	   1.00000     0.00000     0.00000     // X 
#Y 	   0.00000     1.05657    -0.00004     // Y 
#Z 	   0.00000    -0.00004     1.00053     // Z 
#SX 	   0.09567    -0.00000     0.00000     // SX 
#SY 	  -0.00000     0.01560    -0.01181     // SY 
#SZ 	   0.00000    -0.01181     0.08779     // SZ 
#EPA 	  -4.28637     // Energy per Atom 
#C 	1 1 1 
#W 	1.0 
#RCUT 	6.5        // Rcut 
RU      0.06248      0.06079      0.06427     -0.00068     -0.03297      0.05522
FE      0.19115      0.18878      0.06536     -0.00046     -0.00063     -0.00037
FE      0.19077      0.06224      0.19094     -0.02481      0.00006     -0.02022
FE      0.06244      0.18893      0.18930     -0.00013     -0.01035      0.00682
FE      0.06247      0.06243      0.31293     -0.00065     -0.00426     -0.00172
FE      0.18808      0.18789      0.31286      0.00850      0.00132     -0.00035
FE      0.18800      0.06268      0.43696      0.00673     -0.00536      0.00299
FE      0.06248      0.18799      0.43713      0.00091     -0.00511      0.00334
FE      0.06248      0.06391      0.56116     -0.00002     -0.01596      0.00348
FE      0.18783      0.18783      0.56231      0.00474      0.00366     -0.00290
FE      0.18920      0.06367      0.68701     -0.00279     -0.01474     -0.00530
FE      0.06247      0.18806      0.68704     -0.00103      0.00365      0.00032
FE      0.06245      0.06259      0.81197     -0.00108      0.00012     -0.01204
FE      0.19091      0.18806      0.80924     -0.03035      0.00390      0.02321
FE      0.19146      0.06158      0.93535     -0.00102      0.00278      0.00516
RU      0.06248      0.18977      0.93626     -0.00077      0.02057     -0.06578
FE      0.06248      0.31444      0.06392     -0.00063     -0.00941     -0.00661
FE      0.18776      0.43781      0.06269      0.00286      0.00375      0.00196
FE      0.18805      0.31301      0.18825      0.00128      0.00176     -0.00354
FE      0.06248      0.43796      0.18797      0.00026     -0.00095     -0.00105
FE      0.06249      0.31306      0.31288      0.00085      0.00164     -0.00306
FE      0.18767      0.43776      0.31270      0.00979      0.00855      0.00453
FE      0.18768      0.31275      0.43754      0.01099      0.01266      0.00088
FE      0.06248      0.43764      0.43756      0.00047      0.00997      0.00098
FE      0.06248      0.31263      0.56241      0.00052      0.01071     -0.00356
FE      0.18763      0.43769      0.56230      0.00986      0.01280     -0.00720
FE      0.18806      0.31292      0.68674      0.00673      0.00881     -0.00288
FE      0.06248      0.43815      0.68690      0.00062     -0.00057     -0.00113
FE      0.06247      0.31506      0.81025     -0.00058     -0.03473      0.02573
FE      0.18783      0.43801      0.81214      0.00422      0.00539     -0.00155
FE      0.18899      0.31437      0.93742     -0.01338     -0.01513     -0.00103
FE      0.06248      0.43793      0.93755      0.00001      0.00372     -0.00223
FE      0.06248      0.56241      0.06255      0.00057      0.00101      0.00624
FE      0.18763      0.68739      0.06263      0.00831     -0.01042      0.00584
FE      0.18758      0.56257      0.18765      0.00682     -0.00156      0.00317
FE      0.06248      0.68746      0.18756      0.00054     -0.00992      0.00364
FE      0.06248      0.56247      0.31250      0.00059      0.00026      0.00212
FE      0.18768      0.68727      0.31250      0.01056     -0.01119      0.00127
FE      0.18760      0.56238      0.43744      0.00815      0.00208     -0.00123
FE      0.06249      0.68698      0.43717      0.00076     -0.00437      0.00585
FE      0.06248      0.56257      0.56237      0.00055      0.00393     -0.00630
FE      0.18774      0.68723      0.56226      0.00374     -0.00540     -0.00014
FE      0.18762      0.56260      0.68735      0.00755      0.00249     -0.00582
FE      0.06248      0.68709      0.68743      0.00033     -0.00367     -0.00544
FE      0.06248      0.56249      0.81245      0.00050      0.00141     -0.00145
FE      0.18775      0.68714      0.81253      0.00297     -0.00357     -0.00392
FE      0.18760      0.56237      0.93763      0.00684      0.00072      0.00080
FE      0.06248      0.68711      0.93792      0.00063     -0.00196     -0.00578
FE      0.06247      0.81197      0.06252      0.00003     -0.00448      0.00500
FE      0.18897      0.93580      0.06267     -0.01247      0.01881      0.00728
FE      0.18786      0.81196      0.18786      0.00567     -0.00831      0.00250
FE      0.06247      0.93496      0.18973     -0.00023      0.03765     -0.02211
FE      0.06248      0.81178      0.31306      0.00054      0.00007      0.00019
FE      0.18813      0.93710      0.31328      0.00737     -0.00533      0.00031
FE      0.18800      0.81206      0.43717      0.01035     -0.01092      0.00585
FE      0.06247      0.93738      0.43715     -0.00066     -0.00618      0.00170
FE      0.06245      0.81083      0.56101     -0.00020      0.00862      0.00611
FE      0.19047      0.93737      0.55950     -0.01315     -0.00878      0.01697
FE      0.18893      0.81084      0.68730     -0.00000      0.01022     -0.00641
RU      0.06248      0.93693      0.68701     -0.00141      0.01671      0.01247
FE      0.06247      0.81065      0.81339     -0.00044      0.01830     -0.00623
FE      0.19089      0.93701      0.81467     -0.02171      0.00397     -0.02135
FE      0.18810      0.81193      0.93787      0.00247     -0.00169      0.00126
FE      0.06247      0.93566      0.93671     -0.00119      0.01335      0.01018
FE      0.31354      0.06240      0.06306      0.00676      0.00679      0.00827
FE      0.43754      0.18765      0.06259      0.00607      0.00712      0.00614
FE      0.43783      0.06241      0.18782      0.01521      0.00255      0.00661
FE      0.31430      0.18777      0.18916     -0.00608      0.00384     -0.01564
FE      0.31444      0.06250      0.31394      0.00042      0.00096     -0.01530
FE      0.43826      0.18770      0.31311      0.01594      0.01324      0.01189
FE      0.43838      0.06253      0.43778      0.02625     -0.00296      0.00548
FE      0.31291      0.18774      0.43769      0.01993      0.01281     -0.00034
FE      0.31329      0.06259      0.56187      0.01387     -0.00896     -0.00612
FE      0.43826      0.18770      0.56191      0.02469      0.01372     -0.01535
FE      0.43825      0.06243      0.68685      0.01276     -0.00529     -0.01553
FE      0.31453      0.18799      0.68583     -0.01206     -0.00117      0.00915
FE      0.31471      0.06254      0.81120     -0.01475      0.00230      0.01476
FE      0.43789      0.18776      0.81225      0.00889      0.01155     -0.00269
FE      0.43777      0.06253      0.93768      0.00763      0.00664      0.00389
FE      0.31340      0.18782      0.93729      0.00441      0.00671      0.00344
FE      0.31335      0.31310      0.06287     -0.00325     -0.00429      0.00347
FE      0.43774      0.43769      0.06256      0.00810      0.00838      0.00731
FE      0.43793      0.31270      0.18783      0.00843      0.01383      0.00971
FE      0.31272      0.43774      0.18767      0.00935      0.00966      0.00865
FE      0.31286      0.31272      0.31280      0.01642      0.01783      0.00860
FE      0.43761      0.43762      0.31252      0.00756      0.01125      0.00489
FE      0.43768      0.31263      0.43751      0.01595      0.02105     -0.00216
FE      0.31263      0.43763      0.43750      0.01472      0.01271     -0.00252
FE      0.31296      0.31280      0.56214      0.01884      0.02043     -0.00918
FE      0.43762      0.43759      0.56242      0.00820      0.01171     -0.00580
FE      0.43790      0.31274      0.68724      0.01193      0.01926     -0.01134
FE      0.31266      0.43767      0.68738      0.01275      0.01196     -0.00937
FE      0.31324      0.31296      0.81205      0.00502      0.00963     -0.00219
FE      0.43775      0.43768      0.81238      0.00869      0.00960     -0.00627
FE      0.43771      0.31270      0.93749      0.00430      0.00854     -0.00145
FE      0.31309      0.43809      0.93752      0.00147     -0.00438     -0.00164
FE      0.31265      0.56257      0.06256      0.00844      0.00029      0.00626
FE      0.43766      0.68739      0.06252      0.00872     -0.01348      0.00560
FE      0.43761      0.56250      0.18756      0.00612     -0.00000      0.00435
FE      0.31273      0.68730      0.18761      0.01368     -0.01466      0.00558
FE      0.31258      0.56247      0.31252      0.01094     -0.00026      0.00311
FE      0.43761      0.68743      0.31249      0.00777     -0.01328      0.00213
FE      0.43759      0.56245      0.43750      0.00607     -0.00010     -0.00234
FE      0.31264      0.68738      0.43745      0.01161     -0.01258     -0.00362
FE      0.31266      0.56239      0.56240      0.00833      0.00105     -0.00551
FE      0.43770      0.68740      0.56239      0.00782     -0.00944     -0.00611
FE      0.43764      0.56244      0.68748      0.00766      0.00030     -0.00581
FE      0.31297      0.68708      0.68745      0.00500      0.00107     -0.00547
FE      0.31278      0.56250      0.81243      0.00933      0.00164     -0.00275
FE      0.43774      0.68738      0.81251      0.00791     -0.00922      0.00056
FE      0.43766      0.56251      0.93754      0.00774      0.00135      0.00122
FE      0.31273      0.68729      0.93757      0.01032     -0.01147      0.00135
FE      0.31327      0.81181      0.06278      0.00495     -0.00017      0.00977
FE      0.43815      0.93734      0.06301      0.01229     -0.00422      0.01578
FE      0.43779      0.81226      0.18763      0.01602     -0.01847      0.00758
FE      0.31320      0.93717      0.18799      0.00836     -0.00491      0.00498
FE      0.31288      0.81220      0.31235      0.01851     -0.01836      0.00328
FE      0.43831      0.93734      0.31227      0.01953     -0.01383     -0.00068
FE      0.43784      0.81228      0.43732      0.01171     -0.01839     -0.00298
FE      0.31426      0.93730      0.43640      0.00651     -0.01770      0.01864
FE      0.31310      0.81213      0.56209      0.01090     -0.00962     -0.00098
FE      0.43762      0.93741      0.56237      0.01665     -0.01665     -0.00345
FE      0.43762      0.81230      0.68747      0.00645     -0.01150     -0.00639
FE      0.31322      0.93732      0.68718      0.01255     -0.01243     -0.00969
FE      0.31320      0.81203      0.81270      0.00823     -0.00815     -0.00630
FE      0.43790      0.93730      0.81226      0.00886     -0.01033     -0.00674
FE      0.43799      0.81218      0.93769      0.01135     -0.01512      0.00178
FE      0.31467      0.93696      0.93854     -0.01804      0.00910     -0.01158
FE      0.56249      0.06250      0.06257      0.00132      0.00689      0.01104
FE      0.68752      0.18765      0.06260     -0.00688      0.00720      0.00729
FE      0.68723      0.06242      0.18783     -0.01547      0.00364      0.00676
FE      0.56248      0.18761      0.18762      0.00048      0.00699      0.00680
FE      0.56248      0.06248      0.31255      0.00048      0.00087      0.00425
FE      0.68678      0.18770      0.31313     -0.01836      0.01263      0.01215
FE      0.68666      0.06254      0.43777     -0.02949     -0.00207      0.00425
FE      0.56248      0.18766      0.43751      0.00051      0.01785     -0.00020
FE      0.56248      0.06245      0.56240      0.00058     -0.00556     -0.00768
FE      0.68679      0.18769      0.56191     -0.02686      0.01295     -0.01454
FE      0.68679      0.06244      0.68684     -0.01526     -0.00421     -0.01562
FE      0.56248      0.18761      0.68737      0.00051      0.01254     -0.01404
FE      0.56248      0.06247      0.81240      0.00059      0.00062     -0.00458
FE      0.68717      0.18775      0.81224     -0.00905      0.01064     -0.00295
FE      0.68728      0.06253      0.93767     -0.00858      0.00665      0.00282
FE      0.56248      0.18763      0.93757      0.00104      0.01149      0.00431
FE      0.56248      0.31254      0.06252      0.00061      0.01065      0.00521
FE      0.68732      0.43769      0.06257     -0.00902      0.00817      0.00765
FE      0.68712      0.31271      0.18783     -0.00999      0.01444      0.00952
FE      0.56248      0.43762      0.18760      0.00034      0.01337      0.00838
FE      0.56248      0.31262      0.31260      0.00086      0.02254      0.01272
FE      0.68745      0.43762      0.31252     -0.00840      0.01115      0.00512
FE      0.68737      0.31263      0.43751     -0.01734      0.02149     -0.00238
FE      0.56248      0.43757      0.43751      0.00051      0.00797     -0.00001
FE      0.56248      0.31261      0.56238      0.00053      0.01946     -0.01265
FE      0.68744      0.43759      0.56242     -0.00891      0.01156     -0.00579
FE      0.68714      0.31274      0.68723     -0.01400      0.01961     -0.01213
FE      0.56248      0.43761      0.68743      0.00058      0.01279     -0.00970
FE      0.56248      0.31262      0.81239      0.00077      0.01741     -0.00465
FE      0.68731      0.43768      0.81238     -0.00948      0.00949     -0.00596
FE      0.68733      0.31271      0.93748     -0.00564      0.00916     -0.00158
FE      0.56248      0.43758      0.93754      0.00047      0.00892     -0.00137
FE      0.56248      0.56250      0.06250      0.00058      0.00122      0.00502
FE      0.68739      0.68739      0.06252     -0.00994     -0.01382      0.00580
FE      0.68745      0.56250      0.18756     -0.00697      0.00023      0.00428
FE      0.56248      0.68745      0.18754      0.00057     -0.01106      0.00290
FE      0.56248      0.56247      0.31249      0.00056      0.00024      0.00139
FE      0.68745      0.68743      0.31249     -0.00887     -0.01357      0.00218
FE      0.68747      0.56245      0.43750     -0.00697     -0.00000     -0.00247
FE      0.56248      0.68744      0.43746      0.00071     -0.01429     -0.00477
FE      0.56248      0.56246      0.56246      0.00049     -0.00104     -0.00469
FE      0.68736      0.68740      0.56239     -0.00908     -0.01009     -0.00593
FE      0.68742      0.56244      0.68748     -0.00860      0.00041     -0.00603
FE      0.56248      0.68748      0.68749      0.00053     -0.00870     -0.00379
FE      0.56248      0.56248      0.81246      0.00052      0.00074     -0.00065
FE      0.68731      0.68737      0.81251     -0.00927     -0.00979      0.00075
FE      0.68739      0.56252      0.93754     -0.00877      0.00172      0.00107
FE      0.56248      0.68742      0.93758      0.00065     -0.01431      0.00353
FE      0.56248      0.81235      0.06256      0.00052     -0.01822      0.01195
FE      0.68689      0.93733      0.06302     -0.01475     -0.00509      0.01590
FE      0.68726      0.81226      0.18763     -0.01691     -0.01849      0.00702
FE      0.56248      0.93741      0.18760      0.00089     -0.01216      0.00620
FE      0.56248      0.81233      0.31248      0.00033     -0.02238     -0.00039
FE      0.68673      0.93733      0.31228     -0.02259     -0.01466      0.00028
FE      0.68721      0.81229      0.43731     -0.01317     -0.01798     -0.00386
FE      0.56248      0.93742      0.43753      0.00039     -0.01440      0.00427
FE      0.56248      0.81238      0.56244      0.00052     -0.01126     -0.00376
FE      0.68743      0.93741      0.56236     -0.01780     -0.01704     -0.00407
FE      0.68743      0.81230      0.68747     -0.00740     -0.01168     -0.00667
FE      0.56249      0.93739      0.68739      0.00134     -0.01874     -0.01466
FE      0.56248      0.81234      0.81243      0.00047     -0.01646     -0.00581
FE      0.68715      0.93729      0.81227     -0.01033     -0.01076     -0.00545
FE      0.68706      0.81218      0.93769     -0.01231     -0.01426      0.00144
FE      0.56248      0.93747      0.93758      0.00050     -0.00696      0.00308
FE      0.81142      0.06238      0.06305     -0.00567      0.00686      0.00814
FE      0.93380      0.18877      0.06538      0.00004     -0.00062     -0.00056
FE      0.93416      0.06224      0.19093      0.02662     -0.00075     -0.02131
FE      0.81070      0.18780      0.18918      0.01296      0.00419     -0.01594
FE      0.81057      0.06249      0.31394      0.00361      0.00146     -0.01329
FE      0.93696      0.18789      0.31288     -0.01064      0.00132      0.00089
FE      0.93703      0.06269      0.43696     -0.00897     -0.00462      0.00334
FE      0.81205      0.18774      0.43769     -0.01966      0.01352      0.00031
FE      0.81167      0.06258      0.56185     -0.01316     -0.00902     -0.00710
FE      0.93723      0.18783      0.56230     -0.00565      0.00350     -0.00369
FE      0.93576      0.06367      0.68699      0.00084     -0.01436     -0.00580
FE      0.81049      0.18800      0.68582      0.01668     -0.00134      0.00626
FE      0.81031      0.06252      0.81119      0.02069      0.00347      0.01558
FE      0.93402      0.18807      0.80925      0.03224      0.00483      0.02446
FE      0.93350      0.06158      0.93534      0.00186      0.00303      0.00575
FE      0.81155      0.18783      0.93730     -0.00410      0.00665      0.00398
FE      0.81163      0.31310      0.06286      0.00498     -0.00358      0.00397
FE      0.93730      0.43781      0.06270     -0.00411      0.00380      0.00221
FE      0.93700      0.31303      0.18825     -0.00334      0.00312     -0.00308
FE      0.81224      0.43774      0.18767     -0.00879      0.01019      0.00897
FE      0.81211      0.31272      0.31280     -0.01485      0.01779      0.00862
FE      0.93738      0.43776      0.31270     -0.01071      0.00858      0.00485
FE      0.93737      0.31276      0.43754     -0.01219      0.01299      0.00063
FE      0.81233      0.43763      0.43750     -0.01377      0.01302     -0.00230
FE      0.81201      0.31280      0.56213     -0.01743      0.02004     -0.00988
FE      0.93743      0.43769      0.56230     -0.01033      0.01281     -0.00720
FE      0.93698      0.31293      0.68673     -0.00945      0.00985     -0.00349
FE      0.81230      0.43767      0.68738     -0.01190      0.01232     -0.00923
FE      0.81172      0.31295      0.81204     -0.00388      0.01008     -0.00291
FE      0.93723      0.43801      0.81214     -0.00503      0.00533     -0.00123
FE      0.93599      0.31436      0.93741      0.01215     -0.01517     -0.00083
FE      0.81187      0.43810      0.93752      0.00000     -0.00363     -0.00115
FE      0.81231      0.56257      0.06255     -0.00724      0.00018      0.00617
FE      0.93743      0.68739      0.06263     -0.00960     -0.01082      0.00592
FE      0.93747      0.56257      0.18765     -0.00765     -0.00144      0.00313
FE      0.81223      0.68730      0.18761     -0.01233     -0.01436      0.00576
FE      0.81238      0.56247      0.31251     -0.00983     -0.00045      0.00301
FE      0.93738      0.68727      0.31250     -0.01170     -0.01149      0.00143
FE      0.93745      0.56238      0.43743     -0.00891      0.00210     -0.00137
FE      0.81233      0.68738      0.43745     -0.01060     -0.01268     -0.00369
FE      0.81231      0.56238      0.56240     -0.00749      0.00071     -0.00568
FE      0.93731      0.68722      0.56226     -0.00529     -0.00629     -0.00039
FE      0.93744      0.56260      0.68735     -0.00873      0.00244     -0.00595
FE      0.81200      0.68708      0.68745     -0.00371      0.00052     -0.00536
FE      0.81218      0.56250      0.81243     -0.00823      0.00119     -0.00296
FE      0.93730      0.68713      0.81253     -0.00463     -0.00413     -0.00359
FE      0.93746      0.56237      0.93763     -0.00761      0.00100      0.00072
FE      0.81224      0.68729      0.93757     -0.00918     -0.01138      0.00156
FE      0.81169      0.81181      0.06277     -0.00250     -0.00072      0.00921
FE      0.93600      0.93580      0.06269      0.01142      0.01876      0.00792
FE      0.93720      0.81196      0.18786     -0.00651     -0.00831      0.00221
FE      0.81176      0.93717      0.18801     -0.00761     -0.00526      0.00566
FE      0.81208      0.81220      0.31234     -0.01802     -0.01910      0.00248
FE      0.93690      0.93709      0.31329     -0.01021     -0.00612     -0.00007
FE      0.93703      0.81206      0.43715     -0.01255     -0.01100      0.00507
FE      0.81074      0.93731      0.43639     -0.00296     -0.01789      0.01696
FE      0.81185      0.81211      0.56208     -0.01055     -0.01072     -0.00235
FE      0.93446      0.93738      0.55951      0.01412     -0.00808      0.01816
FE      0.93604      0.81083      0.68727     -0.00214      0.00992     -0.00602
FE      0.81173      0.93733      0.68719     -0.01266     -0.01255     -0.00980
FE      0.81176      0.81201      0.81270     -0.00720     -0.00895     -0.00629
FE      0.93405      0.93700      0.81466      0.02341      0.00365     -0.02176
FE      0.93696      0.81193      0.93787     -0.00436     -0.00166      0.00078
FE      0.81036      0.93697      0.93855      0.02269      0.00760     -0.01202
