/* Converted from PWscf output file */ 
#L_UNITS ang 
#E_UNITS eV 
#S_UNITS GPA 
#F_UNITS EV/ANG 
#ALAT 	  13.72818     // a0 
#X 	   1.00000    -0.00000     0.00000     // X 
#Y 	  -0.00000     1.05183     0.00001     // Y 
#Z 	   0.00000     0.00000     0.99999     // Z 
#SX 	  -0.49861     0.00146    -0.00015     // SX 
#SY 	   0.00146     0.28876     0.00029     // SY 
#SZ 	  -0.00015     0.00029    -0.50197     // SZ 
#EPA 	  -4.30131     // Energy per Atom 
#C 	1 1 1 
#W 	1.0 
#RCUT 	6.5        // Rcut 
RU      0.06252      0.06250      0.06248      0.00728      0.00245     -0.00948
FE      0.18842      0.18849      0.06250      0.16901      0.19456      0.00352
FE      0.18933      0.06248      0.18929      0.35697     -0.00206      0.34441
FE      0.06251      0.18849      0.18844      0.00108      0.19698      0.17469
FE      0.06260      0.06250      0.31267      0.02823      0.00531      0.03158
FE      0.18757      0.18751      0.31258      0.01838      0.00871      0.02028
FE      0.18748      0.06247      0.43745     -0.00252     -0.00226     -0.00994
FE      0.06255      0.18758      0.43747      0.01256      0.02443     -0.00710
FE      0.06260      0.06250      0.56254      0.02603      0.00499      0.01353
FE      0.18740      0.18749      0.56243     -0.02587     -0.00572     -0.01899
FE      0.18744      0.06242      0.68759     -0.01173     -0.02236      0.02066
FE      0.06252      0.18749      0.68751      0.00323     -0.00194      0.00048
FE      0.06250      0.06251      0.81227      0.00118      0.00092     -0.04601
FE      0.18749      0.18750      0.81242     -0.00356     -0.00163     -0.01745
FE      0.18930      0.06248      0.93571      0.34887     -0.00442     -0.34742
FE      0.06246      0.18849      0.93663     -0.01167      0.19748     -0.15639
FE      0.06251      0.31255      0.06250     -0.00201      0.01195      0.01105
FE      0.18759      0.43750      0.06255      0.02278     -0.00570      0.02007
FE      0.18754      0.31251      0.18754      0.01168      0.00615      0.01204
FE      0.06255      0.43748      0.18761      0.01675     -0.00902      0.02953
FE      0.06252      0.31258      0.31255     -0.00267      0.02335      0.01134
FE      0.18754      0.43755      0.31251      0.00670      0.01085      0.00292
FE      0.18722      0.31247      0.43723     -0.07649     -0.00388     -0.07339
FE      0.06247      0.43751      0.43748     -0.00871      0.00378     -0.00651
FE      0.06258      0.31250      0.56251      0.01684      0.00053     -0.00158
FE      0.18742      0.43753      0.56243     -0.02086      0.01040     -0.02515
FE      0.18728      0.31248      0.68751     -0.04540     -0.00321     -0.00086
FE      0.06257      0.43748      0.68742      0.01797     -0.00603     -0.02548
FE      0.06257      0.31253      0.81238      0.01756      0.00891     -0.03272
FE      0.18752      0.43754      0.81246      0.00432      0.00978     -0.00929
FE      0.18733      0.31243      0.93777     -0.04580     -0.01731      0.07378
FE      0.06339      0.43653      0.93755      0.16066     -0.19342      0.01209
FE      0.06431      0.56250      0.06430      0.35325     -0.00037      0.35050
FE      0.18759      0.68753      0.06253      0.02274      0.01251      0.00895
FE      0.18779      0.56248      0.18778      0.07826     -0.00568      0.07813
FE      0.06256      0.68754      0.18760      0.01774      0.01343      0.02784
FE      0.06251      0.56247      0.31242      0.00404     -0.00765     -0.01553
FE      0.18756      0.68751      0.31251      0.01465     -0.00058      0.00730
FE      0.18750      0.56251      0.43751     -0.00152     -0.00124      0.00195
FE      0.06255      0.68746      0.43749      0.01775     -0.01582     -0.00030
FE      0.06251      0.56246      0.56255      0.00172     -0.00740      0.00911
FE      0.18750      0.68754      0.56250     -0.00093      0.00879     -0.00167
FE      0.18773      0.56255      0.68723      0.06084      0.01809     -0.07646
FE      0.06257      0.68754      0.68742      0.01959      0.01420     -0.02469
FE      0.06430      0.56247      0.81070      0.34883     -0.00554     -0.34967
FE      0.18761      0.68754      0.81240      0.02873      0.01449     -0.02643
FE      0.18774      0.56248      0.93753      0.05140     -0.00272      0.00723
FE      0.06339      0.68852      0.93754      0.16397      0.20443      0.00803
FE      0.06253      0.81241      0.06250      0.01227     -0.02088     -0.00186
FE      0.18843      0.93655      0.06247      0.17592     -0.18715     -0.01495
FE      0.18761      0.81246      0.18753      0.02880     -0.01513      0.00653
FE      0.06279      0.93654      0.18817      0.08080     -0.19167      0.09763
FE      0.06260      0.81239      0.31249      0.02840     -0.03486      0.00231
FE      0.18753      0.93749      0.31261      0.01113     -0.00476      0.02750
FE      0.18756      0.81249      0.43750      0.01329     -0.00641      0.00392
FE      0.06273      0.93752      0.43749      0.04846      0.00167     -0.00054
FE      0.06261      0.81246      0.56255      0.02905     -0.01220      0.01421
FE      0.18742      0.93751      0.56249     -0.02066      0.00079      0.00232
FE      0.18753      0.81248      0.68753      0.00458     -0.00591      0.01326
FE      0.06279      0.93754      0.68778      0.07846      0.00729      0.07478
FE      0.06253      0.81243      0.81240      0.01195     -0.01800     -0.02626
FE      0.18758      0.93749      0.81238      0.02970     -0.00816     -0.02576
FE      0.18760      0.81254      0.93749      0.02307      0.01001     -0.01196
FE      0.06248      0.93651      0.93661     -0.00338     -0.20000     -0.16322
FE      0.31271      0.06248      0.06249      0.04488     -0.00464     -0.00117
FE      0.43749      0.18754      0.06245      0.00001      0.00960     -0.01101
FE      0.43742      0.06251      0.18747     -0.02243      0.00926     -0.01151
FE      0.31258      0.18755      0.18757      0.02125      0.01659      0.01999
FE      0.31269      0.06256      0.31277      0.05251      0.01954      0.07465
FE      0.43754      0.18752      0.31252      0.01006      0.00413      0.00434
FE      0.43751      0.06243      0.43746      0.00427     -0.01366     -0.00353
FE      0.31242      0.18752      0.43742     -0.02097      0.00133     -0.02044
FE      0.31246      0.06246      0.56247     -0.01231     -0.01235     -0.00879
FE      0.43750      0.18653      0.56162     -0.00214     -0.18999     -0.16018
FE      0.43750      0.06240      0.68752      0.00346     -0.02578      0.00225
FE      0.31160      0.18652      0.68750     -0.16214     -0.19407     -0.00347
FE      0.31274      0.06245      0.81222      0.06737     -0.01604     -0.07509
FE      0.43752      0.18653      0.81337      0.00910     -0.19289      0.15796
FE      0.43745      0.06240      0.93760     -0.00878     -0.02664      0.02273
FE      0.31252      0.18755      0.93757      0.00668      0.00905      0.01511
FE      0.31256      0.31256      0.06243      0.01991      0.01717     -0.01330
FE      0.43749      0.43748      0.06244     -0.00056     -0.00263     -0.01192
FE      0.43752      0.31248      0.18752      0.00543     -0.00169      0.00480
FE      0.31250      0.43751      0.18753      0.00317      0.00177      0.00841
FE      0.31250      0.31248      0.31255     -0.00147     -0.00370      0.01072
FE      0.43753      0.43753      0.31250      0.00549      0.00843     -0.00214
FE      0.43753      0.31246      0.43726      0.00505     -0.00730     -0.05107
FE      0.31240      0.43753      0.43741     -0.02840      0.01025     -0.02609
FE      0.31068      0.31247      0.56069     -0.35427     -0.00785     -0.35212
FE      0.43751      0.43849      0.56162      0.00236      0.19782     -0.16128
RU      0.43749      0.31252      0.68751     -0.00235      0.00372      0.00127
FE      0.31159      0.43850      0.68750     -0.16388      0.19878     -0.00157
FE      0.31068      0.31248      0.81428     -0.34980     -0.00465      0.34576
FE      0.43751      0.43850      0.81339      0.00384      0.20062      0.16367
FE      0.43751      0.31248      0.93775      0.00441     -0.00331      0.05346
FE      0.31243      0.43756      0.93762     -0.01745      0.01693      0.03177
FE      0.31241      0.56248      0.06247     -0.01840     -0.00287     -0.00324
FE      0.43744      0.68749      0.06236     -0.01668     -0.00646     -0.03471
FE      0.43749      0.56246      0.18750     -0.00493     -0.01454     -0.00385
FE      0.31241      0.68749      0.18748     -0.02053     -0.00824     -0.00653
FE      0.31241      0.56241      0.31249     -0.01773     -0.02474      0.00329
FE      0.43660      0.68650      0.31249     -0.16979     -0.20341     -0.00369
FE      0.43751      0.56255      0.43746     -0.00275      0.01122     -0.01087
FE      0.31236      0.68751      0.43755     -0.03554     -0.00228      0.01442
FE      0.31246      0.56250      0.56247     -0.00466      0.00597     -0.01631
FE      0.43745      0.68750      0.56263     -0.01696     -0.00875      0.03314
FE      0.43751      0.56257      0.68751      0.00133      0.02072      0.00346
FE      0.31249      0.68752      0.68750     -0.00067      0.00297      0.00147
FE      0.31240      0.56251      0.81252     -0.02232      0.00846      0.00486
FE      0.43752      0.68751      0.81247      0.00418      0.00128     -0.00646
FE      0.43751      0.56256      0.93758      0.00203      0.01906      0.02215
FE      0.31246      0.68750      0.93752     -0.00721      0.00009      0.00205
FE      0.31227      0.81241      0.06222     -0.05855     -0.02461     -0.07828
FE      0.43743      0.93755      0.06236     -0.02385      0.01369     -0.04207
FE      0.43569      0.81248      0.18567     -0.35788     -0.00574     -0.36085
FE      0.31248      0.93752      0.18751     -0.00298      0.00394      0.00214
FE      0.31224      0.81249      0.31250     -0.05376     -0.00462     -0.00113
FE      0.43668      0.93851      0.31253     -0.14730      0.19893      0.00569
FE      0.43572      0.81250      0.43931     -0.34978     -0.00247      0.35166
FE      0.31238      0.93751      0.43756     -0.02820      0.00519      0.01957
FE      0.31221      0.81249      0.56277     -0.08035     -0.00225      0.07637
FE      0.43751      0.93754      0.56261     -0.00481      0.01502      0.03104
FE      0.43751      0.81247      0.68748     -0.00283     -0.00732     -0.00179
FE      0.31250      0.93752      0.68752     -0.00017      0.00543      0.00373
FE      0.31249      0.81249      0.81246      0.00071     -0.00196     -0.00899
FE      0.43752      0.93751      0.81245      0.00142      0.00254     -0.00483
FE      0.43752      0.81249      0.93757      0.00597     -0.00281      0.01348
FE      0.31256      0.93747      0.93747      0.01747     -0.01132     -0.01423
FE      0.56248      0.06257      0.06241     -0.00810      0.02033     -0.02747
FE      0.68753      0.18750      0.06248      0.00585      0.00282     -0.00369
FE      0.68753      0.06253      0.18737      0.00498      0.01662     -0.03447
FE      0.56248      0.18751      0.18752     -0.00547      0.00226      0.00336
FE      0.56238      0.06259      0.31243     -0.03016      0.03000     -0.02060
FE      0.68748      0.18753      0.31248     -0.00747      0.01199     -0.00936
FE      0.68663      0.06351      0.43753     -0.16400      0.20811      0.01579
FE      0.56248      0.18756      0.43738     -0.00542      0.01301     -0.03179
FE      0.56240      0.06255      0.56260     -0.02375      0.01822      0.02877
FE      0.68761      0.18753      0.56247      0.02764      0.00664     -0.00699
FE      0.68753      0.06243      0.68762      0.00014     -0.01490      0.02707
FE      0.56339      0.18650      0.68751      0.16333     -0.19967      0.00384
FE      0.56249      0.06247      0.81251     -0.00162     -0.01173      0.00892
FE      0.68759      0.18748      0.81252      0.01942     -0.00897      0.00845
FE      0.68760      0.06248      0.93753      0.01890     -0.00340      0.00356
FE      0.56257      0.18749      0.93765      0.01776     -0.00702      0.03564
FE      0.56248      0.31249      0.06243     -0.00464     -0.00403     -0.01326
FE      0.68744      0.43747      0.06253     -0.01781     -0.01156      0.01406
FE      0.68750      0.31250      0.18751     -0.00221      0.00151      0.00094
FE      0.56248      0.43751      0.18755     -0.00888      0.00267      0.01189
FE      0.56246      0.31249      0.31254     -0.00834      0.00018      0.00698
FE      0.68750      0.43752      0.31250      0.00121      0.00527     -0.00140
FE      0.68781      0.31249      0.43722      0.08325     -0.00329     -0.07676
FE      0.56256      0.43754      0.43738      0.01703      0.01552     -0.03087
FE      0.56428      0.31251      0.56070      0.34476      0.00432     -0.35004
FE      0.68762      0.43751      0.56244      0.02959      0.00522     -0.02096
FE      0.68775      0.31250      0.68753      0.05276      0.00106      0.00785
FE      0.56339      0.43851      0.68748      0.15881      0.19913     -0.00561
FE      0.56430      0.31249      0.81429      0.34914     -0.00304      0.34900
FE      0.68751      0.43752      0.81248      0.00203      0.00418     -0.00337
FE      0.68773      0.31241      0.93779      0.05918     -0.02630      0.08014
FE      0.56256      0.43755      0.93764      0.01668      0.01364      0.03534
FE      0.56255      0.56241      0.06241      0.01050     -0.02552     -0.02263
FE      0.68748      0.68754      0.06244     -0.00818      0.00615     -0.01685
FE      0.68725      0.56244      0.18775     -0.06892     -0.01937      0.06744
FE      0.56248      0.68653      0.18661     -0.01021     -0.19483     -0.16287
FE      0.56247      0.56237      0.31249     -0.01500     -0.03334      0.00277
FE      0.68839      0.68650      0.31247      0.15601     -0.20475     -0.00605
FE      0.68756      0.56246      0.43752      0.01532     -0.01195      0.00805
FE      0.56244      0.68647      0.43839     -0.01796     -0.21050      0.16357
FE      0.56249      0.56241      0.56255     -0.00802     -0.02111      0.00502
FE      0.68756      0.68750      0.56260      0.01241     -0.00704      0.02720
FE      0.68731      0.56254      0.68726     -0.05363      0.01396     -0.06795
FE      0.56246      0.68752      0.68749     -0.01302      0.00343     -0.00383
FE      0.56257      0.56251      0.81251      0.01695      0.00659      0.00449
FE      0.68742      0.68756      0.81243     -0.02263      0.01744     -0.01840
FE      0.68729      0.56249      0.93752     -0.04475     -0.00283      0.00289
FE      0.56252      0.68754      0.93756      0.00112      0.01016      0.01184
FE      0.56247      0.81247      0.06224     -0.01062     -0.00485     -0.05848
FE      0.68758      0.93756      0.06244      0.01799      0.01720     -0.02047
FE      0.68925      0.81247      0.18561      0.33334     -0.01410     -0.37659
FE      0.56222      0.93850      0.18634     -0.07700      0.20016     -0.23779
RU      0.56234      0.81246      0.31241     -0.04387     -0.01728     -0.02591
FE      0.68661      0.93847      0.31073     -0.18473      0.20078     -0.34605
FE      0.68842      0.81151      0.43928      0.18855     -0.20633      0.35225
FE      0.56225      0.93851      0.43840     -0.05600      0.20357      0.16627
FE      0.56238      0.81246      0.56280     -0.03238     -0.01464      0.06816
FE      0.68579      0.93752      0.56441     -0.32665      0.00873      0.38076
FE      0.68744      0.81246      0.68756     -0.01700     -0.01351      0.02057
FE      0.56219      0.93753      0.68777     -0.08338      0.00857      0.07903
FE      0.56246      0.81248      0.81248     -0.01187     -0.00437      0.00015
FE      0.68751      0.93751      0.81240     -0.00272      0.00188     -0.02192
FE      0.68744      0.81256      0.93757     -0.01943      0.01758      0.01375
FE      0.56251      0.93748      0.93756     -0.00050     -0.00233      0.01205
FE      0.81226      0.06248      0.06249     -0.05213     -0.00188     -0.00492
FE      0.93661      0.18851      0.06246     -0.16332      0.20417     -0.00982
FE      0.93576      0.06249      0.18919     -0.33201      0.00500      0.31829
FE      0.81238      0.18761      0.18752     -0.02995      0.03707      0.00411
FE      0.81225      0.06355      0.31187     -0.06662      0.21882     -0.09091
FE      0.93745      0.18756      0.31256     -0.01038      0.02382      0.01839
FE      0.93842      0.06348      0.43746      0.17330      0.19916     -0.00731
FE      0.81250      0.18762      0.43751      0.00222      0.03389      0.00313
FE      0.81248      0.06349      0.56340      0.00013      0.19741      0.16804
FE      0.93754      0.18755      0.56253      0.01124      0.01599      0.00831
FE      0.93758      0.06251      0.68768      0.02025      0.00756      0.04386
FE      0.81244      0.18758      0.68755     -0.01353      0.02149      0.01262
FE      0.81221      0.06248      0.81220     -0.07853     -0.00345     -0.08098
FE      0.93745      0.18753      0.81239     -0.01408      0.01384     -0.02852
FE      0.93569      0.06250      0.93571     -0.35332      0.00068     -0.35005
FE      0.81240      0.18753      0.93747     -0.02388      0.01238     -0.00825
FE      0.81239      0.31252      0.06253     -0.02450      0.00599      0.01462
FE      0.93753      0.43651      0.06338      0.00509     -0.19933      0.16242
FE      0.93750      0.31245      0.18758     -0.00404     -0.01076      0.02535
FE      0.81242      0.43749      0.18763     -0.02253     -0.00823      0.03298
FE      0.81247      0.31249      0.31251      0.00110     -0.00470     -0.00380
FE      0.93748      0.43755      0.31251     -0.00176      0.00758      0.00386
FE      0.93749      0.31248      0.43751     -0.00136     -0.00396      0.00357
FE      0.81252      0.43750      0.43750      0.00898      0.00060     -0.00279
FE      0.81242      0.31248      0.56248     -0.01586     -0.00630     -0.00700
FE      0.93750      0.43752      0.56251      0.00198      0.00186     -0.00066
FE      0.93752      0.31243      0.68747      0.00286     -0.02015     -0.01412
FE      0.81240      0.43749      0.68740     -0.02350     -0.00491     -0.02712
FE      0.81240      0.31245      0.81243     -0.02371     -0.01511     -0.01582
FE      0.93750      0.43655      0.81155      0.00095     -0.18731     -0.17543
FE      0.93749      0.31242      0.93750     -0.00546     -0.01868     -0.00360
FE      0.81156      0.43655      0.93753     -0.16983     -0.18760      0.00812
FE      0.81069      0.56250      0.06430     -0.35030     -0.00102      0.34892
FE      0.93754      0.68850      0.06337      0.01274      0.19729      0.15454
FE      0.93752      0.56248      0.18772      0.00670     -0.00672      0.04533
FE      0.81251      0.68743      0.18750      0.00233     -0.02388     -0.00509
FE      0.81256      0.56242      0.31244      0.01715     -0.02301     -0.01113
FE      0.93751      0.68748      0.31248      0.00674     -0.01198     -0.00607
FE      0.93749      0.56249      0.43752      0.00039     -0.00354      0.00412
FE      0.81260      0.68741      0.43757      0.02621     -0.03006      0.01990
FE      0.81250      0.56248      0.56253      0.00001     -0.00252      0.00692
FE      0.93754      0.68749      0.56255      0.01657     -0.00712      0.01488
FE      0.93751      0.56246      0.68729      0.00258     -0.01004     -0.04349
FE      0.81242      0.68744      0.68748     -0.01672     -0.01297     -0.00068
FE      0.81068      0.56249      0.81067     -0.35050     -0.00199     -0.35289
FE      0.93751      0.68850      0.81155      0.00192      0.19577     -0.17578
RU      0.93751      0.56249      0.93752     -0.00021     -0.00107      0.00203
FE      0.81157      0.68849      0.93750     -0.16949      0.19445     -0.00284
FE      0.81267      0.81243      0.06225      0.04531     -0.01781     -0.07079
FE      0.93660      0.93653      0.06251     -0.16071     -0.19239      0.00027
FE      0.93749      0.81251      0.18750      0.00065     -0.00107      0.00209
FE      0.81248      0.93754      0.18730     -0.00497      0.00854     -0.04178
FE      0.81272      0.81147      0.31157      0.04628     -0.20704     -0.17020
FE      0.93924      0.93749      0.31078      0.33472     -0.00399     -0.32405
FE      0.93834      0.81150      0.43750      0.15661     -0.20266      0.00468
RU      0.81265      0.93754      0.43758      0.03985      0.01569      0.03152
FE      0.81275      0.81150      0.56366      0.06985     -0.19866      0.23662
FE      0.93933      0.93750      0.56435      0.36008      0.00287      0.36399
FE      0.93757      0.81254      0.68756      0.02574      0.00813      0.01686
FE      0.81246      0.93755      0.68773     -0.00651      0.01088      0.04814
FE      0.81246      0.81250      0.81244     -0.01177      0.00387     -0.01473
FE      0.93744      0.93749      0.81233     -0.01662     -0.00879     -0.04189
FE      0.93749      0.81255      0.93750      0.00179      0.01117     -0.01087
FE      0.81241      0.93750      0.93745     -0.02293     -0.00572     -0.01986
