/* Converted from PWscf output file */ 
#L_UNITS ang 
#E_UNITS eV 
#S_UNITS GPA 
#F_UNITS EV/ANG 
#ALAT 	  13.67872     // a0 
#X 	   1.00000     0.00000     0.00000     // X 
#Y 	   0.00000     1.05658    -0.00007     // Y 
#Z 	   0.00000    -0.00006     1.00040     // Z 
#SX 	   0.05498    -0.00000    -0.00000     // SX 
#SY 	  -0.00000    -0.00277    -0.00904     // SY 
#SZ 	  -0.00000    -0.00904     0.05090     // SZ 
#EPA 	  -4.27828     // Energy per Atom 
#C 	1 1 1 
#W 	1.0 
#RCUT 	6.5        // Rcut 
RU      0.06248      0.06072      0.06425     -0.00120     -0.03078      0.05682
FE      0.19106      0.18870      0.06519     -0.00178     -0.00354     -0.00174
FE      0.19074      0.06221      0.19092     -0.02435     -0.00309     -0.01773
FE      0.06244      0.18888      0.18927     -0.00030     -0.01294      0.00779
FE      0.06247      0.06235      0.31295     -0.00069     -0.00478      0.00005
FE      0.18799      0.18777      0.31300      0.00359     -0.00402      0.00421
FE      0.18764      0.06244      0.43749      0.00523     -0.00358      0.00294
FE      0.06248      0.18760      0.43755      0.00075     -0.00027      0.00176
FE      0.06248      0.06240      0.56245      0.00076      0.00027     -0.00176
FE      0.18764      0.18756      0.56251      0.00523      0.00358     -0.00294
FE      0.18799      0.06223      0.68700      0.00359      0.00402     -0.00421
FE      0.06247      0.18765      0.68705     -0.00069      0.00478     -0.00005
FE      0.06244      0.06112      0.81073     -0.00030      0.01294     -0.00779
FE      0.19074      0.18779      0.80908     -0.02435      0.00309      0.01773
FE      0.19106      0.06130      0.93481     -0.00178      0.00354      0.00174
RU      0.06248      0.18928      0.93575     -0.00120      0.03078     -0.05683
FE      0.06248      0.31426      0.06375     -0.00065     -0.01216     -0.00666
FE      0.18773      0.43780      0.06265      0.00062      0.00300     -0.00056
FE      0.18802      0.31296      0.18823     -0.00174     -0.00393     -0.00370
FE      0.06247      0.43793      0.18794      0.00023     -0.00202     -0.00196
FE      0.06248      0.31298      0.31293      0.00075     -0.00352      0.00066
FE      0.18765      0.43776      0.31273      0.00757      0.00826      0.00615
FE      0.18764      0.31263      0.43766      0.00751      0.00836      0.00327
FE      0.06248      0.43764      0.43759      0.00041      0.00970      0.00245
FE      0.06248      0.31261      0.56243      0.00051      0.00655     -0.00089
FE      0.18763      0.43769      0.56230      0.00854      0.01234     -0.00564
FE      0.18804      0.31290      0.68676      0.00485      0.00511     -0.00291
FE      0.06248      0.43814      0.68692      0.00055     -0.00041     -0.00117
FE      0.06247      0.31504      0.81028     -0.00062     -0.03471      0.02040
FE      0.18783      0.43800      0.81214      0.00305      0.00530     -0.00272
FE      0.18891      0.31420      0.93730     -0.01326     -0.01640     -0.00417
FE      0.06247      0.43793      0.93752     -0.00001      0.00330     -0.00352
FE      0.06248      0.56248      0.06249      0.00051      0.00589      0.00289
FE      0.18755      0.68751      0.06249      0.00340     -0.00455      0.00138
FE      0.18757      0.56260      0.18765      0.00405      0.00378      0.00308
FE      0.06248      0.68750      0.18756      0.00045     -0.00493      0.00357
FE      0.06248      0.56255      0.31257      0.00065      0.00521      0.00554
FE      0.18760      0.68738      0.31264      0.00543     -0.00580      0.00558
FE      0.18755      0.56251      0.43756      0.00459      0.00576      0.00093
FE      0.06248      0.68742      0.43761      0.00055     -0.00725      0.00421
FE      0.06248      0.56258      0.56239      0.00055      0.00725     -0.00421
FE      0.18755      0.68749      0.56244      0.00459     -0.00575     -0.00092
FE      0.18760      0.56262      0.68736      0.00543      0.00581     -0.00558
FE      0.06248      0.68745      0.68743      0.00065     -0.00521     -0.00555
FE      0.06248      0.56250      0.81244      0.00046      0.00493     -0.00357
FE      0.18757      0.68740      0.81235      0.00405     -0.00379     -0.00308
FE      0.18755      0.56249      0.93751      0.00340      0.00455     -0.00138
FE      0.06248      0.68752      0.93751      0.00051     -0.00589     -0.00289
FE      0.06247      0.81207      0.06248     -0.00001     -0.00330      0.00352
FE      0.18891      0.93580      0.06270     -0.01326      0.01640      0.00417
FE      0.18783      0.81200      0.18786      0.00305     -0.00530      0.00272
FE      0.06247      0.93496      0.18972     -0.00062      0.03471     -0.02039
FE      0.06248      0.81186      0.31308      0.00056      0.00041      0.00117
FE      0.18804      0.93710      0.31324      0.00485     -0.00511      0.00291
FE      0.18763      0.81231      0.43770      0.00854     -0.01234      0.00564
FE      0.06248      0.93739      0.43757      0.00051     -0.00655      0.00089
FE      0.06248      0.81236      0.56241      0.00041     -0.00970     -0.00244
FE      0.18764      0.93737      0.56234      0.00751     -0.00837     -0.00327
FE      0.18765      0.81224      0.68727      0.00757     -0.00826     -0.00615
FE      0.06248      0.93702      0.68707      0.00075      0.00352     -0.00066
FE      0.06247      0.81207      0.81206      0.00023      0.00202      0.00196
FE      0.18802      0.93704      0.81177     -0.00174      0.00393      0.00370
FE      0.18773      0.81220      0.93735      0.00062     -0.00300      0.00056
FE      0.06248      0.93574      0.93625     -0.00065      0.01216      0.00666
FE      0.31332      0.06228      0.06280     -0.00074      0.00080      0.00194
FE      0.43750      0.18759      0.06256      0.00259     -0.00018      0.00303
FE      0.43774      0.06236      0.18782      0.00567     -0.00614      0.00719
FE      0.31420      0.18770      0.18914     -0.01181     -0.00454     -0.01374
FE      0.31417      0.06237      0.31418     -0.00665     -0.00565     -0.00815
FE      0.43821      0.18765      0.31314      0.01192      0.00543      0.01504
FE      0.43811      0.06241      0.43801      0.02166     -0.00900      0.01120
FE      0.31280      0.18765      0.43779      0.01415      0.00600      0.00500
FE      0.31280      0.06235      0.56221      0.01415     -0.00600     -0.00499
FE      0.43811      0.18759      0.56199      0.02166      0.00900     -0.01120
FE      0.43821      0.06235      0.68686      0.01192     -0.00543     -0.01504
FE      0.31417      0.18763      0.68582     -0.00665      0.00565      0.00815
FE      0.31420      0.06230      0.81086     -0.01181      0.00454      0.01374
FE      0.43774      0.18764      0.81218      0.00567      0.00614     -0.00719
FE      0.43750      0.06241      0.93744      0.00259      0.00018     -0.00304
FE      0.31332      0.18772      0.93720     -0.00074     -0.00080     -0.00194
FE      0.31330      0.31306      0.06283     -0.00637     -0.00763      0.00145
FE      0.43772      0.43769      0.06255      0.00603      0.00825      0.00538
FE      0.43791      0.31270      0.18783      0.00593      0.00987      0.00944
FE      0.31270      0.43774      0.18767      0.00760      0.00941      0.00835
FE      0.31282      0.31269      0.31283      0.01218      0.01338      0.01013
FE      0.43759      0.43762      0.31253      0.00565      0.01120      0.00644
FE      0.43765      0.31259      0.43754      0.01332      0.01678      0.00106
FE      0.31259      0.43763      0.43754      0.01139      0.01284      0.00031
FE      0.31283      0.31268      0.56219      0.01634      0.01669     -0.00593
FE      0.43758      0.43759      0.56244      0.00620      0.01166     -0.00403
FE      0.43783      0.31266      0.68725      0.00887      0.01444     -0.01108
FE      0.31264      0.43767      0.68738      0.01090      0.01204     -0.00899
FE      0.31312      0.31284      0.81200      0.00299      0.00542     -0.00550
FE      0.43771      0.43768      0.81237      0.00659      0.00953     -0.00764
FE      0.43768      0.31266      0.93746      0.00220      0.00451     -0.00448
FE      0.31304      0.43808      0.93748     -0.00184     -0.00434     -0.00433
FE      0.31262      0.56261      0.06253      0.00466      0.00407      0.00383
FE      0.43763      0.68745      0.06249      0.00517     -0.00541      0.00207
FE      0.43760      0.56251      0.18757      0.00387      0.00379      0.00437
FE      0.31266      0.68737      0.18761      0.00685     -0.00543      0.00589
FE      0.31255      0.56251      0.31255      0.00733      0.00392      0.00531
FE      0.43758      0.68748      0.31252      0.00417     -0.00538      0.00572
FE      0.43755      0.56249      0.43753      0.00380      0.00422      0.00110
FE      0.31253      0.68748      0.43755      0.00585     -0.00507      0.00197
FE      0.31253      0.56252      0.56245      0.00585      0.00507     -0.00197
FE      0.43755      0.68751      0.56247      0.00380     -0.00422     -0.00110
FE      0.43758      0.56252      0.68748      0.00417      0.00538     -0.00572
FE      0.31255      0.68749      0.68745      0.00733     -0.00392     -0.00531
FE      0.31266      0.56263      0.81239      0.00685      0.00542     -0.00589
FE      0.43760      0.68749      0.81243      0.00387     -0.00379     -0.00437
FE      0.43763      0.56255      0.93751      0.00517      0.00541     -0.00207
FE      0.31262      0.68739      0.93747      0.00466     -0.00407     -0.00383
FE      0.31304      0.81192      0.06252     -0.00184      0.00434      0.00433
FE      0.43768      0.93734      0.06254      0.00221     -0.00451      0.00448
FE      0.43771      0.81232      0.18763      0.00660     -0.00953      0.00765
FE      0.31312      0.93716      0.18800      0.00299     -0.00542      0.00550
FE      0.31264      0.81233      0.31262      0.01091     -0.01203      0.00899
FE      0.43783      0.93734      0.31275      0.00887     -0.01444      0.01108
FE      0.43758      0.81241      0.43756      0.00620     -0.01166      0.00403
FE      0.31283      0.93732      0.43781      0.01634     -0.01669      0.00593
FE      0.31259      0.81237      0.56246      0.01139     -0.01284     -0.00030
FE      0.43765      0.93741      0.56246      0.01332     -0.01678     -0.00106
FE      0.43759      0.81238      0.68747      0.00565     -0.01120     -0.00644
FE      0.31282      0.93731      0.68717      0.01218     -0.01338     -0.01013
FE      0.31270      0.81226      0.81233      0.00760     -0.00941     -0.00835
FE      0.43791      0.93730      0.81217      0.00592     -0.00987     -0.00943
FE      0.43772      0.81231      0.93745      0.00603     -0.00825     -0.00538
FE      0.31330      0.93694      0.93717     -0.00637      0.00763     -0.00145
FE      0.56248      0.06244      0.06250      0.00102     -0.00230      0.00194
FE      0.68754      0.18760      0.06257     -0.00345      0.00000      0.00407
FE      0.68732      0.06236      0.18783     -0.00566     -0.00532      0.00761
FE      0.56248      0.18756      0.18762      0.00043      0.00249      0.00698
FE      0.56248      0.06242      0.31263      0.00050     -0.00807      0.01353
FE      0.68682      0.18764      0.31315     -0.01419      0.00483      0.01534
FE      0.68693      0.06241      0.43801     -0.02332     -0.00824      0.01063
FE      0.56248      0.18759      0.43758      0.00045      0.00851      0.00531
FE      0.56248      0.06241      0.56242      0.00045     -0.00851     -0.00531
FE      0.68693      0.18759      0.56199     -0.02332      0.00824     -0.01063
FE      0.68682      0.06236      0.68685     -0.01419     -0.00483     -0.01534
FE      0.56248      0.18758      0.68737      0.00050      0.00807     -0.01353
FE      0.56248      0.06244      0.81238      0.00042     -0.00249     -0.00698
FE      0.68732      0.18764      0.81217     -0.00566      0.00532     -0.00761
FE      0.68754      0.06240      0.93743     -0.00345     -0.00000     -0.00407
FE      0.56248      0.18756      0.93750      0.00102      0.00230     -0.00194
FE      0.56248      0.31254      0.06251      0.00051      0.00689      0.00303
FE      0.68733      0.43769      0.06255     -0.00688      0.00810      0.00569
FE      0.68713      0.31270      0.18782     -0.00736      0.01044      0.00929
FE      0.56248      0.43762      0.18760      0.00029      0.01316      0.00823
FE      0.56248      0.31261      0.31261      0.00080      0.01840      0.01435
FE      0.68746      0.43762      0.31253     -0.00643      0.01114      0.00667
FE      0.68740      0.31260      0.43754     -0.01453      0.01715      0.00086
FE      0.56248      0.43758      0.43753      0.00046      0.00821      0.00117
FE      0.56248      0.31258      0.56239      0.00045      0.01416     -0.00989
FE      0.68748      0.43759      0.56244     -0.00681      0.01165     -0.00402
FE      0.68721      0.31267      0.68724     -0.01068      0.01472     -0.01180
FE      0.56248      0.43761      0.68744      0.00051      0.01299     -0.00944
FE      0.56248      0.31259      0.81239      0.00066      0.01189     -0.00703
FE      0.68734      0.43768      0.81237     -0.00726      0.00955     -0.00743
FE      0.68737      0.31267      0.93746     -0.00351      0.00511     -0.00459
FE      0.56248      0.43759      0.93752      0.00041      0.00889     -0.00229
FE      0.56248      0.56251      0.06249      0.00052      0.00486      0.00287
FE      0.68742      0.68744      0.06249     -0.00620     -0.00577      0.00222
FE      0.68746      0.56251      0.18757     -0.00468      0.00399      0.00435
FE      0.56248      0.68749      0.18755      0.00051     -0.00624      0.00313
FE      0.56248      0.56248      0.31251      0.00055      0.00412      0.00363
FE      0.68748      0.68748      0.31252     -0.00506     -0.00552      0.00582
FE      0.68750      0.56249      0.43753     -0.00458      0.00433      0.00107
FE      0.56248      0.68751      0.43754      0.00052     -0.00453      0.00205
FE      0.56248      0.56249      0.56246      0.00052      0.00453     -0.00205
FE      0.68750      0.68751      0.56247     -0.00458     -0.00433     -0.00107
FE      0.68748      0.56252      0.68748     -0.00506      0.00552     -0.00583
FE      0.56248      0.68752      0.68749      0.00055     -0.00411     -0.00363
FE      0.56248      0.56251      0.81245      0.00051      0.00625     -0.00313
FE      0.68746      0.68749      0.81243     -0.00468     -0.00399     -0.00435
FE      0.68742      0.56256      0.93751     -0.00620      0.00577     -0.00223
FE      0.56248      0.68749      0.93751      0.00052     -0.00486     -0.00287
FE      0.56248      0.81241      0.06248      0.00041     -0.00889      0.00229
FE      0.68737      0.93733      0.06254     -0.00351     -0.00511      0.00458
FE      0.68734      0.81232      0.18763     -0.00726     -0.00954      0.00743
FE      0.56248      0.93741      0.18761      0.00066     -0.01189      0.00703
FE      0.56248      0.81239      0.31256      0.00051     -0.01298      0.00944
FE      0.68721      0.93733      0.31276     -0.01068     -0.01472      0.01180
FE      0.68748      0.81241      0.43756     -0.00681     -0.01165      0.00402
FE      0.56248      0.93742      0.43761      0.00045     -0.01416      0.00989
FE      0.56248      0.81242      0.56247      0.00046     -0.00821     -0.00116
FE      0.68740      0.93740      0.56246     -0.01453     -0.01715     -0.00086
FE      0.68746      0.81238      0.68747     -0.00643     -0.01114     -0.00667
FE      0.56248      0.93739      0.68739      0.00080     -0.01840     -0.01435
FE      0.56248      0.81238      0.81240      0.00029     -0.01316     -0.00823
FE      0.68713      0.93730      0.81218     -0.00736     -0.01044     -0.00929
FE      0.68733      0.81231      0.93745     -0.00688     -0.00810     -0.00569
FE      0.56248      0.93746      0.93749      0.00051     -0.00689     -0.00303
FE      0.81163      0.06227      0.06279      0.00064      0.00080      0.00171
FE      0.93388      0.18870      0.06521      0.00111     -0.00357     -0.00188
FE      0.93419      0.06220      0.19091      0.02587     -0.00392     -0.01871
FE      0.81080      0.18773      0.18915      0.01770     -0.00407     -0.01387
FE      0.81084      0.06236      0.31419      0.01019     -0.00554     -0.00554
FE      0.93704      0.18777      0.31302     -0.00569     -0.00408      0.00540
FE      0.93741      0.06244      0.43750     -0.00607     -0.00348      0.00377
FE      0.81215      0.18765      0.43779     -0.01390      0.00649      0.00554
FE      0.81215      0.06235      0.56221     -0.01390     -0.00649     -0.00554
FE      0.93741      0.18756      0.56250     -0.00607      0.00348     -0.00377
FE      0.93704      0.06223      0.68698     -0.00569      0.00408     -0.00540
FE      0.81084      0.18764      0.68581      0.01019      0.00554      0.00554
FE      0.81080      0.06227      0.81085      0.01770      0.00407      0.01387
FE      0.93419      0.18780      0.80909      0.02587      0.00392      0.01871
FE      0.93388      0.06130      0.93479      0.00111      0.00356      0.00188
FE      0.81163      0.18773      0.93721      0.00064     -0.00080     -0.00172
FE      0.81167      0.31305      0.06282      0.00783     -0.00692      0.00185
FE      0.93732      0.43780      0.06266     -0.00179      0.00308     -0.00033
FE      0.93702      0.31298      0.18823     -0.00018     -0.00263     -0.00324
FE      0.81226      0.43774      0.18767     -0.00715      0.00992      0.00866
FE      0.81215      0.31269      0.31283     -0.01073      0.01336      0.01022
FE      0.93740      0.43776      0.31274     -0.00849      0.00833      0.00649
FE      0.93742      0.31263      0.43766     -0.00843      0.00864      0.00307
FE      0.81237      0.43763      0.43754     -0.01057      0.01309      0.00053
FE      0.81213      0.31268      0.56218     -0.01529      0.01639     -0.00664
FE      0.93743      0.43769      0.56230     -0.00895      0.01236     -0.00562
FE      0.93699      0.31291      0.68675     -0.00739      0.00590     -0.00352
FE      0.81232      0.43768      0.68738     -0.01011      0.01241     -0.00889
FE      0.81183      0.31283      0.81199     -0.00229      0.00584     -0.00621
FE      0.93723      0.43800      0.81214     -0.00381      0.00530     -0.00246
FE      0.93607      0.31420      0.93729      0.01211     -0.01622     -0.00400
FE      0.81192      0.43808      0.93748      0.00306     -0.00364     -0.00393
FE      0.81234      0.56261      0.06253     -0.00357      0.00403      0.00379
FE      0.93750      0.68750      0.06249     -0.00429     -0.00485      0.00146
FE      0.93748      0.56260      0.18765     -0.00488      0.00393      0.00308
FE      0.81230      0.68737      0.18761     -0.00580     -0.00519      0.00603
FE      0.81241      0.56251      0.31255     -0.00623      0.00382      0.00530
FE      0.93745      0.68738      0.31264     -0.00643     -0.00592      0.00567
FE      0.93750      0.56251      0.43756     -0.00527      0.00587      0.00092
FE      0.81243      0.68748      0.43756     -0.00483     -0.00500      0.00207
FE      0.81243      0.56252      0.56244     -0.00483      0.00500     -0.00207
FE      0.93750      0.68749      0.56244     -0.00527     -0.00587     -0.00092
FE      0.93745      0.56262      0.68736     -0.00643      0.00592     -0.00567
FE      0.81241      0.68749      0.68745     -0.00623     -0.00382     -0.00530
FE      0.81230      0.56263      0.81239     -0.00580      0.00519     -0.00602
FE      0.93748      0.68740      0.81235     -0.00488     -0.00393     -0.00308
FE      0.93750      0.56250      0.93751     -0.00429      0.00485     -0.00146
FE      0.81234      0.68739      0.93747     -0.00357     -0.00403     -0.00379
FE      0.81192      0.81192      0.06252      0.00306      0.00364      0.00393
FE      0.93607      0.93580      0.06271      0.01211      0.01622      0.00400
FE      0.93723      0.81200      0.18786     -0.00382     -0.00530      0.00246
FE      0.81183      0.93717      0.18801     -0.00229     -0.00584      0.00621
FE      0.81232      0.81232      0.31262     -0.01011     -0.01241      0.00889
FE      0.93699      0.93709      0.31325     -0.00739     -0.00590      0.00352
FE      0.93743      0.81231      0.43770     -0.00894     -0.01236      0.00562
FE      0.81213      0.93732      0.43782     -0.01529     -0.01639      0.00664
FE      0.81237      0.81237      0.56246     -0.01057     -0.01309     -0.00053
FE      0.93742      0.93737      0.56234     -0.00843     -0.00864     -0.00307
FE      0.93740      0.81224      0.68726     -0.00849     -0.00833     -0.00649
FE      0.81215      0.93731      0.68717     -0.01073     -0.01336     -0.01022
FE      0.81226      0.81226      0.81233     -0.00715     -0.00992     -0.00866
FE      0.93702      0.93702      0.81177     -0.00018      0.00263      0.00324
FE      0.93732      0.81220      0.93734     -0.00179     -0.00308      0.00033
FE      0.81167      0.93695      0.93718      0.00782      0.00692     -0.00186
