/* Converted from PWscf output file */ 
#L_UNITS ang 
#E_UNITS eV 
#S_UNITS GPA 
#F_UNITS EV/ANG 
#ALAT 	  13.67994     // a0 
#X 	   1.00000     0.00000     0.00000     // X 
#Y 	   0.00000     1.05163     0.00000     // Y 
#Z 	   0.00000     0.00000     1.00000     // Z 
#SX 	  -2.35423    -0.00000     0.00073     // SX 
#SY 	  -0.00000    -1.70307     0.00408     // SY 
#SZ 	   0.00073     0.00408    -2.56715     // SZ 
#EPA 	  -3.73675     // Energy per Atom 
#C 	1 1 1 
#W 	1.0 
#RCUT 	6.5        // Rcut 
RU      0.06251      0.06255      0.29103     -0.00084     -0.00106      1.27815
FE      0.19189      0.19153      0.31189     -0.28721     -0.33674      0.00125
FE      0.18823      0.06246      0.43584     -0.34117      0.00013     -0.39016
FE      0.06248      0.18740      0.43595     -0.00012     -0.21175     -0.19892
FE      0.06245      0.06244      0.56610     -0.00090     -0.00053      0.02032
FE      0.18714      0.18690      0.56423     -0.02382     -0.00208     -0.02563
FE      0.18891      0.06241      0.68687      0.02819     -0.00016     -0.01135
FE      0.06250      0.18580      0.68459      0.00045     -0.00217     -0.03424
FE      0.06245      0.31286      0.31629      0.00031     -0.03149     -0.10957
FE      0.18782      0.43668      0.31404      0.00590      0.02681      0.00104
FE      0.18838      0.31319      0.43582     -0.01135     -0.01832      0.03554
FE      0.06248      0.43707      0.43427      0.00024      0.00448     -0.00263
FE      0.06249      0.31215      0.56424      0.00002      0.03937      0.00660
FE      0.18748      0.43742      0.56448     -0.00230      0.00717      0.00297
FE      0.18690      0.31205      0.68587      0.00245      0.00405      0.00932
FE      0.06249      0.43791      0.68494      0.00046     -0.01435     -0.01035
FE      0.06250      0.56253      0.31573     -0.00005     -0.00015     -0.00968
FE      0.18791      0.68839      0.31398      0.00645     -0.02655      0.00082
FE      0.18728      0.56250      0.43583      0.00096     -0.00013     -0.00123
FE      0.06248      0.68799      0.43423      0.00008     -0.00375     -0.00273
FE      0.06249      0.56249      0.56455      0.00012      0.00005     -0.00041
FE      0.18749      0.68762      0.56448     -0.00256     -0.00715      0.00308
FE      0.18741      0.56249      0.68565     -0.00780     -0.00001      0.00794
FE      0.06251      0.68712      0.68493      0.00026      0.01444     -0.00994
FE      0.06245      0.81207      0.31633     -0.00016      0.03152     -0.10960
FE      0.19181      0.93343      0.31189     -0.28629      0.33750      0.00214
FE      0.18840      0.81178      0.43583     -0.01116      0.01857      0.03517
FE      0.06246      0.93763      0.43592     -0.00028      0.21190     -0.19775
FE      0.06250      0.81281      0.56423     -0.00046     -0.04093      0.00689
FE      0.18713      0.93808      0.56423     -0.02322      0.00297     -0.02623
FE      0.18690      0.81291      0.68588      0.00241     -0.00340      0.00876
FE      0.06246      0.93912      0.68464      0.00036      0.00115     -0.03587
FE      0.31253      0.06245      0.31532     -0.09924      0.00042     -0.09201
FE      0.43660      0.18749      0.31421      0.01407     -0.00005      0.00508
FE      0.43744      0.06249      0.43558     -0.01522      0.00025     -0.00258
FE      0.31259      0.18788      0.43583      0.03049     -0.00167      0.03508
FE      0.31202      0.06246      0.56477      0.07271      0.00017      0.03526
FE      0.43782      0.18729      0.56455     -0.00145      0.01437     -0.00475
FE      0.43827      0.06243      0.68653     -0.02283      0.00037     -0.00128
FE      0.31283      0.18719      0.68390      0.01384      0.01496      0.02485
FE      0.31436      0.31388      0.31689      0.00029      0.01687     -0.05982
FE      0.43801      0.43814      0.31431      0.00781      0.00079      0.00482
FE      0.43818      0.31267      0.43656      0.00595      0.00311      0.00933
FE      0.31276      0.43787      0.43541      0.00469      0.01110      0.00718
FE      0.31251      0.31265      0.56535     -0.00398      0.00017      0.00359
FE      0.43753      0.43760      0.56487     -0.00691     -0.00541      0.00489
FE      0.43725      0.31255      0.68634     -0.00034     -0.01174     -0.00043
FE      0.31216      0.43770      0.68508     -0.00521     -0.00663     -0.00533
FE      0.31225      0.56248      0.31564      0.00399     -0.00061      0.00723
FE      0.43797      0.68691      0.31435      0.00759     -0.00021      0.00434
FE      0.43742      0.56249      0.43596      0.00937     -0.00021      0.01636
FE      0.31277      0.68718      0.43542      0.00485     -0.01144      0.00790
FE      0.31242      0.56248      0.56503      0.00154     -0.00031      0.01040
FE      0.43753      0.68744      0.56488     -0.00678      0.00527      0.00516
FE      0.43770      0.56247      0.68610     -0.01153     -0.00019      0.00294
FE      0.31217      0.68732      0.68508     -0.00541      0.00704     -0.00536
FE      0.31441      0.81122      0.31694      0.00089     -0.01668     -0.06040
FE      0.43667      0.93756      0.31421      0.01392      0.00093      0.00537
FE      0.43821      0.81231      0.43659      0.00666     -0.00344      0.00934
FE      0.31259      0.93717      0.43581      0.03182      0.00043      0.03590
FE      0.31253      0.81230      0.56536     -0.00363     -0.00060      0.00424
FE      0.43783      0.93773      0.56454     -0.00103     -0.01416     -0.00434
FE      0.43727      0.81241      0.68637     -0.00021      0.01157     -0.00087
FE      0.31283      0.93778      0.68388      0.01406     -0.01464      0.02413
FE      0.56251      0.06252      0.31552     -0.00038      0.00049     -0.00681
FE      0.68843      0.18756      0.31417     -0.01472     -0.00048      0.00520
FE      0.68758      0.06249      0.43559      0.01545      0.00054     -0.00301
FE      0.56249      0.18743      0.43462     -0.00054      0.00294      0.00214
FE      0.56247      0.06248      0.56504      0.00036      0.00011     -0.01806
FE      0.68718      0.18731      0.56457      0.00074      0.01447     -0.00519
FE      0.68675      0.06249      0.68650      0.02403      0.00011     -0.00120
FE      0.56245      0.18775      0.68508      0.00085     -0.00331     -0.00071
FE      0.56247      0.31228      0.31524     -0.00024      0.00354      0.00814
FE      0.68704      0.43812      0.31433     -0.00777      0.00045      0.00473
FE      0.68685      0.31268      0.43655     -0.00678      0.00341      0.00906
FE      0.56249      0.43761      0.43563      0.00006      0.00336      0.00897
FE      0.56247      0.31251      0.56579      0.00021     -0.00061      0.00776
FE      0.68752      0.43760      0.56488      0.00664     -0.00551      0.00521
FE      0.68775      0.31254      0.68635      0.00041     -0.01225      0.00033
FE      0.56249      0.43758      0.68523      0.00001     -0.01154     -0.00136
FE      0.56250      0.56251      0.31572      0.00022      0.00021      0.01051
FE      0.68705      0.68693      0.31437     -0.00728      0.00015      0.00426
FE      0.68762      0.56249      0.43596     -0.00951     -0.00010      0.01665
FE      0.56248      0.68745      0.43564     -0.00004     -0.00327      0.00865
FE      0.56249      0.56248      0.56496     -0.00012     -0.00046      0.01060
FE      0.68751      0.68745      0.56488      0.00663      0.00522      0.00510
FE      0.68735      0.56249      0.68610      0.01166     -0.00056      0.00326
FE      0.56249      0.68744      0.68523     -0.00014      0.01070     -0.00118
FE      0.56248      0.81271      0.31524     -0.00001     -0.00364      0.00831
FE      0.68839      0.93753      0.31418     -0.01450      0.00112      0.00560
FE      0.68683      0.81232      0.43658     -0.00638     -0.00342      0.00879
FE      0.56249      0.93765      0.43464     -0.00010     -0.00270      0.00258
FE      0.56248      0.81244      0.56582      0.00052      0.00035      0.00755
FE      0.68721      0.93774      0.56456      0.00033     -0.01467     -0.00513
FE      0.68777      0.81240      0.68638      0.00006      0.01101     -0.00012
FE      0.56250      0.93725      0.68505      0.00032      0.00388      0.00020
FE      0.81242      0.06247      0.31535      0.09807      0.00034     -0.09335
FE      0.93307      0.19149      0.31191      0.28855     -0.33675      0.00239
FE      0.93676      0.06248      0.43583      0.34276      0.00019     -0.38982
FE      0.81234      0.18789      0.43585     -0.03057     -0.00039      0.03490
FE      0.81294      0.06249      0.56475     -0.07421     -0.00037      0.03635
FE      0.93787      0.18692      0.56424      0.02437     -0.00178     -0.02579
FE      0.93603      0.06249      0.68687     -0.02821     -0.00020     -0.01119
FE      0.81215      0.18724      0.68390     -0.01430      0.01509      0.02436
FE      0.81071      0.31390      0.31693      0.00016      0.01627     -0.06030
FE      0.93719      0.43671      0.31405     -0.00600      0.02679      0.00146
FE      0.93662      0.31319      0.43586      0.01137     -0.01724      0.03567
FE      0.81221      0.43789      0.43544     -0.00484      0.01136      0.00729
FE      0.81243      0.31266      0.56538      0.00353      0.00008      0.00356
FE      0.93756      0.43742      0.56450      0.00236      0.00696      0.00355
FE      0.93816      0.31204      0.68590     -0.00305      0.00377      0.00969
FE      0.81282      0.43769      0.68509      0.00511     -0.00703     -0.00551
FE      0.81275      0.56250      0.31565     -0.00434     -0.00035      0.00736
FE      0.93716      0.68836      0.31400     -0.00661     -0.02691      0.00182
FE      0.93776      0.56250      0.43584     -0.00107     -0.00020     -0.00092
FE      0.81222      0.68718      0.43544     -0.00469     -0.01114      0.00789
FE      0.81256      0.56248      0.56504     -0.00150     -0.00037      0.01039
FE      0.93757      0.68762      0.56449      0.00237     -0.00755      0.00339
FE      0.93764      0.56250      0.68566      0.00797     -0.00056      0.00867
FE      0.81282      0.68732      0.68508      0.00500      0.00630     -0.00595
FE      0.81068      0.81117      0.31701      0.00069     -0.01532     -0.06151
FE      0.93313      0.93345      0.31189      0.28896      0.33892      0.00508
FE      0.93663      0.81179      0.43589      0.01153      0.01834      0.03561
FE      0.81237      0.93718      0.43584     -0.03193     -0.00055      0.03525
FE      0.81242      0.81230      0.56539      0.00321     -0.00059      0.00353
FE      0.93787      0.93809      0.56426      0.02371      0.00254     -0.02700
FE      0.93814      0.81287      0.68589     -0.00375     -0.00363      0.00874
FE      0.81214      0.93779      0.68392     -0.01439     -0.01479      0.02363
