/* Converted from PWscf output file */ 
#L_UNITS ang 
#E_UNITS eV 
#S_UNITS GPA 
#F_UNITS EV/ANG 
#ALAT 	   6.97351     // a0 
#X 	   1.00000     0.00000     0.00000     // X 
#Y 	   0.00000     1.04749     0.00000     // Y 
#Z 	   0.00000     0.00000     1.00000     // Z 
#SX 	   0.00029     0.00088    -0.00190     // SX 
#SY 	   0.00088     0.01123     0.00088     // SY 
#SZ 	  -0.00190     0.00088     0.00029     // SZ 
#EPA 	  -4.53004     // Energy per Atom 
#C 	1 1 1 
#W 	20.0 
#RCUT 	6.5        // Rcut 
RU     -0.00718     -0.00510     -0.00718      0.03624      0.03652      0.03624
RU      0.25700      0.25482     -0.00715      0.00586     -0.01476      0.01629
RU      0.25700     -0.00499      0.25700      0.00876      0.01162      0.00876
RU     -0.00715      0.25482      0.25700      0.01629     -0.01476      0.00586
FE     -0.00493     -0.00262      0.50561     -0.00892     -0.02155      0.00081
FE      0.25502      0.25277      0.50542     -0.00030     -0.00615     -0.00106
FE      0.25499     -0.00263      0.74461      0.00094     -0.03197      0.00091
FE     -0.00490      0.25277      0.74454     -0.02856     -0.00472      0.00690
FE     -0.00211      0.50390     -0.00211      0.00083     -0.00256      0.00083
FE      0.25223      0.74619     -0.00210     -0.01925      0.02302     -0.00779
FE      0.25223      0.50370      0.25223     -0.00946      0.00079     -0.00946
FE     -0.00210      0.74619      0.25223     -0.00779      0.02302     -0.01925
FE     -0.00098      0.50352      0.50252     -0.00855      0.01884     -0.01053
FE      0.25110      0.74628      0.50256      0.00490     -0.00252      0.00103
FE      0.25113      0.50370      0.74733     -0.00402      0.02768      0.01218
FE     -0.00096      0.74623      0.74733     -0.01170     -0.01085      0.00937
FE      0.50561     -0.00262     -0.00493      0.00081     -0.02155     -0.00892
FE      0.74454      0.25277     -0.00490      0.00690     -0.00472     -0.02856
FE      0.74461     -0.00263      0.25499      0.00091     -0.03197      0.00094
FE      0.50542      0.25277      0.25502     -0.00106     -0.00615     -0.00030
FE      0.50494     -0.00102      0.50494     -0.01103     -0.03387     -0.01103
FE      0.74490      0.25121      0.50509      0.01024      0.00456     -0.00395
FE      0.74482     -0.00094      0.74482     -0.00586     -0.03162     -0.00586
FE      0.50509      0.25121      0.74490     -0.00395      0.00456      0.01024
FE      0.50252      0.50352     -0.00098     -0.01053      0.01884     -0.00855
FE      0.74733      0.74623     -0.00096      0.00937     -0.01085     -0.01170
FE      0.74733      0.50370      0.25113      0.01218      0.02768     -0.00402
FE      0.50256      0.74628      0.25110      0.00103     -0.00252      0.00490
FE      0.50101      0.50119      0.50101      0.00833      0.03182      0.00833
FE      0.74894      0.74878      0.50104     -0.00507     -0.00344      0.00862
FE      0.74895      0.50120      0.74895      0.00386      0.03104      0.00386
FE      0.50104      0.74878      0.74894      0.00862     -0.00344     -0.00507
