/* Converted from PWscf output file */ 
#L_UNITS ang 
#E_UNITS eV 
#S_UNITS GPA 
#F_UNITS EV/ANG 
#ALAT 	  13.68896     // a0 
#X 	   1.00000     0.00000     0.00000     // X 
#Y 	   0.00000     1.05609    -0.00010     // Y 
#Z 	   0.00000     0.00009     1.00047     // Z 
#SX 	  -0.06533     0.00000    -0.00000     // SX 
#SY 	   0.00000    -0.01531     0.00569     // SY 
#SZ 	  -0.00000     0.00569    -0.06636     // SZ 
#EPA 	  -4.28872     // Energy per Atom 
#C 	1 1 1 
#W 	1.0 
#RCUT 	6.5        // Rcut 
RU      0.06248      0.06068      0.06448      0.00092      0.01024     -0.01437
FE      0.19119      0.18879      0.06536      0.00519      0.00031      0.00001
FE      0.19073      0.06224      0.19090      0.01196      0.00679      0.01006
FE      0.06244      0.18893      0.18935      0.00180      0.00440      0.00860
FE      0.06247      0.06241      0.31294     -0.00092      0.00401      0.00694
FE      0.18815      0.18791      0.31284      0.00191     -0.00738      0.00192
FE      0.18807      0.06265      0.43696      0.00439      0.00016      0.00364
FE      0.06249      0.18798      0.43711      0.00030     -0.00716      0.00168
FE      0.06248      0.06386      0.56112     -0.00152     -0.00104     -0.00887
FE      0.18787      0.18786      0.56225      0.00379     -0.00767     -0.00223
FE      0.18924      0.06363      0.68695      0.00743      0.00391      0.00036
FE      0.06246      0.18808      0.68697     -0.00014     -0.00817     -0.00948
FE      0.06244      0.06259      0.81190     -0.00160      0.00509     -0.00045
FE      0.19084      0.18809      0.80924      0.01125     -0.00845     -0.01143
FE      0.19150      0.06159      0.93534      0.00473     -0.00075     -0.00299
RU      0.06248      0.18984      0.93598      0.00083     -0.00916      0.01884
FE      0.06248      0.31440      0.06385     -0.00051     -0.00918      0.00496
FE      0.18778      0.43784      0.06262      0.00061     -0.00923     -0.00166
FE      0.18807      0.31303      0.18818      0.00099      0.00085      0.00077
FE      0.06248      0.43796      0.18789     -0.00016     -0.01036     -0.00102
FE      0.06249      0.31308      0.31282     -0.00130      0.00034      0.00071
FE      0.18773      0.43781      0.31264      0.00067     -0.00568     -0.00175
FE      0.18775      0.31283      0.43748      0.00336      0.00595      0.00051
FE      0.06248      0.43771      0.43747     -0.00074     -0.00353     -0.00094
FE      0.06248      0.31271      0.56232     -0.00143      0.00848     -0.00407
FE      0.18770      0.43777      0.56217      0.00283     -0.00358     -0.00015
FE      0.18811      0.31299      0.68665     -0.00004      0.00326      0.00237
FE      0.06248      0.43816      0.68681      0.00021     -0.00871      0.00222
FE      0.06247      0.31496      0.81026      0.00057      0.00094     -0.01075
FE      0.18786      0.43804      0.81204     -0.00138     -0.01173      0.00012
FE      0.18897      0.31434      0.93736      0.00823     -0.00370      0.00052
FE      0.06247      0.43796      0.93745     -0.00041     -0.00888     -0.00022
FE      0.06248      0.56241      0.06248     -0.00075      0.00588     -0.00172
FE      0.18768      0.68733      0.06254      0.00256     -0.00499     -0.00168
FE      0.18763      0.56256      0.18756      0.00304      0.00217      0.00203
FE      0.06248      0.68740      0.18746     -0.00120     -0.00753      0.00323
FE      0.06248      0.56247      0.31241     -0.00093      0.00502     -0.00040
FE      0.18774      0.68721      0.31238      0.00207     -0.00426     -0.00017
FE      0.18766      0.56240      0.43732      0.00296      0.00834      0.00055
FE      0.06249      0.68697      0.43707     -0.00144      0.00305      0.00188
FE      0.06249      0.56259      0.56223     -0.00122      0.00384     -0.00001
FE      0.18778      0.68721      0.56213      0.00338     -0.00248     -0.00091
FE      0.18767      0.56262      0.68721      0.00214      0.00454      0.00115
FE      0.06248      0.68708      0.68727     -0.00169      0.00222      0.00168
FE      0.06248      0.56250      0.81233     -0.00109      0.00587     -0.00282
FE      0.18777      0.68712      0.81237      0.00184      0.00114     -0.00268
FE      0.18765      0.56237      0.93753      0.00219      0.00695     -0.00015
FE      0.06248      0.68710      0.93776     -0.00170     -0.00010     -0.00008
FE      0.06247      0.81194      0.06240     -0.00014      0.00847      0.00252
FE      0.18897      0.93586      0.06254      0.01100      0.00214      0.00092
FE      0.18789      0.81191      0.18773     -0.00029      0.01028      0.00072
FE      0.06247      0.93508      0.18951      0.00096     -0.00043      0.01200
FE      0.06248      0.81177      0.31291      0.00021      0.00798     -0.00293
FE      0.18819      0.93706      0.31312      0.00167     -0.00351     -0.00298
FE      0.18807      0.81199      0.43704      0.00027      0.00543      0.00054
FE      0.06247      0.93733      0.43697     -0.00146     -0.00799     -0.00081
FE      0.06244      0.81084      0.56086      0.00196     -0.00244     -0.00428
FE      0.19046      0.93732      0.55935      0.00764     -0.00647     -0.00521
FE      0.18897      0.81086      0.68710      0.00517     -0.00206     -0.00140
RU      0.06248      0.93699      0.68686      0.00076     -0.00275     -0.00564
FE      0.06247      0.81071      0.81322      0.00105     -0.00270      0.00805
FE      0.19085      0.93703      0.81443      0.00558      0.00252      0.00969
FE      0.18812      0.81192      0.93773     -0.00108      0.01332     -0.00037
FE      0.06247      0.93572      0.93657     -0.00053      0.00684     -0.00348
FE      0.31361      0.06243      0.06310      0.00142      0.00486     -0.00175
FE      0.43758      0.18770      0.06259      0.00304      0.00023      0.00031
FE      0.43792      0.06243      0.18786      0.00051      0.00892      0.00201
FE      0.31430      0.18780      0.18907     -0.00608     -0.00367     -0.00620
FE      0.31448      0.06250      0.31386     -0.00513      0.00165     -0.00542
FE      0.43834      0.18779      0.31313     -0.00767     -0.00095     -0.00848
FE      0.43851      0.06251      0.43778     -0.00933      0.00332     -0.00651
FE      0.31304      0.18782      0.43765      0.00303     -0.00437     -0.00101
FE      0.31339      0.06254      0.56181      0.00176      0.00265      0.00106
FE      0.43837      0.18779      0.56180     -0.00968     -0.00434      0.00838
FE      0.43832      0.06241      0.68676     -0.00713      0.00633      0.00821
FE      0.31450      0.18800      0.68582     -0.00657     -0.00391      0.00677
FE      0.31466      0.06255      0.81125     -0.00664      0.00533      0.00488
FE      0.43794      0.18784      0.81219     -0.00171     -0.00561     -0.00205
FE      0.43782      0.06257      0.93769      0.00046      0.00592      0.00005
FE      0.31345      0.18787      0.93727      0.00117     -0.00356      0.00095
FE      0.31334      0.31309      0.06283     -0.00273      0.00146     -0.00165
FE      0.43778      0.43774      0.06252     -0.00176     -0.00670     -0.00072
FE      0.43798      0.31280      0.18782     -0.00164      0.00905     -0.00011
FE      0.31278      0.43780      0.18763      0.00043     -0.00594     -0.00026
FE      0.31296      0.31284      0.31279     -0.00041      0.00682     -0.00375
FE      0.43766      0.43770      0.31246      0.00291      0.00189     -0.00120
FE      0.43777      0.31278      0.43743      0.00190      0.01560      0.00001
FE      0.31272      0.43772      0.43740      0.00209      0.00061      0.00002
FE      0.31307      0.31293      0.56203     -0.00069      0.00618      0.00191
FE      0.43767      0.43769      0.56230      0.00289      0.00390     -0.00276
FE      0.43797      0.31286      0.68711     -0.00193      0.00825      0.00181
FE      0.31274      0.43776      0.68724      0.00155     -0.00074     -0.00025
FE      0.31328      0.31302      0.81197     -0.00227      0.00178     -0.00121
FE      0.43780      0.43775      0.81226     -0.00069     -0.00339     -0.00088
FE      0.43775      0.31277      0.93742      0.00131      0.00849      0.00249
FE      0.31311      0.43807      0.93743     -0.00143     -0.00892      0.00017
FE      0.31271      0.56256      0.06248      0.00120      0.00025     -0.00120
FE      0.43771      0.68730      0.06242      0.00014     -0.00848     -0.00042
FE      0.43765      0.56249      0.18749      0.00264      0.00337      0.00235
FE      0.31282      0.68721      0.18751     -0.00004     -0.00595      0.00079
FE      0.31266      0.56247      0.31243      0.00209      0.00496     -0.00099
FE      0.43766      0.68733      0.31237      0.00341     -0.01328     -0.00033
FE      0.43763      0.56245      0.43738      0.00367      0.00653      0.00038
FE      0.31272      0.68730      0.43730      0.00226     -0.00795      0.00166
FE      0.31272      0.56241      0.56226      0.00249      0.00965     -0.00108
FE      0.43775      0.68734      0.56222      0.00221     -0.00920     -0.00164
FE      0.43769      0.56246      0.68733      0.00124      0.00952     -0.00079
FE      0.31301      0.68708      0.68728     -0.00116     -0.00148      0.00089
FE      0.31284      0.56252      0.81231     -0.00059      0.00477     -0.00113
FE      0.43779      0.68732      0.81238      0.00019     -0.00738     -0.00274
FE      0.43771      0.56251      0.93744     -0.00014      0.00114      0.00177
FE      0.31279      0.68723      0.93745     -0.00021     -0.00343      0.00183
FE      0.31332      0.81181      0.06268     -0.00133      0.00732     -0.00133
FE      0.43821      0.93731      0.06291     -0.00698     -0.00546     -0.00847
FE      0.43788      0.81214      0.18752     -0.00121      0.00057      0.00093
FE      0.31327      0.93714      0.18786      0.00056     -0.00299      0.00132
FE      0.31300      0.81209      0.31222      0.00117      0.00099      0.00235
FE      0.43841      0.93725      0.31211     -0.00758     -0.01055      0.00488
FE      0.43792      0.81215      0.43715      0.00076     -0.00373      0.00209
FE      0.31432      0.93720      0.43631     -0.00643     -0.00596      0.00574
FE      0.31318      0.81206      0.56192      0.00100      0.00161      0.00103
FE      0.43773      0.93729      0.56217      0.00357     -0.01313     -0.00190
FE      0.43767      0.81221      0.68728      0.00311     -0.00188      0.00037
FE      0.31331      0.93725      0.68695      0.00348     -0.00438      0.00256
FE      0.31326      0.81198      0.81252     -0.00194      0.00679     -0.00023
FE      0.43795      0.93724      0.81204     -0.00148     -0.00448      0.00155
FE      0.43805      0.81210      0.93756     -0.00490      0.00803      0.00112
FE      0.31459      0.93700      0.93830     -0.00709      0.00017     -0.00482
FE      0.56250      0.06254      0.06263     -0.00036      0.00691      0.00004
FE      0.68747      0.18771      0.06261     -0.00090      0.00048      0.00111
FE      0.68714      0.06245      0.18787      0.00176      0.00802      0.00226
FE      0.56248      0.18767      0.18763     -0.00120      0.00304      0.00438
FE      0.56248      0.06248      0.31256     -0.00143      0.00509     -0.00013
FE      0.68669      0.18778      0.31314      0.00827      0.00103     -0.00893
FE      0.68651      0.06252      0.43776      0.00932      0.00074     -0.00767
FE      0.56248      0.18778      0.43746     -0.00094      0.00055     -0.00174
FE      0.56249      0.06242      0.56235     -0.00123      0.00404     -0.00010
FE      0.68666      0.18778      0.56181      0.00934     -0.00128      0.00894
FE      0.68671      0.06242      0.68675      0.00837      0.00477      0.00843
FE      0.56248      0.18770      0.68725     -0.00104      0.00030      0.00057
FE      0.56248      0.06248      0.81235     -0.00116      0.00618     -0.00284
FE      0.68712      0.18783      0.81218      0.00345     -0.00413     -0.00257
FE      0.68723      0.06257      0.93767      0.00260      0.00486     -0.00061
FE      0.56249      0.18772      0.93756     -0.00006     -0.00085     -0.00120
FE      0.56249      0.31262      0.06249     -0.00103      0.01222      0.00107
FE      0.68727      0.43774      0.06253      0.00282     -0.00584     -0.00052
FE      0.68706      0.31281      0.18782      0.00448      0.00782     -0.00052
FE      0.56248      0.43771      0.18757     -0.00090     -0.00183      0.00104
FE      0.56249      0.31278      0.31260     -0.00123      0.01402     -0.00417
FE      0.68740      0.43770      0.31246     -0.00161      0.00228     -0.00087
FE      0.68727      0.31279      0.43743     -0.00010      0.01530     -0.00036
FE      0.56248      0.43766      0.43742     -0.00106      0.00660     -0.00044
FE      0.56248      0.31276      0.56225     -0.00168      0.01712     -0.00177
FE      0.68738      0.43768      0.56230     -0.00123      0.00422     -0.00264
FE      0.68707      0.31287      0.68710      0.00396      0.00736      0.00111
FE      0.56249      0.43770      0.68729     -0.00069      0.00161     -0.00078
FE      0.56249      0.31273      0.81230     -0.00110      0.01080     -0.00173
FE      0.68726      0.43775      0.81226      0.00213     -0.00249     -0.00052
FE      0.68730      0.31278      0.93742      0.00161      0.00810      0.00234
FE      0.56248      0.43765      0.93745     -0.00096     -0.00228      0.00186
FE      0.56249      0.56250      0.06242     -0.00104      0.00223      0.00076
FE      0.68734      0.68730      0.06242      0.00206     -0.00801     -0.00009
FE      0.68740      0.56249      0.18749     -0.00057      0.00315      0.00215
FE      0.56249      0.68736      0.18744     -0.00136     -0.01451      0.00301
FE      0.56248      0.56247      0.31240     -0.00108      0.00463     -0.00021
FE      0.68739      0.68733      0.31237     -0.00138     -0.01315     -0.00029
FE      0.68742      0.56245      0.43738     -0.00198      0.00624      0.00014
FE      0.56249      0.68734      0.43731     -0.00118     -0.01224      0.00158
FE      0.56248      0.56246      0.56231     -0.00116      0.00787     -0.00319
FE      0.68730      0.68733      0.56222      0.00019     -0.00876     -0.00136
FE      0.68736      0.56246      0.68733      0.00029      0.00909     -0.00104
FE      0.56248      0.68742      0.68733     -0.00117     -0.01065     -0.00087
FE      0.56248      0.56248      0.81234     -0.00114      0.00532     -0.00227
FE      0.68726      0.68731      0.81238      0.00208     -0.00684     -0.00246
FE      0.68734      0.56252      0.93744      0.00226      0.00054      0.00156
FE      0.56249      0.68733      0.93747     -0.00128     -0.00903      0.00103
FE      0.56248      0.81223      0.06247     -0.00081     -0.00088     -0.00088
FE      0.68682      0.93729      0.06291      0.00883     -0.00434     -0.00867
FE      0.68717      0.81214      0.18751      0.00186     -0.00070      0.00032
FE      0.56249      0.93734      0.18746     -0.00126     -0.00906      0.00211
FE      0.56248      0.81217      0.31233     -0.00085     -0.00468      0.00092
FE      0.68661      0.93724      0.31212      0.00851     -0.00870      0.00597
FE      0.68712      0.81216      0.43713     -0.00026     -0.00497      0.00157
FE      0.56248      0.93731      0.43737     -0.00182     -0.01543     -0.00153
FE      0.56248      0.81228      0.56226     -0.00086     -0.00777     -0.00257
FE      0.68732      0.93729      0.56216     -0.00095     -0.01283     -0.00220
FE      0.68738      0.81221      0.68727     -0.00186     -0.00245      0.00003
FE      0.56250      0.93727      0.68713     -0.00063     -0.00972      0.00352
FE      0.56248      0.81223      0.81224     -0.00065      0.00052      0.00092
FE      0.68709      0.93723      0.81206      0.00466     -0.00329      0.00244
FE      0.68700      0.81211      0.93755      0.00544      0.00610      0.00107
FE      0.56248      0.93742      0.93742     -0.00143     -0.00791      0.00257
FE      0.81136      0.06242      0.06309     -0.00168      0.00653     -0.00201
FE      0.93376      0.18879      0.06537     -0.00311     -0.00164     -0.00145
FE      0.93420      0.06223      0.19089     -0.01246      0.00805      0.01004
FE      0.81075      0.18783      0.18908      0.00591     -0.00783     -0.00559
FE      0.81056      0.06249      0.31388      0.00519      0.00324     -0.00535
FE      0.93688      0.18791      0.31287     -0.00135     -0.00538      0.00284
FE      0.93696      0.06266      0.43697     -0.00269     -0.00063      0.00356
FE      0.81192      0.18783      0.43766     -0.00457     -0.00585     -0.00040
FE      0.81157      0.06254      0.56179     -0.00375      0.00480      0.00011
FE      0.93718      0.18786      0.56224     -0.00268     -0.00629     -0.00292
FE      0.93572      0.06363      0.68692     -0.00811      0.00515     -0.00095
FE      0.81054      0.18801      0.68580      0.00583     -0.00542      0.00628
FE      0.81039      0.06254      0.81124      0.00757      0.00761      0.00444
FE      0.93410      0.18811      0.80926     -0.01154     -0.00993     -0.01162
FE      0.93346      0.06159      0.93534     -0.00410      0.00162     -0.00192
FE      0.81150      0.18788      0.93729     -0.00151     -0.00585      0.00139
FE      0.81164      0.31310      0.06283      0.00090      0.00212     -0.00209
FE      0.93726      0.43784      0.06263      0.00011     -0.00805     -0.00126
FE      0.93697      0.31305      0.18819      0.00223      0.00032      0.00052
FE      0.81218      0.43781      0.18764     -0.00191     -0.00663      0.00024
FE      0.81202      0.31284      0.31279     -0.00176      0.00751     -0.00404
FE      0.93732      0.43781      0.31265      0.00023     -0.00496     -0.00147
FE      0.93730      0.31284      0.43748     -0.00071      0.00578     -0.00002
FE      0.81224      0.43772      0.43741     -0.00342      0.00012      0.00037
FE      0.81190      0.31292      0.56202     -0.00187      0.00717      0.00087
FE      0.93736      0.43777      0.56217     -0.00135     -0.00300      0.00008
FE      0.93691      0.31300      0.68664      0.00155      0.00299      0.00184
FE      0.81223      0.43776      0.68724     -0.00287     -0.00125     -0.00011
FE      0.81169      0.31302      0.81195     -0.00021      0.00246     -0.00214
FE      0.93720      0.43804      0.81204      0.00142     -0.01023      0.00000
FE      0.93600      0.31433      0.93735     -0.00818     -0.00079      0.00030
FE      0.81186      0.43809      0.93744      0.00147     -0.01099      0.00018
FE      0.81226      0.56256      0.06248     -0.00337      0.00079     -0.00143
FE      0.93737      0.68732      0.06254     -0.00041     -0.00496     -0.00147
FE      0.93742      0.56256      0.18756     -0.00053      0.00197      0.00185
FE      0.81215      0.68722      0.18751     -0.00247     -0.00669      0.00124
FE      0.81231      0.56247      0.31242     -0.00399      0.00530     -0.00128
FE      0.93731      0.68720      0.31238      0.00042     -0.00406      0.00022
FE      0.93740      0.56240      0.43732     -0.00136      0.00807      0.00029
FE      0.81225      0.68730      0.43730     -0.00485     -0.00858      0.00184
FE      0.81225      0.56240      0.56225     -0.00439      0.01010     -0.00151
FE      0.93727      0.68719      0.56212     -0.00074     -0.00203     -0.00073
FE      0.93738      0.56262      0.68721     -0.00003      0.00410      0.00086
FE      0.81197      0.68708      0.68729     -0.00144     -0.00249      0.00141
FE      0.81213      0.56251      0.81230     -0.00151      0.00561     -0.00151
FE      0.93727      0.68711      0.81238      0.00077      0.00128     -0.00229
FE      0.93741      0.56238      0.93753     -0.00048      0.00673     -0.00028
FE      0.81218      0.68723      0.93745     -0.00268     -0.00417      0.00234
FE      0.81166      0.81179      0.06267      0.00163      0.00952     -0.00093
FE      0.93601      0.93586      0.06257     -0.01065     -0.00052      0.00180
FE      0.93716      0.81191      0.18773      0.00020      0.00857      0.00083
FE      0.81169      0.93714      0.18787     -0.00340     -0.00400      0.00209
FE      0.81196      0.81208      0.31220     -0.00196      0.00236      0.00161
FE      0.93683      0.93704      0.31312     -0.00018     -0.00310     -0.00322
FE      0.93695      0.81199      0.43702     -0.00049      0.00348      0.00015
FE      0.81070      0.93721      0.43630      0.00647     -0.00726      0.00591
FE      0.81177      0.81204      0.56190     -0.00122      0.00437      0.00066
FE      0.93446      0.93732      0.55936     -0.00994     -0.00732     -0.00498
FE      0.93600      0.81085      0.68708     -0.00492     -0.00317     -0.00033
FE      0.81163      0.93726      0.68695     -0.00478     -0.00548      0.00326
FE      0.81171      0.81196      0.81251      0.00152      0.00897     -0.00045
FE      0.93410      0.93702      0.81442     -0.00721      0.00177      0.00967
FE      0.93692      0.81193      0.93772      0.00094      0.01037     -0.00052
FE      0.81045      0.93701      0.93831      0.00889     -0.00059     -0.00427
