/* Converted from PWscf output file */ 
#L_UNITS ang 
#E_UNITS eV 
#S_UNITS GPA 
#F_UNITS EV/ANG 
#ALAT 	  13.67994     // a0 
#X 	   1.00000     0.00000     0.00000     // X 
#Y 	   0.00000     1.05163     0.00000     // Y 
#Z 	   0.00000     0.00000     1.00000     // Z 
#SX 	  -2.34183     0.13329    -0.00015     // SX 
#SY 	   0.13329    -1.66443    -0.00321     // SY 
#SZ 	  -0.00015    -0.00321    -2.38602     // SZ 
#EPA 	  -3.72876     // Energy per Atom 
#C 	1 1 1 
#W 	1.0 
#RCUT 	6.5        // Rcut 
RU      0.12472      0.12521      0.19574     -0.01108      0.00637     -0.03460
FE      0.05813      0.05730      0.32074      0.06632      0.10153     -0.14945
FE      0.19177      0.19251      0.32077     -0.06043     -0.09406     -0.14554
FE      0.18861      0.06241      0.43617     -0.00759      0.02825      0.08221
FE      0.06131      0.18750      0.43615      0.00933     -0.02856      0.08177
FE      0.06277      0.06264      0.56334     -0.01049     -0.01416     -0.02829
FE      0.18719      0.18731      0.56340      0.00757      0.01317     -0.03091
FE      0.18796      0.06367      0.68277      0.02194      0.01222      0.03652
FE      0.06189      0.18632      0.68281     -0.02066     -0.01420      0.03546
FE      0.06672      0.31021      0.30720      0.00820     -0.02007     -0.02492
FE      0.18933      0.43999      0.31399     -0.01237     -0.00496     -0.02639
FE      0.18698      0.31489      0.43633      0.00538     -0.04724      0.06195
FE      0.06241      0.43757      0.43225      0.00686     -0.06297      0.06211
FE      0.06189      0.31194      0.56239     -0.01575      0.03116     -0.02200
FE      0.18645      0.43755      0.56424      0.02380      0.04680     -0.04728
FE      0.18583      0.31107      0.68318      0.00518     -0.01191      0.02740
FE      0.06234      0.43646      0.68495     -0.00104      0.00457      0.02354
FE      0.06158      0.56344      0.31451      0.01444     -0.00313     -0.02112
FE      0.18834      0.68645      0.31455     -0.01352      0.00299     -0.02177
FE      0.18785      0.56289      0.43393     -0.01346     -0.02897      0.05037
FE      0.06208      0.68701      0.43393      0.01375      0.02884      0.05027
FE      0.06279      0.56216      0.56356     -0.01565      0.02025     -0.05492
FE      0.18711      0.68773      0.56357      0.01631     -0.01894     -0.05531
FE      0.18632      0.56196      0.68541      0.00368      0.00178      0.01099
FE      0.06360      0.68793      0.68544     -0.00469     -0.00085      0.00911
FE      0.06062      0.80994      0.31400      0.01302      0.00426     -0.02879
FE      0.18328      0.93965      0.30726     -0.00961      0.02146     -0.02323
FE      0.18754      0.81234      0.43226     -0.00597      0.06118      0.06230
FE      0.06297      0.93500      0.43632     -0.00594      0.04602      0.06361
FE      0.06348      0.81237      0.56420     -0.02484     -0.04820     -0.04529
FE      0.18804      0.93797      0.56241      0.01468     -0.02984     -0.02106
FE      0.18754      0.81344      0.68494      0.00189     -0.00443      0.02310
FE      0.06409      0.93885      0.68320     -0.00538      0.01154      0.02719
FE      0.30898      0.06681      0.30557      0.01833      0.01429     -0.00327
FE      0.44060      0.18906      0.31426     -0.02469      0.00286     -0.03534
FE      0.43604      0.06264      0.43193     -0.07046      0.01839      0.00507
FE      0.31563      0.18783      0.43758     -0.00039      0.00430      0.08875
FE      0.31275      0.06300      0.56321      0.02959     -0.01519     -0.00533
FE      0.43819      0.18741      0.56550      0.04091      0.02912     -0.03024
FE      0.43640      0.06269      0.68503      0.04802      0.01496      0.04826
FE      0.31180      0.18756      0.68399      0.04108     -0.00191      0.05335
FE      0.30980      0.31030      0.31448     -0.01271     -0.02453     -0.05075
FE      0.43881      0.43744      0.31604     -0.02149     -0.01836     -0.00621
FE      0.43794      0.31301      0.43480     -0.02700     -0.02361      0.04835
FE      0.31306      0.43766      0.43557     -0.02026     -0.03742      0.04718
FE      0.31184      0.31188      0.56442      0.01590      0.04367     -0.02509
FE      0.43639      0.43619      0.56660      0.03794      0.05913     -0.05836
FE      0.43638      0.31131      0.68582      0.02247      0.01804     -0.00792
FE      0.31006      0.43595      0.68571      0.02849      0.00972      0.00904
FE      0.31532      0.56349      0.31590     -0.02375     -0.01709     -0.03813
FE      0.44013      0.68715      0.31686     -0.02235     -0.00368     -0.03028
FE      0.43827      0.56244      0.43813     -0.01860      0.00182      0.03551
FE      0.31327      0.68729      0.43510     -0.03808      0.01639      0.03104
FE      0.31129      0.56204      0.56558      0.03394      0.02289     -0.05495
FE      0.43599      0.68793      0.56693      0.03927     -0.02303     -0.04639
FE      0.43485      0.56154      0.68641      0.02923      0.01713      0.02623
FE      0.31020      0.68797      0.68575      0.01862     -0.00924      0.00683
FE      0.31366      0.81163      0.31354     -0.03715      0.01492     -0.00165
FE      0.43874      0.93791      0.31320     -0.02086      0.02028      0.02497
FE      0.43727      0.81234      0.43578     -0.04304      0.05700      0.01014
FE      0.31141      0.93801      0.43045     -0.03517      0.06682      0.04052
FE      0.31093      0.81354      0.56284      0.03050     -0.05885     -0.01716
FE      0.43492      0.93852      0.56267      0.04649     -0.03440     -0.01214
FE      0.43412      0.81416      0.68509      0.03362     -0.02908      0.00649
FE      0.31101      0.93865      0.68469      0.01594      0.00842      0.03379
FE      0.56408      0.06196      0.31441     -0.02013      0.01314      0.01643
FE      0.68580      0.18797      0.31446      0.02044     -0.01349      0.01477
FE      0.68753      0.06204      0.43554      0.03151      0.02536      0.04739
FE      0.56237      0.18789      0.43556     -0.03153     -0.02492      0.04801
FE      0.56112      0.06265      0.56382      0.02474     -0.01113     -0.01966
FE      0.68879      0.18727      0.56386     -0.02307      0.01059     -0.02260
FE      0.68678      0.06260      0.68471     -0.02577     -0.01386      0.04795
FE      0.56314      0.18730      0.68478      0.02648      0.01428      0.04700
FE      0.56452      0.31417      0.31592     -0.02648     -0.01450     -0.03983
FE      0.68694      0.43841      0.31715      0.00823     -0.00827     -0.04264
FE      0.68831      0.31289      0.43614      0.00874     -0.06404      0.03071
FE      0.56248      0.43764      0.43822      0.00072     -0.03427      0.03983
FE      0.56244      0.31183      0.56588      0.02876      0.05178     -0.04773
FE      0.68841      0.43651      0.56723     -0.00204      0.06043     -0.05927
FE      0.68959      0.31152      0.68380     -0.01459      0.02436      0.03453
FE      0.56202      0.43544      0.68620      0.01922      0.04676      0.02612
FE      0.56354      0.56259      0.31837     -0.00869     -0.00222     -0.05684
FE      0.68637      0.68731      0.31839      0.00796      0.00276     -0.05800
FE      0.68727      0.56252      0.43977      0.01248     -0.01867      0.00630
FE      0.56264      0.68738      0.43978     -0.01194      0.01957      0.00631
FE      0.56207      0.56189      0.56929      0.01175      0.02350     -0.08269
FE      0.68789      0.68805      0.56927     -0.01286     -0.02489     -0.08260
FE      0.68906      0.56138      0.68654     -0.01048      0.01723      0.04424
FE      0.56091      0.68859      0.68655      0.01023     -0.01859      0.04441
FE      0.56295      0.81152      0.31712     -0.00795      0.00756     -0.04146
FE      0.68540      0.93576      0.31592      0.02632      0.01418     -0.04005
FE      0.68741      0.81227      0.43820      0.00120      0.03536      0.03929
FE      0.56161      0.93704      0.43613     -0.00919      0.06323      0.03129
FE      0.56152      0.81342      0.56720      0.00158     -0.06076     -0.05804
FE      0.68748      0.93810      0.56586     -0.02831     -0.05239     -0.04722
FE      0.68794      0.81452      0.68614     -0.01985     -0.04809      0.02741
FE      0.56034      0.93841      0.68382      0.01521     -0.02415      0.03441
FE      0.80931      0.06090      0.31426      0.02564     -0.00422     -0.03667
FE      0.94096      0.18313      0.30553     -0.01491     -0.01539     -0.00700
FE      0.93432      0.06210      0.43754      0.00240     -0.00465      0.08864
FE      0.81388      0.18729      0.43193      0.07020     -0.01799      0.00528
FE      0.81174      0.06253      0.56543     -0.04193     -0.02951     -0.02717
FE      0.93716      0.18694      0.56319     -0.02954      0.01475     -0.00455
FE      0.93817      0.06237      0.68387     -0.04190      0.00082      0.05493
FE      0.81354      0.18720      0.68504     -0.04810     -0.01446      0.04775
FE      0.81114      0.31200      0.31318      0.02247     -0.01929      0.02501
FE      0.93628      0.43826      0.31354      0.03775     -0.01536     -0.00097
FE      0.93852      0.31189      0.43041      0.03706     -0.06535      0.03966
FE      0.81266      0.43757      0.43577      0.04324     -0.05723      0.01022
FE      0.81500      0.31142      0.56265     -0.04765      0.03295     -0.01288
FE      0.93900      0.43637      0.56280     -0.03123      0.05933     -0.01677
FE      0.93886      0.31128      0.68463     -0.01441     -0.00811      0.03456
FE      0.81582      0.43578      0.68511     -0.03348      0.02855      0.00569
FE      0.80979      0.56275      0.31682      0.02186      0.00477     -0.02965
FE      0.93462      0.68644      0.31589      0.02413      0.01642     -0.03799
FE      0.93665      0.56262      0.43505      0.03836     -0.01705      0.03057
FE      0.81168      0.68747      0.43810      0.01795     -0.00118      0.03581
FE      0.81393      0.56201      0.56690     -0.03877      0.02189     -0.04619
FE      0.93866      0.68788      0.56555     -0.03501     -0.02339     -0.05442
FE      0.93971      0.56196      0.68573     -0.01879      0.00914      0.00646
FE      0.81511      0.68841      0.68640     -0.02973     -0.01758      0.02650
FE      0.81109      0.81248      0.31602      0.02165      0.01665     -0.00676
FE      0.94007      0.93957      0.31453      0.01371      0.02514     -0.05365
FE      0.93687      0.81226      0.43553      0.01888      0.03640      0.04784
FE      0.81198      0.93691      0.43479      0.02558      0.02448      0.04823
FE      0.81355      0.81374      0.56655     -0.03814     -0.05852     -0.05721
FE      0.93811      0.93804      0.56438     -0.01556     -0.04356     -0.02444
FE      0.93988      0.81397      0.68565     -0.02904     -0.00958      0.00945
FE      0.81360      0.93865      0.68579     -0.02359     -0.01840     -0.00737
