/* Converted from PWscf output file */ 
#L_UNITS ang 
#E_UNITS eV 
#S_UNITS GPA 
#F_UNITS EV/ANG 
#ALAT 	  13.70452     // a0 
#X 	   1.00000    -0.00000    -0.00001     // X 
#Y 	  -0.00000     1.05585    -0.00001     // Y 
#Z 	  -0.00001    -0.00001     0.99996     // Z 
#SX 	   0.13548    -0.00029     0.00131     // SX 
#SY 	  -0.00029     0.04638     0.00131     // SY 
#SZ 	   0.00131     0.00131     0.13475     // SZ 
#EPA 	  -4.30249     // Energy per Atom 
#C 	1 1 1 
#W 	1.0 
#RCUT 	6.5        // Rcut 
RU      0.06264      0.06263      0.06222      0.00341      0.00783     -0.01362
FE      0.18869      0.18878      0.06267     -0.00898     -0.01376      0.00954
FE      0.19030      0.06260      0.19002     -0.00788      0.00810     -0.02065
FE      0.06251      0.18884      0.18879     -0.00030     -0.01366     -0.00932
FE      0.06291      0.06268      0.31259      0.00767      0.00393     -0.00939
FE      0.18773      0.18774      0.31268      0.00258      0.00737     -0.00410
FE      0.18744      0.06256      0.43745     -0.00630      0.00353      0.00245
FE      0.06263      0.18785      0.43735     -0.00117      0.00308     -0.00753
FE      0.06283      0.06266      0.56276      0.00539      0.00780      0.00938
FE      0.18720      0.18742      0.56222     -0.00061      0.00461     -0.00344
FE      0.18745      0.06225      0.68775      0.00851      0.00648      0.00711
FE      0.06256      0.18750      0.68748      0.00699      0.00425      0.00116
FE      0.06255      0.06252      0.81232      0.00445      0.00360      0.01348
FE      0.18749      0.18747      0.81232      0.00452      0.00218     -0.00190
FE      0.19023      0.06246      0.93473     -0.00538      0.00289      0.00644
FE      0.06231      0.18889      0.93640     -0.00433     -0.00789      0.00918
FE      0.06230      0.31260      0.06294     -0.01440      0.00143      0.02258
FE      0.18777      0.43738      0.06296      0.00090     -0.00040      0.01730
FE      0.18769      0.31264      0.18772      0.00350      0.00200      0.00537
FE      0.06277      0.43733      0.18794      0.00407     -0.00094      0.00800
FE      0.06227      0.31284      0.31255     -0.01322      0.00513     -0.01005
FE      0.18754      0.43758      0.31256      0.00029     -0.00117      0.00279
FE      0.18641      0.31258      0.43642     -0.00996      0.00767     -0.01496
FE      0.06231      0.43762      0.43738     -0.00694      0.00674     -0.00430
FE      0.06268      0.31252      0.56236      0.00529      0.00300     -0.00742
FE      0.18727      0.43764      0.56200      0.00264     -0.00086     -0.01525
FE      0.18724      0.31251      0.68737      0.01123      0.00263     -0.00855
FE      0.06280      0.43743      0.68707      0.01059      0.00118     -0.01111
FE      0.06269      0.31262      0.81205      0.00276      0.00268     -0.00427
FE      0.18756      0.43762      0.81239      0.00369      0.00226     -0.00242
FE      0.18683      0.31233      0.93859     -0.01061      0.00202      0.01730
FE      0.06357      0.43616      0.93769     -0.01277      0.01485      0.00755
FE      0.06532      0.56245      0.06527     -0.00534     -0.00621     -0.00939
FE      0.18777      0.68764      0.06260      0.00210     -0.00648     -0.00243
FE      0.18860      0.56240      0.18866      0.01229     -0.00381      0.01535
FE      0.06285      0.68765      0.18788      0.01405     -0.00487      0.00466
FE      0.06262      0.56239      0.31240      0.00593     -0.00328      0.00024
FE      0.18780      0.68740      0.31270      0.01494     -0.00498      0.00788
FE      0.18745      0.56242      0.43752     -0.00179     -0.00513      0.00110
FE      0.06282      0.68716      0.43755      0.00755     -0.00930      0.00378
FE      0.06253      0.56242      0.56254      0.00117     -0.00511     -0.00058
FE      0.18751      0.68754      0.56248      0.00362     -0.00492      0.00152
FE      0.18838      0.56280      0.68630      0.01440     -0.00006     -0.02215
FE      0.06282      0.68763      0.68715      0.01055     -0.00926     -0.00129
FE      0.06522      0.56251      0.80982     -0.00898      0.00215      0.01283
FE      0.18788      0.68768      0.81212      0.00441     -0.00604     -0.00671
FE      0.18786      0.56251      0.93759     -0.00421     -0.00004      0.00251
FE      0.06378      0.68886      0.93750      0.00038     -0.02460     -0.00800
FE      0.06281      0.81228      0.06238      0.01315     -0.00738     -0.01124
FE      0.18893      0.93626      0.06202      0.00329      0.01943     -0.02686
FE      0.18797      0.81223      0.18750      0.01627     -0.00787     -0.00605
FE      0.06380      0.93612      0.18764      0.02611      0.01007     -0.02301
FE      0.06296      0.81203      0.31262      0.01460     -0.00266      0.00481
FE      0.18776      0.93739      0.31286      0.01025     -0.00176      0.00651
FE      0.18765      0.81238      0.43767      0.00618     -0.00131      0.00862
FE      0.06287      0.93749      0.43755     -0.00026      0.00198      0.00353
FE      0.06295      0.81234      0.56272      0.01325     -0.00129      0.00715
FE      0.18721      0.93751      0.56267     -0.00664      0.00190      0.01039
FE      0.18748      0.81238      0.68788     -0.00129     -0.00667      0.01914
FE      0.06370      0.93753      0.68866      0.02456      0.00202      0.02539
FE      0.06278      0.81225      0.81218      0.01125     -0.00806      0.00081
FE      0.18815      0.93735      0.81238      0.02290      0.00077      0.01136
FE      0.18768      0.81258      0.93704     -0.00628     -0.00666     -0.02474
FE      0.06253      0.93607      0.93621      0.00543      0.01484     -0.00207
FE      0.31279      0.06249      0.06247     -0.00810      0.00703     -0.00661
FE      0.43750      0.18764      0.06238     -0.00396      0.00636     -0.00289
FE      0.43712      0.06277      0.18726     -0.01185      0.01150     -0.00937
FE      0.31282      0.18782      0.18777      0.00610      0.01160      0.00188
FE      0.31329      0.06280      0.31359      0.01068      0.00528      0.01578
FE      0.43762      0.18763      0.31259      0.00114      0.01213      0.00484
FE      0.43769      0.06243      0.43767      0.01489      0.00392      0.01669
FE      0.31226      0.18753      0.43731     -0.00054      0.00953      0.00384
FE      0.31231      0.06235      0.56240     -0.00327      0.00309      0.00291
FE      0.43741      0.18628      0.56139     -0.00249      0.02525      0.01235
FE      0.43763      0.06231      0.68744      0.00574      0.00728     -0.00481
FE      0.31143      0.18619      0.68735      0.01483      0.02159     -0.00663
FE      0.31352      0.06232      0.81146      0.01704      0.00658     -0.01001
FE      0.43772      0.18619      0.81360      0.00826      0.02054     -0.01160
FE      0.43739      0.06224      0.93770     -0.00891      0.00752     -0.00423
FE      0.31264      0.18753      0.93764      0.00402     -0.00127     -0.00099
FE      0.31285      0.31275      0.06246      0.00747      0.00215      0.00539
FE      0.43753      0.43751      0.06240      0.00053      0.00046     -0.00079
FE      0.43761      0.31254      0.18760      0.00360      0.00296      0.00705
FE      0.31266      0.43747      0.18769      0.00894     -0.00502      0.00939
FE      0.31249      0.31253      0.31261      0.00324      0.00628      0.00369
FE      0.43751      0.43758      0.31251     -0.00293     -0.00359      0.00740
FE      0.43751      0.31253      0.43712     -0.00211      0.00940      0.00299
FE      0.31214      0.43763      0.43714     -0.00081     -0.00388     -0.00418
FE      0.30979      0.31249      0.55977      0.01407      0.00678      0.00937
FE      0.43750      0.43879      0.56131     -0.00320     -0.02113      0.00238
RU      0.43750      0.31253      0.68750      0.00159      0.00020     -0.00194
FE      0.31145      0.43882      0.68737      0.01517     -0.01685     -0.00993
FE      0.30992      0.31245      0.81519      0.02078      0.00184     -0.01357
FE      0.43755      0.43890      0.81374      0.00046     -0.01397     -0.00549
FE      0.43762      0.31253      0.93788      0.00516      0.00492     -0.00496
FE      0.31227      0.43775      0.93792     -0.00524      0.00436      0.00478
FE      0.31233      0.56249      0.06257     -0.00446     -0.00206      0.00460
FE      0.43723      0.68731      0.06206     -0.00853     -0.00840     -0.00739
FE      0.43737      0.56225      0.18740     -0.00443     -0.00738     -0.00097
FE      0.31233      0.68727      0.18738      0.00203     -0.00947     -0.00286
FE      0.31245      0.56219      0.31275      0.01123     -0.00494      0.01716
FE      0.43609      0.68597      0.31244     -0.00120      0.00931      0.00109
FE      0.43734      0.56257      0.43734     -0.00768     -0.00647     -0.00178
FE      0.31205      0.68740      0.43776     -0.00332     -0.00071      0.00787
FE      0.31262      0.56261      0.56205      0.01336     -0.00437     -0.01686
FE      0.43712      0.68727      0.56292     -0.01443     -0.00512      0.00438
FE      0.43746      0.56270      0.68759     -0.00574     -0.00335      0.00311
FE      0.31251      0.68747      0.68756      0.00151     -0.00754      0.00336
FE      0.31227      0.56266      0.81254     -0.00207     -0.00185     -0.00278
FE      0.43751      0.68748      0.81247     -0.00320     -0.00549      0.00104
FE      0.43749      0.56275      0.93775     -0.00448     -0.00183     -0.00184
FE      0.31238      0.68747      0.93738     -0.00723     -0.00712     -0.01155
FE      0.31170      0.81215      0.06127     -0.01033     -0.00741     -0.02566
FE      0.43691      0.93763      0.06175     -0.02790     -0.00079     -0.02265
FE      0.43458      0.81235      0.18455      0.00318     -0.00741      0.00595
FE      0.31249      0.93754      0.18748     -0.00048      0.00008     -0.00446
FE      0.31213      0.81240      0.31251      0.00562     -0.00529      0.00344
FE      0.43647      0.93880      0.31256      0.00904     -0.01977      0.00196
FE      0.43466      0.81242      0.44027      0.00568     -0.00619     -0.00676
FE      0.31218      0.93756      0.43793     -0.00184     -0.00381      0.01625
FE      0.31134      0.81245      0.56369     -0.01374     -0.00392      0.02309
FE      0.43730      0.93769      0.56298     -0.00549     -0.00230      0.01041
FE      0.43729      0.81240      0.68760     -0.01254     -0.00418      0.00628
FE      0.31249      0.93755      0.68756      0.00022      0.00038      0.00242
FE      0.31260      0.81247      0.81239      0.00725     -0.00654     -0.00164
FE      0.43735      0.93748      0.81266     -0.01354     -0.00385      0.01325
FE      0.43752      0.81240      0.93753     -0.00580     -0.00915     -0.00781
FE      0.31275      0.93735      0.93711      0.00151      0.00176     -0.01580
FE      0.56232      0.06283      0.06204     -0.00784      0.00720     -0.00951
FE      0.68757      0.18758      0.06250      0.00249      0.00275      0.00338
FE      0.68743      0.06288      0.18700     -0.00807      0.00873     -0.00918
FE      0.56240      0.18757      0.18747     -0.00607      0.00709     -0.00411
FE      0.56209      0.06293      0.31213     -0.00730      0.00769     -0.00985
FE      0.68733      0.18774      0.31233     -0.00615      0.00830     -0.00199
FE      0.68614      0.06408      0.43790     -0.00518     -0.01080      0.01763
FE      0.56242      0.18770      0.43712     -0.00053      0.00929      0.00003
FE      0.56219      0.06281      0.56297     -0.00679      0.00522      0.01067
FE      0.68779      0.18764      0.56240     -0.00139      0.01143     -0.00290
FE      0.68724      0.06242      0.68770     -0.02243      0.00631     -0.00760
FE      0.56367      0.18619      0.68759     -0.01140      0.02531      0.00151
FE      0.56243      0.06236      0.81277     -0.00849      0.00380      0.00941
FE      0.68762      0.18740      0.81268     -0.00769      0.00594      0.00333
FE      0.68765      0.06252      0.93742      0.00210      0.00311     -0.00672
FE      0.56271      0.18738      0.93792     -0.00068      0.00418      0.00346
FE      0.56242      0.31244      0.06245     -0.00423      0.00035      0.00589
FE      0.68724      0.43735      0.06286     -0.00273      0.00166      0.01458
FE      0.68737      0.31259      0.18755     -0.00997      0.00589      0.00576
FE      0.56227      0.43748      0.18767     -0.01157     -0.00299      0.00656
FE      0.56242      0.31259      0.31255     -0.00247      0.00876      0.00162
FE      0.68751      0.43755      0.31249     -0.00094      0.00047      0.00174
FE      0.68864      0.31248      0.43633      0.01040      0.00207     -0.02022
FE      0.56273      0.43770      0.43709     -0.00020     -0.00218     -0.00623
FE      0.56520      0.31259      0.55977     -0.01169      0.00348      0.00940
FE      0.68782      0.43756      0.56207      0.00111     -0.00411     -0.01486
FE      0.68785      0.31253      0.68756     -0.00845      0.00341     -0.00226
FE      0.56354      0.43878      0.68740     -0.01510     -0.02009     -0.00425
FE      0.56518      0.31245      0.81523     -0.01461      0.00179     -0.01332
FE      0.68750      0.43754      0.81248     -0.00096     -0.00002      0.00070
FE      0.68829      0.31220      0.93867      0.00757      0.00300      0.01549
FE      0.56276      0.43764      0.93793      0.00709     -0.00009      0.00368
FE      0.56256      0.56218      0.06227     -0.00163     -0.00297      0.00100
FE      0.68731      0.68743      0.06225     -0.00809     -0.01037     -0.00588
FE      0.68645      0.56220      0.18848     -0.01944     -0.00569      0.01378
FE      0.56220      0.68607      0.18631     -0.01648      0.00775      0.00832
FE      0.56209      0.56213      0.31270     -0.01925     -0.00515      0.01171
FE      0.68844      0.68593      0.31253     -0.01883      0.00836      0.00724
FE      0.68769      0.56232      0.43761      0.00072     -0.00236     -0.00054
FE      0.56218      0.68592      0.43867     -0.01293      0.01443     -0.01037
FE      0.56219      0.56225      0.56236     -0.02080     -0.00522     -0.01389
FE      0.68758      0.68728      0.56285     -0.00328     -0.00408      0.00177
FE      0.68668      0.56267      0.68650     -0.01404     -0.00404     -0.01343
FE      0.56222      0.68749      0.68743     -0.01411     -0.00249     -0.00349
FE      0.56267      0.56266      0.81258     -0.00176      0.00134      0.00104
FE      0.68713      0.68770      0.81230     -0.01087     -0.00298     -0.00039
FE      0.68721      0.56245      0.93748      0.00647     -0.00313     -0.00173
FE      0.56245      0.68757      0.93760     -0.00462     -0.00594     -0.00037
FE      0.56220      0.81245      0.06194     -0.01594     -0.00386     -0.00504
FE      0.68768      0.93775      0.06211      0.00124      0.00467     -0.00893
FE      0.68981      0.81225      0.18441     -0.02957     -0.00643      0.00836
FE      0.56136      0.93886      0.18518     -0.02326     -0.01849     -0.01430
RU      0.56196      0.81223      0.31219     -0.00617     -0.00432      0.00009
FE      0.68581      0.93900      0.30983     -0.00684     -0.01302      0.02114
FE      0.68895      0.81094      0.44031     -0.01409      0.01091     -0.01114
FE      0.56203      0.93884      0.43872     -0.00054     -0.02201     -0.00449
FE      0.56201      0.81229      0.56318     -0.01370     -0.00160      0.00733
FE      0.68498      0.93761      0.56568      0.00404     -0.00229     -0.00270
FE      0.68720      0.81230      0.68785     -0.01302     -0.00376      0.00550
FE      0.56126      0.93760      0.68868     -0.02122     -0.00258      0.01377
FE      0.56219      0.81243      0.81258     -0.01612     -0.00729      0.00152
FE      0.68728      0.93747      0.81225     -0.01393     -0.00477     -0.00591
FE      0.68714      0.81272      0.93754     -0.00914     -0.00281     -0.00663
FE      0.56241      0.93752      0.93759     -0.00717      0.00063     -0.00063
FE      0.81214      0.06257      0.06238      0.00570      0.00504     -0.00613
FE      0.93631      0.18897      0.06240      0.01019     -0.01174      0.00096
FE      0.93508      0.06277      0.18972      0.01710      0.01200     -0.01872
FE      0.81214      0.18804      0.18755     -0.00210      0.00427      0.00254
FE      0.81150      0.06429      0.31245     -0.01290     -0.00298      0.02697
FE      0.93739      0.18790      0.31275     -0.00095      0.00533      0.00214
FE      0.93885      0.06405      0.43750     -0.00467     -0.00654      0.00315
FE      0.81259      0.18794      0.43757      0.00227      0.00943      0.00340
FE      0.81260      0.06396      0.56380      0.00597     -0.00598     -0.00319
FE      0.93769      0.18773      0.56260      0.00417      0.00587      0.00029
FE      0.93779      0.06270      0.68801      0.00739      0.00812      0.00832
FE      0.81229      0.18783      0.68761     -0.00896      0.00995     -0.00388
FE      0.81142      0.06249      0.81134     -0.01046      0.00289     -0.01605
FE      0.93728      0.18779      0.81215     -0.00319      0.00963     -0.00408
FE      0.93470      0.06250      0.93471      0.00954      0.00003      0.00691
FE      0.81225      0.18769      0.93738      0.00092      0.00224     -0.00121
FE      0.81236      0.31265      0.06292      0.01374      0.00605      0.01934
FE      0.93754      0.43608      0.06375      0.00124      0.01509     -0.00070
FE      0.93743      0.31244      0.18791      0.00181      0.00541      0.00506
FE      0.81221      0.43735      0.18795     -0.00023      0.00101      0.00816
FE      0.81272      0.31247      0.31229      0.01281      0.00354     -0.01082
FE      0.93753      0.43754      0.31255      0.00255      0.00279     -0.00289
FE      0.93751      0.31254      0.43758      0.00003      0.00618      0.00242
FE      0.81275      0.43751      0.43739      0.01083      0.00173     -0.00591
FE      0.81237      0.31244      0.56234     -0.00358      0.00408     -0.00625
FE      0.93754      0.43748      0.56246      0.00163      0.00074     -0.00111
FE      0.93751      0.31231      0.68717     -0.00078      0.00664     -0.00990
FE      0.81220      0.43739      0.68710     -0.00558     -0.00192     -0.00841
FE      0.81223      0.31237      0.81235     -0.00428      0.00644      0.00060
FE      0.93751      0.43620      0.81118      0.00045      0.01391      0.00493
FE      0.93738      0.31238      0.93741     -0.00153      0.00407     -0.00001
FE      0.81135      0.43625      0.93767      0.01382      0.01834      0.00679
FE      0.80984      0.56238      0.06520      0.01547     -0.01051     -0.01302
FE      0.93779      0.68875      0.06347      0.01511     -0.02356     -0.01838
FE      0.93767      0.56233      0.18779      0.00990     -0.00982     -0.00543
FE      0.81253      0.68710      0.18734     -0.00003     -0.00913     -0.00256
FE      0.81275      0.56217      0.31243      0.00329     -0.00303      0.00136
FE      0.93767      0.68722      0.31245      0.00319     -0.00991      0.00142
FE      0.93762      0.56244      0.43755      0.00807     -0.00165      0.00074
FE      0.81290      0.68702      0.43782      0.00895     -0.01032      0.00795
FE      0.81258      0.56249      0.56255      0.00862     -0.00207     -0.00000
FE      0.93787      0.68729      0.56279      0.01259     -0.01087      0.01034
FE      0.93757      0.56237      0.68720      0.00591     -0.00716      0.00390
FE      0.81238      0.68732      0.68761      0.00424     -0.00642      0.00639
FE      0.80990      0.56248      0.80984      0.01804     -0.00546      0.01501
FE      0.93760      0.68871      0.81124      0.01108     -0.02616      0.00969
RU      0.93755      0.56249      0.93755      0.00799     -0.00487      0.00476
FE      0.81134      0.68873      0.93731      0.01309     -0.02285     -0.01271
FE      0.81319      0.81228      0.06140      0.01357     -0.00233     -0.01982
FE      0.93651      0.93618      0.06235      0.02012      0.01527     -0.01228
FE      0.93764      0.81241      0.18752      0.00924     -0.00539     -0.00312
FE      0.81245      0.93761      0.18721     -0.00122      0.00257      0.00101
FE      0.81280      0.81106      0.31138     -0.00866      0.01237      0.01839
FE      0.93998      0.93741      0.31024     -0.01205      0.00147      0.01871
FE      0.93868      0.81103      0.43769     -0.00664      0.00946      0.01120
RU      0.81284      0.93766      0.43806     -0.00877     -0.00343      0.01249
FE      0.81351      0.81115      0.56476      0.01506      0.01246      0.01088
FE      0.94046      0.93761      0.56551     -0.00108      0.00654     -0.00173
FE      0.93812      0.81254      0.68784      0.02488     -0.00576      0.01575
FE      0.81247      0.93757      0.68784     -0.00016     -0.00124     -0.00283
FE      0.81233      0.81256      0.81228     -0.00108     -0.00364     -0.00586
FE      0.93732      0.93733      0.81199      0.00296     -0.00086     -0.00775
FE      0.93773      0.81255      0.93704      0.01891     -0.00429     -0.02496
FE      0.81224      0.93738      0.93703      0.00110     -0.00013     -0.01885
