/* Converted from PWscf output file */ 
#L_UNITS ang 
#E_UNITS eV 
#S_UNITS GPA 
#F_UNITS EV/ANG 
#ALAT 	  13.68046     // a0 
#X 	   1.00000    -0.00000    -0.00000     // X 
#Y 	  -0.00000     1.05631    -0.00009     // Y 
#Z 	  -0.00000    -0.00008     1.00039     // Z 
#SX 	  -0.00160     0.00000    -0.00000     // SX 
#SY 	   0.00000     0.00510    -0.00292     // SY 
#SZ 	  -0.00000    -0.00292    -0.00510     // SZ 
#EPA 	  -4.27829     // Energy per Atom 
#C 	1 1 1 
#W 	1.0 
#RCUT 	6.5        // Rcut 
RU      0.06247      0.06067      0.06437     -0.00027     -0.02715      0.03899
FE      0.19105      0.18868      0.06519      0.01516      0.00537      0.00789
FE      0.19070      0.06220      0.19090     -0.00377     -0.00123      0.00013
FE      0.06244      0.18885      0.18931     -0.00029      0.00145      0.01525
FE      0.06247      0.06233      0.31296     -0.00057     -0.00365      0.00469
FE      0.18801      0.18776      0.31302      0.00148     -0.00506      0.00105
FE      0.18766      0.06242      0.43750      0.00473     -0.00370      0.00212
FE      0.06248      0.18760      0.43756      0.00065     -0.00047      0.00110
FE      0.06248      0.06240      0.56244      0.00065      0.00047     -0.00110
FE      0.18766      0.18758      0.56250      0.00473      0.00370     -0.00212
FE      0.18801      0.06224      0.68698      0.00148      0.00506     -0.00105
FE      0.06247      0.18767      0.68704     -0.00057      0.00364     -0.00469
FE      0.06244      0.06115      0.81069     -0.00029     -0.00145     -0.01525
FE      0.19070      0.18780      0.80910     -0.00377      0.00123     -0.00013
FE      0.19105      0.06132      0.93481      0.01517     -0.00537     -0.00789
RU      0.06247      0.18933      0.93563     -0.00027      0.02715     -0.03900
FE      0.06248      0.31423      0.06373     -0.00062     -0.00572      0.00456
FE      0.18774      0.43782      0.06265     -0.00067     -0.00026     -0.00177
FE      0.18802      0.31296      0.18823     -0.00391     -0.00747     -0.00538
FE      0.06247      0.43793      0.18794      0.00020     -0.00413     -0.00346
FE      0.06249      0.31298      0.31294      0.00045     -0.00534     -0.00139
FE      0.18767      0.43778      0.31276      0.00497      0.00524      0.00266
FE      0.18766      0.31266      0.43768      0.00592      0.00603      0.00126
FE      0.06248      0.43767      0.43759      0.00023      0.00724      0.00083
FE      0.06248      0.31264      0.56243      0.00028      0.00548     -0.00098
FE      0.18766      0.43773      0.56228      0.00664      0.00952     -0.00247
FE      0.18806      0.31292      0.68673      0.00116      0.00163      0.00163
FE      0.06248      0.43815      0.68690      0.00038     -0.00501      0.00341
FE      0.06247      0.31497      0.81031     -0.00045     -0.01806      0.00487
FE      0.18784      0.43802      0.81212     -0.00018     -0.00013     -0.00096
FE      0.18888      0.31417      0.93728      0.00090     -0.00511     -0.00242
FE      0.06247      0.43795      0.93751     -0.00009      0.00047     -0.00307
FE      0.06248      0.56250      0.06250      0.00035      0.00418      0.00190
FE      0.18757      0.68749      0.06249      0.00290     -0.00329      0.00130
FE      0.18759      0.56261      0.18766      0.00325      0.00176      0.00235
FE      0.06248      0.68748      0.18758      0.00028     -0.00376      0.00319
FE      0.06248      0.56257      0.31258      0.00046      0.00273      0.00299
FE      0.18761      0.68736      0.31266      0.00436     -0.00364      0.00354
FE      0.18757      0.56253      0.43756      0.00470      0.00484      0.00034
FE      0.06248      0.68739      0.43762      0.00038     -0.00370      0.00160
FE      0.06248      0.56261      0.56238      0.00037      0.00370     -0.00160
FE      0.18757      0.68747      0.56244      0.00470     -0.00484     -0.00034
FE      0.18761      0.56264      0.68734      0.00437      0.00365     -0.00354
FE      0.06248      0.68743      0.68742      0.00046     -0.00273     -0.00300
FE      0.06248      0.56252      0.81242      0.00028      0.00376     -0.00319
FE      0.18759      0.68739      0.81234      0.00325     -0.00176     -0.00235
FE      0.18757      0.56251      0.93751      0.00290      0.00329     -0.00130
FE      0.06248      0.68750      0.93750      0.00035     -0.00418     -0.00190
FE      0.06247      0.81205      0.06249     -0.00009     -0.00047      0.00307
FE      0.18888      0.93583      0.06272      0.00090      0.00511      0.00242
FE      0.18784      0.81198      0.18788     -0.00018      0.00013      0.00096
FE      0.06247      0.93503      0.18969     -0.00045      0.01806     -0.00487
FE      0.06248      0.81185      0.31310      0.00038      0.00501     -0.00341
FE      0.18806      0.93708      0.31327      0.00116     -0.00163     -0.00163
FE      0.18766      0.81227      0.43772      0.00664     -0.00952      0.00247
FE      0.06248      0.93736      0.43757      0.00028     -0.00548      0.00098
FE      0.06248      0.81233      0.56241      0.00023     -0.00724     -0.00082
FE      0.18766      0.93734      0.56232      0.00592     -0.00603     -0.00126
FE      0.18767      0.81222      0.68724      0.00497     -0.00523     -0.00266
FE      0.06249      0.93702      0.68706      0.00045      0.00534      0.00139
FE      0.06247      0.81207      0.81206      0.00019      0.00414      0.00346
FE      0.18802      0.93704      0.81177     -0.00391      0.00747      0.00538
FE      0.18774      0.81218      0.93735     -0.00067      0.00026      0.00177
FE      0.06248      0.93577      0.93627     -0.00062      0.00572     -0.00456
FE      0.31332      0.06227      0.06281     -0.00037      0.00154      0.00025
FE      0.43751      0.18759      0.06257      0.00129     -0.00041      0.00185
FE      0.43776      0.06234      0.18785      0.00206     -0.00465      0.00454
FE      0.31420      0.18769      0.18912     -0.01790     -0.00503     -0.01829
FE      0.31418      0.06235      0.31419     -0.01372     -0.00450     -0.01602
FE      0.43826      0.18767      0.31319      0.00077      0.00310      0.00427
FE      0.43818      0.06238      0.43805      0.00842     -0.00825      0.00108
FE      0.31285      0.18767      0.43781      0.01030      0.00377      0.00177
FE      0.31285      0.06233      0.56219      0.01030     -0.00377     -0.00177
FE      0.43818      0.18762      0.56195      0.00842      0.00825     -0.00108
FE      0.43826      0.06233      0.68681      0.00077     -0.00311     -0.00427
FE      0.31418      0.18765      0.68581     -0.01372      0.00450      0.01602
FE      0.31420      0.06231      0.81088     -0.01790      0.00503      0.01830
FE      0.43776      0.18766      0.81215      0.00206      0.00465     -0.00454
FE      0.43751      0.06241      0.93743      0.00129      0.00041     -0.00186
FE      0.31332      0.18773      0.93719     -0.00037     -0.00154     -0.00025
FE      0.31330      0.31304      0.06284     -0.00889     -0.00967     -0.00068
FE      0.43774      0.43772      0.06257      0.00165      0.00479      0.00326
FE      0.43793      0.31273      0.18786      0.00035      0.00595      0.00510
FE      0.31272      0.43777      0.18769      0.00454      0.00623      0.00540
FE      0.31286      0.31273      0.31286      0.00714      0.00906      0.00457
FE      0.43761      0.43766      0.31255      0.00450      0.01156      0.00492
FE      0.43769      0.31265      0.43754      0.00956      0.01569      0.00038
FE      0.31263      0.43768      0.43754      0.00922      0.01177      0.00004
FE      0.31289      0.31274      0.56217      0.01070      0.01274     -0.00144
FE      0.43760      0.43763      0.56243      0.00560      0.01290     -0.00352
FE      0.43787      0.31271      0.68721      0.00415      0.01202     -0.00672
FE      0.31267      0.43771      0.68735      0.00811      0.01022     -0.00624
FE      0.31314      0.31286      0.81198     -0.00062      0.00174     -0.00219
FE      0.43773      0.43771      0.81234      0.00331      0.00765     -0.00573
FE      0.43769      0.31268      0.93745      0.00025      0.00259     -0.00304
FE      0.31304      0.43807      0.93746     -0.00396     -0.00670     -0.00301
FE      0.31264      0.56262      0.06254      0.00347      0.00198      0.00249
FE      0.43765      0.68743      0.06249      0.00230     -0.00260      0.00170
FE      0.43761      0.56252      0.18758      0.00278      0.00346      0.00412
FE      0.31268      0.68735      0.18763      0.00463     -0.00301      0.00418
FE      0.31258      0.56252      0.31257      0.00613      0.00388      0.00375
FE      0.43759      0.68746      0.31254      0.00365     -0.00511      0.00510
FE      0.43757      0.56250      0.43754      0.00402      0.00450      0.00113
FE      0.31256      0.68747      0.43756      0.00584     -0.00486      0.00162
FE      0.31256      0.56253      0.56244      0.00584      0.00486     -0.00162
FE      0.43757      0.68750      0.56246      0.00402     -0.00450     -0.00113
FE      0.43759      0.56254      0.68746      0.00365      0.00511     -0.00510
FE      0.31258      0.68748      0.68743      0.00613     -0.00388     -0.00375
FE      0.31268      0.56265      0.81237      0.00463      0.00301     -0.00418
FE      0.43761      0.68748      0.81242      0.00278     -0.00346     -0.00412
FE      0.43765      0.56257      0.93751      0.00229      0.00260     -0.00170
FE      0.31264      0.68738      0.93746      0.00347     -0.00198     -0.00249
FE      0.31304      0.81193      0.06254     -0.00397      0.00670      0.00301
FE      0.43769      0.93732      0.06255      0.00025     -0.00259      0.00304
FE      0.43773      0.81229      0.18766      0.00331     -0.00765      0.00573
FE      0.31314      0.93714      0.18802     -0.00062     -0.00174      0.00219
FE      0.31267      0.81229      0.31265      0.00811     -0.01022      0.00624
FE      0.43787      0.93729      0.31279      0.00415     -0.01202      0.00671
FE      0.43760      0.81237      0.43757      0.00560     -0.01290      0.00352
FE      0.31289      0.93726      0.43783      0.01070     -0.01274      0.00144
FE      0.31263      0.81232      0.56246      0.00921     -0.01177     -0.00004
FE      0.43769      0.93735      0.56246      0.00956     -0.01569     -0.00038
FE      0.43761      0.81234      0.68745      0.00450     -0.01156     -0.00493
FE      0.31286      0.93727      0.68714      0.00713     -0.00906     -0.00457
FE      0.31272      0.81223      0.81231      0.00454     -0.00623     -0.00540
FE      0.43793      0.93727      0.81214      0.00035     -0.00595     -0.00510
FE      0.43774      0.81228      0.93743      0.00165     -0.00480     -0.00326
FE      0.31330      0.93696      0.93716     -0.00889      0.00967      0.00068
FE      0.56249      0.06243      0.06250      0.00096     -0.00237      0.00224
FE      0.68753      0.18760      0.06258     -0.00148     -0.00024      0.00283
FE      0.68729      0.06234      0.18786     -0.00154     -0.00388      0.00508
FE      0.56248      0.18757      0.18765      0.00016      0.00216      0.00647
FE      0.56248      0.06239      0.31268      0.00023     -0.00734      0.00928
FE      0.68677      0.18766      0.31320     -0.00214      0.00271      0.00401
FE      0.68686      0.06239      0.43805     -0.00996     -0.00759      0.00049
FE      0.56248      0.18761      0.43759      0.00014      0.00784      0.00233
FE      0.56248      0.06239      0.56241      0.00013     -0.00784     -0.00233
FE      0.68686      0.18761      0.56195     -0.00996      0.00759     -0.00049
FE      0.68677      0.06234      0.68680     -0.00214     -0.00271     -0.00401
FE      0.56248      0.18761      0.68732      0.00023      0.00734     -0.00928
FE      0.56248      0.06243      0.81235      0.00016     -0.00216     -0.00647
FE      0.68729      0.18766      0.81214     -0.00154      0.00388     -0.00508
FE      0.68753      0.06240      0.93742     -0.00148      0.00024     -0.00283
FE      0.56249      0.18757      0.93750      0.00096      0.00237     -0.00224
FE      0.56248      0.31256      0.06252      0.00032      0.00606      0.00256
FE      0.68731      0.43772      0.06257     -0.00218      0.00468      0.00349
FE      0.68711      0.31274      0.18786     -0.00122      0.00618      0.00502
FE      0.56248      0.43767      0.18763      0.00008      0.01141      0.00638
FE      0.56248      0.31267      0.31266      0.00058      0.01551      0.00938
FE      0.68744      0.43766      0.31255     -0.00494      0.01152      0.00519
FE      0.68736      0.31265      0.43754     -0.01055      0.01606      0.00018
FE      0.56248      0.43761      0.43754      0.00020      0.01123      0.00119
FE      0.56248      0.31263      0.56236      0.00021      0.01492     -0.00702
FE      0.68745      0.43763      0.56243     -0.00581      0.01287     -0.00349
FE      0.68717      0.31271      0.68720     -0.00540      0.01214     -0.00730
FE      0.56248      0.43766      0.68740      0.00031      0.01247     -0.00750
FE      0.56248      0.31263      0.81236      0.00053      0.00991     -0.00535
FE      0.68732      0.43771      0.81234     -0.00356      0.00762     -0.00551
FE      0.68735      0.31269      0.93745     -0.00095      0.00304     -0.00308
FE      0.56248      0.43762      0.93751      0.00020      0.00787     -0.00183
FE      0.56248      0.56252      0.06250      0.00032      0.00398      0.00263
FE      0.68740      0.68743      0.06250     -0.00294     -0.00286      0.00184
FE      0.68744      0.56252      0.18758     -0.00324      0.00366      0.00410
FE      0.56248      0.68747      0.18756      0.00030     -0.00538      0.00357
FE      0.56248      0.56250      0.31252      0.00036      0.00439      0.00373
FE      0.68746      0.68746      0.31254     -0.00422     -0.00525      0.00521
FE      0.68748      0.56250      0.43754     -0.00446      0.00464      0.00109
FE      0.56248      0.68749      0.43754      0.00032     -0.00491      0.00225
FE      0.56248      0.56251      0.56246      0.00032      0.00491     -0.00225
FE      0.68748      0.68750      0.56246     -0.00446     -0.00464     -0.00109
FE      0.68746      0.56254      0.68746     -0.00423      0.00525     -0.00521
FE      0.56248      0.68750      0.68748      0.00036     -0.00439     -0.00373
FE      0.56248      0.56253      0.81244      0.00031      0.00538     -0.00356
FE      0.68744      0.68748      0.81242     -0.00324     -0.00366     -0.00409
FE      0.68740      0.56257      0.93750     -0.00294      0.00286     -0.00184
FE      0.56248      0.68748      0.93750      0.00032     -0.00398     -0.00263
FE      0.56248      0.81238      0.06249      0.00020     -0.00787      0.00183
FE      0.68735      0.93731      0.06255     -0.00095     -0.00304      0.00308
FE      0.68732      0.81229      0.18766     -0.00356     -0.00762      0.00551
FE      0.56248      0.93737      0.18764      0.00053     -0.00991      0.00535
FE      0.56248      0.81234      0.31260      0.00031     -0.01247      0.00750
FE      0.68717      0.93729      0.31280     -0.00540     -0.01214      0.00730
FE      0.68745      0.81237      0.43757     -0.00581     -0.01286      0.00349
FE      0.56248      0.93737      0.43764      0.00021     -0.01492      0.00702
FE      0.56248      0.81239      0.56246      0.00020     -0.01123     -0.00118
FE      0.68736      0.93735      0.56246     -0.01055     -0.01606     -0.00017
FE      0.68744      0.81234      0.68745     -0.00494     -0.01152     -0.00519
FE      0.56248      0.93733      0.68734      0.00058     -0.01551     -0.00938
FE      0.56248      0.81233      0.81237      0.00008     -0.01141     -0.00638
FE      0.68711      0.93726      0.81214     -0.00122     -0.00618     -0.00501
FE      0.68731      0.81228      0.93743     -0.00218     -0.00468     -0.00349
FE      0.56248      0.93744      0.93748      0.00032     -0.00606     -0.00256
FE      0.81162      0.06226      0.06280      0.00011      0.00152      0.00020
FE      0.93388      0.18868      0.06520     -0.01573      0.00546      0.00737
FE      0.93423      0.06219      0.19089      0.00476     -0.00164     -0.00017
FE      0.81082      0.18773      0.18914      0.02123     -0.00506     -0.01805
FE      0.81084      0.06234      0.31421      0.01589     -0.00430     -0.01404
FE      0.93701      0.18776      0.31305     -0.00269     -0.00506      0.00207
FE      0.93738      0.06242      0.43751     -0.00501     -0.00360      0.00297
FE      0.81210      0.18767      0.43781     -0.01044      0.00434      0.00229
FE      0.81210      0.06233      0.56219     -0.01044     -0.00434     -0.00229
FE      0.93738      0.18758      0.56249     -0.00501      0.00360     -0.00297
FE      0.93701      0.06224      0.68695     -0.00269      0.00506     -0.00207
FE      0.81084      0.18766      0.68579      0.01589      0.00430      0.01404
FE      0.81082      0.06227      0.81086      0.02123      0.00506      0.01805
FE      0.93423      0.18781      0.80911      0.00476      0.00164      0.00017
FE      0.93388      0.06132      0.93480     -0.01573     -0.00546     -0.00737
FE      0.81162      0.18774      0.93720      0.00011     -0.00152     -0.00020
FE      0.81168      0.31304      0.06284      0.00949     -0.00894     -0.00023
FE      0.93731      0.43782      0.06266     -0.00009     -0.00005     -0.00155
FE      0.93701      0.31298      0.18823      0.00270     -0.00652     -0.00491
FE      0.81223      0.43778      0.18770     -0.00450      0.00680      0.00578
FE      0.81211      0.31273      0.31286     -0.00623      0.00908      0.00479
FE      0.93737      0.43778      0.31276     -0.00552      0.00533      0.00299
FE      0.93739      0.31266      0.43767     -0.00649      0.00632      0.00101
FE      0.81234      0.43768      0.43755     -0.00878      0.01210      0.00030
FE      0.81208      0.31273      0.56216     -0.00994      0.01255     -0.00214
FE      0.93740      0.43773      0.56228     -0.00673      0.00952     -0.00240
FE      0.93696      0.31294      0.68672     -0.00286      0.00225      0.00118
FE      0.81229      0.43772      0.68735     -0.00772      0.01065     -0.00619
FE      0.81181      0.31286      0.81197      0.00095      0.00203     -0.00270
FE      0.93721      0.43803      0.81213     -0.00035     -0.00010     -0.00082
FE      0.93609      0.31417      0.93727     -0.00118     -0.00461     -0.00222
FE      0.81192      0.43808      0.93747      0.00474     -0.00616     -0.00280
FE      0.81233      0.56262      0.06254     -0.00281      0.00199      0.00249
FE      0.93748      0.68749      0.06249     -0.00342     -0.00359      0.00139
FE      0.93746      0.56262      0.18766     -0.00370      0.00191      0.00235
FE      0.81228      0.68736      0.18763     -0.00401     -0.00284      0.00434
FE      0.81239      0.56252      0.31257     -0.00540      0.00379      0.00375
FE      0.93743      0.68736      0.31266     -0.00495     -0.00375      0.00364
FE      0.93748      0.56253      0.43756     -0.00504      0.00500      0.00031
FE      0.81241      0.68747      0.43756     -0.00518     -0.00478      0.00174
FE      0.81241      0.56253      0.56244     -0.00518      0.00478     -0.00174
FE      0.93748      0.68747      0.56244     -0.00504     -0.00500     -0.00031
FE      0.93743      0.56264      0.68734     -0.00495      0.00375     -0.00364
FE      0.81239      0.68748      0.68743     -0.00540     -0.00379     -0.00375
FE      0.81228      0.56264      0.81237     -0.00401      0.00284     -0.00433
FE      0.93746      0.68738      0.81234     -0.00370     -0.00191     -0.00235
FE      0.93748      0.56251      0.93751     -0.00342      0.00360     -0.00139
FE      0.81233      0.68738      0.93746     -0.00281     -0.00199     -0.00249
FE      0.81192      0.81192      0.06253      0.00474      0.00616      0.00280
FE      0.93609      0.93583      0.06273     -0.00117      0.00461      0.00222
FE      0.93721      0.81197      0.18787     -0.00035      0.00010      0.00082
FE      0.81181      0.93714      0.18803      0.00095     -0.00203      0.00271
FE      0.81229      0.81228      0.31265     -0.00772     -0.01065      0.00619
FE      0.93696      0.93706      0.31328     -0.00286     -0.00224     -0.00117
FE      0.93740      0.81227      0.43772     -0.00673     -0.00952      0.00240
FE      0.81208      0.93727      0.43784     -0.00994     -0.01255      0.00215
FE      0.81234      0.81232      0.56245     -0.00878     -0.01210     -0.00030
FE      0.93739      0.93734      0.56233     -0.00649     -0.00632     -0.00101
FE      0.93737      0.81222      0.68724     -0.00552     -0.00532     -0.00299
FE      0.81211      0.93727      0.68714     -0.00623     -0.00908     -0.00479
FE      0.81223      0.81222      0.81230     -0.00450     -0.00680     -0.00578
FE      0.93701      0.93702      0.81177      0.00270      0.00652      0.00491
FE      0.93731      0.81218      0.93734     -0.00009      0.00005      0.00155
FE      0.81168      0.93696      0.93716      0.00948      0.00894      0.00023
