/* Converted from PWscf output file */ 
#L_UNITS ang 
#E_UNITS eV 
#S_UNITS GPA 
#F_UNITS EV/ANG 
#ALAT 	  13.67994     // a0 
#X 	   1.00000     0.00000     0.00000     // X 
#Y 	   0.00000     1.05163     0.00000     // Y 
#Z 	   0.00000     0.00000     1.00000     // Z 
#SX 	  -1.87735     0.00088    -0.00073     // SX 
#SY 	   0.00088    -1.34213     0.00029     // SY 
#SZ 	  -0.00073     0.00029    -2.16012     // SZ 
#EPA 	  -3.75191     // Energy per Atom 
#C 	1 1 1 
#W 	1.0 
#RCUT 	6.5        // Rcut 
RU      0.06251      0.06255      0.29103     -0.00447     -0.00315      1.27887
FE      0.19189      0.19153      0.31189     -0.29996     -0.32895     -0.03555
FE      0.18823      0.06246      0.43584     -0.36439      0.00180     -0.39198
FE      0.06248      0.18740      0.43595      0.01283     -0.21040     -0.19366
FE      0.06245      0.06244      0.56610      0.00723     -0.00051      0.01779
FE      0.18714      0.18690      0.56423     -0.05862     -0.00070      0.00105
FE      0.18891      0.06241      0.68687      0.00423     -0.00939     -0.01581
FE      0.06250      0.18580      0.68459      0.01562     -0.00130     -0.02753
FE      0.06245      0.31286      0.31629     -0.00243     -0.03123     -0.11361
FE      0.18782      0.43668      0.31404      0.00613      0.02437      0.00786
FE      0.18838      0.31319      0.43582     -0.03551     -0.01881      0.02770
FE      0.06248      0.43707      0.43427      0.00538      0.00378      0.00408
FE      0.06249      0.31215      0.56424      0.00785      0.03586      0.00610
FE      0.18748      0.43742      0.56448     -0.02277      0.02934     -0.00892
FE      0.18690      0.31205      0.68587     -0.02462      0.00965      0.00658
FE      0.06249      0.43791      0.68494      0.00141     -0.02039     -0.00901
FE      0.06250      0.56253      0.31573      0.00159      0.00183     -0.01291
FE      0.18791      0.68839      0.31398      0.00554     -0.02683      0.00627
FE      0.18728      0.56250      0.43583     -0.00687      0.00475     -0.00512
FE      0.06248      0.68799      0.43423      0.00100     -0.00486     -0.00273
FE      0.06249      0.56249      0.56455      0.00784     -0.00445     -0.00175
FE      0.18749      0.68762      0.56448     -0.00138     -0.00741      0.00560
FE      0.18741      0.56249      0.68565     -0.01309      0.00606      0.00416
FE      0.06251      0.68712      0.68493     -0.00243      0.01457     -0.00583
FE      0.06245      0.81207      0.31633      0.00155      0.03216     -0.10980
FE      0.19181      0.93343      0.31189     -0.28635      0.33769      0.00684
FE      0.18840      0.81178      0.43583     -0.01971      0.01596      0.03134
FE      0.06246      0.93763      0.43592      0.00412      0.21473     -0.19681
FE      0.06250      0.81281      0.56423      0.00674     -0.03561      0.00351
FE      0.18713      0.93808      0.56423     -0.04990     -0.02338     -0.03502
FE      0.18690      0.81291      0.68588     -0.00189     -0.00840      0.00580
FE      0.06246      0.93912      0.68464      0.00225      0.00891     -0.03486
FE      0.31253      0.06245      0.31532     -0.10788     -0.00292     -0.12218
FE      0.43660      0.18749      0.31421      0.01523     -0.00053     -0.02374
FE      0.43744      0.06249      0.43558     -0.01794     -0.30710     -0.29507
FE      0.31259      0.18788      0.43583     -0.51004      0.00045     -0.44864
FE      0.31202      0.06246      0.56477     -0.28904     -0.40120      0.02261
RU      0.43782      0.18729      0.56455      0.01032      0.01295     -0.07420
FE      0.43827      0.06243      0.68653     -0.02166     -0.34531      0.29079
FE      0.31283      0.18719      0.68390     -0.73234      0.01577      0.67519
FE      0.31436      0.31388      0.31689     -0.00979      0.02249     -0.09586
FE      0.43801      0.43814      0.31431      0.00659     -0.01039      0.01485
FE      0.43818      0.31267      0.43656      0.00398      0.32006     -0.29167
FE      0.31276      0.43787      0.43541      0.01036      0.00753      0.01841
FE      0.31251      0.31265      0.56535     -0.36185      0.39338     -0.00790
FE      0.43753      0.43760      0.56487     -0.00794      0.01960     -0.02959
FE      0.43725      0.31255      0.68634     -0.00101      0.32784      0.28296
FE      0.31216      0.43770      0.68508     -0.02091     -0.00394      0.01664
FE      0.31225      0.56248      0.31564      0.00390      0.01068     -0.00370
FE      0.43797      0.68691      0.31435      0.00803     -0.00007      0.01646
FE      0.43742      0.56249      0.43596      0.00975      0.00760      0.01214
FE      0.31277      0.68718      0.43542      0.00868     -0.01232      0.00893
FE      0.31242      0.56248      0.56503      0.00303      0.00253      0.00941
FE      0.43753      0.68744      0.56488     -0.00671      0.00510      0.01033
FE      0.43770      0.56247      0.68610     -0.01144      0.00975      0.00219
FE      0.31217      0.68732      0.68508     -0.00703      0.00718     -0.00421
FE      0.31441      0.81122      0.31694      0.00130     -0.02585     -0.06916
FE      0.43667      0.93756      0.31421      0.01558      0.01157      0.01397
FE      0.43821      0.81231      0.43659      0.00616     -0.00980      0.00594
FE      0.31259      0.93717      0.43581      0.03722      0.00528      0.04175
FE      0.31253      0.81230      0.56536     -0.00167     -0.00105      0.00223
FE      0.43783      0.93773      0.56454      0.00135     -0.04358     -0.03633
FE      0.43727      0.81241      0.68637     -0.00148      0.00281     -0.00187
FE      0.31283      0.93778      0.68388     -0.00335     -0.02061      0.04678
FE      0.56251      0.06252      0.31552      0.01124     -0.01056     -0.04397
FE      0.68843      0.18756      0.31417     -0.00333     -0.00130     -0.02981
FE      0.68758      0.06249      0.43559      0.03847     -0.00297     -0.01166
FE      0.56249      0.18743      0.43462      0.53361      0.00483     -0.46226
FE      0.56247      0.06248      0.56504      0.36785     -0.41055     -0.03314
FE      0.68718      0.18731      0.56457      0.03634      0.01687      0.01603
FE      0.68675      0.06249      0.68650      0.05238     -0.00879      0.00137
FE      0.56245      0.18775      0.68508      0.72072     -0.00365      0.63237
FE      0.56247      0.31228      0.31524      0.01051      0.01358     -0.02910
FE      0.68704      0.43812      0.31433     -0.00745     -0.00229      0.01056
FE      0.68685      0.31268      0.43655      0.01771      0.00740     -0.00046
FE      0.56249      0.43761      0.43563     -0.00575     -0.00566      0.01770
FE      0.56247      0.31251      0.56579      0.36632      0.41224     -0.00359
FE      0.68752      0.43760      0.56488      0.02858      0.01638     -0.00484
FE      0.68775      0.31254      0.68635      0.02831     -0.00424     -0.00019
FE      0.56249      0.43758      0.68523      0.01609     -0.00954      0.02047
FE      0.56250      0.56251      0.31572      0.00033      0.01058     -0.00041
FE      0.68705      0.68693      0.31437     -0.00644      0.00012      0.00943
FE      0.68762      0.56249      0.43596     -0.00166      0.00423      0.01299
FE      0.56248      0.68745      0.43564     -0.00418     -0.00334      0.01010
FE      0.56249      0.56248      0.56496     -0.00094      0.00224      0.00902
FE      0.68751      0.68745      0.56488      0.00502      0.00519      0.00805
FE      0.68735      0.56249      0.68610      0.01680      0.00582     -0.00076
FE      0.56249      0.68744      0.68523      0.00126      0.01119     -0.00001
FE      0.56248      0.81271      0.31524      0.00036     -0.01346     -0.00113
FE      0.68839      0.93753      0.31418     -0.01534      0.00378      0.01125
FE      0.68683      0.81232      0.43658      0.00200     -0.00677      0.00482
FE      0.56249      0.93765      0.43464     -0.00462      0.00459      0.01055
FE      0.56248      0.81244      0.56582     -0.00099     -0.00144      0.00559
FE      0.68721      0.93774      0.56456      0.02232     -0.03786     -0.01567
FE      0.68777      0.81240      0.68638      0.00551      0.00427     -0.00371
FE      0.56250      0.93725      0.68505      0.01683     -0.00077      0.02390
FE      0.81242      0.06247      0.31535      0.09906     -0.00301     -0.09687
FE      0.93307      0.19149      0.31191      0.29136     -0.33684      0.00843
FE      0.93676      0.06248      0.43583      0.34447      0.00179     -0.38934
FE      0.81234      0.18789      0.43585     -0.04444     -0.00039      0.04552
FE      0.81294      0.06249      0.56475     -0.08116     -0.00176      0.03765
FE      0.93787      0.18692      0.56424      0.02276     -0.00193     -0.03547
FE      0.93603      0.06249      0.68687     -0.02853      0.00110     -0.01630
FE      0.81215      0.18724      0.68390     -0.02930      0.01527      0.02966
FE      0.81071      0.31390      0.31693      0.00171      0.01837     -0.06587
FE      0.93719      0.43671      0.31405     -0.00531      0.02743      0.00319
FE      0.93662      0.31319      0.43586      0.01357     -0.02057      0.03446
FE      0.81221      0.43789      0.43544     -0.00986      0.00910      0.01429
FE      0.81243      0.31266      0.56538     -0.00299     -0.00091      0.00453
FE      0.93756      0.43742      0.56450      0.00278      0.00449      0.00505
FE      0.93816      0.31204      0.68590     -0.00298      0.00227      0.00461
FE      0.81282      0.43769      0.68509      0.00399     -0.01362     -0.00434
FE      0.81275      0.56250      0.31565     -0.00633      0.00099      0.00426
FE      0.93716      0.68836      0.31400     -0.00663     -0.02703      0.00480
FE      0.93776      0.56250      0.43584     -0.00119      0.00047     -0.00338
FE      0.81222      0.68718      0.43544     -0.00530     -0.01162      0.00781
FE      0.81256      0.56248      0.56504     -0.00966     -0.00518      0.00792
FE      0.93757      0.68762      0.56449      0.00253     -0.00757      0.00292
FE      0.93764      0.56250      0.68566      0.00836      0.00023      0.00848
FE      0.81282      0.68732      0.68508      0.00790      0.00631     -0.00175
FE      0.81068      0.81117      0.31701     -0.00193     -0.01592     -0.06333
FE      0.93313      0.93345      0.31189      0.28991      0.33948      0.00610
FE      0.93663      0.81179      0.43589      0.01214      0.01805      0.03344
FE      0.81237      0.93718      0.43584     -0.03652      0.00204      0.03988
FE      0.81242      0.81230      0.56539     -0.00440      0.00409      0.00088
FE      0.93787      0.93809      0.56426      0.02174      0.00280     -0.02546
FE      0.93814      0.81287      0.68589     -0.00411     -0.00445      0.00975
FE      0.81214      0.93779      0.68392     -0.01577     -0.00723      0.02495
