/* Converted from PWscf output file */ 
#L_UNITS ang 
#E_UNITS eV 
#S_UNITS GPA 
#F_UNITS EV/ANG 
#ALAT 	  13.67994     // a0 
#X 	   1.00000     0.00000     0.00000     // X 
#Y 	   0.00000     1.05163     0.00000     // Y 
#Z 	   0.00000     0.00000     1.00000     // Z 
#SX 	  -2.13796     0.00496     0.00146     // SX 
#SY 	   0.00496    -1.50430     0.00642     // SY 
#SZ 	   0.00146     0.00642    -2.33819     // SZ 
#EPA 	  -3.75359     // Energy per Atom 
#C 	1 1 1 
#W 	1.0 
#RCUT 	6.5        // Rcut 
RU      0.06251      0.06255      0.29103     -0.00725     -0.00944      1.28269
FE      0.19189      0.19153      0.31189     -0.28785     -0.32926      0.00664
FE      0.18823      0.06246      0.43584     -0.35073     -0.00773     -0.38598
FE      0.06248      0.18740      0.43595      0.01176     -0.20781     -0.20195
FE      0.06245      0.06244      0.56610      0.00290      0.00019      0.01609
FE      0.18714      0.18690      0.56423     -0.02549     -0.00585     -0.02469
FE      0.18891      0.06241      0.68687      0.02727      0.00141     -0.02488
FE      0.06250      0.18580      0.68459      0.00141     -0.00347     -0.02738
FE      0.06245      0.31286      0.31629      0.00397     -0.04122     -0.12471
FE      0.18782      0.43668      0.31404      0.02472      0.02731     -0.04963
FE      0.18838      0.31319      0.43582     -0.07128     -0.04017      0.06424
FE      0.06248      0.43707      0.43427      0.02922      0.00797      0.02441
FE      0.06249      0.31215      0.56424      0.00778      0.03706      0.00066
FE      0.18748      0.43742      0.56448     -0.07819      0.00724      0.07770
FE      0.18690      0.31205      0.68587      0.00220      0.00535     -0.01158
FE      0.06249      0.43791      0.68494     -0.00562     -0.01452      0.00544
FE      0.06250      0.56253      0.31573      0.00121      0.00636     -0.02343
FE      0.18791      0.68839      0.31398      0.01023     -0.03051      0.01220
FE      0.18728      0.56250      0.43583     -0.05553      0.01775      0.02705
FE      0.06248      0.68799      0.43423      0.00970     -0.01187      0.00079
FE      0.06249      0.56249      0.56455      0.00880      0.00147     -0.00689
FE      0.18749      0.68762      0.56448     -0.00325     -0.00361      0.00208
FE      0.18741      0.56249      0.68565     -0.00811     -0.00123     -0.01560
FE      0.06251      0.68712      0.68493      0.00098      0.01528     -0.00346
FE      0.06245      0.81207      0.31633     -0.00085      0.03847     -0.11769
FE      0.19181      0.93343      0.31189     -0.28210      0.33605      0.01214
FE      0.18840      0.81178      0.43583     -0.01478      0.02810      0.03344
FE      0.06246      0.93763      0.43592     -0.00143      0.21169     -0.19752
FE      0.06250      0.81281      0.56423      0.00337     -0.04177      0.00235
FE      0.18713      0.93808      0.56423     -0.02405      0.00279     -0.02609
FE      0.18690      0.81291      0.68588      0.00289     -0.00453     -0.00215
FE      0.06246      0.93912      0.68464      0.00037      0.00187     -0.03092
FE      0.31253      0.06245      0.31532     -0.08790     -0.00638     -0.10086
FE      0.43660      0.18749      0.31421      0.01562     -0.02808     -0.05957
FE      0.43744      0.06249      0.43558     -0.01676      0.00557     -0.03033
FE      0.31259      0.18788      0.43583      0.01580     -0.01549      0.08375
FE      0.31202      0.06246      0.56477      0.07316     -0.00740      0.04383
FE      0.43782      0.18729      0.56455      0.00222     -0.02591      0.01348
FE      0.43827      0.06243      0.68653     -0.02355      0.00757     -0.01739
FE      0.31283      0.18719      0.68390      0.01323      0.01346      0.03231
FE      0.31436      0.31388      0.31689     -0.18876     -0.18707     -0.16388
RU      0.43801      0.43814      0.31431     -0.00014     -0.02157     -1.49955
FE      0.43818      0.31267      0.43656      0.00404     -0.21230      0.30157
FE      0.31276      0.43787      0.43541     -0.36872      0.01172      0.49671
FE      0.31251      0.31265      0.56535      0.00242     -0.00331      0.04628
FE      0.43753      0.43760      0.56487     -0.01065     -0.00690      0.21487
FE      0.43725      0.31255      0.68634     -0.00064      0.03482     -0.07001
FE      0.31216      0.43770      0.68508     -0.02309     -0.00653     -0.03937
FE      0.31225      0.56248      0.31564     -0.16583      0.17416     -0.10457
FE      0.43797      0.68691      0.31435      0.00272      0.03345     -0.06452
FE      0.43742      0.56249      0.43596      0.01561      0.23433      0.33578
FE      0.31277      0.68718      0.43542     -0.01199      0.00054      0.06192
FE      0.31242      0.56248      0.56503      0.00780      0.00059      0.05594
FE      0.43753      0.68744      0.56488     -0.00983      0.05079      0.02727
FE      0.43770      0.56247      0.68610     -0.01140     -0.04441     -0.06768
FE      0.31217      0.68732      0.68508     -0.00552      0.00784      0.00108
FE      0.31441      0.81122      0.31694      0.01272     -0.00535     -0.07252
FE      0.43667      0.93756      0.31421      0.01390      0.00004      0.01743
FE      0.43821      0.81231      0.43659      0.00796     -0.00861     -0.01953
FE      0.31259      0.93717      0.43581      0.03478     -0.00090      0.03627
FE      0.31253      0.81230      0.56536     -0.00331      0.00726      0.01413
FE      0.43783      0.93773      0.56454     -0.00057     -0.01436     -0.00163
FE      0.43727      0.81241      0.68637     -0.00026      0.00302     -0.01747
FE      0.31283      0.93778      0.68388      0.01252     -0.01401      0.03017
FE      0.56251      0.06252      0.31552     -0.01240     -0.00994     -0.01775
FE      0.68843      0.18756      0.31417     -0.02044      0.00069      0.01303
FE      0.68758      0.06249      0.43559      0.02044     -0.00657     -0.00293
FE      0.56249      0.18743      0.43462      0.02119     -0.01382      0.05436
FE      0.56247      0.06248      0.56504     -0.00023     -0.00704     -0.00838
FE      0.68718      0.18731      0.56457      0.00099      0.01210     -0.00517
FE      0.68675      0.06249      0.68650      0.02502      0.00111     -0.01249
FE      0.56245      0.18775      0.68508      0.00096     -0.00418      0.00662
FE      0.56247      0.31228      0.31524      0.16923     -0.16372     -0.09345
FE      0.68704      0.43812      0.31433     -0.02295      0.00223     -0.04968
FE      0.68685      0.31268      0.43655      0.05082     -0.01221      0.04032
FE      0.56249      0.43761      0.43563      0.37816      0.00326      0.49253
FE      0.56247      0.31251      0.56579     -0.00954     -0.00075      0.04325
FE      0.68752      0.43760      0.56488      0.08569     -0.00554      0.08202
FE      0.68775      0.31254      0.68635      0.00150     -0.01105     -0.01935
FE      0.56249      0.43758      0.68523      0.02030     -0.01074     -0.03321
FE      0.56250      0.56251      0.31572      0.18955      0.18814     -0.09150
FE      0.68705      0.68693      0.31437     -0.01052     -0.00475      0.01202
FE      0.68762      0.56249      0.43596      0.04448      0.01542      0.04576
FE      0.56248      0.68745      0.43564      0.01884      0.01449      0.06142
FE      0.56249      0.56248      0.56496     -0.00671      0.00235      0.05524
FE      0.68751      0.68745      0.56488      0.00931      0.00840      0.00681
FE      0.68735      0.56249      0.68610      0.01225     -0.00170     -0.01790
FE      0.56249      0.68744      0.68523      0.00058      0.01165      0.00593
FE      0.56248      0.81271      0.31524     -0.01113      0.00502     -0.00224
FE      0.68839      0.93753      0.31418     -0.02090      0.00097      0.01685
FE      0.68683      0.81232      0.43658     -0.00291      0.00517      0.00945
FE      0.56249      0.93765      0.43464     -0.00185     -0.00236      0.00318
FE      0.56248      0.81244      0.56582      0.00002      0.00782      0.01666
FE      0.68721      0.93774      0.56456     -0.00016     -0.01554     -0.00449
FE      0.68777      0.81240      0.68638     -0.00010      0.00948     -0.01110
FE      0.56250      0.93725      0.68505      0.00165      0.00412      0.00598
FE      0.81242      0.06247      0.31535      0.09789     -0.00285     -0.09717
FE      0.93307      0.19149      0.31191      0.28865     -0.33344      0.00865
FE      0.93676      0.06248      0.43583      0.34668     -0.00235     -0.39014
FE      0.81234      0.18789      0.43585     -0.04185      0.00527      0.03556
FE      0.81294      0.06249      0.56475     -0.07868      0.00091      0.03011
FE      0.93787      0.18692      0.56424      0.02429     -0.00171     -0.02383
FE      0.93603      0.06249      0.68687     -0.02723      0.00166     -0.02021
FE      0.81215      0.18724      0.68390     -0.01481      0.01517      0.03158
FE      0.81071      0.31390      0.31693     -0.00294      0.01156     -0.07147
FE      0.93719      0.43671      0.31405     -0.00120      0.02672      0.01693
FE      0.93662      0.31319      0.43586      0.01244     -0.02884      0.02785
FE      0.81221      0.43789      0.43544     -0.03662      0.01149      0.03176
FE      0.81243      0.31266      0.56538     -0.00565     -0.00189     -0.00461
FE      0.93756      0.43742      0.56450      0.00589      0.00728      0.00743
FE      0.93816      0.31204      0.68590     -0.00354      0.00864     -0.00062
FE      0.81282      0.43769      0.68509      0.00948     -0.00720      0.01068
FE      0.81275      0.56250      0.31565     -0.00430      0.00394     -0.00719
FE      0.93716      0.68836      0.31400     -0.00544     -0.02904      0.01216
FE      0.93776      0.56250      0.43584     -0.00271      0.00810     -0.00755
FE      0.81222      0.68718      0.43544     -0.01604     -0.01764      0.01265
FE      0.81256      0.56248      0.56504     -0.00946      0.00139      0.00291
FE      0.93757      0.68762      0.56449      0.00372     -0.00732      0.00492
FE      0.93764      0.56250      0.68566      0.00798     -0.00487     -0.00268
FE      0.81282      0.68732      0.68508      0.00366      0.00684      0.00026
FE      0.81068      0.81117      0.31701      0.00206     -0.00987     -0.07221
FE      0.93313      0.93345      0.31189      0.29261      0.34202      0.01121
FE      0.93663      0.81179      0.43589      0.01241      0.02430      0.03555
FE      0.81237      0.93718      0.43584     -0.03116     -0.00060      0.03745
FE      0.81242      0.81230      0.56539     -0.00058     -0.00077     -0.00220
FE      0.93787      0.93809      0.56426      0.02374      0.00217     -0.02878
FE      0.93814      0.81287      0.68589     -0.00398     -0.00634      0.00208
FE      0.81214      0.93779      0.68392     -0.01427     -0.01520      0.02983
