/* Converted from PWscf output file */ 
#L_UNITS ang 
#E_UNITS eV 
#S_UNITS GPA 
#F_UNITS EV/ANG 
#ALAT 	   6.97063     // a0 
#X 	   1.00000    -0.00004    -0.00005     // X 
#Y 	  -0.00004     1.04767    -0.00004     // Y 
#Z 	  -0.00005    -0.00004     1.00000     // Z 
#SX 	   0.26265     0.01371     0.02071     // SX 
#SY 	   0.01371     0.17179     0.01371     // SY 
#SZ 	   0.02071     0.01371     0.26265     // SZ 
#EPA 	  -4.52993     // Energy per Atom 
#C 	1 1 1 
#W 	20.0 
#RCUT 	6.5        // Rcut 
RU     -0.00782     -0.00562     -0.00782      0.10380      0.07281      0.10380
RU      0.25700      0.25517     -0.00739     -0.01924     -0.05118      0.05247
RU      0.25697     -0.00508      0.25697     -0.00991      0.01819     -0.00991
RU     -0.00739      0.25517      0.25700      0.05247     -0.05118     -0.01924
FE     -0.00462     -0.00224      0.50543     -0.02939     -0.03511      0.01461
FE      0.25489      0.25284      0.50534      0.01032     -0.01068     -0.00141
FE      0.25504     -0.00205      0.74451     -0.00392     -0.05949      0.01180
FE     -0.00426      0.25293      0.74442     -0.06547     -0.01630      0.01257
FE     -0.00204      0.50379     -0.00204     -0.01070      0.01461     -0.01070
FE      0.25265      0.74577     -0.00189     -0.04011      0.04369     -0.02365
FE      0.25234      0.50360      0.25234     -0.00954      0.00644     -0.00954
FE     -0.00189      0.74577      0.25265     -0.02365      0.04369     -0.04011
FE     -0.00081      0.50314      0.50259     -0.01512      0.03681     -0.00552
FE      0.25098      0.74641      0.50243      0.01388     -0.01284      0.01698
FE      0.25117      0.50311      0.74723     -0.00250      0.06973      0.00299
FE     -0.00074      0.74641      0.74714     -0.01971     -0.03078      0.01007
FE      0.50543     -0.00224     -0.00462      0.01461     -0.03511     -0.02939
FE      0.74442      0.25293     -0.00426      0.01257     -0.01630     -0.06547
FE      0.74451     -0.00205      0.25504      0.01180     -0.05949     -0.00392
FE      0.50534      0.25284      0.25489     -0.00141     -0.01068      0.01032
FE      0.50503     -0.00047      0.50503     -0.01763     -0.05607     -0.01763
FE      0.74488      0.25113      0.50496      0.00377      0.00910      0.01615
FE      0.74496     -0.00044      0.74496     -0.03085     -0.04830     -0.03085
FE      0.50496      0.25113      0.74488      0.01615      0.00910      0.00377
FE      0.50259      0.50314     -0.00081     -0.00552      0.03681     -0.01512
FE      0.74714      0.74641     -0.00074      0.01007     -0.03078     -0.01971
FE      0.74723      0.50311      0.25117      0.00299      0.06973     -0.00250
FE      0.50243      0.74641      0.25098      0.01698     -0.01284      0.01388
FE      0.50083      0.50063      0.50083      0.01797      0.06172      0.01797
FE      0.74905      0.74884      0.50085     -0.01097     -0.00689      0.02001
FE      0.74889      0.50066      0.74889      0.00824      0.05851      0.00824
FE      0.50085      0.74884      0.74905      0.02001     -0.00689     -0.01097
