/* Converted from PWscf output file */ 
#L_UNITS ang 
#E_UNITS eV 
#S_UNITS GPA 
#F_UNITS EV/ANG 
#ALAT 	  13.71779     // a0 
#X 	   1.00000    -0.00000    -0.00000     // X 
#Y 	  -0.00000     1.05211    -0.00000     // Y 
#Z 	  -0.00000    -0.00000     0.99999     // Z 
#SX 	   1.61411    -0.00044    -0.00015     // SX 
#SY 	  -0.00044     1.88026    -0.00058     // SY 
#SZ 	  -0.00015    -0.00058     1.61047     // SZ 
#EPA 	  -4.29196     // Energy per Atom 
#C 	1 1 1 
#W 	1.0 
#RCUT 	6.5        // Rcut 
RU      0.06250      0.06250      0.06250      0.00148     -0.00165     -0.00158
FE      0.18795      0.18797      0.06250      0.29698      0.32955     -0.00169
FE      0.18835      0.06250      0.18834      0.56262     -0.00300      0.56124
FE      0.06250      0.18797      0.18795      0.00191      0.32990      0.29975
FE      0.06254      0.06249      0.31258      0.02396     -0.00638      0.05279
FE      0.18752      0.18750      0.31253      0.01151      0.00028      0.02202
FE      0.18749      0.06249      0.43747     -0.00868     -0.00733     -0.01798
FE      0.06252      0.18752      0.43749      0.01393      0.01512     -0.00666
FE      0.06254      0.06250      0.56251      0.02612     -0.00104      0.00876
FE      0.18746      0.18750      0.56248     -0.02622      0.00011     -0.01431
FE      0.18747      0.06247      0.68754     -0.01816     -0.01883      0.02764
FE      0.06251      0.18750      0.68751      0.00799     -0.00033      0.00663
FE      0.06250      0.06250      0.81239      0.00026     -0.00049     -0.07169
FE      0.18749      0.18750      0.81247     -0.00464      0.00217     -0.02106
FE      0.18834      0.06249      0.93666      0.55945     -0.00679     -0.55568
FE      0.06249      0.18797      0.93707     -0.00815      0.33115     -0.28343
FE      0.06251      0.31252      0.06249      0.00652      0.01458     -0.00800
FE      0.18753      0.43751      0.06251      0.01986      0.00544      0.00658
FE      0.18751      0.31249      0.18751      0.00588     -0.00353      0.00740
FE      0.06251      0.43750      0.18754      0.00989      0.00207      0.02396
FE      0.06252      0.31253      0.31252      0.01102      0.01798      0.01190
FE      0.18751      0.43751      0.31250      0.00568      0.00970      0.00116
FE      0.18741      0.31248      0.43741     -0.06273     -0.01365     -0.06000
FE      0.06249      0.43750      0.43749     -0.00401      0.00007     -0.00589
FE      0.06254      0.31250      0.56251      0.02368      0.00197      0.00661
FE      0.18747      0.43751      0.56248     -0.01915      0.00538     -0.01257
FE      0.18740      0.31249      0.68751     -0.06373     -0.00789      0.00610
FE      0.06252      0.43749      0.68748      0.01623     -0.00427     -0.01577
FE      0.06253      0.31251      0.81246      0.01989      0.00906     -0.02646
FE      0.18751      0.43751      0.81248      0.00592      0.00994     -0.01017
FE      0.18744      0.31247      0.93759     -0.04109     -0.02060      0.06205
FE      0.06294      0.43704      0.93752      0.29075     -0.32204      0.01294
FE      0.06334      0.56249      0.06334      0.55959     -0.00355      0.55567
FE      0.18753      0.68751      0.06251      0.02080      0.00459      0.00975
FE      0.18759      0.56249      0.18759      0.06225     -0.00717      0.06184
FE      0.06252      0.68751      0.18753      0.01175      0.00565      0.02157
FE      0.06250      0.56249      0.31246     -0.00044     -0.00845     -0.02586
FE      0.18751      0.68751      0.31250      0.00560      0.00552     -0.00086
FE      0.18750      0.56250      0.43750     -0.00223      0.00022      0.00124
FE      0.06251      0.68750      0.43749      0.00942     -0.00296     -0.00355
FE      0.06250      0.56248      0.56253      0.00093     -0.01379      0.01752
FE      0.18750      0.68752      0.56250     -0.00175      0.01335     -0.00222
FE      0.18758      0.56251      0.68742      0.05069      0.00893     -0.05564
FE      0.06253      0.68751      0.68748      0.01754      0.00584     -0.01344
FE      0.06334      0.56249      0.81166      0.56093     -0.00873     -0.56177
FE      0.18754      0.68751      0.81247      0.02450      0.00367     -0.02175
FE      0.18760      0.56249      0.93751      0.06761     -0.00494      0.00762
FE      0.06293      0.68798      0.93752      0.28706      0.33504      0.01027
FE      0.06250      0.81246      0.06250      0.00202     -0.02464      0.00075
FE      0.18794      0.93704      0.06251      0.29250     -0.31874      0.00576
FE      0.18751      0.81249      0.18751      0.00408     -0.00680      0.00492
FE      0.06259      0.93704      0.18786      0.06283     -0.31987      0.23967
FE      0.06254      0.81247      0.31249      0.02411     -0.02369     -0.00540
FE      0.18749      0.93751      0.31254     -0.00345      0.00501      0.02640
FE      0.18750      0.81250      0.43750     -0.00251      0.00012      0.00087
FE      0.06260      0.93751      0.43749      0.06750      0.00796     -0.00398
FE      0.06254      0.81249      0.56252      0.02429     -0.00779      0.01145
FE      0.18746      0.93750      0.56249     -0.02349      0.00123     -0.00986
FE      0.18751      0.81250      0.68751      0.00528     -0.00269      0.00849
FE      0.06260      0.93753      0.68760      0.06627      0.01845      0.06559
FE      0.06250      0.81247      0.81247      0.00309     -0.01967     -0.02228
FE      0.18751      0.93751      0.81244      0.00926      0.00446     -0.03702
FE      0.18753      0.81252      0.93750      0.01992      0.01123      0.00074
FE      0.06249      0.93704      0.93707     -0.00717     -0.32428     -0.28611
FE      0.31259      0.06250      0.06249      0.06249     -0.00348     -0.00437
FE      0.43750      0.18751      0.06249     -0.00178      0.00564     -0.00874
FE      0.43748      0.06250      0.18750     -0.01357     -0.00301     -0.00265
FE      0.31253      0.18751      0.18753      0.02273      0.00357      0.01854
FE      0.31258      0.06250      0.31259      0.05456     -0.00129      0.06116
FE      0.43751      0.18751      0.31251      0.00430      0.00549      0.00392
FE      0.43751      0.06247      0.43747      0.00342     -0.02259     -0.01794
FE      0.31248      0.18751      0.43746     -0.01486      0.00492     -0.02443
FE      0.31249      0.06249      0.56249     -0.00572     -0.00573     -0.00767
FE      0.43751      0.18703      0.56206      0.00575     -0.32801     -0.29129
FE      0.43750      0.06246      0.68752     -0.00093     -0.02457      0.01283
FE      0.31206      0.18704      0.68751     -0.29275     -0.32510      0.00477
FE      0.31258      0.06249      0.81240      0.05367     -0.00752     -0.06443
FE      0.43750      0.18704      0.81292      0.00313     -0.32171      0.28168
FE      0.43748      0.06247      0.93753     -0.01496     -0.02184      0.02246
FE      0.31250      0.18752      0.93752      0.00215      0.01490      0.01661
FE      0.31252      0.31252      0.06247      0.01166      0.01239     -0.02146
FE      0.43750      0.43749      0.06248     -0.00241     -0.00363     -0.01262
FE      0.43750      0.31249      0.18751      0.00152     -0.00693      0.00379
FE      0.31250      0.43751      0.18751      0.00151      0.00853      0.00853
FE      0.31250      0.31249      0.31252      0.00038     -0.00646      0.01552
FE      0.43751      0.43751      0.31250      0.00371      0.00500      0.00189
FE      0.43751      0.31248      0.43740      0.00846     -0.01301     -0.06775
FE      0.31247      0.43751      0.43747     -0.01714      0.00822     -0.02288
FE      0.31165      0.31249      0.56165     -0.56726     -0.00765     -0.56231
FE      0.43751      0.43798      0.56206      0.00419      0.33545     -0.29195
RU      0.43750      0.31251      0.68751     -0.00155      0.00505      0.00431
FE      0.31205      0.43798      0.68750     -0.29656      0.33334      0.00269
FE      0.31165      0.31249      0.81333     -0.56610     -0.00362      0.55241
FE      0.43751      0.43798      0.81293      0.00349      0.33376      0.28718
FE      0.43750      0.31249      0.93761      0.00160     -0.00827      0.07213
FE      0.31247      0.43752      0.93754     -0.01801      0.01323      0.02680
FE      0.31246      0.56249      0.06248     -0.02629     -0.00820     -0.01027
FE      0.43750      0.68750      0.06248     -0.00110      0.00319     -0.01057
FE      0.43751      0.56249      0.18751      0.00398     -0.00696      0.00548
FE      0.31250      0.68751      0.18752     -0.00099      0.00357      0.01037
FE      0.31248      0.56249      0.31249     -0.01329     -0.00978     -0.00924
FE      0.43751      0.68750      0.31250      0.00594     -0.00016      0.00089
FE      0.43751      0.56252      0.43748      0.00990      0.01532     -0.01090
FE      0.31249      0.68751      0.43750     -0.00697      0.00812     -0.00312
FE      0.31248      0.56249      0.56250     -0.01283     -0.00543      0.00185
FE      0.43751      0.68751      0.56251      0.00595      0.00720      0.00476
FE      0.43751      0.56252      0.68751      0.00431      0.01453      0.00364
FE      0.31250      0.68751      0.68750     -0.00010      0.00654      0.00116
FE      0.31246      0.56249      0.81250     -0.02652     -0.00358      0.00294
FE      0.43751      0.68750      0.81248      0.00450      0.00244     -0.01004
FE      0.43751      0.56251      0.93753      0.00397      0.01026      0.01712
FE      0.31249      0.68750      0.93751     -0.00796     -0.00124      0.00688
FE      0.31251      0.81247      0.06250      0.00616     -0.02138     -0.00191
FE      0.43751      0.93752      0.06250      0.00390      0.01502     -0.00237
FE      0.43750      0.81249      0.18750      0.00313     -0.00366      0.00148
FE      0.31253      0.93751      0.18752      0.02026      0.00427      0.01622
FE      0.31249      0.81250      0.31250     -0.00510     -0.00257     -0.00100
FE      0.43753      0.93751      0.31251      0.02095      0.00964      0.00950
FE      0.43751      0.81250      0.43750      0.00934     -0.00046      0.00295
FE      0.31249      0.93750      0.43749     -0.00465     -0.00125     -0.00487
FE      0.31249      0.81250      0.56250     -0.00430     -0.00168     -0.00191
FE      0.43753      0.93751      0.56250      0.02238      0.00662     -0.00138
FE      0.43751      0.81249      0.68751      0.00461     -0.00880      0.00929
FE      0.31251      0.93751      0.68751      0.00396      0.00506      0.00715
FE      0.31250      0.81249      0.81248     -0.00330     -0.00581     -0.01022
FE      0.43751      0.93751      0.81247      0.00849      0.00514     -0.02050
FE      0.43750      0.81250      0.93750      0.00168     -0.00016      0.00130
FE      0.31252      0.93749      0.93750      0.01277     -0.00639     -0.00292
FE      0.56249      0.06250      0.06250     -0.00452     -0.00039     -0.00321
FE      0.68751      0.18749      0.06250      0.00658     -0.00728     -0.00060
FE      0.68752      0.06249      0.18746      0.01052     -0.00351     -0.02691
FE      0.56249      0.18751      0.18750     -0.00631      0.00373      0.00081
FE      0.56246      0.06250      0.31248     -0.02759     -0.00087     -0.01268
FE      0.68751      0.18751      0.31250      0.00613      0.00486     -0.00162
FE      0.68708      0.06296      0.43749     -0.27833      0.32444     -0.00509
FE      0.56249      0.18753      0.43747     -0.00415      0.01791     -0.02309
FE      0.56246      0.06249      0.56251     -0.02623     -0.00555      0.00731
FE      0.68754      0.18750      0.56248      0.02691      0.00285     -0.01348
FE      0.68752      0.06247      0.68756      0.01308     -0.01925      0.03731
FE      0.56293      0.18703      0.68751      0.28652     -0.32748      0.00601
FE      0.56249      0.06249      0.81249     -0.00342     -0.00482     -0.00627
FE      0.68754      0.18750      0.81250      0.02454     -0.00269      0.00026
FE      0.68754      0.06249      0.93751      0.02853     -0.00479      0.00979
FE      0.56253      0.18751      0.93755      0.01690      0.00915      0.03143
FE      0.56249      0.31250      0.06247     -0.00579     -0.00215     -0.02125
FE      0.68748      0.43750      0.06251     -0.01325     -0.00073      0.00693
FE      0.68751      0.31249      0.18750      0.00372     -0.00374      0.00092
FE      0.56250      0.43751      0.18751     -0.00263      0.00480      0.00793
FE      0.56248      0.31250      0.31252     -0.01247     -0.00345      0.01097
FE      0.68751      0.43751      0.31250      0.00692      0.00554     -0.00090
FE      0.68761      0.31250      0.43741      0.07253     -0.00256     -0.05824
FE      0.56252      0.43751      0.43747      0.01153      0.00672     -0.02283
FE      0.56333      0.31250      0.56166      0.55286      0.00184     -0.55954
FE      0.68754      0.43751      0.56248      0.02939      0.00366     -0.01597
FE      0.68761      0.31250      0.68751      0.07090      0.00114      0.00982
FE      0.56294      0.43797      0.68750      0.29035      0.33175      0.00062
FE      0.56334      0.31250      0.81333      0.55966     -0.00259      0.55508
FE      0.68751      0.43751      0.81249      0.00373      0.00531     -0.00541
FE      0.68758      0.31247      0.93760      0.05272     -0.02292      0.06336
FE      0.56252      0.43751      0.93754      0.01561      0.00907      0.02889
FE      0.56253      0.56249      0.06248      0.01693     -0.00949     -0.01019
FE      0.68748      0.68752      0.06252     -0.01602      0.01590      0.01122
FE      0.68741      0.56248      0.18759     -0.05951     -0.01124      0.05955
FE      0.56250      0.68751      0.18751     -0.00206      0.00653      0.00569
FE      0.56250      0.56248      0.31249     -0.00095     -0.01368     -0.00961
FE      0.68750      0.68751      0.31249      0.00008      0.00533     -0.00726
FE      0.68752      0.56249      0.43750      0.01073     -0.00543      0.00162
FE      0.56248      0.68749      0.43750     -0.01416     -0.00638     -0.00324
FE      0.56250      0.56249      0.56251      0.00031     -0.00945      0.00417
FE      0.68751      0.68752      0.56250      0.00532      0.01077     -0.00131
FE      0.68743      0.56251      0.68742     -0.04461      0.00509     -0.05051
FE      0.56249      0.68751      0.68751     -0.00841      0.00693      0.00362
FE      0.56253      0.56249      0.81250      0.01791     -0.00504      0.00118
FE      0.68748      0.68752      0.81247     -0.01645      0.01310     -0.01816
FE      0.68740      0.56249      0.93751     -0.06326     -0.00651      0.00456
FE      0.56251      0.68751      0.93751      0.00728      0.00742      0.00918
FE      0.56250      0.81249      0.06250     -0.00244     -0.00837     -0.00045
FE      0.68752      0.93752      0.06253      0.01027      0.01243      0.01797
FE      0.68749      0.81250      0.18747     -0.00655     -0.00222     -0.01871
FE      0.56241      0.93751      0.18741     -0.06251      0.00489     -0.05781
FE      0.56246      0.81250      0.31247     -0.02654     -0.00225     -0.01842
FE      0.68667      0.93751      0.31166     -0.55433      0.00413     -0.56128
FE      0.68707      0.81202      0.43750     -0.28495     -0.33658      0.00310
FE      0.56240      0.93750      0.43749     -0.06917      0.00204     -0.00357
FE      0.56246      0.81249      0.56252     -0.02957     -0.00710      0.01312
FE      0.68667      0.93750      0.56334     -0.55051      0.00235      0.55635
FE      0.68748      0.81249      0.68754     -0.01021     -0.00738      0.02964
FE      0.56240      0.93751      0.68760     -0.06883      0.00813      0.06473
FE      0.56249      0.81249      0.81249     -0.00548     -0.00827     -0.00920
FE      0.68752      0.93751      0.81246      0.01089      0.00447     -0.02711
FE      0.68749      0.81252      0.93750     -0.00579      0.01369      0.00198
FE      0.56251      0.93749      0.93752      0.00445     -0.00545      0.01186
FE      0.81239      0.06249      0.06250     -0.07221     -0.00921     -0.00060
FE      0.93707      0.18797      0.06249     -0.28565      0.33184     -0.00835
FE      0.93668      0.06249      0.18831     -0.54587     -0.00844      0.53654
FE      0.81245      0.18752      0.18751     -0.03379      0.01728      0.00875
FE      0.81240      0.06296      0.31215     -0.06943      0.32362     -0.23109
FE      0.93749      0.18752      0.31252     -0.00684      0.01389      0.01354
FE      0.93795      0.06296      0.43748      0.29905      0.32426     -0.01598
FE      0.81248      0.18753      0.43750     -0.01047      0.02410     -0.00225
FE      0.81249      0.06297      0.56293     -0.00898      0.32705      0.28660
FE      0.93751      0.18752      0.56251      0.00842      0.01171      0.00782
FE      0.93753      0.06249      0.68758      0.02146     -0.00364      0.05022
FE      0.81247      0.18753      0.68752     -0.01719      0.01850      0.01494
FE      0.81240      0.06249      0.81240     -0.06594     -0.00399     -0.06834
FE      0.93749      0.18750      0.81246     -0.00754      0.00179     -0.02837
FE      0.93666      0.06250      0.93666     -0.55913     -0.00329     -0.55722
FE      0.81246      0.18751      0.93749     -0.02612      0.00360     -0.00614
FE      0.81246      0.31250      0.06250     -0.02801      0.00245     -0.00166
FE      0.93752      0.43704      0.06293      0.01021     -0.32509      0.28563
FE      0.93751      0.31248      0.18752      0.00373     -0.01450      0.01464
FE      0.81246      0.43751      0.18755     -0.02392      0.00688      0.03324
FE      0.81248      0.31250      0.31251     -0.01424     -0.00234      0.00773
FE      0.93750      0.43751      0.31250     -0.00101      0.01036     -0.00147
FE      0.93749      0.31249      0.43750     -0.00338     -0.00810     -0.00064
FE      0.81249      0.43751      0.43750     -0.00530      0.00661     -0.00033
FE      0.81246      0.31250      0.56250     -0.02451     -0.00296     -0.00196
FE      0.93750      0.43751      0.56251      0.00126      0.00860      0.00351
FE      0.93751      0.31247      0.68750      0.00536     -0.01917     -0.00146
FE      0.81246      0.43750      0.68747     -0.02507      0.00230     -0.02170
FE      0.81246      0.31248      0.81247     -0.02790     -0.01271     -0.01945
FE      0.93750      0.43705      0.81204      0.00141     -0.31721     -0.30355
FE      0.93750      0.31247      0.93750      0.00246     -0.02340      0.00300
FE      0.81204      0.43705      0.93751     -0.30426     -0.31752      0.00418
FE      0.81165      0.56250      0.06334     -0.56480      0.00235      0.56155
FE      0.93752      0.68798      0.06293      0.01117      0.33531      0.28810
FE      0.93751      0.56249      0.18760      0.00853     -0.00649      0.06442
FE      0.81246      0.68748      0.18753     -0.02345     -0.01437      0.01812
FE      0.81250      0.56250      0.31247     -0.00066     -0.00349     -0.01668
FE      0.93751      0.68749      0.31249      0.00370     -0.00370     -0.00632
FE      0.93750      0.56249      0.43751     -0.00308     -0.00644      0.00357
FE      0.81249      0.68748      0.43750     -0.00389     -0.01560      0.00207
FE      0.81249      0.56249      0.56251     -0.00378     -0.00887      0.00895
FE      0.93751      0.68750      0.56251      0.00587      0.00137      0.00563
FE      0.93751      0.56248      0.68741      0.00546     -0.01117     -0.05853
FE      0.81246      0.68748      0.68749     -0.02409     -0.01596     -0.00646
FE      0.81165      0.56250      0.81164     -0.56735     -0.00284     -0.56898
FE      0.93750      0.68798      0.81204      0.00240      0.33218     -0.30415
RU      0.93751      0.56249      0.93751      0.00553     -0.00437      0.00362
FE      0.81205      0.68797      0.93750     -0.30225      0.33038      0.00168
FE      0.81247      0.81248      0.06251     -0.02133     -0.01649      0.00574
FE      0.93706      0.93704      0.06252     -0.29125     -0.32112      0.01047
FE      0.93752      0.81251      0.18749      0.01388      0.00894     -0.00485
FE      0.81245      0.93751      0.18743     -0.03260      0.01023     -0.04618
FE      0.81249      0.81202      0.31206     -0.00773     -0.33667     -0.29561
FE      0.93833      0.93750      0.31168      0.55437      0.00044     -0.54463
FE      0.93794      0.81203      0.43750      0.29306     -0.33171      0.00026
RU      0.81249      0.93750      0.43749     -0.00565      0.00152     -0.00668
FE      0.81249      0.81202      0.56293     -0.00557     -0.33563      0.28910
FE      0.93835      0.93750      0.56335      0.56652     -0.00159      0.56309
FE      0.93752      0.81252      0.68753      0.01506      0.01330      0.01828
FE      0.81248      0.93752      0.68761     -0.01604      0.01480      0.07009
FE      0.81249      0.81250      0.81248     -0.00894     -0.00117     -0.01406
FE      0.93748      0.93751      0.81244     -0.01353      0.00386     -0.04256
FE      0.93750      0.81252      0.93750     -0.00011      0.01461      0.00297
FE      0.81246      0.93751      0.93749     -0.02450      0.00417     -0.00843
