/* Converted from PWscf output file */ 
#L_UNITS ang 
#E_UNITS eV 
#S_UNITS GPA 
#F_UNITS EV/ANG 
#ALAT 	  13.69830     // a0 
#X 	   1.00000    -0.00000    -0.00000     // X 
#Y 	  -0.00000     1.05604    -0.00001     // Y 
#Z 	  -0.00000    -0.00001     0.99998     // Z 
#SX 	   0.03121    -0.00044     0.00029     // SX 
#SY 	  -0.00044    -0.04448    -0.00044     // SY 
#SZ 	   0.00029    -0.00044     0.03208     // SZ 
#EPA 	  -4.29441     // Energy per Atom 
#C 	1 1 1 
#W 	1.0 
#RCUT 	6.5        // Rcut 
RU      0.06262      0.06257      0.06231      0.00909      0.00536     -0.01624
FE      0.18874      0.18883      0.06264     -0.02026     -0.02660      0.01615
FE      0.19038      0.06251      0.19013      0.00175      0.00271     -0.02239
FE      0.06251      0.18889      0.18882      0.00056     -0.02124     -0.01648
FE      0.06285      0.06263      0.31263      0.01873      0.01201     -0.01564
FE      0.18772      0.18767      0.31268      0.01427      0.01298      0.00232
FE      0.18753      0.06248      0.43741      0.00499     -0.00023     -0.00097
FE      0.06262      0.18780      0.43738      0.00214      0.01547     -0.00974
FE      0.06279      0.06260      0.56268      0.01214      0.00720      0.01040
FE      0.18723      0.18741      0.56224     -0.00861     -0.00590     -0.01507
FE      0.18743      0.06224      0.68771      0.00670     -0.01138      0.00589
FE      0.06254      0.18749      0.68748      0.00345      0.00020     -0.00379
FE      0.06253      0.06249      0.81226      0.00366     -0.00010      0.01702
FE      0.18748      0.18747      0.81233      0.00276     -0.00339     -0.00517
FE      0.19023      0.06244      0.93473     -0.00861     -0.00344      0.00798
FE      0.06233      0.18893      0.93634     -0.01083     -0.01642      0.02174
FE      0.06236      0.31259      0.06284     -0.01920      0.00129      0.03716
FE      0.18776      0.43741      0.06288      0.01165     -0.00738      0.03227
FE      0.18768      0.31262      0.18769      0.01245      0.01054      0.01283
FE      0.06273      0.43736      0.18788      0.01370     -0.01016      0.02124
FE      0.06234      0.31280      0.31257     -0.02160      0.01811     -0.00411
FE      0.18756      0.43760      0.31255      0.00463      0.00615      0.00418
FE      0.18655      0.31255      0.43654     -0.04749      0.01177     -0.05231
FE      0.06234      0.43760      0.43740     -0.01281      0.01168     -0.00726
FE      0.06266      0.31251      0.56238      0.00442      0.00128     -0.01411
FE      0.18729      0.43764      0.56208     -0.00493      0.00883     -0.03236
FE      0.18722      0.31250      0.68741      0.01062      0.00370     -0.01336
FE      0.06275      0.43743      0.68713      0.01568     -0.00253     -0.02526
FE      0.06267      0.31261      0.81210      0.00536      0.00576     -0.01978
FE      0.18755      0.43760      0.81240      0.00335      0.00560     -0.00433
FE      0.18691      0.31234      0.93845     -0.03134     -0.00400      0.05252
FE      0.06364      0.43611      0.93766     -0.02781      0.01873      0.01063
FE      0.06532      0.56248      0.06530     -0.00350     -0.00014     -0.00292
FE      0.18789      0.68770      0.06273      0.02549      0.01332      0.01634
FE      0.18855      0.56247      0.18855      0.05974      0.00184      0.06019
FE      0.06278      0.68766      0.18784      0.02138      0.00831      0.01873
FE      0.06259      0.56242      0.31240      0.00915     -0.00305      0.00235
FE      0.18775      0.68747      0.31266      0.02304     -0.00481      0.01460
FE      0.18753      0.56249      0.43748      0.00495      0.00035     -0.00336
FE      0.06277      0.68723      0.43753      0.01831     -0.02172      0.00398
FE      0.06253      0.56245      0.56252      0.00170      0.00226     -0.00777
FE      0.18765      0.68761      0.56234      0.01799      0.00429     -0.01473
FE      0.18828      0.56278      0.68645      0.04354      0.02000     -0.06459
FE      0.06277      0.68765      0.68717      0.01688      0.00730     -0.02239
FE      0.06523      0.56252      0.80979     -0.01248      0.00682      0.01539
FE      0.18785      0.68768      0.81217      0.02116      0.01268     -0.01806
FE      0.18787      0.56252      0.93758     -0.00119      0.00597      0.00547
FE      0.06379      0.68895      0.93753     -0.00843     -0.01955     -0.00154
FE      0.06274      0.81230      0.06245      0.02136     -0.00803     -0.00637
FE      0.18908      0.93612      0.06228      0.01435      0.01518     -0.02372
FE      0.18784      0.81228      0.18756      0.03146     -0.01723      0.00161
FE      0.06362      0.93607      0.18782      0.06736      0.00941     -0.06941
FE      0.06288      0.81208      0.31259      0.02377     -0.02261      0.01069
FE      0.18772      0.93736      0.31282      0.02181     -0.01420      0.01565
FE      0.18757      0.81239      0.43758      0.01009     -0.00835      0.00697
FE      0.06286      0.93747      0.43752     -0.00112     -0.00544      0.00351
FE      0.06288      0.81235      0.56265      0.02305     -0.00793      0.00677
FE      0.18740      0.93745      0.56249      0.00331     -0.00672      0.00224
FE      0.18775      0.81240      0.68753      0.02444     -0.00881     -0.00207
FE      0.06353      0.93752      0.68847      0.05828     -0.00701      0.05105
FE      0.06273      0.81229      0.81220      0.01967     -0.01197     -0.01226
FE      0.18804      0.93735      0.81234      0.04759     -0.01473      0.00778
FE      0.18795      0.81259      0.93741      0.03109     -0.00064     -0.00701
FE      0.06251      0.93602      0.93622      0.00548      0.00874      0.01205
FE      0.31285      0.06243      0.06254     -0.00094     -0.00369      0.00362
FE      0.43752      0.18754      0.06247      0.00162      0.00072      0.00139
FE      0.43731      0.06253      0.18743     -0.01172      0.00563     -0.00701
FE      0.31286      0.18768      0.18776      0.02078      0.01466      0.01316
FE      0.31349      0.06245      0.31345      0.05798     -0.00455      0.05066
FE      0.43760      0.18760      0.31257      0.00664      0.00939      0.00543
FE      0.43777      0.06223      0.43748      0.02669     -0.01322      0.01161
FE      0.31236      0.18743      0.43729     -0.00286     -0.00531     -0.00554
FE      0.31238      0.06232      0.56235     -0.00495     -0.01330     -0.00881
FE      0.43746      0.18611      0.56125     -0.00495      0.02097      0.01822
FE      0.43763      0.06225      0.68739      0.01426     -0.00847     -0.01774
FE      0.31137      0.18610      0.68737      0.03009      0.01904     -0.01484
FE      0.31342      0.06230      0.81157      0.05471     -0.01217     -0.04611
FE      0.43767      0.18612      0.81365      0.01543      0.01850     -0.02253
FE      0.43745      0.06219      0.93778     -0.00003     -0.01468      0.01212
FE      0.31262      0.18753      0.93765      0.01069     -0.00601      0.00465
FE      0.31281      0.31272      0.06245      0.02199      0.01246      0.00812
FE      0.43754      0.43758      0.06248      0.00516      0.01001      0.00465
FE      0.43758      0.31252      0.18757      0.00733      0.00547      0.00691
FE      0.31270      0.43756      0.18767      0.01920      0.00106      0.01432
FE      0.31249      0.31251      0.31259      0.00159      0.00601      0.00248
FE      0.43752      0.43758      0.31249     -0.00021      0.00333      0.00195
FE      0.43751      0.31250      0.43713     -0.00289      0.00885      0.00110
FE      0.31225      0.43770      0.43716     -0.00970      0.01177     -0.01856
FE      0.30977      0.31247      0.55974      0.01745      0.00473      0.00863
FE      0.43753      0.43894      0.56120      0.00015     -0.01947      0.01030
RU      0.43750      0.31253      0.68748      0.00230     -0.00057     -0.00477
FE      0.31138      0.43890      0.68740      0.03294     -0.02148     -0.01404
FE      0.30987      0.31245      0.81521      0.02711     -0.00154     -0.01298
FE      0.43754      0.43895      0.81376      0.00200     -0.01580     -0.01331
FE      0.43760      0.31251      0.93790      0.00958      0.00596     -0.00164
FE      0.31231      0.43773      0.93788     -0.00812      0.01499      0.01933
FE      0.31239      0.56253      0.06259      0.00280      0.00801      0.01510
FE      0.43753      0.68753      0.06249      0.00351     -0.00014      0.00483
FE      0.43753      0.56247      0.18755      0.00032      0.00091      0.00316
FE      0.31271      0.68750      0.18766      0.02120     -0.00242      0.01057
FE      0.31272      0.56252      0.31268      0.02921      0.00708      0.02346
FE      0.43746      0.68749      0.31245     -0.00737      0.00072     -0.00339
FE      0.43750      0.56275      0.43722     -0.00534      0.01365     -0.01819
FE      0.31248      0.68759      0.43745      0.00471      0.00613     -0.00298
FE      0.31262      0.56264      0.56209      0.02167      0.01372     -0.03925
FE      0.43745      0.68748      0.56250     -0.00858     -0.00353     -0.00444
FE      0.43751      0.56275      0.68749     -0.00125      0.01391     -0.00358
FE      0.31264      0.68755      0.68739      0.01498      0.00169     -0.01143
FE      0.31231      0.56266      0.81254     -0.00166      0.01544      0.00073
FE      0.43753      0.68751      0.81246     -0.00015     -0.00097      0.00169
FE      0.43754      0.56278      0.93781      0.00150      0.01932      0.01786
FE      0.31254      0.68755      0.93758      0.00715      0.00478      0.00286
FE      0.31285      0.81222      0.06250      0.02795     -0.01490      0.00041
FE      0.43727      0.93746      0.06223     -0.02642     -0.01080     -0.02479
FE      0.43745      0.81238      0.18744     -0.00678     -0.01019     -0.00511
FE      0.31287      0.93736      0.18775      0.02327     -0.01430      0.01336
FE      0.31253      0.81244      0.31251      0.00736     -0.00580      0.00325
FE      0.43773      0.93744      0.31255      0.01092     -0.01297      0.00121
FE      0.43752      0.81243      0.43752     -0.00170     -0.00699      0.00068
FE      0.31259      0.93738      0.43759      0.01228     -0.01306      0.01093
FE      0.31251      0.81246      0.56248      0.00586     -0.00399     -0.00153
FE      0.43760      0.93752      0.56252      0.00015     -0.00459      0.00247
FE      0.43738      0.81242      0.68763     -0.01356     -0.00453      0.00651
FE      0.31263      0.93748      0.68739      0.01274     -0.00660     -0.01392
FE      0.31261      0.81248      0.81240      0.01414     -0.00195     -0.00386
FE      0.43741      0.93747      0.81260     -0.01493     -0.00699      0.02057
FE      0.43758      0.81242      0.93749      0.00418     -0.00937     -0.00270
FE      0.31286      0.93730      0.93734      0.02525     -0.01440     -0.01251
FE      0.56236      0.06249      0.06240     -0.01173     -0.00040     -0.00679
FE      0.68754      0.18749      0.06257     -0.00003     -0.00007      0.00860
FE      0.68733      0.06263      0.18719     -0.02086      0.01064     -0.01364
FE      0.56242      0.18755      0.18749     -0.00613      0.00467     -0.00245
FE      0.56213      0.06260      0.31218     -0.01849      0.00752     -0.02178
FE      0.68736      0.18769      0.31235     -0.01516      0.01511     -0.01044
FE      0.68604      0.06392      0.43769     -0.00971     -0.01685      0.02057
FE      0.56243      0.18767      0.43716     -0.00348      0.00908     -0.01628
FE      0.56222      0.06247      0.56260     -0.01245     -0.00062      0.00609
FE      0.68775      0.18753      0.56233      0.00537      0.00403     -0.00961
FE      0.68729      0.06235      0.68764     -0.03134     -0.00438     -0.01110
FE      0.56372      0.18608      0.68755     -0.01983      0.01895     -0.00009
FE      0.56245      0.06236      0.81272     -0.00608     -0.00824      0.02125
FE      0.68764      0.18739      0.81265     -0.00359     -0.00617      0.01133
FE      0.68761      0.06245      0.93752     -0.00342     -0.00352     -0.00164
FE      0.56269      0.18736      0.93790      0.00685     -0.01422      0.01944
FE      0.56244      0.31244      0.06244     -0.00431     -0.00336      0.00694
FE      0.68725      0.43743      0.06287     -0.01485     -0.00140      0.03079
FE      0.68741      0.31256      0.18752     -0.01280      0.00857      0.00424
FE      0.56232      0.43749      0.18764     -0.01681     -0.00318      0.01074
FE      0.56243      0.31256      0.31254     -0.00147      0.00930     -0.00079
FE      0.68751      0.43754      0.31249     -0.00296      0.00181      0.00049
FE      0.68853      0.31248      0.43649      0.05009     -0.00003     -0.05928
FE      0.56271      0.43768      0.43714      0.01022      0.01073     -0.02082
FE      0.56522      0.31257      0.55975     -0.01077      0.00567      0.00959
FE      0.68778      0.43764      0.56206      0.00756      0.00882     -0.03282
FE      0.68786      0.31252      0.68755     -0.00698      0.00223     -0.00219
FE      0.56362      0.43888      0.68739     -0.02943     -0.02185     -0.01213
FE      0.56521      0.31245      0.81525     -0.01575     -0.00330     -0.01050
FE      0.68751      0.43754      0.81248     -0.00187      0.00243      0.00123
FE      0.68820      0.31221      0.93854      0.03250     -0.01192      0.05783
FE      0.56272      0.43766      0.93791      0.01248      0.01063      0.02122
FE      0.56256      0.56252      0.06258     -0.00226      0.00678      0.01339
FE      0.68709      0.68763      0.06267     -0.03017      0.00134      0.00953
FE      0.68646      0.56242      0.18848     -0.06192     -0.00089      0.05523
FE      0.56227      0.68755      0.18761     -0.02173      0.00116      0.00778
FE      0.56218      0.56245      0.31264     -0.03126      0.00229      0.01893
FE      0.68725      0.68741      0.31250     -0.02336     -0.00785      0.00607
FE      0.68754      0.56252      0.43747     -0.00206      0.00589     -0.00497
FE      0.56218      0.68732      0.43744     -0.02237     -0.00964     -0.00443
FE      0.56227      0.56257      0.56212     -0.02575      0.00965     -0.03765
FE      0.68734      0.68749      0.56243     -0.01837     -0.00261     -0.00893
FE      0.68676      0.56272      0.68654     -0.04451      0.01634     -0.05866
FE      0.56227      0.68755      0.68743     -0.01888      0.00164     -0.00858
FE      0.56266      0.56264      0.81256      0.00348      0.01433      0.00461
FE      0.68718      0.68770      0.81231     -0.02186      0.01004     -0.00631
FE      0.68716      0.56252      0.93757      0.00185      0.00526      0.00546
FE      0.56247      0.68763      0.93760     -0.00653      0.00547      0.00467
FE      0.56227      0.81246      0.06237     -0.02229     -0.00136     -0.01022
FE      0.68740      0.93754      0.06257     -0.01399     -0.00149     -0.00131
FE      0.68715      0.81230      0.18722     -0.03156     -0.01519     -0.01220
FE      0.56143      0.93752      0.18649     -0.06192     -0.00203     -0.05905
FE      0.56209      0.81230      0.31223     -0.02356     -0.01694     -0.01322
FE      0.68454      0.93748      0.30987     -0.01214     -0.00514      0.02360
FE      0.68620      0.81105      0.43751      0.00615      0.01796     -0.00004
FE      0.56210      0.93744      0.43746     -0.00098     -0.00921      0.00110
FE      0.56208      0.81230      0.56273     -0.02369     -0.01275      0.01374
FE      0.68475      0.93744      0.56529      0.00066     -0.00837     -0.00583
FE      0.68722      0.81233      0.68785     -0.02338     -0.01084      0.01432
FE      0.56142      0.93755      0.68854     -0.05979     -0.00197      0.05375
FE      0.56226      0.81245      0.81256     -0.02188     -0.00368      0.00802
FE      0.68733      0.93747      0.81228     -0.02275     -0.00748     -0.00812
FE      0.68716      0.81271      0.93750     -0.02788      0.00958     -0.00199
FE      0.56245      0.93746      0.93760     -0.00828     -0.00193      0.00293
FE      0.81209      0.06250      0.06246     -0.00099      0.00274     -0.00263
FE      0.93625      0.18898      0.06241      0.01523     -0.01443     -0.00137
FE      0.93495      0.06265      0.18984      0.01937      0.01630     -0.03338
FE      0.81209      0.18790      0.18756     -0.01811      0.02212      0.00341
FE      0.81137      0.06401      0.31227     -0.06372     -0.00497      0.07443
FE      0.93739      0.18783      0.31273     -0.00775      0.01877      0.01167
FE      0.93874      0.06394      0.43744     -0.02196     -0.01372      0.00133
FE      0.81249      0.18781      0.43754      0.00290      0.01530      0.00349
FE      0.81252      0.06392      0.56374      0.00541     -0.01646     -0.01721
FE      0.93765      0.18768      0.56258      0.00774      0.00971      0.00127
FE      0.93774      0.06264      0.68795      0.01026      0.01237      0.01467
FE      0.81232      0.18776      0.68760     -0.01161      0.01543     -0.00191
FE      0.81151      0.06247      0.81148     -0.05225     -0.00294     -0.05402
FE      0.93730      0.18774      0.81218     -0.01285      0.02000     -0.01373
FE      0.93470      0.06248      0.93472      0.00512     -0.00269      0.00733
FE      0.81225      0.18765      0.93740     -0.00812      0.00898     -0.00393
FE      0.81231      0.31262      0.06284      0.00270      0.01072      0.03432
FE      0.93752      0.43605      0.06377     -0.00247      0.01531     -0.00961
FE      0.93742      0.31242      0.18787     -0.00702      0.00189      0.02255
FE      0.81216      0.43744      0.18791     -0.01642     -0.00418      0.02156
FE      0.81265      0.31246      0.31235      0.02079     -0.00024     -0.01874
FE      0.93750      0.43756      0.31255     -0.00121      0.00446      0.00264
FE      0.93748      0.31252      0.43756     -0.00104      0.00706      0.00516
FE      0.81261      0.43758      0.43739      0.01310      0.00663     -0.01133
FE      0.81236      0.31244      0.56235     -0.00346     -0.00174     -0.01334
FE      0.93752      0.43750      0.56246      0.00055     -0.00154     -0.00554
FE      0.93751      0.31230      0.68722     -0.00192     -0.00462     -0.02376
FE      0.81222      0.43742      0.68714     -0.01359     -0.00660     -0.02190
FE      0.81225      0.31236      0.81236     -0.00932     -0.00259     -0.00251
FE      0.93750      0.43615      0.81115     -0.00091      0.01840      0.01365
FE      0.93739      0.31237      0.93743     -0.00942      0.00144     -0.00575
FE      0.81128      0.43619      0.93764      0.02562      0.02408      0.01218
FE      0.80974      0.56246      0.06529      0.01162     -0.00501     -0.00769
FE      0.93756      0.68889      0.06370      0.00144     -0.02370     -0.01971
FE      0.93756      0.56242      0.18784      0.00220     -0.00566     -0.00199
FE      0.81214      0.68732      0.18763     -0.02133     -0.00973      0.00479
FE      0.81243      0.56250      0.31243     -0.00648      0.00214      0.00191
FE      0.93763      0.68732      0.31244      0.00725     -0.01470     -0.00100
FE      0.93751      0.56250      0.43751      0.00236      0.00426     -0.00234
FE      0.81247      0.68726      0.43752     -0.00106     -0.01253      0.00064
FE      0.81250      0.56253      0.56250      0.00315      0.00772     -0.00635
FE      0.93765      0.68740      0.56260      0.00910     -0.00988      0.00502
FE      0.93754      0.56241      0.68719      0.00229     -0.00378      0.00115
FE      0.81223      0.68741      0.68743     -0.01241     -0.00090     -0.00411
FE      0.80982      0.56250      0.80980      0.01932      0.00288      0.01885
FE      0.93755      0.68881      0.81119      0.00386     -0.02925      0.01898
RU      0.93752      0.56252      0.93754      0.00172      0.00370      0.00599
FE      0.81114      0.68888      0.93753      0.01177     -0.02249      0.00080
FE      0.81205      0.81231      0.06260     -0.02713     -0.00893      0.00553
FE      0.93626      0.93606      0.06254      0.01797      0.01062     -0.00142
FE      0.93766      0.81243      0.18758      0.00806     -0.00988      0.00792
FE      0.81207      0.93744      0.18746     -0.02348     -0.00823      0.02103
FE      0.81238      0.81107      0.31133     -0.01049      0.01883      0.02891
FE      0.94000      0.93738      0.31018     -0.02722     -0.01073      0.03956
FE      0.93876      0.81101      0.43760     -0.01888      0.01175      0.00950
RU      0.81236      0.93741      0.43767     -0.01317     -0.00877      0.01768
FE      0.81243      0.81107      0.56372     -0.00672      0.01666     -0.01868
FE      0.94024      0.93753      0.56528     -0.01323      0.00384     -0.00998
FE      0.93775      0.81255      0.68753      0.01367     -0.00337     -0.00638
FE      0.81233      0.93752      0.68770     -0.01008     -0.00765     -0.01860
FE      0.81232      0.81255      0.81232     -0.01205      0.00292     -0.01026
FE      0.93731      0.93735      0.81204     -0.01047     -0.01543     -0.01919
FE      0.93740      0.81256      0.93741     -0.00772     -0.00304     -0.00932
FE      0.81212      0.93734      0.93727     -0.02135     -0.01601     -0.01581
