/* Converted from PWscf output file */ 
#L_UNITS ang 
#E_UNITS eV 
#S_UNITS GPA 
#F_UNITS EV/ANG 
#ALAT 	  13.67994     // a0 
#X 	   1.00000     0.00000     0.00000     // X 
#Y 	   0.00000     1.05163     0.00000     // Y 
#Z 	   0.00000     0.00000     1.00000     // Z 
#SX 	  -2.25156     0.02917    -0.09042     // SX 
#SY 	   0.02917    -1.57692     0.06913     // SY 
#SZ 	  -0.09042     0.06913    -2.46186     // SZ 
#EPA 	  -3.72643     // Energy per Atom 
#C 	1 1 1 
#W 	1.0 
#RCUT 	6.5        // Rcut 
RU      0.14129      0.10904      0.17654      0.35256     -0.22931      2.65495
FE      0.05875      0.06218      0.32112      0.69320      0.25252     -1.03755
FE      0.18843      0.19044      0.32144     -0.42147     -0.55399     -0.92306
FE      0.18682      0.06235      0.44213     -0.04257      0.16513     -0.08251
FE      0.06250      0.18834      0.44245      0.08624     -0.06470     -0.05312
FE      0.06232      0.06231      0.56973      0.03884     -0.01428      0.00513
FE      0.18766      0.18789      0.56981     -0.03296      0.02940      0.03022
FE      0.18822      0.06181      0.68790      0.05735      0.00849      0.01458
FE      0.06166      0.18831      0.68794     -0.06333      0.00790      0.02099
FE      0.06536      0.31054      0.31723      0.03713     -0.08126     -0.15007
FE      0.18774      0.43543      0.31754     -0.09832      0.05960     -0.06197
FE      0.18812      0.31346      0.44122      0.01070     -0.02796     -0.00913
FE      0.06339      0.43696      0.43857     -0.01030     -0.00383     -0.02770
FE      0.06283      0.31343      0.56786     -0.04619      0.03628      0.09935
FE      0.18855      0.43885      0.56822     -0.05980      0.00974     -0.01020
FE      0.18873      0.31434      0.68746      0.00318     -0.00615      0.00024
FE      0.06033      0.43920      0.68624      0.01302     -0.01668     -0.00704
FE      0.06485      0.56171      0.31451     -0.00163      0.00030     -0.00089
FE      0.18475      0.68827      0.31455      0.00123     -0.00183      0.00077
FE      0.18637      0.56198      0.43713      0.06840      0.04365      0.06709
FE      0.06337      0.68809      0.43715     -0.06846     -0.04492      0.07243
FE      0.06158      0.56283      0.56620      0.03126     -0.00197      0.03239
FE      0.18826      0.68721      0.56606     -0.02803      0.00756      0.02330
FE      0.18880      0.56345      0.68617     -0.00249     -0.02925     -0.06162
FE      0.06133      0.68655      0.68621     -0.00216      0.03056     -0.05263
FE      0.06184      0.81406      0.31720      0.10789     -0.01472     -0.06735
FE      0.18295      0.94092      0.31394      0.01771      0.20430     -0.37473
FE      0.18629      0.81357      0.43792     -0.01032      0.02387     -0.05096
FE      0.06186      0.93715      0.44062      0.00708      0.04240      0.00003
FE      0.06139      0.81128      0.56798      0.06628      0.00221     -0.02084
FE      0.18692      0.93677      0.56771      0.05284     -0.03698      0.07776
FE      0.18963      0.81090      0.68603     -0.01532      0.02311     -0.00824
FE      0.06128      0.93567      0.68752     -0.00370     -0.00086      0.01326
FE      0.30764      0.06622      0.31223     -0.25422      0.01193     -0.44996
FE      0.43571      0.18834      0.31719     -0.00490     -0.09122     -0.02346
FE      0.43415      0.06249      0.43420      0.07102      0.02942     -0.01270
FE      0.31216      0.18816      0.44186     -0.05005     -0.02173     -0.18213
FE      0.31241      0.06214      0.56661      0.00535     -0.01530      0.08285
FE      0.43855      0.18723      0.56605      0.05008      0.01252     -0.01865
FE      0.43801      0.06252      0.68599      0.11288     -0.02528      0.00150
FE      0.31467      0.18764      0.68590      0.00988      0.03980      0.14577
FE      0.31126      0.31149      0.31709     -0.21910     -0.14714     -0.01872
FE      0.43549      0.43722      0.31471      0.00108     -0.02654     -0.04927
FE      0.43748      0.31314      0.43699     -0.01281     -0.08180     -0.09564
FE      0.31254      0.43783      0.43665     -0.00608     -0.05732      0.07401
FE      0.31417      0.31318      0.56793     -0.11463      0.05033     -0.04172
FE      0.43904      0.43780      0.56328     -0.01231      0.02543      0.00475
FE      0.44031      0.31313      0.68459      0.02250      0.05294      0.12315
FE      0.31592      0.43981      0.68553      0.03240     -0.04881      0.04533
FE      0.30836      0.56133      0.31473      0.02176      0.07475     -0.06926
FE      0.43393      0.68780      0.31302      0.00479      0.04427     -0.08203
FE      0.43588      0.56333      0.43222      0.06614     -0.06378     -0.01205
FE      0.31042      0.68740      0.43344      0.03675      0.03395      0.10091
FE      0.31430      0.56277      0.56414     -0.08755      0.04598      0.03695
FE      0.43852      0.68790      0.55990     -0.06343     -0.02289      0.07396
FE      0.44192      0.56331      0.68249     -0.01880     -0.00107     -0.00673
FE      0.31621      0.68688      0.68428     -0.00094      0.00500     -0.01635
FE      0.30740      0.81292      0.31478      0.02180      0.11273     -0.03457
FE      0.43445      0.93841      0.31504     -0.05057      0.05649     -0.02018
FE      0.43563      0.81275      0.43152      0.05815      0.04453      0.00426
FE      0.31012      0.93794      0.43638     -0.02045      0.06477     -0.11955
FE      0.31380      0.81271      0.56326     -0.09601     -0.05557      0.06924
FE      0.43771      0.93847      0.56236     -0.05439     -0.08557      0.01303
FE      0.43933      0.81162      0.68290      0.03514     -0.00413      0.01194
FE      0.31480      0.93663      0.68594      0.02787     -0.02743      0.01012
FE      0.56161      0.06317      0.31469     -0.02546     -0.00394      0.02546
FE      0.68840      0.18684      0.31483      0.02315      0.00467      0.03501
FE      0.68857      0.06306      0.43527     -0.10107     -0.01583     -0.04605
FE      0.56114      0.18678      0.43527      0.09359      0.01945     -0.04612
FE      0.56198      0.06271      0.56355     -0.02494     -0.04121     -0.04444
FE      0.68744      0.18716      0.56411      0.00300      0.04661     -0.02356
FE      0.68559      0.06228      0.68509     -0.00118     -0.01470      0.04165
FE      0.56380      0.18753      0.68528     -0.01459      0.01488      0.04288
FE      0.56075      0.31050      0.31398      0.03087      0.06728      0.01042
FE      0.68724      0.43600      0.31238      0.05521      0.00112      0.00222
FE      0.68756      0.31154      0.43359      0.02303      0.01388     -0.06880
FE      0.56260      0.43699      0.43214     -0.04580      0.00320     -0.00718
FE      0.56327      0.31215      0.56357      0.07644      0.03687     -0.01802
FE      0.68798      0.43704      0.55992     -0.00360      0.02591      0.04883
FE      0.68824      0.31271      0.68500     -0.07834      0.01513     -0.03662
FE      0.56519      0.43860      0.68224     -0.03716     -0.05183      0.04206
FE      0.56126      0.56261      0.31227     -0.00353     -0.01475     -0.00645
FE      0.68877      0.68739      0.31232      0.00466      0.01914     -0.00113
FE      0.68832      0.56151      0.42946     -0.04388      0.08156      0.04098
FE      0.56154      0.68860      0.42934      0.04094     -0.07668      0.03930
FE      0.56303      0.56247      0.55765      0.00312      0.03114      0.09760
FE      0.68674      0.68765      0.55778     -0.01126     -0.02972      0.09286
FE      0.68579      0.56294      0.68057      0.02903     -0.01533      0.02253
FE      0.56379      0.68725      0.68053     -0.03418      0.01690      0.02466
FE      0.56264      0.81407      0.31220     -0.05435     -0.00016     -0.00401
FE      0.68913      0.93953      0.31415     -0.02236     -0.05587      0.01263
FE      0.68725      0.81313      0.43211      0.04084     -0.00394     -0.00910
FE      0.56186      0.93854      0.43331     -0.02483     -0.01342     -0.07034
FE      0.56174      0.81303      0.55967     -0.00431     -0.02000      0.04572
FE      0.68648      0.93783      0.56346     -0.08024     -0.04150     -0.01609
FE      0.68450      0.81144      0.68208      0.02981      0.06026      0.03684
FE      0.56129      0.93718      0.68465      0.06253     -0.01545     -0.03954
FE      0.81453      0.06169      0.31712      0.04110      0.09295     -0.01647
FE      0.94022      0.18548      0.31648      0.03839      0.04826     -0.16847
FE      0.93748      0.06200      0.44231     -0.21656      0.03567      0.04124
FE      0.81448      0.18758      0.43556     -0.03272     -0.02320     -0.03762
FE      0.81107      0.06261      0.56639     -0.01041     -0.01095     -0.06415
FE      0.93712      0.18800      0.56705     -0.03298      0.01252      0.09549
FE      0.93528      0.06231      0.68577     -0.00001     -0.03972      0.14230
FE      0.81162      0.18733      0.68629     -0.12236      0.02849      0.02540
FE      0.81508      0.31193      0.31511      0.02861     -0.03464     -0.00368
FE      0.94214      0.43707      0.31517     -0.05281     -0.09249     -0.02004
FE      0.93876      0.31260      0.43737     -0.02303     -0.07723     -0.09793
FE      0.81395      0.43735      0.43199     -0.06385     -0.02802      0.02010
FE      0.81161      0.31166      0.56312      0.03968      0.08842      0.02937
FE      0.93588      0.43746      0.56375      0.08209      0.06370      0.08590
FE      0.93496      0.31342      0.68602     -0.02766      0.02697      0.00812
FE      0.81029      0.43853      0.68330     -0.04191      0.00713      0.01947
FE      0.81591      0.56216      0.31308     -0.00743     -0.03622     -0.08586
FE      0.94126      0.68870      0.31481     -0.02796     -0.07674     -0.05897
FE      0.93936      0.56271      0.43371     -0.04249     -0.02199      0.10647
FE      0.81393      0.68675      0.43247     -0.06881      0.07372     -0.01686
FE      0.81124      0.56221      0.56013      0.06080      0.02650      0.07853
FE      0.93563      0.68723      0.56433      0.08897     -0.03809      0.03575
FE      0.93366      0.56323      0.68444     -0.00050      0.00243     -0.01925
FE      0.80786      0.68679      0.68258      0.01826      0.00428     -0.00212
FE      0.81437      0.81289      0.31468     -0.00198      0.02692     -0.05115
FE      0.93888      0.93859      0.31720      0.10982      0.07644     -0.00723
FE      0.93734      0.81221      0.43668      0.02667      0.06644      0.05118
FE      0.81260      0.93693      0.43706      0.02841      0.07678     -0.10012
FE      0.81084      0.81224      0.56329      0.00694     -0.02580      0.00608
FE      0.93587      0.93682      0.56800      0.09771     -0.04237     -0.04825
FE      0.93410      0.81018      0.68538     -0.02499      0.05287      0.04185
FE      0.80949      0.93677      0.68464     -0.02338     -0.05428      0.12907
