/* Converted from PWscf output file */ 
#L_UNITS ang 
#E_UNITS eV 
#S_UNITS GPA 
#F_UNITS EV/ANG 
#ALAT 	  13.68133     // a0 
#X 	   1.00000    -0.00000    -0.00000     // X 
#Y 	  -0.00000     1.05618    -0.00010     // Y 
#Z 	  -0.00000    -0.00010     1.00037     // Z 
#SX 	  -0.02756     0.00000     0.00000     // SX 
#SY 	   0.00000     0.00831     0.00248     // SY 
#SZ 	   0.00000     0.00248    -0.03019     // SZ 
#EPA 	  -4.27829     // Energy per Atom 
#C 	1 1 1 
#W 	1.0 
#RCUT 	6.5        // Rcut 
RU      0.06247      0.06067      0.06437      0.00039     -0.00769      0.00668
FE      0.19105      0.18868      0.06519      0.01435      0.00638      0.00757
FE      0.19070      0.06220      0.19090      0.00878     -0.00022      0.01002
FE      0.06244      0.18885      0.18931     -0.00031      0.00786      0.01400
FE      0.06247      0.06233      0.31296     -0.00037     -0.00266      0.00799
FE      0.18801      0.18776      0.31302      0.00138     -0.00365      0.00078
FE      0.18766      0.06242      0.43750      0.00449     -0.00347      0.00182
FE      0.06248      0.18760      0.43756      0.00051      0.00006      0.00090
FE      0.06248      0.06240      0.56244      0.00051     -0.00006     -0.00090
FE      0.18766      0.18758      0.56250      0.00449      0.00347     -0.00182
FE      0.18801      0.06224      0.68698      0.00138      0.00365     -0.00078
FE      0.06247      0.18767      0.68704     -0.00037      0.00266     -0.00799
FE      0.06244      0.06115      0.81069     -0.00031     -0.00786     -0.01400
FE      0.19070      0.18780      0.80910      0.00878      0.00022     -0.01002
FE      0.19105      0.06132      0.93481      0.01435     -0.00638     -0.00757
RU      0.06247      0.18933      0.93563      0.00039      0.00769     -0.00668
FE      0.06248      0.31423      0.06373     -0.00048     -0.00247      0.00868
FE      0.18774      0.43782      0.06265     -0.00061     -0.00185     -0.00160
FE      0.18802      0.31296      0.18823     -0.00307     -0.00641     -0.00306
FE      0.06247      0.43793      0.18794      0.00013     -0.00350     -0.00229
FE      0.06249      0.31298      0.31294      0.00016     -0.00342     -0.00044
FE      0.18767      0.43778      0.31276      0.00197      0.00259      0.00012
FE      0.18766      0.31266      0.43768      0.00402      0.00415     -0.00004
FE      0.06248      0.43767      0.43759      0.00006      0.00463     -0.00028
FE      0.06248      0.31264      0.56243      0.00006      0.00482     -0.00160
FE      0.18766      0.43773      0.56228      0.00403      0.00628     -0.00013
FE      0.18806      0.31292      0.68673     -0.00036      0.00096      0.00214
FE      0.06248      0.43815      0.68690      0.00018     -0.00482      0.00375
FE      0.06247      0.31497      0.81031     -0.00025     -0.00178     -0.00690
FE      0.18784      0.43802      0.81212     -0.00169     -0.00271     -0.00063
FE      0.18888      0.31417      0.93728      0.00875      0.00246     -0.00125
FE      0.06247      0.43795      0.93751     -0.00013     -0.00107     -0.00232
FE      0.06248      0.56250      0.06250      0.00018      0.00184      0.00097
FE      0.18757      0.68749      0.06249      0.00230     -0.00161      0.00117
FE      0.18759      0.56261      0.18766      0.00205      0.00005      0.00163
FE      0.06248      0.68748      0.18758      0.00010     -0.00209      0.00272
FE      0.06248      0.56257      0.31258      0.00024      0.00056      0.00086
FE      0.18761      0.68736      0.31266      0.00262     -0.00156      0.00162
FE      0.18757      0.56253      0.43756      0.00387      0.00333     -0.00011
FE      0.06248      0.68739      0.43762      0.00020     -0.00068     -0.00041
FE      0.06248      0.56261      0.56238      0.00020      0.00068      0.00041
FE      0.18757      0.68747      0.56244      0.00387     -0.00333      0.00011
FE      0.18761      0.56264      0.68734      0.00262      0.00156     -0.00161
FE      0.06248      0.68743      0.68742      0.00024     -0.00056     -0.00086
FE      0.06248      0.56252      0.81242      0.00010      0.00209     -0.00272
FE      0.18759      0.68739      0.81234      0.00205     -0.00005     -0.00163
FE      0.18757      0.56251      0.93751      0.00230      0.00161     -0.00117
FE      0.06248      0.68750      0.93750      0.00018     -0.00184     -0.00097
FE      0.06247      0.81205      0.06249     -0.00013      0.00107      0.00232
FE      0.18888      0.93583      0.06272      0.00875     -0.00246      0.00125
FE      0.18784      0.81198      0.18788     -0.00168      0.00271      0.00062
FE      0.06247      0.93503      0.18969     -0.00025      0.00177      0.00690
FE      0.06248      0.81185      0.31310      0.00018      0.00482     -0.00375
FE      0.18806      0.93708      0.31327     -0.00036     -0.00096     -0.00214
FE      0.18766      0.81227      0.43772      0.00403     -0.00628      0.00013
FE      0.06248      0.93736      0.43757      0.00006     -0.00482      0.00160
FE      0.06248      0.81233      0.56241      0.00006     -0.00463      0.00028
FE      0.18766      0.93734      0.56232      0.00402     -0.00415      0.00004
FE      0.18767      0.81222      0.68724      0.00197     -0.00259     -0.00012
FE      0.06249      0.93702      0.68706      0.00016      0.00342      0.00044
FE      0.06247      0.81207      0.81206      0.00013      0.00350      0.00229
FE      0.18802      0.93704      0.81177     -0.00307      0.00641      0.00306
FE      0.18774      0.81218      0.93735     -0.00061      0.00185      0.00160
FE      0.06248      0.93577      0.93627     -0.00048      0.00247     -0.00868
FE      0.31332      0.06227      0.06281      0.00048      0.00088     -0.00019
FE      0.43751      0.18759      0.06257      0.00110     -0.00004      0.00114
FE      0.43776      0.06234      0.18785      0.00036     -0.00305      0.00274
FE      0.31420      0.18769      0.18912     -0.01395     -0.00340     -0.01304
FE      0.31418      0.06235      0.31419     -0.01094     -0.00322     -0.01317
FE      0.43826      0.18767      0.31319     -0.00588      0.00105     -0.00314
FE      0.43818      0.06238      0.43805     -0.00200     -0.00643     -0.00552
FE      0.31285      0.18767      0.43781      0.00657      0.00169     -0.00016
FE      0.31285      0.06233      0.56219      0.00657     -0.00169      0.00016
FE      0.43818      0.18762      0.56195     -0.00200      0.00643      0.00552
FE      0.43826      0.06233      0.68681     -0.00588     -0.00105      0.00314
FE      0.31418      0.18765      0.68581     -0.01094      0.00322      0.01316
FE      0.31420      0.06231      0.81088     -0.01395      0.00340      0.01304
FE      0.43776      0.18766      0.81215      0.00036      0.00305     -0.00274
FE      0.43751      0.06241      0.93743      0.00110      0.00004     -0.00114
FE      0.31332      0.18773      0.93719      0.00048     -0.00088      0.00019
FE      0.31330      0.31304      0.06284     -0.00643     -0.00665     -0.00111
FE      0.43774      0.43772      0.06257     -0.00144      0.00193      0.00099
FE      0.43793      0.31273      0.18786     -0.00276      0.00273      0.00136
FE      0.31272      0.43777      0.18769      0.00160      0.00300      0.00206
FE      0.31286      0.31273      0.31286      0.00270      0.00467      0.00038
FE      0.43761      0.43766      0.31255      0.00294      0.01042      0.00266
FE      0.43769      0.31265      0.43754      0.00472      0.01281     -0.00030
FE      0.31263      0.43768      0.43754      0.00583      0.00938     -0.00017
FE      0.31289      0.31274      0.56217      0.00525      0.00827      0.00132
FE      0.43760      0.43763      0.56243      0.00426      0.01245     -0.00258
FE      0.43787      0.31271      0.68721      0.00083      0.00902     -0.00281
FE      0.31267      0.43771      0.68735      0.00467      0.00759     -0.00319
FE      0.31314      0.31286      0.81198     -0.00131      0.00046     -0.00078
FE      0.43773      0.43771      0.81234      0.00075      0.00564     -0.00318
FE      0.43769      0.31268      0.93745     -0.00036      0.00186     -0.00133
FE      0.31304      0.43807      0.93746     -0.00301     -0.00521     -0.00142
FE      0.31264      0.56262      0.06254      0.00224      0.00015      0.00085
FE      0.43765      0.68743      0.06249     -0.00005     -0.00024      0.00105
FE      0.43761      0.56252      0.18758      0.00158      0.00286      0.00300
FE      0.31268      0.68735      0.18763      0.00236     -0.00085      0.00198
FE      0.31258      0.56252      0.31257      0.00415      0.00349      0.00191
FE      0.43759      0.68746      0.31254      0.00275     -0.00434      0.00365
FE      0.43757      0.56250      0.43754      0.00358      0.00440      0.00090
FE      0.31256      0.68747      0.43756      0.00495     -0.00421      0.00113
FE      0.31256      0.56253      0.56244      0.00495      0.00421     -0.00113
FE      0.43757      0.68750      0.56246      0.00358     -0.00440     -0.00090
FE      0.43759      0.56254      0.68746      0.00276      0.00434     -0.00365
FE      0.31258      0.68748      0.68743      0.00415     -0.00349     -0.00191
FE      0.31268      0.56265      0.81237      0.00236      0.00085     -0.00198
FE      0.43761      0.68748      0.81242      0.00158     -0.00286     -0.00300
FE      0.43765      0.56257      0.93751     -0.00005      0.00024     -0.00105
FE      0.31264      0.68738      0.93746      0.00224     -0.00015     -0.00085
FE      0.31304      0.81193      0.06254     -0.00301      0.00521      0.00142
FE      0.43769      0.93732      0.06255     -0.00036     -0.00186      0.00132
FE      0.43773      0.81229      0.18766      0.00075     -0.00564      0.00318
FE      0.31314      0.93714      0.18802     -0.00131     -0.00046      0.00078
FE      0.31267      0.81229      0.31265      0.00467     -0.00759      0.00319
FE      0.43787      0.93729      0.31279      0.00083     -0.00902      0.00281
FE      0.43760      0.81237      0.43757      0.00426     -0.01245      0.00258
FE      0.31289      0.93726      0.43783      0.00525     -0.00827     -0.00132
FE      0.31263      0.81232      0.56246      0.00583     -0.00938      0.00017
FE      0.43769      0.93735      0.56246      0.00472     -0.01281      0.00030
FE      0.43761      0.81234      0.68745      0.00294     -0.01042     -0.00266
FE      0.31286      0.93727      0.68714      0.00270     -0.00467     -0.00038
FE      0.31272      0.81223      0.81231      0.00160     -0.00300     -0.00206
FE      0.43793      0.93727      0.81214     -0.00276     -0.00273     -0.00136
FE      0.43774      0.81228      0.93743     -0.00144     -0.00193     -0.00099
FE      0.31330      0.93696      0.93716     -0.00643      0.00665      0.00111
FE      0.56249      0.06243      0.06250      0.00083     -0.00222      0.00232
FE      0.68753      0.18760      0.06258     -0.00069      0.00012      0.00195
FE      0.68729      0.06234      0.18786      0.00050     -0.00249      0.00339
FE      0.56248      0.18757      0.18765     -0.00010      0.00171      0.00537
FE      0.56248      0.06239      0.31268     -0.00005     -0.00578      0.00437
FE      0.68677      0.18766      0.31320      0.00551      0.00089     -0.00372
FE      0.68686      0.06239      0.43805      0.00081     -0.00599     -0.00601
FE      0.56248      0.18761      0.43759     -0.00016      0.00602     -0.00051
FE      0.56248      0.06239      0.56241     -0.00016     -0.00602      0.00051
FE      0.68686      0.18761      0.56195      0.00081      0.00599      0.00601
FE      0.68677      0.06234      0.68680      0.00551     -0.00089      0.00372
FE      0.56248      0.18761      0.68732     -0.00005      0.00578     -0.00437
FE      0.56248      0.06243      0.81235     -0.00010     -0.00171     -0.00537
FE      0.68729      0.18766      0.81214      0.00050      0.00249     -0.00339
FE      0.68753      0.06240      0.93742     -0.00069     -0.00012     -0.00195
FE      0.56249      0.18757      0.93750      0.00083      0.00222     -0.00233
FE      0.56248      0.31256      0.06252      0.00014      0.00479      0.00196
FE      0.68731      0.43772      0.06257      0.00126      0.00190      0.00111
FE      0.68711      0.31274      0.18786      0.00252      0.00269      0.00138
FE      0.56248      0.43767      0.18763     -0.00010      0.00818      0.00350
FE      0.56248      0.31267      0.31266      0.00030      0.01102      0.00331
FE      0.68744      0.43766      0.31255     -0.00304      0.01040      0.00294
FE      0.68736      0.31265      0.43754     -0.00543      0.01309     -0.00045
FE      0.56248      0.43761      0.43754     -0.00006      0.01286      0.00085
FE      0.56248      0.31263      0.56236     -0.00002      0.01399     -0.00329
FE      0.68745      0.43763      0.56243     -0.00409      0.01239     -0.00254
FE      0.68717      0.31271      0.68720     -0.00139      0.00897     -0.00322
FE      0.56248      0.43766      0.68740      0.00011      0.01052     -0.00456
FE      0.56248      0.31263      0.81236      0.00038      0.00734     -0.00326
FE      0.68732      0.43771      0.81234     -0.00060      0.00561     -0.00300
FE      0.68735      0.31269      0.93745      0.00028      0.00215     -0.00130
FE      0.56248      0.43762      0.93751     -0.00001      0.00588     -0.00103
FE      0.56248      0.56252      0.06250      0.00012      0.00266      0.00184
FE      0.68740      0.68743      0.06250     -0.00017     -0.00038      0.00114
FE      0.68744      0.56252      0.18758     -0.00169      0.00304      0.00299
FE      0.56248      0.68747      0.18756      0.00009     -0.00380      0.00319
FE      0.56248      0.56250      0.31252      0.00016      0.00427      0.00318
FE      0.68746      0.68746      0.31254     -0.00299     -0.00447      0.00375
FE      0.68748      0.56250      0.43754     -0.00368      0.00455      0.00086
FE      0.56248      0.68749      0.43754      0.00012     -0.00487      0.00201
FE      0.56248      0.56251      0.56246      0.00012      0.00488     -0.00201
FE      0.68748      0.68750      0.56246     -0.00368     -0.00455     -0.00085
FE      0.68746      0.56254      0.68746     -0.00299      0.00447     -0.00375
FE      0.56248      0.68750      0.68748      0.00016     -0.00427     -0.00318
FE      0.56248      0.56253      0.81244      0.00009      0.00380     -0.00319
FE      0.68744      0.68748      0.81242     -0.00169     -0.00304     -0.00299
FE      0.68740      0.56257      0.93750     -0.00017      0.00038     -0.00114
FE      0.56248      0.68748      0.93750      0.00012     -0.00266     -0.00184
FE      0.56248      0.81238      0.06249     -0.00001     -0.00588      0.00103
FE      0.68735      0.93731      0.06255      0.00028     -0.00215      0.00130
FE      0.68732      0.81229      0.18766     -0.00060     -0.00561      0.00300
FE      0.56248      0.93737      0.18764      0.00038     -0.00734      0.00326
FE      0.56248      0.81234      0.31260      0.00011     -0.01052      0.00456
FE      0.68717      0.93729      0.31280     -0.00139     -0.00897      0.00322
FE      0.68745      0.81237      0.43757     -0.00409     -0.01239      0.00254
FE      0.56248      0.93737      0.43764     -0.00002     -0.01399      0.00329
FE      0.56248      0.81239      0.56246     -0.00006     -0.01285     -0.00085
FE      0.68736      0.93735      0.56246     -0.00543     -0.01309      0.00045
FE      0.68744      0.81234      0.68745     -0.00303     -0.01040     -0.00293
FE      0.56248      0.93733      0.68734      0.00030     -0.01102     -0.00331
FE      0.56248      0.81233      0.81237     -0.00010     -0.00818     -0.00350
FE      0.68711      0.93726      0.81214      0.00252     -0.00269     -0.00138
FE      0.68731      0.81228      0.93743      0.00126     -0.00190     -0.00111
FE      0.56248      0.93744      0.93748      0.00014     -0.00479     -0.00196
FE      0.81162      0.06226      0.06280     -0.00077      0.00076     -0.00011
FE      0.93388      0.18868      0.06520     -0.01455      0.00653      0.00695
FE      0.93423      0.06219      0.19089     -0.00859     -0.00033      0.01024
FE      0.81082      0.18773      0.18914      0.01455     -0.00359     -0.01243
FE      0.81084      0.06234      0.31421      0.01165     -0.00304     -0.01202
FE      0.93701      0.18776      0.31305     -0.00170     -0.00361      0.00163
FE      0.93738      0.06242      0.43751     -0.00425     -0.00338      0.00261
FE      0.81210      0.18767      0.43781     -0.00703      0.00224      0.00030
FE      0.81210      0.06233      0.56219     -0.00703     -0.00224     -0.00030
FE      0.93738      0.18758      0.56249     -0.00425      0.00338     -0.00261
FE      0.93701      0.06224      0.68695     -0.00170      0.00360     -0.00162
FE      0.81084      0.18766      0.68579      0.01165      0.00304      0.01202
FE      0.81082      0.06227      0.81086      0.01455      0.00359      0.01243
FE      0.93423      0.18781      0.80911     -0.00859      0.00033     -0.01024
FE      0.93388      0.06132      0.93480     -0.01455     -0.00653     -0.00695
FE      0.81162      0.18774      0.93720     -0.00077     -0.00076      0.00011
FE      0.81168      0.31304      0.06284      0.00627     -0.00604     -0.00071
FE      0.93731      0.43782      0.06266      0.00030     -0.00153     -0.00138
FE      0.93701      0.31298      0.18823      0.00265     -0.00584     -0.00265
FE      0.81223      0.43778      0.18770     -0.00188      0.00355      0.00247
FE      0.81211      0.31273      0.31286     -0.00239      0.00474      0.00066
FE      0.93737      0.43778      0.31276     -0.00211      0.00271      0.00041
FE      0.93739      0.31266      0.43767     -0.00418      0.00444     -0.00029
FE      0.81234      0.43768      0.43755     -0.00576      0.00975      0.00010
FE      0.81208      0.31273      0.56216     -0.00482      0.00822      0.00072
FE      0.93740      0.43773      0.56228     -0.00383      0.00627     -0.00002
FE      0.93696      0.31294      0.68672     -0.00042      0.00137      0.00183
FE      0.81229      0.43772      0.68735     -0.00465      0.00801     -0.00319
FE      0.81181      0.31286      0.81197      0.00125      0.00060     -0.00109
FE      0.93721      0.43803      0.81213      0.00146     -0.00263     -0.00064
FE      0.93609      0.31417      0.93727     -0.00866      0.00306     -0.00111
FE      0.81192      0.43808      0.93747      0.00327     -0.00486     -0.00138
FE      0.81233      0.56262      0.06254     -0.00203      0.00021      0.00087
FE      0.93748      0.68749      0.06249     -0.00243     -0.00188      0.00125
FE      0.93746      0.56262      0.18766     -0.00210      0.00018      0.00164
FE      0.81228      0.68736      0.18763     -0.00216     -0.00078      0.00214
FE      0.81239      0.56252      0.31257     -0.00379      0.00344      0.00192
FE      0.93743      0.68736      0.31266     -0.00276     -0.00165      0.00173
FE      0.93748      0.56253      0.43756     -0.00386      0.00352     -0.00015
FE      0.81241      0.68747      0.43756     -0.00466     -0.00413      0.00127
FE      0.81241      0.56253      0.56244     -0.00466      0.00413     -0.00127
FE      0.93748      0.68747      0.56244     -0.00386     -0.00352      0.00015
FE      0.93743      0.56264      0.68734     -0.00276      0.00165     -0.00173
FE      0.81239      0.68748      0.68743     -0.00379     -0.00344     -0.00192
FE      0.81228      0.56264      0.81237     -0.00217      0.00078     -0.00214
FE      0.93746      0.68738      0.81234     -0.00210     -0.00018     -0.00164
FE      0.93748      0.56251      0.93751     -0.00243      0.00188     -0.00125
FE      0.81233      0.68738      0.93746     -0.00203     -0.00021     -0.00087
FE      0.81192      0.81192      0.06253      0.00327      0.00486      0.00138
FE      0.93609      0.93583      0.06273     -0.00866     -0.00306      0.00111
FE      0.93721      0.81197      0.18787      0.00145      0.00263      0.00064
FE      0.81181      0.93714      0.18803      0.00125     -0.00060      0.00109
FE      0.81229      0.81228      0.31265     -0.00465     -0.00801      0.00319
FE      0.93696      0.93706      0.31328     -0.00042     -0.00137     -0.00183
FE      0.93740      0.81227      0.43772     -0.00383     -0.00627      0.00002
FE      0.81208      0.93727      0.43784     -0.00482     -0.00822     -0.00072
FE      0.81234      0.81232      0.56245     -0.00576     -0.00975     -0.00009
FE      0.93739      0.93734      0.56233     -0.00419     -0.00444      0.00029
FE      0.93737      0.81222      0.68724     -0.00211     -0.00271     -0.00041
FE      0.81211      0.93727      0.68714     -0.00239     -0.00474     -0.00066
FE      0.81223      0.81222      0.81230     -0.00188     -0.00355     -0.00247
FE      0.93701      0.93702      0.81177      0.00265      0.00584      0.00265
FE      0.93731      0.81218      0.93734      0.00030      0.00153      0.00138
FE      0.81168      0.93696      0.93716      0.00627      0.00604      0.00071
