/* Converted from PWscf output file */ 
#L_UNITS ang 
#E_UNITS eV 
#S_UNITS GPA 
#F_UNITS EV/ANG 
#ALAT 	  13.67994     // a0 
#X 	   1.00000     0.00000     0.00000     // X 
#Y 	   0.00000     1.05163     0.00000     // Y 
#Z 	   0.00000     0.00000     1.00000     // Z 
#SX 	  -1.85401     0.00000    -0.00000     // SX 
#SY 	   0.00000    -1.19833     0.00000     // SY 
#SZ 	  -0.00000     0.00000    -2.11200     // SZ 
#EPA 	  -3.73540     // Energy per Atom 
#C 	1 1 1 
#W 	1.0 
#RCUT 	6.5        // Rcut 
FE      0.06249      0.06249      0.31476     -0.00015     -0.00965      0.00548
FE      0.18751      0.18751      0.31476      0.00053      0.00867     -0.00873
FE      0.18751      0.06249      0.43537     -0.00658     -0.00887      0.01209
FE      0.06249      0.18751      0.43537     -0.00079      0.00803     -0.00007
FE      0.06249      0.06249      0.56463     -0.00077      0.02770     -0.04021
FE      0.18751      0.18751      0.56463      0.00118      0.00479     -0.00658
FE      0.18751      0.06249      0.68524      0.01401      0.00241      0.02079
FE      0.06249      0.18751      0.68524     -0.00020      0.01213      0.00143
FE      0.06249      0.31249      0.31476     -0.00026     -0.00033      0.01188
FE      0.18751      0.43751      0.31476      0.00065     -0.00819     -0.00884
FE      0.18751      0.31249      0.43537     -0.00329     -0.00128      0.00657
FE      0.06249      0.43751      0.43537     -0.00082     -0.00563     -0.00001
FE      0.06249      0.31249      0.56463     -0.00083     -0.00130      0.00078
FE      0.18751      0.43751      0.56463      0.00113     -0.00243     -0.00646
FE      0.18751      0.31249      0.68524      0.00096     -0.00040      0.00038
FE      0.06249      0.43751      0.68524     -0.00022     -0.01168      0.00153
FE      0.06249      0.56249      0.31476     -0.00020      0.00889      0.00554
FE      0.18751      0.68751      0.31476      0.01319     -0.00436     -0.03033
FE      0.18751      0.56249      0.43537     -0.00655      0.00654      0.01213
FE      0.06249      0.68751      0.43537     -0.00082     -0.30883     -0.30257
FE      0.06249      0.56249      0.56463     -0.00078     -0.03005     -0.04029
FE      0.18751      0.68751      0.56463      0.37329     -0.40153     -0.01661
FE      0.18751      0.56249      0.68524      0.01406     -0.00322      0.02085
FE      0.06249      0.68751      0.68524     -0.00047     -0.37755      0.32654
FE      0.06249      0.81249      0.31476     -0.00032     -0.00054     -0.02933
FE      0.18751      0.93751      0.31476      0.01328      0.00490     -0.03047
FE      0.18751      0.81249      0.43537      0.53103     -0.00137     -0.47499
FE      0.06249      0.93751      0.43537     -0.00107      0.31124     -0.30209
RU      0.06249      0.81249      0.56463      0.00465      0.00525     -0.09582
FE      0.18751      0.93751      0.56463      0.37261      0.40373     -0.01647
FE      0.18751      0.81249      0.68524      0.70645     -0.00049      0.62589
FE      0.06249      0.93751      0.68524     -0.00068      0.37742      0.32605
FE      0.31249      0.06249      0.31476      0.00101     -0.00285      0.00406
FE      0.43751      0.18751      0.31476     -0.00154      0.00068     -0.00174
FE      0.43751      0.06249      0.43537     -0.00405     -0.00350      0.00909
FE      0.31249      0.18751      0.43537      0.00584      0.00396      0.00210
FE      0.31249      0.06249      0.56463      0.01871      0.02119     -0.01428
FE      0.43751      0.18751      0.56463     -0.00699     -0.00437     -0.00648
FE      0.43751      0.06249      0.68524     -0.00021     -0.00486      0.00212
FE      0.31249      0.18751      0.68524      0.00414      0.00691     -0.00343
FE      0.31249      0.31249      0.31476      0.00066     -0.00030      0.00413
FE      0.43751      0.43751      0.31476     -0.00156     -0.00011     -0.00178
FE      0.43751      0.31249      0.43537      0.00033     -0.00128      0.00549
FE      0.31249      0.43751      0.43537      0.00591     -0.00153      0.00217
FE      0.31249      0.31249      0.56463     -0.00194     -0.00127     -0.00187
FE      0.43751      0.43751      0.56463     -0.00708      0.00676     -0.00651
FE      0.43751      0.31249      0.68524      0.00334     -0.00035      0.00347
FE      0.31249      0.43751      0.68524      0.00411     -0.00632     -0.00322
FE      0.31249      0.56249      0.31476      0.00110      0.00219      0.00436
FE      0.43751      0.68751      0.31476      0.00271     -0.00264     -0.00506
FE      0.43751      0.56249      0.43537     -0.00409      0.00100      0.00907
FE      0.31249      0.68751      0.43537      0.01715     -0.00020     -0.00274
FE      0.31249      0.56249      0.56463      0.01876     -0.02384     -0.01421
FE      0.43751      0.68751      0.56463     -0.00511      0.00343     -0.00570
FE      0.43751      0.56249      0.68524     -0.00025      0.00420      0.00227
FE      0.31249      0.68751      0.68524      0.02792     -0.00507      0.00040
FE      0.31249      0.81249      0.31476      0.01596     -0.00039     -0.03736
FE      0.43751      0.93751      0.31476      0.00279      0.00321     -0.00509
FE      0.43751      0.81249      0.43537     -0.00990     -0.00129      0.01378
FE      0.31249      0.93751      0.43537      0.01715      0.00265     -0.00259
FE      0.31249      0.81249      0.56463      0.03053     -0.00133      0.01990
FE      0.43751      0.93751      0.56463     -0.00514     -0.00096     -0.00565
FE      0.43751      0.81249      0.68524     -0.01185     -0.00030      0.00618
FE      0.31249      0.93751      0.68524      0.02793      0.00566      0.00036
FE      0.56249      0.06249      0.31476     -0.00021     -0.00073      0.00053
FE      0.68751      0.18751      0.31476      0.00199      0.00071     -0.00181
FE      0.68751      0.06249      0.43537      0.00565     -0.00354      0.00895
FE      0.56249      0.18751      0.43537     -0.00082      0.00101      0.00276
FE      0.56249      0.06249      0.56463     -0.00074     -0.00316     -0.00315
FE      0.68751      0.18751      0.56463      0.00855     -0.00436     -0.00643
FE      0.68751      0.06249      0.68524      0.00065     -0.00485      0.00209
FE      0.56249      0.18751      0.68524     -0.00024      0.00007      0.00091
FE      0.56249      0.31249      0.31476     -0.00029     -0.00026      0.00189
FE      0.68751      0.43751      0.31476      0.00194     -0.00019     -0.00191
FE      0.68751      0.31249      0.43537      0.00117     -0.00130      0.00535
FE      0.56249      0.43751      0.43537     -0.00087      0.00147      0.00269
FE      0.56249      0.31249      0.56463     -0.00080     -0.00127     -0.00631
FE      0.68751      0.43751      0.56463      0.00861      0.00672     -0.00654
FE      0.68751      0.31249      0.68524     -0.00290     -0.00027      0.00342
FE      0.56249      0.43751      0.68524     -0.00021      0.00034      0.00093
FE      0.56249      0.56249      0.31476     -0.00030     -0.00003      0.00042
FE      0.68751      0.68751      0.31476     -0.00239     -0.00276     -0.00503
FE      0.68751      0.56249      0.43537      0.00571      0.00106      0.00913
FE      0.56249      0.68751      0.43537     -0.00083      0.00257      0.00355
FE      0.56249      0.56249      0.56463     -0.00084      0.00064     -0.00316
FE      0.68751      0.68751      0.56463      0.00663      0.00341     -0.00571
FE      0.68751      0.56249      0.68524      0.00063      0.00415      0.00207
FE      0.56249      0.68751      0.68524     -0.00021      0.00196     -0.00443
FE      0.56249      0.81249      0.31476     -0.00027     -0.00038      0.00693
FE      0.68751      0.93751      0.31476     -0.00241      0.00314     -0.00510
FE      0.68751      0.81249      0.43537      0.01146     -0.00130      0.01377
FE      0.56249      0.93751      0.43537     -0.00082     -0.00018      0.00369
FE      0.56249      0.81249      0.56463     -0.00082     -0.00122     -0.01245
FE      0.68751      0.93751      0.56463      0.00666     -0.00097     -0.00570
FE      0.68751      0.81249      0.68524      0.01230     -0.00036      0.00611
FE      0.56249      0.93751      0.68524     -0.00016     -0.00139     -0.00448
FE      0.81249      0.06249      0.31476     -0.00143     -0.00285      0.00418
FE      0.93751      0.18751      0.31476     -0.00023      0.00874     -0.00890
FE      0.93751      0.06249      0.43537      0.00810     -0.00894      0.01222
FE      0.81249      0.18751      0.43537     -0.00749      0.00391      0.00203
FE      0.81249      0.06249      0.56463     -0.02036      0.02129     -0.01429
FE      0.93751      0.18751      0.56463      0.00046      0.00476     -0.00649
FE      0.93751      0.06249      0.68524     -0.01374      0.00229      0.02094
FE      0.81249      0.18751      0.68524     -0.00450      0.00682     -0.00321
FE      0.81249      0.31249      0.31476     -0.00106     -0.00035      0.00409
FE      0.93751      0.43751      0.31476     -0.00025     -0.00819     -0.00878
FE      0.93751      0.31249      0.43537      0.00491     -0.00121      0.00657
FE      0.81249      0.43751      0.43537     -0.00748     -0.00153      0.00218
FE      0.81249      0.31249      0.56463      0.00038     -0.00130     -0.00188
FE      0.93751      0.43751      0.56463      0.00042     -0.00241     -0.00647
FE      0.93751      0.31249      0.68524     -0.00056     -0.00037      0.00038
FE      0.81249      0.43751      0.68524     -0.00459     -0.00630     -0.00333
FE      0.81249      0.56249      0.31476     -0.00147      0.00218      0.00419
FE      0.93751      0.68751      0.31476     -0.01290     -0.00455     -0.03038
FE      0.93751      0.56249      0.43537      0.00814      0.00650      0.01216
FE      0.81249      0.68751      0.43537     -0.01880     -0.00030     -0.00277
FE      0.81249      0.56249      0.56463     -0.02040     -0.02383     -0.01415
FE      0.93751      0.68751      0.56463     -0.37233     -0.40249     -0.01682
FE      0.93751      0.56249      0.68524     -0.01377     -0.00306      0.02091
FE      0.81249      0.68751      0.68524     -0.02850     -0.00509      0.00058
FE      0.81249      0.81249      0.31476     -0.01650     -0.00029     -0.03744
FE      0.93751      0.93751      0.31476     -0.01282      0.00498     -0.03048
FE      0.93751      0.81249      0.43537     -0.52993     -0.00118     -0.47576
FE      0.81249      0.93751      0.43537     -0.01874      0.00264     -0.00250
FE      0.81249      0.81249      0.56463     -0.03246     -0.00136      0.01992
FE      0.93751      0.93751      0.56463     -0.37127      0.40432     -0.01660
FE      0.93751      0.81249      0.68524     -0.70682     -0.00022      0.62711
FE      0.81249      0.93751      0.68524     -0.02837      0.00561      0.00052
