/* Converted from PWscf output file */ 
#L_UNITS ang 
#E_UNITS eV 
#S_UNITS GPA 
#F_UNITS EV/ANG 
#ALAT 	   7.00085     // a0 
#X 	   1.00000     0.00006    -0.00000     // X 
#Y 	   0.00006     1.04731     0.00006     // Y 
#Z 	  -0.00000     0.00006     1.00000     // Z 
#SX 	  -2.07845    -0.01983    -0.02202     // SX 
#SY 	  -0.01983    -1.62126    -0.01983     // SY 
#SZ 	  -0.02202    -0.01983    -2.07845     // SZ 
#EPA 	  -4.52541     // Energy per Atom 
#C 	1 1 1 
#W 	20.0 
#RCUT 	6.5        // Rcut 
RU     -0.00555     -0.00401     -0.00555     -0.49307     -0.36025     -0.49307
RU      0.25671      0.25571     -0.00524      0.06919     -0.04903     -0.42955
RU      0.25731     -0.00347      0.25731     -0.05528     -0.30309     -0.05528
RU     -0.00524      0.25571      0.25671     -0.42955     -0.04903      0.06919
FE     -0.00274     -0.00128      0.50341     -0.29034     -0.13647      0.32070
FE      0.25318      0.25223      0.50355      0.28147      0.12116      0.30471
FE      0.25588     -0.00103      0.74369     -0.14468     -0.12256      0.14006
FE     -0.00231      0.25396      0.74437     -0.26308     -0.17633      0.00370
FE     -0.00127      0.50238     -0.00127     -0.11362      0.23208     -0.11362
FE      0.25388      0.74506     -0.00109     -0.17395      0.09508     -0.10641
FE      0.25188      0.50236      0.25188      0.08401      0.21360      0.08401
FE     -0.00109      0.74506      0.25388     -0.10641      0.09508     -0.17395
FE     -0.00040      0.50179      0.50167     -0.05827      0.20577      0.15717
FE      0.25068      0.74748      0.50145      0.03982     -0.17840      0.14217
FE      0.25100      0.50159      0.74796      0.03501      0.19893     -0.11894
FE     -0.00032      0.74584      0.74610     -0.05289      0.13889      0.16917
FE      0.50341     -0.00128     -0.00274      0.32070     -0.13647     -0.29034
FE      0.74437      0.25396     -0.00231      0.00370     -0.17633     -0.26308
FE      0.74369     -0.00103      0.25588      0.14006     -0.12256     -0.14468
FE      0.50355      0.25223      0.25318      0.30471      0.12116      0.28147
FE      0.50323     -0.00004      0.50323      0.32836     -0.02480      0.32836
FE      0.74675      0.25099      0.50291     -0.31342      0.01767      0.32752
FE      0.74424     -0.00004      0.74424      0.15701     -0.02609      0.15701
FE      0.50291      0.25099      0.74675      0.32752      0.01767     -0.31342
FE      0.50167      0.50179     -0.00040      0.15717      0.20577     -0.05827
FE      0.74610      0.74584     -0.00032      0.16917      0.13889     -0.05289
FE      0.74796      0.50159      0.25100     -0.11894      0.19893      0.03501
FE      0.50145      0.74748      0.25068      0.14217     -0.17840      0.03982
FE      0.50038      0.50008      0.50038      0.06012      0.03830      0.06012
FE      0.74931      0.74898      0.50037     -0.03760     -0.02106      0.06158
FE      0.74899      0.50010      0.74899     -0.03068      0.04297     -0.03068
FE      0.50037      0.74898      0.74931      0.06158     -0.02106     -0.03760
