/* Converted from PWscf output file */ 
#L_UNITS ang 
#E_UNITS eV 
#S_UNITS GPA 
#F_UNITS EV/ANG 
#ALAT 	  13.69684     // a0 
#X 	   1.00000     0.00000    -0.00000     // X 
#Y 	   0.00000     1.05278    -0.00009     // Y 
#Z 	  -0.00000    -0.00009     1.00009     // Z 
#SX 	  -0.32011    -0.00000     0.00000     // SX 
#SY 	  -0.00000     0.39682    -0.01196     // SY 
#SZ 	   0.00000    -0.01196    -0.28219     // SZ 
#EPA 	  -4.27755     // Energy per Atom 
#C 	1 1 1 
#W 	1.0 
#RCUT 	6.5        // Rcut 
RU      0.06250      0.06052      0.06437      0.00042     -0.28434      0.23106
FE      0.19059      0.18864      0.06458      0.48695      0.18737      0.33730
FE      0.18976      0.06244      0.18983      0.39624     -0.01745      0.40790
FE      0.06248      0.18870      0.18887     -0.00444      0.21175      0.22466
FE      0.06248      0.06247      0.31273     -0.00267     -0.00673      0.04672
FE      0.18759      0.18754      0.31255      0.02238      0.01387      0.01718
FE      0.18750      0.06248      0.43745      0.00256     -0.00361     -0.00868
FE      0.06248      0.18752      0.43749     -0.00270      0.00497     -0.00046
FE      0.06248      0.06248      0.56251     -0.00270     -0.00498      0.00045
FE      0.18750      0.18752      0.56255      0.00256      0.00361      0.00868
FE      0.18759      0.06246      0.68745      0.02238     -0.01387     -0.01717
FE      0.06248      0.18753      0.68727     -0.00267      0.00673     -0.04672
FE      0.06248      0.06130      0.81113     -0.00444     -0.21176     -0.22465
FE      0.18976      0.18756      0.81017      0.39625      0.01744     -0.40790
FE      0.19059      0.06136      0.93542      0.48695     -0.18737     -0.33730
RU      0.06250      0.18948      0.93563      0.00042      0.28435     -0.23105
FE      0.06249      0.31375      0.06358     -0.00173      0.22163      0.17726
FE      0.18752      0.43754      0.06251      0.00799      0.01156      0.00474
FE      0.18761      0.31253      0.18768      0.02758      0.01593      0.04198
FE      0.06248      0.43759      0.18758     -0.00279      0.02393      0.02155
FE      0.06248      0.31258      0.31255     -0.00267      0.02306      0.01640
FE      0.18753      0.43754      0.31251      0.00570      0.00930      0.00514
FE      0.18752      0.31247      0.43751      0.00361     -0.00274      0.00466
FE      0.06248      0.43750      0.43750     -0.00268      0.00054      0.00071
FE      0.06248      0.31248      0.56250     -0.00271     -0.00207     -0.00126
FE      0.18752      0.43751      0.56249      0.00401      0.00344     -0.00461
FE      0.18761      0.31251      0.68738      0.02524      0.00896     -0.03314
FE      0.06248      0.43759      0.68744     -0.00273      0.02750     -0.02021
FE      0.06249      0.31402      0.81105     -0.00251      0.29079     -0.25742
FE      0.18756      0.43758      0.81242      0.01450      0.02105     -0.01793
FE      0.18863      0.31369      0.93748      0.19125      0.21576     -0.00701
FE      0.06248      0.43760      0.93753     -0.00274      0.02485      0.00580
FE      0.06248      0.56247      0.06246     -0.00272     -0.00594     -0.00597
FE      0.18749      0.68752      0.06248     -0.00071      0.00475     -0.00301
FE      0.18752      0.56250      0.18754      0.00327      0.00161      0.00797
FE      0.06248      0.68752      0.18749     -0.00270      0.00407     -0.00016
FE      0.06248      0.56247      0.31246     -0.00273     -0.00542     -0.00518
FE      0.18753      0.68750      0.31251      0.00484     -0.00169      0.00332
FE      0.18752      0.56248      0.43751      0.00325     -0.00383      0.00289
FE      0.06248      0.68754      0.43749     -0.00269      0.00570      0.00029
FE      0.06248      0.56246      0.56251     -0.00268     -0.00570     -0.00028
FE      0.18752      0.68752      0.56249      0.00324      0.00383     -0.00289
FE      0.18753      0.56250      0.68749      0.00480      0.00169     -0.00335
FE      0.06248      0.68753      0.68754     -0.00274      0.00543      0.00520
FE      0.06248      0.56248      0.81251     -0.00270     -0.00407      0.00015
FE      0.18752      0.68750      0.81246      0.00327     -0.00161     -0.00797
FE      0.18749      0.56248      0.93752     -0.00072     -0.00475      0.00300
FE      0.06248      0.68753      0.93754     -0.00272      0.00594      0.00596
FE      0.06248      0.81240      0.06247     -0.00273     -0.02485     -0.00580
FE      0.18863      0.93631      0.06252      0.19125     -0.21576      0.00700
FE      0.18756      0.81242      0.18758      0.01449     -0.02106      0.01794
FE      0.06249      0.93598      0.18895     -0.00252     -0.29078      0.25742
FE      0.06248      0.81241      0.31256     -0.00274     -0.02749      0.02021
FE      0.18761      0.93749      0.31262      0.02524     -0.00895      0.03314
FE      0.18752      0.81249      0.43751      0.00400     -0.00344      0.00460
FE      0.06248      0.93752      0.43750     -0.00271      0.00208      0.00126
FE      0.06248      0.81250      0.56250     -0.00268     -0.00054     -0.00071
FE      0.18752      0.93753      0.56249      0.00361      0.00275     -0.00466
FE      0.18753      0.81246      0.68749      0.00570     -0.00930     -0.00513
FE      0.06248      0.93742      0.68745     -0.00267     -0.02307     -0.01639
FE      0.06248      0.81241      0.81242     -0.00278     -0.02394     -0.02156
FE      0.18761      0.93747      0.81232      0.02758     -0.01593     -0.04199
FE      0.18752      0.81246      0.93749      0.00799     -0.01156     -0.00475
FE      0.06249      0.93625      0.93642     -0.00173     -0.22163     -0.17726
FE      0.31288      0.06246      0.06256      0.07392     -0.01192      0.01452
FE      0.43742      0.18752      0.06247     -0.01197      0.00452     -0.00306
FE      0.43746      0.06247      0.18753     -0.00243     -0.00581      0.00998
FE      0.31292      0.18754      0.18790      0.09719      0.01125      0.09387
FE      0.31285      0.06248      0.31283      0.08615     -0.00522      0.08430
FE      0.43753      0.18753      0.31252      0.01645      0.00572      0.01175
FE      0.43751      0.06249      0.43752      0.00837     -0.00195      0.00984
FE      0.31252      0.18753      0.43753      0.00526      0.00542      0.00864
FE      0.31252      0.06247      0.56247      0.00526     -0.00542     -0.00865
FE      0.43751      0.18751      0.56248      0.00837      0.00194     -0.00984
FE      0.43753      0.06247      0.68748      0.01645     -0.00572     -0.01175
FE      0.31285      0.18752      0.68717      0.08615      0.00522     -0.08429
FE      0.31292      0.06246      0.81210      0.09718     -0.01125     -0.09388
FE      0.43746      0.18753      0.81247     -0.00243      0.00582     -0.00999
FE      0.43742      0.06248      0.93753     -0.01197     -0.00452      0.00306
FE      0.31288      0.18754      0.93744      0.07391      0.01193     -0.01452
FE      0.31269      0.31258      0.06256      0.04518      0.02621      0.01508
FE      0.43749      0.43750      0.06249      0.00213      0.00164     -0.00183
FE      0.43753      0.31248      0.18755      0.01068     -0.00052      0.01116
FE      0.31252      0.43754      0.18753      0.00526      0.00916      0.00598
FE      0.31252      0.31249      0.31250      0.00628     -0.00094      0.00464
FE      0.43751      0.43753      0.31248      0.00182      0.00454     -0.00354
FE      0.43750      0.31248      0.43751      0.00037     -0.00451      0.00181
FE      0.31248      0.43751      0.43751     -0.00271      0.00276      0.00278
FE      0.31251      0.31248      0.56248      0.00398     -0.00246     -0.00825
FE      0.43751      0.43752      0.56249      0.00136      0.00305     -0.00179
FE      0.43752      0.31249      0.68750      0.00772     -0.00056     -0.00306
FE      0.31250      0.43752      0.68751     -0.00012      0.00449      0.00086
FE      0.31263      0.31251      0.81240      0.03048      0.00712     -0.02312
FE      0.43751      0.43751      0.81248      0.00426      0.00408     -0.00453
FE      0.43750      0.31248      0.93751      0.00297     -0.00068      0.00141
FE      0.31261      0.43764      0.93751      0.02744      0.03427      0.00160
FE      0.31251      0.56250      0.06249      0.00325      0.00204     -0.00137
FE      0.43749      0.68754      0.06249      0.00042      0.00571     -0.00259
FE      0.43751      0.56248      0.18752      0.00292     -0.00311      0.00365
FE      0.31251      0.68750      0.18752      0.00353     -0.00213      0.00419
FE      0.31249      0.56248      0.31248     -0.00232     -0.00286     -0.00257
FE      0.43751      0.68752      0.31249      0.00249      0.00316     -0.00280
FE      0.43751      0.56248      0.43751      0.00201     -0.00442      0.00249
FE      0.31249      0.68752      0.43751     -0.00137      0.00306      0.00262
FE      0.31249      0.56248      0.56249     -0.00137     -0.00305     -0.00261
FE      0.43751      0.68752      0.56249      0.00200      0.00442     -0.00249
FE      0.43751      0.56248      0.68751      0.00248     -0.00316      0.00281
FE      0.31249      0.68752      0.68752     -0.00231      0.00287      0.00258
FE      0.31251      0.56250      0.81248      0.00354      0.00213     -0.00418
FE      0.43751      0.68752      0.81248      0.00292      0.00311     -0.00365
FE      0.43749      0.56246      0.93751      0.00042     -0.00571      0.00259
FE      0.31251      0.68750      0.93751      0.00324     -0.00204      0.00136
FE      0.31261      0.81236      0.06249      0.02745     -0.03427     -0.00160
FE      0.43750      0.93752      0.06249      0.00297      0.00068     -0.00141
FE      0.43751      0.81249      0.18752      0.00424     -0.00407      0.00452
FE      0.31263      0.93749      0.18760      0.03049     -0.00712      0.02312
FE      0.31250      0.81248      0.31249     -0.00013     -0.00449     -0.00086
FE      0.43752      0.93751      0.31250      0.00772      0.00057      0.00306
FE      0.43751      0.81248      0.43751      0.00136     -0.00306      0.00180
FE      0.31251      0.93752      0.43752      0.00399      0.00247      0.00826
FE      0.31248      0.81249      0.56249     -0.00271     -0.00276     -0.00278
FE      0.43750      0.93752      0.56249      0.00037      0.00452     -0.00180
FE      0.43751      0.81247      0.68752      0.00182     -0.00454      0.00355
FE      0.31252      0.93751      0.68750      0.00628      0.00094     -0.00463
FE      0.31252      0.81246      0.81247      0.00525     -0.00916     -0.00599
FE      0.43753      0.93752      0.81245      0.01068      0.00052     -0.01116
FE      0.43749      0.81250      0.93751      0.00213     -0.00163      0.00182
FE      0.31269      0.93742      0.93744      0.04518     -0.02622     -0.01508
FE      0.56248      0.06248      0.06248     -0.00270     -0.00401     -0.00294
FE      0.68761      0.18752      0.06247      0.01777      0.00461     -0.00314
FE      0.68757      0.06247      0.18753      0.00822     -0.00589      0.01004
FE      0.56248      0.18752      0.18752     -0.00271      0.00389      0.00380
FE      0.56248      0.06249      0.31249     -0.00271     -0.00189     -0.00283
FE      0.68750      0.18753      0.31252     -0.01067      0.00575      0.01174
FE      0.68752      0.06249      0.43752     -0.00262     -0.00197      0.00987
FE      0.56248      0.18751      0.43751     -0.00270      0.00204      0.00050
FE      0.56248      0.06249      0.56249     -0.00270     -0.00204     -0.00050
FE      0.68752      0.18751      0.56248     -0.00262      0.00197     -0.00987
FE      0.68750      0.06247      0.68748     -0.01067     -0.00575     -0.01173
FE      0.56248      0.18751      0.68751     -0.00271      0.00189      0.00283
FE      0.56248      0.06248      0.81248     -0.00271     -0.00389     -0.00380
FE      0.68757      0.18753      0.81247      0.00822      0.00589     -0.01005
FE      0.68761      0.06248      0.93753      0.01776     -0.00461      0.00314
FE      0.56248      0.18752      0.93752     -0.00270      0.00402      0.00294
FE      0.56248      0.31248      0.06248     -0.00271     -0.00401     -0.00342
FE      0.68754      0.43750      0.06249      0.00360      0.00166     -0.00185
FE      0.68750      0.31248      0.18755     -0.00488     -0.00053      0.01117
FE      0.56248      0.43751      0.18751     -0.00270      0.00223      0.00227
FE      0.56248      0.31247      0.31248     -0.00270     -0.00629     -0.00474
FE      0.68752      0.43753      0.31248      0.00396      0.00455     -0.00355
FE      0.68753      0.31248      0.43751      0.00539     -0.00453      0.00181
FE      0.56248      0.43753      0.43751     -0.00271      0.00514      0.00217
FE      0.56248      0.31248      0.56249     -0.00269     -0.00264     -0.00121
FE      0.68753      0.43752      0.56249      0.00441      0.00307     -0.00180
FE      0.68751      0.31249      0.68750     -0.00196     -0.00058     -0.00305
FE      0.56248      0.43751      0.68752     -0.00271      0.00147      0.00370
FE      0.56248      0.31248      0.81249     -0.00270     -0.00429     -0.00192
FE      0.68752      0.43751      0.81248      0.00151      0.00409     -0.00454
FE      0.68753      0.31248      0.93751      0.00282     -0.00071      0.00143
FE      0.56248      0.43752      0.93752     -0.00271      0.00232      0.00321
FE      0.56248      0.56248      0.06249     -0.00270     -0.00343     -0.00289
FE      0.68754      0.68754      0.06249      0.00537      0.00574     -0.00260
FE      0.68752      0.56248      0.18752      0.00286     -0.00312      0.00365
FE      0.56248      0.68752      0.18752     -0.00269      0.00384      0.00360
FE      0.56248      0.56248      0.31249     -0.00270     -0.00451     -0.00226
FE      0.68752      0.68752      0.31249      0.00328      0.00317     -0.00282
FE      0.68752      0.56248      0.43751      0.00379     -0.00441      0.00249
FE      0.56248      0.68752      0.43751     -0.00270      0.00434      0.00220
FE      0.56248      0.56248      0.56249     -0.00270     -0.00434     -0.00220
FE      0.68752      0.68752      0.56249      0.00377      0.00443     -0.00250
FE      0.68752      0.56248      0.68751      0.00329     -0.00316      0.00282
FE      0.56248      0.68752      0.68751     -0.00270      0.00451      0.00227
FE      0.56248      0.56248      0.81248     -0.00271     -0.00384     -0.00360
FE      0.68752      0.68752      0.81248      0.00286      0.00312     -0.00366
FE      0.68754      0.56246      0.93751      0.00537     -0.00574      0.00261
FE      0.56248      0.68752      0.93751     -0.00270      0.00343      0.00289
FE      0.56248      0.81248      0.06248     -0.00270     -0.00232     -0.00322
FE      0.68753      0.93752      0.06249      0.00282      0.00071     -0.00143
FE      0.68752      0.81249      0.18752      0.00151     -0.00409      0.00454
FE      0.56248      0.93752      0.18751     -0.00270      0.00429      0.00192
FE      0.56248      0.81249      0.31248     -0.00270     -0.00147     -0.00370
FE      0.68751      0.93751      0.31250     -0.00196      0.00057      0.00305
FE      0.68753      0.81248      0.43751      0.00441     -0.00307      0.00181
FE      0.56248      0.93752      0.43751     -0.00269      0.00265      0.00121
FE      0.56248      0.81247      0.56249     -0.00270     -0.00515     -0.00218
FE      0.68753      0.93752      0.56249      0.00539      0.00453     -0.00182
FE      0.68752      0.81247      0.68752      0.00396     -0.00455      0.00355
FE      0.56248      0.93753      0.68752     -0.00271      0.00630      0.00475
FE      0.56248      0.81249      0.81249     -0.00270     -0.00222     -0.00227
FE      0.68750      0.93752      0.81245     -0.00488      0.00053     -0.01117
FE      0.68754      0.81250      0.93751      0.00359     -0.00167      0.00185
FE      0.56248      0.93752      0.93752     -0.00271      0.00400      0.00342
FE      0.81209      0.06246      0.06256     -0.07946     -0.01235      0.01417
FE      0.93442      0.18863      0.06458     -0.48935      0.18615      0.33842
FE      0.93526      0.06244      0.18983     -0.39375     -0.01476      0.40729
FE      0.81205      0.18754      0.18790     -0.10285      0.01163      0.09415
FE      0.81212      0.06248      0.31283     -0.09120     -0.00549      0.08395
FE      0.93744      0.18754      0.31255     -0.01669      0.01387      0.01734
FE      0.93753      0.06248      0.43745      0.00314     -0.00363     -0.00866
FE      0.81245      0.18753      0.43753     -0.01066      0.00543      0.00866
FE      0.81245      0.06247      0.56247     -0.01067     -0.00543     -0.00866
FE      0.93753      0.18752      0.56255      0.00314      0.00363      0.00866
FE      0.93744      0.06246      0.68745     -0.01669     -0.01387     -0.01734
FE      0.81212      0.18752      0.68717     -0.09120      0.00549     -0.08394
FE      0.81205      0.06246      0.81210     -0.10285     -0.01163     -0.09416
FE      0.93526      0.18756      0.81017     -0.39376      0.01476     -0.40729
FE      0.93442      0.06137      0.93542     -0.48935     -0.18615     -0.33843
FE      0.81209      0.18754      0.93744     -0.07945      0.01235     -0.01416
FE      0.81228      0.31258      0.06256     -0.05045      0.02600      0.01490
FE      0.93751      0.43754      0.06251     -0.00225      0.01157      0.00478
FE      0.93742      0.31253      0.18768     -0.02177      0.01608      0.04196
FE      0.81245      0.43754      0.18753     -0.01069      0.00919      0.00600
FE      0.81245      0.31249      0.31250     -0.01167     -0.00096      0.00461
FE      0.93750      0.43754      0.31251      0.00005      0.00928      0.00516
FE      0.93751      0.31247      0.43751      0.00217     -0.00275      0.00466
FE      0.81248      0.43751      0.43751     -0.00268      0.00275      0.00278
FE      0.81246      0.31248      0.56248     -0.00937     -0.00248     -0.00825
FE      0.93751      0.43751      0.56249      0.00174      0.00343     -0.00459
FE      0.93742      0.31251      0.68737     -0.01958      0.00903     -0.03322
FE      0.81247      0.43752      0.68751     -0.00526      0.00450      0.00088
FE      0.81234      0.31251      0.81240     -0.03593      0.00696     -0.02322
FE      0.93747      0.43758      0.81242     -0.00870      0.02105     -0.01796
FE      0.93639      0.31369      0.93748     -0.18798      0.21676     -0.00788
FE      0.81236      0.43764      0.93751     -0.03295      0.03436      0.00168
FE      0.81246      0.56250      0.06249     -0.00862      0.00202     -0.00138
FE      0.93754      0.68752      0.06248      0.00650      0.00477     -0.00303
FE      0.93751      0.56250      0.18754      0.00249      0.00162      0.00798
FE      0.81246      0.68750      0.18752     -0.00892     -0.00211      0.00419
FE      0.81248      0.56248      0.31248     -0.00308     -0.00287     -0.00258
FE      0.93750      0.68750      0.31251      0.00090     -0.00171      0.00333
FE      0.93751      0.56248      0.43751      0.00252     -0.00382      0.00289
FE      0.81248      0.68752      0.43751     -0.00402      0.00306      0.00262
FE      0.81248      0.56248      0.56249     -0.00402     -0.00306     -0.00263
FE      0.93751      0.68752      0.56249      0.00252      0.00382     -0.00288
FE      0.93750      0.56250      0.68749      0.00091      0.00171     -0.00332
FE      0.81248      0.68752      0.68752     -0.00308      0.00286      0.00259
FE      0.81246      0.56250      0.81248     -0.00891      0.00211     -0.00420
FE      0.93751      0.68750      0.81246      0.00249     -0.00162     -0.00798
FE      0.93754      0.56248      0.93752      0.00650     -0.00477      0.00303
FE      0.81246      0.68750      0.93751     -0.00862     -0.00202      0.00138
FE      0.81236      0.81236      0.06249     -0.03296     -0.03436     -0.00168
FE      0.93639      0.93631      0.06252     -0.18798     -0.21677      0.00788
FE      0.93747      0.81242      0.18758     -0.00868     -0.02103      0.01797
FE      0.81234      0.93749      0.18760     -0.03593     -0.00696      0.02322
FE      0.81247      0.81248      0.31249     -0.00527     -0.00450     -0.00086
FE      0.93742      0.93749      0.31263     -0.01958     -0.00904      0.03321
FE      0.93751      0.81249      0.43751      0.00174     -0.00343      0.00459
FE      0.81246      0.93752      0.43752     -0.00938      0.00248      0.00825
FE      0.81248      0.81249      0.56249     -0.00269     -0.00275     -0.00279
FE      0.93751      0.93753      0.56249      0.00217      0.00275     -0.00466
FE      0.93750      0.81246      0.68749      0.00006     -0.00928     -0.00515
FE      0.81245      0.93751      0.68750     -0.01167      0.00096     -0.00460
FE      0.81245      0.81246      0.81247     -0.01069     -0.00919     -0.00600
FE      0.93742      0.93747      0.81232     -0.02177     -0.01608     -0.04196
FE      0.93751      0.81246      0.93749     -0.00224     -0.01157     -0.00478
FE      0.81228      0.93742      0.93744     -0.05044     -0.02600     -0.01490
