/* Converted from PWscf output file */ 
#L_UNITS ang 
#E_UNITS eV 
#S_UNITS GPA 
#F_UNITS EV/ANG 
#ALAT 	  13.67994     // a0 
#X 	   1.00000     0.00000     0.00000     // X 
#Y 	   0.00000     1.05163     0.00000     // Y 
#Z 	   0.00000     0.00000     1.00000     // Z 
#SX 	   0.28205    -0.00000    -0.00000     // SX 
#SY 	  -0.00000     1.02304    -0.00000     // SY 
#SZ 	  -0.00000    -0.00000     0.28205     // SZ 
#EPA 	  -4.26971     // Energy per Atom 
#C 	1 1 1 
#W 	1.0 
#RCUT 	6.5        // Rcut 
RU      0.06250      0.06250      0.06250      0.00013      0.00029      0.00013
FE      0.18750      0.18750      0.06250      0.29413      0.33366     -0.00419
FE      0.18750      0.06250      0.18750      0.56441     -0.00534      0.56441
FE      0.06250      0.18750      0.18750     -0.00419      0.33366      0.29413
FE      0.06250      0.06250      0.31250     -0.00383     -0.00510      0.06582
FE      0.18750      0.18750      0.31250      0.01665      0.00521      0.02193
FE      0.18750      0.06250      0.43750     -0.00076     -0.00508     -0.01634
FE      0.06250      0.18750      0.43750     -0.00375      0.00213     -0.00367
FE      0.06250      0.06250      0.56250     -0.00377     -0.00511     -0.00376
FE      0.18750      0.18750      0.56250      0.00175      0.00469     -0.00380
FE      0.18750      0.06250      0.68750     -0.00074     -0.00511      0.02388
FE      0.06250      0.18750      0.68750     -0.00380      0.00212      0.01123
FE      0.06250      0.06250      0.81250     -0.00386     -0.00515     -0.07351
FE      0.18750      0.18750      0.81250      0.01668      0.00520     -0.02946
FE      0.18750      0.06250      0.93750      0.56407     -0.00499     -0.55660
FE      0.06250      0.18750      0.93750     -0.00393      0.33332     -0.28627
FE      0.06250      0.31250      0.06250     -0.00377      0.01510     -0.00377
FE      0.18750      0.43750      0.06250     -0.00206      0.00468     -0.00383
FE      0.18750      0.31250      0.18750      0.00625     -0.00464      0.00625
FE      0.06250      0.43750      0.18750     -0.00383      0.00468     -0.00206
FE      0.06250      0.31250      0.31250     -0.00378      0.00930      0.01048
FE      0.18750      0.43750      0.31250      0.00654      0.00969      0.00223
FE      0.18750      0.31250      0.43750      0.00523     -0.00901      0.00057
FE      0.06250      0.43750      0.43750     -0.00380     -0.00114     -0.00298
FE      0.06250      0.31250      0.56250     -0.00380     -0.00644     -0.00378
FE      0.18750      0.43750      0.56250      0.00435      0.00591     -0.00378
FE      0.18750      0.31250      0.68750      0.00524     -0.00901      0.00700
FE      0.06250      0.43750      0.68750     -0.00381     -0.00111      0.01052
FE      0.06250      0.31250      0.81250     -0.00379      0.00929     -0.01809
FE      0.18750      0.43750      0.81250      0.00655      0.00968     -0.00974
FE      0.18750      0.31250      0.93750      0.00622     -0.00465      0.00120
FE      0.06250      0.43750      0.93750     -0.00379      0.00468      0.00959
FE      0.06250      0.56250      0.06250     -0.00381     -0.00510     -0.00381
FE      0.18750      0.68750      0.06250     -0.00204      0.00540     -0.00382
FE      0.18750      0.56250      0.18750      0.00177     -0.00507      0.00177
FE      0.06250      0.68750      0.18750     -0.00382      0.00540     -0.00204
FE      0.06250      0.56250      0.31250     -0.00382     -0.00511     -0.00481
FE      0.18750      0.68750      0.31250      0.00655      0.00043      0.00220
FE      0.18750      0.56250      0.43750      0.00488     -0.00510      0.00283
FE      0.06250      0.68750      0.43750     -0.00375      0.01122     -0.00297
FE      0.06250      0.56250      0.56250     -0.00376     -0.00509     -0.00379
FE      0.18750      0.68750      0.56250      0.00433      0.00419     -0.00377
FE      0.18750      0.56250      0.68750      0.00485     -0.00510      0.00471
FE      0.06250      0.68750      0.68750     -0.00377      0.01122      0.01047
FE      0.06250      0.56250      0.81250     -0.00380     -0.00509     -0.00277
FE      0.18750      0.68750      0.81250      0.00656      0.00039     -0.00975
FE      0.18750      0.56250      0.93750      0.00175     -0.00511      0.00578
FE      0.06250      0.68750      0.93750     -0.00379      0.00540      0.00963
FE      0.06250      0.81250      0.06250     -0.00374     -0.02522     -0.00374
FE      0.18750      0.93750      0.06250      0.29378     -0.32318     -0.00394
FE      0.18750      0.81250      0.18750      0.00625     -0.00549      0.00625
FE      0.06250      0.93750      0.18750     -0.00394     -0.32318      0.29378
FE      0.06250      0.81250      0.31250     -0.00379     -0.01956      0.01046
FE      0.18750      0.93750      0.31250      0.01666      0.00484      0.02192
FE      0.18750      0.81250      0.43750      0.00524     -0.00119      0.00052
FE      0.06250      0.93750      0.43750     -0.00378      0.00800     -0.00366
FE      0.06250      0.81250      0.56250     -0.00379     -0.00376     -0.00377
FE      0.18750      0.93750      0.56250      0.00176      0.00541     -0.00380
FE      0.18750      0.81250      0.68750      0.00522     -0.00118      0.00696
FE      0.06250      0.93750      0.68750     -0.00379      0.00801      0.01119
FE      0.06250      0.81250      0.81250     -0.00382     -0.01955     -0.01808
FE      0.18750      0.93750      0.81250      0.01671      0.00489     -0.02951
FE      0.18750      0.81250      0.93750      0.00626     -0.00551      0.00123
FE      0.06250      0.93750      0.93750     -0.00364     -0.32344     -0.28653
FE      0.31250      0.06250      0.06250      0.06582     -0.00510     -0.00383
FE      0.43750      0.18750      0.06250     -0.00367      0.00213     -0.00375
FE      0.43750      0.06250      0.18750     -0.01634     -0.00508     -0.00076
FE      0.31250      0.18750      0.18750      0.02193      0.00521      0.01665
FE      0.31250      0.06250      0.31250      0.05673     -0.00513      0.05673
FE      0.43750      0.18750      0.31250      0.00098      0.00584     -0.00076
FE      0.43750      0.06250      0.43750     -0.00367     -0.00513     -0.00367
FE      0.31250      0.18750      0.43750     -0.00076      0.00584      0.00098
FE      0.31250      0.06250      0.56250     -0.00251     -0.00511     -0.00380
FE      0.43750      0.18750      0.56250      0.00249      0.00272     -0.00379
FE      0.43750      0.06250      0.68750     -0.00371     -0.00513      0.01123
FE      0.31250      0.18750      0.68750     -0.00075      0.00579      0.00657
FE      0.31250      0.06250      0.81250      0.05677     -0.00509     -0.06437
FE      0.43750      0.18750      0.81250      0.00098      0.00582     -0.00684
FE      0.43750      0.06250      0.93750     -0.01639     -0.00509      0.00825
FE      0.31250      0.18750      0.93750      0.02191      0.00520     -0.00917
FE      0.31250      0.31250      0.06250      0.01048      0.00930     -0.00378
FE      0.43750      0.43750      0.06250     -0.00298     -0.00114     -0.00380
FE      0.43750      0.31250      0.18750      0.00057     -0.00901      0.00523
FE      0.31250      0.43750      0.18750      0.00223      0.00969      0.00654
FE      0.31250      0.31250      0.31250     -0.00211     -0.00584     -0.00211
FE      0.43750      0.43750      0.31250      0.00271      0.00554     -0.00303
FE      0.43750      0.31250      0.43750      0.00196     -0.00370      0.00196
FE      0.31250      0.43750      0.43750     -0.00303      0.00554      0.00271
FE      0.31250      0.31250      0.56250     -0.00452     -0.00667     -0.00380
FE      0.43750      0.43750      0.56250      0.00267      0.00422     -0.00381
FE      0.43750      0.31250      0.68750      0.00195     -0.00370      0.00560
FE      0.31250      0.43750      0.68750     -0.00301      0.00556      0.00477
FE      0.31250      0.31250      0.81250     -0.00208     -0.00586     -0.00547
FE      0.43750      0.43750      0.81250      0.00273      0.00556     -0.00457
FE      0.43750      0.31250      0.93750      0.00056     -0.00899      0.00227
FE      0.31250      0.43750      0.93750      0.00221      0.00970      0.00101
FE      0.31250      0.56250      0.06250     -0.00481     -0.00511     -0.00382
FE      0.43750      0.68750      0.06250     -0.00297      0.01122     -0.00375
FE      0.43750      0.56250      0.18750      0.00283     -0.00510      0.00488
FE      0.31250      0.68750      0.18750      0.00220      0.00043      0.00655
FE      0.31250      0.56250      0.31250     -0.00426     -0.00510     -0.00426
FE      0.43750      0.68750      0.31250      0.00273      0.00459     -0.00305
FE      0.43750      0.56250      0.43750      0.00327     -0.00514      0.00327
FE      0.31250      0.68750      0.43750     -0.00305      0.00459      0.00273
FE      0.31250      0.56250      0.56250     -0.00261     -0.00509     -0.00379
FE      0.43750      0.68750      0.56250      0.00268      0.00584     -0.00379
FE      0.43750      0.56250      0.68750      0.00330     -0.00512      0.00425
FE      0.31250      0.68750      0.68750     -0.00301      0.00456      0.00480
FE      0.31250      0.56250      0.81250     -0.00425     -0.00511     -0.00328
FE      0.43750      0.68750      0.81250      0.00273      0.00458     -0.00450
FE      0.43750      0.56250      0.93750      0.00282     -0.00513      0.00267
FE      0.31250      0.68750      0.93750      0.00219      0.00041      0.00095
FE      0.31250      0.81250      0.06250      0.01046     -0.01956     -0.00379
FE      0.43750      0.93750      0.06250     -0.00366      0.00800     -0.00378
FE      0.43750      0.81250      0.18750      0.00052     -0.00119      0.00524
FE      0.31250      0.93750      0.18750      0.02192      0.00484      0.01666
FE      0.31250      0.81250      0.31250     -0.00215     -0.00435     -0.00215
FE      0.43750      0.93750      0.31250      0.00102      0.00427     -0.00072
FE      0.43750      0.81250      0.43750      0.00194     -0.00646      0.00194
FE      0.31250      0.93750      0.43750     -0.00072      0.00427      0.00102
FE      0.31250      0.81250      0.56250     -0.00453     -0.00350     -0.00379
FE      0.43750      0.93750      0.56250      0.00248      0.00740     -0.00379
FE      0.43750      0.81250      0.68750      0.00195     -0.00645      0.00559
FE      0.31250      0.93750      0.68750     -0.00071      0.00430      0.00651
FE      0.31250      0.81250      0.81250     -0.00211     -0.00435     -0.00545
FE      0.43750      0.93750      0.81250      0.00098      0.00430     -0.00686
FE      0.43750      0.81250      0.93750      0.00053     -0.00118      0.00225
FE      0.31250      0.93750      0.93750      0.02190      0.00485     -0.00920
FE      0.56250      0.06250      0.06250     -0.00376     -0.00511     -0.00377
FE      0.68750      0.18750      0.06250      0.01123      0.00212     -0.00380
FE      0.68750      0.06250      0.18750      0.02388     -0.00511     -0.00074
FE      0.56250      0.18750      0.18750     -0.00380      0.00469      0.00175
FE      0.56250      0.06250      0.31250     -0.00380     -0.00511     -0.00251
FE      0.68750      0.18750      0.31250      0.00657      0.00579     -0.00075
FE      0.68750      0.06250      0.43750      0.01123     -0.00513     -0.00371
FE      0.56250      0.18750      0.43750     -0.00379      0.00272      0.00249
FE      0.56250      0.06250      0.56250     -0.00379     -0.00513     -0.00379
FE      0.68750      0.18750      0.56250      0.00507      0.00268     -0.00380
FE      0.68750      0.06250      0.68750      0.01121     -0.00511      0.01121
FE      0.56250      0.18750      0.68750     -0.00380      0.00268      0.00507
FE      0.56250      0.06250      0.81250     -0.00378     -0.00510     -0.00504
FE      0.68750      0.18750      0.81250      0.00656      0.00581     -0.00686
FE      0.68750      0.06250      0.93750      0.02389     -0.00512      0.00829
FE      0.56250      0.18750      0.93750     -0.00381      0.00468      0.00578
FE      0.56250      0.31250      0.06250     -0.00378     -0.00644     -0.00380
FE      0.68750      0.43750      0.06250      0.01052     -0.00111     -0.00381
FE      0.68750      0.31250      0.18750      0.00700     -0.00901      0.00524
FE      0.56250      0.43750      0.18750     -0.00378      0.00591      0.00435
FE      0.56250      0.31250      0.31250     -0.00380     -0.00667     -0.00452
FE      0.68750      0.43750      0.31250      0.00477      0.00556     -0.00301
FE      0.68750      0.31250      0.43750      0.00560     -0.00370      0.00195
FE      0.56250      0.43750      0.43750     -0.00381      0.00422      0.00267
FE      0.56250      0.31250      0.56250     -0.00378     -0.00185     -0.00378
FE      0.68750      0.43750      0.56250      0.00488      0.00425     -0.00379
FE      0.68750      0.31250      0.68750      0.00558     -0.00372      0.00558
FE      0.56250      0.43750      0.68750     -0.00379      0.00425      0.00488
FE      0.56250      0.31250      0.81250     -0.00380     -0.00664     -0.00304
FE      0.68750      0.43750      0.81250      0.00481      0.00557     -0.00453
FE      0.68750      0.31250      0.93750      0.00697     -0.00900      0.00230
FE      0.56250      0.43750      0.93750     -0.00380      0.00591      0.00313
FE      0.56250      0.56250      0.06250     -0.00379     -0.00509     -0.00376
FE      0.68750      0.68750      0.06250      0.01047      0.01122     -0.00377
FE      0.68750      0.56250      0.18750      0.00471     -0.00510      0.00485
FE      0.56250      0.68750      0.18750     -0.00377      0.00419      0.00433
FE      0.56250      0.56250      0.31250     -0.00379     -0.00509     -0.00261
FE      0.68750      0.68750      0.31250      0.00480      0.00456     -0.00301
FE      0.68750      0.56250      0.43750      0.00425     -0.00512      0.00330
FE      0.56250      0.68750      0.43750     -0.00379      0.00584      0.00268
FE      0.56250      0.56250      0.56250     -0.00380     -0.00514     -0.00380
FE      0.68750      0.68750      0.56250      0.00484      0.00589     -0.00378
FE      0.68750      0.56250      0.68750      0.00428     -0.00508      0.00428
FE      0.56250      0.68750      0.68750     -0.00378      0.00589      0.00484
FE      0.56250      0.56250      0.81250     -0.00380     -0.00509     -0.00497
FE      0.68750      0.68750      0.81250      0.00484      0.00458     -0.00453
FE      0.68750      0.56250      0.93750      0.00474     -0.00512      0.00268
FE      0.56250      0.68750      0.93750     -0.00381      0.00418      0.00315
FE      0.56250      0.81250      0.06250     -0.00377     -0.00376     -0.00379
FE      0.68750      0.93750      0.06250      0.01119      0.00801     -0.00379
FE      0.68750      0.81250      0.18750      0.00696     -0.00118      0.00522
FE      0.56250      0.93750      0.18750     -0.00380      0.00541      0.00176
FE      0.56250      0.81250      0.31250     -0.00379     -0.00350     -0.00453
FE      0.68750      0.93750      0.31250      0.00651      0.00430     -0.00071
FE      0.68750      0.81250      0.43750      0.00559     -0.00645      0.00195
FE      0.56250      0.93750      0.43750     -0.00379      0.00740      0.00248
FE      0.56250      0.81250      0.56250     -0.00380     -0.00834     -0.00380
FE      0.68750      0.93750      0.56250      0.00507      0.00737     -0.00375
FE      0.68750      0.81250      0.68750      0.00562     -0.00643      0.00562
FE      0.56250      0.93750      0.68750     -0.00375      0.00737      0.00507
FE      0.56250      0.81250      0.81250     -0.00376     -0.00348     -0.00305
FE      0.68750      0.93750      0.81250      0.00652      0.00428     -0.00685
FE      0.68750      0.81250      0.93750      0.00697     -0.00118      0.00226
FE      0.56250      0.93750      0.93750     -0.00376      0.00543      0.00575
FE      0.81250      0.06250      0.06250     -0.07351     -0.00515     -0.00386
FE      0.93750      0.18750      0.06250     -0.28627      0.33332     -0.00393
FE      0.93750      0.06250      0.18750     -0.55660     -0.00499      0.56407
FE      0.81250      0.18750      0.18750     -0.02946      0.00520      0.01668
FE      0.81250      0.06250      0.31250     -0.06437     -0.00509      0.05677
FE      0.93750      0.18750      0.31250     -0.00917      0.00520      0.02191
FE      0.93750      0.06250      0.43750      0.00825     -0.00509     -0.01639
FE      0.81250      0.18750      0.43750     -0.00684      0.00582      0.00098
FE      0.81250      0.06250      0.56250     -0.00504     -0.00510     -0.00378
FE      0.93750      0.18750      0.56250      0.00578      0.00468     -0.00381
FE      0.93750      0.06250      0.68750      0.00829     -0.00512      0.02389
FE      0.81250      0.18750      0.68750     -0.00686      0.00581      0.00656
FE      0.81250      0.06250      0.81250     -0.06434     -0.00504     -0.06434
FE      0.93750      0.18750      0.81250     -0.00912      0.00523     -0.02946
FE      0.93750      0.06250      0.93750     -0.55687     -0.00465     -0.55687
FE      0.81250      0.18750      0.93750     -0.02946      0.00523     -0.00912
FE      0.81250      0.31250      0.06250     -0.01809      0.00929     -0.00379
FE      0.93750      0.43750      0.06250      0.00959      0.00468     -0.00379
FE      0.93750      0.31250      0.18750      0.00120     -0.00465      0.00622
FE      0.81250      0.43750      0.18750     -0.00974      0.00968      0.00655
FE      0.81250      0.31250      0.31250     -0.00547     -0.00586     -0.00208
FE      0.93750      0.43750      0.31250      0.00101      0.00970      0.00221
FE      0.93750      0.31250      0.43750      0.00227     -0.00899      0.00056
FE      0.81250      0.43750      0.43750     -0.00457      0.00556      0.00273
FE      0.81250      0.31250      0.56250     -0.00304     -0.00664     -0.00380
FE      0.93750      0.43750      0.56250      0.00313      0.00591     -0.00380
FE      0.93750      0.31250      0.68750      0.00230     -0.00900      0.00697
FE      0.81250      0.43750      0.68750     -0.00453      0.00557      0.00481
FE      0.81250      0.31250      0.81250     -0.00546     -0.00583     -0.00546
FE      0.93750      0.43750      0.81250      0.00099      0.00967     -0.00975
FE      0.93750      0.31250      0.93750      0.00121     -0.00465      0.00121
FE      0.81250      0.43750      0.93750     -0.00975      0.00967      0.00099
FE      0.81250      0.56250      0.06250     -0.00277     -0.00509     -0.00380
FE      0.93750      0.68750      0.06250      0.00963      0.00540     -0.00379
FE      0.93750      0.56250      0.18750      0.00578     -0.00511      0.00175
FE      0.81250      0.68750      0.18750     -0.00975      0.00039      0.00656
FE      0.81250      0.56250      0.31250     -0.00328     -0.00511     -0.00425
FE      0.93750      0.68750      0.31250      0.00095      0.00041      0.00219
FE      0.93750      0.56250      0.43750      0.00267     -0.00513      0.00282
FE      0.81250      0.68750      0.43750     -0.00450      0.00458      0.00273
FE      0.81250      0.56250      0.56250     -0.00497     -0.00509     -0.00380
FE      0.93750      0.68750      0.56250      0.00315      0.00418     -0.00381
FE      0.93750      0.56250      0.68750      0.00268     -0.00512      0.00474
FE      0.81250      0.68750      0.68750     -0.00453      0.00458      0.00484
FE      0.81250      0.56250      0.81250     -0.00335     -0.00511     -0.00335
FE      0.93750      0.68750      0.81250      0.00099      0.00040     -0.00979
FE      0.93750      0.56250      0.93750      0.00579     -0.00506      0.00579
FE      0.81250      0.68750      0.93750     -0.00979      0.00040      0.00099
FE      0.81250      0.81250      0.06250     -0.01808     -0.01955     -0.00382
FE      0.93750      0.93750      0.06250     -0.28653     -0.32344     -0.00364
FE      0.93750      0.81250      0.18750      0.00123     -0.00551      0.00626
FE      0.81250      0.93750      0.18750     -0.02951      0.00489      0.01671
FE      0.81250      0.81250      0.31250     -0.00545     -0.00435     -0.00211
FE      0.93750      0.93750      0.31250     -0.00920      0.00485      0.02190
FE      0.93750      0.81250      0.43750      0.00225     -0.00118      0.00053
FE      0.81250      0.93750      0.43750     -0.00686      0.00430      0.00098
FE      0.81250      0.81250      0.56250     -0.00305     -0.00348     -0.00376
FE      0.93750      0.93750      0.56250      0.00575      0.00543     -0.00376
FE      0.93750      0.81250      0.68750      0.00226     -0.00118      0.00697
FE      0.81250      0.93750      0.68750     -0.00685      0.00428      0.00652
FE      0.81250      0.81250      0.81250     -0.00546     -0.00439     -0.00546
FE      0.93750      0.93750      0.81250     -0.00916      0.00491     -0.02948
FE      0.93750      0.81250      0.93750      0.00126     -0.00552      0.00126
FE      0.81250      0.93750      0.93750     -0.02948      0.00491     -0.00916
