/* Converted from PWscf output file */ 
#L_UNITS ang 
#E_UNITS eV 
#S_UNITS GPA 
#F_UNITS EV/ANG 
#ALAT 	  13.71498     // a0 
#X 	   1.00000    -0.00000    -0.00000     // X 
#Y 	  -0.00000     1.05425    -0.00000     // Y 
#Z 	  -0.00000    -0.00000     0.99999     // Z 
#SX 	  -0.57736     0.00000    -0.00044     // SX 
#SY 	   0.00000    -0.16742    -0.00102     // SY 
#SZ 	  -0.00044    -0.00102    -0.57766     // SZ 
#EPA 	  -4.29419     // Energy per Atom 
#C 	1 1 1 
#W 	1.0 
#RCUT 	6.5        // Rcut 
RU      0.06255      0.06253      0.06243      0.01219      0.00935     -0.01861
FE      0.18874      0.18884      0.06253      0.04515      0.05460      0.01195
FE      0.19007      0.06249      0.18998      0.13981      0.00101      0.11562
FE      0.06251      0.18886      0.18878      0.00067      0.06149      0.05288
FE      0.06270      0.06254      0.31270      0.03020      0.01767      0.00032
FE      0.18761      0.18757      0.31264      0.01933      0.01989      0.01452
FE      0.18749      0.06248      0.43742      0.00606      0.00177     -0.00357
FE      0.06259      0.18766      0.43745      0.00995      0.03131     -0.00816
FE      0.06268      0.06254      0.56260      0.02312      0.01196      0.01724
FE      0.18732      0.18746      0.56236     -0.02217     -0.01113     -0.02273
FE      0.18741      0.06235      0.68765     -0.00488     -0.02468      0.01328
FE      0.06253      0.18749      0.68751     -0.00003     -0.00146     -0.00433
FE      0.06251      0.06249      0.81220      0.00234     -0.00198     -0.00823
FE      0.18747      0.18749      0.81238     -0.00183     -0.00402     -0.01164
FE      0.19001      0.06246      0.93498      0.12547     -0.00380     -0.13361
FE      0.06242      0.18887      0.93633     -0.01444      0.06322     -0.03999
FE      0.06248      0.31257      0.06259     -0.01283      0.00592      0.03399
FE      0.18765      0.43747      0.06265      0.02200     -0.01362      0.03448
FE      0.18758      0.31254      0.18759      0.01619      0.01458      0.01668
FE      0.06262      0.43744      0.18770      0.02156     -0.01833      0.03180
FE      0.06248      0.31266      0.31258     -0.01767      0.02801      0.00799
FE      0.18753      0.43756      0.31252      0.00340      0.00742      0.00437
FE      0.18696      0.31248      0.43698     -0.08410      0.00767     -0.08299
FE      0.06244      0.43753      0.43745     -0.01408      0.00816     -0.00745
FE      0.06262      0.31251      0.56248      0.00839     -0.00019     -0.01311
FE      0.18736      0.43757      0.56232     -0.01834      0.01454     -0.03793
FE      0.18720      0.31248      0.68749     -0.01547      0.00194     -0.00944
FE      0.06263      0.43746      0.68733      0.01932     -0.00816     -0.03241
FE      0.06262      0.31256      0.81227      0.01226      0.00956     -0.03530
FE      0.18753      0.43756      0.81244      0.00213      0.00754     -0.00741
FE      0.18717      0.31238      0.93802     -0.04931     -0.01314      0.08080
FE      0.06369      0.43616      0.93759      0.03708     -0.06390      0.01107
FE      0.06505      0.56249      0.06503      0.13619     -0.00060      0.13512
FE      0.18770      0.68759      0.06261      0.03366      0.02208      0.02077
FE      0.18806      0.56247      0.18806      0.09222     -0.00243      0.09203
FE      0.06263      0.68758      0.18769      0.02362      0.01801      0.02982
FE      0.06253      0.56245      0.31239      0.00921     -0.00692     -0.00308
FE      0.18759      0.68750      0.31255      0.02048     -0.00428      0.01589
FE      0.18750      0.56250      0.43750      0.00271     -0.00118     -0.00095
FE      0.06263      0.68739      0.43750      0.02553     -0.02828      0.00382
FE      0.06251      0.56244      0.56256      0.00245     -0.00170     -0.00166
FE      0.18754      0.68757      0.56244      0.01303      0.00758     -0.01475
FE      0.18792      0.56263      0.68697      0.06548      0.02814     -0.09203
FE      0.06264      0.68758      0.68734      0.02138      0.01660     -0.03050
FE      0.06502      0.56248      0.80998      0.12857      0.00395     -0.12559
FE      0.18769      0.68758      0.81232      0.02819      0.02013     -0.02868
FE      0.18784      0.56249      0.93755      0.02144      0.00231      0.00501
FE      0.06372      0.68890      0.93754      0.05081      0.06650      0.00066
FE      0.06259      0.81237      0.06249      0.02242     -0.01307     -0.00363
FE      0.18884      0.93618      0.06244      0.07711     -0.06228     -0.02180
FE      0.18762      0.81240      0.18754      0.03117     -0.02153      0.00517
FE      0.06308      0.93616      0.18824      0.09728     -0.06658     -0.03592
FE      0.06270      0.81227      0.31252      0.03142     -0.04128      0.01044
FE      0.18756      0.93746      0.31269      0.02191     -0.01680      0.02560
FE      0.18751      0.81246      0.43753      0.00595     -0.01220      0.00733
FE      0.06283      0.93751      0.43750      0.01969     -0.00595      0.00378
FE      0.06270      0.81242      0.56259      0.03113     -0.01445      0.01317
FE      0.18739      0.93749      0.56247     -0.00518     -0.00497      0.00186
FE      0.18759      0.81246      0.68754      0.02038     -0.00855      0.00207
FE      0.06306      0.93756      0.68804      0.08729     -0.00201      0.08290
FE      0.06259      0.81238      0.81232      0.02090     -0.01658     -0.02709
FE      0.18770      0.93746      0.81232      0.04791     -0.01683     -0.00945
FE      0.18772      0.81257      0.93747      0.03988      0.00879     -0.00971
FE      0.06248      0.93613      0.93628      0.00174     -0.07079     -0.05143
FE      0.31281      0.06247      0.06251      0.02092     -0.00643      0.00599
FE      0.43751      0.18753      0.06247      0.00366      0.00248     -0.00055
FE      0.43740      0.06250      0.18747     -0.01456      0.00333     -0.00489
FE      0.31269      0.18758      0.18765      0.03002      0.01843      0.02210
FE      0.31302      0.06248      0.31302      0.08792     -0.00468      0.08178
FE      0.43755      0.18754      0.31253      0.00864      0.00648      0.00528
FE      0.43759      0.06234      0.43743      0.02325     -0.02348     -0.00113
FE      0.31240      0.18748      0.43735     -0.01184     -0.01145     -0.01620
FE      0.31243      0.06242      0.56242     -0.01205     -0.01846     -0.01346
FE      0.43750      0.18615      0.56127     -0.00687     -0.06199     -0.04773
FE      0.43754      0.06233      0.68750      0.01131     -0.02183     -0.01252
FE      0.31130      0.18615      0.68747     -0.03675     -0.06379     -0.01300
FE      0.31298      0.06240      0.81197      0.07837     -0.02004     -0.07999
FE      0.43756      0.18616      0.81367      0.01502     -0.06255      0.04079
FE      0.43745      0.06232      0.93767      0.00027     -0.02958      0.02317
FE      0.31255      0.18755      0.93760      0.01119      0.00024      0.01081
FE      0.31264      0.31262      0.06241      0.02814      0.02137     -0.00125
FE      0.43751      0.43752      0.06246      0.00409      0.00934      0.00154
FE      0.43753      0.31249      0.18753      0.00753      0.00440      0.00427
FE      0.31257      0.43754      0.18757      0.01820      0.00396      0.01242
FE      0.31249      0.31248      0.31257     -0.00258      0.00092      0.00439
FE      0.43752      0.43755      0.31249      0.00116      0.00817     -0.00433
FE      0.43753      0.31245      0.43716     -0.00104      0.00097     -0.02147
FE      0.31235      0.43760      0.43731     -0.02331      0.02072     -0.02913
FE      0.30996      0.31246      0.55997     -0.12494     -0.00334     -0.12803
FE      0.43753      0.43890      0.56126      0.00245      0.06535     -0.05019
RU      0.43749      0.31252      0.68751     -0.00081      0.00183     -0.00237
FE      0.31129      0.43887      0.68748     -0.03474      0.06080     -0.00836
FE      0.30999      0.31247      0.81500     -0.11747     -0.00470      0.13016
FE      0.43752      0.43889      0.81372      0.00245      0.06489      0.04931
FE      0.43754      0.31248      0.93786      0.00905      0.00294      0.02297
FE      0.31238      0.43762      0.93772     -0.01486      0.02033      0.03222
FE      0.31239      0.56249      0.06250     -0.00391      0.00476      0.01051
FE      0.43751      0.68752      0.06247      0.00375      0.00254      0.00146
FE      0.43752      0.56247      0.18753      0.00169     -0.00172      0.00311
FE      0.31257      0.68751      0.18758      0.02017     -0.00087      0.01209
FE      0.31253      0.56248      0.31253      0.02216      0.00490      0.01755
FE      0.43751      0.68749      0.31248     -0.00482     -0.00161     -0.00627
FE      0.43753      0.56264      0.43737     -0.00149      0.02449     -0.02606
FE      0.31247      0.68755      0.43747     -0.00193      0.00648     -0.00384
FE      0.31249      0.56254      0.56237      0.01115      0.01769     -0.03926
FE      0.43750      0.68751      0.56252     -0.00574     -0.00433     -0.00024
FE      0.43752      0.56263      0.68751      0.00040      0.02329     -0.00066
FE      0.31254      0.68754      0.68747      0.01265      0.00406     -0.01016
FE      0.31235      0.56255      0.81253     -0.01398      0.01783      0.00491
FE      0.43752      0.68751      0.81246      0.00204      0.00070     -0.00149
FE      0.43752      0.56263      0.93767      0.00258      0.02808      0.02829
FE      0.31250      0.68752      0.93755      0.00671      0.00603      0.00659
FE      0.31264      0.81234      0.06250      0.03282     -0.02445      0.00140
FE      0.43745      0.93753      0.06241     -0.02026     -0.00811     -0.02429
FE      0.43749      0.81245      0.18748     -0.00589     -0.01109     -0.00716
FE      0.31269      0.93746      0.18764      0.03226     -0.01578      0.02129
FE      0.31249      0.81247      0.31249      0.00221     -0.00526     -0.00008
FE      0.43764      0.93751      0.31254      0.01704     -0.00668      0.00225
FE      0.43753      0.81248      0.43751     -0.00085     -0.00605      0.00077
FE      0.31252      0.93746      0.43751      0.00952     -0.00982      0.00945
FE      0.31248      0.81249      0.56249      0.00031     -0.00259     -0.00107
FE      0.43759      0.93753      0.56250      0.00256      0.00192      0.00252
FE      0.43747      0.81245      0.68757     -0.01244     -0.00579      0.01108
FE      0.31255      0.93752      0.68749      0.01056     -0.00125     -0.01140
FE      0.31252      0.81248      0.81244      0.00916      0.00122     -0.00726
FE      0.43750      0.93751      0.81247     -0.00888     -0.00279      0.01323
FE      0.43754      0.81248      0.93751      0.00867     -0.00635      0.00005
FE      0.31267      0.93741      0.93744      0.03305     -0.02016     -0.01504
FE      0.56244      0.06249      0.06246     -0.01219     -0.00186     -0.00884
FE      0.68753      0.18748      0.06252      0.00199      0.00204      0.00613
FE      0.68747      0.06255      0.18731     -0.01933      0.01688     -0.02500
FE      0.56246      0.18753      0.18750     -0.00503      0.00383     -0.00120
FE      0.56228      0.06254      0.31235     -0.03130      0.01191     -0.02876
FE      0.68747      0.18758      0.31244     -0.01485      0.01948     -0.01591
FE      0.68624      0.06386      0.43755     -0.07005      0.06585      0.01845
FE      0.56246      0.18760      0.43730     -0.00675      0.01247     -0.03056
FE      0.56233      0.06248      0.56255     -0.02052     -0.00092      0.00731
FE      0.68768      0.18751      0.56241      0.02026      0.00104     -0.01228
FE      0.68748      0.06239      0.68767     -0.01907     -0.01120      0.00795
FE      0.56371      0.18613      0.68754      0.04657     -0.06583      0.00424
FE      0.56248      0.06243      0.81256     -0.00162     -0.01509      0.02343
FE      0.68763      0.18744      0.81256      0.01054     -0.01284      0.01547
FE      0.68762      0.06247      0.93753      0.00417     -0.00298     -0.00057
FE      0.56262      0.18747      0.93773      0.01665     -0.01825      0.03207
FE      0.56247      0.31247      0.06241     -0.00391     -0.00568     -0.00217
FE      0.68737      0.43746      0.06264     -0.02214     -0.00958      0.03359
FE      0.68749      0.31251      0.18750     -0.00784      0.00712      0.00025
FE      0.56243      0.43751      0.18757     -0.01605     -0.00264      0.01059
FE      0.56244      0.31250      0.31254     -0.00319      0.00504      0.00078
FE      0.68753      0.43753      0.31249      0.00042      0.00220     -0.00123
FE      0.68809      0.31248      0.43697      0.08914     -0.00252     -0.08857
FE      0.56262      0.43759      0.43731      0.02007      0.01932     -0.03062
FE      0.56500      0.31253      0.55998      0.12989      0.00660     -0.12908
FE      0.68769      0.43757      0.56230      0.02205      0.01499     -0.03849
FE      0.68785      0.31251      0.68755      0.02082      0.00131      0.00389
FE      0.56368      0.43886      0.68747      0.03486      0.05939     -0.00968
FE      0.56502      0.31248      0.81502      0.12709     -0.00504      0.13215
FE      0.68752      0.43753      0.81248      0.00041      0.00238     -0.00053
FE      0.68791      0.31233      0.93806      0.05880     -0.02712      0.09119
FE      0.56262      0.43758      0.93773      0.01713      0.01369      0.03380
FE      0.56257      0.56248      0.06249      0.00190      0.00349      0.00960
FE      0.68732      0.68760      0.06259     -0.03513      0.01219      0.01414
FE      0.68696      0.56244      0.18803     -0.09003     -0.00672      0.08566
FE      0.56242      0.68754      0.18755     -0.02009      0.00339      0.00843
FE      0.56239      0.56244      0.31252     -0.02997     -0.00181      0.01565
FE      0.68742      0.68748      0.31247     -0.02351     -0.01193     -0.00060
FE      0.68755      0.56249      0.43750      0.00222      0.00291     -0.00208
FE      0.56235      0.68741      0.43747     -0.02809     -0.02048     -0.00496
FE      0.56244      0.56251      0.56238     -0.01920      0.01137     -0.03786
FE      0.68746      0.68752      0.56248     -0.01665     -0.00560     -0.00402
FE      0.68711      0.56260      0.68701     -0.06304      0.02338     -0.08512
FE      0.56240      0.68753      0.68749     -0.01854      0.00295     -0.00712
FE      0.56261      0.56254      0.81253      0.01246      0.01652      0.00651
FE      0.68734      0.68761      0.81237     -0.02683      0.01960     -0.01580
FE      0.68719      0.56249      0.93753     -0.01872      0.00285      0.00445
FE      0.56251      0.68757      0.93756     -0.00465      0.01359      0.00818
FE      0.56242      0.81247      0.06245     -0.02006     -0.00078     -0.01282
FE      0.68750      0.93755      0.06257     -0.01207      0.00094      0.00139
FE      0.68737      0.81242      0.18734     -0.03053     -0.02190     -0.02551
FE      0.56193      0.93752      0.18697     -0.09378      0.00174     -0.08859
FE      0.56228      0.81242      0.31235     -0.03349     -0.02030     -0.02342
FE      0.68493      0.93751      0.31001     -0.15089     -0.00252     -0.11794
FE      0.68629      0.81110      0.43751     -0.05112     -0.06502      0.00051
FE      0.56215      0.93749      0.43747     -0.02434     -0.00480     -0.00487
FE      0.56227      0.81240      0.56262     -0.03400     -0.02120      0.02011
FE      0.68502      0.93749      0.56503     -0.12854     -0.00560      0.13446
FE      0.68738      0.81241      0.68772     -0.02344     -0.01723      0.02968
FE      0.56191      0.93754      0.68807     -0.09276      0.00426      0.09191
FE      0.56241      0.81247      0.81250     -0.02004     -0.00106      0.00934
FE      0.68748      0.93751      0.81235     -0.01784     -0.00302     -0.01467
FE      0.68736      0.81262      0.93751     -0.03288      0.02089      0.00026
FE      0.56250      0.93747      0.93757     -0.00564     -0.00256      0.00643
FE      0.81214      0.06248      0.06248     -0.02416      0.00413     -0.00452
FE      0.93629      0.18890      0.06244     -0.04903      0.07119     -0.00813
FE      0.93509      0.06253      0.18981     -0.11291      0.01812      0.09254
FE      0.81225      0.18771      0.18754     -0.03358      0.04165      0.00255
FE      0.81189      0.06388      0.31181     -0.09767      0.07382      0.04222
FE      0.93745      0.18767      0.31262     -0.00816      0.03520      0.02012
FE      0.93875      0.06386      0.43743      0.04493      0.06798     -0.00149
FE      0.81247      0.18768      0.43751      0.00256      0.02785      0.00455
FE      0.81248      0.06386      0.56372      0.00497      0.06398      0.04819
FE      0.93758      0.18760      0.56256      0.01316      0.01711      0.00712
FE      0.93765      0.06254      0.68781      0.01863      0.01638      0.03331
FE      0.81240      0.18764      0.68759     -0.01134      0.02326      0.00818
FE      0.81195      0.06248      0.81193     -0.08511     -0.00116     -0.08787
FE      0.93741      0.18760      0.81230     -0.01843      0.02579     -0.02575
FE      0.93496      0.06249      0.93497     -0.13488      0.00105     -0.13441
FE      0.81233      0.18757      0.93744     -0.01898      0.01721     -0.00917
FE      0.81233      0.31255      0.06261     -0.01644      0.01161      0.03226
FE      0.93754      0.43613      0.06371     -0.00027     -0.06954      0.04910
FE      0.93748      0.31243      0.18768     -0.01034     -0.00603      0.03474
FE      0.81230      0.43748      0.18774     -0.02969     -0.01088      0.03251
FE      0.81251      0.31247      0.31247      0.01779     -0.00490     -0.01632
FE      0.93750      0.43754      0.31252      0.00066      0.00161      0.00748
FE      0.93749      0.31248      0.43752      0.00015      0.00257      0.00649
FE      0.81252      0.43754      0.43747      0.01199      0.00564     -0.00924
FE      0.81239      0.31246      0.56245     -0.00597     -0.00745     -0.01318
FE      0.93751      0.43752      0.56249      0.00216     -0.00371     -0.00517
FE      0.93752      0.31237      0.68740      0.00033     -0.01869     -0.02716
FE      0.81233      0.43747      0.68731     -0.02082     -0.01042     -0.03045
FE      0.81233      0.31240      0.81239     -0.01818     -0.01393     -0.00994
FE      0.93751      0.43619      0.81120      0.00051     -0.06004     -0.05380
FE      0.93747      0.31238      0.93748     -0.01213     -0.00879     -0.00964
FE      0.81124      0.43620      0.93756     -0.04161     -0.05619      0.01186
FE      0.80996      0.56250      0.06504     -0.12810     -0.00404      0.13321
FE      0.93755      0.68888      0.06370      0.00245      0.05998      0.04282
FE      0.93754      0.56246      0.18781      0.00246     -0.00626      0.01815
FE      0.81231      0.68740      0.18759     -0.02960     -0.01485      0.00632
FE      0.81247      0.56249      0.31243     -0.00699      0.00015     -0.00305
FE      0.93756      0.68743      0.31246      0.01334     -0.01719     -0.00525
FE      0.93750      0.56248      0.43752      0.00203      0.00037      0.00107
FE      0.81248      0.68737      0.43752     -0.00137     -0.02214      0.00210
FE      0.81249      0.56249      0.56253      0.00029      0.00535     -0.00145
FE      0.93758      0.68747      0.56256      0.01492     -0.01108      0.00949
FE      0.93753      0.56244      0.68722      0.00202     -0.00691     -0.01721
FE      0.81233      0.68742      0.68746     -0.02112     -0.00622     -0.00428
FE      0.80998      0.56249      0.80997     -0.11842     -0.00002     -0.12156
FE      0.93753      0.68884      0.81121      0.00453      0.05238     -0.05052
RU      0.93751      0.56249      0.93751     -0.00177      0.00272      0.00082
FE      0.81120      0.68886      0.93752     -0.05533      0.05952      0.00270
FE      0.81227      0.81238      0.06255     -0.04086     -0.01715      0.00827
FE      0.93627      0.93615      0.06255     -0.04649     -0.06800      0.00139
FE      0.93759      0.81250      0.18752      0.01150     -0.00949      0.00981
FE      0.81226      0.93750      0.18734     -0.03388     -0.01055      0.00647
FE      0.81244      0.81111      0.31128     -0.00844     -0.06210     -0.03980
FE      0.93991      0.93746      0.31018      0.10307     -0.01340     -0.08765
FE      0.93874      0.81110      0.43753      0.04838     -0.07015      0.00910
RU      0.81245      0.93747      0.43755     -0.00959     -0.01057      0.01923
FE      0.81247      0.81112      0.56371     -0.00331     -0.06107      0.04432
FE      0.94004      0.93751      0.56505      0.12624      0.00378      0.13348
FE      0.93764      0.81256      0.68757      0.02197      0.00332     -0.00142
FE      0.81240      0.93755      0.68778     -0.01101     -0.00020      0.00437
FE      0.81241      0.81252      0.81240     -0.01578      0.00783     -0.01458
FE      0.93739      0.93745      0.81221     -0.01550     -0.01716     -0.03570
FE      0.93746      0.81257      0.93747     -0.01022      0.00415     -0.01039
FE      0.81229      0.93745      0.93740     -0.03185     -0.01889     -0.02048
