/* Converted from PWscf output file */ 
#L_UNITS ang 
#E_UNITS eV 
#S_UNITS GPA 
#F_UNITS EV/ANG 
#ALAT 	  13.68744     // a0 
#X 	   1.00000     0.00000     0.00000     // X 
#Y 	   0.00000     1.05625    -0.00007     // Y 
#Z 	   0.00000    -0.00007     1.00052     // Z 
#SX 	   0.00788     0.00000     0.00000     // SX 
#SY 	   0.00000     0.00919    -0.00394     // SY 
#SZ 	   0.00000    -0.00394     0.00117     // SZ 
#EPA 	  -4.28638     // Energy per Atom 
#C 	1 1 1 
#W 	1.0 
#RCUT 	6.5        // Rcut 
RU      0.06248      0.06074      0.06438      0.00023     -0.03282      0.04238
FE      0.19115      0.18877      0.06537      0.01800      0.00824      0.00894
FE      0.19073      0.06224      0.19091     -0.00341      0.00159     -0.00124
FE      0.06244      0.18892      0.18933     -0.00013      0.00433      0.01550
FE      0.06247      0.06242      0.31294     -0.00058     -0.00380      0.00348
FE      0.18812      0.18790      0.31287      0.00457     -0.00189     -0.00142
FE      0.18804      0.06267      0.43697      0.00410     -0.00739      0.00450
FE      0.06249      0.18799      0.43714      0.00083     -0.00714      0.00445
FE      0.06248      0.06387      0.56116      0.00002     -0.00335     -0.00725
FE      0.18785      0.18785      0.56230      0.00307      0.00076     -0.00087
FE      0.18921      0.06364      0.68698      0.00617      0.00009     -0.00129
FE      0.06246      0.18807      0.68703     -0.00080     -0.00017     -0.00470
FE      0.06245      0.06259      0.81194     -0.00074     -0.00143     -0.00874
FE      0.19085      0.18808      0.80928     -0.00872     -0.00133      0.00209
FE      0.19146      0.06159      0.93537      0.01605     -0.00967     -0.00968
RU      0.06248      0.18980      0.93613      0.00013      0.02124     -0.05067
FE      0.06248      0.31442      0.06391     -0.00059     -0.00598      0.00248
FE      0.18777      0.43783      0.06270      0.00116      0.00009     -0.00033
FE      0.18806      0.31302      0.18825     -0.00161     -0.00289     -0.00614
FE      0.06248      0.43796      0.18797      0.00022     -0.00401     -0.00346
FE      0.06249      0.31307      0.31288      0.00054     -0.00284     -0.00361
FE      0.18770      0.43778      0.31272      0.00724      0.00555      0.00169
FE      0.18772      0.31279      0.43754      0.00853      0.00867     -0.00033
FE      0.06248      0.43767      0.43756      0.00028      0.00764     -0.00044
FE      0.06248      0.31267      0.56239      0.00030      0.00870     -0.00280
FE      0.18766      0.43773      0.56228      0.00803      0.01001     -0.00387
FE      0.18809      0.31295      0.68672      0.00216      0.00411      0.00232
FE      0.06248      0.43816      0.68689      0.00045     -0.00578      0.00402
FE      0.06247      0.31499      0.81030     -0.00043     -0.01805      0.00926
FE      0.18785      0.43803      0.81213      0.00077     -0.00031      0.00034
FE      0.18897      0.31434      0.93742      0.00013     -0.00516     -0.00015
FE      0.06248      0.43795      0.93754     -0.00008      0.00071     -0.00188
FE      0.06248      0.56241      0.06257      0.00041      0.00158      0.00323
FE      0.18765      0.68736      0.06265      0.00631     -0.00722      0.00303
FE      0.18761      0.56257      0.18766      0.00605     -0.00312      0.00247
FE      0.06248      0.68743      0.18758      0.00035     -0.00838      0.00327
FE      0.06248      0.56247      0.31251      0.00040     -0.00007      0.00157
FE      0.18771      0.68724      0.31250      0.00806     -0.00720      0.00187
FE      0.18763      0.56239      0.43743      0.00739      0.00285     -0.00094
FE      0.06249      0.68697      0.43718      0.00045      0.00218      0.00586
FE      0.06248      0.56258      0.56235      0.00035      0.00105     -0.00298
FE      0.18776      0.68722      0.56226      0.00291     -0.00161      0.00139
FE      0.18764      0.56261      0.68733      0.00590      0.00102     -0.00372
FE      0.06248      0.68708      0.68741      0.00009      0.00132     -0.00299
FE      0.06248      0.56249      0.81245      0.00030      0.00103     -0.00178
FE      0.18776      0.68712      0.81252      0.00131      0.00141     -0.00411
FE      0.18762      0.56237      0.93764      0.00538      0.00117      0.00003
FE      0.06248      0.68710      0.93791      0.00044      0.00187     -0.00661
FE      0.06247      0.81195      0.06254     -0.00005     -0.00075      0.00395
FE      0.18896      0.93584      0.06270      0.00186      0.00685      0.00445
FE      0.18788      0.81193      0.18788      0.00225     -0.00235      0.00068
FE      0.06247      0.93503      0.18969      0.00003      0.02073     -0.00612
FE      0.06248      0.81176      0.31306      0.00034      0.00580     -0.00433
FE      0.18816      0.93707      0.31330      0.00286     -0.00148     -0.00346
FE      0.18804      0.81202      0.43718      0.00595     -0.00608      0.00552
FE      0.06247      0.93736      0.43715     -0.00065     -0.00506     -0.00155
FE      0.06245      0.81084      0.56102     -0.00029     -0.00079     -0.00238
FE      0.19045      0.93734      0.55953      0.00341     -0.00631      0.00043
FE      0.18894      0.81085      0.68728      0.00840     -0.00024     -0.00329
RU      0.06248      0.93696      0.68703     -0.00037      0.01323      0.00894
FE      0.06247      0.81068      0.81337     -0.00047      0.00730      0.00646
FE      0.19086      0.93701      0.81462     -0.00576      0.00839      0.00118
FE      0.18811      0.81192      0.93788     -0.00127      0.00411     -0.00022
FE      0.06247      0.93569      0.93674     -0.00085      0.00625      0.00034
FE      0.31358      0.06241      0.06309      0.00462      0.00585      0.00288
FE      0.43756      0.18767      0.06261      0.00397      0.00724      0.00417
FE      0.43788      0.06242      0.18785      0.00853      0.00319      0.00383
FE      0.31431      0.18779      0.18914     -0.01487      0.00213     -0.02141
FE      0.31447      0.06250      0.31392     -0.01104     -0.00030     -0.02032
FE      0.43831      0.18775      0.31315      0.00362      0.01122      0.00143
FE      0.43846      0.06252      0.43780      0.00920     -0.00438     -0.00195
FE      0.31297      0.18778      0.43769      0.01428      0.00891     -0.00192
FE      0.31334      0.06256      0.56184      0.00803     -0.00856     -0.00106
FE      0.43833      0.18774      0.56186      0.00860      0.01122     -0.00335
FE      0.43830      0.06242      0.68680      0.00085     -0.00357     -0.00424
FE      0.31453      0.18800      0.68583     -0.02097     -0.00314      0.01769
FE      0.31470      0.06254      0.81122     -0.02362      0.00143      0.01853
FE      0.43792      0.18780      0.81223      0.00237      0.00799     -0.00145
FE      0.43780      0.06255      0.93769      0.00228      0.00485      0.00194
FE      0.31343      0.18784      0.93730      0.00347      0.00400      0.00375
FE      0.31335      0.31310      0.06288     -0.00686     -0.00681      0.00056
FE      0.43776      0.43772      0.06259      0.00353      0.00485      0.00514
FE      0.43796      0.31275      0.18786      0.00252      0.01054      0.00525
FE      0.31275      0.43777      0.18769      0.00669      0.00650      0.00578
FE      0.31291      0.31278      0.31283      0.01094      0.01364      0.00334
FE      0.43763      0.43765      0.31253      0.00646      0.01179      0.00350
FE      0.43773      0.31270      0.43750      0.01171      0.02018     -0.00241
FE      0.31267      0.43767      0.43750      0.01200      0.01181     -0.00208
FE      0.31302      0.31287      0.56211      0.01224      0.01497     -0.00353
FE      0.43764      0.43763      0.56240      0.00685      0.01306     -0.00528
FE      0.43794      0.31280      0.68720      0.00486      0.01461     -0.00687
FE      0.31270      0.43771      0.68735      0.00976      0.01031     -0.00668
FE      0.31326      0.31299      0.81204      0.00017      0.00406      0.00030
FE      0.43778      0.43771      0.81236      0.00451      0.00770     -0.00447
FE      0.43773      0.31273      0.93748      0.00166      0.00658     -0.00029
FE      0.31310      0.43808      0.93751     -0.00204     -0.00750     -0.00099
FE      0.31268      0.56257      0.06257      0.00693     -0.00203      0.00439
FE      0.43769      0.68735      0.06254      0.00504     -0.01088      0.00455
FE      0.43763      0.56249      0.18758      0.00509     -0.00103      0.00420
FE      0.31278      0.68726      0.18762      0.01004     -0.01105      0.00391
FE      0.31262      0.56247      0.31252      0.00951     -0.00035      0.00218
FE      0.43763      0.68738      0.31249      0.00655     -0.01336      0.00228
FE      0.43761      0.56245      0.43750      0.00576      0.00011     -0.00197
FE      0.31268      0.68734      0.43744      0.00983     -0.01048     -0.00213
FE      0.31268      0.56239      0.56238      0.00746      0.00265     -0.00417
FE      0.43772      0.68737      0.56237      0.00543     -0.00786     -0.00459
FE      0.43767      0.56245      0.68746      0.00515      0.00225     -0.00525
FE      0.31299      0.68708      0.68743      0.00157      0.00359     -0.00394
FE      0.31281      0.56251      0.81242      0.00623      0.00088     -0.00207
FE      0.43777      0.68735      0.81251      0.00418     -0.00707     -0.00075
FE      0.43769      0.56251      0.93754      0.00425     -0.00162      0.00129
FE      0.31276      0.68725      0.93758      0.00733     -0.00756      0.00102
FE      0.31330      0.81180      0.06281     -0.00041      0.00429      0.00480
FE      0.43819      0.93732      0.06306      0.00093     -0.00222      0.00504
FE      0.43784      0.81220      0.18765      0.00979     -0.01564      0.00572
FE      0.31324      0.93715      0.18802      0.00384     -0.00116      0.00177
FE      0.31294      0.81215      0.31236      0.01277     -0.01451      0.00453
FE      0.43837      0.93730      0.31227      0.00548     -0.01163      0.00421
FE      0.43789      0.81222      0.43731      0.00726     -0.01746     -0.00042
FE      0.31431      0.93725      0.43643     -0.00645     -0.01323      0.02076
FE      0.31314      0.81209      0.56208      0.00649     -0.00701      0.00140
FE      0.43767      0.93735      0.56236      0.01201     -0.01577     -0.00200
FE      0.43765      0.81226      0.68745      0.00501     -0.01136     -0.00493
FE      0.31326      0.93728      0.68715      0.01117     -0.00873     -0.00455
FE      0.31324      0.81200      0.81269      0.00255     -0.00292     -0.00587
FE      0.43793      0.93727      0.81224      0.00179     -0.00614     -0.00305
FE      0.43803      0.81213      0.93770      0.00290     -0.00921      0.00086
FE      0.31465      0.93698      0.93852     -0.02664      0.01092     -0.01527
FE      0.56249      0.06252      0.06261      0.00123      0.00591      0.00840
FE      0.68749      0.18768      0.06262     -0.00408      0.00731      0.00529
FE      0.68718      0.06243      0.18786     -0.00841      0.00426      0.00409
FE      0.56248      0.18763      0.18764      0.00018      0.00875      0.00636
FE      0.56248      0.06248      0.31256      0.00015      0.00060      0.00301
FE      0.68672      0.18774      0.31316     -0.00517      0.01082      0.00110
FE      0.68657      0.06253      0.43778     -0.01207     -0.00377     -0.00306
FE      0.56248      0.18771      0.43751      0.00018      0.01599     -0.00162
FE      0.56248      0.06243      0.56238      0.00025     -0.00525     -0.00467
FE      0.68671      0.18773      0.56187     -0.01072      0.01053     -0.00258
FE      0.68674      0.06243      0.68679     -0.00232     -0.00277     -0.00383
FE      0.56248      0.18765      0.68732      0.00019      0.01148     -0.00976
FE      0.56248      0.06247      0.81238      0.00033      0.00063     -0.00413
FE      0.68714      0.18779      0.81223     -0.00203      0.00721     -0.00188
FE      0.68725      0.06255      0.93768     -0.00253      0.00474      0.00100
FE      0.56249      0.18767      0.93758      0.00098      0.01040      0.00242
FE      0.56248      0.31258      0.06253      0.00044      0.01060      0.00469
FE      0.68729      0.43772      0.06259     -0.00412      0.00466      0.00541
FE      0.68709      0.31276      0.18786     -0.00354      0.01080      0.00511
FE      0.56248      0.43766      0.18763      0.00012      0.01179      0.00664
FE      0.56249      0.31269      0.31263      0.00065      0.02049      0.00789
FE      0.68742      0.43765      0.31253     -0.00696      0.01169      0.00376
FE      0.68732      0.31270      0.43750     -0.01290      0.02062     -0.00265
FE      0.56248      0.43761      0.43751      0.00024      0.01115     -0.00036
FE      0.56248      0.31267      0.56235      0.00026      0.01979     -0.00969
FE      0.68741      0.43763      0.56240     -0.00716      0.01288     -0.00526
FE      0.68710      0.31280      0.68719     -0.00632      0.01470     -0.00750
FE      0.56248      0.43765      0.68740      0.00036      0.01236     -0.00781
FE      0.56248      0.31267      0.81237      0.00063      0.01498     -0.00312
FE      0.68728      0.43771      0.81236     -0.00488      0.00756     -0.00414
FE      0.68731      0.31274      0.93748     -0.00237      0.00703     -0.00036
FE      0.56248      0.43761      0.93754      0.00024      0.00807     -0.00051
FE      0.56248      0.56250      0.06251      0.00037     -0.00035      0.00481
FE      0.68736      0.68734      0.06254     -0.00590     -0.01111      0.00474
FE      0.68742      0.56250      0.18758     -0.00557     -0.00079      0.00411
FE      0.56248      0.68741      0.18755      0.00034     -0.01234      0.00339
FE      0.56248      0.56247      0.31250      0.00033     -0.00022      0.00149
FE      0.68742      0.68738      0.31249     -0.00738     -0.01366      0.00230
FE      0.68745      0.56245      0.43750     -0.00634      0.00020     -0.00212
FE      0.56248      0.68739      0.43745      0.00050     -0.01351     -0.00311
FE      0.56248      0.56245      0.56244      0.00024     -0.00014     -0.00482
FE      0.68733      0.68736      0.56237     -0.00629     -0.00840     -0.00442
FE      0.68739      0.56245      0.68746     -0.00581      0.00237     -0.00546
FE      0.56248      0.68746      0.68748      0.00032     -0.00862     -0.00388
FE      0.56248      0.56248      0.81245      0.00029      0.00042     -0.00125
FE      0.68728      0.68734      0.81251     -0.00511     -0.00750     -0.00061
FE      0.68737      0.56252      0.93754     -0.00487     -0.00135      0.00115
FE      0.56248      0.68738      0.93759      0.00045     -0.01222      0.00228
FE      0.56248      0.81230      0.06259      0.00025     -0.01635      0.00866
FE      0.68684      0.93731      0.06307     -0.00240     -0.00281      0.00469
FE      0.68721      0.81220      0.18765     -0.01034     -0.01560      0.00507
FE      0.56249      0.93738      0.18762      0.00063     -0.01024      0.00475
FE      0.56248      0.81225      0.31248      0.00002     -0.02102      0.00053
FE      0.68666      0.93729      0.31229     -0.00800     -0.01212      0.00502
FE      0.68716      0.81223      0.43730     -0.00827     -0.01712     -0.00119
FE      0.56248      0.93737      0.43754      0.00004     -0.01520      0.00220
FE      0.56248      0.81234      0.56243      0.00029     -0.01402     -0.00366
FE      0.68737      0.93735      0.56235     -0.01268     -0.01615     -0.00261
FE      0.68741      0.81226      0.68745     -0.00550     -0.01151     -0.00524
FE      0.56249      0.93733      0.68735      0.00122     -0.01596     -0.00970
FE      0.56248      0.81229      0.81241      0.00027     -0.01447     -0.00413
FE      0.68711      0.93726      0.81225     -0.00252     -0.00626     -0.00194
FE      0.68703      0.81214      0.93770     -0.00359     -0.00850      0.00063
FE      0.56248      0.93744      0.93759      0.00021     -0.00611      0.00284
FE      0.81139      0.06240      0.06308     -0.00385      0.00584      0.00295
FE      0.93380      0.18877      0.06539     -0.01830      0.00837      0.00833
FE      0.93420      0.06223      0.19090      0.00492      0.00123     -0.00176
FE      0.81071      0.18782      0.18916      0.01927      0.00197     -0.02133
FE      0.81055      0.06249      0.31393      0.01338      0.00034     -0.01891
FE      0.93691      0.18790      0.31290     -0.00587     -0.00181     -0.00032
FE      0.93699      0.06268      0.43697     -0.00545     -0.00680      0.00494
FE      0.81198      0.18778      0.43770     -0.01442      0.00971     -0.00132
FE      0.81161      0.06256      0.56182     -0.00773     -0.00882     -0.00186
FE      0.93720      0.18785      0.56229     -0.00347      0.00065     -0.00175
FE      0.93575      0.06363      0.68696     -0.00683      0.00072     -0.00181
FE      0.81050      0.18801      0.68582      0.02367     -0.00327      0.01550
FE      0.81034      0.06253      0.81121      0.02668      0.00265      0.01901
FE      0.93408      0.18809      0.80929      0.00996     -0.00078      0.00270
FE      0.93350      0.06160      0.93536     -0.01562     -0.00947     -0.00874
FE      0.81153      0.18786      0.93731     -0.00331      0.00403      0.00418
FE      0.81163      0.31310      0.06288      0.00774     -0.00604      0.00112
FE      0.93728      0.43783      0.06271     -0.00199      0.00026     -0.00008
FE      0.93698      0.31304      0.18825      0.00023     -0.00188     -0.00567
FE      0.81221      0.43777      0.18770     -0.00655      0.00710      0.00617
FE      0.81206      0.31278      0.31283     -0.00990      0.01362      0.00345
FE      0.93735      0.43778      0.31272     -0.00778      0.00558      0.00202
FE      0.93733      0.31280      0.43754     -0.00934      0.00899     -0.00064
FE      0.81229      0.43767      0.43750     -0.01144      0.01218     -0.00182
FE      0.81195      0.31286      0.56210     -0.01118      0.01476     -0.00422
FE      0.93739      0.43773      0.56228     -0.00815      0.01000     -0.00380
FE      0.93694      0.31297      0.68671     -0.00403      0.00494      0.00187
FE      0.81226      0.43771      0.68735     -0.00935      0.01073     -0.00658
FE      0.81170      0.31299      0.81202      0.00052      0.00444     -0.00021
FE      0.93721      0.43803      0.81213     -0.00133     -0.00035      0.00056
FE      0.93601      0.31434      0.93741     -0.00032     -0.00489      0.00008
FE      0.81186      0.43810      0.93752      0.00309     -0.00693     -0.00068
FE      0.81229      0.56257      0.06257     -0.00620     -0.00211      0.00432
FE      0.93739      0.68735      0.06265     -0.00719     -0.00764      0.00310
FE      0.93745      0.56257      0.18766     -0.00647     -0.00298      0.00239
FE      0.81219      0.68726      0.18763     -0.00907     -0.01085      0.00408
FE      0.81235      0.56247      0.31252     -0.00881     -0.00057      0.00205
FE      0.93734      0.68723      0.31250     -0.00883     -0.00750      0.00206
FE      0.93743      0.56239      0.43743     -0.00783      0.00293     -0.00110
FE      0.81229      0.68734      0.43744     -0.00924     -0.01064     -0.00223
FE      0.81228      0.56239      0.56238     -0.00699      0.00227     -0.00439
FE      0.93729      0.68720      0.56226     -0.00403     -0.00227      0.00117
FE      0.93741      0.56261      0.68733     -0.00662      0.00094     -0.00387
FE      0.81198      0.68708      0.68743     -0.00087      0.00295     -0.00391
FE      0.81215      0.56250      0.81242     -0.00557      0.00048     -0.00225
FE      0.93728      0.68711      0.81252     -0.00243      0.00091     -0.00384
FE      0.93743      0.56237      0.93764     -0.00583      0.00146     -0.00006
FE      0.81221      0.68726      0.93758     -0.00668     -0.00759      0.00125
FE      0.81167      0.81179      0.06280      0.00222      0.00389      0.00456
FE      0.93602      0.93584      0.06272     -0.00176      0.00647      0.00498
FE      0.93718      0.81193      0.18787     -0.00282     -0.00238      0.00050
FE      0.81172      0.93715      0.18803     -0.00359     -0.00137      0.00223
FE      0.81202      0.81214      0.31235     -0.01256     -0.01534      0.00371
FE      0.93686      0.93706      0.31330     -0.00471     -0.00208     -0.00404
FE      0.93699      0.81202      0.43716     -0.00755     -0.00621      0.00490
FE      0.81071      0.93726      0.43643      0.00843     -0.01365      0.01950
FE      0.81181      0.81207      0.56206     -0.00614     -0.00775      0.00033
FE      0.93448      0.93735      0.55954     -0.00243     -0.00618      0.00106
FE      0.93603      0.81085      0.68725     -0.00928     -0.00042     -0.00300
FE      0.81168      0.93729      0.68716     -0.01125     -0.00884     -0.00468
FE      0.81173      0.81198      0.81268     -0.00196     -0.00353     -0.00593
FE      0.93409      0.93700      0.81461      0.00743      0.00779      0.00057
FE      0.93693      0.81192      0.93787     -0.00009      0.00390     -0.00061
FE      0.81039      0.93698      0.93853      0.02887      0.00957     -0.01557
