/* Converted from PWscf output file */ 
#L_UNITS ang 
#E_UNITS eV 
#S_UNITS GPA 
#F_UNITS EV/ANG 
#ALAT 	   6.97394     // a0 
#X 	   1.00000     0.00002     0.00001     // X 
#Y 	   0.00002     1.04750     0.00002     // Y 
#Z 	   0.00001     0.00002     1.00000     // Z 
#SX 	  -0.03704    -0.00394    -0.00379     // SX 
#SY 	  -0.00394    -0.00773    -0.00394     // SY 
#SZ 	  -0.00379    -0.00394    -0.03704     // SZ 
#EPA 	  -4.53007     // Energy per Atom 
#C 	1 1 1 
#W 	20.0 
#RCUT 	6.5        // Rcut 
RU     -0.00718     -0.00510     -0.00718     -0.01108      0.00723     -0.01108
RU      0.25700      0.25482     -0.00715      0.01665      0.00746     -0.00788
RU      0.25700     -0.00499      0.25700      0.01463      0.00561      0.01463
RU     -0.00715      0.25482      0.25700     -0.00788      0.00746      0.01665
FE     -0.00493     -0.00262      0.50561      0.00348     -0.01022     -0.00598
FE      0.25502      0.25277      0.50542     -0.00455      0.00003      0.00189
FE      0.25499     -0.00263      0.74461      0.00290     -0.00925     -0.00518
FE     -0.00490      0.25277      0.74454     -0.00126      0.00361      0.00071
FE     -0.00211      0.50390     -0.00211      0.00691     -0.01133      0.00691
FE      0.25223      0.74619     -0.00210     -0.00321      0.00551      0.00328
FE      0.25223      0.50370      0.25223     -0.00651     -0.00130     -0.00651
FE     -0.00210      0.74619      0.25223      0.00328      0.00551     -0.00321
FE     -0.00098      0.50352      0.50252     -0.00240      0.00742     -0.00905
FE      0.25110      0.74628      0.50256     -0.00216      0.00127     -0.00794
FE      0.25113      0.50370      0.74733     -0.00433     -0.00084      0.01275
FE     -0.00096      0.74623      0.74733     -0.00348      0.00265      0.00724
FE      0.50561     -0.00262     -0.00493     -0.00598     -0.01022      0.00348
FE      0.74454      0.25277     -0.00490      0.00071      0.00361     -0.00126
FE      0.74461     -0.00263      0.25499     -0.00518     -0.00925      0.00290
FE      0.50542      0.25277      0.25502      0.00189      0.00003     -0.00455
FE      0.50494     -0.00102      0.50494     -0.00029     -0.01162     -0.00029
FE      0.74490      0.25121      0.50509      0.00695     -0.00033     -0.01031
FE      0.74482     -0.00094      0.74482      0.00856     -0.01301      0.00856
FE      0.50509      0.25121      0.74490     -0.01031     -0.00033      0.00695
FE      0.50252      0.50352     -0.00098     -0.00905      0.00742     -0.00240
FE      0.74733      0.74623     -0.00096      0.00724      0.00265     -0.00348
FE      0.74733      0.50370      0.25113      0.01275     -0.00084     -0.00433
FE      0.50256      0.74628      0.25110     -0.00794      0.00127     -0.00216
FE      0.50101      0.50119      0.50101      0.00004      0.00524      0.00004
FE      0.74894      0.74878      0.50104      0.00019     -0.00088     -0.00123
FE      0.74895      0.50120      0.74895      0.00069      0.00629      0.00069
FE      0.50104      0.74878      0.74894     -0.00123     -0.00088      0.00019
