/* Converted from PWscf output file */ 
#L_UNITS ang 
#E_UNITS eV 
#S_UNITS GPA 
#F_UNITS EV/ANG 
#ALAT 	   6.97395     // a0 
#X 	   1.00000     0.00002     0.00001     // X 
#Y 	   0.00002     1.04750     0.00002     // Y 
#Z 	   0.00001     0.00002     1.00000     // Z 
#SX 	  -0.15415    -0.00394    -0.00379     // SX 
#SY 	  -0.00394    -0.11492    -0.00394     // SY 
#SZ 	  -0.00379    -0.00394    -0.15415     // SZ 
#EPA 	  -4.53971     // Energy per Atom 
#C 	1 1 1 
#W 	20.0 
#RCUT 	6.5        // Rcut 
RU     -0.00718     -0.00510     -0.00718     -0.01092      0.00734     -0.01092
RU      0.25700      0.25482     -0.00715      0.01648      0.00732     -0.00773
RU      0.25700     -0.00499      0.25700      0.01447      0.00573      0.01447
RU     -0.00715      0.25482      0.25700     -0.00773      0.00732      0.01648
FE     -0.00493     -0.00262      0.50561      0.00430     -0.00993     -0.00683
FE      0.25502      0.25277      0.50542     -0.00541     -0.00025      0.00108
FE      0.25499     -0.00263      0.74461      0.00205     -0.00900     -0.00435
FE     -0.00490      0.25277      0.74454     -0.00045      0.00335      0.00154
FE     -0.00211      0.50390     -0.00211      0.00734     -0.01211      0.00734
FE      0.25223      0.74619     -0.00210     -0.00372      0.00627      0.00371
FE      0.25223      0.50370      0.25223     -0.00705     -0.00204     -0.00705
FE     -0.00210      0.74619      0.25223      0.00371      0.00627     -0.00372
FE     -0.00098      0.50352      0.50252     -0.00232      0.00651     -0.00977
FE      0.25110      0.74628      0.50256     -0.00236      0.00223     -0.00869
FE      0.25113      0.50370      0.74733     -0.00453     -0.00180      0.01358
FE     -0.00096      0.74623      0.74733     -0.00340      0.00361      0.00809
FE      0.50561     -0.00262     -0.00493     -0.00683     -0.00993      0.00430
FE      0.74454      0.25277     -0.00490      0.00154      0.00335     -0.00045
FE      0.74461     -0.00263      0.25499     -0.00435     -0.00900      0.00205
FE      0.50542      0.25277      0.25502      0.00108     -0.00025     -0.00541
FE      0.50494     -0.00102      0.50494     -0.00152     -0.01145     -0.00152
FE      0.74490      0.25121      0.50509      0.00821     -0.00050     -0.01156
FE      0.74482     -0.00094      0.74482      0.00985     -0.01288      0.00985
FE      0.50509      0.25121      0.74490     -0.01156     -0.00050      0.00821
FE      0.50252      0.50352     -0.00098     -0.00977      0.00651     -0.00232
FE      0.74733      0.74623     -0.00096      0.00809      0.00361     -0.00340
FE      0.74733      0.50370      0.25113      0.01358     -0.00180     -0.00453
FE      0.50256      0.74628      0.25110     -0.00869      0.00223     -0.00236
FE      0.50101      0.50119      0.50101     -0.00005      0.00519     -0.00005
FE      0.74894      0.74878      0.50104      0.00040     -0.00079     -0.00134
FE      0.74895      0.50120      0.74895      0.00089      0.00619      0.00089
FE      0.50104      0.74878      0.74894     -0.00134     -0.00079      0.00040
