/* Converted from PWscf output file */ 
#L_UNITS ang 
#E_UNITS eV 
#S_UNITS GPA 
#F_UNITS EV/ANG 
#ALAT 	  13.70605     // a0 
#X 	   1.00000    -0.00001    -0.00001     // X 
#Y 	  -0.00001     1.05567    -0.00001     // Y 
#Z 	  -0.00001    -0.00001     0.99995     // Z 
#SX 	   0.07846     0.00044     0.00073     // SX 
#SY 	   0.00044     0.04448     0.00160     // SY 
#SZ 	   0.00073     0.00160     0.07831     // SZ 
#EPA 	  -4.30250     // Energy per Atom 
#C 	1 1 1 
#W 	1.0 
#RCUT 	6.5        // Rcut 
RU      0.06265      0.06265      0.06219      0.00044      0.00369     -0.00721
FE      0.18868      0.18877      0.06269      0.00180     -0.00163      0.00453
FE      0.19030      0.06262      0.18999     -0.00055      0.00448     -0.00876
FE      0.06251      0.18882      0.18878     -0.00069     -0.00522     -0.00165
FE      0.06293      0.06268      0.31257      0.00108     -0.00267     -0.00361
FE      0.18774      0.18776      0.31267     -0.00016      0.00010     -0.00605
FE      0.18742      0.06257      0.43746     -0.00526      0.00082      0.00177
FE      0.06263      0.18785      0.43733     -0.00259     -0.00445     -0.00511
FE      0.06285      0.06268      0.56279      0.00142      0.00463      0.00538
FE      0.18720      0.18744      0.56221      0.00427      0.00857      0.00171
FE      0.18748      0.06228      0.68776      0.00898      0.01367      0.00572
FE      0.06258      0.18751      0.68748      0.00741      0.00624      0.00295
FE      0.06256      0.06253      0.81234      0.00453      0.00559      0.00746
FE      0.18751      0.18748      0.81231      0.00518      0.00592     -0.00004
FE      0.19023      0.06247      0.93473      0.00356      0.00587     -0.00014
FE      0.06230      0.18888      0.93641     -0.00015      0.00157     -0.00087
FE      0.06227      0.31260      0.06299     -0.00835      0.00176      0.01098
FE      0.18777      0.43738      0.06300     -0.00277      0.00334      0.00779
FE      0.18769      0.31264      0.18773     -0.00018     -0.00244      0.00107
FE      0.06278      0.43733      0.18796     -0.00077      0.00464      0.00071
FE      0.06224      0.31285      0.31253     -0.00574     -0.00201     -0.01015
FE      0.18754      0.43757      0.31257      0.00124     -0.00109      0.00160
FE      0.18640      0.31260      0.43639      0.01043      0.00362      0.00454
FE      0.06229      0.43764      0.43737     -0.00252      0.00327     -0.00250
FE      0.06269      0.31253      0.56234      0.00516      0.00353     -0.00324
FE      0.18728      0.43764      0.56197      0.00671     -0.00474     -0.00531
FE      0.18727      0.31252      0.68735      0.00875      0.00207     -0.00466
FE      0.06282      0.43743      0.68704      0.00690      0.00245     -0.00286
FE      0.06270      0.31263      0.81205      0.00155      0.00166      0.00343
FE      0.18757      0.43762      0.81238      0.00358     -0.00001     -0.00122
FE      0.18681      0.31234      0.93862      0.00155      0.00480     -0.00200
FE      0.06355      0.43619      0.93771      0.00031      0.00680      0.00518
FE      0.06533      0.56243      0.06527      0.00133     -0.00623     -0.00298
FE      0.18777      0.68762      0.06259     -0.00098     -0.01215     -0.00476
FE      0.18863      0.56239      0.18869     -0.00691     -0.00212     -0.00616
FE      0.06288      0.68764      0.18789      0.00857     -0.00919     -0.00162
FE      0.06264      0.56239      0.31240      0.00373     -0.00113     -0.00096
FE      0.18784      0.68739      0.31272      0.01047     -0.00113      0.00321
FE      0.18744      0.56241      0.43753      0.00051     -0.00317      0.00125
FE      0.06284      0.68714      0.43756      0.00164      0.00005      0.00201
FE      0.06254      0.56241      0.56254      0.00131     -0.00634      0.00095
FE      0.18752      0.68752      0.56248      0.00437     -0.00537      0.00286
FE      0.18841      0.56279      0.68625     -0.00034     -0.01032      0.00048
FE      0.06285      0.68761      0.68715      0.00661     -0.01472      0.00605
FE      0.06522      0.56251      0.80983      0.00084     -0.00208      0.00347
FE      0.18789      0.68766      0.81211     -0.00109     -0.01390     -0.00093
FE      0.18786      0.56251      0.93759     -0.00207     -0.00346      0.00150
FE      0.06379      0.68881      0.93748      0.00838     -0.01833     -0.00722
FE      0.06284      0.81226      0.06235      0.00720     -0.00625     -0.01005
FE      0.18895      0.93629      0.06195      0.00769      0.01093     -0.01671
FE      0.18801      0.81222      0.18748      0.00903     -0.00213     -0.00570
FE      0.06386      0.93613      0.18760      0.00218      0.00431      0.00615
FE      0.06299      0.81203      0.31263      0.00818      0.00712      0.00114
FE      0.18779      0.93739      0.31288      0.00540      0.00191      0.00133
FE      0.18767      0.81238      0.43769      0.00621      0.00240      0.00499
FE      0.06287      0.93750      0.43756      0.00191      0.00389      0.00210
FE      0.06299      0.81234      0.56274      0.00695      0.00183      0.00479
FE      0.18720      0.93752      0.56270     -0.00196      0.00285      0.00670
FE      0.18748      0.81236      0.68793      0.00209     -0.00484      0.01080
FE      0.06376      0.93754      0.68872      0.00398      0.00489      0.00547
FE      0.06281      0.81223      0.81218      0.00604     -0.00535      0.00621
FE      0.18820      0.93735      0.81241      0.00919      0.00674      0.00924
FE      0.18767      0.81256      0.93698     -0.00676     -0.00939     -0.01341
FE      0.06254      0.93610      0.93620      0.00486      0.01018     -0.00947
FE      0.31277      0.06251      0.06245     -0.00651      0.00865     -0.00812
FE      0.43749      0.18766      0.06237     -0.00525      0.00581     -0.00219
FE      0.43709      0.06279      0.18724     -0.00576      0.00448     -0.00464
FE      0.31283      0.18784      0.18777      0.00050      0.00523     -0.00255
FE      0.31331      0.06281      0.31363     -0.00402     -0.00110     -0.00352
FE      0.43762      0.18766      0.31260     -0.00041      0.01080      0.00393
FE      0.43773      0.06244      0.43771      0.01052      0.00337      0.01128
FE      0.31226      0.18755      0.43732      0.00287      0.01178      0.00614
FE      0.31230      0.06236      0.56241      0.00101      0.00795      0.00517
FE      0.43741      0.18633      0.56141      0.00059      0.01708      0.00160
FE      0.43764      0.06233      0.68743      0.00165      0.01005     -0.00187
FE      0.31146      0.18623      0.68734      0.00241      0.01576     -0.00235
FE      0.31356      0.06234      0.81145     -0.00155      0.01384      0.00812
FE      0.43774      0.18623      0.81358      0.00302      0.01527     -0.00158
FE      0.43737      0.06227      0.93769     -0.00996      0.01359     -0.00647
FE      0.31265      0.18754      0.93764      0.00036      0.00234     -0.00262
FE      0.31286      0.31275      0.06247      0.00013     -0.00262      0.00374
FE      0.43753      0.43751      0.06240     -0.00132     -0.00136     -0.00089
FE      0.43762      0.31255      0.18762      0.00108      0.00126      0.00612
FE      0.31268      0.43745      0.18771      0.00455     -0.00403      0.00631
FE      0.31250      0.31254      0.31262      0.00392      0.00493      0.00363
FE      0.43750      0.43757      0.31253     -0.00223     -0.00600      0.00874
FE      0.43750      0.31255      0.43712     -0.00077      0.00756      0.00212
FE      0.31214      0.43762      0.43713      0.00552     -0.00822      0.00206
FE      0.30981      0.31251      0.55977      0.00561      0.00646      0.00114
FE      0.43749      0.43875      0.56130     -0.00269     -0.01195     -0.00702
RU      0.43750      0.31253      0.68749      0.00105      0.00189     -0.00190
FE      0.31147      0.43879      0.68735      0.00135     -0.00754     -0.00720
FE      0.30996      0.31246      0.81517      0.00804      0.00372     -0.00512
FE      0.43755      0.43887      0.81373     -0.00054     -0.00687      0.00172
FE      0.43763      0.31254      0.93787      0.00187      0.00403     -0.00312
FE      0.31226      0.43775      0.93793     -0.00282     -0.00122     -0.00156
FE      0.31232      0.56248      0.06258     -0.00477     -0.00466      0.00113
FE      0.43721      0.68729      0.06204     -0.00536     -0.00467     -0.00210
FE      0.43736      0.56223      0.18740     -0.00178     -0.00241      0.00237
FE      0.31233      0.68725      0.18737      0.00279     -0.00408     -0.00069
FE      0.31247      0.56218      0.31279      0.00900     -0.00027      0.01020
FE      0.43608      0.68598      0.31244     -0.00469      0.00676      0.00344
FE      0.43733      0.56255      0.43733     -0.00293     -0.00733      0.00166
FE      0.31205      0.68740      0.43777      0.00379      0.00321      0.00375
FE      0.31265      0.56259      0.56201      0.00874     -0.01027     -0.00502
FE      0.43709      0.68726      0.56293     -0.00697      0.00175     -0.00186
FE      0.43745      0.56269      0.68759     -0.00490     -0.00835      0.00062
FE      0.31252      0.68745      0.68757      0.00092     -0.00858      0.00198
FE      0.31226      0.56265      0.81254     -0.00057     -0.00942     -0.00411
FE      0.43750      0.68746      0.81247     -0.00366     -0.00729      0.00007
FE      0.43748      0.56274      0.93775     -0.00509     -0.00879     -0.00612
FE      0.31236      0.68745      0.93735     -0.00664     -0.00943     -0.00838
FE      0.31168      0.81214      0.06121      0.00255     -0.00204     -0.00359
FE      0.43684      0.93763      0.06170     -0.01626     -0.00247     -0.00832
FE      0.43456      0.81234      0.18455     -0.00117     -0.00457      0.00303
FE      0.31249      0.93754      0.18747     -0.00172     -0.00007     -0.00441
FE      0.31214      0.81239      0.31252      0.00351     -0.00328      0.00335
FE      0.43648      0.93876      0.31257     -0.00170     -0.00907      0.00182
FE      0.43466      0.81240      0.44027      0.00093     -0.00477      0.00107
FE      0.31218      0.93755      0.43797      0.00233     -0.00577      0.00800
FE      0.31132      0.81244      0.56374      0.00766     -0.00344      0.00184
FE      0.43729      0.93769      0.56300      0.00056     -0.00745      0.00263
FE      0.43726      0.81239      0.68762     -0.00709     -0.00409      0.00237
FE      0.31249      0.93755      0.68756      0.00071      0.00067      0.00211
FE      0.31262      0.81245      0.81239      0.00383     -0.00876     -0.00033
FE      0.43732      0.93747      0.81269     -0.00910     -0.00242      0.00613
FE      0.43751      0.81237      0.93751     -0.00708     -0.00854     -0.00637
FE      0.31275      0.93736      0.93707     -0.00407      0.00561     -0.00730
FE      0.56230      0.06285      0.06202     -0.00494      0.00010     -0.00058
FE      0.68757      0.18759      0.06251      0.00221      0.00077      0.00279
FE      0.68741      0.06289      0.18698     -0.00522     -0.00306     -0.00059
FE      0.56238      0.18759      0.18747     -0.00509      0.00659     -0.00238
FE      0.56207      0.06295      0.31211     -0.00162     -0.00134     -0.00222
FE      0.68731      0.18776      0.31233     -0.00256      0.00255      0.00248
FE      0.68611      0.06407      0.43794     -0.00926     -0.00961      0.00869
FE      0.56242      0.18772      0.43713      0.00077      0.00755      0.00618
FE      0.56217      0.06282      0.56299     -0.00359     -0.00168      0.00214
FE      0.68778      0.18767      0.56239     -0.00548      0.01070     -0.00189
FE      0.68718      0.06244      0.68768     -0.01571      0.00657     -0.00780
FE      0.56365      0.18624      0.68759     -0.00258      0.01781     -0.00163
FE      0.56240      0.06237      0.81279     -0.00842      0.00823      0.00158
FE      0.68760      0.18742      0.81268     -0.00785      0.01052     -0.00113
FE      0.68766      0.06253      0.93740      0.00224      0.00170     -0.00354
FE      0.56271      0.18740      0.93792     -0.00408      0.01018     -0.00160
FE      0.56241      0.31244      0.06247     -0.00346      0.00269      0.00485
FE      0.68723      0.43735      0.06290      0.00224      0.00560      0.00703
FE      0.68734      0.31261      0.18756     -0.00658      0.00347      0.00572
FE      0.56224      0.43748      0.18769     -0.00707     -0.00151      0.00504
FE      0.56242      0.31261      0.31255     -0.00280      0.00665      0.00278
FE      0.68751      0.43755      0.31250     -0.00137      0.00082      0.00216
FE      0.68866      0.31249      0.43629     -0.01025      0.00320      0.00099
FE      0.56273      0.43770      0.43707     -0.00500     -0.00752      0.00034
FE      0.56519      0.31259      0.55978     -0.00441      0.00218      0.00091
FE      0.68782      0.43755      0.56203     -0.00316     -0.00595     -0.00648
FE      0.68783      0.31254      0.68756     -0.00651      0.00428     -0.00304
FE      0.56352      0.43875      0.68739     -0.00269     -0.00845     -0.00328
FE      0.56516      0.31246      0.81521     -0.00555      0.00504     -0.00645
FE      0.68750      0.43754      0.81248     -0.00042     -0.00028      0.00004
FE      0.68830      0.31221      0.93870     -0.00535      0.01016     -0.00570
FE      0.56277      0.43764      0.93793      0.00320     -0.00170     -0.00200
FE      0.56255      0.56218      0.06227     -0.00144      0.00190      0.00377
FE      0.68729      0.68740      0.06224     -0.00392     -0.00700     -0.00166
FE      0.68641      0.56219      0.18851     -0.00066      0.00144     -0.00363
FE      0.56216      0.68608      0.18632     -0.01078      0.00224      0.00013
FE      0.56204      0.56212      0.31273     -0.00979     -0.00005      0.00595
FE      0.68841      0.68594      0.31255     -0.00420      0.00664      0.00569
FE      0.68769      0.56232      0.43761     -0.00300      0.00205     -0.00273
FE      0.56215      0.68595      0.43865     -0.00867      0.01251     -0.00051
FE      0.56214      0.56223      0.56233     -0.01409     -0.00239     -0.00840
FE      0.68757      0.68727      0.56285     -0.00362      0.00358     -0.00390
FE      0.68665      0.56266      0.68647      0.00059     -0.00928      0.00479
FE      0.56218      0.68748      0.68742     -0.00965     -0.00225     -0.00284
FE      0.56266      0.56266      0.81258     -0.00415     -0.00539     -0.00115
FE      0.68710      0.68769      0.81229     -0.00501     -0.00848      0.00149
FE      0.68722      0.56244      0.93748      0.00420     -0.00321     -0.00011
FE      0.56244      0.68755      0.93760     -0.00357     -0.00870     -0.00099
FE      0.56216      0.81244      0.06192     -0.01035     -0.00525     -0.00306
FE      0.68768      0.93776      0.06209      0.00001     -0.00116     -0.00109
FE      0.68975      0.81224      0.18441     -0.01268     -0.00099      0.00538
FE      0.56131      0.93883      0.18514     -0.00425     -0.01078     -0.00304
RU      0.56195      0.81222      0.31220      0.00016      0.00247      0.00457
FE      0.68579      0.93897      0.30987     -0.00179     -0.01102      0.01492
FE      0.68892      0.81096      0.44030     -0.01302      0.00898     -0.00627
FE      0.56202      0.93880      0.43872     -0.00116     -0.01327      0.00500
FE      0.56198      0.81229      0.56320     -0.00722      0.00272      0.00388
FE      0.68497      0.93760      0.56569     -0.00735     -0.00591     -0.00226
FE      0.68716      0.81229      0.68786     -0.00907     -0.00056     -0.00204
FE      0.56122      0.93759      0.68871     -0.00007     -0.00533     -0.00907
FE      0.56215      0.81241      0.81258     -0.01081     -0.00863     -0.00230
FE      0.68724      0.93746      0.81223     -0.00853     -0.00371     -0.00422
FE      0.68712      0.81271      0.93752     -0.00187     -0.00881     -0.00523
FE      0.56239      0.93752      0.93759     -0.00587     -0.00130     -0.00052
FE      0.81215      0.06258      0.06237      0.00380      0.00124     -0.00407
FE      0.93632      0.18895      0.06240      0.00228     -0.00613      0.00230
FE      0.93510      0.06279      0.18970      0.00321      0.00247     -0.00170
FE      0.81214      0.18804      0.18755      0.00311     -0.00847      0.00281
FE      0.81148      0.06429      0.31250      0.00535     -0.00681     -0.00323
FE      0.93739      0.18791      0.31275     -0.00030     -0.00545     -0.00250
FE      0.93885      0.06404      0.43750      0.00035     -0.00667      0.00162
FE      0.81259      0.18797      0.43758     -0.00103      0.00207      0.00179
FE      0.81261      0.06395      0.56381      0.00189     -0.00059      0.00343
FE      0.93770      0.18775      0.56260      0.00074      0.00245     -0.00086
FE      0.93781      0.06272      0.68804      0.00373      0.00397      0.00305
FE      0.81227      0.18786      0.68760     -0.00676      0.00501     -0.00533
FE      0.81140      0.06250      0.81131      0.00830      0.00354      0.00383
FE      0.93727      0.18782      0.81214      0.00137      0.00344      0.00053
FE      0.93471      0.06250      0.93471      0.00350      0.00076      0.00053
FE      0.81225      0.18770      0.93738      0.00401     -0.00135      0.00096
FE      0.81239      0.31266      0.06297      0.01405      0.00303      0.00948
FE      0.93754      0.43611      0.06376      0.00229      0.01008      0.00737
FE      0.93743      0.31245      0.18792      0.00425      0.00562     -0.00368
FE      0.81222      0.43735      0.18797      0.00469      0.00705      0.00190
FE      0.81275      0.31248      0.31227      0.00508      0.00482     -0.00458
FE      0.93754      0.43755      0.31255      0.00117      0.00549     -0.00503
FE      0.93751      0.31255      0.43759     -0.00066      0.00466      0.00009
FE      0.81277      0.43752      0.43737      0.00505      0.00254     -0.00343
FE      0.81236      0.31245      0.56232     -0.00465      0.00675     -0.00313
FE      0.93755      0.43749      0.56245      0.00094      0.00267      0.00038
FE      0.93751      0.31233      0.68715     -0.00030      0.01097     -0.00201
FE      0.81218      0.43738      0.68708     -0.00179      0.00166     -0.00200
FE      0.81222      0.31239      0.81236     -0.00152      0.01005      0.00173
FE      0.93751      0.43622      0.81118      0.00115      0.00640     -0.00303
FE      0.93737      0.31239      0.93741      0.00230      0.00489      0.00330
FE      0.81138      0.43628      0.93768      0.00189      0.00973      0.00416
FE      0.80986      0.56235      0.06519      0.00593     -0.00688     -0.00388
FE      0.93782      0.68870      0.06344      0.01064     -0.01231     -0.00489
FE      0.93769      0.56231      0.18778      0.00720     -0.00546     -0.00273
FE      0.81253      0.68708      0.18734     -0.00045     -0.00006      0.00206
FE      0.81276      0.56217      0.31243     -0.00165      0.00487      0.00063
FE      0.93768      0.68720      0.31245     -0.00114     -0.00197      0.00194
FE      0.93764      0.56244      0.43755      0.00472     -0.00016     -0.00014
FE      0.81292      0.68700      0.43784      0.00175      0.00034      0.00261
FE      0.81260      0.56249      0.56255      0.00640     -0.00378      0.00037
FE      0.93790      0.68727      0.56282      0.00446     -0.00593      0.00522
FE      0.93758      0.56235      0.68721      0.00574     -0.00731      0.00232
FE      0.81239      0.68730      0.68763      0.00450     -0.00528      0.00219
FE      0.80993      0.56246      0.80986      0.00657     -0.00736      0.00431
FE      0.93763      0.68865      0.81125      0.01061     -0.01547     -0.00032
RU      0.93757      0.56247      0.93756      0.00783     -0.00699      0.00438
FE      0.81136      0.68869      0.93728      0.00232     -0.01241     -0.00783
FE      0.81322      0.81227      0.06136      0.00178      0.00069      0.00058
FE      0.93654      0.93620      0.06232      0.00670      0.00738     -0.00845
FE      0.93766      0.81240      0.18752      0.00588     -0.00246     -0.00459
FE      0.81244      0.93761      0.18720     -0.00086      0.00079     -0.00148
FE      0.81278      0.81108      0.31141     -0.00701      0.00401      0.00649
FE      0.93997      0.93742      0.31027      0.00003      0.00422      0.00118
FE      0.93867      0.81104      0.43771      0.00056      0.00432      0.00746
RU      0.81282      0.93765      0.43808     -0.01153     -0.00655      0.00138
FE      0.81355      0.81117      0.56479     -0.00344      0.00253      0.00170
FE      0.94047      0.93762      0.56553      0.00228      0.00386      0.00133
FE      0.93817      0.81252      0.68788      0.01151     -0.00642      0.00940
FE      0.81247      0.93757      0.68783     -0.00160     -0.00088     -0.00037
FE      0.81233      0.81254      0.81227      0.00226     -0.00712     -0.00312
FE      0.93733      0.93733      0.81197      0.00642      0.00471     -0.00183
FE      0.93777      0.81254      0.93698      0.01348     -0.00478     -0.01326
FE      0.81225      0.93738      0.93699      0.00498      0.00366     -0.00956
