/* Converted from PWscf output file */ 
#L_UNITS ang 
#E_UNITS eV 
#S_UNITS GPA 
#F_UNITS EV/ANG 
#ALAT 	  13.67994     // a0 
#X 	   1.00000     0.00000     0.00000     // X 
#Y 	   0.00000     1.05163     0.00000     // Y 
#Z 	   0.00000     0.00000     1.00000     // Z 
#SX 	  -2.25842     0.02742    -0.08575     // SX 
#SY 	   0.02742    -1.58407     0.06971     // SY 
#SZ 	  -0.08575     0.06971    -2.47761     // SZ 
#EPA 	  -3.72609     // Energy per Atom 
#C 	1 1 1 
#W 	1.0 
#RCUT 	6.5        // Rcut 
RU      0.14247      0.10962      0.17523      0.33072     -0.22894      2.73245
FE      0.05875      0.06218      0.32112      0.72467      0.28494     -1.07611
FE      0.18843      0.19044      0.32144     -0.43613     -0.57467     -0.92244
FE      0.18682      0.06235      0.44213     -0.03625      0.17779     -0.09245
FE      0.06250      0.18834      0.44245      0.09855     -0.06173     -0.06460
FE      0.06232      0.06231      0.56973      0.04051     -0.01307      0.00292
FE      0.18766      0.18789      0.56981     -0.03183      0.03042      0.03680
FE      0.18822      0.06181      0.68790      0.05655      0.01093      0.01196
FE      0.06166      0.18831      0.68794     -0.06520      0.00877      0.02188
FE      0.06536      0.31054      0.31723      0.05086     -0.09713     -0.15513
FE      0.18774      0.43543      0.31754     -0.09842      0.06334     -0.06369
FE      0.18812      0.31346      0.44122      0.00908     -0.03561     -0.01546
FE      0.06339      0.43696      0.43857     -0.01187     -0.00176     -0.02416
FE      0.06283      0.31343      0.56786     -0.04468      0.03496      0.09971
FE      0.18855      0.43885      0.56822     -0.05972      0.01086     -0.00925
FE      0.18873      0.31434      0.68746      0.00319     -0.00815     -0.00379
FE      0.06033      0.43920      0.68624      0.01259     -0.01702     -0.00657
FE      0.06485      0.56171      0.31451     -0.00131      0.00084     -0.00191
FE      0.18475      0.68827      0.31455      0.00162     -0.00181      0.00206
FE      0.18637      0.56198      0.43713      0.06853      0.04325      0.06621
FE      0.06337      0.68809      0.43715     -0.06834     -0.04510      0.07310
FE      0.06158      0.56283      0.56620      0.03131     -0.00169      0.03309
FE      0.18826      0.68721      0.56606     -0.02801      0.00757      0.02324
FE      0.18880      0.56345      0.68617     -0.00250     -0.02999     -0.06312
FE      0.06133      0.68655      0.68621     -0.00236      0.03021     -0.05184
FE      0.06184      0.81406      0.31720      0.10836     -0.01179     -0.06893
FE      0.18295      0.94092      0.31394      0.02027      0.19659     -0.37094
FE      0.18629      0.81357      0.43792     -0.01157      0.02499     -0.05251
FE      0.06186      0.93715      0.44062      0.00889      0.03915      0.00120
FE      0.06139      0.81128      0.56798      0.06581      0.00255     -0.02086
FE      0.18692      0.93677      0.56771      0.05427     -0.03896      0.07909
FE      0.18963      0.81090      0.68603     -0.01552      0.02377     -0.00941
FE      0.06128      0.93567      0.68752     -0.00380     -0.00138      0.01515
FE      0.30764      0.06622      0.31223     -0.27332      0.02477     -0.46053
FE      0.43571      0.18834      0.31719     -0.00308     -0.09171     -0.02311
FE      0.43415      0.06249      0.43420      0.07473      0.02922     -0.01330
FE      0.31216      0.18816      0.44186     -0.05330     -0.02347     -0.18580
FE      0.31241      0.06214      0.56661      0.00364     -0.01507      0.08392
FE      0.43855      0.18723      0.56605      0.05270      0.01259     -0.01496
FE      0.43801      0.06252      0.68599      0.11289     -0.02495     -0.00086
FE      0.31467      0.18764      0.68590      0.01169      0.03992      0.14578
FE      0.31126      0.31149      0.31709     -0.23075     -0.15592     -0.02784
FE      0.43549      0.43722      0.31471      0.00056     -0.02760     -0.04817
FE      0.43748      0.31314      0.43699     -0.00968     -0.08134     -0.09466
FE      0.31254      0.43783      0.43665     -0.00336     -0.05500      0.07738
FE      0.31417      0.31318      0.56793     -0.11581      0.04999     -0.04034
FE      0.43904      0.43780      0.56328     -0.01240      0.02534      0.00492
FE      0.44031      0.31313      0.68459      0.02292      0.05257      0.12195
FE      0.31592      0.43981      0.68553      0.03265     -0.04880      0.04601
FE      0.30836      0.56133      0.31473      0.02139      0.07553     -0.07029
FE      0.43393      0.68780      0.31302      0.00438      0.04434     -0.08096
FE      0.43588      0.56333      0.43222      0.06630     -0.06344     -0.01209
FE      0.31042      0.68740      0.43344      0.03636      0.03394      0.10128
FE      0.31430      0.56277      0.56414     -0.08765      0.04615      0.03698
FE      0.43852      0.68790      0.55990     -0.06333     -0.02282      0.07410
FE      0.44192      0.56331      0.68249     -0.01888     -0.00113     -0.00766
FE      0.31621      0.68688      0.68428     -0.00071      0.00519     -0.01573
FE      0.30740      0.81292      0.31478      0.02241      0.11110     -0.03641
FE      0.43445      0.93841      0.31504     -0.04972      0.05680     -0.01773
FE      0.43563      0.81275      0.43152      0.05863      0.04408      0.00381
FE      0.31012      0.93794      0.43638     -0.01952      0.06357     -0.11631
FE      0.31380      0.81271      0.56326     -0.09584     -0.05620      0.06978
FE      0.43771      0.93847      0.56236     -0.05424     -0.08529      0.01299
FE      0.43933      0.81162      0.68290      0.03514     -0.00397      0.01109
FE      0.31480      0.93663      0.68594      0.02795     -0.02776      0.01117
FE      0.56161      0.06317      0.31469     -0.02456     -0.00418      0.02368
FE      0.68840      0.18684      0.31483      0.02346      0.00405      0.03639
FE      0.68857      0.06306      0.43527     -0.10273     -0.01582     -0.04635
FE      0.56114      0.18678      0.43527      0.09093      0.01920     -0.04562
FE      0.56198      0.06271      0.56355     -0.02461     -0.04104     -0.04410
FE      0.68744      0.18716      0.56411      0.00288      0.04633     -0.02433
FE      0.68559      0.06228      0.68509     -0.00108     -0.01468      0.04079
FE      0.56380      0.18753      0.68528     -0.01387      0.01511      0.04448
FE      0.56075      0.31050      0.31398      0.03152      0.06781      0.00975
FE      0.68724      0.43600      0.31238      0.05535      0.00078      0.00337
FE      0.68756      0.31154      0.43359      0.02292      0.01408     -0.06971
FE      0.56260      0.43699      0.43214     -0.04640      0.00278     -0.00679
FE      0.56327      0.31215      0.56357      0.07581      0.03663     -0.01842
FE      0.68798      0.43704      0.55992     -0.00351      0.02599      0.04877
FE      0.68824      0.31271      0.68500     -0.07852      0.01507     -0.03698
FE      0.56519      0.43860      0.68224     -0.03718     -0.05173      0.04269
FE      0.56126      0.56261      0.31227     -0.00352     -0.01452     -0.00739
FE      0.68877      0.68739      0.31232      0.00485      0.01949     -0.00022
FE      0.68832      0.56151      0.42946     -0.04405      0.08169      0.04083
FE      0.56154      0.68860      0.42934      0.04102     -0.07666      0.03965
FE      0.56303      0.56247      0.55765      0.00288      0.03104      0.09748
FE      0.68674      0.68765      0.55778     -0.01140     -0.02978      0.09277
FE      0.68579      0.56294      0.68057      0.02911     -0.01538      0.02189
FE      0.56379      0.68725      0.68053     -0.03416      0.01683      0.02526
FE      0.56264      0.81407      0.31220     -0.05417     -0.00064     -0.00507
FE      0.68913      0.93953      0.31415     -0.02217     -0.05527      0.01402
FE      0.68725      0.81313      0.43211      0.04097     -0.00408     -0.00943
FE      0.56186      0.93854      0.43331     -0.02543     -0.01288     -0.06924
FE      0.56174      0.81303      0.55967     -0.00468     -0.02004      0.04578
FE      0.68648      0.93783      0.56346     -0.08019     -0.04102     -0.01655
FE      0.68450      0.81144      0.68208      0.02971      0.06037      0.03618
FE      0.56129      0.93718      0.68465      0.06239     -0.01553     -0.03871
FE      0.81453      0.06169      0.31712      0.04714      0.09301     -0.01857
FE      0.94022      0.18548      0.31648      0.03269      0.05401     -0.16784
FE      0.93748      0.06200      0.44231     -0.20869      0.03522      0.03186
FE      0.81448      0.18758      0.43556     -0.03165     -0.02306     -0.03538
FE      0.81107      0.06261      0.56639     -0.01019     -0.01119     -0.06420
FE      0.93712      0.18800      0.56705     -0.03678      0.01247      0.09788
FE      0.93528      0.06231      0.68577     -0.00031     -0.03982      0.14152
FE      0.81162      0.18733      0.68629     -0.12308      0.02826      0.02715
FE      0.81508      0.31193      0.31511      0.02783     -0.03356     -0.00550
FE      0.94214      0.43707      0.31517     -0.05364     -0.09240     -0.01875
FE      0.93876      0.31260      0.43737     -0.02513     -0.07766     -0.09594
FE      0.81395      0.43735      0.43199     -0.06336     -0.02876      0.02069
FE      0.81161      0.31166      0.56312      0.03980      0.08851      0.02952
FE      0.93588      0.43746      0.56375      0.08235      0.06317      0.08566
FE      0.93496      0.31342      0.68602     -0.02803      0.02686      0.00700
FE      0.81029      0.43853      0.68330     -0.04177      0.00703      0.02011
FE      0.81591      0.56216      0.31308     -0.00764     -0.03611     -0.08710
FE      0.94126      0.68870      0.31481     -0.02782     -0.07632     -0.05779
FE      0.93936      0.56271      0.43371     -0.04248     -0.02163      0.10633
FE      0.81393      0.68675      0.43247     -0.06880      0.07418     -0.01639
FE      0.81124      0.56221      0.56013      0.06091      0.02663      0.07847
FE      0.93563      0.68723      0.56433      0.08928     -0.03789      0.03573
FE      0.93366      0.56323      0.68444     -0.00055      0.00259     -0.02028
FE      0.80786      0.68679      0.68258      0.01811      0.00390     -0.00138
FE      0.81437      0.81289      0.31468     -0.00068      0.02743     -0.05250
FE      0.93888      0.93859      0.31720      0.09854      0.06481     -0.00483
FE      0.93734      0.81221      0.43668      0.02688      0.06603      0.05016
FE      0.81260      0.93693      0.43706      0.02857      0.07675     -0.09952
FE      0.81084      0.81224      0.56329      0.00686     -0.02613      0.00605
FE      0.93587      0.93682      0.56800      0.09716     -0.04216     -0.04763
FE      0.93410      0.81018      0.68538     -0.02495      0.05288      0.04071
FE      0.80949      0.93677      0.68464     -0.02313     -0.05382      0.12974
