/* Converted from PWscf output file */ 
#L_UNITS ang 
#E_UNITS eV 
#S_UNITS GPA 
#F_UNITS EV/ANG 
#ALAT 	  13.69614     // a0 
#X 	   1.00000    -0.00000    -0.00000     // X 
#Y 	  -0.00000     1.05606    -0.00001     // Y 
#Z 	  -0.00000    -0.00001     0.99999     // Z 
#SX 	   0.13329    -0.00029     0.00029     // SX 
#SY 	  -0.00029     0.03617    -0.00015     // SY 
#SZ 	   0.00029    -0.00015     0.13388     // SZ 
#EPA 	  -4.29444     // Energy per Atom 
#C 	1 1 1 
#W 	1.0 
#RCUT 	6.5        // Rcut 
RU      0.06265      0.06258      0.06226      0.00355     -0.00190     -0.00745
FE      0.18871      0.18877      0.06269     -0.00983     -0.02014      0.01207
FE      0.19044      0.06251      0.19010     -0.00481     -0.00005     -0.02007
FE      0.06251      0.18885      0.18879     -0.00018     -0.01964     -0.01075
FE      0.06291      0.06266      0.31258      0.00663     -0.00026     -0.00923
FE      0.18777      0.18770      0.31268      0.00707      0.00139     -0.00444
FE      0.18754      0.06248      0.43740      0.00094     -0.00381     -0.00272
FE      0.06262      0.18783      0.43735     -0.00249     -0.00238     -0.00913
FE      0.06283      0.06261      0.56271      0.00405     -0.00043      0.00227
FE      0.18721      0.18740      0.56220      0.00166      0.00133     -0.00613
FE      0.18746      0.06222      0.68773      0.01139      0.00131      0.00351
FE      0.06256      0.18749      0.68747      0.00698      0.00190     -0.00067
FE      0.06255      0.06249      0.81231      0.00412      0.00120      0.01352
FE      0.18750      0.18746      0.81231      0.00582     -0.00002     -0.00192
FE      0.19026      0.06243      0.93472     -0.00677     -0.00236      0.01350
FE      0.06230      0.18890      0.93639     -0.00457     -0.01293      0.01293
FE      0.06230      0.31260      0.06296     -0.01486      0.00137      0.02355
FE      0.18779      0.43739      0.06298      0.00294      0.00259      0.01973
FE      0.18771      0.31264      0.18773      0.00588      0.00204      0.00634
FE      0.06277      0.43734      0.18794      0.00389      0.00261      0.00921
FE      0.06227      0.31285      0.31255     -0.01348      0.00526     -0.01051
FE      0.18758      0.43762      0.31256      0.00537      0.00517      0.00267
FE      0.18642      0.31258      0.43639     -0.00745      0.00732     -0.01605
FE      0.06230      0.43764      0.43738     -0.00706      0.01046     -0.00591
FE      0.06268      0.31252      0.56234      0.00518      0.00284     -0.00841
FE      0.18729      0.43766      0.56198      0.00505      0.00191     -0.01805
FE      0.18726      0.31251      0.68736      0.01305      0.00256     -0.01004
FE      0.06280      0.43742      0.68705      0.01047      0.00310     -0.01266
FE      0.06269      0.31263      0.81205      0.00255      0.00240     -0.00421
FE      0.18756      0.43762      0.81238      0.00497      0.00418     -0.00238
FE      0.18682      0.31233      0.93861     -0.00931      0.00215      0.01803
FE      0.06358      0.43615      0.93770     -0.01579      0.02000      0.00899
FE      0.06536      0.56249      0.06534     -0.00858      0.00110     -0.00769
FE      0.18798      0.68773      0.06279      0.01347      0.00077      0.00853
FE      0.18873      0.56248      0.18873      0.01912      0.00369      0.01973
FE      0.06285      0.68768      0.18790      0.01402     -0.00198      0.00688
FE      0.06262      0.56241      0.31240      0.00580      0.00055      0.00014
FE      0.18783      0.68746      0.31270      0.01768     -0.00168      0.00770
FE      0.18755      0.56250      0.43747      0.00535      0.00171     -0.00401
FE      0.06283      0.68718      0.43754      0.00706     -0.00637      0.00142
FE      0.06253      0.56246      0.56249      0.00119      0.00187     -0.00656
FE      0.18772      0.68762      0.56229      0.01541      0.00258     -0.00977
FE      0.18841      0.56283      0.68626      0.01702      0.00526     -0.02526
FE      0.06283      0.68766      0.68710      0.01092     -0.00295     -0.00974
FE      0.06524      0.56254      0.80979     -0.01337      0.00442      0.01686
FE      0.18793      0.68771      0.81211      0.01273      0.00076     -0.00691
FE      0.18788      0.56254      0.93760     -0.00173      0.00529      0.00548
FE      0.06380      0.68890      0.93753     -0.00070     -0.02048     -0.00003
FE      0.06281      0.81227      0.06243      0.01304     -0.00762     -0.00587
FE      0.18915      0.93614      0.06221      0.01174      0.01447     -0.01520
FE      0.18795      0.81223      0.18756      0.02086     -0.00820     -0.00068
FE      0.06382      0.93607      0.18765      0.02528      0.00913     -0.02197
FE      0.06296      0.81203      0.31262      0.01373     -0.00245      0.00537
FE      0.18779      0.93732      0.31287      0.01290     -0.00529      0.00652
FE      0.18761      0.81237      0.43760      0.01016     -0.00142      0.00385
FE      0.06287      0.93746      0.43753     -0.00076     -0.00141      0.00099
FE      0.06296      0.81233      0.56267      0.01279     -0.00106      0.00103
FE      0.18741      0.93742      0.56249      0.00498     -0.00529     -0.00053
FE      0.18784      0.81237      0.68753      0.02025     -0.00674     -0.00289
FE      0.06371      0.93750      0.68862      0.02286     -0.00485      0.01498
FE      0.06279      0.81225      0.81217      0.01246     -0.00781      0.00064
FE      0.18819      0.93731      0.81237      0.03084     -0.00629      0.01095
FE      0.18805      0.81258      0.93739      0.01606     -0.00807     -0.00166
FE      0.06253      0.93603      0.93623      0.00563      0.00979      0.00701
FE      0.31285      0.06243      0.06254     -0.00322     -0.00018     -0.00114
FE      0.43753      0.18754      0.06248     -0.00129      0.00080      0.00081
FE      0.43727      0.06255      0.18740     -0.00808      0.00455     -0.00646
FE      0.31292      0.18772      0.18780      0.00960      0.00633      0.00444
FE      0.31366      0.06243      0.31359      0.01908     -0.00317      0.01465
FE      0.43762      0.18763      0.31259      0.00346      0.00947      0.00464
FE      0.43786      0.06219      0.43752      0.01957     -0.00329      0.01417
FE      0.31236      0.18742      0.43727      0.00335      0.00348      0.00062
FE      0.31237      0.06228      0.56233      0.00251     -0.00448     -0.00318
FE      0.43745      0.18616      0.56128      0.00062      0.02202      0.01102
FE      0.43768      0.06223      0.68733      0.01055      0.00064     -0.01229
FE      0.31144      0.18615      0.68733      0.01956      0.02086     -0.00935
FE      0.31358      0.06228      0.81144      0.02238     -0.00083     -0.00993
FE      0.43772      0.18616      0.81360      0.00973      0.01947     -0.01405
FE      0.43744      0.06216      0.93781     -0.00415      0.00092      0.00233
FE      0.31266      0.18751      0.93766      0.00646     -0.00472      0.00099
FE      0.31288      0.31275      0.06248      0.01017      0.00205      0.00816
FE      0.43756      0.43761      0.06250      0.00341      0.00606      0.00323
FE      0.43761      0.31254      0.18760      0.00438      0.00277      0.00787
FE      0.31277      0.43756      0.18772      0.01301      0.00039      0.01244
FE      0.31250      0.31253      0.31261      0.00491      0.00644      0.00367
FE      0.43752      0.43759      0.31250     -0.00036     -0.00123      0.00753
FE      0.43750      0.31253      0.43713     -0.00124      0.00947      0.00282
FE      0.31223      0.43773      0.43710      0.00291      0.00077     -0.00720
FE      0.30979      0.31249      0.55971      0.02048      0.00670      0.00995
FE      0.43753      0.43890      0.56120     -0.00004     -0.01846      0.00072
RU      0.43751      0.31253      0.68746      0.00339     -0.00008     -0.00480
FE      0.31145      0.43886      0.68735      0.02005     -0.01680     -0.01264
FE      0.30992      0.31245      0.81521      0.02579      0.00175     -0.01769
FE      0.43754      0.43892      0.81375      0.00180     -0.01322     -0.00787
FE      0.43763      0.31253      0.93790      0.00629      0.00500     -0.00355
FE      0.31228      0.43777      0.93794     -0.00281      0.00731      0.00670
FE      0.31240      0.56256      0.06264      0.00165      0.00545      0.01090
FE      0.43754      0.68752      0.06251      0.00143     -0.00248      0.00381
FE      0.43753      0.56247      0.18757     -0.00021      0.00104      0.00370
FE      0.31278      0.68749      0.18769      0.01395     -0.00240      0.00729
FE      0.31281      0.56255      0.31276      0.02081      0.00393      0.01712
FE      0.43744      0.68750      0.31244     -0.00515      0.00285      0.00123
FE      0.43749      0.56279      0.43717     -0.00414      0.00113     -0.00592
FE      0.31251      0.68761      0.43744      0.00798      0.00553     -0.00182
FE      0.31269      0.56268      0.56197      0.01953      0.00298     -0.02319
FE      0.43742      0.68748      0.56248     -0.00589      0.00031     -0.00574
FE      0.43751      0.56278      0.68748     -0.00107      0.00336     -0.00430
FE      0.31270      0.68756      0.68735      0.01180     -0.00076     -0.00792
FE      0.31231      0.56270      0.81254      0.00373      0.00555     -0.00268
FE      0.43753      0.68750      0.81247     -0.00111     -0.00282      0.00104
FE      0.43754      0.56283      0.93786      0.00046      0.00490      0.00509
FE      0.31257      0.68756      0.93759      0.00353      0.00046      0.00023
FE      0.31293      0.81218      0.06250      0.01368     -0.00561     -0.00121
FE      0.43718      0.93743      0.06215     -0.02021     -0.00564     -0.01541
FE      0.43742      0.81235      0.18743     -0.00443     -0.00611     -0.00051
FE      0.31295      0.93732      0.18779      0.01078     -0.00633      0.00499
FE      0.31256      0.81242      0.31252      0.00833     -0.00441      0.00469
FE      0.43777      0.93740      0.31256      0.00644     -0.01114      0.00224
FE      0.43752      0.81241      0.43752      0.00048     -0.00541      0.00113
FE      0.31264      0.93734      0.43762      0.00985     -0.01096      0.00669
FE      0.31254      0.81245      0.56247      0.00835     -0.00443     -0.00186
FE      0.43760      0.93750      0.56253      0.00353     -0.00753      0.00083
FE      0.43734      0.81240      0.68765     -0.00814     -0.00429      0.00146
FE      0.31268      0.93746      0.68735      0.01107     -0.00746     -0.00929
FE      0.31266      0.81246      0.81239      0.01236     -0.00673     -0.00152
FE      0.43736      0.93745      0.81266     -0.01190     -0.00698      0.01361
FE      0.43759      0.81239      0.93748     -0.00144     -0.00968     -0.00379
FE      0.31294      0.93726      0.93730      0.01118     -0.00523     -0.00578
FE      0.56232      0.06249      0.06238     -0.00806      0.00075     -0.00308
FE      0.68753      0.18748      0.06260     -0.00070     -0.00339      0.00764
FE      0.68726      0.06265      0.18715     -0.01180     -0.00074     -0.00378
FE      0.56240      0.18757      0.18748     -0.00626      0.00436     -0.00168
FE      0.56207      0.06262      0.31212     -0.00660      0.00009     -0.00956
FE      0.68732      0.18774      0.31232     -0.00895      0.00575     -0.00198
FE      0.68598      0.06388      0.43775     -0.00867     -0.01870      0.01361
FE      0.56242      0.18770      0.43711     -0.00035      0.00637     -0.00226
FE      0.56218      0.06247      0.56262     -0.00652     -0.00119      0.00385
FE      0.68775      0.18755      0.56230     -0.00469      0.00621     -0.00692
FE      0.68718      0.06234      0.68759     -0.02758     -0.00026     -0.01490
FE      0.56368      0.18612      0.68754     -0.01403      0.02142     -0.00374
FE      0.56242      0.06234      0.81278     -0.00866      0.00016      0.00942
FE      0.68762      0.18738      0.81268     -0.00956      0.00196      0.00323
FE      0.68760      0.06244      0.93752     -0.00274     -0.00401      0.00020
FE      0.56271      0.18733      0.93796     -0.00105     -0.00190      0.00761
FE      0.56242      0.31244      0.06246     -0.00443      0.00020      0.00748
FE      0.68721      0.43744      0.06297     -0.00583      0.00677      0.01854
FE      0.68736      0.31259      0.18754     -0.01112      0.00579      0.00656
FE      0.56226      0.43748      0.18768     -0.01167     -0.00050      0.00888
FE      0.56242      0.31259      0.31254     -0.00262      0.00872      0.00152
FE      0.68750      0.43755      0.31249     -0.00368      0.00291      0.00169
FE      0.68867      0.31248      0.43631      0.00895      0.00207     -0.02114
FE      0.56273      0.43771      0.43707     -0.00033      0.00024     -0.00886
FE      0.56523      0.31259      0.55973     -0.01546      0.00339      0.01152
FE      0.68779      0.43766      0.56196     -0.00219      0.00138     -0.01894
FE      0.68783      0.31253      0.68754     -0.01038      0.00338     -0.00465
FE      0.56355      0.43884      0.68735     -0.01769     -0.01702     -0.00958
FE      0.56520      0.31244      0.81526     -0.01896      0.00160     -0.01694
FE      0.68750      0.43755      0.81249     -0.00266      0.00351      0.00074
FE      0.68828      0.31219      0.93871      0.00592      0.00296      0.01713
FE      0.56276      0.43769      0.93797      0.00681      0.00607      0.00831
FE      0.56256      0.56254      0.06262     -0.00154      0.00453      0.00929
FE      0.68700      0.68763      0.06270     -0.01782     -0.00507      0.00483
FE      0.68628      0.56242      0.18864     -0.02395      0.00277      0.01775
FE      0.56220      0.68755      0.18763     -0.01545      0.00022      0.00595
FE      0.56207      0.56246      0.31271     -0.02016      0.00216      0.01234
FE      0.68718      0.68740      0.31252     -0.01476      0.00062      0.00811
FE      0.68753      0.56254      0.43745     -0.00341      0.00536     -0.00517
FE      0.56211      0.68730      0.43742     -0.01206      0.00364     -0.00274
FE      0.56218      0.56260      0.56200     -0.02127      0.00172     -0.02179
FE      0.68728      0.68749      0.56240     -0.01248      0.00359     -0.01024
FE      0.68662      0.56276      0.68636     -0.01886      0.00370     -0.02131
FE      0.56221      0.68755      0.68740     -0.01415      0.00070     -0.00625
FE      0.56266      0.56268      0.81258     -0.00185      0.00478      0.00114
FE      0.68711      0.68773      0.81229     -0.01317     -0.00018     -0.00019
FE      0.68716      0.56253      0.93759      0.00201      0.00374      0.00535
FE      0.56245      0.68764      0.93762     -0.00496     -0.00319      0.00184
FE      0.56219      0.81245      0.06234     -0.01628     -0.00391     -0.00409
FE      0.68736      0.93754      0.06257     -0.00845     -0.00107      0.00110
FE      0.68704      0.81226      0.18719     -0.02206     -0.00382      0.00031
FE      0.56124      0.93751      0.18632     -0.02146     -0.00371     -0.02012
FE      0.56202      0.81225      0.31220     -0.01195     -0.00767     -0.00261
FE      0.68446      0.93746      0.30990     -0.00181     -0.00538      0.02297
FE      0.68619      0.81108      0.43752     -0.00223      0.01599      0.00042
FE      0.56209      0.93741      0.43747      0.00089     -0.00960      0.00525
FE      0.56200      0.81226      0.56277     -0.01250     -0.00230      0.00557
FE      0.68469      0.93741      0.56531     -0.00035     -0.00866     -0.01228
FE      0.68714      0.81230      0.68789     -0.01749     -0.00358      0.00165
FE      0.56124      0.93753      0.68868     -0.02052     -0.00578      0.01058
FE      0.56219      0.81243      0.81258     -0.01655     -0.00750      0.00126
FE      0.68725      0.93744      0.81225     -0.01649     -0.00793     -0.00574
FE      0.68707      0.81273      0.93749     -0.01410     -0.00289     -0.00264
FE      0.56242      0.93745      0.93760     -0.00712     -0.00230      0.00121
FE      0.81207      0.06251      0.06245      0.00028     -0.00276      0.00010
FE      0.93628      0.18896      0.06241      0.01059     -0.01809      0.00340
FE      0.93496      0.06269      0.18979      0.01435      0.00458     -0.01885
FE      0.81204      0.18795      0.18758     -0.00523     -0.00112      0.00526
FE      0.81118      0.06401      0.31246     -0.02063     -0.01028      0.02584
FE      0.93736      0.18788      0.31276     -0.00553     -0.00086      0.00252
FE      0.93870      0.06391      0.43744     -0.01340     -0.01763     -0.00123
FE      0.81250      0.18785      0.43754     -0.00082      0.00419      0.00067
FE      0.81253      0.06389      0.56371      0.00071     -0.01583     -0.01155
FE      0.93767      0.18771      0.56258      0.00162      0.00188     -0.00297
FE      0.93777      0.06267      0.68800      0.00375      0.00274      0.00410
FE      0.81227      0.18781      0.68758     -0.01147      0.00602     -0.00722
FE      0.81136      0.06245      0.81132     -0.01555     -0.00453     -0.01585
FE      0.93727      0.18780      0.81214     -0.00484      0.00741     -0.00420
FE      0.93467      0.06247      0.93470      0.01072     -0.00531      0.01407
FE      0.81223      0.18767      0.93740     -0.00144     -0.00092      0.00099
FE      0.81233      0.31265      0.06296      0.01152      0.00600      0.02253
FE      0.93752      0.43609      0.06378     -0.00116      0.02033     -0.00054
FE      0.93740      0.31243      0.18793     -0.00071      0.00529      0.00615
FE      0.81211      0.43744      0.18798     -0.00398      0.00635      0.01107
FE      0.81271      0.31247      0.31229      0.01137      0.00356     -0.01139
FE      0.93749      0.43759      0.31255     -0.00234      0.00872     -0.00311
FE      0.93748      0.31254      0.43757     -0.00244      0.00645      0.00123
FE      0.81265      0.43761      0.43735      0.00703      0.00709     -0.00907
FE      0.81234      0.31244      0.56231     -0.00655      0.00404     -0.00910
FE      0.93752      0.43750      0.56244     -0.00077      0.00380     -0.00364
FE      0.93751      0.31230      0.68715     -0.00219      0.00667     -0.01153
FE      0.81218      0.43741      0.68707     -0.00808      0.00097     -0.01083
FE      0.81221      0.31237      0.81235     -0.00499      0.00631      0.00052
FE      0.93750      0.43619      0.81117     -0.00126      0.01891      0.00768
FE      0.93737      0.31238      0.93741     -0.00288      0.00409      0.00103
FE      0.81133      0.43625      0.93768      0.01370      0.02359      0.00893
FE      0.80974      0.56245      0.06531      0.01309     -0.00214     -0.01082
FE      0.93757      0.68884      0.06367      0.00272     -0.02002     -0.00999
FE      0.93757      0.56240      0.18784      0.00287     -0.00338     -0.00130
FE      0.81207      0.68730      0.18765     -0.01139     -0.00339      0.00619
FE      0.81240      0.56251      0.31243     -0.00416      0.00335      0.00139
FE      0.93765      0.68728      0.31244      0.00016     -0.00649      0.00155
FE      0.93752      0.56251      0.43750      0.00089      0.00546     -0.00438
FE      0.81247      0.68723      0.43752     -0.00206     -0.00278     -0.00063
FE      0.81251      0.56256      0.56247      0.00284      0.00508     -0.00634
FE      0.93768      0.68737      0.56261      0.00182     -0.00419      0.00009
FE      0.93755      0.56239      0.68718      0.00276     -0.00194      0.00100
FE      0.81219      0.68740      0.68742     -0.00601      0.00071     -0.00426
FE      0.80984      0.56251      0.80981      0.01610      0.00169      0.01827
FE      0.93757      0.68875      0.81122      0.00309     -0.02214      0.01105
RU      0.93753      0.56253      0.93757      0.00442      0.00262      0.00840
FE      0.81114      0.68883      0.93753      0.00530     -0.01885      0.00028
FE      0.81197      0.81228      0.06261     -0.00937     -0.00188      0.00267
FE      0.93629      0.93607      0.06254      0.01034      0.01076     -0.00006
FE      0.93768      0.81240      0.18760      0.00472     -0.00540      0.00212
FE      0.81199      0.93742      0.18753     -0.01241     -0.00121      0.01275
FE      0.81233      0.81110      0.31140     -0.01084      0.01368      0.01835
FE      0.93997      0.93735      0.31026     -0.01747     -0.00193      0.02290
FE      0.93872      0.81102      0.43763     -0.01231      0.01190      0.00676
RU      0.81232      0.93738      0.43772     -0.01166     -0.00391      0.00775
FE      0.81240      0.81109      0.56368     -0.00931      0.01023     -0.01062
FE      0.94025      0.93754      0.56529     -0.01418      0.00093     -0.01506
FE      0.93779      0.81253      0.68751      0.00460     -0.00636     -0.00366
FE      0.81229      0.93749      0.68765     -0.00944     -0.00830     -0.01322
FE      0.81228      0.81256      0.81228     -0.00666     -0.00394     -0.00577
FE      0.93728      0.93730      0.81198     -0.00489     -0.00772     -0.00726
FE      0.93738      0.81255      0.93738     -0.00222     -0.00477     -0.00408
FE      0.81206      0.93729      0.93723     -0.00944     -0.00713     -0.00739
