/* Converted from PWscf output file */ 
#L_UNITS ang 
#E_UNITS eV 
#S_UNITS GPA 
#F_UNITS EV/ANG 
#ALAT 	  13.68520     // a0 
#X 	   1.00000     0.00000     0.00000     // X 
#Y 	   0.00000     1.05688    -0.00008     // Y 
#Z 	   0.00000    -0.00007     1.00045     // Z 
#SX 	   0.07321    -0.00000     0.00000     // SX 
#SY 	  -0.00000    -0.07263     0.00292     // SY 
#SZ 	   0.00000     0.00292     0.07656     // SZ 
#EPA 	  -4.28628     // Energy per Atom 
#C 	1 1 1 
#W 	1.0 
#RCUT 	6.5        // Rcut 
RU      0.06249      0.06065      0.06425     -0.00198      0.08244     -0.05312
FE      0.19131      0.18885      0.06537     -0.07563     -0.03332     -0.02744
FE      0.19082      0.06229      0.19096     -0.02347     -0.00974     -0.02038
FE      0.06245      0.18904      0.18931     -0.00132     -0.03455     -0.02504
FE      0.06248      0.06246      0.31292     -0.00037     -0.00171     -0.00153
FE      0.18793      0.18779      0.31279      0.02803      0.02254      0.01784
FE      0.18787      0.06265      0.43703      0.02463      0.01189     -0.01534
FE      0.06248      0.18791      0.43719      0.00037      0.02268     -0.01394
FE      0.06248      0.06402      0.56111     -0.00001     -0.02990      0.02402
FE      0.18773      0.18775      0.56238      0.01786      0.01801     -0.01482
FE      0.18919      0.06383      0.68715     -0.00832     -0.04173     -0.02806
FE      0.06247      0.18794      0.68707     -0.00078      0.02269     -0.00172
FE      0.06246      0.06256      0.81205     -0.00163      0.00855     -0.00448
FE      0.19095      0.18792      0.80917     -0.01890      0.02851      0.03000
FE      0.19156      0.06140      0.93519     -0.06056      0.05596      0.05985
RU      0.06249      0.18986      0.93622     -0.00199     -0.06106      0.07342
FE      0.06249      0.31440      0.06396      0.00002      0.00062     -0.01825
FE      0.18769      0.43773      0.06263      0.01385      0.01766      0.01204
FE      0.18794      0.31287      0.18812      0.02376      0.03143      0.03019
FE      0.06248      0.43787      0.18787     -0.00005      0.02099      0.02152
FE      0.06248      0.31292      0.31281      0.00070      0.03208      0.01677
FE      0.18760      0.43767      0.31263      0.00770      0.01384      0.01202
FE      0.18760      0.31264      0.43752      0.00927      0.01808      0.00449
FE      0.06248      0.43757      0.43754      0.00036      0.01001      0.00430
FE      0.06248      0.31255      0.56245      0.00039      0.01181     -0.00794
FE      0.18757      0.43760      0.56238      0.00711      0.01174     -0.01299
FE      0.18791      0.31278      0.68692      0.02759      0.02857     -0.03696
FE      0.06248      0.43800      0.68705      0.00028      0.03521     -0.03335
FE      0.06248      0.31506      0.81021     -0.00051      0.00519      0.01060
FE      0.18775      0.43788      0.81221      0.01675      0.02704     -0.01510
FE      0.18907      0.31437      0.93745     -0.02323     -0.00524     -0.00546
FE      0.06248      0.43784      0.93755     -0.00001      0.01866     -0.00032
FE      0.06248      0.56243      0.06249      0.00032     -0.00533      0.00989
FE      0.18756      0.68747      0.06257      0.00868     -0.01124      0.01116
FE      0.18755      0.56256      0.18761      0.00333      0.00492      0.00551
FE      0.06248      0.68751      0.18753      0.00036     -0.00520      0.00451
FE      0.06248      0.56247      0.31249      0.00039      0.00016      0.00199
FE      0.18760      0.68737      0.31250      0.00795     -0.01654     -0.00178
FE      0.18756      0.56239      0.43745      0.00347     -0.00383     -0.00250
FE      0.06248      0.68713      0.43721      0.00066     -0.03073     -0.01110
FE      0.06248      0.56252      0.56244      0.00040      0.00911     -0.01170
FE      0.18768      0.68732      0.56231      0.01054     -0.01790     -0.01136
FE      0.18756      0.56257      0.68741      0.00663      0.00663     -0.00868
FE      0.06248      0.68719      0.68748      0.00031     -0.02140     -0.00864
FE      0.06248      0.56248      0.81246      0.00037      0.00092     -0.00154
FE      0.18769      0.68724      0.81253      0.01169     -0.02253      0.00311
FE      0.18755      0.56238      0.93761      0.00663     -0.00421      0.00381
FE      0.06248      0.68720      0.93787      0.00034     -0.02068      0.01427
FE      0.06248      0.81209      0.06248     -0.00005     -0.02488      0.00668
FE      0.18905      0.93575      0.06258     -0.02236      0.01360      0.01595
FE      0.18776      0.81211      0.18778      0.01781     -0.02940      0.01567
FE      0.06248      0.93494      0.18975     -0.00044     -0.00421     -0.00871
FE      0.06248      0.81195      0.31293      0.00027     -0.04071      0.02869
FE      0.18796      0.93722      0.31314      0.03110     -0.02687      0.03052
FE      0.18787      0.81220      0.43720      0.02300     -0.02643     -0.00901
FE      0.06248      0.93744      0.43713     -0.00032     -0.01042      0.00704
FE      0.06246      0.81081      0.56098     -0.00107      0.01456      0.01624
FE      0.19052      0.93745      0.55944     -0.02930     -0.01223      0.02844
FE      0.18896      0.81080      0.68737     -0.02149      0.01829     -0.01283
RU      0.06249      0.93696      0.68706     -0.00191     -0.01893     -0.01880
FE      0.06247      0.81061      0.81355     -0.00020      0.01064     -0.04513
FE      0.19089      0.93712      0.81490     -0.01168     -0.03142     -0.06375
FE      0.18796      0.81207      0.93781      0.02864     -0.03269      0.01174
FE      0.06248      0.93564      0.93659     -0.00072      0.01088      0.02970
FE      0.31339      0.06239      0.06290      0.02464     -0.00307      0.02939
FE      0.43747      0.18759      0.06253      0.01148      0.00730      0.00915
FE      0.43766      0.06242      0.18772      0.02740     -0.00229      0.01781
FE      0.31398      0.18769      0.18891      0.07469      0.01507      0.06669
FE      0.31405      0.06249      0.31372      0.08812      0.00210      0.06006
FE      0.43800      0.18762      0.31291      0.04835      0.01062      0.03937
FE      0.43804      0.06253      0.43768      0.05802      0.00306      0.02040
FE      0.31274      0.18764      0.43764      0.02472      0.01411      0.01030
FE      0.31308      0.06259      0.56202      0.03647      0.00574     -0.03084
FE      0.43796      0.18760      0.56212      0.05100      0.01304     -0.03808
FE      0.43800      0.06246      0.68709      0.04944     -0.00228     -0.04227
FE      0.31418      0.18790      0.68614      0.08752      0.02131     -0.07502
FE      0.31436      0.06251      0.81138      0.08741      0.00366     -0.05040
FE      0.43773      0.18766      0.81232      0.03056      0.01586     -0.01343
FE      0.43764      0.06249      0.93763      0.02538      0.00318      0.00684
FE      0.31329      0.18772      0.93731      0.01713      0.01722     -0.00802
FE      0.31320      0.31298      0.06277      0.03515      0.03121      0.01823
FE      0.43764      0.43761      0.06252      0.01692      0.01385      0.00570
FE      0.43779      0.31259      0.18772      0.02648      0.01641      0.01707
FE      0.31264      0.43766      0.18760      0.01178      0.01218      0.00792
FE      0.31271      0.31260      0.31269      0.02170      0.01673      0.02004
FE      0.43755      0.43756      0.31249      0.00618      0.00454      0.00319
FE      0.43757      0.31252      0.43752      0.01210      0.01041      0.00018
FE      0.31254      0.43756      0.43752      0.00996      0.00683     -0.00123
FE      0.31278      0.31265      0.56226      0.02667      0.02078     -0.02092
FE      0.43756      0.43754      0.56246      0.00705      0.00327     -0.00349
FE      0.43775      0.31260      0.68735      0.02696      0.01910     -0.01708
FE      0.31257      0.43759      0.68745      0.01113      0.00932     -0.00911
FE      0.31307      0.31281      0.81215      0.03290      0.02887     -0.02004
FE      0.43765      0.43760      0.81243      0.01583      0.01067     -0.00592
FE      0.43764      0.31261      0.93750      0.01474      0.01592     -0.00234
FE      0.31296      0.43799      0.93752      0.02734      0.02569      0.00007
FE      0.31259      0.56255      0.06251      0.00851      0.00514      0.00483
FE      0.43758      0.68748      0.06249      0.01226     -0.01115      0.00318
FE      0.43756      0.56249      0.18754      0.00617      0.00146      0.00176
FE      0.31263      0.68741      0.18757      0.01447     -0.01424      0.00481
FE      0.31252      0.56247      0.31249      0.00639      0.00005      0.00264
FE      0.43755      0.68749      0.31248      0.00645     -0.00592     -0.00015
FE      0.43755      0.56245      0.43752      0.00445     -0.00090     -0.00092
FE      0.31256      0.68746      0.43748      0.00877     -0.00993     -0.00394
FE      0.31259      0.56240      0.56244      0.00762     -0.00380     -0.00445
FE      0.43762      0.68747      0.56243      0.01205     -0.00984     -0.00543
FE      0.43757      0.56246      0.68751      0.01017     -0.00444     -0.00273
FE      0.31285      0.68717      0.68749      0.02313     -0.02132     -0.00534
FE      0.31269      0.56249      0.81245      0.01442      0.00237     -0.00304
FE      0.43765      0.68745      0.81250      0.01527     -0.01111      0.00251
FE      0.43759      0.56249      0.93753      0.01200      0.00581      0.00082
FE      0.31264      0.68738      0.93755      0.01291     -0.01430      0.00293
FE      0.31309      0.81195      0.06267      0.03699     -0.03158      0.01882
FE      0.43792      0.93741      0.06281      0.04419     -0.01370      0.03552
FE      0.43765      0.81238      0.18758      0.01949     -0.01569      0.00614
FE      0.31303      0.93728      0.18788      0.03222     -0.02210      0.02218
FE      0.31272      0.81233      0.31237      0.02310     -0.01728     -0.00798
FE      0.43802      0.93743      0.31234      0.05247     -0.01154     -0.01550
FE      0.43771      0.81239      0.43737      0.02121     -0.01147     -0.01065
FE      0.31388      0.93742      0.43652      0.08080     -0.01617     -0.03960
FE      0.31294      0.81225      0.56217      0.02694     -0.02066     -0.01735
FE      0.43750      0.93749      0.56242      0.01571     -0.00837     -0.00832
FE      0.43756      0.81238      0.68751      0.00934     -0.01042     -0.00410
FE      0.31309      0.93742      0.68731      0.01506     -0.01379     -0.02114
FE      0.31304      0.81216      0.81268      0.03083     -0.02612      0.00810
FE      0.43774      0.93740      0.81233      0.03149     -0.01622     -0.01073
FE      0.43781      0.81232      0.93765      0.03291     -0.02232      0.00884
FE      0.31433      0.93705      0.93839      0.08726     -0.02716      0.03923
FE      0.56248      0.06247      0.06250      0.00059      0.00313      0.00782
FE      0.68758      0.18759      0.06253     -0.01167      0.00750      0.00968
FE      0.68739      0.06242      0.18773     -0.02715     -0.00201      0.01812
FE      0.56248      0.18757      0.18757      0.00039      0.00280      0.00558
FE      0.56248      0.06247      0.31252      0.00043      0.00059      0.00425
FE      0.68705      0.18761      0.31291     -0.04922      0.01012      0.04035
FE      0.68701      0.06253      0.43767     -0.05863      0.00368      0.01986
FE      0.56248      0.18756      0.43751      0.00052      0.00980      0.00060
FE      0.56248      0.06248      0.56246      0.00051     -0.00206     -0.00703
FE      0.68710      0.18760      0.56212     -0.05095      0.01272     -0.03793
FE      0.68705      0.06246      0.68708     -0.05051     -0.00148     -0.04317
FE      0.56248      0.18754      0.68746      0.00042      0.00690     -0.01102
FE      0.56248      0.06247      0.81243      0.00041      0.00024     -0.00394
FE      0.68732      0.18766      0.81231     -0.03033      0.01560     -0.01367
FE      0.68741      0.06249      0.93763     -0.02562      0.00322      0.00631
FE      0.56248      0.18756      0.93754      0.00049      0.00733      0.00325
FE      0.56248      0.31249      0.06248      0.00039      0.00555      0.00350
FE      0.68742      0.43761      0.06252     -0.01677      0.01387      0.00588
FE      0.68727      0.31260      0.18772     -0.02664      0.01710      0.01697
FE      0.56248      0.43755      0.18755      0.00033      0.00657      0.00516
FE      0.56248      0.31250      0.31252      0.00049      0.01198      0.00953
FE      0.68750      0.43756      0.31249     -0.00594      0.00451      0.00325
FE      0.68748      0.31252      0.43752     -0.01202      0.01054      0.00014
FE      0.56248      0.43754      0.43751      0.00039      0.00075      0.00012
FE      0.56248      0.31251      0.56246      0.00043      0.00805     -0.00703
FE      0.68750      0.43754      0.56246     -0.00679      0.00322     -0.00350
FE      0.68731      0.31260      0.68735     -0.02744      0.01951     -0.01762
FE      0.56248      0.43754      0.68749      0.00040      0.00593     -0.00656
FE      0.56248      0.31252      0.81243      0.00041      0.01054     -0.00660
FE      0.68740      0.43760      0.81243     -0.01560      0.01070     -0.00584
FE      0.68742      0.31261      0.93750     -0.01501      0.01646     -0.00244
FE      0.56248      0.43754      0.93754      0.00036      0.00388      0.00001
FE      0.56248      0.56249      0.06247      0.00041      0.00160      0.00144
FE      0.68748      0.68748      0.06249     -0.01217     -0.01137      0.00323
FE      0.68749      0.56249      0.18754     -0.00594      0.00156      0.00174
FE      0.56248      0.68750      0.18753      0.00041     -0.00338      0.00030
FE      0.56248      0.56247      0.31249      0.00040      0.00035      0.00050
FE      0.68750      0.68749      0.31248     -0.00629     -0.00601     -0.00013
FE      0.68751      0.56245      0.43752     -0.00420     -0.00086     -0.00097
FE      0.56248      0.68751      0.43750      0.00044     -0.00717     -0.00406
FE      0.56248      0.56246      0.56248      0.00038     -0.00065     -0.00139
FE      0.68744      0.68747      0.56243     -0.01203     -0.01026     -0.00534
FE      0.68748      0.56246      0.68751     -0.00996     -0.00442     -0.00280
FE      0.56248      0.68753      0.68751      0.00039     -0.00388     -0.00177
FE      0.56248      0.56247      0.81246      0.00038      0.00053     -0.00034
FE      0.68740      0.68745      0.81250     -0.01530     -0.01152      0.00264
FE      0.68747      0.56249      0.93753     -0.01185      0.00603      0.00078
FE      0.56248      0.68750      0.93755      0.00042     -0.00802      0.00427
FE      0.56248      0.81245      0.06249      0.00039     -0.00919      0.00658
FE      0.68713      0.93740      0.06281     -0.04523     -0.01450      0.03623
FE      0.68740      0.81238      0.18758     -0.01929     -0.01579      0.00603
FE      0.56248      0.93749      0.18755      0.00056     -0.00870      0.00588
FE      0.56248      0.81244      0.31248      0.00038     -0.01126     -0.00039
FE      0.68703      0.93743      0.31235     -0.05311     -0.01218     -0.01498
FE      0.68734      0.81239      0.43737     -0.02132     -0.01124     -0.01115
FE      0.56248      0.93749      0.43751      0.00043     -0.00639      0.00214
FE      0.56248      0.81244      0.56247      0.00037     -0.00368     -0.00290
FE      0.68755      0.93750      0.56242     -0.01590     -0.00839     -0.00884
FE      0.68749      0.81238      0.68751     -0.00922     -0.01058     -0.00417
FE      0.56248      0.93749      0.68748      0.00061     -0.01135     -0.01070
FE      0.56248      0.81243      0.81246      0.00035     -0.00938     -0.00313
FE      0.68731      0.93739      0.81233     -0.03190     -0.01677     -0.01006
FE      0.68724      0.81232      0.93765     -0.03255     -0.02204      0.00859
FE      0.56248      0.93751      0.93756      0.00040     -0.00495      0.00216
FE      0.81157      0.06238      0.06289     -0.02401     -0.00375      0.02864
FE      0.93365      0.18885      0.06538      0.07369     -0.03328     -0.02614
FE      0.93412      0.06229      0.19096      0.01860     -0.01170     -0.02179
FE      0.81098      0.18771      0.18892     -0.07108      0.01753      0.06756
FE      0.81094      0.06248      0.31371     -0.08408      0.00127      0.06041
FE      0.93712      0.18779      0.31280     -0.02913      0.02244      0.01919
FE      0.93717      0.06266      0.43703     -0.02594      0.01249     -0.01540
FE      0.81222      0.18764      0.43765     -0.02442      0.01433      0.01073
FE      0.81188      0.06259      0.56202     -0.03620      0.00570     -0.03179
FE      0.93732      0.18775      0.56238     -0.01787      0.01802     -0.01525
FE      0.93581      0.06382      0.68713      0.00347     -0.04263     -0.02904
FE      0.81081      0.18791      0.68614     -0.08292      0.02213     -0.07558
FE      0.81063      0.06250      0.81137     -0.08202      0.00186     -0.05112
FE      0.93399      0.18793      0.80917      0.01404      0.03066      0.03167
FE      0.93341      0.06140      0.93518      0.06008      0.05586      0.05880
FE      0.81166      0.18773      0.93732     -0.01714      0.01782     -0.00733
FE      0.81177      0.31298      0.06277     -0.03334      0.03109      0.01797
FE      0.93737      0.43773      0.06264     -0.01380      0.01759      0.01226
FE      0.93712      0.31288      0.18812     -0.02425      0.03275      0.03025
FE      0.81232      0.43766      0.18760     -0.01130      0.01241      0.00801
FE      0.81225      0.31260      0.31269     -0.02055      0.01661      0.01983
FE      0.93745      0.43767      0.31264     -0.00752      0.01382      0.01216
FE      0.93745      0.31264      0.43752     -0.00925      0.01829      0.00443
FE      0.81242      0.43756      0.43752     -0.00924      0.00692     -0.00117
FE      0.81218      0.31265      0.56226     -0.02582      0.02036     -0.02125
FE      0.93749      0.43760      0.56238     -0.00673      0.01174     -0.01303
FE      0.93713      0.31278      0.68691     -0.02896      0.02939     -0.03765
FE      0.81239      0.43760      0.68745     -0.01043      0.00943     -0.00900
FE      0.81189      0.31280      0.81214     -0.03224      0.02882     -0.02082
FE      0.93731      0.43788      0.81221     -0.01619      0.02710     -0.01496
FE      0.93593      0.31437      0.93744      0.01913     -0.00621     -0.00582
FE      0.81199      0.43799      0.93752     -0.02678      0.02636      0.00060
FE      0.81237      0.56255      0.06251     -0.00759      0.00500      0.00473
FE      0.93749      0.68747      0.06257     -0.00867     -0.01140      0.01122
FE      0.93751      0.56256      0.18761     -0.00311      0.00499      0.00553
FE      0.81233      0.68741      0.18757     -0.01358     -0.01400      0.00493
FE      0.81244      0.56247      0.31249     -0.00559     -0.00001      0.00262
FE      0.93745      0.68737      0.31250     -0.00790     -0.01676     -0.00174
FE      0.93750      0.56239      0.43745     -0.00315     -0.00385     -0.00255
FE      0.81240      0.68746      0.43748     -0.00801     -0.00991     -0.00391
FE      0.81236      0.56240      0.56244     -0.00700     -0.00399     -0.00454
FE      0.93737      0.68732      0.56231     -0.01072     -0.01878     -0.01151
FE      0.93749      0.56257      0.68741     -0.00672      0.00665     -0.00872
FE      0.81211      0.68717      0.68749     -0.02186     -0.02111     -0.00509
FE      0.81227      0.56249      0.81245     -0.01362      0.00205     -0.00324
FE      0.93737      0.68724      0.81253     -0.01208     -0.02294      0.00334
FE      0.93751      0.56238      0.93761     -0.00627     -0.00409      0.00379
FE      0.81232      0.68739      0.93755     -0.01201     -0.01407      0.00301
FE      0.81187      0.81195      0.06266     -0.03597     -0.03225      0.01804
FE      0.93595      0.93575      0.06259      0.01814      0.01450      0.01679
FE      0.93730      0.81211      0.18778     -0.01726     -0.02946      0.01553
FE      0.81193      0.93728      0.18788     -0.03176     -0.02212      0.02292
FE      0.81224      0.81233      0.31237     -0.02277     -0.01751     -0.00842
FE      0.93708      0.93722      0.31314     -0.03282     -0.02758      0.03074
FE      0.93718      0.81220      0.43719     -0.02380     -0.02644     -0.00999
FE      0.81110      0.93743      0.43652     -0.07732     -0.01524     -0.03981
FE      0.81201      0.81224      0.56217     -0.02728     -0.02184     -0.01841
FE      0.93443      0.93744      0.55944      0.02371     -0.01059      0.02939
FE      0.93604      0.81080      0.68735      0.01595      0.01735     -0.01362
FE      0.81186      0.93742      0.68731     -0.01532     -0.01340     -0.02075
FE      0.81192      0.81216      0.81268     -0.03022     -0.02704      0.00785
FE      0.93407      0.93712      0.81490      0.00668     -0.03074     -0.06372
FE      0.93710      0.81207      0.93781     -0.02862     -0.03239      0.01145
FE      0.81066      0.93706      0.93840     -0.08183     -0.02613      0.03993
