/* Converted from PWscf output file */ 
#L_UNITS ang 
#E_UNITS eV 
#S_UNITS GPA 
#F_UNITS EV/ANG 
#ALAT 	  13.67994     // a0 
#X 	   1.00000     0.00000     0.00000     // X 
#Y 	   0.00000     1.05163     0.00000     // Y 
#Z 	   0.00000     0.00000     1.00000     // Z 
#SX 	  -2.25142     0.02800    -0.08619     // SX 
#SY 	   0.02800    -1.57897     0.07029     // SY 
#SZ 	  -0.08619     0.07029    -2.46667     // SZ 
#EPA 	  -3.72621     // Energy per Atom 
#C 	1 1 1 
#W 	1.0 
#RCUT 	6.5        // Rcut 
RU      0.14248      0.10981      0.17566      0.33530     -0.22982      2.70854
FE      0.05875      0.06218      0.32112      0.71912      0.27987     -1.06540
FE      0.18843      0.19044      0.32144     -0.43309     -0.57067     -0.91508
FE      0.18682      0.06235      0.44213     -0.03742      0.17987     -0.09246
FE      0.06250      0.18834      0.44245      0.09813     -0.06079     -0.06235
FE      0.06232      0.06231      0.56973      0.04069     -0.01254      0.00298
FE      0.18766      0.18789      0.56981     -0.03153      0.03030      0.03832
FE      0.18822      0.06181      0.68790      0.05656      0.01179      0.01100
FE      0.06166      0.18831      0.68794     -0.06586      0.00875      0.02155
FE      0.06536      0.31054      0.31723      0.05489     -0.10074     -0.15720
FE      0.18774      0.43543      0.31754     -0.09837      0.06445     -0.06408
FE      0.18812      0.31346      0.44122      0.00921     -0.03438     -0.01319
FE      0.06339      0.43696      0.43857     -0.01252     -0.00128     -0.02385
FE      0.06283      0.31343      0.56786     -0.04431      0.03461      0.09941
FE      0.18855      0.43885      0.56822     -0.05982      0.01100     -0.00921
FE      0.18873      0.31434      0.68746      0.00320     -0.00876     -0.00468
FE      0.06033      0.43920      0.68624      0.01249     -0.01699     -0.00639
FE      0.06485      0.56171      0.31451     -0.00125      0.00102     -0.00197
FE      0.18475      0.68827      0.31455      0.00161     -0.00186      0.00209
FE      0.18637      0.56198      0.43713      0.06846      0.04319      0.06588
FE      0.06337      0.68809      0.43715     -0.06825     -0.04519      0.07300
FE      0.06158      0.56283      0.56620      0.03135     -0.00167      0.03302
FE      0.18826      0.68721      0.56606     -0.02802      0.00763      0.02318
FE      0.18880      0.56345      0.68617     -0.00253     -0.03024     -0.06327
FE      0.06133      0.68655      0.68621     -0.00239      0.03026     -0.05169
FE      0.06184      0.81406      0.31720      0.10812     -0.01221     -0.06871
FE      0.18295      0.94092      0.31394      0.02027      0.19647     -0.37074
FE      0.18629      0.81357      0.43792     -0.01151      0.02497     -0.05258
FE      0.06186      0.93715      0.44062      0.00831      0.03871      0.00105
FE      0.06139      0.81128      0.56798      0.06586      0.00252     -0.02087
FE      0.18692      0.93677      0.56771      0.05417     -0.03912      0.07875
FE      0.18963      0.81090      0.68603     -0.01554      0.02383     -0.00943
FE      0.06128      0.93567      0.68752     -0.00381     -0.00139      0.01525
FE      0.30764      0.06622      0.31223     -0.27462      0.02750     -0.46112
FE      0.43571      0.18834      0.31719     -0.00231     -0.09150     -0.02352
FE      0.43415      0.06249      0.43420      0.07541      0.02917     -0.01255
FE      0.31216      0.18816      0.44186     -0.05196     -0.02314     -0.18331
FE      0.31241      0.06214      0.56661      0.00351     -0.01458      0.08415
FE      0.43855      0.18723      0.56605      0.05313      0.01259     -0.01422
FE      0.43801      0.06252      0.68599      0.11313     -0.02500     -0.00084
FE      0.31467      0.18764      0.68590      0.01220      0.03997      0.14556
FE      0.31126      0.31149      0.31709     -0.23571     -0.16096     -0.02986
FE      0.43549      0.43722      0.31471      0.00083     -0.02761     -0.04797
FE      0.43748      0.31314      0.43699     -0.00916     -0.08118     -0.09432
FE      0.31254      0.43783      0.43665     -0.00279     -0.05461      0.07801
FE      0.31417      0.31318      0.56793     -0.11623      0.04967     -0.04044
FE      0.43904      0.43780      0.56328     -0.01246      0.02522      0.00486
FE      0.44031      0.31313      0.68459      0.02320      0.05255      0.12180
FE      0.31592      0.43981      0.68553      0.03274     -0.04884      0.04624
FE      0.30836      0.56133      0.31473      0.02125      0.07586     -0.07042
FE      0.43393      0.68780      0.31302      0.00433      0.04431     -0.08092
FE      0.43588      0.56333      0.43222      0.06638     -0.06321     -0.01216
FE      0.31042      0.68740      0.43344      0.03632      0.03393      0.10110
FE      0.31430      0.56277      0.56414     -0.08766      0.04622      0.03705
FE      0.43852      0.68790      0.55990     -0.06336     -0.02281      0.07412
FE      0.44192      0.56331      0.68249     -0.01886     -0.00118     -0.00769
FE      0.31621      0.68688      0.68428     -0.00068      0.00520     -0.01556
FE      0.30740      0.81292      0.31478      0.02227      0.11096     -0.03643
FE      0.43445      0.93841      0.31504     -0.05013      0.05715     -0.01770
FE      0.43563      0.81275      0.43152      0.05865      0.04407      0.00375
FE      0.31012      0.93794      0.43638     -0.01910      0.06346     -0.11646
FE      0.31380      0.81271      0.56326     -0.09588     -0.05618      0.06982
FE      0.43771      0.93847      0.56236     -0.05433     -0.08528      0.01296
FE      0.43933      0.81162      0.68290      0.03520     -0.00402      0.01111
FE      0.31480      0.93663      0.68594      0.02795     -0.02777      0.01132
FE      0.56161      0.06317      0.31469     -0.02444     -0.00425      0.02365
FE      0.68840      0.18684      0.31483      0.02360      0.00416      0.03648
FE      0.68857      0.06306      0.43527     -0.10252     -0.01586     -0.04643
FE      0.56114      0.18678      0.43527      0.09034      0.01926     -0.04556
FE      0.56198      0.06271      0.56355     -0.02472     -0.04103     -0.04407
FE      0.68744      0.18716      0.56411      0.00306      0.04640     -0.02421
FE      0.68559      0.06228      0.68509     -0.00111     -0.01451      0.04082
FE      0.56380      0.18753      0.68528     -0.01360      0.01502      0.04482
FE      0.56075      0.31050      0.31398      0.03170      0.06779      0.00958
FE      0.68724      0.43600      0.31238      0.05536      0.00072      0.00341
FE      0.68756      0.31154      0.43359      0.02299      0.01411     -0.06991
FE      0.56260      0.43699      0.43214     -0.04654      0.00263     -0.00676
FE      0.56327      0.31215      0.56357      0.07578      0.03666     -0.01846
FE      0.68798      0.43704      0.55992     -0.00349      0.02598      0.04879
FE      0.68824      0.31271      0.68500     -0.07855      0.01494     -0.03696
FE      0.56519      0.43860      0.68224     -0.03722     -0.05170      0.04287
FE      0.56126      0.56261      0.31227     -0.00338     -0.01439     -0.00751
FE      0.68877      0.68739      0.31232      0.00483      0.01943     -0.00019
FE      0.68832      0.56151      0.42946     -0.04400      0.08167      0.04072
FE      0.56154      0.68860      0.42934      0.04100     -0.07666      0.03959
FE      0.56303      0.56247      0.55765      0.00282      0.03103      0.09753
FE      0.68674      0.68765      0.55778     -0.01137     -0.02978      0.09280
FE      0.68579      0.56294      0.68057      0.02913     -0.01541      0.02188
FE      0.56379      0.68725      0.68053     -0.03410      0.01681      0.02540
FE      0.56264      0.81407      0.31220     -0.05419     -0.00068     -0.00523
FE      0.68913      0.93953      0.31415     -0.02219     -0.05528      0.01395
FE      0.68725      0.81313      0.43211      0.04097     -0.00408     -0.00955
FE      0.56186      0.93854      0.43331     -0.02546     -0.01285     -0.06926
FE      0.56174      0.81303      0.55967     -0.00470     -0.02000      0.04574
FE      0.68648      0.93783      0.56346     -0.08021     -0.04110     -0.01631
FE      0.68450      0.81144      0.68208      0.02971      0.06038      0.03621
FE      0.56129      0.93718      0.68465      0.06242     -0.01550     -0.03863
FE      0.81453      0.06169      0.31712      0.04630      0.09292     -0.01839
FE      0.94022      0.18548      0.31648      0.03172      0.05381     -0.16799
FE      0.93748      0.06200      0.44231     -0.21022      0.03517      0.03321
FE      0.81448      0.18758      0.43556     -0.03110     -0.02303     -0.03575
FE      0.81107      0.06261      0.56639     -0.01006     -0.01114     -0.06410
FE      0.93712      0.18800      0.56705     -0.03689      0.01243      0.09843
FE      0.93528      0.06231      0.68577     -0.00047     -0.03981      0.14129
FE      0.81162      0.18733      0.68629     -0.12349      0.02821      0.02765
FE      0.81508      0.31193      0.31511      0.02783     -0.03375     -0.00553
FE      0.94214      0.43707      0.31517     -0.05380     -0.09253     -0.01845
FE      0.93876      0.31260      0.43737     -0.02557     -0.07739     -0.09586
FE      0.81395      0.43735      0.43199     -0.06319     -0.02886      0.02075
FE      0.81161      0.31166      0.56312      0.03994      0.08846      0.02935
FE      0.93588      0.43746      0.56375      0.08237      0.06310      0.08553
FE      0.93496      0.31342      0.68602     -0.02819      0.02675      0.00682
FE      0.81029      0.43853      0.68330     -0.04174      0.00705      0.02028
FE      0.81591      0.56216      0.31308     -0.00772     -0.03597     -0.08723
FE      0.94126      0.68870      0.31481     -0.02786     -0.07646     -0.05772
FE      0.93936      0.56271      0.43371     -0.04253     -0.02141      0.10628
FE      0.81393      0.68675      0.43247     -0.06882      0.07407     -0.01642
FE      0.81124      0.56221      0.56013      0.06100      0.02663      0.07846
FE      0.93563      0.68723      0.56433      0.08920     -0.03795      0.03582
FE      0.93366      0.56323      0.68444     -0.00060      0.00267     -0.02030
FE      0.80786      0.68679      0.68258      0.01807      0.00390     -0.00127
FE      0.81437      0.81289      0.31468     -0.00083      0.02735     -0.05261
FE      0.93888      0.93859      0.31720      0.10053      0.06660     -0.00432
FE      0.93734      0.81221      0.43668      0.02691      0.06609      0.05024
FE      0.81260      0.93693      0.43706      0.02853      0.07680     -0.09953
FE      0.81084      0.81224      0.56329      0.00698     -0.02608      0.00594
FE      0.93587      0.93682      0.56800      0.09720     -0.04214     -0.04764
FE      0.93410      0.81018      0.68538     -0.02499      0.05289      0.04074
FE      0.80949      0.93677      0.68464     -0.02319     -0.05382      0.12981
