/* Converted from PWscf output file */ 
#L_UNITS ang 
#E_UNITS eV 
#S_UNITS GPA 
#F_UNITS EV/ANG 
#ALAT 	  13.71779     // a0 
#X 	   1.00000    -0.00000    -0.00000     // X 
#Y 	  -0.00000     1.05211    -0.00000     // Y 
#Z 	  -0.00000    -0.00000     0.99999     // Z 
#SX 	  -0.43007    -0.00015    -0.00044     // SX 
#SY 	  -0.00015     0.32142    -0.00102     // SY 
#SZ 	  -0.00044    -0.00102    -0.43240     // SZ 
#EPA 	  -4.29347     // Energy per Atom 
#C 	1 1 1 
#W 	1.0 
#RCUT 	6.5        // Rcut 
RU      0.06252      0.06251      0.06247      0.00726      0.00439     -0.01022
FE      0.18847      0.18853      0.06251      0.17189      0.19698      0.00395
FE      0.18942      0.06249      0.18938      0.36236     -0.00251      0.34982
FE      0.06251      0.18854      0.18849      0.00105      0.20061      0.17754
FE      0.06261      0.06250      0.31267      0.02851      0.00628      0.03095
FE      0.18756      0.18752      0.31259      0.01593      0.01106      0.02023
FE      0.18748      0.06248      0.43744     -0.00116     -0.00248     -0.01136
FE      0.06256      0.18758      0.43747      0.01271      0.02497     -0.00678
FE      0.06261      0.06251      0.56255      0.02627      0.00607      0.01382
FE      0.18739      0.18749      0.56243     -0.02603     -0.00615     -0.01939
FE      0.18744      0.06242      0.68760     -0.01300     -0.02323      0.02160
FE      0.06252      0.18750      0.68752      0.00319     -0.00117      0.00097
FE      0.06250      0.06250      0.81226      0.00109     -0.00170     -0.04565
FE      0.18748      0.18750      0.81242     -0.00398     -0.00090     -0.01742
FE      0.18938      0.06248      0.93562      0.35130     -0.00503     -0.35243
FE      0.06246      0.18855      0.93658     -0.01171      0.20142     -0.16043
FE      0.06251      0.31255      0.06251     -0.00199      0.01174      0.01211
FE      0.18759      0.43750      0.06256      0.02258     -0.00513      0.02041
FE      0.18754      0.31251      0.18754      0.01160      0.00606      0.01252
FE      0.06256      0.43748      0.18761      0.01671     -0.00931      0.02928
FE      0.06252      0.31258      0.31255     -0.00250      0.02357      0.01148
FE      0.18752      0.43754      0.31251      0.00427      0.00878      0.00284
FE      0.18721      0.31247      0.43722     -0.07662     -0.00376     -0.07398
FE      0.06247      0.43751      0.43747     -0.00884      0.00348     -0.00630
FE      0.06258      0.31251      0.56251      0.01683      0.00068     -0.00283
FE      0.18742      0.43753      0.56242     -0.02094      0.01083     -0.02559
FE      0.18727      0.31248      0.68751     -0.04511     -0.00319     -0.00075
FE      0.06257      0.43748      0.68741      0.01793     -0.00687     -0.02495
FE      0.06258      0.31254      0.81238      0.01736      0.00930     -0.03280
FE      0.18752      0.43754      0.81246      0.00381      0.00893     -0.00922
FE      0.18732      0.31242      0.93779     -0.04630     -0.01769      0.07364
FE      0.06344      0.43648      0.93755      0.16386     -0.19706      0.01172
FE      0.06440      0.56249      0.06438      0.35697     -0.00154      0.35425
FE      0.18760      0.68754      0.06255      0.02826      0.01471      0.01568
FE      0.18780      0.56248      0.18780      0.08006     -0.00546      0.07972
FE      0.06256      0.68754      0.18760      0.01760      0.01353      0.02730
FE      0.06251      0.56247      0.31241      0.00425     -0.00827     -0.01532
FE      0.18754      0.68751      0.31252      0.01220      0.00076      0.00763
FE      0.18750      0.56250      0.43750     -0.00008     -0.00093      0.00059
FE      0.06256      0.68746      0.43749      0.01810     -0.01566      0.00023
FE      0.06251      0.56246      0.56255      0.00175     -0.00844      0.00908
FE      0.18751      0.68755      0.56248      0.00444      0.01097     -0.00831
FE      0.18773      0.56256      0.68722      0.05990      0.01876     -0.07585
FE      0.06258      0.68754      0.68742      0.01971      0.01263     -0.02310
FE      0.06439      0.56248      0.81061      0.35270     -0.00293     -0.35364
FE      0.18761      0.68753      0.81240      0.02721      0.01291     -0.02658
FE      0.18774      0.56249      0.93753      0.04983     -0.00216      0.00615
FE      0.06344      0.68856      0.93753      0.16714      0.20589      0.00609
FE      0.06253      0.81241      0.06250      0.01195     -0.02053     -0.00094
FE      0.18849      0.93649      0.06249      0.18441     -0.19306     -0.00785
FE      0.18755      0.81246      0.18752      0.01726     -0.01482      0.00581
FE      0.06280      0.93649      0.18820      0.08113     -0.19549      0.10027
FE      0.06261      0.81238      0.31249      0.02883     -0.03490      0.00221
FE      0.18751      0.93750      0.31261      0.00869     -0.00620      0.02749
FE      0.18750      0.81249      0.43751      0.00116     -0.00660      0.00402
FE      0.06274      0.93752      0.43749      0.04827      0.00087      0.00014
FE      0.06261      0.81246      0.56255      0.02873     -0.01225      0.01313
FE      0.18742      0.93750      0.56247     -0.01569     -0.00161     -0.00417
FE      0.18754      0.81248      0.68753      0.01190     -0.00571      0.00588
FE      0.06281      0.93755      0.68780      0.07895      0.00889      0.07692
FE      0.06253      0.81242      0.81240      0.01188     -0.01831     -0.02649
FE      0.18758      0.93749      0.81237      0.02805     -0.00642     -0.02594
FE      0.18761      0.81254      0.93749      0.03052      0.01062     -0.00474
FE      0.06248      0.93647      0.93656     -0.00343     -0.20107     -0.16809
FE      0.31273      0.06248      0.06249      0.04649     -0.00536      0.00108
FE      0.43750      0.18752      0.06247      0.00138      0.00436     -0.00480
FE      0.43744      0.06249      0.18749     -0.01456     -0.00040     -0.00332
FE      0.31261      0.18753      0.18758      0.02753      0.01143      0.02135
FE      0.31277      0.06249      0.31278      0.07359     -0.00299      0.07399
FE      0.43752      0.18752      0.31252      0.00673      0.00544      0.00435
FE      0.43753      0.06241      0.43744      0.01239     -0.02393     -0.01120
FE      0.31244      0.18750      0.43740     -0.01457     -0.00414     -0.02186
FE      0.31247      0.06246      0.56246     -0.01000     -0.01276     -0.01104
FE      0.43751      0.18647      0.56155     -0.00064     -0.19804     -0.16956
FE      0.43751      0.06240      0.68753      0.00463     -0.02601      0.00101
FE      0.31156      0.18647      0.68750     -0.16515     -0.19763     -0.00338
FE      0.31276      0.06245      0.81221      0.06757     -0.01472     -0.07537
FE      0.43752      0.18648      0.81341      0.00845     -0.19565      0.16097
FE      0.43745      0.06240      0.93760     -0.00748     -0.02720      0.02421
FE      0.31252      0.18755      0.93757      0.00690      0.00863      0.01486
FE      0.31257      0.31256      0.06243      0.02026      0.01746     -0.01313
FE      0.43750      0.43750      0.06246      0.00074      0.00272     -0.00573
FE      0.43751      0.31248      0.18752      0.00441     -0.00155      0.00369
FE      0.31252      0.43753      0.18754      0.00941      0.00686      0.00988
FE      0.31250      0.31248      0.31255     -0.00162     -0.00372      0.01049
FE      0.43751      0.43752      0.31250      0.00269      0.00727     -0.00231
FE      0.43753      0.31246      0.43726      0.00395     -0.00737     -0.04947
FE      0.31242      0.43755      0.43739     -0.02204      0.01571     -0.02741
FE      0.31059      0.31247      0.56060     -0.35777     -0.00785     -0.35600
FE      0.43752      0.43856      0.56154      0.00392      0.20576     -0.17071
RU      0.43749      0.31252      0.68751     -0.00184      0.00372      0.00121
FE      0.31154      0.43855      0.68750     -0.16691      0.20231     -0.00151
FE      0.31060      0.31248      0.81437     -0.35263     -0.00464      0.34973
FE      0.43751      0.43856      0.81344      0.00319      0.20342      0.16686
FE      0.43751      0.31248      0.93776      0.00503     -0.00322      0.05296
FE      0.31243      0.43756      0.93762     -0.01711      0.01742      0.03150
FE      0.31241      0.56248      0.06248     -0.01627     -0.00240     -0.00093
FE      0.43750      0.68751      0.06247      0.00146      0.00334     -0.00479
FE      0.43751      0.56248      0.18752      0.00301     -0.00480      0.00423
FE      0.31252      0.68751      0.18755      0.00928      0.00147      0.01114
FE      0.31248      0.56248      0.31249      0.00313     -0.00288      0.00319
FE      0.43751      0.68750      0.31249      0.00110     -0.00109     -0.00320
FE      0.43753      0.56257      0.43744      0.00474      0.02062     -0.01900
FE      0.31247      0.68753      0.43749     -0.00548      0.00733     -0.00355
FE      0.31247      0.56250      0.56246     -0.00258      0.00648     -0.01827
FE      0.43751      0.68752      0.56252      0.00077      0.00123      0.00303
FE      0.43751      0.56257      0.68751      0.00263      0.02082      0.00211
FE      0.31251      0.68752      0.68749      0.00586      0.00534     -0.00397
FE      0.31240      0.56251      0.81252     -0.02227      0.00715      0.00469
FE      0.43752      0.68751      0.81247      0.00364      0.00170     -0.00644
FE      0.43752      0.56256      0.93759      0.00334      0.01959      0.02377
FE      0.31248      0.68750      0.93753     -0.00051      0.00248      0.00744
FE      0.31256      0.81241      0.06250      0.01950     -0.02386     -0.00006
FE      0.43749      0.93754      0.06247     -0.00683      0.00380     -0.01287
FE      0.43750      0.81248      0.18750     -0.00120     -0.00742     -0.00285
FE      0.31260      0.93750      0.18758      0.02742     -0.00582      0.01981
FE      0.31248      0.81249      0.31250     -0.00229     -0.00392     -0.00117
FE      0.43759      0.93752      0.31253      0.02004      0.00252      0.00600
FE      0.43753      0.81249      0.43751      0.00427     -0.00309      0.00185
FE      0.31250      0.93749      0.43749      0.00193     -0.00488      0.00193
FE      0.31249      0.81249      0.56249     -0.00289     -0.00217     -0.00132
FE      0.43757      0.93752      0.56250      0.01300      0.00538      0.00041
FE      0.43750      0.81247      0.68754     -0.00359     -0.00746      0.01065
FE      0.31252      0.93752      0.68751      0.00675      0.00298     -0.00167
FE      0.31250      0.81248      0.81246      0.00190     -0.00198     -0.00914
FE      0.43752      0.93751      0.81245      0.00089      0.00200     -0.00481
FE      0.43752      0.81249      0.93751      0.00581     -0.00293      0.00126
FE      0.31258      0.93746      0.93747      0.02396     -0.01395     -0.00895
FE      0.56247      0.06250      0.06248     -0.00819     -0.00148     -0.00625
FE      0.68752      0.18748      0.06250      0.00433     -0.00221      0.00234
FE      0.68751      0.06251      0.18739     -0.00360      0.00742     -0.02754
FE      0.56248      0.18751      0.18750     -0.00535      0.00352      0.00026
FE      0.56238      0.06251      0.31243     -0.03130      0.00607     -0.02143
FE      0.68750      0.18754      0.31248     -0.00435      0.01263     -0.00958
FE      0.68657      0.06353      0.43750     -0.17346      0.19907      0.00644
FE      0.56248      0.18757      0.43739     -0.00583      0.01513     -0.02888
FE      0.56239      0.06248      0.56253     -0.02454     -0.00332      0.00728
FE      0.68761      0.18751      0.56244      0.02592      0.00151     -0.01310
FE      0.68752      0.06243      0.68763     -0.00103     -0.01567      0.02570
FE      0.56344      0.18646      0.68752      0.16650     -0.20079      0.00553
FE      0.56249      0.06247      0.81251     -0.00165     -0.01099      0.00882
FE      0.68759      0.18748      0.81252      0.01978     -0.00874      0.00843
FE      0.68760      0.06248      0.93753      0.01753     -0.00373      0.00499
FE      0.56257      0.18751      0.93764      0.01785     -0.00493      0.03344
FE      0.56248      0.31249      0.06243     -0.00482     -0.00418     -0.01335
FE      0.68743      0.43749      0.06256     -0.01894     -0.00631      0.02030
FE      0.68750      0.31250      0.18750     -0.00115      0.00145     -0.00005
FE      0.56247      0.43751      0.18754     -0.00897      0.00138      0.00898
FE      0.56246      0.31249      0.31254     -0.00827      0.00012      0.00652
FE      0.68752      0.43752      0.31250      0.00408      0.00403     -0.00142
FE      0.68783      0.31249      0.43722      0.08469     -0.00316     -0.07576
FE      0.56256      0.43754      0.43739      0.01695      0.01419     -0.02789
FE      0.56437      0.31251      0.56061      0.34896      0.00437     -0.35373
FE      0.68762      0.43753      0.56241      0.02793      0.01037     -0.02749
FE      0.68775      0.31250      0.68754      0.05182      0.00110      0.00793
FE      0.56343      0.43855      0.68749      0.16187      0.20008     -0.00373
FE      0.56439      0.31249      0.81438      0.35322     -0.00314      0.35329
FE      0.68751      0.43752      0.81248      0.00245      0.00395     -0.00321
FE      0.68773      0.31240      0.93780      0.05837     -0.02656      0.08023
FE      0.56257      0.43754      0.93763      0.01669      0.01171      0.03317
FE      0.56256      0.56247      0.06248      0.01022     -0.00367     -0.00120
FE      0.68741      0.68756      0.06255     -0.02615      0.01565      0.01329
FE      0.68721      0.56246      0.18778     -0.07679     -0.00985      0.07513
FE      0.56247      0.68752      0.18753     -0.01064      0.00536      0.00698
FE      0.56246      0.56246      0.31249     -0.01503     -0.00842      0.00253
FE      0.68748      0.68750      0.31247     -0.01138     -0.00375     -0.00499
FE      0.68754      0.56249      0.43750      0.00728     -0.00173      0.00031
FE      0.56242      0.68746      0.43748     -0.02144     -0.01428     -0.00404
FE      0.56248      0.56248      0.56247     -0.00828      0.00095     -0.01648
FE      0.68750      0.68752      0.56249     -0.00506      0.00221     -0.00178
FE      0.68729      0.56254      0.68725     -0.05482      0.01441     -0.06945
FE      0.56245      0.68752      0.68750     -0.01331      0.00494     -0.00132
FE      0.56257      0.56250      0.81251      0.01669      0.00573      0.00421
FE      0.68742      0.68756      0.81242     -0.02219      0.01764     -0.01829
FE      0.68727      0.56248      0.93752     -0.04559     -0.00240      0.00439
FE      0.56252      0.68754      0.93754      0.00132      0.01164      0.00928
FE      0.56247      0.81247      0.06248     -0.01050     -0.00465     -0.00691
FE      0.68752      0.93754      0.06256     -0.00049      0.00697      0.01032
FE      0.68745      0.81247      0.18741     -0.01788     -0.01313     -0.02398
FE      0.56220      0.93752      0.18722     -0.08092      0.00383     -0.07541
FE      0.56238      0.81247      0.31241     -0.03138     -0.01184     -0.02206
FE      0.68561      0.93751      0.31062     -0.35992      0.00095     -0.34973
FE      0.68657      0.81143      0.43751     -0.16600     -0.20532      0.00200
FE      0.56225      0.93750      0.43748     -0.05206     -0.00070     -0.00513
FE      0.56237      0.81245      0.56256     -0.03311     -0.01555      0.01726
FE      0.68564      0.93750      0.56439     -0.34683     -0.00181      0.35451
FE      0.68744      0.81246      0.68763     -0.01644     -0.01335      0.03193
FE      0.56218      0.93753      0.68781     -0.08374      0.00715      0.08209
FE      0.56246      0.81248      0.81248     -0.01205     -0.00440      0.00025
FE      0.68752      0.93751      0.81240     -0.00238      0.00146     -0.02183
FE      0.68745      0.81256      0.93751     -0.01945      0.01800      0.00160
FE      0.56251      0.93748      0.93754     -0.00024     -0.00413      0.00957
FE      0.81224      0.06248      0.06249     -0.05352     -0.00246     -0.00284
FE      0.93657      0.18856      0.06246     -0.16625      0.20653     -0.00948
FE      0.93567      0.06249      0.18928     -0.33683      0.00445      0.32360
FE      0.81235      0.18760      0.18753     -0.03608      0.03179      0.00578
FE      0.81217      0.06353      0.31184     -0.08550      0.20116     -0.09250
FE      0.93747      0.18758      0.31257     -0.00721      0.02682      0.01832
FE      0.93847      0.06353      0.43745      0.17233      0.19895     -0.00945
FE      0.81247      0.18761      0.43750     -0.00392      0.02856      0.00151
FE      0.81248      0.06353      0.56344     -0.00200      0.19880      0.16722
FE      0.93754      0.18755      0.56253      0.01138      0.01541      0.00811
FE      0.93759      0.06251      0.68770      0.02120      0.00681      0.04473
FE      0.81244      0.18758      0.68756     -0.01380      0.02127      0.01278
FE      0.81220      0.06249      0.81219     -0.07861     -0.00234     -0.08111
FE      0.93746      0.18753      0.81238     -0.01357      0.01460     -0.02864
FE      0.93561      0.06249      0.93561     -0.35583      0.00007     -0.35504
FE      0.81239      0.18753      0.93747     -0.02417      0.01186     -0.00834
FE      0.81239      0.31252      0.06253     -0.02492      0.00655      0.01463
FE      0.93753      0.43646      0.06343      0.00526     -0.20145      0.16603
FE      0.93750      0.31245      0.18759     -0.00384     -0.01108      0.02604
FE      0.81239      0.43751      0.18764     -0.02866     -0.00286      0.03429
FE      0.81247      0.31249      0.31251      0.00114     -0.00463     -0.00373
FE      0.93750      0.43753      0.31251      0.00032      0.00565      0.00387
FE      0.93749      0.31248      0.43751     -0.00144     -0.00378      0.00316
FE      0.81250      0.43752      0.43749      0.00285      0.00590     -0.00415
FE      0.81242      0.31248      0.56248     -0.01590     -0.00617     -0.00726
FE      0.93751      0.43752      0.56250      0.00209      0.00225     -0.00092
FE      0.93752      0.31242      0.68747      0.00314     -0.02040     -0.01407
FE      0.81240      0.43750      0.68740     -0.02365     -0.00436     -0.02705
FE      0.81239      0.31244      0.81243     -0.02456     -0.01503     -0.01577
FE      0.93751      0.43650      0.81150      0.00133     -0.19101     -0.17872
FE      0.93749      0.31242      0.93750     -0.00513     -0.01857     -0.00387
FE      0.81151      0.43650      0.93753     -0.17339     -0.18972      0.00786
FE      0.81059      0.56250      0.06440     -0.35602     -0.00055      0.35491
FE      0.93754      0.68856      0.06343      0.00714      0.20256      0.16444
FE      0.93753      0.56247      0.18773      0.00536     -0.00639      0.04613
FE      0.81239      0.68744      0.18756     -0.02750     -0.01456      0.01292
FE      0.81249      0.56249      0.31244     -0.00379     -0.00185     -0.01074
FE      0.93753      0.68747      0.31247      0.00943     -0.01043     -0.00626
FE      0.93749      0.56248      0.43751     -0.00065     -0.00345      0.00281
FE      0.81249      0.68743      0.43751     -0.00280     -0.02085      0.00240
FE      0.81249      0.56248      0.56253     -0.00218     -0.00206      0.00476
FE      0.93754      0.68749      0.56253      0.01117     -0.00483      0.00808
FE      0.93752      0.56246      0.68729      0.00366     -0.00952     -0.04206
FE      0.81240      0.68745      0.68747     -0.02354     -0.01130     -0.00577
FE      0.81059      0.56249      0.81058     -0.35414     -0.00325     -0.35668
FE      0.93751      0.68854      0.81150      0.00376      0.19723     -0.17871
RU      0.93751      0.56249      0.93751      0.00074     -0.00091      0.00112
FE      0.81150      0.68854      0.93751     -0.17951      0.19983      0.00278
FE      0.81239      0.81243      0.06253     -0.03257     -0.01762      0.00731
FE      0.93655      0.93648      0.06254     -0.16866     -0.19810      0.00684
FE      0.93756      0.81252      0.18750      0.01293     -0.00085      0.00234
FE      0.81236      0.93752      0.18736     -0.03451     -0.00055     -0.02397
FE      0.81247      0.81144      0.31154     -0.00778     -0.20435     -0.16903
FE      0.93935      0.93749      0.31070      0.33955     -0.00539     -0.32687
FE      0.93846      0.81144      0.43751      0.17156     -0.20590      0.00475
RU      0.81247      0.93749      0.43750     -0.00629     -0.00488      0.00673
FE      0.81248      0.81144      0.56344     -0.00401     -0.20220      0.16565
FE      0.93941      0.93750      0.56440      0.35550      0.00078      0.35608
FE      0.93757      0.81254      0.68756      0.01956      0.00854      0.00990
FE      0.81244      0.93755      0.68773     -0.01331      0.00847      0.04251
FE      0.81245      0.81251      0.81244     -0.01279      0.00389     -0.01466
FE      0.93744      0.93749      0.81232     -0.01515     -0.00704     -0.04169
FE      0.93749      0.81255      0.93750     -0.00527      0.01107     -0.00372
FE      0.81239      0.93749      0.93745     -0.02955     -0.00794     -0.01481
