/* Converted from PWscf output file */ 
#L_UNITS ang 
#E_UNITS eV 
#S_UNITS GPA 
#F_UNITS EV/ANG 
#ALAT 	  13.69041     // a0 
#X 	   1.00000     0.00000     0.00000     // X 
#Y 	   0.00000     1.05644    -0.00011     // Y 
#Z 	   0.00000    -0.00011     1.00038     // Z 
#SX 	  -0.11769     0.00000     0.00000     // SX 
#SY 	   0.00000    -0.13679     0.01560     // SY 
#SZ 	   0.00000     0.01560    -0.10631     // SZ 
#EPA 	  -4.28622     // Energy per Atom 
#C 	1 1 1 
#W 	1.0 
#RCUT 	6.5        // Rcut 
RU      0.06250      0.06042      0.06441     -0.00156      0.11020     -0.09353
FE      0.19131      0.18887      0.06523     -0.06065     -0.02758     -0.00840
FE      0.19059      0.06235      0.19070      0.01925     -0.01396      0.02055
FE      0.06246      0.18903      0.18925     -0.00218     -0.01883     -0.01580
FE      0.06248      0.06246      0.31288     -0.00034     -0.00077      0.00646
FE      0.18777      0.18767      0.31268      0.03382      0.02884      0.02456
FE      0.18773      0.06259      0.43714      0.03038      0.01727     -0.02389
FE      0.06248      0.18778      0.43728     -0.00006      0.03291     -0.02111
FE      0.06248      0.06399      0.56113     -0.00010     -0.01286      0.01268
FE      0.18763      0.18765      0.56246      0.02196      0.02194     -0.01725
FE      0.18906      0.06387      0.68730      0.00896     -0.02857     -0.03432
FE      0.06248      0.18781      0.68712     -0.00065      0.02930     -0.00993
FE      0.06247      0.06252      0.81210     -0.00170      0.01033     -0.00237
FE      0.19068      0.18777      0.80937      0.02858      0.03597     -0.00985
FE      0.19147      0.06127      0.93514     -0.04031      0.05580      0.04941
RU      0.06250      0.18994      0.93591     -0.00156     -0.07306      0.12941
FE      0.06249      0.31422      0.06390      0.00026      0.02103     -0.00446
FE      0.18761      0.43764      0.06257      0.01730      0.02090      0.01435
FE      0.18779      0.31271      0.18793      0.03175      0.03993      0.04324
FE      0.06248      0.43775      0.18774     -0.00036      0.02833      0.02950
FE      0.06248      0.31275      0.31271      0.00024      0.04124      0.02462
FE      0.18757      0.43760      0.31257      0.00556      0.01420      0.01306
FE      0.18756      0.31256      0.43750      0.00715      0.01707      0.00478
FE      0.06248      0.43753      0.43751      0.00002      0.00823      0.00454
FE      0.06248      0.31250      0.56249      0.00002      0.01026     -0.00860
FE      0.18754      0.43755      0.56244      0.00492      0.00932     -0.01277
FE      0.18776      0.31264      0.68713      0.03332      0.03274     -0.04781
FE      0.06248      0.43781      0.68724     -0.00012      0.04607     -0.04269
FE      0.06248      0.31476      0.81040     -0.00043      0.05208     -0.02549
FE      0.18765      0.43774      0.81230      0.01957      0.03212     -0.01999
FE      0.18901      0.31420      0.93748     -0.00405      0.02031     -0.00660
FE      0.06248      0.43773      0.93755     -0.00025      0.02391      0.00108
FE      0.06248      0.56246      0.06246     -0.00006     -0.00750      0.00838
FE      0.18752      0.68751      0.06252      0.00734     -0.00880      0.01088
FE      0.18753      0.56253      0.18758      0.00170      0.00641      0.00639
FE      0.06248      0.68753      0.18751     -0.00001     -0.00189      0.00446
FE      0.06248      0.56248      0.31248      0.00001     -0.00033      0.00130
FE      0.18757      0.68745      0.31251      0.00569     -0.01568     -0.00232
FE      0.18754      0.56242      0.43747      0.00160     -0.00616     -0.00301
FE      0.06248      0.68728      0.43729      0.00024     -0.03667     -0.01871
FE      0.06248      0.56249      0.56249      0.00004      0.00851     -0.01103
FE      0.18762      0.68741      0.56238      0.01321     -0.02010     -0.01503
FE      0.18753      0.56254      0.68745      0.00527      0.00725     -0.00848
FE      0.06248      0.68731      0.68752     -0.00002     -0.02587     -0.00765
FE      0.06248      0.56248      0.81247      0.00001      0.00020     -0.00194
FE      0.18762      0.68736      0.81251      0.01438     -0.02669      0.00548
FE      0.18752      0.56241      0.93759      0.00551     -0.00640      0.00509
FE      0.06248      0.68731      0.93777     -0.00008     -0.02580      0.02290
FE      0.06248      0.81223      0.06246     -0.00029     -0.03171      0.00577
FE      0.18899      0.93587      0.06251     -0.00274     -0.01118      0.01672
FE      0.18766      0.81226      0.18769      0.02051     -0.03396      0.02031
FE      0.06248      0.93524      0.18956     -0.00042     -0.05185      0.02593
FE      0.06248      0.81217      0.31276     -0.00010     -0.05299      0.03740
FE      0.18779      0.93736      0.31295      0.03793     -0.03235      0.04205
FE      0.18774      0.81233      0.43727      0.02587     -0.02922     -0.01642
FE      0.06248      0.93749      0.43714     -0.00030     -0.01075      0.00263
FE      0.06246      0.81092      0.56106     -0.00184     -0.00390      0.00167
FE      0.19035      0.93750      0.55962      0.00041     -0.01094     -0.00331
FE      0.18892      0.81089      0.68744     -0.01122     -0.00057     -0.01316
RU      0.06250      0.93711      0.68720     -0.00112     -0.03785     -0.03523
FE      0.06248      0.81076      0.81364     -0.00031     -0.01490     -0.04055
FE      0.19060      0.93729      0.81493      0.02930     -0.04208     -0.04073
FE      0.18779      0.81225      0.93773      0.03735     -0.04115      0.01623
FE      0.06248      0.93578      0.93655     -0.00030     -0.00958      0.02242
FE      0.31320      0.06242      0.06274      0.03569     -0.00828      0.03457
FE      0.43743      0.18756      0.06249      0.01066      0.00747      0.00845
FE      0.43754      0.06244      0.18763      0.02656     -0.00417      0.02051
FE      0.31351      0.18761      0.18848      0.10464      0.01837      0.09880
FE      0.31352      0.06248      0.31333      0.11772      0.00146      0.08875
FE      0.43775      0.18757      0.31271      0.05245      0.00830      0.04300
FE      0.43776      0.06251      0.43758      0.05818      0.00430      0.02082
FE      0.31262      0.18758      0.43758      0.02260      0.01203      0.01348
FE      0.31287      0.06255      0.56220      0.04261      0.01177     -0.03795
FE      0.43771      0.18754      0.56231      0.04966      0.01088     -0.03853
FE      0.43775      0.06247      0.68730      0.05510     -0.00021     -0.04498
FE      0.31363      0.18777      0.68660      0.12429      0.02982     -0.10482
FE      0.31379      0.06250      0.81172      0.12685      0.00332     -0.07679
FE      0.43758      0.18758      0.81239      0.03349      0.01516     -0.01702
FE      0.43752      0.06249      0.93760      0.02716      0.00044      0.00722
FE      0.31314      0.18764      0.93737      0.02694      0.01990     -0.01296
FE      0.31297      0.31280      0.06267      0.04955      0.04382      0.02244
FE      0.43756      0.43755      0.06249      0.01702      0.01341      0.00338
FE      0.43765      0.31253      0.18763      0.02951      0.01452      0.01727
FE      0.31258      0.43760      0.18757      0.01120      0.01145      0.00600
FE      0.31261      0.31253      0.31259      0.02007      0.01301      0.02078
FE      0.43753      0.43754      0.31248      0.00499      0.00246      0.00145
FE      0.43753      0.31249      0.43751      0.00782      0.00511      0.00096
FE      0.31250      0.43753      0.43752      0.00617      0.00397     -0.00028
FE      0.31265      0.31257      0.56237      0.02536      0.01689     -0.02174
FE      0.43753      0.43753      0.56247      0.00578      0.00090     -0.00244
FE      0.43762      0.31252      0.68743      0.02766      0.01516     -0.01605
FE      0.31252      0.43755      0.68749      0.00831      0.00726     -0.00700
FE      0.31288      0.31266      0.81227      0.04206      0.03244     -0.02612
FE      0.43758      0.43756      0.81245      0.01569      0.00973     -0.00479
FE      0.43756      0.31254      0.93751      0.01675      0.01687     -0.00172
FE      0.31280      0.43783      0.93752      0.03627      0.03656      0.00139
FE      0.31255      0.56252      0.06250      0.00771      0.00557      0.00288
FE      0.43753      0.68752      0.06248      0.01092     -0.00781      0.00128
FE      0.43753      0.56249      0.18753      0.00563      0.00124      0.00100
FE      0.31256      0.68746      0.18754      0.01245     -0.01141      0.00370
FE      0.31250      0.56247      0.31249      0.00357     -0.00012      0.00167
FE      0.43753      0.68751      0.31248      0.00517     -0.00264     -0.00098
FE      0.43753      0.56246      0.43752      0.00376     -0.00149      0.00002
FE      0.31252      0.68750      0.43749      0.00642     -0.00705     -0.00296
FE      0.31256      0.56243      0.56246      0.00701     -0.00520     -0.00341
FE      0.43756      0.68751      0.56246      0.01210     -0.00823     -0.00438
FE      0.43753      0.56248      0.68752      0.00930     -0.00502     -0.00100
FE      0.31272      0.68729      0.68751      0.02851     -0.02876     -0.00404
FE      0.31261      0.56248      0.81247      0.01480      0.00188     -0.00290
FE      0.43758      0.68750      0.81249      0.01559     -0.00981      0.00208
FE      0.43753      0.56247      0.93752      0.01111      0.00504      0.00094
FE      0.31257      0.68745      0.93754      0.01210     -0.01268      0.00346
FE      0.31288      0.81213      0.06258      0.04719     -0.04202      0.01860
FE      0.43770      0.93747      0.06264      0.04828     -0.01549      0.03559
FE      0.43757      0.81245      0.18755      0.01652     -0.01243      0.00463
FE      0.31284      0.93739      0.18775      0.03961     -0.02586      0.02748
FE      0.31261      0.81241      0.31242      0.02101     -0.01428     -0.01166
FE      0.43776      0.93748      0.31242      0.05529     -0.00864     -0.01795
FE      0.43761      0.81244      0.43743      0.02194     -0.00815     -0.01192
FE      0.31341      0.93749      0.43680      0.10371     -0.01182     -0.06364
FE      0.31279      0.81235      0.56228      0.03146     -0.02327     -0.02299
FE      0.43745      0.93752      0.56246      0.01106     -0.00400     -0.00910
FE      0.43752      0.81243      0.68752      0.00917     -0.00989     -0.00208
FE      0.31298      0.93747      0.68741      0.01929     -0.01135     -0.02197
FE      0.31286      0.81230      0.81263      0.03739     -0.03002      0.01456
FE      0.43759      0.93747      0.81238      0.03430     -0.01523     -0.01037
FE      0.43765      0.81242      0.93760      0.03520     -0.02093      0.01127
FE      0.31376      0.93721      0.93813      0.12731     -0.04081      0.05912
FE      0.56248      0.06246      0.06248      0.00006      0.00058      0.00454
FE      0.68762      0.18756      0.06249     -0.00966      0.00772      0.00868
FE      0.68751      0.06243      0.18763     -0.02534     -0.00417      0.02088
FE      0.56248      0.18755      0.18754     -0.00000      0.00245      0.00492
FE      0.56248      0.06247      0.31250      0.00005      0.00012      0.00308
FE      0.68729      0.18757      0.31271     -0.05179      0.00802      0.04374
FE      0.68728      0.06251      0.43758     -0.05729      0.00465      0.02060
FE      0.56248      0.18752      0.43751      0.00013      0.00545     -0.00021
FE      0.56248      0.06249      0.56249      0.00012     -0.00075     -0.00455
FE      0.68733      0.18754      0.56231     -0.04841      0.01075     -0.03859
FE      0.68730      0.06247      0.68729     -0.05458      0.00024     -0.04570
FE      0.56248      0.18752      0.68750      0.00003      0.00387     -0.00661
FE      0.56248      0.06247      0.81245      0.00001     -0.00016     -0.00366
FE      0.68746      0.18758      0.81239     -0.03231      0.01516     -0.01731
FE      0.68753      0.06249      0.93760     -0.02619      0.00039      0.00701
FE      0.56248      0.18753      0.93753      0.00003      0.00502      0.00181
FE      0.56248      0.31247      0.06247     -0.00000      0.00289      0.00214
FE      0.68749      0.43755      0.06249     -0.01577      0.01351      0.00346
FE      0.68740      0.31253      0.18763     -0.02836      0.01498      0.01725
FE      0.56248      0.43753      0.18753      0.00000      0.00300      0.00302
FE      0.56248      0.31246      0.31248      0.00004      0.00567      0.00487
FE      0.68752      0.43754      0.31248     -0.00361      0.00245      0.00146
FE      0.68752      0.31249      0.43751     -0.00653      0.00512      0.00097
FE      0.56248      0.43754      0.43751      0.00001      0.00009      0.00010
FE      0.56248      0.31249      0.56248      0.00005      0.00338     -0.00310
FE      0.68752      0.43753      0.56247     -0.00440      0.00088     -0.00246
FE      0.68743      0.31252      0.68743     -0.02671      0.01540     -0.01635
FE      0.56248      0.43752      0.68752      0.00002      0.00290     -0.00388
FE      0.56248      0.31248      0.81246      0.00000      0.00558     -0.00634
FE      0.68747      0.43756      0.81245     -0.01433      0.00978     -0.00477
FE      0.68748      0.31254      0.93751     -0.01572      0.01724     -0.00176
FE      0.56248      0.43752      0.93754     -0.00001      0.00143      0.00139
FE      0.56248      0.56248      0.06247      0.00003      0.00063     -0.00023
FE      0.68752      0.68752      0.06248     -0.00962     -0.00792      0.00127
FE      0.68752      0.56249      0.18753     -0.00426      0.00129      0.00100
FE      0.56248      0.68751      0.18753      0.00003     -0.00089     -0.00003
FE      0.56248      0.56247      0.31249      0.00002     -0.00017      0.00012
FE      0.68752      0.68751      0.31248     -0.00385     -0.00267     -0.00099
FE      0.68752      0.56246      0.43752     -0.00236     -0.00147     -0.00000
FE      0.56248      0.68753      0.43751      0.00003     -0.00318     -0.00248
FE      0.56248      0.56247      0.56248      0.00001     -0.00036     -0.00041
FE      0.68749      0.68751      0.56246     -0.01084     -0.00846     -0.00435
FE      0.68752      0.56248      0.68752     -0.00797     -0.00503     -0.00101
FE      0.56248      0.68754      0.68751      0.00001     -0.00132     -0.00094
FE      0.56248      0.56247      0.81247      0.00000     -0.00001     -0.00093
FE      0.68747      0.68749      0.81249     -0.01436     -0.01006      0.00215
FE      0.68752      0.56247      0.93752     -0.00978      0.00515      0.00095
FE      0.56248      0.68752      0.93753      0.00002     -0.00368      0.00385
FE      0.56248      0.81248      0.06247      0.00001     -0.00435      0.00202
FE      0.68734      0.93747      0.06264     -0.04772     -0.01599      0.03612
FE      0.68748      0.81245      0.18755     -0.01518     -0.01251      0.00463
FE      0.56248      0.93752      0.18753      0.00010     -0.00542      0.00486
FE      0.56248      0.81248      0.31248      0.00004     -0.00577      0.00014
FE      0.68729      0.93748      0.31242     -0.05440     -0.00899     -0.01771
FE      0.68744      0.81244      0.43743     -0.02077     -0.00803     -0.01218
FE      0.56248      0.93751      0.43750      0.00005     -0.00335      0.00025
FE      0.56248      0.81245      0.56248     -0.00001     -0.00250     -0.00262
FE      0.68760      0.93752      0.56246     -0.01001     -0.00389     -0.00951
FE      0.68753      0.81243      0.68752     -0.00786     -0.01001     -0.00207
FE      0.56248      0.93753      0.68752      0.00007     -0.00598     -0.00567
FE      0.56248      0.81247      0.81247     -0.00000     -0.00532     -0.00138
FE      0.68746      0.93746      0.81238     -0.03337     -0.01557     -0.01008
FE      0.68740      0.81242      0.93760     -0.03377     -0.02089      0.01112
FE      0.56248      0.93752      0.93754      0.00000     -0.00316      0.00186
FE      0.81176      0.06241      0.06274     -0.03576     -0.00925      0.03376
FE      0.93367      0.18887      0.06523      0.05607     -0.02717     -0.00708
FE      0.93439      0.06236      0.19070     -0.02821     -0.01561      0.02021
FE      0.81145      0.18762      0.18848     -0.10368      0.02060      0.09996
FE      0.81145      0.06248      0.31333     -0.11517      0.00046      0.08824
FE      0.93728      0.18767      0.31268     -0.03349      0.02880      0.02575
FE      0.93731      0.06259      0.43714     -0.03022      0.01767     -0.02400
FE      0.81234      0.18758      0.43758     -0.02283      0.01213      0.01375
FE      0.81208      0.06255      0.56220     -0.04290      0.01156     -0.03863
FE      0.93741      0.18765      0.56246     -0.02082      0.02203     -0.01755
FE      0.93595      0.06387      0.68729     -0.01353     -0.02957     -0.03553
FE      0.81134      0.18778      0.68660     -0.12141      0.03084     -0.10420
FE      0.81118      0.06249      0.81171     -0.12427      0.00122     -0.07806
FE      0.93430      0.18776      0.80937     -0.03772      0.03781     -0.00926
FE      0.93352      0.06127      0.93513      0.03695      0.05534      0.04829
FE      0.81182      0.18764      0.93737     -0.02743      0.02079     -0.01230
FE      0.81199      0.31280      0.06267     -0.04862      0.04348      0.02198
FE      0.93744      0.43764      0.06257     -0.01604      0.02087      0.01455
FE      0.93726      0.31271      0.18793     -0.03076      0.04094      0.04318
FE      0.81238      0.43760      0.18757     -0.01136      0.01160      0.00606
FE      0.81235      0.31253      0.31259     -0.01977      0.01288      0.02058
FE      0.93748      0.43760      0.31257     -0.00423      0.01415      0.01315
FE      0.93749      0.31256      0.43750     -0.00593      0.01722      0.00476
FE      0.81246      0.43753      0.43752     -0.00615      0.00400     -0.00025
FE      0.81231      0.31256      0.56237     -0.02526      0.01658     -0.02191
FE      0.93751      0.43755      0.56244     -0.00351      0.00931     -0.01279
FE      0.93729      0.31264      0.68713     -0.03305      0.03327     -0.04832
FE      0.81244      0.43755      0.68749     -0.00830      0.00731     -0.00692
FE      0.81208      0.31266      0.81226     -0.04208      0.03215     -0.02671
FE      0.93740      0.43774      0.81230     -0.01791      0.03222     -0.01996
FE      0.93600      0.31421      0.93747     -0.00004      0.01941     -0.00724
FE      0.81216      0.43784      0.93752     -0.03653      0.03703      0.00182
FE      0.81241      0.56252      0.06250     -0.00754      0.00544      0.00280
FE      0.93752      0.68751      0.06252     -0.00608     -0.00887      0.01093
FE      0.93752      0.56253      0.18758     -0.00036      0.00648      0.00642
FE      0.81240      0.68746      0.18754     -0.01234     -0.01124      0.00379
FE      0.81246      0.56247      0.31249     -0.00352     -0.00015      0.00166
FE      0.93748      0.68745      0.31251     -0.00445     -0.01585     -0.00230
FE      0.93750      0.56242      0.43747     -0.00018     -0.00617     -0.00305
FE      0.81244      0.68750      0.43749     -0.00638     -0.00701     -0.00291
FE      0.81240      0.56243      0.56246     -0.00709     -0.00536     -0.00350
FE      0.93743      0.68741      0.56238     -0.01209     -0.02076     -0.01512
FE      0.93752      0.56254      0.68745     -0.00416      0.00728     -0.00848
FE      0.81224      0.68729      0.68751     -0.02797     -0.02834     -0.00380
FE      0.81235      0.56248      0.81247     -0.01473      0.00164     -0.00306
FE      0.93743      0.68735      0.81251     -0.01344     -0.02699      0.00563
FE      0.93753      0.56241      0.93759     -0.00401     -0.00634      0.00509
FE      0.81239      0.68745      0.93754     -0.01195     -0.01248      0.00351
FE      0.81208      0.81213      0.06258     -0.04722     -0.04253      0.01798
FE      0.93603      0.93587      0.06252     -0.00144     -0.01033      0.01764
FE      0.93739      0.81226      0.18769     -0.01883     -0.03404      0.02028
FE      0.81212      0.93739      0.18775     -0.03980     -0.02565      0.02803
FE      0.81235      0.81241      0.31242     -0.02123     -0.01439     -0.01194
FE      0.93725      0.93736      0.31295     -0.03801     -0.03284      0.04230
FE      0.93731      0.81233      0.43726     -0.02528     -0.02923     -0.01731
FE      0.81156      0.93749      0.43680     -0.10155     -0.01082     -0.06314
FE      0.81217      0.81235      0.56228     -0.03227     -0.02419     -0.02367
FE      0.93463      0.93749      0.55962     -0.00956     -0.00979     -0.00348
FE      0.93610      0.81089      0.68742      0.00605     -0.00149     -0.01469
FE      0.81198      0.93748      0.68741     -0.01992     -0.01078     -0.02140
FE      0.81210      0.81229      0.81262     -0.03741     -0.03077      0.01418
FE      0.93438      0.93728      0.81493     -0.03706     -0.04170     -0.04115
FE      0.93726      0.81225      0.93773     -0.03592     -0.04096      0.01605
FE      0.81121      0.93722      0.93814     -0.12416     -0.03932      0.06015
