/* Converted from PWscf output file */ 
#L_UNITS ang 
#E_UNITS eV 
#S_UNITS GPA 
#F_UNITS EV/ANG 
#ALAT 	  13.70680     // a0 
#X 	   1.00000     0.00000    -0.00001     // X 
#Y 	   0.00000     1.05587    -0.00000     // Y 
#Z 	  -0.00001    -0.00000     0.99997     // Z 
#SX 	   0.02013    -0.00131     0.00029     // SX 
#SY 	  -0.00131    -0.05236    -0.00088     // SY 
#SZ 	   0.00029    -0.00088     0.01852     // SZ 
#EPA 	  -4.30245     // Energy per Atom 
#C 	1 1 1 
#W 	1.0 
#RCUT 	6.5        // Rcut 
RU      0.06262      0.06259      0.06229      0.00914      0.01221     -0.02117
FE      0.18872      0.18883      0.06263     -0.02162     -0.02415      0.01497
FE      0.19028      0.06257      0.19007     -0.00758      0.01198     -0.02590
FE      0.06251      0.18888      0.18881      0.00051     -0.01959     -0.01547
FE      0.06285      0.06264      0.31263      0.01966      0.01519     -0.01604
FE      0.18770      0.18769      0.31268      0.00871      0.01952      0.00270
FE      0.18746      0.06254      0.43745     -0.00427      0.00834      0.00328
FE      0.06263      0.18781      0.43738      0.00324      0.01837     -0.00965
FE      0.06279      0.06262      0.56271      0.01334      0.01292      0.01600
FE      0.18722      0.18742      0.56226     -0.01080     -0.00400     -0.01373
FE      0.18743      0.06226      0.68771      0.00463     -0.00894      0.00847
FE      0.06254      0.18749      0.68748      0.00347      0.00101     -0.00271
FE      0.06253      0.06251      0.81227      0.00396      0.00087      0.01751
FE      0.18748      0.18747      0.81233      0.00202     -0.00271     -0.00500
FE      0.19021      0.06246      0.93475     -0.00993     -0.00091      0.00508
FE      0.06234      0.18891      0.93636     -0.01063     -0.01536      0.02063
FE      0.06236      0.31259      0.06283     -0.01899      0.00133      0.03683
FE      0.18775      0.43740      0.06287      0.00981     -0.00931      0.03130
FE      0.18766      0.31262      0.18768      0.01015      0.01071      0.01270
FE      0.06273      0.43735      0.18788      0.01407     -0.01166      0.02149
FE      0.06234      0.31280      0.31257     -0.02174      0.01813     -0.00384
FE      0.18754      0.43758      0.31255     -0.00130     -0.00055      0.00430
FE      0.18654      0.31255      0.43656     -0.05054      0.01213     -0.05231
FE      0.06235      0.43759      0.43740     -0.01276      0.01034     -0.00699
FE      0.06266      0.31251      0.56240      0.00437      0.00138     -0.01347
FE      0.18729      0.43763      0.56209     -0.00717      0.00727     -0.03100
FE      0.18721      0.31250      0.68741      0.00955      0.00383     -0.01245
FE      0.06274      0.43743      0.68714      0.01583     -0.00307     -0.02443
FE      0.06267      0.31261      0.81211      0.00556      0.00584     -0.01980
FE      0.18755      0.43761      0.81240      0.00268      0.00514     -0.00428
FE      0.18692      0.31234      0.93844     -0.03227     -0.00389      0.05247
FE      0.06363      0.43613      0.93766     -0.02709      0.01760      0.00981
FE      0.06529      0.56247      0.06526     -0.00350     -0.00461     -0.00642
FE      0.18774      0.68764      0.06260      0.00926      0.00637      0.00332
FE      0.18847      0.56242      0.18851      0.05074     -0.00649      0.05685
FE      0.06278      0.68765      0.18783      0.02153      0.00624      0.01698
FE      0.06259      0.56241      0.31240      0.00937     -0.00564      0.00255
FE      0.18774      0.68743      0.31266      0.01869     -0.01075      0.01494
FE      0.18746      0.56245      0.43752     -0.00448     -0.00757      0.00075
FE      0.06277      0.68722      0.43754      0.01861     -0.02428      0.00612
FE      0.06253      0.56244      0.56254      0.00179     -0.00203     -0.00350
FE      0.18750      0.68755      0.56248      0.00135     -0.00309     -0.00127
FE      0.18826      0.56276      0.68647      0.04174      0.01775     -0.06252
FE      0.06276      0.68764      0.68719      0.01678      0.00362     -0.01699
FE      0.06521      0.56250      0.80981     -0.01149      0.00606      0.01473
FE      0.18783      0.68767      0.81217      0.01581      0.00881     -0.01780
FE      0.18787      0.56250      0.93758     -0.00315      0.00346      0.00328
FE      0.06377      0.68892      0.93752     -0.00892     -0.02341     -0.00645
FE      0.06274      0.81230      0.06242      0.02192     -0.00782     -0.01027
FE      0.18891      0.93621      0.06214     -0.00186      0.02301     -0.03796
FE      0.18789      0.81228      0.18752      0.02585     -0.01683     -0.00515
FE      0.06361      0.93610      0.18781      0.06856      0.01170     -0.07221
FE      0.06288      0.81208      0.31259      0.02419     -0.02295      0.01049
FE      0.18771      0.93741      0.31282      0.01782     -0.00827      0.01551
FE      0.18763      0.81240      0.43762      0.00502     -0.00823      0.01387
FE      0.06286      0.93749      0.43753     -0.00113     -0.00246      0.00604
FE      0.06288      0.81236      0.56269      0.02321     -0.00803      0.01143
FE      0.18725      0.93751      0.56262     -0.01290      0.00035      0.01567
FE      0.18750      0.81240      0.68779     -0.00569     -0.00873      0.02884
FE      0.06353      0.93753      0.68849      0.06050     -0.00290      0.05877
FE      0.06272      0.81229      0.81221      0.01951     -0.01211     -0.01202
FE      0.18802      0.93737      0.81235      0.04295     -0.01060      0.00845
FE      0.18769      0.81259      0.93715      0.00017      0.00013     -0.03840
FE      0.06251      0.93605      0.93622      0.00553      0.01283      0.00725
FE      0.31281      0.06248      0.06249     -0.00582      0.00274     -0.00148
FE      0.43750      0.18761      0.06239      0.00016      0.00704     -0.00349
FE      0.43719      0.06271      0.18731     -0.02112      0.02139     -0.01569
FE      0.31277      0.18776      0.18774      0.01601      0.02104      0.01174
FE      0.31318      0.06276      0.31345      0.03893      0.01711      0.05252
FE      0.43761      0.18759      0.31257      0.00419      0.01008      0.00572
FE      0.43763      0.06242      0.43760      0.01615      0.00331      0.02017
FE      0.31228      0.18751      0.43731     -0.00808      0.00139     -0.00342
FE      0.31233      0.06236      0.56240     -0.01040     -0.00675     -0.00320
FE      0.43743      0.18621      0.56135     -0.00730      0.02726      0.02281
FE      0.43760      0.06230      0.68747      0.01046     -0.00049     -0.00796
FE      0.31137      0.18614      0.68739      0.02864      0.02081     -0.01263
FE      0.31338      0.06232      0.81158      0.05114     -0.00768     -0.04644
FE      0.43768      0.18614      0.81364      0.01543      0.01966     -0.02185
FE      0.43742      0.06225      0.93770     -0.00372     -0.00661      0.00276
FE      0.31261      0.18754      0.93764      0.00948     -0.00388      0.00269
FE      0.31279      0.31272      0.06244      0.01974      0.01259      0.00603
FE      0.43752      0.43751      0.06240      0.00350      0.00379     -0.00036
FE      0.43759      0.31252      0.18758      0.00679      0.00570      0.00634
FE      0.31262      0.43748      0.18765      0.01421     -0.00502      0.01248
FE      0.31248      0.31251      0.31260     -0.00008      0.00593      0.00253
FE      0.43752      0.43758      0.31249     -0.00325      0.00274      0.00193
FE      0.43752      0.31250      0.43712     -0.00362      0.00901      0.00132
FE      0.31217      0.43762      0.43718     -0.01472      0.00630     -0.01668
FE      0.30978      0.31247      0.55977      0.01471      0.00486      0.01084
FE      0.43750      0.43885      0.56130     -0.00217     -0.02540      0.01499
RU      0.43749      0.31253      0.68750      0.00158     -0.00032     -0.00146
FE      0.31138      0.43887      0.68741      0.03150     -0.02293     -0.01171
FE      0.30988      0.31245      0.81519      0.02584     -0.00145     -0.01225
FE      0.43754      0.43893      0.81375      0.00199     -0.01673     -0.01264
FE      0.43760      0.31251      0.93789      0.00916      0.00601     -0.00347
FE      0.31230      0.43771      0.93787     -0.00940      0.01329      0.01758
FE      0.31235      0.56249      0.06254     -0.00247      0.00178      0.00968
FE      0.43728      0.68736      0.06211     -0.01411     -0.01506     -0.01729
FE      0.43740      0.56229      0.18742     -0.00925     -0.01573     -0.00704
FE      0.31233      0.68732      0.18740     -0.00152     -0.01838     -0.00721
FE      0.31241      0.56222      0.31268      0.00912     -0.01377      0.02370
FE      0.43612      0.68597      0.31244     -0.00018      0.00443     -0.00362
FE      0.43738      0.56258      0.43736     -0.01425     -0.00195     -0.00807
FE      0.31210      0.68742      0.43771     -0.01768     -0.00900      0.01464
FE      0.31257      0.56260      0.56215      0.01628      0.00764     -0.03396
FE      0.43720      0.68732      0.56287     -0.02493     -0.01805      0.01698
FE      0.43748      0.56270      0.68757     -0.00508      0.00620      0.00628
FE      0.31251      0.68750      0.68754      0.00208     -0.00516      0.00499
FE      0.31229      0.56264      0.81255     -0.00585      0.01112      0.00080
FE      0.43752      0.68749      0.81246     -0.00192     -0.00314      0.00181
FE      0.43750      0.56273      0.93774     -0.00248      0.01148      0.00850
FE      0.31241      0.68749      0.93743     -0.00599     -0.00260     -0.01389
FE      0.31180      0.81220      0.06145     -0.03504     -0.01749     -0.06387
FE      0.43704      0.93763      0.06188     -0.04175      0.00351     -0.04389
FE      0.43462      0.81239      0.18459     -0.00344     -0.01083     -0.00367
FE      0.31249      0.93753      0.18750      0.00142      0.00088     -0.00334
FE      0.31212      0.81242      0.31250      0.00471     -0.00687      0.00214
FE      0.43643      0.93886      0.31256      0.02061     -0.02602      0.00184
FE      0.43470      0.81244      0.44025     -0.00007     -0.00691     -0.00754
FE      0.31221      0.93756      0.43784     -0.01006      0.00302      0.02848
FE      0.31149      0.81246      0.56352     -0.05495     -0.00351      0.06129
FE      0.43734      0.93768      0.56291     -0.01714      0.00955      0.02412
FE      0.43735      0.81242      0.68757     -0.01973     -0.00424      0.01203
FE      0.31249      0.93755      0.68755     -0.00086      0.00109      0.00284
FE      0.31257      0.81248      0.81240      0.01022     -0.00168     -0.00382
FE      0.43741      0.93749      0.81260     -0.01651     -0.00442      0.02058
FE      0.43754      0.81243      0.93755     -0.00214     -0.00889     -0.00780
FE      0.31272      0.93736      0.93720      0.01269     -0.00726     -0.02847
FE      0.56236      0.06278      0.06211     -0.01183      0.01942     -0.02543
FE      0.68756      0.18757      0.06249      0.00199      0.00686      0.00316
FE      0.68746      0.06281      0.18707     -0.01114      0.02818     -0.02403
FE      0.56242      0.18755      0.18749     -0.00613      0.00572     -0.00527
FE      0.56214      0.06287      0.31219     -0.01828      0.02338     -0.02186
FE      0.68736      0.18769      0.31235     -0.01204      0.01633     -0.01054
FE      0.68617      0.06408      0.43781     -0.00079     -0.00231      0.02940
FE      0.56243      0.18766      0.43716     -0.00358      0.01023     -0.01363
FE      0.56223      0.06276      0.56290     -0.01252      0.01882      0.02517
FE      0.68777      0.18760      0.56241      0.00769      0.00958     -0.00456
FE      0.68733      0.06241      0.68771     -0.02722      0.00386     -0.00157
FE      0.56371      0.18613      0.68758     -0.01898      0.02569      0.00647
FE      0.56245      0.06237      0.81272     -0.00593     -0.00591      0.02157
FE      0.68764      0.18740      0.81265     -0.00323     -0.00446      0.01167
FE      0.68765      0.06251      0.93745      0.00047      0.00496     -0.01117
FE      0.56269      0.18739      0.93788      0.00732     -0.00785      0.01420
FE      0.56244      0.31245      0.06243     -0.00402     -0.00324      0.00561
FE      0.68727      0.43736      0.06278     -0.01296     -0.00744      0.02602
FE      0.68741      0.31257      0.18753     -0.01197      0.00882      0.00369
FE      0.56232      0.43749      0.18764     -0.01680     -0.00384      0.00809
FE      0.56243      0.31256      0.31255     -0.00123      0.00943     -0.00058
FE      0.68751      0.43754      0.31249      0.00017      0.00103      0.00038
FE      0.68851      0.31248      0.43649      0.05133      0.00009     -0.05881
FE      0.56271      0.43769      0.43714      0.01049      0.01005     -0.01800
FE      0.56519      0.31257      0.55978     -0.01026      0.00583      0.01069
FE      0.68780      0.43756      0.56215      0.00973      0.00269     -0.02759
FE      0.68786      0.31252      0.68756     -0.00612      0.00233      0.00022
FE      0.56361      0.43884      0.68742     -0.02875     -0.02801     -0.00568
FE      0.56519      0.31245      0.81522     -0.01502     -0.00317     -0.00997
FE      0.68750      0.43754      0.81248     -0.00165      0.00108      0.00115
FE      0.68820      0.31222      0.93852      0.03357     -0.01194      0.05636
FE      0.56272      0.43763      0.93788      0.01276      0.00404      0.01558
FE      0.56256      0.56222      0.06228     -0.00244     -0.01347     -0.00600
FE      0.68735      0.68747      0.06229     -0.01309     -0.01293     -0.01241
FE      0.68659      0.56224      0.18836     -0.05275     -0.01740      0.04670
FE      0.56227      0.68607      0.18628     -0.02283      0.00904      0.01633
FE      0.56218      0.56217      0.31264     -0.03087     -0.01397      0.01867
FE      0.68853      0.68594      0.31250     -0.03652      0.00165      0.00737
FE      0.68767      0.56234      0.43760      0.00744     -0.01024      0.00520
FE      0.56224      0.68592      0.43870     -0.01857      0.00560     -0.01935
FE      0.56227      0.56228      0.56242     -0.02565     -0.01013     -0.01868
FE      0.68759      0.68732      0.56281     -0.00200     -0.01897      0.01409
FE      0.68680      0.56266      0.68662     -0.04078      0.00770     -0.04882
FE      0.56228      0.68750      0.68744     -0.01875     -0.00415     -0.00431
FE      0.56266      0.56263      0.81257      0.00371      0.01240      0.00463
FE      0.68719      0.68769      0.81231     -0.01985      0.00778     -0.00633
FE      0.68720      0.56246      0.93749      0.00568     -0.00280     -0.00419
FE      0.56247      0.68758      0.93760     -0.00635     -0.00006      0.00078
FE      0.56227      0.81246      0.06198     -0.02221     -0.00107     -0.01129
FE      0.68766      0.93772      0.06218      0.00346      0.01390     -0.02346
FE      0.68989      0.81230      0.18446     -0.04034     -0.01595     -0.00456
FE      0.56152      0.93890      0.18531     -0.05639     -0.02017     -0.04043
RU      0.56202      0.81227      0.31222     -0.02155     -0.01720     -0.01169
FE      0.68589      0.93900      0.30982     -0.02238     -0.00512      0.01243
FE      0.68895      0.81095      0.44029     -0.00413      0.00271     -0.00260
FE      0.56204      0.93890      0.43874     -0.00416     -0.02410     -0.01546
FE      0.56209      0.81232      0.56313     -0.02402     -0.01151      0.01553
FE      0.68499      0.93760      0.56561      0.01402      0.00563      0.01162
FE      0.68726      0.81233      0.68780     -0.01733     -0.01134      0.02006
FE      0.56143      0.93759      0.68853     -0.06047      0.00381      0.05879
FE      0.56227      0.81245      0.81256     -0.02166     -0.00340      0.00842
FE      0.68734      0.93748      0.81228     -0.02067     -0.00489     -0.00796
FE      0.68720      0.81270      0.93756     -0.02128      0.00966     -0.00704
FE      0.56244      0.93751      0.93759     -0.00845      0.00407     -0.00084
FE      0.81213      0.06255      0.06241      0.00416      0.00967     -0.00830
FE      0.93628      0.18898      0.06240      0.01672     -0.01179     -0.00267
FE      0.93504      0.06270      0.18979      0.02836      0.02511     -0.03651
FE      0.81217      0.18797      0.18754     -0.01337      0.02914      0.00154
FE      0.81163      0.06425      0.31227     -0.04855      0.01092      0.07602
FE      0.93740      0.18784      0.31272     -0.00256      0.02523      0.01148
FE      0.93885      0.06404      0.43748     -0.00799      0.00112      0.00536
FE      0.81257      0.18788      0.43756      0.00758      0.02152      0.00531
FE      0.81257      0.06396      0.56380      0.01073     -0.00799     -0.00905
FE      0.93766      0.18770      0.56259      0.01011      0.01240      0.00332
FE      0.93775      0.06266      0.68796      0.01319      0.01545      0.01786
FE      0.81233      0.18778      0.68761     -0.01024      0.01829      0.00119
FE      0.81154      0.06248      0.81149     -0.04864      0.00188     -0.05437
FE      0.93731      0.18774      0.81218     -0.01190      0.02094     -0.01356
FE      0.93472      0.06250      0.93473      0.00655     -0.00010      0.00435
FE      0.81226      0.18766      0.93739     -0.00686      0.01107     -0.00599
FE      0.81233      0.31262      0.06283      0.00480      0.01067      0.03201
FE      0.93753      0.43606      0.06375     -0.00050      0.01340     -0.01047
FE      0.93744      0.31243      0.18786     -0.00445      0.00211      0.02241
FE      0.81224      0.43737      0.18789     -0.01159     -0.01051      0.01972
FE      0.81266      0.31246      0.31235      0.02253     -0.00018     -0.01852
FE      0.93752      0.43754      0.31255      0.00482     -0.00219      0.00290
FE      0.93750      0.31251      0.43757      0.00171      0.00695      0.00565
FE      0.81269      0.43751      0.43742      0.01821      0.00040     -0.00942
FE      0.81238      0.31244      0.56237     -0.00080     -0.00177     -0.01096
FE      0.93753      0.43749      0.56247      0.00287     -0.00349     -0.00414
FE      0.93752      0.31231      0.68723     -0.00108     -0.00454     -0.02282
FE      0.81223      0.43741      0.68716     -0.01231     -0.00840     -0.01969
FE      0.81226      0.31236      0.81236     -0.00879     -0.00257     -0.00236
FE      0.93751      0.43617      0.81117      0.00021      0.01726      0.01312
FE      0.93740      0.31237      0.93743     -0.00868      0.00148     -0.00647
FE      0.81130      0.43620      0.93763      0.02676      0.02216      0.01046
FE      0.80982      0.56242      0.06521      0.01718     -0.01255     -0.01328
FE      0.93772      0.68882      0.06355      0.01916     -0.03033     -0.03276
FE      0.93763      0.56237      0.18781      0.01176     -0.01333     -0.00566
FE      0.81253      0.68716      0.18737      0.00128     -0.02429     -0.01216
FE      0.81272      0.56221      0.31243      0.01236     -0.01701      0.00181
FE      0.93764      0.68727      0.31245      0.01235     -0.02115     -0.00078
FE      0.93758      0.56245      0.43754      0.01179     -0.00362      0.00182
FE      0.81284      0.68710      0.43777      0.02053     -0.02801      0.01716
FE      0.81255      0.56249      0.56255      0.00867      0.00165     -0.00063
FE      0.93780      0.68734      0.56274      0.02548     -0.01692      0.01790
FE      0.93755      0.56239      0.68719      0.00456     -0.00624      0.00349
FE      0.81237      0.68735      0.68758      0.00071     -0.00820      0.01223
FE      0.80987      0.56249      0.80982      0.02320     -0.00120      0.01898
FE      0.93757      0.68879      0.81121      0.00879     -0.03329      0.01960
RU      0.93753      0.56250      0.93753      0.00488     -0.00013      0.00278
FE      0.81129      0.68880      0.93736      0.02457     -0.02935     -0.01737
FE      0.81309      0.81230      0.06155      0.03423     -0.00931     -0.05654
FE      0.93642      0.93614      0.06240      0.03485      0.01812     -0.01575
FE      0.93760      0.81243      0.18753      0.01359     -0.00971      0.00092
FE      0.81245      0.93759      0.18720     -0.00139      0.00448      0.00290
FE      0.81282      0.81104      0.31131     -0.00557      0.01711      0.02860
FE      0.94000      0.93742      0.31018     -0.02205     -0.00541      0.03721
FE      0.93869      0.81102      0.43764     -0.01236      0.01013      0.01530
RU      0.81284      0.93765      0.43796      0.00535      0.00557      0.03330
FE      0.81338      0.81111      0.56464      0.04914      0.02029      0.03453
FE      0.94040      0.93758      0.56546      0.00478      0.00942      0.00639
FE      0.93799      0.81255      0.68777      0.04296     -0.00295      0.02202
FE      0.81246      0.93758      0.68784      0.00219     -0.00079     -0.00374
FE      0.81235      0.81255      0.81232     -0.00782      0.00325     -0.01023
FE      0.93733      0.93736      0.81205     -0.00529     -0.01144     -0.01920
FE      0.93765      0.81257      0.93716      0.02214     -0.00265     -0.03896
FE      0.81226      0.93740      0.93713     -0.00832     -0.00914     -0.03234
