/* Converted from PWscf output file */ 
#L_UNITS ang 
#E_UNITS eV 
#S_UNITS GPA 
#F_UNITS EV/ANG 
#ALAT 	  13.67994     // a0 
#X 	   1.00000     0.00000     0.00000     // X 
#Y 	   0.00000     1.05163     0.00000     // Y 
#Z 	   0.00000     0.00000     1.00000     // Z 
#SX 	  -2.10646    -0.00000    -0.00015     // SX 
#SY 	  -0.00000    -1.39055    -0.00000     // SY 
#SZ 	  -0.00015    -0.00000    -2.28627     // SZ 
#EPA 	  -3.73703     // Energy per Atom 
#C 	1 1 1 
#W 	1.0 
#RCUT 	6.5        // Rcut 
RU      0.06249      0.06249      0.31476      0.00274      0.00407     -1.60887
FE      0.18751      0.18751      0.31476      0.17061      0.16468     -0.08406
FE      0.18751      0.06249      0.43537      0.40316     -0.00111      0.46872
FE      0.06249      0.18751      0.43537     -0.00097      0.23087      0.33956
FE      0.06249      0.06249      0.56463     -0.00105     -0.00168      0.21631
FE      0.18751      0.18751      0.56463     -0.01026     -0.00398      0.03000
FE      0.18751      0.06249      0.68524      0.03177     -0.00026     -0.01949
FE      0.06249      0.18751      0.68524     -0.00019     -0.05565     -0.07587
FE      0.06249      0.31249      0.31476     -0.00016      0.03899     -0.07819
FE      0.18751      0.43751      0.31476     -0.00956      0.00657     -0.00918
FE      0.18751      0.31249      0.43537      0.02066      0.01784      0.05253
FE      0.06249      0.43751      0.43537     -0.00083     -0.00917     -0.02317
FE      0.06249      0.31249      0.56463     -0.00083      0.05177      0.01986
FE      0.18751      0.43751      0.56463      0.00091      0.00822      0.00399
FE      0.18751      0.31249      0.68524      0.00012      0.00130      0.01007
FE      0.06249      0.43751      0.68524     -0.00021     -0.00696     -0.01460
FE      0.06249      0.56249      0.31476     -0.00019     -0.00029      0.01115
FE      0.18751      0.68751      0.31476     -0.00961     -0.00589     -0.00898
FE      0.18751      0.56249      0.43537     -0.00207     -0.00132      0.00807
FE      0.06249      0.68751      0.43537     -0.00081      0.01166     -0.02324
FE      0.06249      0.56249      0.56463     -0.00074     -0.00122     -0.00052
FE      0.18751      0.68751      0.56463      0.00086     -0.00596      0.00405
FE      0.18751      0.56249      0.68524      0.00159     -0.00036      0.00514
FE      0.06249      0.68751      0.68524     -0.00017      0.00751     -0.01440
FE      0.06249      0.81249      0.31476     -0.00016     -0.03957     -0.07808
FE      0.18751      0.93751      0.31476      0.17072     -0.16436     -0.08388
FE      0.18751      0.81249      0.43537      0.02064     -0.02022      0.05246
FE      0.06249      0.93751      0.43537     -0.00073     -0.22933      0.34081
FE      0.06249      0.81249      0.56463     -0.00080     -0.05428      0.01952
FE      0.18751      0.93751      0.56463     -0.01034      0.00635      0.03015
FE      0.18751      0.81249      0.68524      0.00019     -0.00193      0.01003
FE      0.06249      0.93751      0.68524     -0.00020      0.05646     -0.07592
FE      0.31249      0.06249      0.31476     -0.02453     -0.00030     -0.06454
FE      0.43751      0.18751      0.31476      0.00137     -0.00068     -0.00650
FE      0.43751      0.06249      0.43537     -0.02901     -0.00117      0.01829
FE      0.31249      0.18751      0.43537      0.05183      0.01408      0.04033
FE      0.31249      0.06249      0.56463      0.07595     -0.00132      0.07619
FE      0.43751      0.18751      0.56463     -0.00881      0.00096     -0.01387
FE      0.43751      0.06249      0.68524      0.00552     -0.00035      0.01865
FE      0.31249      0.18751      0.68524      0.00231     -0.00180     -0.01876
FE      0.31249      0.31249      0.31476     -0.00488     -0.00241      0.00200
FE      0.43751      0.43751      0.31476      0.00236      0.00351     -0.00441
FE      0.43751      0.31249      0.43537     -0.00904     -0.00478      0.00783
FE      0.31249      0.43751      0.43537      0.00112      0.00603      0.00452
FE      0.31249      0.31249      0.56463      0.00163      0.00270     -0.00225
FE      0.43751      0.43751      0.56463     -0.00301     -0.00020     -0.01043
FE      0.43751      0.31249      0.68524     -0.00113     -0.00103      0.00664
FE      0.31249      0.43751      0.68524      0.00019     -0.00076     -0.00921
FE      0.31249      0.56249      0.31476     -0.00631     -0.00048      0.00915
FE      0.43751      0.68751      0.31476      0.00237     -0.00285     -0.00412
FE      0.43751      0.56249      0.43537      0.00244     -0.00130      0.00703
FE      0.31249      0.68751      0.43537      0.00120     -0.00354      0.00447
FE      0.31249      0.56249      0.56463     -0.00137     -0.00113     -0.00423
FE      0.43751      0.68751      0.56463     -0.00298      0.00259     -0.01029
FE      0.43751      0.56249      0.68524      0.00033     -0.00015      0.00540
FE      0.31249      0.68751      0.68524      0.00020      0.00106     -0.00901
FE      0.31249      0.81249      0.31476     -0.00490      0.00172      0.00202
FE      0.43751      0.93751      0.31476      0.00131      0.00108     -0.00642
FE      0.43751      0.81249      0.43537     -0.00915      0.00232      0.00781
FE      0.31249      0.93751      0.43537      0.05187     -0.01170      0.04049
FE      0.31249      0.81249      0.56463      0.00168     -0.00534     -0.00263
FE      0.43751      0.93751      0.56463     -0.00884      0.00144     -0.01377
FE      0.43751      0.81249      0.68524     -0.00127      0.00046      0.00643
FE      0.31249      0.93751      0.68524      0.00225      0.00254     -0.01869
FE      0.56249      0.06249      0.31476     -0.00022     -0.00013      0.00564
FE      0.68751      0.18751      0.31476     -0.00094     -0.00064     -0.00640
FE      0.68751      0.06249      0.43537      0.03064     -0.00119      0.01821
FE      0.56249      0.18751      0.43537     -0.00080      0.00411     -0.00059
FE      0.56249      0.06249      0.56463     -0.00081     -0.00131      0.00128
FE      0.68751      0.18751      0.56463      0.01037      0.00093     -0.01382
FE      0.68751      0.06249      0.68524     -0.00514     -0.00030      0.01862
FE      0.56249      0.18751      0.68524     -0.00011     -0.00337     -0.00675
FE      0.56249      0.31249      0.31476     -0.00020     -0.00200      0.00383
FE      0.68751      0.43751      0.31476     -0.00202      0.00358     -0.00434
FE      0.68751      0.31249      0.43537      0.01067     -0.00492      0.00811
FE      0.56249      0.43751      0.43537     -0.00076      0.00425      0.00294
FE      0.56249      0.31249      0.56463     -0.00077     -0.00145     -0.00300
FE      0.68751      0.43751      0.56463      0.00451     -0.00016     -0.01049
FE      0.68751      0.31249      0.68524      0.00157     -0.00105      0.00666
FE      0.56249      0.43751      0.68524     -0.00024     -0.00200     -0.00508
FE      0.56249      0.56249      0.31476     -0.00013     -0.00032      0.00569
FE      0.68751      0.68751      0.31476     -0.00194     -0.00295     -0.00419
FE      0.68751      0.56249      0.43537     -0.00076     -0.00131      0.00705
FE      0.56249      0.68751      0.43537     -0.00079     -0.00183      0.00295
FE      0.56249      0.56249      0.56463     -0.00077     -0.00120     -0.00814
FE      0.68751      0.68751      0.56463      0.00462      0.00258     -0.01035
FE      0.68751      0.56249      0.68524     -0.00002     -0.00026      0.00544
FE      0.56249      0.68751      0.68524     -0.00030      0.00246     -0.00507
FE      0.56249      0.81249      0.31476     -0.00018      0.00132      0.00392
FE      0.68751      0.93751      0.31476     -0.00092      0.00103     -0.00615
FE      0.68751      0.81249      0.43537      0.01076      0.00231      0.00786
FE      0.56249      0.93751      0.43537     -0.00085     -0.00179     -0.00056
FE      0.56249      0.81249      0.56463     -0.00073     -0.00105     -0.00316
FE      0.68751      0.93751      0.56463      0.01040      0.00147     -0.01379
FE      0.68751      0.81249      0.68524      0.00156      0.00051      0.00655
FE      0.56249      0.93751      0.68524     -0.00019      0.00423     -0.00654
FE      0.81249      0.06249      0.31476      0.02397     -0.00033     -0.06464
FE      0.93751      0.18751      0.31476     -0.17028      0.16476     -0.08410
FE      0.93751      0.06249      0.43537     -0.40296     -0.00085      0.47048
FE      0.81249      0.18751      0.43537     -0.05341      0.01412      0.04030
FE      0.81249      0.06249      0.56463     -0.07763     -0.00128      0.07602
FE      0.93751      0.18751      0.56463      0.01195     -0.00398      0.03003
FE      0.93751      0.06249      0.68524     -0.03141     -0.00024     -0.01931
FE      0.81249      0.18751      0.68524     -0.00260     -0.00177     -0.01879
FE      0.81249      0.31249      0.31476      0.00443     -0.00249      0.00208
FE      0.93751      0.43751      0.31476      0.01003      0.00655     -0.00922
FE      0.93751      0.31249      0.43537     -0.01926      0.01783      0.05275
FE      0.81249      0.43751      0.43537     -0.00279      0.00608      0.00451
FE      0.81249      0.31249      0.56463     -0.00323      0.00269     -0.00244
FE      0.93751      0.43751      0.56463      0.00071      0.00826      0.00411
FE      0.93751      0.31249      0.68524      0.00018      0.00130      0.01004
FE      0.81249      0.43751      0.68524     -0.00050     -0.00068     -0.00913
FE      0.81249      0.56249      0.31476      0.00596     -0.00038      0.00904
FE      0.93751      0.68751      0.31476      0.00996     -0.00589     -0.00913
FE      0.93751      0.56249      0.43537      0.00375     -0.00130      0.00807
FE      0.81249      0.68751      0.43537     -0.00283     -0.00361      0.00454
FE      0.81249      0.56249      0.56463     -0.00025     -0.00121     -0.00413
FE      0.93751      0.68751      0.56463      0.00070     -0.00609      0.00420
FE      0.93751      0.56249      0.68524     -0.00128     -0.00036      0.00522
FE      0.81249      0.68751      0.68524     -0.00062      0.00102     -0.00902
FE      0.81249      0.81249      0.31476      0.00442      0.00159      0.00205
FE      0.93751      0.93751      0.31476     -0.17084     -0.16498     -0.08401
FE      0.93751      0.81249      0.43537     -0.01926     -0.02027      0.05255
FE      0.81249      0.93751      0.43537     -0.05339     -0.01161      0.04042
FE      0.81249      0.81249      0.56463     -0.00325     -0.00534     -0.00258
FE      0.93751      0.93751      0.56463      0.01192      0.00636      0.03017
FE      0.93751      0.81249      0.68524      0.00023     -0.00193      0.01009
FE      0.81249      0.93751      0.68524     -0.00268      0.00252     -0.01867
