/* Converted from PWscf output file */ 
#L_UNITS ang 
#E_UNITS eV 
#S_UNITS GPA 
#F_UNITS EV/ANG 
#ALAT 	  13.69684     // a0 
#X 	   1.00000     0.00000    -0.00000     // X 
#Y 	   0.00000     1.05278    -0.00009     // Y 
#Z 	  -0.00000    -0.00009     1.00009     // Z 
#SX 	   0.72087     0.00000    -0.00000     // SX 
#SY 	   0.00000     1.35817    -0.05017     // SY 
#SZ 	  -0.00000    -0.05017     0.77497     // SZ 
#EPA 	  -4.27664     // Energy per Atom 
#C 	1 1 1 
#W 	1.0 
#RCUT 	6.5        // Rcut 
RU      0.06250      0.06158      0.06342      0.00011     -0.64019      0.60887
FE      0.18880      0.18798      0.06335      0.86434      0.33627      0.56799
FE      0.18837      0.06249      0.18840      0.57769     -0.00921      0.59879
FE      0.06249      0.18798      0.18806     -0.00430      0.33771      0.37213
FE      0.06249      0.06249      0.31258     -0.00381     -0.00462      0.05263
FE      0.18752      0.18751      0.31250      0.01313      0.00456      0.00157
FE      0.18750      0.06249      0.43748     -0.00230     -0.00434     -0.01449
FE      0.06249      0.18750      0.43750     -0.00380      0.00189     -0.00268
FE      0.06249      0.06250      0.56250     -0.00379     -0.00188      0.00267
FE      0.18750      0.18751      0.56252     -0.00230      0.00434      0.01446
FE      0.18752      0.06249      0.68750      0.01311     -0.00454     -0.00158
FE      0.06249      0.18751      0.68742     -0.00385      0.00462     -0.05263
FE      0.06249      0.06202      0.81194     -0.00429     -0.33771     -0.37214
FE      0.18837      0.18751      0.81160      0.57767      0.00926     -0.59879
FE      0.18880      0.06202      0.93665      0.86434     -0.33628     -0.56796
RU      0.06250      0.18842      0.93658      0.00011      0.64020     -0.60892
FE      0.06249      0.31299      0.06294     -0.00368      0.34584      0.29295
FE      0.18750      0.43751      0.06250     -0.00018      0.00451     -0.00155
FE      0.18753      0.31249      0.18755      0.01799     -0.00501      0.03174
FE      0.06249      0.43752      0.18752     -0.00382      0.01653      0.01067
FE      0.06249      0.31251      0.31250     -0.00380      0.00842      0.00270
FE      0.18751      0.43751      0.31250      0.00827      0.00603     -0.00089
FE      0.18750      0.31249      0.43750      0.00310     -0.00958      0.00043
FE      0.06249      0.43750      0.43750     -0.00382     -0.00217     -0.00251
FE      0.06249      0.31249      0.56250     -0.00381     -0.00928      0.00227
FE      0.18751      0.43750      0.56250      0.00588      0.00251     -0.00095
FE      0.18753      0.31249      0.68747      0.01837     -0.00871     -0.01680
FE      0.06249      0.43751      0.68750     -0.00378      0.00853     -0.00039
FE      0.06249      0.31307      0.81195     -0.00391      0.39559     -0.36603
FE      0.18752      0.43752      0.81248      0.01126      0.01246     -0.01286
FE      0.18795      0.31296      0.93750      0.29922      0.32414     -0.00128
FE      0.06249      0.43753      0.93751     -0.00382      0.01925      0.00803
FE      0.06249      0.56249      0.06249     -0.00381     -0.00529     -0.00953
FE      0.18749      0.68751      0.06249     -0.00333      0.00533     -0.00484
FE      0.18751      0.56250      0.18751      0.00469     -0.00090      0.00783
FE      0.06249      0.68751      0.18750     -0.00381      0.00431     -0.00303
FE      0.06249      0.56248      0.31248     -0.00383     -0.01066     -0.01107
FE      0.18751      0.68750      0.31250      0.00758      0.00100      0.00067
FE      0.18751      0.56249      0.43750      0.00532     -0.00427      0.00279
FE      0.06249      0.68752      0.43750     -0.00381      0.01129     -0.00309
FE      0.06249      0.56248      0.56250     -0.00380     -0.01127      0.00307
FE      0.18751      0.68751      0.56250      0.00534      0.00425     -0.00279
FE      0.18751      0.56250      0.68750      0.00776     -0.00098     -0.00052
FE      0.06249      0.68752      0.68752     -0.00379      0.01059      0.01099
FE      0.06249      0.56249      0.81250     -0.00383     -0.00432      0.00306
FE      0.18751      0.68750      0.81249      0.00470      0.00088     -0.00785
FE      0.18750      0.56249      0.93751     -0.00332     -0.00532      0.00488
FE      0.06249      0.68751      0.93751     -0.00382      0.00530      0.00954
FE      0.06249      0.81247      0.06249     -0.00386     -0.01925     -0.00802
FE      0.18795      0.93704      0.06250      0.29921     -0.32414      0.00130
FE      0.18752      0.81248      0.18752      0.01127     -0.01244      0.01284
FE      0.06249      0.93693      0.18805     -0.00390     -0.39561      0.36605
FE      0.06249      0.81249      0.31250     -0.00379     -0.00852      0.00037
FE      0.18753      0.93751      0.31253      0.01838      0.00869      0.01677
FE      0.18751      0.81250      0.43750      0.00588     -0.00249      0.00095
FE      0.06249      0.93751      0.43750     -0.00381      0.00927     -0.00230
FE      0.06249      0.81250      0.56250     -0.00381      0.00218      0.00250
FE      0.18750      0.93751      0.56250      0.00310      0.00958     -0.00044
FE      0.18751      0.81249      0.68750      0.00826     -0.00600      0.00085
FE      0.06249      0.93749      0.68750     -0.00380     -0.00841     -0.00272
FE      0.06249      0.81248      0.81248     -0.00383     -0.01650     -0.01065
FE      0.18753      0.93751      0.81245      0.01799      0.00501     -0.03172
FE      0.18750      0.81249      0.93750     -0.00017     -0.00453      0.00158
FE      0.06249      0.93701      0.93706     -0.00367     -0.34586     -0.29293
FE      0.31263      0.06249      0.06251      0.08909     -0.00472      0.00961
FE      0.43747      0.18750      0.06249     -0.02300      0.00171     -0.00831
FE      0.43747      0.06249      0.18750     -0.01788     -0.00568      0.00221
FE      0.31261      0.18750      0.18761      0.07555      0.00340      0.07241
FE      0.31259      0.06249      0.31258      0.05682     -0.00519      0.05126
FE      0.43749      0.18751      0.31249     -0.00561      0.00595     -0.00805
FE      0.43749      0.06250      0.43750     -0.00423     -0.00303     -0.00291
FE      0.31250      0.18751      0.43750      0.00037      0.00583      0.00134
FE      0.31250      0.06249      0.56250      0.00036     -0.00582     -0.00133
FE      0.43749      0.18750      0.56250     -0.00423      0.00308      0.00293
FE      0.43749      0.06249      0.68751     -0.00562     -0.00594      0.00805
FE      0.31259      0.18751      0.68742      0.05683      0.00521     -0.05127
FE      0.31261      0.06250      0.81239      0.07556     -0.00336     -0.07237
FE      0.43747      0.18751      0.81250     -0.01785      0.00567     -0.00216
FE      0.43747      0.06250      0.93751     -0.02300     -0.00172      0.00832
FE      0.31263      0.18751      0.93749      0.08912      0.00472     -0.00961
FE      0.31255      0.31251      0.06251      0.03305      0.00836      0.00834
FE      0.43749      0.43749      0.06250     -0.00565     -0.00474     -0.00223
FE      0.43750      0.31249      0.18751     -0.00144     -0.00799      0.00853
FE      0.31251      0.43751      0.18751      0.00355      0.00906      0.00857
FE      0.31250      0.31249      0.31249      0.00083     -0.00498     -0.00497
FE      0.43750      0.43751      0.31249      0.00111      0.00697     -0.00494
FE      0.43750      0.31249      0.43750      0.00099     -0.00586      0.00194
FE      0.31249      0.43751      0.43750     -0.00378      0.00402      0.00285
FE      0.31250      0.31249      0.56250     -0.00185     -0.00602     -0.00055
FE      0.43750      0.43751      0.56250      0.00092      0.00553     -0.00199
FE      0.43750      0.31250      0.68750      0.00002     -0.00275      0.00213
FE      0.31250      0.43751      0.68750     -0.00141      0.00489      0.00309
FE      0.31253      0.31249      0.81247      0.02062     -0.00586     -0.01754
FE      0.43750      0.43750      0.81249     -0.00020      0.00177     -0.00593
FE      0.43749      0.31248      0.93750     -0.00588     -0.01177      0.00206
FE      0.31252      0.43753      0.93750      0.01547      0.02442      0.00073
FE      0.31250      0.56250      0.06250      0.00078     -0.00024     -0.00116
FE      0.43749      0.68752      0.06250     -0.00353      0.01089     -0.00269
FE      0.43750      0.56249      0.18751      0.00189     -0.00476      0.00563
FE      0.31250      0.68750      0.18751      0.00071      0.00102      0.00563
FE      0.31249      0.56249      0.31249     -0.00350     -0.00464     -0.00512
FE      0.43750      0.68751      0.31249      0.00240      0.00457     -0.00355
FE      0.43750      0.56249      0.43750      0.00223     -0.00574      0.00329
FE      0.31250      0.68751      0.43750     -0.00191      0.00460      0.00271
FE      0.31250      0.56249      0.56250     -0.00191     -0.00462     -0.00273
FE      0.43750      0.68751      0.56250      0.00223      0.00574     -0.00330
FE      0.43750      0.56249      0.68751      0.00243     -0.00458      0.00352
FE      0.31249      0.68751      0.68751     -0.00352      0.00462      0.00508
FE      0.31250      0.56250      0.81249      0.00073     -0.00104     -0.00560
FE      0.43750      0.68751      0.81249      0.00190      0.00476     -0.00561
FE      0.43749      0.56248      0.93750     -0.00354     -0.01089      0.00270
FE      0.31250      0.68750      0.93750      0.00079      0.00025      0.00119
FE      0.31252      0.81247      0.06250      0.01545     -0.02442     -0.00073
FE      0.43749      0.93752      0.06250     -0.00589      0.01178     -0.00206
FE      0.43750      0.81250      0.18751     -0.00015     -0.00181      0.00596
FE      0.31253      0.93751      0.18753      0.02060      0.00586      0.01758
FE      0.31250      0.81249      0.31250     -0.00138     -0.00488     -0.00309
FE      0.43750      0.93750      0.31250      0.00002      0.00275     -0.00214
FE      0.43750      0.81249      0.43750      0.00090     -0.00550      0.00195
FE      0.31250      0.93751      0.43750     -0.00187      0.00601      0.00053
FE      0.31249      0.81249      0.56250     -0.00380     -0.00400     -0.00287
FE      0.43750      0.93751      0.56250      0.00099      0.00585     -0.00195
FE      0.43750      0.81249      0.68751      0.00111     -0.00696      0.00492
FE      0.31250      0.93751      0.68751      0.00083      0.00498      0.00496
FE      0.31251      0.81249      0.81249      0.00357     -0.00904     -0.00854
FE      0.43750      0.93751      0.81249     -0.00144      0.00800     -0.00851
FE      0.43749      0.81251      0.93750     -0.00567      0.00474      0.00226
FE      0.31255      0.93749      0.93749      0.03306     -0.00835     -0.00832
FE      0.56249      0.06249      0.06249     -0.00380     -0.00444     -0.00607
FE      0.68755      0.18750      0.06249      0.03050      0.00172     -0.00831
FE      0.68754      0.06249      0.18750      0.02539     -0.00567      0.00221
FE      0.56249      0.18751      0.18751     -0.00379      0.00504      0.00344
FE      0.56249      0.06250      0.31250     -0.00380     -0.00321     -0.00315
FE      0.68752      0.18751      0.31249      0.01315      0.00595     -0.00805
FE      0.68752      0.06250      0.43750      0.01172     -0.00303     -0.00294
FE      0.56249      0.18750      0.43750     -0.00381      0.00266      0.00223
FE      0.56249      0.06250      0.56250     -0.00381     -0.00265     -0.00223
FE      0.68752      0.18750      0.56250      0.01171      0.00304      0.00292
FE      0.68752      0.06249      0.68751      0.01315     -0.00594      0.00805
FE      0.56249      0.18750      0.68750     -0.00379      0.00323      0.00314
FE      0.56249      0.06249      0.81249     -0.00380     -0.00503     -0.00343
FE      0.68754      0.18751      0.81250      0.02539      0.00569     -0.00220
FE      0.68755      0.06250      0.93751      0.03052     -0.00170      0.00833
FE      0.56249      0.18751      0.93751     -0.00379      0.00445      0.00608
FE      0.56249      0.31249      0.06249     -0.00381     -0.00707     -0.00579
FE      0.68752      0.43749      0.06250      0.01316     -0.00473     -0.00226
FE      0.68751      0.31249      0.18751      0.00894     -0.00799      0.00853
FE      0.56249      0.43751      0.18751     -0.00380      0.00453      0.00374
FE      0.56249      0.31249      0.31249     -0.00382     -0.00862     -0.00582
FE      0.68751      0.43751      0.31249      0.00642      0.00697     -0.00493
FE      0.68751      0.31249      0.43750      0.00652     -0.00585      0.00196
FE      0.56249      0.43751      0.43750     -0.00378      0.00740      0.00269
FE      0.56249      0.31249      0.56250     -0.00378     -0.00444     -0.00247
FE      0.68751      0.43751      0.56250      0.00660      0.00552     -0.00197
FE      0.68751      0.31250      0.68750      0.00749     -0.00273      0.00213
FE      0.56249      0.43750      0.68751     -0.00377      0.00278      0.00572
FE      0.56249      0.31249      0.81250     -0.00379     -0.00703     -0.00090
FE      0.68751      0.43750      0.81249      0.00769      0.00180     -0.00593
FE      0.68752      0.31248      0.93750      0.01341     -0.01177      0.00207
FE      0.56249      0.43751      0.93750     -0.00378      0.00487      0.00317
FE      0.56249      0.56249      0.06249     -0.00378     -0.00405     -0.00335
FE      0.68752      0.68752      0.06250      0.01104      0.01087     -0.00273
FE      0.68751      0.56249      0.18751      0.00561     -0.00476      0.00563
FE      0.56249      0.68751      0.18751     -0.00381      0.00434      0.00556
FE      0.56249      0.56249      0.31249     -0.00379     -0.00590     -0.00366
FE      0.68751      0.68751      0.31249      0.00512      0.00456     -0.00351
FE      0.68751      0.56249      0.43751      0.00524     -0.00580      0.00333
FE      0.56249      0.68751      0.43750     -0.00377      0.00577      0.00280
FE      0.56249      0.56249      0.56250     -0.00377     -0.00577     -0.00279
FE      0.68751      0.68751      0.56250      0.00529      0.00572     -0.00329
FE      0.68751      0.56249      0.68751      0.00511     -0.00461      0.00349
FE      0.56249      0.68751      0.68751     -0.00378      0.00589      0.00364
FE      0.56249      0.56249      0.81249     -0.00377     -0.00435     -0.00555
FE      0.68751      0.68751      0.81249      0.00561      0.00474     -0.00561
FE      0.68752      0.56248      0.93750      0.01103     -0.01089      0.00269
FE      0.56249      0.68751      0.93751     -0.00377      0.00404      0.00336
FE      0.56249      0.81249      0.06250     -0.00380     -0.00487     -0.00316
FE      0.68752      0.93752      0.06250      0.01339      0.01176     -0.00207
FE      0.68751      0.81250      0.18751      0.00770     -0.00179      0.00596
FE      0.56249      0.93751      0.18750     -0.00380      0.00705      0.00090
FE      0.56249      0.81250      0.31249     -0.00380     -0.00278     -0.00574
FE      0.68751      0.93750      0.31250      0.00751      0.00275     -0.00214
FE      0.68751      0.81249      0.43750      0.00661     -0.00550      0.00196
FE      0.56249      0.93751      0.43750     -0.00378      0.00445      0.00246
FE      0.56249      0.81249      0.56250     -0.00379     -0.00740     -0.00268
FE      0.68751      0.93751      0.56250      0.00653      0.00585     -0.00195
FE      0.68751      0.81249      0.68751      0.00642     -0.00699      0.00492
FE      0.56249      0.93751      0.68751     -0.00379      0.00860      0.00578
FE      0.56249      0.81249      0.81249     -0.00378     -0.00454     -0.00374
FE      0.68751      0.93751      0.81249      0.00895      0.00800     -0.00851
FE      0.68752      0.81251      0.93750      0.01317      0.00473      0.00226
FE      0.56249      0.93751      0.93751     -0.00380      0.00709      0.00581
FE      0.81235      0.06249      0.06251     -0.09680     -0.00475      0.00957
FE      0.93621      0.18798      0.06336     -0.85697      0.33563      0.56854
FE      0.93664      0.06249      0.18840     -0.56987     -0.00893      0.59843
FE      0.81237      0.18750      0.18761     -0.08317      0.00339      0.07242
FE      0.81240      0.06249      0.31258     -0.06445     -0.00519      0.05126
FE      0.93749      0.18751      0.31250     -0.00565      0.00456      0.00158
FE      0.93751      0.06249      0.43748      0.00980     -0.00433     -0.01448
FE      0.81249      0.18751      0.43750     -0.00796      0.00582      0.00132
FE      0.81249      0.06249      0.56250     -0.00795     -0.00582     -0.00133
FE      0.93751      0.18751      0.56252      0.00981      0.00435      0.01447
FE      0.93749      0.06249      0.68750     -0.00564     -0.00456     -0.00159
FE      0.81240      0.18751      0.68742     -0.06444      0.00521     -0.05131
FE      0.81237      0.06250      0.81239     -0.08318     -0.00338     -0.07240
FE      0.93664      0.18751      0.81160     -0.56988      0.00893     -0.59844
FE      0.93621      0.06202      0.93664     -0.85697     -0.33566     -0.56851
FE      0.81235      0.18751      0.93749     -0.09682      0.00477     -0.00958
FE      0.81244      0.31251      0.06251     -0.04061      0.00833      0.00829
FE      0.93751      0.43751      0.06250      0.00764      0.00453     -0.00157
FE      0.93748      0.31249      0.18755     -0.01057     -0.00499      0.03173
FE      0.81248      0.43751      0.18751     -0.01114      0.00906      0.00857
FE      0.81249      0.31249      0.31249     -0.00843     -0.00497     -0.00497
FE      0.93750      0.43751      0.31250     -0.00078      0.00603     -0.00088
FE      0.93751      0.31249      0.43750      0.00439     -0.00958      0.00043
FE      0.81249      0.43751      0.43750     -0.00380      0.00403      0.00286
FE      0.81249      0.31249      0.56250     -0.00574     -0.00599     -0.00055
FE      0.93750      0.43750      0.56250      0.00162      0.00249     -0.00098
FE      0.93748      0.31249      0.68747     -0.01092     -0.00870     -0.01678
FE      0.81249      0.43751      0.68750     -0.00623      0.00486      0.00308
FE      0.81246      0.31249      0.81247     -0.02820     -0.00586     -0.01756
FE      0.93749      0.43752      0.81248     -0.00382      0.01244     -0.01284
FE      0.93706      0.31296      0.93750     -0.29208      0.32444     -0.00153
FE      0.81247      0.43753      0.93750     -0.02308      0.02444      0.00074
FE      0.81249      0.56250      0.06250     -0.00839     -0.00025     -0.00116
FE      0.93752      0.68751      0.06249      0.01086      0.00533     -0.00486
FE      0.93750      0.56250      0.18751      0.00280     -0.00090      0.00783
FE      0.81249      0.68750      0.18751     -0.00828      0.00103      0.00564
FE      0.81249      0.56249      0.31249     -0.00410     -0.00464     -0.00511
FE      0.93750      0.68750      0.31250     -0.00009      0.00099      0.00069
FE      0.93750      0.56249      0.43750      0.00218     -0.00428      0.00281
FE      0.81249      0.68751      0.43750     -0.00568      0.00460      0.00270
FE      0.81249      0.56249      0.56250     -0.00567     -0.00461     -0.00270
FE      0.93750      0.68751      0.56250      0.00216      0.00428     -0.00281
FE      0.93750      0.56250      0.68750     -0.00014     -0.00099     -0.00074
FE      0.81249      0.68751      0.68751     -0.00411      0.00465      0.00508
FE      0.81249      0.56250      0.81249     -0.00832     -0.00103     -0.00561
FE      0.93750      0.68750      0.81249      0.00281      0.00089     -0.00782
FE      0.93752      0.56249      0.93751      0.01087     -0.00534      0.00486
FE      0.81249      0.68750      0.93750     -0.00839      0.00024      0.00118
FE      0.81247      0.81247      0.06250     -0.02307     -0.02443     -0.00074
FE      0.93706      0.93704      0.06250     -0.29206     -0.32442      0.00154
FE      0.93749      0.81248      0.18752     -0.00390     -0.01254      0.01279
FE      0.81246      0.93751      0.18753     -0.02818      0.00587      0.01759
FE      0.81249      0.81249      0.31250     -0.00620     -0.00489     -0.00312
FE      0.93748      0.93751      0.31253     -0.01092      0.00873      0.01681
FE      0.93750      0.81250      0.43750      0.00163     -0.00250      0.00096
FE      0.81249      0.93751      0.43750     -0.00572      0.00600      0.00054
FE      0.81249      0.81249      0.56250     -0.00378     -0.00403     -0.00284
FE      0.93751      0.93751      0.56250      0.00439      0.00958     -0.00044
FE      0.93750      0.81249      0.68750     -0.00078     -0.00604      0.00085
FE      0.81249      0.93751      0.68751     -0.00841      0.00496      0.00493
FE      0.81248      0.81249      0.81249     -0.01115     -0.00906     -0.00858
FE      0.93748      0.93751      0.81245     -0.01056      0.00500     -0.03172
FE      0.93751      0.81249      0.93750      0.00762     -0.00452      0.00157
FE      0.81244      0.93749      0.93749     -0.04066     -0.00834     -0.00831
