/* Converted from PWscf output file */ 
#L_UNITS ang 
#E_UNITS eV 
#S_UNITS GPA 
#F_UNITS EV/ANG 
#ALAT 	   6.88626     // a0 
#X 	   1.00000     0.00000     0.00000     // X 
#Y 	   0.00000     1.05298     0.00000     // Y 
#Z 	   0.00000     0.00000     1.00000     // Z 
#SX 	   2.71882     0.33936     0.00000     // SX 
#SY 	   0.33936     1.51261     0.00000     // SY 
#SZ 	   0.00000     0.00000     2.21846     // SZ 
#EPA 	  -4.39434     // Energy per Atom 
#C 	1 1 1 
#W 	20.0 
#RCUT 	6.5        // Rcut 
RU      0.00000      0.00000      0.00000      0.46484      0.48388      0.00000
FE      0.25521      0.25520      0.00000     -0.23619     -0.19275      0.00000
FE      0.25703      0.00000      0.25703     -0.26844     -0.00174     -0.23369
FE      0.00000      0.25520      0.25521      0.01721     -0.25245     -0.26533
FE      0.00000      0.00000      0.50000      0.03360     -0.00514      0.00000
FE      0.25049      0.25094      0.50000      0.00088      0.01112      0.00000
FE      0.25703      0.00000      0.74297     -0.26844     -0.00174      0.23369
FE      0.00000      0.25520      0.74479      0.01721     -0.25245      0.26533
FE      0.00000      0.50000      0.00000      0.25370     -0.27205      0.00000
FE      0.25521      0.74480      0.00000     -0.29356      0.23398      0.00000
FE      0.25085      0.50000      0.25085     -0.01865      0.00278      0.02708
FE      0.00000      0.74480      0.25521      0.44687      0.23732      0.17709
FE      0.00000      0.50000      0.50000      0.04184      0.01213      0.00000
FE      0.25049      0.74906      0.50000     -0.01487     -0.00800      0.00000
FE      0.25085      0.50000      0.74915     -0.01865      0.00278     -0.02708
FE      0.00000      0.74480      0.74479      0.44687      0.23732     -0.17709
FE      0.50000      0.00000      0.00000     -0.25474      0.30102      0.00000
FE      0.74479      0.25520      0.00000      0.27028     -0.25527      0.00000
FE      0.74297      0.00000      0.25703      0.25816      0.22058     -0.05509
FE      0.50000      0.25094      0.25049     -0.02870      0.00962      0.02014
FE      0.50000      0.00000      0.50000     -0.02292     -0.00867      0.00000
FE      0.74951      0.25094      0.50000      0.00066     -0.01015      0.00000
FE      0.74297      0.00000      0.74297      0.25816      0.22058      0.05509
FE      0.50000      0.25094      0.74951     -0.02870      0.00962     -0.02014
FE      0.50000      0.50000      0.00000     -0.36244     -0.41660      0.00000
RU      0.74479      0.74480      0.00000      0.43208      0.24882      0.00000
FE      0.74915      0.50000      0.25085      0.02472     -0.26631      0.23485
FE      0.50000      0.74906      0.25049     -0.56845     -0.00956      0.56650
FE      0.50000      0.50000      0.50000     -0.03687      0.00224      0.00000
FE      0.74951      0.74906      0.50000     -0.00172     -0.00501      0.00000
FE      0.74915      0.50000      0.74915      0.02472     -0.26631     -0.23485
FE      0.50000      0.74906      0.74951     -0.56845     -0.00956     -0.56650
