/* Converted from PWscf output file */ 
#L_UNITS ang 
#E_UNITS eV 
#S_UNITS GPA 
#F_UNITS EV/ANG 
#ALAT 	  13.70722     // a0 
#X 	   1.00000     0.00000     0.00000     // X 
#Y 	   0.00000     1.05250    -0.00009     // Y 
#Z 	   0.00000    -0.00008     1.00011     // Z 
#SX 	   1.16333     0.00000     0.00000     // SX 
#SY 	   0.00000     1.64445    -0.04798     // SY 
#SZ 	   0.00000    -0.04798     1.22488     // SZ 
#EPA 	  -4.28408     // Energy per Atom 
#C 	1 1 1 
#W 	1.0 
#RCUT 	6.5        // Rcut 
RU      0.06250      0.06158      0.06340      0.00012     -0.64552      0.59848
FE      0.18881      0.18798      0.06336      0.86784      0.33298      0.56877
FE      0.18836      0.06249      0.18840      0.57492     -0.00951      0.59938
FE      0.06249      0.18798      0.18806     -0.00430      0.33851      0.37506
FE      0.06249      0.06249      0.31259     -0.00387     -0.00690      0.05941
FE      0.18752      0.18750      0.31251      0.01426      0.00028      0.00469
FE      0.18752      0.06249      0.43744      0.01034     -0.00395     -0.03973
FE      0.06249      0.18752      0.43748     -0.00383      0.01610     -0.01659
FE      0.06249      0.06297      0.56206     -0.00392      0.32814     -0.29096
FE      0.18750      0.18751      0.56252      0.00001      0.00499      0.01098
FE      0.18795      0.06296      0.68750      0.30178      0.32055      0.00086
FE      0.06249      0.18754      0.68742     -0.00386      0.02830     -0.05503
FE      0.06249      0.06249      0.81238     -0.00410     -0.00739     -0.08139
FE      0.18837      0.18751      0.81160      0.57952      0.00891     -0.59594
FE      0.18882      0.06202      0.93668      0.87432     -0.33641     -0.54472
RU      0.06250      0.18845      0.93662      0.00011      0.66749     -0.58704
FE      0.06249      0.31298      0.06293     -0.00367      0.33720      0.28556
FE      0.18750      0.43751      0.06250      0.00092      0.00440     -0.00255
FE      0.18753      0.31249      0.18755      0.01883     -0.00501      0.03075
FE      0.06249      0.43752      0.18752     -0.00381      0.01743      0.01165
FE      0.06249      0.31250      0.31251     -0.00379      0.00151      0.00979
FE      0.18751      0.43751      0.31250      0.00939      0.00604      0.00017
FE      0.18751      0.31249      0.43749      0.00602     -0.00533     -0.00555
FE      0.06249      0.43750      0.43750     -0.00383     -0.00169     -0.00195
FE      0.06249      0.31249      0.56251     -0.00383     -0.00976      0.00735
FE      0.18751      0.43750      0.56250      0.00379      0.00242      0.00136
FE      0.18752      0.31249      0.68748      0.01263     -0.00929     -0.01546
FE      0.06249      0.43751      0.68750     -0.00379      0.00874     -0.00050
FE      0.06249      0.31307      0.81194     -0.00395      0.39551     -0.37370
FE      0.18751      0.43752      0.81248      0.00884      0.01273     -0.01483
FE      0.18796      0.31297      0.93751      0.30291      0.32930      0.00464
FE      0.06249      0.43753      0.93751     -0.00388      0.01816      0.00706
FE      0.06249      0.56250      0.06248     -0.00383      0.00092     -0.01645
FE      0.18750      0.68751      0.06249     -0.00194      0.00924     -0.00806
FE      0.18751      0.56250      0.18751      0.00562     -0.00153      0.00779
FE      0.06249      0.68751      0.18750     -0.00382      0.00563     -0.00289
FE      0.06249      0.56249      0.31249     -0.00386     -0.00455     -0.00435
FE      0.18751      0.68751      0.31251      0.00913      0.00508      0.00375
FE      0.18751      0.56249      0.43750      0.00838     -0.00906     -0.00318
FE      0.06249      0.68750      0.43747     -0.00382     -0.00338     -0.01783
FE      0.06249      0.56248      0.56251     -0.00383     -0.01108      0.00908
FE      0.18751      0.68751      0.56249      0.00780      0.00421     -0.00510
FE      0.18750      0.56250      0.68750      0.00210     -0.00084     -0.00066
FE      0.06249      0.68749      0.68752     -0.00381     -0.00878      0.01054
FE      0.06249      0.56249      0.81250     -0.00389     -0.00395     -0.00260
FE      0.18751      0.68750      0.81249      0.00655      0.00063     -0.00522
FE      0.18750      0.56249      0.93752     -0.00063     -0.00987      0.01092
FE      0.06249      0.68749      0.93754     -0.00387     -0.00930      0.02396
FE      0.06249      0.81248      0.06248     -0.00385     -0.01607     -0.01451
FE      0.18794      0.93704      0.06247      0.29520     -0.32330     -0.01788
FE      0.18751      0.81248      0.18752      0.00907     -0.01167      0.01280
FE      0.06249      0.93693      0.18805     -0.00391     -0.39570      0.36640
FE      0.06249      0.81249      0.31251     -0.00381     -0.00509      0.00711
FE      0.18752      0.93751      0.31255      0.01351      0.00890      0.03641
FE      0.18753      0.81250      0.43746      0.01880     -0.00167     -0.02361
FE      0.06249      0.93751      0.43739     -0.00385      0.00904     -0.07013
FE      0.06249      0.81203      0.56206     -0.00427     -0.32609     -0.29095
FE      0.18835      0.93751      0.56165      0.56448      0.00841     -0.56576
FE      0.18795      0.81202      0.68750      0.30021     -0.33471      0.00118
RU      0.06250      0.93746      0.68749      0.00013     -0.02560     -0.00766
FE      0.06249      0.81201      0.81292     -0.00401     -0.34436      0.28220
FE      0.18837      0.93751      0.81330      0.57624      0.00701      0.52884
FE      0.18752      0.81249      0.93754      0.01243     -0.00367      0.02534
FE      0.06249      0.93700      0.93717     -0.00374     -0.35133     -0.22166
FE      0.31264      0.06250      0.06251      0.09190     -0.00345      0.00802
FE      0.43746      0.18750      0.06249     -0.02463      0.00312     -0.00994
FE      0.43747      0.06249      0.18750     -0.01903     -0.00799      0.00212
FE      0.31261      0.18750      0.18761      0.07418      0.00140      0.07178
FE      0.31259      0.06249      0.31258      0.06018     -0.00449      0.05408
FE      0.43749      0.18751      0.31249     -0.00741      0.00742     -0.00636
FE      0.43749      0.06250      0.43749     -0.00718     -0.00219     -0.00568
FE      0.31250      0.18751      0.43750      0.00206      0.00502      0.00013
FE      0.31254      0.06249      0.56248      0.02594     -0.00598     -0.01523
FE      0.43749      0.18750      0.56250     -0.00707     -0.00085      0.00107
FE      0.43748      0.06249      0.68751     -0.01271     -0.00890      0.00823
FE      0.31261      0.18753      0.68742      0.07040      0.02021     -0.05056
FE      0.31265      0.06250      0.81241      0.09887     -0.00304     -0.05982
FE      0.43747      0.18750      0.81250     -0.02023      0.00169     -0.00067
FE      0.43746      0.06250      0.93752     -0.02490     -0.00096      0.01149
FE      0.31264      0.18751      0.93749      0.09024      0.00424     -0.00852
FE      0.31255      0.31251      0.06251      0.03358      0.00902      0.00738
FE      0.43749      0.43749      0.06250     -0.00618     -0.00468     -0.00267
FE      0.43750      0.31249      0.18751     -0.00265     -0.00881      0.00847
FE      0.31251      0.43751      0.18751      0.00460      0.00906      0.00861
FE      0.31250      0.31249      0.31249      0.00189     -0.00425     -0.00364
FE      0.43750      0.43751      0.31249      0.00062      0.00697     -0.00454
FE      0.43750      0.31249      0.43750     -0.00020     -0.00538      0.00134
FE      0.31249      0.43751      0.43750     -0.00416      0.00397      0.00331
FE      0.31251      0.31250      0.56249      0.00415     -0.00122     -0.00364
FE      0.43750      0.43751      0.56250     -0.00018      0.00539     -0.00314
FE      0.43749      0.31249      0.68750     -0.00635     -0.00876      0.00196
FE      0.31250      0.43751      0.68750     -0.00229      0.00501      0.00304
FE      0.31254      0.31250      0.81248      0.02461     -0.00242     -0.01487
FE      0.43750      0.43750      0.81249     -0.00120      0.00183     -0.00491
FE      0.43749      0.31248      0.93750     -0.00681     -0.01118      0.00290
FE      0.31252      0.43753      0.93750      0.01470      0.02409      0.00043
FE      0.31250      0.56250      0.06250      0.00158     -0.00082     -0.00212
FE      0.43749      0.68751      0.06249     -0.00537      0.00955     -0.00436
FE      0.43750      0.56249      0.18751      0.00083     -0.00392      0.00558
FE      0.31250      0.68750      0.18751     -0.00004      0.00267      0.00563
FE      0.31250      0.56249      0.31249     -0.00272     -0.00509     -0.00410
FE      0.43750      0.68750      0.31250      0.00055      0.00323     -0.00166
FE      0.43750      0.56249      0.43750      0.00119     -0.00613      0.00262
FE      0.31250      0.68751      0.43750     -0.00031      0.00533      0.00106
FE      0.31251      0.56249      0.56249      0.00401     -0.00906     -0.00559
FE      0.43750      0.68751      0.56249     -0.00113      0.00963     -0.00477
FE      0.43749      0.56250      0.68751     -0.00424      0.00162      0.00356
FE      0.31252      0.68749      0.68751      0.01023     -0.00951      0.00506
FE      0.31251      0.56249      0.81250      0.00658     -0.00565     -0.00287
FE      0.43750      0.68751      0.81249     -0.00142      0.00863     -0.00395
FE      0.43749      0.56248      0.93751     -0.00455     -0.01132      0.00339
FE      0.31250      0.68750      0.93750      0.00244      0.00101      0.00288
FE      0.31253      0.81246      0.06250      0.01837     -0.02519     -0.00319
FE      0.43748      0.93752      0.06249     -0.01326      0.01190     -0.00946
FE      0.43750      0.81250      0.18751     -0.00153      0.00051      0.00586
FE      0.31253      0.93751      0.18753      0.02173      0.00602      0.01732
FE      0.31250      0.81249      0.31250      0.00203     -0.00581     -0.00063
FE      0.43749      0.93750      0.31251     -0.00757      0.00272      0.00535
FE      0.43750      0.81249      0.43750     -0.00201     -0.00620     -0.00093
FE      0.31259      0.93751      0.43741      0.05852      0.00642     -0.05953
FE      0.31253      0.81249      0.56248      0.02180     -0.00414     -0.01595
FE      0.43747      0.93751      0.56250     -0.01879      0.00588      0.00227
FE      0.43749      0.81249      0.68751     -0.00617     -0.00412      0.00481
FE      0.31261      0.93751      0.68751      0.06988      0.00456      0.00529
FE      0.31254      0.81249      0.81251      0.02739     -0.00797      0.00464
FE      0.43747      0.93751      0.81248     -0.02041      0.00812     -0.01299
FE      0.43749      0.81251      0.93751     -0.00812      0.00394      0.00543
FE      0.31264      0.93749      0.93758      0.09314     -0.00933      0.05209
FE      0.56249      0.06249      0.06249     -0.00380     -0.00705     -0.00739
FE      0.68755      0.18750      0.06248      0.03213      0.00313     -0.00998
FE      0.68754      0.06249      0.18750      0.02652     -0.00799      0.00210
FE      0.56249      0.18751      0.18751     -0.00380      0.00843      0.00336
FE      0.56249      0.06249      0.31250     -0.00381     -0.00548     -0.00194
FE      0.68752      0.18751      0.31249      0.01493      0.00741     -0.00635
FE      0.68752      0.06250      0.43749      0.01468     -0.00219     -0.00568
FE      0.56249      0.18750      0.43750     -0.00381      0.00112      0.00304
FE      0.56249      0.06250      0.56250     -0.00381     -0.00276     -0.00007
FE      0.68752      0.18750      0.56250      0.01454     -0.00087      0.00109
FE      0.68753      0.06249      0.68751      0.02025     -0.00891      0.00820
FE      0.56249      0.18750      0.68750     -0.00380      0.00168      0.00324
FE      0.56249      0.06249      0.81249     -0.00382     -0.00546     -0.00549
FE      0.68754      0.18750      0.81250      0.02774      0.00170     -0.00069
FE      0.68755      0.06250      0.93752      0.03242     -0.00096      0.01150
FE      0.56249      0.18750      0.93751     -0.00379      0.00290      0.00519
FE      0.56249      0.31249      0.06249     -0.00381     -0.00775     -0.00689
FE      0.68752      0.43749      0.06250      0.01365     -0.00467     -0.00273
FE      0.68752      0.31249      0.18751      0.01014     -0.00882      0.00847
FE      0.56249      0.43751      0.18751     -0.00381      0.00449      0.00371
FE      0.56249      0.31249      0.31249     -0.00383     -0.00944     -0.00476
FE      0.68751      0.43751      0.31249      0.00688      0.00700     -0.00450
FE      0.68751      0.31249      0.43750      0.00771     -0.00537      0.00133
FE      0.56249      0.43751      0.43750     -0.00378      0.00753      0.00155
FE      0.56249      0.31249      0.56250     -0.00380     -0.00357     -0.00303
FE      0.68751      0.43751      0.56250      0.00759      0.00544     -0.00312
FE      0.68752      0.31249      0.68750      0.01386     -0.00873      0.00195
FE      0.56249      0.43750      0.68751     -0.00378      0.00272      0.00568
FE      0.56249      0.31249      0.81250     -0.00381     -0.00617     -0.00037
FE      0.68751      0.43750      0.81249      0.00867      0.00188     -0.00492
FE      0.68752      0.31248      0.93750      0.01432     -0.01118      0.00291
FE      0.56249      0.43751      0.93751     -0.00377      0.00484      0.00443
FE      0.56249      0.56250      0.06249     -0.00379     -0.00324     -0.00441
FE      0.68752      0.68751      0.06249      0.01288      0.00955     -0.00441
FE      0.68751      0.56249      0.18751      0.00665     -0.00391      0.00557
FE      0.56249      0.68750      0.18751     -0.00381      0.00101      0.00561
FE      0.56249      0.56249      0.31250     -0.00380     -0.00504     -0.00269
FE      0.68751      0.68750      0.31250      0.00697      0.00322     -0.00162
FE      0.68751      0.56249      0.43750      0.00618     -0.00625      0.00270
FE      0.56249      0.68751      0.43751     -0.00377      0.00737      0.00357
FE      0.56249      0.56249      0.56249     -0.00376     -0.00651     -0.00338
FE      0.68751      0.68751      0.56249      0.00861      0.00960     -0.00474
FE      0.68752      0.56250      0.68751      0.01176      0.00164      0.00357
FE      0.56249      0.68751      0.68751     -0.00376      0.00737      0.00355
FE      0.56249      0.56249      0.81249     -0.00375     -0.00522     -0.00489
FE      0.68751      0.68751      0.81249      0.00888      0.00861     -0.00398
FE      0.68752      0.56248      0.93751      0.01204     -0.01131      0.00339
FE      0.56249      0.68751      0.93750     -0.00376      0.00576      0.00265
FE      0.56249      0.81250      0.06249     -0.00380     -0.00246     -0.00454
FE      0.68753      0.93752      0.06249      0.02077      0.01189     -0.00948
FE      0.68751      0.81250      0.18751      0.00903      0.00050      0.00586
FE      0.56249      0.93751      0.18750     -0.00382      0.00709      0.00085
FE      0.56249      0.81250      0.31249     -0.00380     -0.00043     -0.00446
FE      0.68752      0.93750      0.31251      0.01510      0.00271      0.00537
FE      0.68751      0.81249      0.43750      0.00951     -0.00622     -0.00096
FE      0.56249      0.93751      0.43750     -0.00380      0.00432      0.00143
FE      0.56249      0.81249      0.56250     -0.00379     -0.00713     -0.00060
FE      0.68754      0.93751      0.56250      0.02626      0.00587      0.00228
FE      0.68752      0.81249      0.68751      0.01369     -0.00417      0.00480
FE      0.56249      0.93751      0.68751     -0.00379      0.00865      0.00584
FE      0.56249      0.81249      0.81249     -0.00379     -0.00410     -0.00553
FE      0.68754      0.93751      0.81248      0.02790      0.00812     -0.01300
FE      0.68752      0.81251      0.93751      0.01561      0.00392      0.00544
FE      0.56249      0.93751      0.93751     -0.00381      0.00735      0.00708
FE      0.81235      0.06250      0.06251     -0.09963     -0.00348      0.00798
FE      0.93621      0.18798      0.06336     -0.86049      0.33235      0.56932
FE      0.93665      0.06249      0.18840     -0.56716     -0.00921      0.59903
FE      0.81238      0.18750      0.18761     -0.08182      0.00136      0.07181
FE      0.81240      0.06249      0.31258     -0.06782     -0.00449      0.05410
FE      0.93749      0.18750      0.31251     -0.00683      0.00029      0.00472
FE      0.93750      0.06249      0.43744     -0.00291     -0.00396     -0.03972
FE      0.81249      0.18751      0.43750     -0.00967      0.00501      0.00011
FE      0.81245      0.06249      0.56248     -0.03355     -0.00600     -0.01524
FE      0.93751      0.18751      0.56252      0.00741      0.00500      0.01098
FE      0.93706      0.06296      0.68750     -0.29464      0.32082      0.00059
FE      0.81238      0.18753      0.68742     -0.07806      0.02022     -0.05059
FE      0.81234      0.06250      0.81241     -0.10649     -0.00306     -0.05984
FE      0.93664      0.18751      0.81160     -0.57179      0.00859     -0.59560
FE      0.93620      0.06202      0.93668     -0.86699     -0.33579     -0.54527
FE      0.81235      0.18751      0.93749     -0.09796      0.00428     -0.00846
FE      0.81244      0.31251      0.06251     -0.04119      0.00901      0.00733
FE      0.93751      0.43751      0.06250      0.00653      0.00443     -0.00260
FE      0.93748      0.31249      0.18755     -0.01143     -0.00500      0.03074
FE      0.81248      0.43751      0.18751     -0.01222      0.00904      0.00861
FE      0.81249      0.31249      0.31249     -0.00951     -0.00427     -0.00362
FE      0.93750      0.43751      0.31250     -0.00192      0.00605      0.00019
FE      0.93750      0.31249      0.43749      0.00144     -0.00533     -0.00556
FE      0.81249      0.43751      0.43750     -0.00345      0.00399      0.00329
FE      0.81248      0.31250      0.56249     -0.01175     -0.00121     -0.00361
FE      0.93751      0.43750      0.56250      0.00371      0.00239      0.00134
FE      0.93749      0.31249      0.68748     -0.00518     -0.00926     -0.01545
FE      0.81249      0.43751      0.68750     -0.00537      0.00497      0.00303
FE      0.81245      0.31250      0.81248     -0.03221     -0.00240     -0.01489
FE      0.93750      0.43752      0.81248     -0.00141      0.01272     -0.01479
FE      0.93706      0.31297      0.93751     -0.29580      0.32960      0.00438
FE      0.81247      0.43753      0.93750     -0.02233      0.02413      0.00045
FE      0.81249      0.56250      0.06250     -0.00922     -0.00082     -0.00217
FE      0.93751      0.68751      0.06249      0.00944      0.00924     -0.00811
FE      0.93750      0.56250      0.18751      0.00186     -0.00153      0.00779
FE      0.81249      0.68750      0.18751     -0.00757      0.00268      0.00564
FE      0.81249      0.56249      0.31249     -0.00490     -0.00509     -0.00407
FE      0.93750      0.68751      0.31251     -0.00167      0.00510      0.00377
FE      0.93750      0.56249      0.43750     -0.00088     -0.00905     -0.00316
FE      0.81249      0.68751      0.43750     -0.00732      0.00531      0.00101
FE      0.81248      0.56249      0.56249     -0.01163     -0.00905     -0.00555
FE      0.93750      0.68751      0.56249     -0.00037      0.00423     -0.00514
FE      0.93751      0.56250      0.68750      0.00561     -0.00088     -0.00091
FE      0.81247      0.68749      0.68751     -0.01792     -0.00948      0.00506
FE      0.81248      0.56249      0.81250     -0.01418     -0.00564     -0.00289
FE      0.93750      0.68750      0.81249      0.00089      0.00065     -0.00518
FE      0.93751      0.56249      0.93752      0.00815     -0.00988      0.01091
FE      0.81248      0.68750      0.93750     -0.01008      0.00099      0.00290
FE      0.81246      0.81246      0.06250     -0.02601     -0.02519     -0.00321
FE      0.93707      0.93704      0.06247     -0.28808     -0.32359     -0.01763
FE      0.93750      0.81248      0.18752     -0.00172     -0.01174      0.01275
FE      0.81246      0.93751      0.18753     -0.02934      0.00604      0.01733
FE      0.81249      0.81249      0.31250     -0.00965     -0.00580     -0.00063
FE      0.93749      0.93751      0.31255     -0.00608      0.00892      0.03642
FE      0.93748      0.81250      0.43746     -0.01133     -0.00168     -0.02362
FE      0.81240      0.93751      0.43741     -0.06616      0.00642     -0.05955
FE      0.81246      0.81249      0.56248     -0.02940     -0.00417     -0.01591
FE      0.93666      0.93751      0.56165     -0.55672      0.00808     -0.56540
FE      0.93706      0.81202      0.68750     -0.29243     -0.33441      0.00091
FE      0.81238      0.93751      0.68751     -0.07762      0.00458      0.00529
FE      0.81245      0.81249      0.81251     -0.03498     -0.00802      0.00459
FE      0.93664      0.93751      0.81330     -0.56918      0.00669      0.52910
FE      0.93749      0.81249      0.93754     -0.00500     -0.00369      0.02533
FE      0.81235      0.93749      0.93758     -0.10077     -0.00934      0.05213
