/* Converted from PWscf output file */ 
#L_UNITS ang 
#E_UNITS eV 
#S_UNITS GPA 
#F_UNITS EV/ANG 
#ALAT 	  13.67994     // a0 
#X 	   1.00000     0.00000     0.00000     // X 
#Y 	   0.00000     1.05163     0.00000     // Y 
#Z 	   0.00000     0.00000     1.00000     // Z 
#SX 	  -1.53011     0.03077    -0.08590     // SX 
#SY 	   0.03077    -1.03821     0.07642     // SY 
#SZ 	  -0.08590     0.07642    -1.77409     // SZ 
#EPA 	  -3.75754     // Energy per Atom 
#C 	1 1 1 
#W 	1.0 
#RCUT 	6.5        // Rcut 
RU      0.14254      0.10961      0.17531      0.32470     -0.23683      2.72887
FE      0.05875      0.06218      0.32112      0.71135      0.28272     -1.09976
FE      0.18843      0.19044      0.32144     -0.42508     -0.58139     -0.93477
FE      0.18682      0.06235      0.44213      0.54061      0.17835     -0.64403
FE      0.06250      0.18834      0.44245      0.10545      0.26527     -0.38760
RU      0.06232      0.06231      0.56973      0.06566     -0.02548     -0.11214
FE      0.18766      0.18789      0.56981      0.33334      0.42892      0.02451
FE      0.18822      0.06181      0.68790      0.81470      0.00757      0.66630
FE      0.06166      0.18831      0.68794     -0.06476      0.42519      0.39600
FE      0.06536      0.31054      0.31723      0.05007     -0.09854     -0.15474
FE      0.18774      0.43543      0.31754     -0.07555      0.07154     -0.13349
FE      0.18812      0.31346      0.44122     -0.04779     -0.04673      0.03467
FE      0.06339      0.43696      0.43857      0.01257      0.00638     -0.02409
FE      0.06283      0.31343      0.56786     -0.03406      0.05785      0.06320
FE      0.18855      0.43885      0.56822     -0.13294      0.01471      0.07373
FE      0.18873      0.31434      0.68746      0.01175     -0.00435     -0.01091
FE      0.06033      0.43920      0.68624      0.00258     -0.00649      0.02042
FE      0.06485      0.56171      0.31451     -0.00359     -0.00354      0.00491
FE      0.18475      0.68827      0.31455      0.00601     -0.00842     -0.00494
FE      0.18637      0.56198      0.43713      0.01623      0.05111      0.10914
FE      0.06337      0.68809      0.43715     -0.05946     -0.05295      0.06895
FE      0.06158      0.56283      0.56620      0.04255     -0.00312      0.02832
FE      0.18826      0.68721      0.56606     -0.02747      0.00835      0.02468
FE      0.18880      0.56345      0.68617     -0.00550     -0.03452     -0.08337
FE      0.06133      0.68655      0.68621     -0.00081      0.01781     -0.03935
FE      0.06184      0.81406      0.31720      0.10641     -0.00480     -0.07266
FE      0.18295      0.94092      0.31394      0.03690      0.19846     -0.37999
FE      0.18629      0.81357      0.43792     -0.02253      0.03768     -0.04286
FE      0.06186      0.93715      0.44062      0.01147     -0.28320     -0.31939
FE      0.06139      0.81128      0.56798      0.06674     -0.02098     -0.05704
FE      0.18692      0.93677      0.56771      0.43764     -0.45259      0.06198
FE      0.18963      0.81090      0.68603     -0.00665      0.02631     -0.00703
FE      0.06128      0.93567      0.68752     -0.00849     -0.41184      0.38093
FE      0.30764      0.06622      0.31223     -0.25355      0.02483     -0.49363
FE      0.43571      0.18834      0.31719      0.00852     -0.12699     -0.10788
FE      0.43415      0.06249      0.43420      0.06640      0.04235     -0.03091
FE      0.31216      0.18816      0.44186     -0.04982     -0.04519     -0.15134
FE      0.31241      0.06214      0.56661      0.02539     -0.02254      0.10488
FE      0.43855      0.18723      0.56605      0.05019     -0.04356      0.00864
FE      0.43801      0.06252      0.68599      0.10307     -0.02031     -0.00599
FE      0.31467      0.18764      0.68590      0.03895      0.04581      0.16002
FE      0.31126      0.31149      0.31709     -0.37695     -0.30419     -0.08631
RU      0.43549      0.43722      0.31471      0.00116     -0.08422     -1.73302
FE      0.43748      0.31314      0.43699     -0.02722     -0.29129      0.23533
FE      0.31254      0.43783      0.43665     -0.40221     -0.04460      0.53929
FE      0.31417      0.31318      0.56793     -0.07953      0.08258     -0.02565
FE      0.43904      0.43780      0.56328     -0.01542      0.01524      0.22994
FE      0.44031      0.31313      0.68459      0.01783      0.10940      0.04410
FE      0.31592      0.43981      0.68553      0.00143     -0.04567      0.02876
FE      0.30836      0.56133      0.31473     -0.12066      0.21122     -0.13850
FE      0.43393      0.68780      0.31302      0.00677      0.08375     -0.16278
FE      0.43588      0.56333      0.43222      0.05043      0.18525      0.35306
FE      0.31042      0.68740      0.43344      0.02272      0.04998      0.15038
FE      0.31430      0.56277      0.56414     -0.07474      0.03551      0.07118
FE      0.43852      0.68790      0.55990     -0.06901      0.04137      0.09934
FE      0.44192      0.56331      0.68249     -0.02088     -0.05877     -0.08127
FE      0.31621      0.68688      0.68428      0.00413     -0.00094     -0.00803
FE      0.30740      0.81292      0.31478      0.03508      0.11904     -0.04822
FE      0.43445      0.93841      0.31504     -0.04652      0.05157     -0.00987
FE      0.43563      0.81275      0.43152      0.05324      0.03482     -0.01978
FE      0.31012      0.93794      0.43638     -0.00162      0.06350     -0.12219
FE      0.31380      0.81271      0.56326     -0.07592     -0.07051      0.06914
FE      0.43771      0.93847      0.56236     -0.05883     -0.08373      0.02003
FE      0.43933      0.81162      0.68290      0.03470     -0.00552     -0.00132
FE      0.31480      0.93663      0.68594      0.05301     -0.03303      0.01978
FE      0.56161      0.06317      0.31469     -0.03543     -0.01095      0.02030
FE      0.68840      0.18684      0.31483      0.01419      0.00959      0.03506
FE      0.68857      0.06306      0.43527     -0.09112     -0.02009     -0.03805
FE      0.56114      0.18678      0.43527      0.11188     -0.00067     -0.00087
FE      0.56198      0.06271      0.56355     -0.02235     -0.04765     -0.04140
FE      0.68744      0.18716      0.56411      0.00760      0.04301     -0.02157
FE      0.68559      0.06228      0.68509      0.01311     -0.01347      0.03464
FE      0.56380      0.18753      0.68528     -0.01445      0.01245      0.05358
FE      0.56075      0.31050      0.31398      0.16908     -0.07418     -0.07534
FE      0.68724      0.43600      0.31238      0.02873      0.00008     -0.06357
FE      0.68756      0.31154      0.43359      0.07249     -0.00049     -0.03317
FE      0.56260      0.43699      0.43214      0.38861      0.01161      0.46030
FE      0.56327      0.31215      0.56357      0.05891      0.03946      0.01481
FE      0.68798      0.43704      0.55992      0.08401      0.01881      0.12760
FE      0.68824      0.31271      0.68500     -0.07280      0.00840     -0.05165
FE      0.56519      0.43860      0.68224      0.00261     -0.04968      0.02868
FE      0.56126      0.56261      0.31227      0.13869      0.12612     -0.10851
FE      0.68877      0.68739      0.31232     -0.00185      0.01778      0.00133
FE      0.68832      0.56151      0.42946      0.01312      0.09822      0.07793
FE      0.56154      0.68860      0.42934      0.06581     -0.05611      0.08900
FE      0.56303      0.56247      0.55765     -0.00623      0.03042      0.15179
FE      0.68674      0.68765      0.55778     -0.00474     -0.02159      0.09311
FE      0.68579      0.56294      0.68057      0.02953     -0.01479      0.00814
FE      0.56379      0.68725      0.68053     -0.03419      0.01817      0.03570
FE      0.56264      0.81407      0.31220     -0.06353      0.01049     -0.01695
FE      0.68913      0.93953      0.31415     -0.03339     -0.05917      0.01863
FE      0.68725      0.81313      0.43211      0.04709      0.00214     -0.00674
FE      0.56186      0.93854      0.43331     -0.02936     -0.01370     -0.07041
FE      0.56174      0.81303      0.55967     -0.00344     -0.00942      0.05828
FE      0.68648      0.93783      0.56346     -0.07656     -0.04044     -0.01588
FE      0.68450      0.81144      0.68208      0.03123      0.06471      0.02932
FE      0.56129      0.93718      0.68465      0.06365     -0.01436     -0.03630
FE      0.81453      0.06169      0.31712      0.03483      0.09020     -0.05991
FE      0.94022      0.18548      0.31648      0.02385      0.05439     -0.18338
FE      0.93748      0.06200      0.44231     -0.77519      0.03255     -0.51601
FE      0.81448      0.18758      0.43556     -0.05630     -0.01961     -0.04191
FE      0.81107      0.06261      0.56639     -0.03717     -0.01078     -0.04774
FE      0.93712      0.18800      0.56705     -0.41333      0.42735      0.07987
FE      0.93528      0.06231      0.68577     -0.79477     -0.04279      0.80657
FE      0.81162      0.18733      0.68629     -0.15048      0.03942      0.03626
FE      0.81508      0.31193      0.31511      0.02733     -0.03611     -0.01175
FE      0.94214      0.43707      0.31517     -0.05500     -0.08283     -0.01959
FE      0.93876      0.31260      0.43737     -0.01341     -0.08784     -0.09042
FE      0.81395      0.43735      0.43199     -0.09913     -0.02635      0.03719
FE      0.81161      0.31166      0.56312      0.01230      0.10725      0.01539
FE      0.93588      0.43746      0.56375      0.08279      0.06772      0.08783
FE      0.93496      0.31342      0.68602     -0.03841      0.02824      0.01424
FE      0.81029      0.43853      0.68330     -0.04165      0.01408      0.03485
FE      0.81591      0.56216      0.31308     -0.00641     -0.03427     -0.09314
FE      0.94126      0.68870      0.31481     -0.02933     -0.08637     -0.06004
FE      0.93936      0.56271      0.43371     -0.03805     -0.01978      0.10090
FE      0.81393      0.68675      0.43247     -0.08481      0.06639     -0.01719
FE      0.81124      0.56221      0.56013      0.05432      0.02772      0.07454
FE      0.93563      0.68723      0.56433      0.08734     -0.04385      0.03576
FE      0.93366      0.56323      0.68444     -0.00132      0.00055     -0.02633
FE      0.80786      0.68679      0.68258      0.01039     -0.00469      0.00268
FE      0.81437      0.81289      0.31468      0.00056      0.03369     -0.05418
FE      0.93888      0.93859      0.31720      0.08700      0.06579     -0.02093
FE      0.93734      0.81221      0.43668      0.03518      0.07577      0.05983
FE      0.81260      0.93693      0.43706      0.01574      0.07610     -0.10351
FE      0.81084      0.81224      0.56329     -0.01547     -0.04803     -0.01086
FE      0.93587      0.93682      0.56800     -0.27232     -0.43698     -0.05840
FE      0.93410      0.81018      0.68538     -0.03380      0.05253      0.04732
FE      0.80949      0.93677      0.68464     -0.04837     -0.06181      0.13867
