/* Converted from PWscf output file */ 
#L_UNITS ang 
#E_UNITS eV 
#S_UNITS GPA 
#F_UNITS EV/ANG 
#ALAT 	  13.70768     // a0 
#X 	   1.00000     0.00001    -0.00000     // X 
#Y 	  -0.00001     1.05557    -0.00001     // Y 
#Z 	  -0.00000     0.00001     0.99995     // Z 
#SX 	  -0.02450     0.00058     0.00000     // SX 
#SY 	   0.00058    -0.01006     0.00073     // SY 
#SZ 	   0.00000     0.00073    -0.02465     // SZ 
#EPA 	  -4.30565     // Energy per Atom 
#C 	1 1 1 
#W 	1.0 
#RCUT 	6.5        // Rcut 
RU      0.06265      0.06265      0.06219     -0.00004      0.00073     -0.00372
FE      0.18867      0.18877      0.06269      0.00461     -0.00181      0.00317
FE      0.19030      0.06262      0.18999      0.00166      0.00670     -0.00362
FE      0.06251      0.18882      0.18877      0.00124     -0.00715      0.00132
FE      0.06293      0.06268      0.31257     -0.00167     -0.00101     -0.00202
FE      0.18773      0.18776      0.31267      0.00016     -0.00879     -0.00532
FE      0.18742      0.06257      0.43746     -0.00161      0.00463      0.00269
FE      0.06263      0.18786      0.43733     -0.00240     -0.01179     -0.00279
FE      0.06284      0.06268      0.56278     -0.00025      0.00672      0.00292
FE      0.18719      0.18744      0.56221      0.00576      0.00328      0.00146
FE      0.18748      0.06228      0.68776      0.00810      0.02007      0.00480
FE      0.06258      0.18751      0.68748      0.00471      0.00133      0.00369
FE      0.06256      0.06253      0.81234      0.00317      0.01126      0.00221
FE      0.18750      0.18748      0.81231      0.00552      0.00201     -0.00039
FE      0.19023      0.06247      0.93473      0.00512      0.01229     -0.00423
FE      0.06230      0.18888      0.93641      0.00241      0.00208     -0.00453
FE      0.06226      0.31260      0.06299     -0.00433      0.00596      0.00350
FE      0.18777      0.43738      0.06299     -0.00152     -0.00188      0.00265
FE      0.18769      0.31264      0.18772      0.00024      0.00162      0.00118
FE      0.06277      0.43733      0.18795     -0.00254      0.00047      0.00016
FE      0.06224      0.31285      0.31252     -0.00270     -0.00094     -0.00826
FE      0.18754      0.43757      0.31256      0.00220     -0.00676      0.00002
FE      0.18639      0.31260      0.43638      0.01328      0.00377      0.00818
FE      0.06229      0.43764      0.43736     -0.00093     -0.00540     -0.00094
FE      0.06269      0.31253      0.56234      0.00289      0.00772     -0.00251
FE      0.18728      0.43764      0.56196      0.00710     -0.01161     -0.00243
FE      0.18727      0.31252      0.68735      0.00654      0.00646     -0.00119
FE      0.06282      0.43743      0.68704      0.00403     -0.00285      0.00068
FE      0.06269      0.31263      0.81204     -0.00023      0.00648      0.00348
FE      0.18757      0.43762      0.81237      0.00362     -0.00798     -0.00149
FE      0.18680      0.31234      0.93862      0.00543      0.01064     -0.00641
FE      0.06355      0.43619      0.93770      0.00522      0.00432      0.00416
FE      0.06532      0.56243      0.06526      0.00566     -0.00017      0.00183
FE      0.18776      0.68762      0.06258     -0.00011     -0.01808     -0.00525
FE      0.18862      0.56239      0.18868     -0.00889      0.00691     -0.00929
FE      0.06288      0.68764      0.18788      0.00494     -0.01419     -0.00208
FE      0.06263      0.56239      0.31239      0.00209      0.00562     -0.00137
FE      0.18783      0.68739      0.31271      0.00768     -0.00475      0.00013
FE      0.18744      0.56241      0.43752      0.00261      0.00306      0.00196
FE      0.06283      0.68714      0.43755     -0.00080      0.00002      0.00244
FE      0.06253      0.56241      0.56253      0.00093     -0.00063     -0.00008
FE      0.18751      0.68752      0.56247      0.00492     -0.01081      0.00196
FE      0.18840      0.56279      0.68624     -0.00329     -0.00998      0.00635
FE      0.06284      0.68761      0.68714      0.00427     -0.01912      0.00683
FE      0.06521      0.56251      0.80982      0.00668     -0.00026     -0.00027
FE      0.18788      0.68766      0.81210     -0.00079     -0.02272     -0.00072
FE      0.18785      0.56251      0.93759      0.00110     -0.00027      0.00177
FE      0.06378      0.68881      0.93747      0.01019     -0.01670     -0.00631
FE      0.06283      0.81226      0.06234      0.00403      0.00097     -0.00839
FE      0.18894      0.93629      0.06194      0.00690      0.00971     -0.01162
FE      0.18800      0.81222      0.18747      0.00532      0.00692     -0.00426
FE      0.06385      0.93613      0.18758     -0.00427      0.00407      0.01294
FE      0.06298      0.81203      0.31262      0.00519      0.01338     -0.00035
FE      0.18778      0.93739      0.31287      0.00445     -0.00206     -0.00141
FE      0.18766      0.81238      0.43768      0.00608      0.00894      0.00431
FE      0.06286      0.93750      0.43755      0.00205     -0.00167      0.00273
FE      0.06298      0.81234      0.56273      0.00391      0.00651      0.00354
FE      0.18719      0.93752      0.56268      0.00151     -0.00191      0.00428
FE      0.18747      0.81236      0.68792      0.00451      0.00241      0.00643
FE      0.06375      0.93754      0.68870     -0.00200     -0.00002     -0.00098
FE      0.06280      0.81223      0.81217      0.00355      0.00194      0.00514
FE      0.18819      0.93735      0.81239      0.00426      0.00194      0.00357
FE      0.18766      0.81256      0.93697     -0.00304     -0.00463     -0.00595
FE      0.06253      0.93610      0.93618      0.00349      0.00927     -0.01058
FE      0.31277      0.06251      0.06245     -0.00510      0.01256     -0.00777
FE      0.43748      0.18766      0.06237     -0.00347     -0.00125     -0.00211
FE      0.43709      0.06279      0.18724     -0.00204      0.00382     -0.00125
FE      0.31283      0.18784      0.18777     -0.00133     -0.00436     -0.00226
FE      0.31331      0.06281      0.31363     -0.00725     -0.00049     -0.00749
FE      0.43762      0.18766      0.31260     -0.00006      0.00127      0.00227
FE      0.43773      0.06244      0.43770      0.00647      0.00842      0.00751
FE      0.31226      0.18755      0.43732      0.00219      0.00361      0.00585
FE      0.31230      0.06236      0.56241      0.00164      0.01444      0.00372
FE      0.43741      0.18633      0.56141      0.00340      0.01429     -0.00337
FE      0.43764      0.06233      0.68743      0.00006      0.01514      0.00074
FE      0.31146      0.18623      0.68733     -0.00267      0.01510      0.00114
FE      0.31356      0.06234      0.81144     -0.00606      0.01971      0.01012
FE      0.43774      0.18623      0.81358      0.00150      0.01395      0.00202
FE      0.43737      0.06227      0.93769     -0.00714      0.01906     -0.00493
FE      0.31265      0.18754      0.93764     -0.00200     -0.00058     -0.00170
FE      0.31286      0.31275      0.06246     -0.00330      0.00028      0.00132
FE      0.43752      0.43751      0.06239     -0.00079     -0.00750     -0.00138
FE      0.43761      0.31255      0.18761      0.00082      0.00568      0.00547
FE      0.31268      0.43745      0.18771      0.00090     -0.00812      0.00505
FE      0.31249      0.31254      0.31261      0.00179      0.00744      0.00150
FE      0.43750      0.43757      0.31252     -0.00074     -0.01117      0.00612
FE      0.43750      0.31255      0.43712      0.00083      0.00914      0.00205
FE      0.31213      0.43762      0.43712      0.00497     -0.01374      0.00358
FE      0.30980      0.31251      0.55977      0.00206      0.00989     -0.00160
FE      0.43748      0.43875      0.56130     -0.00324     -0.01243     -0.00840
RU      0.43750      0.31253      0.68749      0.00055      0.00303     -0.00146
FE      0.31147      0.43879      0.68734     -0.00306     -0.00856     -0.00664
FE      0.30995      0.31246      0.81517      0.00200      0.00935      0.00124
FE      0.43754      0.43887      0.81373     -0.00186     -0.00629      0.00410
FE      0.43763      0.31255      0.93787      0.00136      0.00889     -0.00001
FE      0.31225      0.43775      0.93792     -0.00248     -0.01112     -0.00177
FE      0.31231      0.56248      0.06257     -0.00439     -0.00055     -0.00118
FE      0.43720      0.68729      0.06203     -0.00290     -0.00828     -0.00178
FE      0.43735      0.56223      0.18740     -0.00067      0.00475      0.00357
FE      0.31232      0.68725      0.18736      0.00066     -0.00644      0.00094
FE      0.31247      0.56218      0.31279      0.00486      0.00642      0.00480
FE      0.43607      0.68598      0.31243     -0.00584      0.00744      0.00289
FE      0.43732      0.56255      0.43733      0.00015     -0.00163      0.00323
FE      0.31204      0.68740      0.43776      0.00342     -0.00293      0.00365
FE      0.31264      0.56259      0.56200      0.00335     -0.00584     -0.00100
FE      0.43708      0.68726      0.56292     -0.00267     -0.00088     -0.00354
FE      0.43744      0.56269      0.68758     -0.00218     -0.00538      0.00038
FE      0.31251      0.68745      0.68756     -0.00064     -0.01398      0.00212
FE      0.31226      0.56265      0.81253     -0.00153     -0.00718     -0.00504
FE      0.43750      0.68746      0.81246     -0.00245     -0.01365     -0.00163
FE      0.43747      0.56274      0.93774     -0.00319     -0.00627     -0.00434
FE      0.31235      0.68745      0.93734     -0.00587     -0.01496     -0.00459
FE      0.31167      0.81214      0.06120      0.00432      0.00869      0.00243
FE      0.43683      0.93763      0.06168     -0.00848     -0.00827     -0.00277
FE      0.43455      0.81234      0.18454     -0.00515      0.00305     -0.00108
FE      0.31247      0.93754      0.18746     -0.00303     -0.00560     -0.00285
FE      0.31213      0.81239      0.31251      0.00063      0.00422      0.00144
FE      0.43647      0.93876      0.31256     -0.00641     -0.00663      0.00231
FE      0.43465      0.81240      0.44026     -0.00339      0.00215      0.00353
FE      0.31217      0.93755      0.43795      0.00198     -0.01127      0.00544
FE      0.31131      0.81244      0.56373      0.01111      0.00210     -0.00363
FE      0.43727      0.93769      0.56299      0.00171     -0.01228      0.00005
FE      0.43725      0.81239      0.68761     -0.00363      0.00122      0.00181
FE      0.31248      0.93755      0.68755     -0.00023     -0.00451      0.00288
FE      0.31261      0.81245      0.81238      0.00032     -0.00340     -0.00077
FE      0.43731      0.93747      0.81267     -0.00438     -0.00583      0.00066
FE      0.43749      0.81237      0.93750     -0.00575     -0.00204     -0.00408
FE      0.31274      0.93736      0.93706     -0.00541      0.00125     -0.00305
FE      0.56230      0.06285      0.06202     -0.00514      0.00128      0.00018
FE      0.68757      0.18759      0.06251      0.00221     -0.00547      0.00101
FE      0.68741      0.06289      0.18698     -0.00252     -0.00463      0.00281
FE      0.56238      0.18759      0.18746     -0.00455     -0.00127     -0.00010
FE      0.56207      0.06295      0.31211     -0.00209     -0.00139     -0.00100
FE      0.68731      0.18776      0.31232     -0.00063     -0.00698      0.00268
FE      0.68611      0.06407      0.43794     -0.00908     -0.01134      0.00439
FE      0.56242      0.18772      0.43712      0.00024     -0.00068      0.00670
FE      0.56217      0.06282      0.56299     -0.00372      0.00012     -0.00161
FE      0.68778      0.18767      0.56239     -0.00465      0.00124     -0.00239
FE      0.68718      0.06244      0.68768     -0.00901      0.01055     -0.00403
FE      0.56365      0.18625      0.68759      0.00111      0.01425     -0.00168
FE      0.56240      0.06238      0.81279     -0.00744      0.01333     -0.00209
FE      0.68760      0.18742      0.81268     -0.00458      0.00524     -0.00303
FE      0.68766      0.06253      0.93740      0.00189      0.00588     -0.00111
FE      0.56270      0.18740      0.93792     -0.00513      0.00533     -0.00117
FE      0.56241      0.31244      0.06246     -0.00310      0.00876      0.00272
FE      0.68723      0.43735      0.06289      0.00359      0.00130      0.00310
FE      0.68734      0.31261      0.18756     -0.00225      0.00620      0.00545
FE      0.56223      0.43748      0.18768     -0.00536     -0.00624      0.00494
FE      0.56241      0.31261      0.31255     -0.00336      0.00855      0.00140
FE      0.68750      0.43755      0.31249     -0.00037     -0.00431      0.00089
FE      0.68866      0.31249      0.43628     -0.01297      0.00784      0.00620
FE      0.56272      0.43770      0.43707     -0.00543     -0.01248      0.00252
FE      0.56518      0.31260      0.55977      0.00099      0.00615     -0.00196
FE      0.68782      0.43755      0.56203     -0.00269     -0.01134     -0.00412
FE      0.68782      0.31254      0.68755     -0.00270      0.00973     -0.00149
FE      0.56351      0.43875      0.68738      0.00265     -0.00593     -0.00371
FE      0.56516      0.31246      0.81521      0.00062      0.01076     -0.00080
FE      0.68749      0.43754      0.81248      0.00079     -0.00583     -0.00136
FE      0.68830      0.31221      0.93870     -0.00642      0.01980     -0.00901
FE      0.56277      0.43764      0.93793      0.00042     -0.00785     -0.00195
FE      0.56255      0.56218      0.06226     -0.00240      0.00865      0.00306
FE      0.68728      0.68740      0.06223     -0.00040     -0.00951     -0.00109
FE      0.68640      0.56219      0.18850      0.00453      0.00938     -0.00685
FE      0.56215      0.68608      0.18631     -0.00782      0.00285     -0.00269
FE      0.56203      0.56212      0.31272     -0.00479      0.00849      0.00231
FE      0.68840      0.68594      0.31254      0.00164      0.00983      0.00267
FE      0.68768      0.56232      0.43760     -0.00325      0.00945     -0.00155
FE      0.56214      0.68595      0.43864     -0.00734      0.01492      0.00402
FE      0.56213      0.56223      0.56232     -0.00881      0.00561     -0.00514
FE      0.68756      0.68727      0.56284     -0.00233      0.00034     -0.00511
FE      0.68665      0.56266      0.68646      0.00461     -0.00641      0.00803
FE      0.56217      0.68748      0.68741     -0.00739     -0.00892     -0.00112
FE      0.56265      0.56266      0.81257     -0.00529     -0.00376     -0.00292
FE      0.68710      0.68769      0.81228     -0.00199     -0.01545      0.00010
FE      0.68722      0.56244      0.93747      0.00274      0.00167      0.00126
FE      0.56243      0.68755      0.93759     -0.00422     -0.01492     -0.00040
FE      0.56215      0.81244      0.06191     -0.00792      0.00133     -0.00387
FE      0.68767      0.93776      0.06208      0.00005     -0.01105     -0.00034
FE      0.68974      0.81224      0.18440     -0.00413      0.00779     -0.00012
FE      0.56129      0.93883      0.18512      0.00149     -0.01050      0.00101
RU      0.56194      0.81222      0.31218     -0.00012      0.00317      0.00366
FE      0.68578      0.93897      0.30985     -0.00096     -0.01013      0.00657
FE      0.68891      0.81096      0.44029     -0.00899      0.00821      0.00136
FE      0.56201      0.93880      0.43871     -0.00112     -0.01368      0.00723
FE      0.56197      0.81229      0.56319     -0.00504      0.00786      0.00239
FE      0.68496      0.93760      0.56568     -0.01109     -0.01194      0.00108
FE      0.68715      0.81229      0.68785     -0.00553      0.00489     -0.00252
FE      0.56120      0.93759      0.68870      0.00423     -0.01400     -0.01172
FE      0.56214      0.81241      0.81257     -0.00793     -0.00227     -0.00389
FE      0.68723      0.93746      0.81222     -0.00445     -0.00776     -0.00368
FE      0.68711      0.81271      0.93751      0.00151     -0.00607     -0.00298
FE      0.56238      0.93752      0.93757     -0.00598     -0.00764      0.00014
FE      0.81215      0.06258      0.06236      0.00044      0.00421     -0.00408
FE      0.93632      0.18895      0.06240     -0.00146     -0.00551      0.00299
FE      0.93510      0.06279      0.18970     -0.00364      0.00124      0.00288
FE      0.81213      0.18804      0.18755      0.00331     -0.01833      0.00254
FE      0.81148      0.06429      0.31250      0.00801     -0.01460     -0.01165
FE      0.93739      0.18791      0.31275     -0.00010     -0.01409     -0.00317
FE      0.93885      0.06404      0.43750      0.00199     -0.01210      0.00250
FE      0.81259      0.18797      0.43758     -0.00228     -0.00800      0.00095
FE      0.81261      0.06396      0.56380     -0.00115     -0.00235      0.00553
FE      0.93769      0.18775      0.56260      0.00022     -0.00517     -0.00144
FE      0.93780      0.06272      0.68803      0.00365      0.00731      0.00243
FE      0.81227      0.18786      0.68760     -0.00480     -0.00416     -0.00396
FE      0.81140      0.06250      0.81131      0.00977      0.01128      0.00696
FE      0.93727      0.18782      0.81213      0.00265     -0.00478      0.00074
FE      0.93471      0.06250      0.93471     -0.00096      0.00634     -0.00412
FE      0.81225      0.18770      0.93737      0.00283     -0.00736      0.00172
FE      0.81239      0.31266      0.06296      0.00847      0.00547      0.00309
FE      0.93754      0.43611      0.06375      0.00315      0.00894      0.00897
FE      0.93743      0.31245      0.18792      0.00467      0.00966     -0.00384
FE      0.81221      0.43735      0.18796      0.00307      0.00212      0.00153
FE      0.81275      0.31248      0.31226      0.00010      0.00900     -0.00208
FE      0.93753      0.43755      0.31254      0.00172     -0.00022     -0.00512
FE      0.93750      0.31255      0.43758      0.00059      0.00784      0.00002
FE      0.81277      0.43752      0.43737      0.00113     -0.00240     -0.00154
FE      0.81235      0.31245      0.56232     -0.00487      0.01205     -0.00290
FE      0.93754      0.43749      0.56245      0.00182     -0.00312     -0.00074
FE      0.93751      0.31233      0.68714      0.00056      0.01513      0.00112
FE      0.81218      0.43739      0.68707     -0.00136     -0.00239      0.00094
FE      0.81222      0.31239      0.81235     -0.00098      0.01551      0.00075
FE      0.93751      0.43622      0.81117      0.00352      0.00620     -0.00533
FE      0.93737      0.31239      0.93741      0.00367      0.00982      0.00446
FE      0.81137      0.43628      0.93768     -0.00297      0.00829      0.00469
FE      0.80985      0.56235      0.06518      0.00163      0.00205      0.00224
FE      0.93782      0.68870      0.06343      0.00638     -0.01019      0.00151
FE      0.93769      0.56231      0.18778      0.00548      0.00470      0.00027
FE      0.81252      0.68708      0.18733     -0.00159      0.00012      0.00374
FE      0.81275      0.56217      0.31242     -0.00320      0.01275     -0.00008
FE      0.93767      0.68720      0.31244      0.00021     -0.00234     -0.00001
FE      0.93763      0.56244      0.43754      0.00362      0.00610      0.00028
FE      0.81291      0.68700      0.43783     -0.00228      0.00136      0.00213
FE      0.81260      0.56249      0.56254      0.00272      0.00118     -0.00072
FE      0.93789      0.68727      0.56281      0.00267     -0.00745      0.00154
FE      0.93757      0.56235      0.68720      0.00526     -0.00134      0.00165
FE      0.81238      0.68730      0.68762      0.00171     -0.00951      0.00164
FE      0.80992      0.56246      0.80985      0.00188     -0.00151      0.00003
FE      0.93762      0.68865      0.81124      0.00694     -0.01678     -0.00390
RU      0.93756      0.56247      0.93755      0.00590     -0.00716      0.00282
FE      0.81135      0.68869      0.93727     -0.00126     -0.01271     -0.00598
FE      0.81321      0.81227      0.06134     -0.00214      0.00645      0.00530
FE      0.93653      0.93620      0.06230      0.00157      0.00502     -0.00666
FE      0.93765      0.81240      0.18750      0.00522      0.00456     -0.00327
FE      0.81243      0.93761      0.18719     -0.00116     -0.00651     -0.00178
FE      0.81277      0.81108      0.31140     -0.00217      0.00366      0.00075
FE      0.93996      0.93742      0.31026      0.00280     -0.00285     -0.00364
FE      0.93866      0.81104      0.43770      0.00338      0.00571      0.00289
RU      0.81281      0.93765      0.43807     -0.00777     -0.00585     -0.00076
FE      0.81354      0.81117      0.56478     -0.00730      0.00047     -0.00043
FE      0.94046      0.93762      0.56551      0.00290     -0.00413      0.00451
FE      0.93816      0.81252      0.68787      0.00593      0.00053      0.00624
FE      0.81245      0.93757      0.68782     -0.00293     -0.00688      0.00198
FE      0.81232      0.81254      0.81226      0.00149     -0.00223     -0.00312
FE      0.93732      0.93734      0.81196      0.00743      0.00043     -0.00141
FE      0.93776      0.81254      0.93697      0.00929     -0.00022     -0.00560
FE      0.81224      0.93738      0.93697      0.00366     -0.00154     -0.00445
