/* Converted from PWscf output file */ 
#L_UNITS ang 
#E_UNITS eV 
#S_UNITS GPA 
#F_UNITS EV/ANG 
#ALAT 	  13.69758     // a0 
#X 	   1.00000    -0.00001    -0.00000     // X 
#Y 	  -0.00001     1.05588    -0.00001     // Y 
#Z 	  -0.00000    -0.00001     0.99999     // Z 
#SX 	   0.07933    -0.00000    -0.00000     // SX 
#SY 	  -0.00000     0.03690     0.00000     // SY 
#SZ 	  -0.00000     0.00000     0.07963     // SZ 
#EPA 	  -4.29445     // Energy per Atom 
#C 	1 1 1 
#W 	1.0 
#RCUT 	6.5        // Rcut 
RU      0.06266      0.06257      0.06224      0.00051     -0.00646     -0.00120
FE      0.18870      0.18874      0.06272      0.00132     -0.00819      0.00726
FE      0.19044      0.06251      0.19007     -0.00013     -0.00227     -0.00809
FE      0.06251      0.18881      0.18878     -0.00063     -0.01165     -0.00171
FE      0.06293      0.06265      0.31256     -0.00025     -0.00765     -0.00321
FE      0.18778      0.18770      0.31267      0.00256     -0.00521     -0.00652
FE      0.18754      0.06247      0.43739     -0.00041     -0.00514     -0.00323
FE      0.06262      0.18782      0.43732     -0.00374     -0.01121     -0.00738
FE      0.06284      0.06261      0.56272      0.00012     -0.00446     -0.00193
FE      0.18722      0.18740      0.56218      0.00665      0.00481     -0.00120
FE      0.18749      0.06222      0.68774      0.01202      0.00738      0.00191
FE      0.06258      0.18750      0.68747      0.00748      0.00281      0.00083
FE      0.06256      0.06249      0.81234      0.00418      0.00145      0.00717
FE      0.18751      0.18747      0.81231      0.00688      0.00275      0.00012
FE      0.19026      0.06242      0.93473      0.00268     -0.00088      0.00661
FE      0.06229      0.18888      0.93641     -0.00009     -0.00428      0.00272
FE      0.06226      0.31260      0.06302     -0.00848      0.00172      0.01157
FE      0.18780      0.43740      0.06303     -0.00118      0.00743      0.01014
FE      0.18773      0.31265      0.18774      0.00153     -0.00270      0.00216
FE      0.06278      0.43735      0.18796     -0.00124      0.00957      0.00212
FE      0.06224      0.31286      0.31253     -0.00563     -0.00241     -0.01074
FE      0.18759      0.43764      0.31257      0.00490      0.00396      0.00134
FE      0.18641      0.31260      0.43636      0.01380      0.00298      0.00439
FE      0.06229      0.43766      0.43736     -0.00236      0.00782     -0.00466
FE      0.06269      0.31253      0.56232      0.00499      0.00337     -0.00434
FE      0.18730      0.43767      0.56193      0.00925     -0.00155     -0.00792
FE      0.18729      0.31252      0.68734      0.01061      0.00192     -0.00617
FE      0.06283      0.43743      0.68702      0.00649      0.00562     -0.00420
FE      0.06270      0.31263      0.81204      0.00124      0.00117      0.00416
FE      0.18758      0.43763      0.81238      0.00527      0.00297     -0.00106
FE      0.18680      0.31234      0.93864      0.00392      0.00522     -0.00235
FE      0.06355      0.43619      0.93772     -0.00201      0.01296      0.00684
FE      0.06535      0.56249      0.06534     -0.00181      0.00208     -0.00100
FE      0.18801      0.68773      0.06281      0.00561     -0.00632      0.00343
FE      0.18877      0.56249      0.18877     -0.00412      0.00409     -0.00371
FE      0.06289      0.68767      0.18792      0.00812     -0.00637      0.00038
FE      0.06264      0.56242      0.31240      0.00348      0.00326     -0.00115
FE      0.18787      0.68746      0.31272      0.01172      0.00082      0.00280
FE      0.18756      0.56250      0.43746      0.00526      0.00235     -0.00363
FE      0.06284      0.68717      0.43754      0.00064      0.00370     -0.00059
FE      0.06254      0.56246      0.56248      0.00139      0.00137     -0.00508
FE      0.18775      0.68763      0.56226      0.01161      0.00104     -0.00560
FE      0.18845      0.56284      0.68620      0.00130     -0.00398     -0.00111
FE      0.06285      0.68765      0.68708      0.00681     -0.00786     -0.00195
FE      0.06523      0.56255      0.80981     -0.00302      0.00182      0.00703
FE      0.18796      0.68771      0.81210      0.00689     -0.00659     -0.00059
FE      0.18788      0.56255      0.93762      0.00073      0.00336      0.00453
FE      0.06381      0.68887      0.93753      0.00779     -0.01310      0.00113
FE      0.06284      0.81225      0.06242      0.00684     -0.00650     -0.00410
FE      0.18919      0.93617      0.06217      0.01142      0.00704     -0.00733
FE      0.18800      0.81221      0.18756      0.01172     -0.00181     -0.00147
FE      0.06387      0.93608      0.18762     -0.00013      0.00279      0.00941
FE      0.06300      0.81202      0.31264      0.00665      0.00799      0.00149
FE      0.18782      0.93731      0.31289      0.00669      0.00028      0.00088
FE      0.18764      0.81237      0.43761      0.00887      0.00265      0.00137
FE      0.06287      0.93745      0.43754      0.00150      0.00069     -0.00054
FE      0.06299      0.81233      0.56267      0.00592      0.00231     -0.00178
FE      0.18742      0.93741      0.56249      0.00559     -0.00326     -0.00173
FE      0.18789      0.81236      0.68752      0.01464     -0.00474     -0.00245
FE      0.06376      0.93749      0.68865      0.00172     -0.00278     -0.00560
FE      0.06282      0.81223      0.81217      0.00727     -0.00496      0.00650
FE      0.18827      0.93730      0.81240      0.01627     -0.00096      0.00881
FE      0.18809      0.81255      0.93739      0.00609     -0.01111      0.00141
FE      0.06254      0.93604      0.93624      0.00510      0.00369     -0.00069
FE      0.31285      0.06243      0.06254     -0.00223      0.00207     -0.00344
FE      0.43752      0.18754      0.06248     -0.00257      0.00146      0.00047
FE      0.43725      0.06256      0.18739     -0.00480      0.00282     -0.00457
FE      0.31294      0.18774      0.18781      0.00245      0.00077     -0.00024
FE      0.31370      0.06243      0.31362     -0.00325     -0.00195     -0.00561
FE      0.43763      0.18765      0.31260      0.00137      0.00739      0.00374
FE      0.43791      0.06219      0.43756      0.01128      0.00234      0.01158
FE      0.31237      0.18743      0.43727      0.00592      0.00723      0.00308
FE      0.31238      0.06227      0.56232      0.00638      0.00125     -0.00004
FE      0.43745      0.18620      0.56130      0.00379      0.01489      0.00077
FE      0.43770      0.06223      0.68731      0.00583      0.00530     -0.00639
FE      0.31147      0.18619      0.68730      0.00683      0.01410     -0.00467
FE      0.31363      0.06228      0.81143      0.00254      0.00612      0.00941
FE      0.43774      0.18620      0.81358      0.00478      0.01318     -0.00342
FE      0.43743      0.06216      0.93781     -0.00557      0.00925     -0.00298
FE      0.31267      0.18750      0.93766      0.00300     -0.00161     -0.00099
FE      0.31290      0.31275      0.06250      0.00214     -0.00315      0.00641
FE      0.43756      0.43763      0.06251      0.00157      0.00289      0.00211
FE      0.43762      0.31255      0.18762      0.00183      0.00093      0.00705
FE      0.31280      0.43756      0.18775      0.00736      0.00034      0.00925
FE      0.31252      0.31254      0.31262      0.00556      0.00498      0.00366
FE      0.43752      0.43758      0.31252     -0.00020     -0.00324      0.00905
FE      0.43750      0.31255      0.43713      0.00028      0.00759      0.00168
FE      0.31224      0.43773      0.43708      0.00872     -0.00505     -0.00054
FE      0.30982      0.31251      0.55972      0.01151      0.00634      0.00141
FE      0.43753      0.43887      0.56119      0.00039     -0.01031     -0.00820
RU      0.43752      0.31253      0.68745      0.00314      0.00169     -0.00395
FE      0.31149      0.43883      0.68732      0.00589     -0.00638     -0.00959
FE      0.30996      0.31246      0.81519      0.01272      0.00375     -0.00887
FE      0.43755      0.43891      0.81374      0.00143     -0.00494     -0.00019
FE      0.43765      0.31255      0.93789      0.00311      0.00406     -0.00196
FE      0.31228      0.43779      0.93795      0.00029      0.00208     -0.00029
FE      0.31240      0.56257      0.06267      0.00081      0.00245      0.00669
FE      0.43755      0.68751      0.06252     -0.00027     -0.00400      0.00250
FE      0.43753      0.56247      0.18758     -0.00045      0.00057      0.00390
FE      0.31282      0.68748      0.18771      0.00773     -0.00213      0.00438
FE      0.31286      0.56255      0.31280      0.01174      0.00133      0.00973
FE      0.43742      0.68751      0.31245     -0.00274      0.00350      0.00385
FE      0.43748      0.56279      0.43716     -0.00216     -0.00541      0.00144
FE      0.31253      0.68763      0.43744      0.00858      0.00426     -0.00094
FE      0.31274      0.56268      0.56192      0.01409     -0.00369     -0.00996
FE      0.43741      0.68748      0.56246     -0.00284      0.00228     -0.00550
FE      0.43751      0.56279      0.68747     -0.00049     -0.00348     -0.00426
FE      0.31272      0.68755      0.68733      0.00832     -0.00292     -0.00484
FE      0.31232      0.56271      0.81253      0.00555     -0.00157     -0.00405
FE      0.43752      0.68749      0.81247     -0.00142     -0.00459      0.00001
FE      0.43754      0.56284      0.93787     -0.00045     -0.00412     -0.00219
FE      0.31257      0.68756      0.93759      0.00138     -0.00311     -0.00092
FE      0.31296      0.81217      0.06250      0.00382     -0.00070     -0.00185
FE      0.43714      0.93742      0.06212     -0.01231     -0.00161     -0.00685
FE      0.43741      0.81234      0.18743     -0.00253     -0.00268      0.00209
FE      0.31297      0.93731      0.18780      0.00275     -0.00087      0.00015
FE      0.31258      0.81241      0.31254      0.00748     -0.00246      0.00448
FE      0.43778      0.93737      0.31257      0.00317     -0.00743      0.00262
FE      0.43752      0.81240      0.43753      0.00171     -0.00355      0.00128
FE      0.31266      0.93731      0.43764      0.00757     -0.00733      0.00307
FE      0.31256      0.81244      0.56247      0.00854     -0.00383     -0.00180
FE      0.43762      0.93748      0.56253      0.00479     -0.00773     -0.00026
FE      0.43732      0.81239      0.68765     -0.00365     -0.00410     -0.00155
FE      0.31271      0.93744      0.68733      0.00853     -0.00611     -0.00497
FE      0.31269      0.81244      0.81239      0.00902     -0.00910     -0.00014
FE      0.43733      0.93743      0.81269     -0.00707     -0.00559      0.00607
FE      0.43758      0.81236      0.93747     -0.00420     -0.00891     -0.00354
FE      0.31296      0.93725      0.93729      0.00211      0.00011     -0.00142
FE      0.56230      0.06249      0.06238     -0.00504      0.00103     -0.00063
FE      0.68753      0.18747      0.06262     -0.00103     -0.00421      0.00586
FE      0.68724      0.06265      0.18714     -0.00543     -0.00714      0.00195
FE      0.56238      0.18758      0.18747     -0.00527      0.00328     -0.00035
FE      0.56205      0.06261      0.31210     -0.00029     -0.00396     -0.00129
FE      0.68729      0.18775      0.31232     -0.00447     -0.00078      0.00273
FE      0.68595      0.06385      0.43778     -0.01030     -0.01243      0.00689
FE      0.56242      0.18772      0.43711      0.00099      0.00414      0.00487
FE      0.56217      0.06247      0.56263     -0.00291     -0.00098      0.00189
FE      0.68774      0.18757      0.56228     -0.00902      0.00638     -0.00482
FE      0.68711      0.06234      0.68756     -0.02002      0.00179     -0.01254
FE      0.56365      0.18617      0.68753     -0.00453      0.01513     -0.00530
FE      0.56240      0.06234      0.81280     -0.00861      0.00451      0.00111
FE      0.68759      0.18739      0.81268     -0.01042      0.00601     -0.00146
FE      0.68760      0.06243      0.93752     -0.00219     -0.00378      0.00088
FE      0.56271      0.18733      0.93797     -0.00461      0.00586      0.00061
FE      0.56241      0.31244      0.06248     -0.00354      0.00268      0.00635
FE      0.68719      0.43746      0.06301     -0.00050      0.00986      0.00953
FE      0.68734      0.31260      0.18756     -0.00766      0.00327      0.00666
FE      0.56223      0.43748      0.18770     -0.00691      0.00174      0.00680
FE      0.56241      0.31261      0.31255     -0.00294      0.00651      0.00284
FE      0.68749      0.43756      0.31250     -0.00358      0.00383      0.00203
FE      0.68868      0.31249      0.43627     -0.01335      0.00332      0.00149
FE      0.56273      0.43770      0.43705     -0.00546     -0.00499     -0.00131
FE      0.56521      0.31259      0.55974     -0.00776      0.00199      0.00264
FE      0.68779      0.43766      0.56191     -0.00676     -0.00188     -0.00882
FE      0.68781      0.31254      0.68753     -0.00868      0.00432     -0.00508
FE      0.56352      0.43882      0.68732     -0.00438     -0.00625     -0.00683
FE      0.56518      0.31245      0.81523     -0.00952      0.00509     -0.00966
FE      0.68749      0.43756      0.81249     -0.00279      0.00417     -0.00002
FE      0.68829      0.31220      0.93874     -0.00822      0.01066     -0.00592
FE      0.56277      0.43770      0.93799      0.00267      0.00299      0.00063
FE      0.56255      0.56255      0.06265     -0.00134      0.00202      0.00553
FE      0.68695      0.68762      0.06271     -0.00847     -0.00679      0.00231
FE      0.68622      0.56243      0.18868     -0.00082      0.00467     -0.00368
FE      0.56216      0.68755      0.18765     -0.00945     -0.00031      0.00447
FE      0.56203      0.56246      0.31273     -0.01004      0.00179      0.00629
FE      0.68714      0.68740      0.31254     -0.00817      0.00531      0.00755
FE      0.68752      0.56256      0.43744     -0.00421      0.00434     -0.00416
FE      0.56208      0.68731      0.43742     -0.00515      0.00997     -0.00113
FE      0.56213      0.56260      0.56195     -0.01416     -0.00302     -0.00911
FE      0.68724      0.68750      0.56237     -0.00797      0.00586     -0.00888
FE      0.68658      0.56277      0.68632     -0.00285     -0.00357      0.00095
FE      0.56217      0.68755      0.68739     -0.00929     -0.00069     -0.00435
FE      0.56266      0.56268      0.81258     -0.00432     -0.00188     -0.00126
FE      0.68708      0.68772      0.81229     -0.00698     -0.00601      0.00202
FE      0.68716      0.56254      0.93760     -0.00016      0.00210      0.00441
FE      0.56243      0.68763      0.93762     -0.00379     -0.00784      0.00010
FE      0.56216      0.81244      0.06234     -0.01032     -0.00503     -0.00029
FE      0.68734      0.93753      0.06257     -0.00449     -0.00137      0.00210
FE      0.68699      0.81225      0.18719     -0.01348      0.00270      0.00622
FE      0.56120      0.93750      0.18627      0.00215     -0.00387      0.00317
FE      0.56199      0.81224      0.31219     -0.00450     -0.00108      0.00328
FE      0.68443      0.93745      0.30994     -0.00410     -0.00461      0.01122
FE      0.68617      0.81111      0.43752     -0.01045      0.00754      0.00079
FE      0.56208      0.93738      0.43749     -0.00063     -0.00815      0.00627
FE      0.56197      0.81226      0.56278     -0.00529      0.00291      0.00051
FE      0.68467      0.93739      0.56530     -0.00815     -0.00763     -0.00644
FE      0.68709      0.81229      0.68789     -0.01215     -0.00032     -0.00465
FE      0.56120      0.93752      0.68870      0.00214     -0.00712     -0.01259
FE      0.56215      0.81241      0.81258     -0.01100     -0.00893     -0.00274
FE      0.68721      0.93742      0.81223     -0.01076     -0.00691     -0.00383
FE      0.68704      0.81272      0.93749     -0.00501     -0.00938     -0.00234
FE      0.56240      0.93744      0.93761     -0.00575     -0.00252      0.00011
FE      0.81207      0.06249      0.06245     -0.00113     -0.00624      0.00157
FE      0.93629      0.18892      0.06242      0.00246     -0.01310      0.00531
FE      0.93497      0.06269      0.18976      0.00247     -0.00390     -0.00133
FE      0.81203      0.18794      0.18759      0.00157     -0.01316      0.00544
FE      0.81114      0.06399      0.31250      0.00388     -0.00849     -0.00665
FE      0.93735      0.18787      0.31276     -0.00354     -0.01130     -0.00254
FE      0.93868      0.06388      0.43743     -0.00301     -0.01331     -0.00264
FE      0.81249      0.18786      0.43754     -0.00328     -0.00245     -0.00114
FE      0.81253      0.06386      0.56369     -0.00302     -0.00864     -0.00258
FE      0.93767      0.18771      0.56257     -0.00184     -0.00238     -0.00459
FE      0.93778      0.06267      0.68801     -0.00003     -0.00309     -0.00141
FE      0.81224      0.18782      0.68756     -0.00962      0.00031     -0.00837
FE      0.81133      0.06244      0.81129      0.00468     -0.00464      0.00556
FE      0.93725      0.18781      0.81213     -0.00032     -0.00040      0.00081
FE      0.93468      0.06246      0.93471      0.00433     -0.00623      0.00759
FE      0.81223      0.18767      0.93740      0.00144     -0.00555      0.00320
FE      0.81236      0.31267      0.06301      0.01215      0.00266      0.01194
FE      0.93752      0.43613      0.06379     -0.00002      0.01604      0.00850
FE      0.93740      0.31245      0.18794      0.00245      0.00562     -0.00290
FE      0.81210      0.43746      0.18801      0.00232      0.01165      0.00431
FE      0.81274      0.31248      0.31226      0.00327      0.00497     -0.00476
FE      0.93748      0.43761      0.31255     -0.00221      0.01019     -0.00543
FE      0.93747      0.31255      0.43757     -0.00262      0.00485     -0.00167
FE      0.81267      0.43763      0.43733      0.00189      0.00665     -0.00650
FE      0.81232      0.31245      0.56229     -0.00758      0.00686     -0.00564
FE      0.93752      0.43752      0.56243     -0.00127      0.00659     -0.00254
FE      0.93750      0.31232      0.68713     -0.00201      0.01146     -0.00329
FE      0.81216      0.43741      0.68704     -0.00457      0.00561     -0.00373
FE      0.81220      0.31238      0.81235     -0.00242      0.01016      0.00172
FE      0.93750      0.43623      0.81117     -0.00089      0.01236     -0.00068
FE      0.93736      0.31239      0.93742      0.00095      0.00491      0.00482
FE      0.81135      0.43630      0.93771      0.00060      0.01540      0.00608
FE      0.80975      0.56245      0.06530      0.00404      0.00089     -0.00233
FE      0.93758      0.68881      0.06365      0.00299     -0.00963      0.00150
FE      0.93757      0.56240      0.18784      0.00265     -0.00025      0.00121
FE      0.81204      0.68729      0.18766     -0.00481      0.00108      0.00608
FE      0.81239      0.56252      0.31244     -0.00277      0.00441      0.00055
FE      0.93764      0.68727      0.31244     -0.00316      0.00007      0.00228
FE      0.93752      0.56253      0.43749     -0.00017      0.00569     -0.00508
FE      0.81246      0.68723      0.43752     -0.00294      0.00329     -0.00133
FE      0.81252      0.56257      0.56246      0.00123      0.00290     -0.00533
FE      0.93768      0.68736      0.56261     -0.00206     -0.00006     -0.00263
FE      0.93756      0.56239      0.68718      0.00244     -0.00047     -0.00086
FE      0.81217      0.68740      0.68740     -0.00273      0.00066     -0.00376
FE      0.80985      0.56251      0.80984      0.00405      0.00077      0.00727
FE      0.93758      0.68871      0.81124      0.00240     -0.01015      0.00065
RU      0.93754      0.56253      0.93759      0.00468      0.00193      0.00769
FE      0.81114      0.68880      0.93753     -0.00315     -0.00923      0.00050
FE      0.81195      0.81228      0.06262      0.00075      0.00140      0.00115
FE      0.93630      0.93608      0.06254      0.00091      0.00403      0.00110
FE      0.93769      0.81239      0.18760      0.00234     -0.00212     -0.00097
FE      0.81196      0.93742      0.18755     -0.00501      0.00203      0.00511
FE      0.81231      0.81112      0.31143     -0.00932      0.00415      0.00527
FE      0.93994      0.93735      0.31029     -0.00315      0.00248      0.00348
FE      0.93870      0.81104      0.43765     -0.00294      0.00589      0.00390
RU      0.81229      0.93737      0.43774     -0.00869     -0.00106      0.00090
FE      0.81237      0.81110      0.56367     -0.00955      0.00051     -0.00098
FE      0.94023      0.93754      0.56528     -0.00507     -0.00148     -0.00737
FE      0.93780      0.81252      0.68750     -0.00039     -0.00709     -0.00126
FE      0.81227      0.93747      0.68762     -0.00807     -0.00712     -0.00636
FE      0.81226      0.81254      0.81227     -0.00331     -0.00772     -0.00268
FE      0.93727      0.93728      0.81196     -0.00115     -0.00287     -0.00066
FE      0.93738      0.81254      0.93737      0.00125     -0.00521     -0.00051
FE      0.81203      0.93727      0.93721     -0.00228     -0.00200     -0.00197
