/* Converted from PWscf output file */ 
#L_UNITS ang 
#E_UNITS eV 
#S_UNITS GPA 
#F_UNITS EV/ANG 
#ALAT 	  13.67760     // a0 
#X 	   1.00000     0.00000     0.00000     // X 
#Y 	   0.00000     1.05695    -0.00010     // Y 
#Z 	   0.00000    -0.00009     1.00036     // Z 
#SX 	   0.08517    -0.00000    -0.00000     // SX 
#SY 	  -0.00000    -0.05950     0.00160     // SY 
#SZ 	  -0.00000     0.00160     0.08517     // SZ 
#EPA 	  -4.27823     // Energy per Atom 
#C 	1 1 1 
#W 	1.0 
#RCUT 	6.5        // Rcut 
RU      0.06249      0.06062      0.06420     -0.00231      0.06360     -0.03972
FE      0.19124      0.18880      0.06524     -0.07241     -0.03641     -0.03294
FE      0.19081      0.06227      0.19095     -0.02776     -0.01163     -0.02178
FE      0.06245      0.18900      0.18928     -0.00134     -0.03726     -0.02237
FE      0.06247      0.06239      0.31292     -0.00055     -0.00749      0.00111
FE      0.18788      0.18773      0.31287      0.02125      0.01208      0.02573
FE      0.18759      0.06246      0.43746      0.00840     -0.00225      0.00502
FE      0.06248      0.18758      0.43753      0.00038      0.00446      0.00390
FE      0.06248      0.06242      0.56247      0.00038     -0.00446     -0.00390
FE      0.18759      0.18754      0.56254      0.00840      0.00225     -0.00501
FE      0.18788      0.06227      0.68713      0.02125     -0.01208     -0.02572
FE      0.06247      0.18761      0.68708     -0.00055      0.00749     -0.00110
FE      0.06245      0.06100      0.81072     -0.00134      0.03726      0.02237
FE      0.19081      0.18773      0.80905     -0.02776      0.01163      0.02178
FE      0.19124      0.06120      0.93476     -0.07241      0.03641      0.03293
RU      0.06249      0.18938      0.93580     -0.00231     -0.06361      0.03973
FE      0.06248      0.31429      0.06384     -0.00013     -0.01331     -0.02996
FE      0.18768      0.43773      0.06262      0.01160      0.01614      0.00844
FE      0.18793      0.31287      0.18812      0.02049      0.02616      0.02622
FE      0.06247      0.43786      0.18786     -0.00010      0.01797      0.01846
FE      0.06248      0.31289      0.31284      0.00066      0.02207      0.02122
FE      0.18759      0.43767      0.31265      0.00737      0.01375      0.01426
FE      0.18758      0.31256      0.43761      0.00745      0.01177      0.00923
FE      0.06248      0.43757      0.43755      0.00030      0.01034      0.00612
FE      0.06248      0.31255      0.56245      0.00038      0.00978     -0.00396
FE      0.18757      0.43760      0.56237      0.00674      0.01217     -0.01189
FE      0.18792      0.31278      0.68691      0.02331      0.02508     -0.03361
FE      0.06248      0.43800      0.68705      0.00025      0.03217     -0.03057
FE      0.06247      0.31506      0.81024     -0.00063     -0.00100      0.01157
FE      0.18775      0.43788      0.81222      0.01512      0.02573     -0.01479
FE      0.18901      0.31425      0.93736     -0.02785     -0.01477     -0.01026
FE      0.06248      0.43785      0.93754     -0.00009      0.01743     -0.00212
FE      0.06248      0.56246      0.06247      0.00028      0.00268      0.00347
FE      0.18752      0.68753      0.06248      0.00417     -0.00267      0.00109
FE      0.18755      0.56256      0.18761      0.00312      0.00696      0.00540
FE      0.06248      0.68752      0.18753      0.00030     -0.00266      0.00447
FE      0.06248      0.56250      0.31251      0.00038      0.00766      0.00858
FE      0.18756      0.68743      0.31259      0.00362     -0.00803      0.00846
FE      0.18753      0.56248      0.43754      0.00146      0.00288      0.00242
FE      0.06248      0.68748      0.43756      0.00035     -0.01061      0.00826
FE      0.06248      0.56252      0.56244      0.00035      0.01060     -0.00825
FE      0.18753      0.68752      0.56246      0.00146     -0.00288     -0.00242
FE      0.18756      0.56257      0.68741      0.00360      0.00803     -0.00848
FE      0.06248      0.68750      0.68749      0.00037     -0.00765     -0.00858
FE      0.06248      0.56248      0.81247      0.00031      0.00266     -0.00448
FE      0.18755      0.68744      0.81239      0.00312     -0.00696     -0.00540
FE      0.18752      0.56247      0.93752      0.00416      0.00267     -0.00110
FE      0.06248      0.68754      0.93753      0.00028     -0.00268     -0.00347
FE      0.06248      0.81215      0.06246     -0.00009     -0.01743      0.00212
FE      0.18901      0.93575      0.06264     -0.02784      0.01477      0.01026
FE      0.18775      0.81212      0.18778      0.01512     -0.02573      0.01479
FE      0.06247      0.93494      0.18976     -0.00064      0.00100     -0.01157
FE      0.06248      0.81200      0.31295      0.00025     -0.03217      0.03058
FE      0.18792      0.93722      0.31309      0.02331     -0.02508      0.03362
FE      0.18757      0.81240      0.43763      0.00674     -0.01217      0.01189
FE      0.06248      0.93745      0.43755      0.00038     -0.00978      0.00397
FE      0.06248      0.81243      0.56245      0.00030     -0.01034     -0.00612
FE      0.18758      0.93744      0.56239      0.00745     -0.01177     -0.00923
FE      0.18759      0.81233      0.68735      0.00737     -0.01376     -0.01426
FE      0.06248      0.93711      0.68716      0.00066     -0.02207     -0.02121
FE      0.06247      0.81214      0.81214     -0.00010     -0.01797     -0.01846
FE      0.18793      0.93713      0.81188      0.02049     -0.02616     -0.02623
FE      0.18768      0.81227      0.93738      0.01160     -0.01613     -0.00844
FE      0.06248      0.93571      0.93616     -0.00013      0.01331      0.02996
FE      0.31325      0.06232      0.06274      0.01144     -0.00963      0.01280
FE      0.43746      0.18757      0.06252      0.00820      0.00412      0.00642
FE      0.43764      0.06241      0.18772      0.01948     -0.00720      0.01695
FE      0.31396      0.18768      0.18891      0.06211      0.00877      0.05907
FE      0.31389      0.06242      0.31390      0.06719     -0.00614      0.07005
FE      0.43799      0.18760      0.31292      0.04369      0.00792      0.04089
FE      0.43787      0.06246      0.43784      0.04140     -0.00523      0.03314
FE      0.31268      0.18760      0.43770      0.01865      0.00782      0.01578
FE      0.31268      0.06240      0.56230      0.01865     -0.00782     -0.01578
FE      0.43787      0.18754      0.56216      0.04139      0.00522     -0.03315
FE      0.43799      0.06240      0.68708      0.04370     -0.00792     -0.04089
FE      0.31389      0.18758      0.68610      0.06719      0.00614     -0.07005
FE      0.31396      0.06232      0.81109      0.06211     -0.00878     -0.05907
FE      0.43764      0.18759      0.81228      0.01948      0.00720     -0.01695
FE      0.43746      0.06243      0.93748      0.00820     -0.00411     -0.00642
FE      0.31325      0.18768      0.93726      0.01144      0.00963     -0.01280
FE      0.31319      0.31297      0.06276      0.02968      0.02594      0.01466
FE      0.43764      0.43761      0.06251      0.01552      0.01387      0.00521
FE      0.43779      0.31260      0.18772      0.02413      0.01572      0.01692
FE      0.31262      0.43766      0.18760      0.01110      0.01240      0.00843
FE      0.31270      0.31259      0.31270      0.01971      0.01519      0.02174
FE      0.43755      0.43756      0.31249      0.00535      0.00515      0.00451
FE      0.43756      0.31251      0.43753      0.01042      0.00924      0.00184
FE      0.31252      0.43756      0.43754      0.00785      0.00772      0.00137
FE      0.31269      0.31257      0.56228      0.02187      0.01546     -0.01827
FE      0.43754      0.43754      0.56247      0.00447      0.00387     -0.00303
FE      0.43772      0.31257      0.68735      0.01999      0.01241     -0.01687
FE      0.31256      0.43759      0.68745      0.00995      0.00991     -0.00940
FE      0.31300      0.31273      0.81212      0.02630      0.02155     -0.02147
FE      0.43763      0.43760      0.81242      0.01289      0.01084     -0.00672
FE      0.43762      0.31260      0.93749      0.01163      0.01307     -0.00381
FE      0.31294      0.43799      0.93750      0.02184      0.02261     -0.00288
FE      0.31258      0.56257      0.06250      0.00677      0.00710      0.00290
FE      0.43757      0.68749      0.06248      0.00951     -0.00823      0.00076
FE      0.43756      0.56249      0.18754      0.00505      0.00250      0.00213
FE      0.31260      0.68742      0.18757      0.00950     -0.00880      0.00534
FE      0.31251      0.56249      0.31251      0.00506      0.00235      0.00533
FE      0.43755      0.68751      0.31249      0.00373     -0.00311      0.00298
FE      0.43753      0.56247      0.43753      0.00206      0.00152      0.00076
FE      0.31250      0.68751      0.43754      0.00287     -0.00300      0.00224
FE      0.31250      0.56249      0.56246      0.00287      0.00300     -0.00224
FE      0.43753      0.68753      0.56247      0.00206     -0.00152     -0.00076
FE      0.43755      0.56249      0.68751      0.00373      0.00312     -0.00298
FE      0.31251      0.68751      0.68749      0.00506     -0.00235     -0.00532
FE      0.31260      0.56258      0.81243      0.00950      0.00880     -0.00534
FE      0.43756      0.68751      0.81246      0.00506     -0.00250     -0.00213
FE      0.43757      0.56251      0.93752      0.00951      0.00823     -0.00076
FE      0.31258      0.68743      0.93750      0.00677     -0.00710     -0.00291
FE      0.31294      0.81201      0.06250      0.02184     -0.02261      0.00288
FE      0.43762      0.93740      0.06251      0.01163     -0.01307      0.00381
FE      0.43763      0.81240      0.18758      0.01288     -0.01084      0.00672
FE      0.31300      0.93727      0.18788      0.02630     -0.02155      0.02147
FE      0.31256      0.81241      0.31255      0.00995     -0.00991      0.00940
FE      0.43772      0.93743      0.31265      0.01999     -0.01241      0.01687
FE      0.43754      0.81246      0.43753      0.00447     -0.00388      0.00304
FE      0.31269      0.93743      0.43772      0.02187     -0.01546      0.01828
FE      0.31252      0.81244      0.56246      0.00786     -0.00772     -0.00136
FE      0.43756      0.93749      0.56247      0.01042     -0.00924     -0.00184
FE      0.43755      0.81244      0.68751      0.00535     -0.00515     -0.00450
FE      0.31270      0.93741      0.68730      0.01971     -0.01519     -0.02174
FE      0.31262      0.81234      0.81240      0.01110     -0.01241     -0.00844
FE      0.43779      0.93740      0.81228      0.02413     -0.01572     -0.01692
FE      0.43764      0.81239      0.93749      0.01553     -0.01387     -0.00521
FE      0.31319      0.93703      0.93724      0.02968     -0.02594     -0.01466
FE      0.56248      0.06246      0.06248      0.00047     -0.00189      0.00149
FE      0.68759      0.18758      0.06253     -0.00871      0.00434      0.00697
FE      0.68741      0.06241      0.18773     -0.01945     -0.00691      0.01729
FE      0.56248      0.18755      0.18757      0.00034      0.00229      0.00592
FE      0.56248      0.06246      0.31254      0.00037     -0.00479      0.01165
FE      0.68706      0.18760      0.31292     -0.04495      0.00738      0.04193
FE      0.68718      0.06246      0.43784     -0.04160     -0.00483      0.03307
FE      0.56248      0.18754      0.43754      0.00046      0.00478      0.00566
FE      0.56248      0.06246      0.56246      0.00046     -0.00478     -0.00566
FE      0.68718      0.18754      0.56216     -0.04160      0.00483     -0.03307
FE      0.68706      0.06240      0.68708     -0.04495     -0.00738     -0.04193
FE      0.56248      0.18754      0.68746      0.00037      0.00478     -0.01165
FE      0.56248      0.06245      0.81243      0.00034     -0.00229     -0.00592
FE      0.68741      0.18759      0.81227     -0.01945      0.00691     -0.01730
FE      0.68759      0.06242      0.93747     -0.00871     -0.00435     -0.00697
FE      0.56248      0.18754      0.93752      0.00047      0.00189     -0.00149
FE      0.56248      0.31249      0.06249      0.00033      0.00516      0.00259
FE      0.68742      0.43761      0.06251     -0.01565      0.01389      0.00540
FE      0.68726      0.31261      0.18772     -0.02462      0.01644      0.01682
FE      0.56248      0.43755      0.18755      0.00027      0.00750      0.00574
FE      0.56248      0.31251      0.31252      0.00045      0.01219      0.01159
FE      0.68750      0.43756      0.31249     -0.00538      0.00513      0.00459
FE      0.68749      0.31251      0.43753     -0.01060      0.00935      0.00182
FE      0.56248      0.43754      0.43752      0.00034      0.00119      0.00069
FE      0.56248      0.31251      0.56245      0.00036      0.00676     -0.00739
FE      0.68751      0.43754      0.56247     -0.00449      0.00388     -0.00305
FE      0.68733      0.31257      0.68735     -0.02071      0.01272     -0.01743
FE      0.56248      0.43754      0.68749      0.00034      0.00677     -0.00688
FE      0.56248      0.31251      0.81244      0.00034      0.00919     -0.00694
FE      0.68742      0.43761      0.81242     -0.01293      0.01092     -0.00664
FE      0.68743      0.31260      0.93749     -0.01221      0.01361     -0.00392
FE      0.56248      0.43754      0.93753      0.00031      0.00471     -0.00059
FE      0.56248      0.56248      0.06247      0.00035      0.00276      0.00074
FE      0.68748      0.68749      0.06248     -0.00968     -0.00848      0.00081
FE      0.68749      0.56249      0.18754     -0.00510      0.00260      0.00212
FE      0.56248      0.68752      0.18753      0.00035     -0.00304      0.00064
FE      0.56248      0.56247      0.31249      0.00035      0.00143      0.00177
FE      0.68751      0.68751      0.31249     -0.00381     -0.00317      0.00302
FE      0.68752      0.56247      0.43753     -0.00210      0.00155      0.00076
FE      0.56248      0.68753      0.43752      0.00034     -0.00169      0.00099
FE      0.56248      0.56247      0.56248      0.00034      0.00169     -0.00099
FE      0.68752      0.68753      0.56247     -0.00210     -0.00154     -0.00076
FE      0.68751      0.56249      0.68751     -0.00381      0.00318     -0.00302
FE      0.56248      0.68753      0.68751      0.00035     -0.00143     -0.00177
FE      0.56248      0.56248      0.81247      0.00034      0.00304     -0.00064
FE      0.68749      0.68751      0.81246     -0.00510     -0.00260     -0.00212
FE      0.68748      0.56251      0.93752     -0.00968      0.00848     -0.00081
FE      0.56248      0.68752      0.93753      0.00034     -0.00276     -0.00074
FE      0.56248      0.81246      0.06247      0.00031     -0.00471      0.00059
FE      0.68743      0.93740      0.06251     -0.01220     -0.01361      0.00392
FE      0.68742      0.81239      0.18758     -0.01293     -0.01092      0.00664
FE      0.56248      0.93749      0.18756      0.00034     -0.00920      0.00694
FE      0.56248      0.81246      0.31251      0.00035     -0.00677      0.00688
FE      0.68733      0.93743      0.31265     -0.02071     -0.01272      0.01743
FE      0.68751      0.81246      0.43753     -0.00449     -0.00388      0.00306
FE      0.56248      0.93749      0.43755      0.00036     -0.00676      0.00739
FE      0.56248      0.81246      0.56248      0.00034     -0.00119     -0.00069
FE      0.68749      0.93749      0.56247     -0.01060     -0.00935     -0.00182
FE      0.68750      0.81244      0.68751     -0.00538     -0.00513     -0.00459
FE      0.56248      0.93749      0.68748      0.00045     -0.01218     -0.01159
FE      0.56248      0.81245      0.81245      0.00027     -0.00750     -0.00574
FE      0.68726      0.93739      0.81228     -0.02462     -0.01644     -0.01682
FE      0.68742      0.81239      0.93749     -0.01565     -0.01389     -0.00540
FE      0.56248      0.93751      0.93751      0.00033     -0.00516     -0.00259
FE      0.81170      0.06231      0.06273     -0.01168     -0.01023      0.01217
FE      0.93372      0.18880      0.06525      0.07023     -0.03640     -0.03185
FE      0.93413      0.06227      0.19094      0.02350     -0.01353     -0.02327
FE      0.81101      0.18770      0.18892     -0.05832      0.01118      0.05984
FE      0.81109      0.06241      0.31389     -0.06363     -0.00683      0.07088
FE      0.93716      0.18773      0.31288     -0.02277      0.01199      0.02707
FE      0.93746      0.06246      0.43747     -0.00884     -0.00219      0.00549
FE      0.81228      0.18760      0.43770     -0.01842      0.00798      0.01613
FE      0.81228      0.06240      0.56230     -0.01842     -0.00798     -0.01613
FE      0.93746      0.18754      0.56253     -0.00884      0.00219     -0.00549
FE      0.93716      0.06227      0.68712     -0.02277     -0.01199     -0.02707
FE      0.81109      0.18759      0.68611     -0.06363      0.00683     -0.07087
FE      0.81101      0.06230      0.81108     -0.05831     -0.01118     -0.05985
FE      0.93413      0.18773      0.80906      0.02350      0.01353      0.02327
FE      0.93372      0.06120      0.93475      0.07023      0.03640      0.03184
FE      0.81170      0.18769      0.93727     -0.01168      0.01023     -0.01217
FE      0.81178      0.31297      0.06275     -0.02802      0.02590      0.01443
FE      0.93738      0.43773      0.06262     -0.01185      0.01607      0.00866
FE      0.93712      0.31288      0.18812     -0.02136      0.02752      0.02631
FE      0.81233      0.43766      0.18760     -0.01075      0.01263      0.00853
FE      0.81226      0.31259      0.31270     -0.01865      0.01507      0.02156
FE      0.93746      0.43767      0.31265     -0.00749      0.01375      0.01442
FE      0.93747      0.31256      0.43761     -0.00753      0.01190      0.00921
FE      0.81244      0.43756      0.43754     -0.00724      0.00778      0.00144
FE      0.81227      0.31257      0.56228     -0.02128      0.01517     -0.01858
FE      0.93748      0.43760      0.56237     -0.00657      0.01218     -0.01191
FE      0.93712      0.31278      0.68691     -0.02501      0.02581     -0.03431
FE      0.81240      0.43760      0.68745     -0.00935      0.01003     -0.00927
FE      0.81196      0.31273      0.81211     -0.02600      0.02166     -0.02223
FE      0.93730      0.43788      0.81222     -0.01485      0.02578     -0.01462
FE      0.93599      0.31425      0.93735      0.02390     -0.01559     -0.01059
FE      0.81201      0.43799      0.93751     -0.02138      0.02328     -0.00234
FE      0.81238      0.56256      0.06250     -0.00596      0.00698      0.00282
FE      0.93753      0.68753      0.06248     -0.00428     -0.00279      0.00111
FE      0.93751      0.56256      0.18761     -0.00323      0.00705      0.00542
FE      0.81236      0.68742      0.18757     -0.00873     -0.00859      0.00542
FE      0.81245      0.56249      0.31251     -0.00434      0.00231      0.00533
FE      0.93749      0.68743      0.31259     -0.00388     -0.00813      0.00852
FE      0.93752      0.56248      0.43754     -0.00143      0.00290      0.00243
FE      0.81245      0.68751      0.43754     -0.00219     -0.00296      0.00227
FE      0.81245      0.56249      0.56246     -0.00219      0.00296     -0.00227
FE      0.93752      0.68752      0.56246     -0.00143     -0.00290     -0.00243
FE      0.93749      0.56257      0.68741     -0.00387      0.00813     -0.00851
FE      0.81245      0.68751      0.68749     -0.00434     -0.00231     -0.00532
FE      0.81236      0.56258      0.81243     -0.00872      0.00859     -0.00543
FE      0.93751      0.68744      0.81239     -0.00323     -0.00705     -0.00543
FE      0.93753      0.56247      0.93752     -0.00428      0.00280     -0.00111
FE      0.81238      0.68744      0.93750     -0.00596     -0.00698     -0.00282
FE      0.81201      0.81201      0.06249     -0.02139     -0.02328      0.00234
FE      0.93599      0.93575      0.06265      0.02389      0.01559      0.01059
FE      0.93730      0.81212      0.18778     -0.01485     -0.02577      0.01463
FE      0.81196      0.93727      0.18789     -0.02601     -0.02166      0.02222
FE      0.81240      0.81240      0.31255     -0.00935     -0.01003      0.00927
FE      0.93712      0.93722      0.31309     -0.02501     -0.02581      0.03431
FE      0.93748      0.81240      0.43763     -0.00657     -0.01217      0.01191
FE      0.81227      0.93743      0.43772     -0.02128     -0.01518      0.01858
FE      0.81244      0.81244      0.56246     -0.00724     -0.00778     -0.00144
FE      0.93747      0.93744      0.56239     -0.00753     -0.01190     -0.00921
FE      0.93746      0.81233      0.68735     -0.00750     -0.01375     -0.01442
FE      0.81226      0.93741      0.68730     -0.01866     -0.01507     -0.02156
FE      0.81233      0.81234      0.81240     -0.01075     -0.01263     -0.00853
FE      0.93712      0.93712      0.81188     -0.02136     -0.02752     -0.02631
FE      0.93738      0.81227      0.93738     -0.01185     -0.01607     -0.00866
FE      0.81178      0.93703      0.93725     -0.02801     -0.02590     -0.01443
