/* Converted from PWscf output file */ 
#L_UNITS ang 
#E_UNITS eV 
#S_UNITS GPA 
#F_UNITS EV/ANG 
#ALAT 	  13.67994     // a0 
#X 	   1.00000     0.00000     0.00000     // X 
#Y 	   0.00000     1.05163     0.00000     // Y 
#Z 	   0.00000     0.00000     1.00000     // Z 
#SX 	  -2.24646     0.02538    -0.09640     // SX 
#SY 	   0.02538    -1.56672     0.06096     // SY 
#SZ 	  -0.09640     0.06096    -2.47280     // SZ 
#EPA 	  -3.72584     // Energy per Atom 
#C 	1 1 1 
#W 	1.0 
#RCUT 	6.5        // Rcut 
RU      0.13947      0.10534      0.17443      0.37289     -0.18595      2.75406
FE      0.05875      0.06218      0.32112      0.70783      0.25696     -1.06818
FE      0.18843      0.19044      0.32144     -0.44232     -0.59356     -0.97785
FE      0.18682      0.06235      0.44213     -0.04242      0.14705     -0.07823
FE      0.06250      0.18834      0.44245      0.07821     -0.07757     -0.06198
FE      0.06232      0.06231      0.56973      0.03719     -0.01747      0.00609
FE      0.18766      0.18789      0.56981     -0.03601      0.02893      0.01999
FE      0.18822      0.06181      0.68790      0.05814      0.00433      0.01959
FE      0.06166      0.18831      0.68794     -0.05979      0.00776      0.02215
FE      0.06536      0.31054      0.31723      0.01037     -0.05170     -0.13211
FE      0.18774      0.43543      0.31754     -0.09940      0.05072     -0.06139
FE      0.18812      0.31346      0.44122      0.01108     -0.03537     -0.02233
FE      0.06339      0.43696      0.43857     -0.00582     -0.00646     -0.02931
FE      0.06283      0.31343      0.56786     -0.04926      0.03984      0.10261
FE      0.18855      0.43885      0.56822     -0.05913      0.00879     -0.01081
FE      0.18873      0.31434      0.68746      0.00337     -0.00319      0.00519
FE      0.06033      0.43920      0.68624      0.01361     -0.01678     -0.00781
FE      0.06485      0.56171      0.31451     -0.00211     -0.00051     -0.00006
FE      0.18475      0.68827      0.31455      0.00072     -0.00196      0.00021
FE      0.18637      0.56198      0.43713      0.06849      0.04423      0.06879
FE      0.06337      0.68809      0.43715     -0.06883     -0.04412      0.07184
FE      0.06158      0.56283      0.56620      0.03119     -0.00233      0.03196
FE      0.18826      0.68721      0.56606     -0.02793      0.00709      0.02425
FE      0.18880      0.56345      0.68617     -0.00248     -0.02768     -0.06024
FE      0.06133      0.68655      0.68621     -0.00214      0.03059     -0.05330
FE      0.06184      0.81406      0.31720      0.11085     -0.01395     -0.06945
FE      0.18295      0.94092      0.31394      0.01171      0.21627     -0.38965
FE      0.18629      0.81357      0.43792     -0.00922      0.02133     -0.04866
FE      0.06186      0.93715      0.44062      0.01044      0.04885      0.00265
FE      0.06139      0.81128      0.56798      0.06645      0.00166     -0.02059
FE      0.18692      0.93677      0.56771      0.05200     -0.03454      0.07792
FE      0.18963      0.81090      0.68603     -0.01516      0.02260     -0.00776
FE      0.06128      0.93567      0.68752     -0.00370     -0.00075      0.01186
FE      0.30764      0.06622      0.31223     -0.23988     -0.01362     -0.43732
FE      0.43571      0.18834      0.31719     -0.01289     -0.09195     -0.02133
FE      0.43415      0.06249      0.43420      0.06638      0.03007     -0.01796
FE      0.31216      0.18816      0.44186     -0.05712     -0.02312     -0.19883
FE      0.31241      0.06214      0.56661      0.00734     -0.01797      0.08162
FE      0.43855      0.18723      0.56605      0.04630      0.01279     -0.02282
FE      0.43801      0.06252      0.68599      0.11158     -0.02427      0.00234
FE      0.31467      0.18764      0.68590      0.00738      0.03999      0.14771
FE      0.31126      0.31149      0.31709     -0.18668     -0.11566     -0.00461
FE      0.43549      0.43722      0.31471     -0.00126     -0.02707     -0.05167
FE      0.43748      0.31314      0.43699     -0.01487     -0.08287     -0.09653
FE      0.31254      0.43783      0.43665     -0.00955     -0.05919      0.07057
FE      0.31417      0.31318      0.56793     -0.11201      0.05214     -0.04038
FE      0.43904      0.43780      0.56328     -0.01193      0.02631      0.00523
FE      0.44031      0.31313      0.68459      0.02114      0.05278      0.12363
FE      0.31592      0.43981      0.68553      0.03200     -0.04844      0.04437
FE      0.30836      0.56133      0.31473      0.02246      0.07312     -0.06833
FE      0.43393      0.68780      0.31302      0.00516      0.04456     -0.08318
FE      0.43588      0.56333      0.43222      0.06552     -0.06522     -0.01198
FE      0.31042      0.68740      0.43344      0.03711      0.03395      0.10162
FE      0.31430      0.56277      0.56414     -0.08777      0.04543      0.03661
FE      0.43852      0.68790      0.55990     -0.06336     -0.02287      0.07393
FE      0.44192      0.56331      0.68249     -0.01869     -0.00074     -0.00592
FE      0.31621      0.68688      0.68428     -0.00111      0.00493     -0.01717
FE      0.30740      0.81292      0.31478      0.02041      0.11619     -0.03417
FE      0.43445      0.93841      0.31504     -0.04559      0.05304     -0.02076
FE      0.43563      0.81275      0.43152      0.05740      0.04463      0.00448
FE      0.31012      0.93794      0.43638     -0.02511      0.06495     -0.12059
FE      0.31380      0.81271      0.56326     -0.09613     -0.05529      0.06870
FE      0.43771      0.93847      0.56236     -0.05368     -0.08593      0.01302
FE      0.43933      0.81162      0.68290      0.03482     -0.00389      0.01265
FE      0.31480      0.93663      0.68594      0.02788     -0.02758      0.00995
FE      0.56161      0.06317      0.31469     -0.02655     -0.00355      0.02619
FE      0.68840      0.18684      0.31483      0.02243      0.00464      0.03354
FE      0.68857      0.06306      0.43527     -0.10033     -0.01561     -0.04603
FE      0.56114      0.18678      0.43527      0.09745      0.01932     -0.04633
FE      0.56198      0.06271      0.56355     -0.02497     -0.04098     -0.04456
FE      0.68744      0.18716      0.56411      0.00219      0.04652     -0.02310
FE      0.68559      0.06228      0.68509     -0.00146     -0.01547      0.04248
FE      0.56380      0.18753      0.68528     -0.01560      0.01536      0.04130
FE      0.56075      0.31050      0.31398      0.03010      0.06691      0.01144
FE      0.68724      0.43600      0.31238      0.05523      0.00174      0.00123
FE      0.68756      0.31154      0.43359      0.02293      0.01329     -0.06764
FE      0.56260      0.43699      0.43214     -0.04507      0.00363     -0.00755
FE      0.56327      0.31215      0.56357      0.07633      0.03634     -0.01783
FE      0.68798      0.43704      0.55992     -0.00343      0.02617      0.04887
FE      0.68824      0.31271      0.68500     -0.07796      0.01554     -0.03639
FE      0.56519      0.43860      0.68224     -0.03688     -0.05166      0.04152
FE      0.56126      0.56261      0.31227     -0.00418     -0.01574     -0.00587
FE      0.68877      0.68739      0.31232      0.00471      0.01948     -0.00196
FE      0.68832      0.56151      0.42946     -0.04365      0.08179      0.04134
FE      0.56154      0.68860      0.42934      0.04101     -0.07658      0.03916
FE      0.56303      0.56247      0.55765      0.00358      0.03093      0.09763
FE      0.68674      0.68765      0.55778     -0.01107     -0.02979      0.09294
FE      0.68579      0.56294      0.68057      0.02891     -0.01527      0.02310
FE      0.56379      0.68725      0.68053     -0.03448      0.01692      0.02427
FE      0.56264      0.81407      0.31220     -0.05421      0.00013     -0.00348
FE      0.68913      0.93953      0.31415     -0.02235     -0.05611      0.01204
FE      0.68725      0.81313      0.43211      0.04103     -0.00387     -0.00878
FE      0.56186      0.93854      0.43331     -0.02512     -0.01345     -0.07138
FE      0.56174      0.81303      0.55967     -0.00387     -0.02027      0.04620
FE      0.68648      0.93783      0.56346     -0.08011     -0.04129     -0.01661
FE      0.68450      0.81144      0.68208      0.02994      0.06011      0.03722
FE      0.56129      0.93718      0.68465      0.06241     -0.01561     -0.03951
FE      0.81453      0.06169      0.31712      0.04148      0.09410     -0.01721
FE      0.94022      0.18548      0.31648      0.05035      0.04388     -0.16706
FE      0.93748      0.06200      0.44231     -0.22146      0.03617      0.04766
FE      0.81448      0.18758      0.43556     -0.03699     -0.02301     -0.03644
FE      0.81107      0.06261      0.56639     -0.01027     -0.01093     -0.06556
FE      0.93712      0.18800      0.56705     -0.03051      0.01274      0.09266
FE      0.93528      0.06231      0.68577      0.00069     -0.03923      0.14346
FE      0.81162      0.18733      0.68629     -0.12072      0.02898      0.02285
FE      0.81508      0.31193      0.31511      0.02829     -0.03439     -0.00236
FE      0.94214      0.43707      0.31517     -0.05172     -0.09215     -0.02289
FE      0.93876      0.31260      0.43737     -0.02260     -0.07925     -0.09812
FE      0.81395      0.43735      0.43199     -0.06490     -0.02718      0.01955
FE      0.81161      0.31166      0.56312      0.03927      0.08828      0.02989
FE      0.93588      0.43746      0.56375      0.08190      0.06479      0.08698
FE      0.93496      0.31342      0.68602     -0.02677      0.02707      0.00884
FE      0.81029      0.43853      0.68330     -0.04230      0.00722      0.01887
FE      0.81591      0.56216      0.31308     -0.00675     -0.03680     -0.08482
FE      0.94126      0.68870      0.31481     -0.02829     -0.07614     -0.06014
FE      0.93936      0.56271      0.43371     -0.04227     -0.02337      0.10685
FE      0.81393      0.68675      0.43247     -0.06886      0.07375     -0.01716
FE      0.81124      0.56221      0.56013      0.06047      0.02652      0.07856
FE      0.93563      0.68723      0.56433      0.08903     -0.03796      0.03559
FE      0.93366      0.56323      0.68444     -0.00037      0.00211     -0.01832
FE      0.80786      0.68679      0.68258      0.01851      0.00438     -0.00280
FE      0.81437      0.81289      0.31468     -0.00245      0.02704     -0.04949
FE      0.93888      0.93859      0.31720      0.10484      0.07536     -0.01444
FE      0.93734      0.81221      0.43668      0.02602      0.06640      0.05092
FE      0.81260      0.93693      0.43706      0.02986      0.07665     -0.10182
FE      0.81084      0.81224      0.56329      0.00627     -0.02607      0.00670
FE      0.93587      0.93682      0.56800      0.09758     -0.04257     -0.04825
FE      0.93410      0.81018      0.68538     -0.02492      0.05261      0.04256
FE      0.80949      0.93677      0.68464     -0.02347     -0.05488      0.12921
