/* Converted from PWscf output file */ 
#L_UNITS ang 
#E_UNITS eV 
#S_UNITS GPA 
#F_UNITS EV/ANG 
#ALAT 	   6.97272     // a0 
#X 	   1.00000    -0.00002    -0.00001     // X 
#Y 	  -0.00002     1.04755    -0.00002     // Y 
#Z 	  -0.00001    -0.00002     1.00000     // Z 
#SX 	   0.07000     0.00627     0.00481     // SX 
#SY 	   0.00627     0.04915     0.00627     // SY 
#SZ 	   0.00481     0.00627     0.07000     // SZ 
#EPA 	  -4.53000     // Energy per Atom 
#C 	1 1 1 
#W 	20.0 
#RCUT 	6.5        // Rcut 
RU     -0.00755     -0.00543     -0.00755      0.07107      0.05601      0.07107
RU      0.25697      0.25502     -0.00729     -0.00599     -0.03328      0.03470
RU      0.25696     -0.00505      0.25696      0.00026      0.01530      0.00026
RU     -0.00729      0.25502      0.25697      0.03470     -0.03328     -0.00599
FE     -0.00476     -0.00239      0.50552     -0.01928     -0.02880      0.00740
FE      0.25495      0.25282      0.50538      0.00468     -0.00918     -0.00191
FE      0.25501     -0.00227      0.74456     -0.00155     -0.04677      0.00670
FE     -0.00452      0.25286      0.74447     -0.04799     -0.01108      0.01058
FE     -0.00208      0.50385     -0.00208     -0.00479      0.00565     -0.00479
FE      0.25248      0.74594     -0.00198     -0.03058      0.03467     -0.01597
FE      0.25231      0.50365      0.25231     -0.01008      0.00317     -0.01008
FE     -0.00198      0.74594      0.25248     -0.01597      0.03467     -0.03058
FE     -0.00088      0.50329      0.50258     -0.01238      0.02780     -0.00889
FE      0.25103      0.74635      0.50249      0.00987     -0.00716      0.00889
FE      0.25116      0.50335      0.74725     -0.00322      0.04927      0.00851
FE     -0.00082      0.74634      0.74721     -0.01651     -0.02082      0.01029
FE      0.50552     -0.00239     -0.00476      0.00740     -0.02880     -0.01928
FE      0.74447      0.25286     -0.00452      0.01058     -0.01108     -0.04799
FE      0.74456     -0.00227      0.25501      0.00670     -0.04677     -0.00155
FE      0.50538      0.25282      0.25495     -0.00191     -0.00918      0.00468
FE      0.50500     -0.00068      0.50500     -0.01564     -0.04668     -0.01564
FE      0.74487      0.25116      0.50503      0.00832      0.00732      0.00509
FE      0.74489     -0.00063      0.74489     -0.01792     -0.04162     -0.01792
FE      0.50503      0.25116      0.74487      0.00509      0.00732      0.00832
FE      0.50258      0.50329     -0.00088     -0.00889      0.02780     -0.01238
FE      0.74721      0.74634     -0.00082      0.01029     -0.02082     -0.01651
FE      0.74725      0.50335      0.25116      0.00851      0.04927     -0.00322
FE      0.50249      0.74635      0.25103      0.00889     -0.00716      0.00987
FE      0.50090      0.50085      0.50090      0.01379      0.04847      0.01379
FE      0.74900      0.74882      0.50092     -0.00851     -0.00532      0.01507
FE      0.74892      0.50087      0.74892      0.00599      0.04641      0.00599
FE      0.50092      0.74882      0.74900      0.01507     -0.00532     -0.00851
