/* Converted from PWscf output file */ 
#L_UNITS ang 
#E_UNITS eV 
#S_UNITS GPA 
#F_UNITS EV/ANG 
#ALAT 	  13.70722     // a0 
#X 	   1.00000     0.00000     0.00000     // X 
#Y 	   0.00000     1.05250    -0.00009     // Y 
#Z 	   0.00000    -0.00008     1.00011     // Z 
#SX 	  -0.40105     0.00000    -0.00000     // SX 
#SY 	   0.00000     0.35861    -0.00788     // SY 
#SZ 	  -0.00000    -0.00788    -0.35496     // SZ 
#EPA 	  -4.28535     // Energy per Atom 
#C 	1 1 1 
#W 	1.0 
#RCUT 	6.5        // Rcut 
RU      0.06250      0.06060      0.06427      0.00043     -0.28030      0.22793
FE      0.19045      0.18857      0.06448      0.48409      0.18520      0.33941
FE      0.18962      0.06244      0.18970      0.39089     -0.01721      0.40403
FE      0.06248      0.18864      0.18881     -0.00444      0.21017      0.22418
FE      0.06249      0.06248      0.31274     -0.00264     -0.00461      0.04950
FE      0.18759      0.18753      0.31255      0.02362      0.01412      0.01546
FE      0.18757      0.06251      0.43732      0.02027      0.00616     -0.03863
FE      0.06249      0.18759      0.43741     -0.00270      0.02696     -0.02172
FE      0.06249      0.06360      0.56148     -0.00255      0.19998     -0.17377
FE      0.18753      0.18754      0.56252      0.01025      0.01331      0.00016
FE      0.18858      0.06356      0.68747      0.19230      0.18871     -0.01469
FE      0.06249      0.18763      0.68727     -0.00268      0.03294     -0.04754
FE      0.06248      0.06248      0.81221     -0.00307     -0.00195     -0.04951
FE      0.18966      0.18758      0.81032      0.40058      0.02634     -0.39852
FE      0.19049      0.06144      0.93565      0.49816     -0.17585     -0.30592
RU      0.06250      0.18953      0.93583      0.00043      0.31783     -0.19468
FE      0.06249      0.31366      0.06351     -0.00173      0.21996      0.17584
FE      0.18752      0.43754      0.06251      0.00865      0.01159      0.00449
FE      0.18761      0.31253      0.18766      0.02753      0.01527      0.04145
FE      0.06249      0.43759      0.18758     -0.00276      0.02413      0.02190
FE      0.06249      0.31255      0.31257     -0.00265      0.02018      0.01884
FE      0.18753      0.43753      0.31251      0.00634      0.00924      0.00519
FE      0.18752      0.31249      0.43748      0.00510      0.00212     -0.00169
FE      0.06249      0.43750      0.43750     -0.00267      0.00097      0.00037
FE      0.06249      0.31247      0.56252     -0.00269     -0.00326      0.00114
FE      0.18751      0.43751      0.56250      0.00285      0.00328     -0.00315
FE      0.18758      0.31250      0.68739      0.02225      0.00771     -0.03242
FE      0.06249      0.43758      0.68745     -0.00272      0.02741     -0.02014
FE      0.06249      0.31393      0.81111     -0.00250      0.28718     -0.25923
FE      0.18755      0.43757      0.81242      0.01311      0.02127     -0.01902
FE      0.18858      0.31365      0.93751      0.19159      0.21991     -0.00082
FE      0.06249      0.43759      0.93753     -0.00272      0.02393      0.00597
FE      0.06249      0.56249      0.06245     -0.00270     -0.00383     -0.00858
FE      0.18750      0.68753      0.06248      0.00056      0.00449     -0.00159
FE      0.18752      0.56250      0.18754      0.00323      0.00196      0.00789
FE      0.06249      0.68752      0.18749     -0.00270      0.00485     -0.00007
FE      0.06249      0.56248      0.31248     -0.00269     -0.00328     -0.00256
FE      0.18753      0.68751      0.31251      0.00632     -0.00192      0.00159
FE      0.18753      0.56246      0.43749      0.00488     -0.00915     -0.00342
FE      0.06249      0.68745      0.43741     -0.00261     -0.01685     -0.02152
FE      0.06249      0.56247      0.56252     -0.00265     -0.00461      0.00259
FE      0.18754      0.68750      0.56246      0.01128     -0.00537     -0.01045
FE      0.18751      0.56250      0.68749      0.00210      0.00264     -0.00352
FE      0.06249      0.68744      0.68753     -0.00269     -0.01800      0.00461
FE      0.06249      0.56249      0.81249     -0.00269     -0.00288     -0.00276
FE      0.18754      0.68748      0.81249      0.01067     -0.01091     -0.00030
FE      0.18750      0.56246      0.93755      0.00079     -0.01004      0.00936
FE      0.06249      0.68744      0.93762     -0.00271     -0.01652      0.02776
FE      0.06249      0.81241      0.06245     -0.00273     -0.02653     -0.00774
FE      0.18856      0.93638      0.06245      0.18804     -0.21249     -0.00416
FE      0.18755      0.81243      0.18757      0.01366     -0.02111      0.01792
FE      0.06249      0.93607      0.18886     -0.00250     -0.28735      0.25382
FE      0.06249      0.81242      0.31257     -0.00271     -0.02842      0.02204
FE      0.18759      0.93750      0.31268      0.02485     -0.00869      0.04453
FE      0.18759      0.81247      0.43739      0.02201     -0.01276     -0.02495
FE      0.06249      0.93752      0.43724     -0.00264      0.00158     -0.04826
FE      0.06248      0.81138      0.56147     -0.00416     -0.20913     -0.18087
FE      0.18953      0.93753      0.56046      0.36159      0.00412     -0.36468
FE      0.18855      0.81136      0.68749      0.18037     -0.21383     -0.00391
RU      0.06250      0.93735      0.68741      0.00052     -0.04292     -0.03012
FE      0.06248      0.81131      0.81345     -0.00286     -0.22593      0.15310
FE      0.18961      0.93748      0.81435      0.38468     -0.01476      0.31939
FE      0.18759      0.81244      0.93761      0.02582     -0.02121      0.02457
FE      0.06249      0.93630      0.93675     -0.00183     -0.22407     -0.12308
FE      0.31288      0.06247      0.06257      0.08024     -0.00940      0.01997
FE      0.43742      0.18752      0.06247     -0.01284      0.00509     -0.00401
FE      0.43745      0.06247      0.18753     -0.00391     -0.00747      0.00997
FE      0.31289      0.18753      0.18787      0.09641      0.00978      0.09344
FE      0.31285      0.06248      0.31280      0.09287     -0.00299      0.07870
FE      0.43752      0.18753      0.31252      0.01557      0.00630      0.01263
FE      0.43752      0.06250      0.43750      0.01404      0.00045      0.00315
FE      0.31252      0.18752      0.43752      0.00729      0.00589      0.00666
FE      0.31264      0.06250      0.56240      0.03425      0.00403     -0.02668
FE      0.43751      0.18750      0.56247      0.01028      0.00226     -0.01159
FE      0.43751      0.06247      0.68749      0.01399     -0.00414     -0.01152
FE      0.31290      0.18760      0.68720      0.10567      0.02752     -0.08254
FE      0.31301      0.06249      0.81219      0.12543     -0.00134     -0.07563
FE      0.43746      0.18752      0.81248     -0.00027      0.00612     -0.00857
FE      0.43743      0.06249      0.93755     -0.00632     -0.00232      0.00984
FE      0.31287      0.18754      0.93745      0.07543      0.01233     -0.01279
FE      0.31268      0.31258      0.06255      0.04505      0.02649      0.01495
FE      0.43749      0.43749      0.06249      0.00185      0.00168     -0.00212
FE      0.43752      0.31248      0.18754      0.00999     -0.00146      0.01104
FE      0.31252      0.43754      0.18753      0.00627      0.00910      0.00601
FE      0.31252      0.31249      0.31250      0.00667     -0.00035      0.00490
FE      0.43751      0.43752      0.31248      0.00158      0.00454     -0.00333
FE      0.43750      0.31248      0.43751      0.00017     -0.00407      0.00157
FE      0.31249      0.43751      0.43751     -0.00250      0.00273      0.00255
FE      0.31253      0.31250      0.56247      0.01022      0.00279     -0.00974
FE      0.43750      0.43752      0.56249      0.00142      0.00300     -0.00243
FE      0.43750      0.31248      0.68750      0.00547     -0.00257     -0.00318
FE      0.31249      0.43752      0.68751     -0.00024      0.00465      0.00079
FE      0.31264      0.31252      0.81242      0.03537      0.01140     -0.02158
FE      0.43751      0.43751      0.81248      0.00424      0.00410     -0.00405
FE      0.43749      0.31248      0.93751      0.00288     -0.00017      0.00164
FE      0.31260      0.43762      0.93751      0.02705      0.03378      0.00195
FE      0.31251      0.56250      0.06249      0.00345      0.00144     -0.00160
FE      0.43749      0.68753      0.06248     -0.00050      0.00520     -0.00349
FE      0.43751      0.56249      0.18752      0.00242     -0.00226      0.00357
FE      0.31251      0.68750      0.18752      0.00338     -0.00087      0.00419
FE      0.31249      0.56248      0.31249     -0.00199     -0.00333     -0.00245
FE      0.43750      0.68751      0.31249      0.00151      0.00269     -0.00178
FE      0.43751      0.56248      0.43751      0.00196     -0.00484      0.00224
FE      0.31250      0.68752      0.43750      0.00067      0.00253      0.00045
FE      0.31252      0.56246      0.56248      0.00474     -0.00817     -0.00405
FE      0.43751      0.68753      0.56248      0.00358      0.00406     -0.00390
FE      0.43749      0.56250      0.68751      0.00015     -0.00098      0.00284
FE      0.31257      0.68744      0.68752      0.01877     -0.01940      0.00246
FE      0.31254      0.56248      0.81249      0.00962     -0.00312     -0.00288
FE      0.43751      0.68752      0.81249      0.00453      0.00276     -0.00222
FE      0.43749      0.56246      0.93751      0.00039     -0.00619      0.00276
FE      0.31252      0.68750      0.93751      0.00538     -0.00269      0.00348
FE      0.31262      0.81237      0.06250      0.03362     -0.03606      0.00364
FE      0.43750      0.93752      0.06249      0.01015      0.00081      0.00577
FE      0.43750      0.81250      0.18752      0.00263     -0.00246      0.00446
FE      0.31262      0.93750      0.18759      0.03141     -0.00683      0.02300
FE      0.31252      0.81247      0.31248      0.00691     -0.00694     -0.00644
FE      0.43752      0.93751      0.31250      0.01497      0.00051     -0.00427
FE      0.43751      0.81248      0.43749      0.00682     -0.00539     -0.00497
FE      0.31282      0.93752      0.43721      0.08221      0.00258     -0.07014
FE      0.31261      0.81246      0.56242      0.02716     -0.01263     -0.02093
FE      0.43743      0.93752      0.56250     -0.01110      0.00447     -0.00194
FE      0.43749      0.81248      0.68752     -0.00054     -0.00624      0.00348
FE      0.31278      0.93751      0.68750      0.05567      0.00069     -0.00443
FE      0.31264      0.81244      0.81254      0.03381     -0.01772      0.01201
FE      0.43746      0.93752      0.81245     -0.00041      0.00057     -0.01110
FE      0.43750      0.81250      0.93753      0.00777     -0.00407      0.00875
FE      0.31299      0.93742      0.93776      0.12172     -0.02614      0.06184
FE      0.56249      0.06247      0.06247     -0.00269     -0.00583     -0.00448
FE      0.68761      0.18752      0.06247      0.01873      0.00519     -0.00409
FE      0.68758      0.06247      0.18753      0.00980     -0.00755      0.01004
FE      0.56249      0.18753      0.18752     -0.00270      0.00654      0.00367
FE      0.56249      0.06248      0.31249     -0.00269     -0.00355     -0.00134
FE      0.68751      0.18753      0.31252     -0.00970      0.00634      0.01261
FE      0.68751      0.06250      0.43750     -0.00823      0.00042      0.00319
FE      0.56249      0.18750      0.43751     -0.00268      0.00090      0.00065
FE      0.56249      0.06249      0.56250     -0.00268     -0.00157      0.00015
FE      0.68752      0.18750      0.56247     -0.00446      0.00230     -0.01163
FE      0.68752      0.06247      0.68749     -0.00811     -0.00419     -0.01149
FE      0.56249      0.18751      0.68751     -0.00269      0.00103      0.00295
FE      0.56249      0.06248      0.81248     -0.00269     -0.00365     -0.00448
FE      0.68757      0.18752      0.81248      0.00612      0.00621     -0.00864
FE      0.68760      0.06249      0.93755      0.01221     -0.00241      0.00992
FE      0.56249      0.18751      0.93752     -0.00268      0.00295      0.00267
FE      0.56249      0.31247      0.06248     -0.00269     -0.00475     -0.00402
FE      0.68754      0.43749      0.06249      0.00396      0.00171     -0.00213
FE      0.68751      0.31248      0.18754     -0.00410     -0.00147      0.01106
FE      0.56249      0.43751      0.18751     -0.00267      0.00220      0.00224
FE      0.56249      0.31247      0.31248     -0.00268     -0.00713     -0.00421
FE      0.68752      0.43752      0.31248      0.00429      0.00454     -0.00335
FE      0.68753      0.31248      0.43751      0.00567     -0.00409      0.00159
FE      0.56249      0.43753      0.43751     -0.00269      0.00519      0.00111
FE      0.56249      0.31249      0.56249     -0.00267     -0.00293     -0.00081
FE      0.68753      0.43752      0.56249      0.00445      0.00301     -0.00244
FE      0.68753      0.31248      0.68750      0.00039     -0.00260     -0.00315
FE      0.56249      0.43751      0.68752     -0.00269      0.00149      0.00361
FE      0.56249      0.31248      0.81249     -0.00268     -0.00449     -0.00244
FE      0.68752      0.43751      0.81248      0.00160      0.00411     -0.00407
FE      0.68754      0.31248      0.93751      0.00300     -0.00020      0.00167
FE      0.56249      0.43751      0.93752     -0.00269      0.00230      0.00434
FE      0.56249      0.56249      0.06248     -0.00268     -0.00260     -0.00351
FE      0.68754      0.68753      0.06248      0.00637      0.00523     -0.00351
FE      0.68752      0.56249      0.18752      0.00345     -0.00228      0.00358
FE      0.56249      0.68750      0.18752     -0.00267      0.00129      0.00357
FE      0.56249      0.56248      0.31249     -0.00268     -0.00366     -0.00178
FE      0.68752      0.68751      0.31249      0.00433      0.00270     -0.00180
FE      0.68752      0.56248      0.43751      0.00393     -0.00482      0.00223
FE      0.56249      0.68753      0.43751     -0.00269      0.00556      0.00240
FE      0.56249      0.56248      0.56249     -0.00269     -0.00406     -0.00190
FE      0.68752      0.68753      0.56248      0.00230      0.00408     -0.00392
FE      0.68754      0.56250      0.68751      0.00567     -0.00100      0.00286
FE      0.56249      0.68753      0.68751     -0.00270      0.00540      0.00221
FE      0.56249      0.56248      0.81248     -0.00269     -0.00361     -0.00396
FE      0.68752      0.68752      0.81249      0.00134      0.00277     -0.00223
FE      0.68754      0.56246      0.93751      0.00549     -0.00622      0.00279
FE      0.56249      0.68752      0.93751     -0.00269      0.00469      0.00272
FE      0.56249      0.81249      0.06248     -0.00268     -0.00068     -0.00503
FE      0.68753      0.93752      0.06249     -0.00427      0.00086      0.00574
FE      0.68753      0.81250      0.18752      0.00320     -0.00248      0.00448
FE      0.56249      0.93752      0.18751     -0.00269      0.00426      0.00194
FE      0.56249      0.81250      0.31249     -0.00267      0.00012     -0.00214
FE      0.68751      0.93751      0.31250     -0.00916      0.00054     -0.00431
FE      0.68752      0.81248      0.43749     -0.00096     -0.00541     -0.00494
FE      0.56249      0.93751      0.43750     -0.00269      0.00256      0.00015
FE      0.56249      0.81247      0.56249     -0.00268     -0.00562     -0.00155
FE      0.68759      0.93752      0.56250      0.01695      0.00455     -0.00202
FE      0.68754      0.81248      0.68752      0.00641     -0.00627      0.00351
FE      0.56249      0.93753      0.68752     -0.00270      0.00620      0.00468
FE      0.56249      0.81249      0.81248     -0.00268     -0.00263     -0.00277
FE      0.68757      0.93752      0.81245      0.00632      0.00065     -0.01117
FE      0.68753      0.81250      0.93753     -0.00193     -0.00410      0.00877
FE      0.56249      0.93752      0.93753     -0.00271      0.00413      0.00461
FE      0.81209      0.06247      0.06256     -0.08572     -0.00984      0.01959
FE      0.93456      0.18857      0.06449     -0.48645      0.18396      0.34054
FE      0.93540      0.06245      0.18970     -0.38827     -0.01451      0.40342
FE      0.81208      0.18753      0.18787     -0.10203      0.01017      0.09371
FE      0.81212      0.06248      0.31280     -0.09786     -0.00328      0.07834
FE      0.93744      0.18753      0.31255     -0.01788      0.01412      0.01563
FE      0.93746      0.06251      0.43732     -0.01462      0.00619     -0.03868
FE      0.81245      0.18752      0.43752     -0.01265      0.00591      0.00668
FE      0.81234      0.06250      0.56240     -0.03965      0.00387     -0.02679
FE      0.93750      0.18754      0.56252     -0.00448      0.01335      0.00010
FE      0.93644      0.06356      0.68746     -0.18894      0.18969     -0.01566
FE      0.81207      0.18760      0.68720     -0.11076      0.02784     -0.08212
FE      0.81196      0.06249      0.81219     -0.13092     -0.00184     -0.07603
FE      0.93537      0.18757      0.81032     -0.39806      0.02363     -0.39784
FE      0.93452      0.06145      0.93564     -0.50062     -0.17456     -0.30716
FE      0.81210      0.18754      0.93745     -0.08093      0.01276     -0.01244
FE      0.81229      0.31258      0.06255     -0.05026      0.02627      0.01477
FE      0.93751      0.43754      0.06251     -0.00282      0.01159      0.00454
FE      0.93742      0.31253      0.18766     -0.02164      0.01542      0.04143
FE      0.81245      0.43754      0.18753     -0.01166      0.00914      0.00603
FE      0.81245      0.31249      0.31250     -0.01201     -0.00037      0.00486
FE      0.93749      0.43753      0.31251     -0.00051      0.00922      0.00521
FE      0.93750      0.31249      0.43748      0.00072      0.00214     -0.00170
FE      0.81249      0.43751      0.43751     -0.00285      0.00273      0.00256
FE      0.81244      0.31250      0.56247     -0.01555      0.00275     -0.00977
FE      0.93751      0.43751      0.56250      0.00296      0.00328     -0.00315
FE      0.93745      0.31250      0.68739     -0.01648      0.00776     -0.03248
FE      0.81248      0.43752      0.68751     -0.00511      0.00467      0.00080
FE      0.81234      0.31252      0.81242     -0.04074      0.01123     -0.02170
FE      0.93748      0.43757      0.81242     -0.00722      0.02128     -0.01906
FE      0.93644      0.31365      0.93750     -0.18826      0.22092     -0.00169
FE      0.81238      0.43763      0.93751     -0.03251      0.03386      0.00202
FE      0.81246      0.56250      0.06249     -0.00878      0.00142     -0.00160
FE      0.93753      0.68753      0.06248      0.00533      0.00450     -0.00160
FE      0.93751      0.56250      0.18754      0.00261      0.00198      0.00789
FE      0.81246      0.68750      0.18752     -0.00873     -0.00086      0.00419
FE      0.81248      0.56248      0.31249     -0.00337     -0.00333     -0.00246
FE      0.93750      0.68751      0.31251     -0.00050     -0.00194      0.00161
FE      0.93750      0.56246      0.43749      0.00096     -0.00914     -0.00343
FE      0.81247      0.68752      0.43750     -0.00602      0.00255      0.00048
FE      0.81245      0.56246      0.56248     -0.01010     -0.00821     -0.00408
FE      0.93749      0.68750      0.56246     -0.00551     -0.00545     -0.01046
FE      0.93752      0.56250      0.68749      0.00368      0.00264     -0.00346
FE      0.81240      0.68744      0.68752     -0.02401     -0.01927      0.00253
FE      0.81243      0.56248      0.81249     -0.01496     -0.00316     -0.00292
FE      0.93749      0.68748      0.81249     -0.00490     -0.01094     -0.00030
FE      0.93753      0.56246      0.93755      0.00511     -0.01005      0.00938
FE      0.81245      0.68750      0.93751     -0.01072     -0.00267      0.00349
FE      0.81235      0.81237      0.06250     -0.03909     -0.03615      0.00354
FE      0.93646      0.93638      0.06246     -0.18463     -0.21350     -0.00329
FE      0.93748      0.81243      0.18757     -0.00776     -0.02110      0.01796
FE      0.81235      0.93750      0.18759     -0.03683     -0.00667      0.02311
FE      0.81245      0.81247      0.31248     -0.01225     -0.00696     -0.00646
FE      0.93744      0.93750      0.31268     -0.01919     -0.00875      0.04459
FE      0.93744      0.81247      0.43739     -0.01632     -0.01273     -0.02513
FE      0.81215      0.93752      0.43721     -0.08721      0.00286     -0.06979
FE      0.81236      0.81246      0.56242     -0.03264     -0.01276     -0.02103
FE      0.93549      0.93752      0.56046     -0.35875      0.00147     -0.36391
FE      0.93648      0.81136      0.68749     -0.17468     -0.21279     -0.00533
FE      0.81219      0.93751      0.68750     -0.06121      0.00099     -0.00416
FE      0.81233      0.81244      0.81254     -0.03917     -0.01788      0.01185
FE      0.93541      0.93748      0.81436     -0.38367     -0.01622      0.32037
FE      0.93744      0.81244      0.93761     -0.01988     -0.02122      0.02456
FE      0.81199      0.93742      0.93776     -0.12704     -0.02565      0.06221
