/* Converted from PWscf output file */ 
#L_UNITS ang 
#E_UNITS eV 
#S_UNITS GPA 
#F_UNITS EV/ANG 
#ALAT 	  13.72818     // a0 
#X 	   1.00000    -0.00000     0.00000     // X 
#Y 	  -0.00000     1.05183     0.00001     // Y 
#Z 	   0.00000     0.00000     0.99999     // Z 
#SX 	   2.05702    -0.00029     0.00044     // SX 
#SY 	  -0.00029     2.16552     0.00277     // SY 
#SZ 	   0.00044     0.00277     2.05381     // SZ 
#EPA 	  -4.29937     // Energy per Atom 
#C 	1 1 1 
#W 	1.0 
#RCUT 	6.5        // Rcut 
RU      0.06250      0.06249      0.06250      0.00142     -0.00456     -0.00022
FE      0.18795      0.18797      0.06250      0.29845      0.33019     -0.00257
FE      0.18835      0.06249      0.18834      0.56589     -0.00645      0.55941
FE      0.06250      0.18797      0.18795      0.00192      0.33015      0.29922
FE      0.06254      0.06249      0.31258      0.02364     -0.00819      0.05299
FE      0.18753      0.18749      0.31253      0.01838     -0.00623      0.02182
FE      0.18749      0.06248      0.43748     -0.00536     -0.01135     -0.01621
FE      0.06252      0.18752      0.43749      0.01408      0.01626     -0.00594
FE      0.06254      0.06250      0.56251      0.02585     -0.00282      0.00768
FE      0.18746      0.18750      0.56248     -0.02513      0.00052     -0.01345
FE      0.18748      0.06248      0.68754     -0.01610     -0.01725      0.02588
FE      0.06251      0.18750      0.68751      0.00802     -0.00112      0.00551
FE      0.06250      0.06250      0.81239      0.00028      0.00283     -0.07172
FE      0.18749      0.18750      0.81247     -0.00367      0.00142     -0.02113
FE      0.18834      0.06249      0.93667      0.56171     -0.00522     -0.55370
FE      0.06249      0.18797      0.93708     -0.00816      0.32997     -0.28212
FE      0.06251      0.31252      0.06249      0.00653      0.01461     -0.00925
FE      0.18753      0.43751      0.06251      0.02084      0.00492      0.00586
FE      0.18751      0.31249      0.18751      0.00666     -0.00355      0.00615
FE      0.06251      0.43750      0.18753      0.00990      0.00128      0.02318
FE      0.06252      0.31253      0.31252      0.01105      0.01816      0.01207
FE      0.18752      0.43752      0.31250      0.01246      0.01590      0.00121
FE      0.18741      0.31248      0.43741     -0.06200     -0.01377     -0.05897
FE      0.06249      0.43750      0.43749     -0.00401     -0.00080     -0.00525
FE      0.06254      0.31250      0.56251      0.02363      0.00179      0.00780
FE      0.18747      0.43751      0.56248     -0.01812      0.00491     -0.01174
FE      0.18740      0.31249      0.68751     -0.06329     -0.00790      0.00570
FE      0.06252      0.43749      0.68747      0.01629     -0.00352     -0.01680
FE      0.06253      0.31251      0.81246      0.01987      0.00913     -0.02648
FE      0.18751      0.43752      0.81248      0.00685      0.01075     -0.01025
FE      0.18744      0.31247      0.93759     -0.04059     -0.02067      0.06264
FE      0.06294      0.43704      0.93752      0.29099     -0.32144      0.01365
FE      0.06334      0.56250      0.06334      0.55993     -0.00192      0.55640
FE      0.18754      0.68751      0.06251      0.02334      0.00371      0.00663
FE      0.18760      0.56250      0.18759      0.06526     -0.00316      0.06037
FE      0.06252      0.68751      0.18754      0.01189      0.00612      0.02359
FE      0.06250      0.56249      0.31246     -0.00057     -0.00705     -0.02598
FE      0.18752      0.68751      0.31250      0.01309      0.00852     -0.00130
FE      0.18750      0.56251      0.43750      0.00090      0.00416      0.00293
FE      0.06251      0.68750      0.43749      0.00936     -0.00270     -0.00568
FE      0.06250      0.56248      0.56253      0.00094     -0.01235      0.01676
FE      0.18750      0.68752      0.56250      0.00100      0.01266      0.00082
FE      0.18758      0.56251      0.68741      0.05237      0.00756     -0.05770
FE      0.06253      0.68751      0.68748      0.01743      0.00808     -0.01475
FE      0.06334      0.56248      0.81166      0.56071     -0.01205     -0.56145
FE      0.18754      0.68751      0.81247      0.02568      0.00585     -0.02168
FE      0.18760      0.56249      0.93751      0.06946     -0.00637      0.00941
FE      0.06293      0.68798      0.93752      0.28743      0.33719      0.01175
FE      0.06250      0.81246      0.06250      0.00219     -0.02482     -0.00047
FE      0.18795      0.93705      0.06250      0.29586     -0.31772      0.00218
FE      0.18754      0.81249      0.18751      0.02371     -0.00724      0.00965
FE      0.06259      0.93704      0.18786      0.06279     -0.31955      0.24172
FE      0.06254      0.81247      0.31249      0.02389     -0.02403     -0.00518
FE      0.18751      0.93750      0.31254      0.00386      0.00186      0.02664
FE      0.18753      0.81250      0.43749      0.01766      0.00032     -0.00367
FE      0.06260      0.93751      0.43749      0.06775      0.00761     -0.00652
FE      0.06254      0.81249      0.56252      0.02525     -0.00784      0.01275
FE      0.18747      0.93750      0.56249     -0.02049      0.00221     -0.00694
FE      0.18752      0.81250      0.68750      0.01254     -0.00296      0.00097
FE      0.06260      0.93752      0.68760      0.06649      0.01616      0.06435
FE      0.06250      0.81247      0.81247      0.00287     -0.01967     -0.02217
FE      0.18752      0.93750      0.81244      0.01030      0.00190     -0.03717
FE      0.18754      0.81252      0.93751      0.02751      0.01128      0.00834
FE      0.06249      0.93703      0.93707     -0.00715     -0.32684     -0.28481
FE      0.31259      0.06249      0.06249      0.06089     -0.00411     -0.00610
FE      0.43749      0.18751      0.06248     -0.00471      0.01042     -0.01477
FE      0.43748      0.06250      0.18749     -0.01595     -0.00263     -0.00559
FE      0.31253      0.18751      0.18752      0.01667      0.00808      0.01585
FE      0.31256      0.06252      0.31259      0.04067      0.01339      0.06182
FE      0.43752      0.18751      0.31251      0.01010      0.00543      0.00390
FE      0.43750      0.06247      0.43748      0.00086     -0.02228     -0.01588
FE      0.31247      0.18751      0.43747     -0.02087      0.00958     -0.02161
FE      0.31249      0.06249      0.56249     -0.00748     -0.00654     -0.00590
FE      0.43750      0.18704      0.56207      0.00296     -0.32318     -0.28521
FE      0.43750      0.06246      0.68751     -0.00251     -0.02832      0.00936
FE      0.31206      0.18704      0.68751     -0.29363     -0.32461      0.00376
FE      0.31258      0.06249      0.81240      0.05424     -0.00916     -0.06452
FE      0.43750      0.18704      0.81292      0.00286     -0.32070      0.28185
FE      0.43748      0.06246      0.93754     -0.01631     -0.02592      0.02580
FE      0.31250      0.18752      0.93753      0.00132      0.01535      0.01771
FE      0.31252      0.31252      0.06247      0.01217      0.01235     -0.02086
FE      0.43749      0.43749      0.06247     -0.00521     -0.00856     -0.01865
FE      0.43751      0.31249      0.18751      0.00353     -0.00706      0.00579
FE      0.31249      0.43751      0.18751     -0.00448      0.00391      0.00576
FE      0.31250      0.31249      0.31252      0.00144     -0.00640      0.01550
FE      0.43751      0.43751      0.31250      0.00937      0.00502      0.00202
FE      0.43752      0.31248      0.43740      0.01056     -0.01304     -0.06976
FE      0.31246      0.43750      0.43747     -0.02335      0.00319     -0.02015
FE      0.31165      0.31249      0.56165     -0.56688     -0.00764     -0.56292
FE      0.43750      0.43797      0.56207      0.00137      0.33065     -0.28574
RU      0.43750      0.31251      0.68750     -0.00324      0.00508      0.00277
FE      0.31205      0.43798      0.68750     -0.29739      0.33269      0.00167
FE      0.31165      0.31249      0.81333     -0.56707     -0.00366      0.55218
FE      0.43750      0.43798      0.81293      0.00315      0.33276      0.28739
FE      0.43750      0.31249      0.93761      0.00052     -0.00834      0.07292
FE      0.31247      0.43752      0.93754     -0.01883      0.01273      0.02785
FE      0.31246      0.56249      0.06248     -0.02791     -0.00743     -0.01197
FE      0.43748      0.68750      0.06245     -0.01447      0.00288     -0.03639
FE      0.43750      0.56249      0.18750      0.00138     -0.00730      0.00294
FE      0.31246      0.68751      0.18750     -0.02637      0.00381     -0.00228
FE      0.31246      0.56246      0.31249     -0.02744     -0.02468     -0.00939
FE      0.43707      0.68703      0.31250     -0.28318     -0.32698     -0.00013
FE      0.43751      0.56252      0.43749      0.00762      0.01552     -0.00880
FE      0.31245      0.68751      0.43751     -0.03262      0.00821      0.00981
FE      0.31248      0.56249      0.56251     -0.01444     -0.00478      0.00346
FE      0.43749      0.68751      0.56255     -0.00746      0.00668      0.03075
FE      0.43750      0.56253      0.68750      0.00271      0.01833      0.00011
FE      0.31250      0.68751      0.68750     -0.00284      0.00579     -0.00175
FE      0.31246      0.56250      0.81250     -0.02577     -0.00198      0.00305
FE      0.43751      0.68750      0.81249      0.00637      0.00279     -0.00997
FE      0.43750      0.56252      0.93753      0.00253      0.01431      0.02036
FE      0.31248      0.68750      0.93751     -0.01095     -0.00211      0.00964
FE      0.31242      0.81247      0.06241     -0.05485     -0.02177     -0.06298
FE      0.43749      0.93752      0.06246     -0.00878      0.01532     -0.02784
FE      0.43666      0.81249      0.18666     -0.55688     -0.00355     -0.56056
FE      0.31249      0.93751      0.18750     -0.00631      0.00435      0.00312
FE      0.31239      0.81250      0.31250     -0.07491     -0.00276     -0.00052
FE      0.43710      0.93798      0.31251     -0.26745      0.33532      0.00872
FE      0.43667      0.81250      0.43834     -0.54993      0.00004      0.56129
FE      0.31245      0.93750      0.43751     -0.03044     -0.00091      0.00777
FE      0.31240      0.81250      0.56259     -0.06484     -0.00175      0.05890
FE      0.43751      0.93751      0.56254      0.00919      0.00675      0.02492
FE      0.43751      0.81249      0.68748      0.00919     -0.00881     -0.01095
FE      0.31250      0.93751      0.68751      0.00093      0.00588      0.00434
FE      0.31249      0.81249      0.81248     -0.00443     -0.00576     -0.01012
FE      0.43752      0.93751      0.81247      0.01037      0.00478     -0.02047
FE      0.43751      0.81250      0.93753      0.00608     -0.00011      0.02143
FE      0.31251      0.93749      0.93750      0.00997     -0.00548      0.00002
FE      0.56249      0.06252      0.06247     -0.00419      0.01415     -0.01751
FE      0.68751      0.18750      0.06249      0.00962     -0.00292     -0.00630
FE      0.68752      0.06250      0.18746      0.01279     -0.00229     -0.02962
FE      0.56249      0.18750      0.18751     -0.00623      0.00342      0.00673
FE      0.56246      0.06253      0.31248     -0.02751      0.01956     -0.01172
FE      0.68750      0.18751      0.31250     -0.00004      0.00515     -0.00140
FE      0.68708      0.06297      0.43750     -0.27661      0.32801     -0.00048
FE      0.56249      0.18752      0.43746     -0.00382      0.01688     -0.02885
FE      0.56246      0.06251      0.56253     -0.02523      0.00878      0.02179
FE      0.68755      0.18751      0.56249      0.02993      0.00768     -0.00753
FE      0.68752      0.06247      0.68755      0.01441     -0.02307      0.03397
FE      0.56293      0.18702      0.68750      0.28675     -0.33369     -0.00021
FE      0.56249      0.06249      0.81249     -0.00351     -0.00603     -0.00620
FE      0.68754      0.18750      0.81250      0.02507     -0.00183      0.00028
FE      0.68754      0.06249      0.93752      0.02990     -0.00881      0.01284
FE      0.56253      0.18750      0.93756      0.01681      0.00297      0.03783
FE      0.56249      0.31250      0.06247     -0.00567     -0.00204     -0.02011
FE      0.68748      0.43749      0.06250     -0.01068     -0.00563      0.00085
FE      0.68750      0.31249      0.18750      0.00171     -0.00370      0.00269
FE      0.56250      0.43751      0.18752     -0.00266      0.00490      0.01366
FE      0.56248      0.31250      0.31252     -0.01258     -0.00342      0.01118
FE      0.68750      0.43751      0.31250      0.00119      0.00577     -0.00075
FE      0.68761      0.31250      0.43741      0.07038     -0.00266     -0.06060
FE      0.56252      0.43751      0.43746      0.01159      0.00718     -0.02853
FE      0.56333      0.31250      0.56166      0.55238      0.00177     -0.56075
FE      0.68755      0.43750      0.56249      0.03246     -0.00090     -0.00985
FE      0.68761      0.31250      0.68751      0.07189      0.00110      0.00890
FE      0.56294      0.43798      0.68749      0.29074      0.33797     -0.00580
FE      0.56334      0.31250      0.81333      0.55953     -0.00259      0.55475
FE      0.68751      0.43751      0.81249      0.00430      0.00437     -0.00551
FE      0.68758      0.31247      0.93760      0.05407     -0.02290      0.06434
FE      0.56252      0.43752      0.93755      0.01560      0.01506      0.03532
FE      0.56253      0.56247      0.06246      0.01720     -0.02389     -0.02464
FE      0.68750      0.68752      0.06248     -0.00288      0.01595     -0.01454
FE      0.68741      0.56248      0.18759     -0.05717     -0.01160      0.05716
FE      0.56250      0.68704      0.18707     -0.00190     -0.32099     -0.28499
FE      0.56250      0.56245      0.31249     -0.00084     -0.03355     -0.00926
FE      0.68794      0.68703      0.31249      0.29178     -0.32646     -0.00915
FE      0.68752      0.56249      0.43751      0.01362     -0.00638      0.00376
FE      0.56248      0.68702      0.43793     -0.01275     -0.33428      0.28767
FE      0.56250      0.56247      0.56253      0.00093     -0.02417      0.01892
FE      0.68753      0.68751      0.56254      0.01856      0.01010      0.02423
FE      0.68743      0.56251      0.68742     -0.04345      0.00924     -0.05401
FE      0.56249      0.68751      0.68749     -0.00808      0.00972     -0.00366
FE      0.56253      0.56249      0.81250      0.01795     -0.00377      0.00136
FE      0.68747      0.68752      0.81247     -0.01834      0.01368     -0.01820
FE      0.68741      0.56250      0.93751     -0.06187     -0.00260      0.00777
FE      0.56251      0.68751      0.93752      0.00705      0.01038      0.01650
FE      0.56250      0.81249      0.06239     -0.00275     -0.00851     -0.07034
FE      0.68754      0.93752      0.06249      0.02373      0.01285     -0.00818
FE      0.68833      0.81250      0.18663      0.55240     -0.00310     -0.57856
FE      0.56241      0.93797      0.18698     -0.06108      0.33185     -0.34554
RU      0.56245      0.81250      0.31247     -0.03388     -0.00137     -0.01732
FE      0.68711      0.93795      0.31168     -0.26228      0.31480     -0.54479
FE      0.68791      0.81204      0.43832      0.27514     -0.31897      0.54778
FE      0.56239      0.93798      0.43793     -0.07127      0.33473      0.28889
FE      0.56246      0.81249      0.56262     -0.02949     -0.00643      0.08288
FE      0.68669      0.93750      0.56338     -0.53617      0.00275      0.58186
FE      0.68748      0.81249      0.68751     -0.01506     -0.00735      0.00976
FE      0.56240      0.93751      0.68759     -0.06901      0.00524      0.05730
FE      0.56249      0.81249      0.81249     -0.00563     -0.00823     -0.00926
FE      0.68751      0.93751      0.81246      0.00897      0.00405     -0.02724
FE      0.68748      0.81252      0.93753     -0.01030      0.01351      0.02208
FE      0.56251      0.93749      0.93753      0.00426     -0.00825      0.01904
FE      0.81239      0.06249      0.06250     -0.07069     -0.00983     -0.00247
FE      0.93707      0.18798      0.06249     -0.28717      0.33252     -0.00913
FE      0.93667      0.06248      0.18830     -0.54908     -0.01154      0.53456
FE      0.81246      0.18753      0.18751     -0.02824      0.02183      0.00554
FE      0.81241      0.06298      0.31215     -0.05655      0.33824     -0.23178
FE      0.93748      0.18751      0.31252     -0.01419      0.00677      0.01366
FE      0.93794      0.06296      0.43748      0.29353      0.31840     -0.01388
FE      0.81249      0.18754      0.43750     -0.00463      0.02840      0.00062
FE      0.81249      0.06297      0.56293     -0.00818      0.32574      0.28828
FE      0.93751      0.18752      0.56251      0.00752      0.01225      0.00841
FE      0.93753      0.06250      0.68757      0.01970     -0.00190      0.04867
FE      0.81248      0.18753      0.68752     -0.01654      0.01888      0.01404
FE      0.81240      0.06249      0.81240     -0.06651     -0.00557     -0.06836
FE      0.93749      0.18750      0.81246     -0.00866      0.00098     -0.02833
FE      0.93666      0.06250      0.93666     -0.56147     -0.00173     -0.55527
FE      0.81246      0.18751      0.93749     -0.02535      0.00396     -0.00510
FE      0.81246      0.31250      0.06250     -0.02845      0.00226     -0.00102
FE      0.93751      0.43703      0.06293      0.00915     -0.32596      0.28478
FE      0.93750      0.31248      0.18752      0.00255     -0.01453      0.01335
FE      0.81247      0.43750      0.18755     -0.01795      0.00197      0.03069
FE      0.81248      0.31250      0.31251     -0.01526     -0.00247      0.00767
FE      0.93749      0.43752      0.31250     -0.00751      0.01647     -0.00149
FE      0.93749      0.31249      0.43750     -0.00428     -0.00817      0.00032
FE      0.81250      0.43750      0.43750      0.00073      0.00192      0.00239
FE      0.81246      0.31250      0.56250     -0.02500     -0.00305     -0.00241
FE      0.93750      0.43751      0.56251      0.00018      0.00822      0.00415
FE      0.93751      0.31247      0.68750      0.00493     -0.01917     -0.00197
FE      0.81246      0.43750      0.68747     -0.02449      0.00176     -0.02270
FE      0.81246      0.31248      0.81247     -0.02676     -0.01271     -0.01946
FE      0.93750      0.43705      0.81204      0.00055     -0.31653     -0.30374
FE      0.93750      0.31247      0.93751      0.00193     -0.02328      0.00358
FE      0.81204      0.43704      0.93751     -0.30355     -0.31833      0.00527
FE      0.81165      0.56250      0.06334     -0.56315      0.00307      0.55983
FE      0.93751      0.68798      0.06293      0.00880      0.33473      0.28541
FE      0.93751      0.56250      0.18759      0.00513     -0.00266      0.06302
FE      0.81250      0.68748      0.18751      0.00159     -0.01444      0.00494
FE      0.81252      0.56248      0.31247      0.01319     -0.01711     -0.01686
FE      0.93749      0.68750      0.31249     -0.00414     -0.00061     -0.00617
FE      0.93749      0.56250      0.43751     -0.00644     -0.00264      0.00503
FE      0.81253      0.68748      0.43752      0.02183     -0.01638      0.01447
FE      0.81250      0.56249      0.56252     -0.00238     -0.00813      0.01042
FE      0.93750      0.68750      0.56251      0.00314      0.00069      0.00870
FE      0.93751      0.56248      0.68741      0.00378     -0.01274     -0.06032
FE      0.81247      0.68748      0.68749     -0.02136     -0.01662     -0.00921
FE      0.81165      0.56250      0.81164     -0.56815     -0.00118     -0.56911
FE      0.93750      0.68798      0.81204      0.00094      0.33449     -0.30476
RU      0.93750      0.56249      0.93751      0.00304     -0.00582      0.00609
FE      0.81205      0.68797      0.93751     -0.29950      0.32973      0.00392
FE      0.81256      0.81248      0.06242      0.03973     -0.01721     -0.05530
FE      0.93706      0.93704      0.06251     -0.29461     -0.32017      0.00695
FE      0.93749      0.81251      0.18750     -0.00605      0.00881     -0.00089
FE      0.81249      0.93751      0.18741     -0.00704      0.00998     -0.05926
FE      0.81260      0.81201      0.31205      0.06361     -0.34071     -0.29778
FE      0.93832      0.93750      0.31168      0.54610     -0.00303     -0.54316
FE      0.93791      0.81203      0.43750      0.27020     -0.32900     -0.00314
RU      0.81255      0.93751      0.43751      0.03259      0.00766      0.00848
FE      0.81258      0.81202      0.56302      0.05287     -0.33494      0.34706
FE      0.93835      0.93750      0.56335      0.56288     -0.00119      0.56791
FE      0.93751      0.81252      0.68752      0.00710      0.01314      0.01090
FE      0.81248      0.93752      0.68760     -0.01287      0.01583      0.06753
FE      0.81249      0.81250      0.81248     -0.00777     -0.00141     -0.01386
FE      0.93748      0.93750      0.81244     -0.01463      0.00144     -0.04279
FE      0.93749      0.81252      0.93752     -0.00758      0.01458      0.01023
FE      0.81247      0.93751      0.93749     -0.02130      0.00498     -0.00536
