/* Converted from PWscf output file */ 
#L_UNITS ang 
#E_UNITS eV 
#S_UNITS GPA 
#F_UNITS EV/ANG 
#ALAT 	  13.67994     // a0 
#X 	   1.00000     0.00000     0.00000     // X 
#Y 	   0.00000     1.05163     0.00000     // Y 
#Z 	   0.00000     0.00000     1.00000     // Z 
#SX 	  -1.88289    -0.00015    -0.00000     // SX 
#SY 	  -0.00015    -1.21758     0.00000     // SY 
#SZ 	  -0.00000     0.00000    -2.04097     // SZ 
#EPA 	  -3.75388     // Energy per Atom 
#C 	1 1 1 
#W 	1.0 
#RCUT 	6.5        // Rcut 
RU      0.06249      0.06249      0.31476     -0.00362     -0.00273     -1.60899
FE      0.18751      0.18751      0.31476      0.16867      0.16575     -0.08428
FE      0.18751      0.06249      0.43537      0.39796     -0.00708      0.47354
FE      0.06249      0.18751      0.43537      0.00929      0.23372      0.33894
FE      0.06249      0.06249      0.56463      0.00264     -0.00083      0.21092
FE      0.18751      0.18751      0.56463     -0.01137     -0.00758      0.03356
FE      0.18751      0.06249      0.68524      0.02959      0.00061     -0.03122
FE      0.06249      0.18751      0.68524      0.00116     -0.05389     -0.06884
FE      0.06249      0.31249      0.31476     -0.00021      0.03830     -0.08373
FE      0.18751      0.43751      0.31476      0.01482      0.00591     -0.07330
FE      0.18751      0.31249      0.43537     -0.03460      0.00480      0.08974
FE      0.06249      0.43751      0.43537      0.02898     -0.00836     -0.00831
FE      0.06249      0.31249      0.56463      0.00856      0.05083      0.01062
FE      0.18751      0.43751      0.56463     -0.07572      0.00786      0.08471
FE      0.18751      0.31249      0.68524     -0.00213      0.00362     -0.00963
FE      0.06249      0.43751      0.68524     -0.00571     -0.00673      0.00374
FE      0.06249      0.56249      0.31476     -0.00071     -0.00053      0.00432
FE      0.18751      0.68751      0.31476     -0.00568     -0.00746     -0.00666
FE      0.18751      0.56249      0.43537     -0.05530      0.01204      0.04271
FE      0.06249      0.68751      0.43537      0.00878      0.00730     -0.02062
FE      0.06249      0.56249      0.56463      0.00851     -0.00154     -0.00914
FE      0.18751      0.68751      0.56463     -0.00123     -0.00170      0.00639
FE      0.18751      0.56249      0.68524     -0.00056     -0.00259     -0.01424
FE      0.06249      0.68751      0.68524      0.00122      0.00684     -0.00797
FE      0.06249      0.81249      0.31476     -0.00225     -0.03545     -0.08242
FE      0.18751      0.93751      0.31476      0.17585     -0.16450     -0.07636
FE      0.18751      0.81249      0.43537      0.01781     -0.01405      0.05250
FE      0.06249      0.93751      0.43537     -0.00268     -0.22923      0.34086
FE      0.06249      0.81249      0.56463      0.00289     -0.05451      0.01430
FE      0.18751      0.93751      0.56463     -0.00910      0.00582      0.03148
FE      0.18751      0.81249      0.68524      0.00003     -0.00270      0.00062
FE      0.06249      0.93751      0.68524     -0.00039      0.05502     -0.07008
FE      0.31249      0.06249      0.31476     -0.01480     -0.00576     -0.07319
FE      0.43751      0.18751      0.31476      0.00022     -0.03833     -0.08361
FE      0.43751      0.06249      0.43537     -0.02900      0.00838     -0.00843
FE      0.31249      0.18751      0.43537      0.03460     -0.00480      0.08952
FE      0.31249      0.06249      0.56463      0.07572     -0.00794      0.08433
FE      0.43751      0.18751      0.56463     -0.00854     -0.05079      0.01027
FE      0.43751      0.06249      0.68524      0.00569      0.00649      0.00382
FE      0.31249      0.18751      0.68524      0.00211     -0.00336     -0.00946
FE      0.31249      0.31249      0.31476     -0.16875     -0.16589     -0.08434
RU      0.43751      0.43751      0.31476      0.00364      0.00275     -1.60909
FE      0.43751      0.31249      0.43537     -0.00912     -0.23356      0.33940
FE      0.31249      0.43751      0.43537     -0.39811      0.00706      0.47357
FE      0.31249      0.31249      0.56463      0.01147      0.00781      0.03376
FE      0.43751      0.43751      0.56463     -0.00265      0.00071      0.21127
FE      0.43751      0.31249      0.68524     -0.00118      0.05450     -0.06918
FE      0.31249      0.43751      0.68524     -0.02993     -0.00086     -0.03109
FE      0.31249      0.56249      0.31476     -0.17586      0.16444     -0.07650
FE      0.43751      0.68751      0.31476      0.00224      0.03551     -0.08233
FE      0.43751      0.56249      0.43537      0.00269      0.22907      0.34115
FE      0.31249      0.68751      0.43537     -0.01783      0.01412      0.05253
FE      0.31249      0.56249      0.56463      0.00924     -0.00599      0.03127
FE      0.43751      0.68751      0.56463     -0.00288      0.05468      0.01431
FE      0.43751      0.56249      0.68524      0.00038     -0.05545     -0.07049
FE      0.31249      0.68751      0.68524     -0.00003      0.00281      0.00083
FE      0.31249      0.81249      0.31476      0.00569      0.00749     -0.00679
FE      0.43751      0.93751      0.31476      0.00071      0.00048      0.00446
FE      0.43751      0.81249      0.43537     -0.00878     -0.00728     -0.02071
FE      0.31249      0.93751      0.43537      0.05531     -0.01212      0.04272
FE      0.31249      0.81249      0.56463      0.00123      0.00174      0.00638
FE      0.43751      0.93751      0.56463     -0.00847      0.00148     -0.00903
FE      0.43751      0.81249      0.68524     -0.00122     -0.00678     -0.00813
FE      0.31249      0.93751      0.68524      0.00051      0.00247     -0.01410
FE      0.56249      0.06249      0.31476     -0.01131     -0.00659     -0.00300
FE      0.68751      0.18751      0.31476     -0.00476      0.00139     -0.00415
FE      0.68751      0.06249      0.43537      0.03318     -0.00640      0.01833
FE      0.56249      0.18751      0.43537      0.01903     -0.01402      0.04665
FE      0.56249      0.06249      0.56463     -0.00091     -0.00846      0.01034
FE      0.68751      0.18751      0.56463      0.01255     -0.00243     -0.01144
FE      0.68751      0.06249      0.68524     -0.00458      0.00057      0.00897
FE      0.56249      0.18751      0.68524     -0.00005     -0.00481      0.00260
FE      0.56249      0.31249      0.31476      0.16868     -0.16652     -0.08140
FE      0.68751      0.43751      0.31476     -0.02527      0.00398     -0.06912
FE      0.68751      0.31249      0.43537      0.06403     -0.01849      0.04329
FE      0.56249      0.43751      0.43537      0.39927      0.00419      0.47012
FE      0.56249      0.31249      0.56463     -0.01119      0.00314      0.03311
FE      0.68751      0.43751      0.56463      0.08170     -0.00004      0.07009
FE      0.68751      0.31249      0.68524      0.00376      0.00096     -0.01208
FE      0.56249      0.43751      0.68524      0.02996     -0.00191     -0.02608
FE      0.56249      0.56249      0.31476      0.16783      0.16205     -0.07828
FE      0.68751      0.68751      0.31476     -0.00554     -0.00433     -0.00314
FE      0.68751      0.56249      0.43537      0.05290      0.01143      0.04246
FE      0.56249      0.68751      0.43537      0.01811      0.01680      0.05122
FE      0.56249      0.56249      0.56463     -0.01127     -0.00527      0.02832
FE      0.68751      0.68751      0.56463      0.00693      0.00634     -0.00768
FE      0.68751      0.56249      0.68524      0.00232     -0.00219     -0.01335
FE      0.56249      0.68751      0.68524     -0.00018      0.00390      0.00472
FE      0.56249      0.81249      0.31476     -0.00981      0.00760     -0.00514
FE      0.68751      0.93751      0.31476     -0.00683      0.00042      0.00293
FE      0.68751      0.81249      0.43537      0.01341      0.00738      0.00705
FE      0.56249      0.93751      0.43537     -0.00334     -0.00213      0.00208
FE      0.56249      0.81249      0.56463     -0.00111      0.00607      0.00639
FE      0.68751      0.93751      0.56463      0.00956      0.00130     -0.01253
FE      0.68751      0.81249      0.68524      0.00183     -0.00046     -0.00291
FE      0.56249      0.93751      0.68524      0.00111      0.00436     -0.00152
FE      0.81249      0.06249      0.31476      0.02523     -0.00377     -0.06892
FE      0.93751      0.18751      0.31476     -0.16861      0.16643     -0.08134
FE      0.93751      0.06249      0.43537     -0.39919     -0.00416      0.47012
FE      0.81249      0.18751      0.43537     -0.06398      0.01844      0.04295
FE      0.81249      0.06249      0.56463     -0.08171      0.00000      0.06971
FE      0.93751      0.18751      0.56463      0.01110     -0.00293      0.03299
FE      0.93751      0.06249      0.68524     -0.02965      0.00175     -0.02621
FE      0.81249      0.18751      0.68524     -0.00373     -0.00075     -0.01197
FE      0.81249      0.31249      0.31476      0.00475     -0.00163     -0.00414
FE      0.93751      0.43751      0.31476      0.01133      0.00671     -0.00306
FE      0.93751      0.31249      0.43537     -0.01909      0.01398      0.04686
FE      0.81249      0.43751      0.43537     -0.03311      0.00648      0.01848
FE      0.81249      0.31249      0.56463     -0.01260      0.00249     -0.01130
FE      0.93751      0.43751      0.56463      0.00093      0.00838      0.01056
FE      0.93751      0.31249      0.68524      0.00005      0.00498      0.00245
FE      0.81249      0.43751      0.68524      0.00461     -0.00073      0.00893
FE      0.81249      0.56249      0.31476      0.00683     -0.00043      0.00280
FE      0.93751      0.68751      0.31476      0.00981     -0.00760     -0.00504
FE      0.93751      0.56249      0.43537      0.00336      0.00206      0.00201
FE      0.81249      0.68751      0.43537     -0.01341     -0.00735      0.00712
FE      0.81249      0.56249      0.56463     -0.00962     -0.00134     -0.01258
FE      0.93751      0.68751      0.56463      0.00110     -0.00607      0.00643
FE      0.93751      0.56249      0.68524     -0.00111     -0.00444     -0.00162
FE      0.81249      0.68751      0.68524     -0.00183      0.00046     -0.00277
FE      0.81249      0.81249      0.31476      0.00553      0.00437     -0.00325
FE      0.93751      0.93751      0.31476     -0.16781     -0.16209     -0.07815
FE      0.93751      0.81249      0.43537     -0.01810     -0.01672      0.05119
FE      0.81249      0.93751      0.43537     -0.05293     -0.01149      0.04245
FE      0.81249      0.81249      0.56463     -0.00694     -0.00632     -0.00774
FE      0.93751      0.93751      0.56463      0.01113      0.00512      0.02849
FE      0.93751      0.81249      0.68524      0.00017     -0.00384      0.00456
FE      0.81249      0.93751      0.68524     -0.00226      0.00214     -0.01317
