/* Converted from PWscf output file */ 
#L_UNITS ang 
#E_UNITS eV 
#S_UNITS GPA 
#F_UNITS EV/ANG 
#ALAT 	  13.69922     // a0 
#X 	   1.00000    -0.00001    -0.00000     // X 
#Y 	  -0.00001     1.05575    -0.00001     // Y 
#Z 	  -0.00000    -0.00001     0.99999     // Z 
#SX 	   0.01108     0.00015    -0.00015     // SX 
#SY 	   0.00015     0.01254     0.00015     // SY 
#SZ 	  -0.00015     0.00015     0.01108     // SZ 
#EPA 	  -4.29446     // Energy per Atom 
#C 	1 1 1 
#W 	1.0 
#RCUT 	6.5        // Rcut 
RU      0.06266      0.06257      0.06224      0.00011     -0.00732      0.00098
FE      0.18870      0.18874      0.06272      0.00524     -0.00103      0.00395
FE      0.19044      0.06251      0.19007      0.00372     -0.00313     -0.00071
FE      0.06251      0.18881      0.18878     -0.00064     -0.00618      0.00261
FE      0.06293      0.06265      0.31256     -0.00152     -0.00899     -0.00063
FE      0.18778      0.18770      0.31267      0.00127     -0.00607     -0.00506
FE      0.18754      0.06247      0.43739      0.00056     -0.00439     -0.00242
FE      0.06262      0.18782      0.43732     -0.00255     -0.01097     -0.00539
FE      0.06284      0.06261      0.56272     -0.00003     -0.00460     -0.00215
FE      0.18722      0.18740      0.56218      0.00660      0.00455     -0.00044
FE      0.18749      0.06222      0.68774      0.00991      0.00706      0.00099
FE      0.06258      0.18750      0.68747      0.00572      0.00286      0.00063
FE      0.06256      0.06249      0.81234      0.00391      0.00093      0.00265
FE      0.18751      0.18747      0.81231      0.00611      0.00401      0.00083
FE      0.19026      0.06242      0.93473      0.00696      0.00028      0.00091
FE      0.06229      0.18888      0.93641      0.00152      0.00068     -0.00144
FE      0.06226      0.31260      0.06302     -0.00346      0.00179      0.00527
FE      0.18780      0.43740      0.06303     -0.00112      0.00700      0.00588
FE      0.18773      0.31265      0.18774      0.00012     -0.00318      0.00095
FE      0.06278      0.43735      0.18796     -0.00157      0.00999      0.00061
FE      0.06224      0.31286      0.31253     -0.00116     -0.00402     -0.00708
FE      0.18759      0.43764      0.31257      0.00377      0.00292      0.00064
FE      0.18641      0.31260      0.43636      0.01549      0.00056      0.00754
FE      0.06229      0.43766      0.43736     -0.00008      0.00527     -0.00388
FE      0.06269      0.31253      0.56232      0.00383      0.00297     -0.00294
FE      0.18730      0.43767      0.56193      0.00833     -0.00153     -0.00418
FE      0.18729      0.31252      0.68734      0.00703      0.00197     -0.00356
FE      0.06283      0.43743      0.68702      0.00445      0.00519     -0.00142
FE      0.06270      0.31263      0.81204      0.00096      0.00170      0.00509
FE      0.18758      0.43763      0.81238      0.00448      0.00219     -0.00050
FE      0.18680      0.31234      0.93864      0.00685      0.00528     -0.00651
FE      0.06355      0.43619      0.93772      0.00436      0.00687      0.00508
FE      0.06535      0.56249      0.06534      0.00344      0.00247      0.00399
FE      0.18801      0.68773      0.06281      0.00315     -0.00715      0.00185
FE      0.18877      0.56249      0.18877     -0.00787      0.00335     -0.00776
FE      0.06289      0.68767      0.18792      0.00521     -0.00525     -0.00053
FE      0.06264      0.56242      0.31240      0.00271      0.00447     -0.00087
FE      0.18787      0.68746      0.31272      0.00767      0.00188      0.00105
FE      0.18756      0.56250      0.43746      0.00487      0.00230     -0.00277
FE      0.06284      0.68717      0.43754     -0.00035      0.00650     -0.00136
FE      0.06254      0.56246      0.56248      0.00190      0.00122     -0.00429
FE      0.18775      0.68763      0.56226      0.00852     -0.00002     -0.00347
FE      0.18845      0.56284      0.68620     -0.00220     -0.00605      0.00477
FE      0.06285      0.68765      0.68708      0.00513     -0.00750     -0.00006
FE      0.06523      0.56255      0.80981      0.00384      0.00024      0.00013
FE      0.18796      0.68771      0.81210      0.00462     -0.00817      0.00054
FE      0.18788      0.56255      0.93762      0.00290      0.00139      0.00327
FE      0.06381      0.68887      0.93753      0.01039     -0.00691      0.00145
FE      0.06284      0.81225      0.06242      0.00428     -0.00488     -0.00222
FE      0.18919      0.93617      0.06217      0.00945      0.00142     -0.00286
FE      0.18800      0.81221      0.18756      0.00697      0.00050     -0.00114
FE      0.06387      0.93608      0.18762     -0.00605     -0.00164      0.01609
FE      0.06300      0.81202      0.31264      0.00379      0.00856      0.00010
FE      0.18782      0.93731      0.31289      0.00460      0.00151     -0.00067
FE      0.18764      0.81237      0.43761      0.00723      0.00327      0.00030
FE      0.06287      0.93745      0.43754      0.00293      0.00063     -0.00072
FE      0.06299      0.81233      0.56267      0.00350      0.00226     -0.00181
FE      0.18742      0.93741      0.56249      0.00561     -0.00165     -0.00134
FE      0.18789      0.81236      0.68752      0.01020     -0.00355     -0.00151
FE      0.06376      0.93749      0.68865     -0.00312     -0.00185     -0.00921
FE      0.06282      0.81223      0.81217      0.00523     -0.00386      0.00586
FE      0.18827      0.93730      0.81240      0.00856      0.00030      0.00463
FE      0.18809      0.81255      0.93739      0.00293     -0.01014      0.00182
FE      0.06254      0.93604      0.93624      0.00442     -0.00115     -0.00412
FE      0.31285      0.06243      0.06254     -0.00060      0.00263     -0.00318
FE      0.43752      0.18754      0.06248     -0.00223      0.00214      0.00055
FE      0.43725      0.06256      0.18739     -0.00270      0.00139     -0.00256
FE      0.31294      0.18774      0.18781      0.00029     -0.00096     -0.00082
FE      0.31370      0.06243      0.31362     -0.00714     -0.00116     -0.00878
FE      0.43763      0.18765      0.31260      0.00068      0.00463      0.00296
FE      0.43791      0.06219      0.43756      0.00537      0.00328      0.00692
FE      0.31237      0.18743      0.43727      0.00534      0.00620      0.00249
FE      0.31238      0.06227      0.56232      0.00656      0.00292      0.00049
FE      0.43745      0.18620      0.56130      0.00399      0.00875     -0.00413
FE      0.43770      0.06223      0.68731      0.00239      0.00573     -0.00261
FE      0.31147      0.18619      0.68730      0.00084      0.00800     -0.00242
FE      0.31363      0.06228      0.81143     -0.00243      0.00755      0.01125
FE      0.43774      0.18620      0.81358      0.00229      0.00819      0.00141
FE      0.43743      0.06216      0.93781     -0.00440      0.00982     -0.00363
FE      0.31267      0.18750      0.93766      0.00134      0.00128     -0.00128
FE      0.31290      0.31275      0.06250     -0.00055     -0.00310      0.00457
FE      0.43756      0.43763      0.06251      0.00042      0.00145      0.00182
FE      0.43762      0.31255      0.18762      0.00053      0.00048      0.00531
FE      0.31280      0.43756      0.18775      0.00415      0.00056      0.00637
FE      0.31252      0.31254      0.31262      0.00424      0.00294      0.00258
FE      0.43752      0.43758      0.31252      0.00003     -0.00283      0.00724
FE      0.43750      0.31255      0.43713      0.00101      0.00494      0.00025
FE      0.31224      0.43773      0.43708      0.00810     -0.00534      0.00082
FE      0.30982      0.31251      0.55972      0.00445      0.00480     -0.00390
FE      0.43753      0.43887      0.56119      0.00089     -0.00433     -0.01001
RU      0.43752      0.31253      0.68745      0.00218      0.00339     -0.00280
FE      0.31149      0.43883      0.68732     -0.00035     -0.00011     -0.00674
FE      0.30996      0.31246      0.81519      0.00368      0.00425     -0.00141
FE      0.43755      0.43891      0.81374      0.00102      0.00014      0.00296
FE      0.43765      0.31255      0.93789      0.00129      0.00364      0.00005
FE      0.31228      0.43779      0.93795      0.00109      0.00022     -0.00133
FE      0.31240      0.56257      0.06267      0.00095      0.00041      0.00427
FE      0.43755      0.68751      0.06252     -0.00103     -0.00441      0.00166
FE      0.43753      0.56247      0.18758     -0.00045      0.00004      0.00375
FE      0.31282      0.68748      0.18771      0.00456     -0.00180      0.00278
FE      0.31286      0.56255      0.31280      0.00593      0.00026      0.00467
FE      0.43742      0.68751      0.31245     -0.00125      0.00283      0.00405
FE      0.43748      0.56279      0.43716     -0.00062     -0.00569      0.00281
FE      0.31253      0.68763      0.43744      0.00722      0.00284     -0.00054
FE      0.31274      0.56268      0.56192      0.00881     -0.00510     -0.00370
FE      0.43741      0.68748      0.56246     -0.00091      0.00201     -0.00432
FE      0.43751      0.56279      0.68747      0.00005     -0.00558     -0.00382
FE      0.31272      0.68755      0.68733      0.00591     -0.00414     -0.00328
FE      0.31232      0.56271      0.81253      0.00481     -0.00419     -0.00365
FE      0.43752      0.68749      0.81247     -0.00126     -0.00565     -0.00072
FE      0.43754      0.56284      0.93787     -0.00094     -0.00631     -0.00332
FE      0.31257      0.68756      0.93759      0.00110     -0.00484     -0.00078
FE      0.31296      0.81217      0.06250      0.00054     -0.00020     -0.00154
FE      0.43714      0.93742      0.06212     -0.00639     -0.00007     -0.00221
FE      0.43741      0.81234      0.18743     -0.00166     -0.00097      0.00226
FE      0.31297      0.93731      0.18780      0.00040      0.00081     -0.00093
FE      0.31258      0.81241      0.31254      0.00584     -0.00088      0.00329
FE      0.43778      0.93737      0.31257      0.00150     -0.00405      0.00225
FE      0.43752      0.81240      0.43753      0.00166     -0.00215      0.00110
FE      0.31266      0.93731      0.43764      0.00623     -0.00406      0.00131
FE      0.31256      0.81244      0.56247      0.00713     -0.00277     -0.00145
FE      0.43762      0.93748      0.56253      0.00379     -0.00602     -0.00046
FE      0.43732      0.81239      0.68765     -0.00158     -0.00393     -0.00210
FE      0.31271      0.93744      0.68733      0.00637     -0.00392     -0.00246
FE      0.31269      0.81244      0.81239      0.00600     -0.00880      0.00018
FE      0.43733      0.93743      0.81269     -0.00318     -0.00388      0.00136
FE      0.43758      0.81236      0.93747     -0.00402     -0.00764     -0.00252
FE      0.31296      0.93725      0.93729     -0.00030      0.00105     -0.00025
FE      0.56230      0.06249      0.06238     -0.00354      0.00065      0.00007
FE      0.68753      0.18747      0.06262     -0.00109     -0.00299      0.00416
FE      0.68724      0.06265      0.18714     -0.00337     -0.00780      0.00307
FE      0.56238      0.18758      0.18747     -0.00384      0.00205      0.00072
FE      0.56205      0.06261      0.31210      0.00040     -0.00429      0.00145
FE      0.68729      0.18775      0.31232     -0.00273     -0.00305      0.00332
FE      0.68595      0.06385      0.43778     -0.00979     -0.00685      0.00278
FE      0.56242      0.18772      0.43711      0.00074      0.00280      0.00509
FE      0.56217      0.06247      0.56263     -0.00190     -0.00032      0.00082
FE      0.68774      0.18757      0.56228     -0.00819      0.00509     -0.00367
FE      0.68711      0.06234      0.68756     -0.01291      0.00187     -0.00761
FE      0.56365      0.18617      0.68753      0.00049      0.00920     -0.00480
FE      0.56240      0.06234      0.81280     -0.00688      0.00470     -0.00175
FE      0.68759      0.18739      0.81268     -0.00793      0.00596     -0.00220
FE      0.68760      0.06243      0.93752     -0.00238     -0.00305      0.00046
FE      0.56271      0.18733      0.93797     -0.00422      0.00759     -0.00102
FE      0.56241      0.31244      0.06248     -0.00226      0.00353      0.00496
FE      0.68719      0.43746      0.06301      0.00064      0.00851      0.00584
FE      0.68734      0.31260      0.18756     -0.00442      0.00193      0.00531
FE      0.56223      0.43748      0.18770     -0.00414      0.00273      0.00527
FE      0.56241      0.31261      0.31255     -0.00240      0.00413      0.00268
FE      0.68749      0.43756      0.31250     -0.00305      0.00417      0.00165
FE      0.68868      0.31249      0.43627     -0.01571      0.00351      0.00624
FE      0.56273      0.43770      0.43705     -0.00526     -0.00481      0.00074
FE      0.56521      0.31259      0.55974     -0.00152      0.00175     -0.00334
FE      0.68779      0.43766      0.56191     -0.00655     -0.00123     -0.00473
FE      0.68781      0.31254      0.68753     -0.00550      0.00473     -0.00416
FE      0.56352      0.43882      0.68732      0.00166      0.00042     -0.00503
FE      0.56518      0.31245      0.81523     -0.00210      0.00621     -0.00280
FE      0.68749      0.43756      0.81249     -0.00239      0.00424     -0.00053
FE      0.68829      0.31220      0.93874     -0.00942      0.01082     -0.00934
FE      0.56277      0.43770      0.93799      0.00081      0.00192     -0.00106
FE      0.56255      0.56255      0.06265     -0.00179      0.00050      0.00359
FE      0.68695      0.68762      0.06271     -0.00443     -0.00508      0.00189
FE      0.68622      0.56243      0.18868      0.00475      0.00491     -0.00730
FE      0.56216      0.68755      0.18765     -0.00596     -0.00040      0.00364
FE      0.56203      0.56246      0.31273     -0.00450      0.00160      0.00303
FE      0.68714      0.68740      0.31254     -0.00535      0.00570      0.00560
FE      0.68752      0.56256      0.43744     -0.00441      0.00349     -0.00281
FE      0.56208      0.68731      0.43742     -0.00287      0.00926     -0.00018
FE      0.56213      0.56260      0.56195     -0.00815     -0.00374     -0.00344
FE      0.68724      0.68750      0.56237     -0.00601      0.00454     -0.00623
FE      0.68658      0.56277      0.68632      0.00149     -0.00446      0.00563
FE      0.56217      0.68755      0.68739     -0.00610     -0.00199     -0.00343
FE      0.56266      0.56268      0.81258     -0.00428     -0.00406     -0.00206
FE      0.68708      0.68772      0.81229     -0.00450     -0.00696      0.00126
FE      0.68716      0.56254      0.93760     -0.00184      0.00110      0.00328
FE      0.56243      0.68763      0.93762     -0.00340     -0.00819     -0.00038
FE      0.56216      0.81244      0.06234     -0.00674     -0.00469      0.00057
FE      0.68734      0.93753      0.06257     -0.00320     -0.00218      0.00146
FE      0.68699      0.81225      0.18719     -0.00860      0.00358      0.00587
FE      0.56120      0.93750      0.18627      0.00668     -0.00308      0.00825
FE      0.56199      0.81224      0.31219     -0.00228      0.00124      0.00404
FE      0.68443      0.93745      0.30994     -0.00708     -0.00352      0.00318
FE      0.68617      0.81111      0.43752     -0.01228      0.00192      0.00089
FE      0.56208      0.93738      0.43749     -0.00250     -0.00595      0.00489
FE      0.56197      0.81226      0.56278     -0.00299      0.00281     -0.00080
FE      0.68467      0.93739      0.56530     -0.01094     -0.00600     -0.00124
FE      0.68709      0.81229      0.68789     -0.00889     -0.00077     -0.00481
FE      0.56120      0.93752      0.68870      0.00612     -0.00616     -0.01459
FE      0.56215      0.81241      0.81258     -0.00740     -0.00815     -0.00322
FE      0.68721      0.93742      0.81223     -0.00763     -0.00542     -0.00249
FE      0.68704      0.81272      0.93749     -0.00233     -0.00965     -0.00161
FE      0.56240      0.93744      0.93761     -0.00483     -0.00252     -0.00034
FE      0.81207      0.06249      0.06245     -0.00247     -0.00692      0.00159
FE      0.93629      0.18892      0.06242     -0.00175     -0.00799      0.00471
FE      0.93497      0.06269      0.18976     -0.00321     -0.00692      0.00544
FE      0.81203      0.18794      0.18759      0.00229     -0.01352      0.00431
FE      0.81114      0.06399      0.31250      0.00802     -0.00617     -0.01415
FE      0.93735      0.18787      0.31276     -0.00243     -0.01202     -0.00316
FE      0.93868      0.06388      0.43743      0.00138     -0.00875     -0.00237
FE      0.81249      0.18786      0.43754     -0.00386     -0.00409     -0.00163
FE      0.81253      0.06386      0.56369     -0.00451     -0.00361      0.00197
FE      0.93767      0.18771      0.56257     -0.00241     -0.00288     -0.00400
FE      0.93778      0.06267      0.68801     -0.00095     -0.00422     -0.00234
FE      0.81224      0.18782      0.68756     -0.00711     -0.00094     -0.00656
FE      0.81133      0.06244      0.81129      0.00728     -0.00379      0.00876
FE      0.93725      0.18781      0.81213      0.00040     -0.00213      0.00142
FE      0.93468      0.06246      0.93471     -0.00086     -0.00572      0.00149
FE      0.81223      0.18767      0.93740      0.00112     -0.00500      0.00295
FE      0.81236      0.31267      0.06301      0.00776      0.00150      0.00612
FE      0.93752      0.43613      0.06379      0.00045      0.01086      0.01088
FE      0.93740      0.31245      0.18794      0.00233      0.00398     -0.00384
FE      0.81210      0.43746      0.18801      0.00262      0.01133      0.00212
FE      0.81274      0.31248      0.31226     -0.00063      0.00428     -0.00129
FE      0.93748      0.43761      0.31255     -0.00132      0.00904     -0.00455
FE      0.93747      0.31255      0.43757     -0.00192      0.00331     -0.00278
FE      0.81267      0.43763      0.43733     -0.00054      0.00572     -0.00473
FE      0.81232      0.31245      0.56229     -0.00636      0.00666     -0.00398
FE      0.93752      0.43752      0.56243     -0.00105      0.00654     -0.00243
FE      0.93750      0.31232      0.68713     -0.00167      0.01039     -0.00076
FE      0.81216      0.43741      0.68704     -0.00316      0.00654     -0.00154
FE      0.81220      0.31238      0.81235     -0.00143      0.00945      0.00157
FE      0.93750      0.43623      0.81117     -0.00022      0.00715     -0.00404
FE      0.93736      0.31239      0.93742      0.00159      0.00465      0.00524
FE      0.81135      0.43630      0.93771     -0.00475      0.00885      0.00456
FE      0.80975      0.56245      0.06530     -0.00188      0.00282      0.00371
FE      0.93758      0.68881      0.06365      0.00239     -0.00264      0.00650
FE      0.93757      0.56240      0.18784      0.00184      0.00238      0.00281
FE      0.81204      0.68729      0.18766     -0.00254      0.00283      0.00479
FE      0.81239      0.56252      0.31244     -0.00246      0.00504      0.00016
FE      0.93764      0.68727      0.31244     -0.00291      0.00319      0.00175
FE      0.93752      0.56253      0.43749     -0.00050      0.00533     -0.00463
FE      0.81246      0.68723      0.43752     -0.00330      0.00500     -0.00136
FE      0.81252      0.56257      0.56246     -0.00047      0.00204     -0.00427
FE      0.93768      0.68736      0.56261     -0.00236      0.00149     -0.00299
FE      0.93756      0.56239      0.68718      0.00172      0.00041     -0.00210
FE      0.81217      0.68740      0.68740     -0.00224     -0.00026     -0.00294
FE      0.80985      0.56251      0.80984     -0.00271      0.00058      0.00011
FE      0.93758      0.68871      0.81124      0.00196     -0.00333     -0.00392
RU      0.93754      0.56253      0.93759      0.00333      0.00178      0.00524
FE      0.81114      0.68880      0.93753     -0.00626     -0.00311      0.00099
FE      0.81195      0.81228      0.06262      0.00241      0.00115      0.00088
FE      0.93630      0.93608      0.06254     -0.00296     -0.00114      0.00136
FE      0.93769      0.81239      0.18760      0.00132     -0.00082     -0.00112
FE      0.81196      0.93742      0.18755     -0.00239      0.00141      0.00160
FE      0.81231      0.81112      0.31143     -0.00706     -0.00071     -0.00107
FE      0.93994      0.93735      0.31029      0.00282      0.00214     -0.00436
FE      0.93870      0.81104      0.43765      0.00146      0.00188      0.00202
RU      0.81229      0.93737      0.43774     -0.00591     -0.00060     -0.00123
FE      0.81237      0.81110      0.56367     -0.00803     -0.00382      0.00293
FE      0.94023      0.93754      0.56528      0.00066     -0.00259     -0.00097
FE      0.93780      0.81252      0.68750     -0.00111     -0.00616     -0.00026
FE      0.81227      0.93747      0.68762     -0.00654     -0.00545     -0.00231
FE      0.81226      0.81254      0.81227     -0.00238     -0.00803     -0.00143
FE      0.93727      0.93728      0.81196      0.00019     -0.00179      0.00066
FE      0.93738      0.81254      0.93737      0.00212     -0.00496      0.00063
FE      0.81203      0.93727      0.93721     -0.00054     -0.00132     -0.00041
