/* Converted from PWscf output file */ 
#L_UNITS ang 
#E_UNITS eV 
#S_UNITS GPA 
#F_UNITS EV/ANG 
#ALAT 	  13.67994     // a0 
#X 	   1.00000     0.00000     0.00000     // X 
#Y 	   0.00000     1.05163     0.00000     // Y 
#Z 	   0.00000     0.00000     1.00000     // Z 
#SX 	  -2.22633    -0.00000    -0.00263     // SX 
#SY 	  -0.00000    -1.69491     0.01313     // SY 
#SZ 	  -0.00263     0.01313    -2.62680     // SZ 
#EPA 	  -3.73640     // Energy per Atom 
#C 	1 1 1 
#W 	1.0 
#RCUT 	6.5        // Rcut 
FE      0.06250      0.06289      0.31642      0.00008      0.03542     -0.04073
FE      0.18692      0.18773      0.31308     -0.00002      0.00713     -0.00319
FE      0.18948      0.06328      0.43488     -0.05959     -0.06271      0.03136
FE      0.06251      0.18723      0.43588     -0.00051     -0.00668     -0.00054
FE      0.06243      0.06234      0.56629     -0.00020      0.05546      0.03819
FE      0.18782      0.18717      0.56421      0.00487     -0.00694     -0.00404
FE      0.19386      0.06488      0.68876     -0.01108     -0.02295     -0.02621
FE      0.06247      0.18345      0.68354     -0.00046     -0.00445      0.01855
FE      0.06252      0.31254      0.31663      0.00021      0.00066     -0.01014
FE      0.18696      0.43739      0.31307     -0.00030     -0.00697     -0.00230
FE      0.18757      0.31253      0.43603     -0.00769     -0.00009     -0.00251
FE      0.06249      0.43786      0.43588     -0.00012      0.00726     -0.00002
FE      0.06250      0.31247      0.56571     -0.00022      0.00039     -0.00387
FE      0.18782      0.43789      0.56423      0.00531      0.00766     -0.00334
FE      0.18621      0.31245      0.68726      0.00084     -0.00049      0.00223
FE      0.06247      0.44146      0.68363      0.00006      0.00450      0.01841
FE      0.06248      0.56209      0.31639     -0.00013     -0.03462     -0.03994
FE      0.18748      0.68673      0.31279      0.00184     -0.01394     -0.01342
FE      0.18950      0.56173      0.43484     -0.05897      0.06139      0.03046
FE      0.06244      0.68475      0.43323     -0.00062      0.23574      0.22297
FE      0.06243      0.56252      0.56626     -0.00129     -0.05370      0.03913
FE      0.18979      0.68363      0.56516     -0.19346      0.18061     -0.03669
FE      0.19380      0.56019      0.68877     -0.00949      0.02334     -0.02548
FE      0.06241      0.67806      0.69074     -0.00007      0.29818     -0.26726
FE      0.06241      0.81247      0.31592      0.00110     -0.00021     -0.00124
FE      0.18752      0.93833      0.31280      0.00159      0.01280     -0.01204
FE      0.19033      0.81245      0.43158     -0.26568      0.00156      0.34436
FE      0.06244      0.94011      0.43322     -0.00017     -0.23627      0.22301
RU      0.06249      0.81247      0.57051     -0.00134     -0.00215      0.46569
FE      0.18980      0.94125      0.56515     -0.19186     -0.17894     -0.03681
FE      0.19990      0.81236      0.69555     -0.32714      0.00045     -0.24807
FE      0.06242      0.94687      0.69076      0.00147     -0.29663     -0.26763
FE      0.31350      0.06309      0.31456     -0.00373     -0.00651      0.01455
FE      0.43813      0.18823      0.31271     -0.00019      0.00247      0.00190
FE      0.43813      0.06291      0.43517     -0.00565     -0.00887     -0.00118
FE      0.31286      0.18797      0.43401      0.00754      0.00237      0.00750
FE      0.31415      0.06332      0.56430      0.07068      0.06525     -0.02247
FE      0.43825      0.18820      0.56343     -0.02382     -0.01762     -0.00606
FE      0.43818      0.06306      0.68708      0.00121     -0.00404     -0.00225
FE      0.31409      0.18895      0.68353      0.00697      0.00418     -0.00082
FE      0.31225      0.31253      0.31555      0.00959     -0.00018     -0.00919
FE      0.43811      0.43690      0.31272     -0.00021     -0.00221      0.00178
FE      0.43745      0.31252      0.43560      0.00240      0.00007     -0.00801
FE      0.31287      0.43716      0.43404      0.00781     -0.00289      0.00710
FE      0.31209      0.31249      0.56502      0.01115     -0.00077     -0.00469
FE      0.43823      0.43685      0.56346     -0.02328      0.01737     -0.00640
FE      0.43752      0.31248      0.68657      0.03028     -0.00045     -0.00708
FE      0.31404      0.43607      0.68358      0.00549     -0.00560     -0.00161
FE      0.31352      0.56200      0.31450     -0.00242      0.00770      0.01435
FE      0.43883      0.68748      0.31291      0.00504      0.00036     -0.00765
FE      0.43814      0.56212      0.43513     -0.00546      0.00861     -0.00136
FE      0.31287      0.68704      0.43379      0.00675     -0.01421     -0.00255
FE      0.31417      0.56166      0.56433      0.07021     -0.06703     -0.02349
FE      0.43816      0.68772      0.56383     -0.00428     -0.00736      0.00027
FE      0.43826      0.56181      0.68712      0.00150      0.00411     -0.00195
FE      0.31443      0.68465      0.68414      0.03292     -0.04021      0.00938
FE      0.31368      0.81251      0.31492      0.07554      0.00040     -0.11698
FE      0.43882      0.93774      0.31293      0.00428     -0.00222     -0.00762
FE      0.43738      0.81251      0.43557     -0.01232      0.00121      0.00458
FE      0.31286      0.93801      0.43380      0.00530      0.01622     -0.00198
FE      0.31143      0.81243      0.56306     -0.00447     -0.00042      0.01758
FE      0.43813      0.93729      0.56386     -0.00502      0.00683     -0.00003
FE      0.43242      0.81242      0.68726     -0.00145     -0.00084     -0.01175
FE      0.31437      0.94018      0.68415      0.03171      0.04067      0.00893
FE      0.56250      0.06284      0.31483     -0.00028      0.00905     -0.00645
FE      0.68691      0.18823      0.31269      0.00012      0.00278      0.00156
FE      0.68693      0.06292      0.43513      0.00546     -0.00843     -0.00144
FE      0.56248      0.18781      0.43427      0.00006     -0.00598     -0.00303
FE      0.56252      0.06257      0.56524     -0.00055     -0.00344     -0.00533
FE      0.68679      0.18821      0.56341      0.02455     -0.01835     -0.00610
FE      0.68696      0.06311      0.68709     -0.00232     -0.00409     -0.00266
FE      0.56250      0.18854      0.68434     -0.00004      0.00021      0.00035
FE      0.56248      0.31254      0.31543     -0.00071      0.00043     -0.01349
FE      0.68688      0.43686      0.31269      0.00013     -0.00216      0.00215
FE      0.68757      0.31251      0.43557     -0.00201      0.00020     -0.00848
FE      0.56248      0.43731      0.43431      0.00001      0.00636     -0.00389
FE      0.56249      0.31248      0.56494      0.00069      0.00032     -0.01530
FE      0.68683      0.43683      0.56344      0.02390      0.01776     -0.00607
FE      0.68755      0.31245      0.68656     -0.02709     -0.00000     -0.00728
FE      0.56254      0.43640      0.68434      0.00028      0.00048      0.00089
FE      0.56248      0.56222      0.31478      0.00000     -0.00838     -0.00654
FE      0.68610      0.68746      0.31285     -0.00500      0.00038     -0.00656
FE      0.68692      0.56211      0.43510      0.00538      0.00821     -0.00088
FE      0.56249      0.68772      0.43502     -0.00011      0.00205      0.00249
FE      0.56252      0.56235      0.56522     -0.00010      0.00353     -0.00580
FE      0.68689      0.68772      0.56383      0.00691     -0.00758      0.00050
FE      0.68691      0.56182      0.68711     -0.00229      0.00378     -0.00238
FE      0.56251      0.68992      0.68445      0.00067     -0.00471     -0.00148
FE      0.56246      0.81254      0.31539      0.00016      0.00132      0.00911
FE      0.68615      0.93768      0.31287     -0.00608     -0.00130     -0.00707
FE      0.68766      0.81250      0.43552      0.01286      0.00072      0.00374
FE      0.56249      0.93737      0.43504      0.00011     -0.00091      0.00396
FE      0.56249      0.81244      0.56710      0.00146     -0.00000     -0.01195
FE      0.68692      0.93728      0.56385      0.00628      0.00724      0.00101
FE      0.69264      0.81243      0.68728      0.00117     -0.00073     -0.01113
FE      0.56252      0.93496      0.68444      0.00092      0.00509     -0.00210
FE      0.81149      0.06309      0.31447      0.00370     -0.00743      0.01344
FE      0.93819      0.18777      0.31304     -0.00091      0.00684     -0.00259
FE      0.93546      0.06331      0.43484      0.06012     -0.06280      0.03052
FE      0.81210      0.18799      0.43394     -0.00789      0.00216      0.00677
FE      0.81090      0.06333      0.56425     -0.07229      0.06485     -0.02388
FE      0.93723      0.18720      0.56414     -0.00467     -0.00816     -0.00360
FE      0.93110      0.06491      0.68878      0.00955     -0.02333     -0.02538
FE      0.81097      0.18902      0.68343     -0.00501      0.00180     -0.00050
FE      0.81275      0.31253      0.31553     -0.00956      0.00109     -0.00975
FE      0.93813      0.43740      0.31303      0.00006     -0.00745     -0.00252
FE      0.93750      0.31253      0.43599      0.00731      0.00019     -0.00308
FE      0.81209      0.43714      0.43397     -0.00796     -0.00220      0.00668
FE      0.81289      0.31250      0.56495     -0.01124     -0.00072     -0.00609
FE      0.93722      0.43785      0.56418     -0.00447      0.00783     -0.00344
FE      0.93882      0.31239      0.68725     -0.00212      0.00057      0.00225
FE      0.81102      0.43599      0.68355     -0.00570     -0.00546     -0.00172
FE      0.81142      0.56197      0.31439      0.00340      0.00732      0.01396
FE      0.93754      0.68668      0.31276     -0.00232     -0.01329     -0.01371
FE      0.93540      0.56171      0.43480      0.06007      0.06194      0.03075
FE      0.81204      0.68704      0.43370     -0.00684     -0.01524     -0.00195
FE      0.81088      0.56164      0.56429     -0.07198     -0.06758     -0.02540
FE      0.93511      0.68367      0.56509      0.19192      0.17880     -0.03682
FE      0.93119      0.56015      0.68878      0.00799      0.02306     -0.02356
FE      0.81062      0.68469      0.68415     -0.03046     -0.04145      0.00931
FE      0.81136      0.81248      0.31480     -0.07931      0.00080     -0.11859
FE      0.93756      0.93837      0.31277     -0.00154      0.01210     -0.01288
FE      0.93451      0.81246      0.43159      0.27114      0.00026      0.34388
FE      0.81206      0.93802      0.43370     -0.00661      0.01724     -0.00148
FE      0.81352      0.81245      0.56308      0.00449     -0.00068      0.01579
FE      0.93512      0.94124      0.56510      0.19183     -0.17848     -0.03770
FE      0.92515      0.81238      0.69555      0.32479      0.00079     -0.24854
FE      0.81067      0.94014      0.68418     -0.03105      0.04160      0.00777
