/* Converted from PWscf output file */ 
#L_UNITS ang 
#E_UNITS eV 
#S_UNITS GPA 
#F_UNITS EV/ANG 
#ALAT 	  13.67994     // a0 
#X 	   1.00000     0.00000     0.00000     // X 
#Y 	   0.00000     1.05163     0.00000     // Y 
#Z 	   0.00000     0.00000     1.00000     // Z 
#SX 	  -2.25667     0.02742    -0.08575     // SX 
#SY 	   0.02742    -1.58203     0.07000     // SY 
#SZ 	  -0.08575     0.07000    -2.47527     // SZ 
#EPA 	  -3.72611     // Energy per Atom 
#C 	1 1 1 
#W 	1.0 
#RCUT 	6.5        // Rcut 
RU      0.14254      0.10961      0.17531      0.33091     -0.23115      2.72937
FE      0.05875      0.06218      0.32112      0.72367      0.28377     -1.07516
FE      0.18843      0.19044      0.32144     -0.43484     -0.57310     -0.92227
FE      0.18682      0.06235      0.44213     -0.03646      0.17713     -0.09185
FE      0.06250      0.18834      0.44245      0.09780     -0.06159     -0.06390
FE      0.06232      0.06231      0.56973      0.04041     -0.01314      0.00305
FE      0.18766      0.18789      0.56981     -0.03189      0.03047      0.03617
FE      0.18822      0.06181      0.68790      0.05654      0.01068      0.01232
FE      0.06166      0.18831      0.68794     -0.06501      0.00875      0.02169
FE      0.06536      0.31054      0.31723      0.04996     -0.09611     -0.15451
FE      0.18774      0.43543      0.31754     -0.09848      0.06317     -0.06362
FE      0.18812      0.31346      0.44122      0.00914     -0.03481     -0.01485
FE      0.06339      0.43696      0.43857     -0.01174     -0.00186     -0.02443
FE      0.06283      0.31343      0.56786     -0.04482      0.03505      0.09962
FE      0.18855      0.43885      0.56822     -0.05979      0.01075     -0.00939
FE      0.18873      0.31434      0.68746      0.00319     -0.00789     -0.00328
FE      0.06033      0.43920      0.68624      0.01259     -0.01698     -0.00668
FE      0.06485      0.56171      0.31451     -0.00134      0.00074     -0.00177
FE      0.18475      0.68827      0.31455      0.00158     -0.00184      0.00190
FE      0.18637      0.56198      0.43713      0.06853      0.04333      0.06631
FE      0.06337      0.68809      0.43715     -0.06832     -0.04507      0.07307
FE      0.06158      0.56283      0.56620      0.03125     -0.00175      0.03312
FE      0.18826      0.68721      0.56606     -0.02801      0.00758      0.02312
FE      0.18880      0.56345      0.68617     -0.00250     -0.02991     -0.06284
FE      0.06133      0.68655      0.68621     -0.00233      0.03021     -0.05193
FE      0.06184      0.81406      0.31720      0.10831     -0.01189     -0.06886
FE      0.18295      0.94092      0.31394      0.02038      0.19725     -0.37150
FE      0.18629      0.81357      0.43792     -0.01146      0.02494     -0.05247
FE      0.06186      0.93715      0.44062      0.00884      0.03934      0.00111
FE      0.06139      0.81128      0.56798      0.06585      0.00256     -0.02086
FE      0.18692      0.93677      0.56771      0.05429     -0.03889      0.07902
FE      0.18963      0.81090      0.68603     -0.01551      0.02369     -0.00921
FE      0.06128      0.93567      0.68752     -0.00374     -0.00139      0.01492
FE      0.30764      0.06622      0.31223     -0.27274      0.02414     -0.46121
FE      0.43571      0.18834      0.31719     -0.00314     -0.09174     -0.02334
FE      0.43415      0.06249      0.43420      0.07463      0.02925     -0.01289
FE      0.31216      0.18816      0.44186     -0.05330     -0.02347     -0.18568
FE      0.31241      0.06214      0.56661      0.00380     -0.01512      0.08384
FE      0.43855      0.18723      0.56605      0.05257      0.01258     -0.01531
FE      0.43801      0.06252      0.68599      0.11290     -0.02500     -0.00058
FE      0.31467      0.18764      0.68590      0.01148      0.03992      0.14563
FE      0.31126      0.31149      0.31709     -0.22982     -0.15525     -0.02718
FE      0.43549      0.43722      0.31471      0.00035     -0.02751     -0.04866
FE      0.43748      0.31314      0.43699     -0.00994     -0.08142     -0.09473
FE      0.31254      0.43783      0.43665     -0.00357     -0.05513      0.07713
FE      0.31417      0.31318      0.56793     -0.11569      0.05004     -0.04033
FE      0.43904      0.43780      0.56328     -0.01239      0.02539      0.00486
FE      0.44031      0.31313      0.68459      0.02296      0.05264      0.12217
FE      0.31592      0.43981      0.68553      0.03257     -0.04882      0.04586
FE      0.30836      0.56133      0.31473      0.02142      0.07548     -0.07006
FE      0.43393      0.68780      0.31302      0.00446      0.04432     -0.08121
FE      0.43588      0.56333      0.43222      0.06628     -0.06350     -0.01202
FE      0.31042      0.68740      0.43344      0.03637      0.03398      0.10126
FE      0.31430      0.56277      0.56414     -0.08765      0.04617      0.03703
FE      0.43852      0.68790      0.55990     -0.06331     -0.02285      0.07409
FE      0.44192      0.56331      0.68249     -0.01885     -0.00109     -0.00746
FE      0.31621      0.68688      0.68428     -0.00069      0.00517     -0.01580
FE      0.30740      0.81292      0.31478      0.02247      0.11113     -0.03625
FE      0.43445      0.93841      0.31504     -0.04985      0.05678     -0.01809
FE      0.43563      0.81275      0.43152      0.05861      0.04415      0.00390
FE      0.31012      0.93794      0.43638     -0.01950      0.06359     -0.11639
FE      0.31380      0.81271      0.56326     -0.09586     -0.05619      0.06981
FE      0.43771      0.93847      0.56236     -0.05420     -0.08535      0.01295
FE      0.43933      0.81162      0.68290      0.03517     -0.00401      0.01126
FE      0.31480      0.93663      0.68594      0.02786     -0.02773      0.01099
FE      0.56161      0.06317      0.31469     -0.02469     -0.00419      0.02398
FE      0.68840      0.18684      0.31483      0.02347      0.00404      0.03621
FE      0.68857      0.06306      0.43527     -0.10276     -0.01581     -0.04621
FE      0.56114      0.18678      0.43527      0.09118      0.01928     -0.04566
FE      0.56198      0.06271      0.56355     -0.02460     -0.04111     -0.04408
FE      0.68744      0.18716      0.56411      0.00289      0.04637     -0.02443
FE      0.68559      0.06228      0.68509     -0.00104     -0.01472      0.04105
FE      0.56380      0.18753      0.68528     -0.01395      0.01507      0.04436
FE      0.56075      0.31050      0.31398      0.03146      0.06775      0.00988
FE      0.68724      0.43600      0.31238      0.05533      0.00084      0.00317
FE      0.68756      0.31154      0.43359      0.02293      0.01409     -0.06966
FE      0.56260      0.43699      0.43214     -0.04632      0.00284     -0.00684
FE      0.56327      0.31215      0.56357      0.07590      0.03665     -0.01836
FE      0.68798      0.43704      0.55992     -0.00351      0.02594      0.04882
FE      0.68824      0.31271      0.68500     -0.07849      0.01511     -0.03679
FE      0.56519      0.43860      0.68224     -0.03716     -0.05171      0.04262
FE      0.56126      0.56261      0.31227     -0.00345     -0.01453     -0.00724
FE      0.68877      0.68739      0.31232      0.00487      0.01948     -0.00041
FE      0.68832      0.56151      0.42946     -0.04410      0.08164      0.04091
FE      0.56154      0.68860      0.42934      0.04105     -0.07666      0.03957
FE      0.56303      0.56247      0.55765      0.00297      0.03106      0.09746
FE      0.68674      0.68765      0.55778     -0.01139     -0.02976      0.09273
FE      0.68579      0.56294      0.68057      0.02915     -0.01536      0.02202
FE      0.56379      0.68725      0.68053     -0.03410      0.01684      0.02524
FE      0.56264      0.81407      0.31220     -0.05444     -0.00078     -0.00485
FE      0.68913      0.93953      0.31415     -0.02216     -0.05527      0.01386
FE      0.68725      0.81313      0.43211      0.04092     -0.00408     -0.00933
FE      0.56186      0.93854      0.43331     -0.02536     -0.01290     -0.06931
FE      0.56174      0.81303      0.55967     -0.00468     -0.02013      0.04581
FE      0.68648      0.93783      0.56346     -0.08019     -0.04110     -0.01658
FE      0.68450      0.81144      0.68208      0.02966      0.06035      0.03625
FE      0.56129      0.93718      0.68465      0.06245     -0.01552     -0.03878
FE      0.81453      0.06169      0.31712      0.04696      0.09300     -0.01838
FE      0.94022      0.18548      0.31648      0.03258      0.05395     -0.16734
FE      0.93748      0.06200      0.44231     -0.20887      0.03526      0.03198
FE      0.81448      0.18758      0.43556     -0.03172     -0.02307     -0.03555
FE      0.81107      0.06261      0.56639     -0.01025     -0.01119     -0.06419
FE      0.93712      0.18800      0.56705     -0.03658      0.01254      0.09760
FE      0.93528      0.06231      0.68577     -0.00024     -0.03996      0.14176
FE      0.81162      0.18733      0.68629     -0.12293      0.02820      0.02697
FE      0.81508      0.31193      0.31511      0.02789     -0.03358     -0.00539
FE      0.94214      0.43707      0.31517     -0.05359     -0.09241     -0.01895
FE      0.93876      0.31260      0.43737     -0.02495     -0.07758     -0.09606
FE      0.81395      0.43735      0.43199     -0.06332     -0.02869      0.02058
FE      0.81161      0.31166      0.56312      0.03979      0.08852      0.02948
FE      0.93588      0.43746      0.56375      0.08237      0.06326      0.08561
FE      0.93496      0.31342      0.68602     -0.02805      0.02695      0.00730
FE      0.81029      0.43853      0.68330     -0.04177      0.00711      0.02004
FE      0.81591      0.56216      0.31308     -0.00770     -0.03616     -0.08699
FE      0.94126      0.68870      0.31481     -0.02781     -0.07635     -0.05796
FE      0.93936      0.56271      0.43371     -0.04249     -0.02159      0.10644
FE      0.81393      0.68675      0.43247     -0.06871      0.07418     -0.01638
FE      0.81124      0.56221      0.56013      0.06087      0.02665      0.07851
FE      0.93563      0.68723      0.56433      0.08931     -0.03793      0.03566
FE      0.93366      0.56323      0.68444     -0.00061      0.00264     -0.02011
FE      0.80786      0.68679      0.68258      0.01812      0.00390     -0.00144
FE      0.81437      0.81289      0.31468     -0.00075      0.02740     -0.05242
FE      0.93888      0.93859      0.31720      0.09894      0.06512     -0.00493
FE      0.93734      0.81221      0.43668      0.02684      0.06603      0.05029
FE      0.81260      0.93693      0.43706      0.02858      0.07673     -0.09959
FE      0.81084      0.81224      0.56329      0.00684     -0.02615      0.00614
FE      0.93587      0.93682      0.56800      0.09718     -0.04220     -0.04766
FE      0.93410      0.81018      0.68538     -0.02497      0.05293      0.04092
FE      0.80949      0.93677      0.68464     -0.02320     -0.05385      0.12965
