/* Converted from PWscf output file */ 
#L_UNITS ang 
#E_UNITS eV 
#S_UNITS GPA 
#F_UNITS EV/ANG 
#ALAT 	  13.70152     // a0 
#X 	   1.00000     0.00000    -0.00000     // X 
#Y 	   0.00000     1.05503    -0.00014     // Y 
#Z 	  -0.00000    -0.00013     1.00027     // Z 
#SX 	  -0.47732     0.00000     0.00000     // SX 
#SY 	   0.00000    -0.14627     0.02013     // SY 
#SZ 	   0.00000     0.02013    -0.45253     // SZ 
#EPA 	  -4.28605     // Energy per Atom 
#C 	1 1 1 
#W 	1.0 
#RCUT 	6.5        // Rcut 
RU      0.06250      0.06035      0.06448     -0.00025      0.04019     -0.05383
FE      0.19113      0.18882      0.06502      0.07940      0.02748      0.08956
FE      0.19029      0.06239      0.19039      0.13990     -0.01839      0.14232
FE      0.06247      0.18894      0.18915     -0.00346      0.04945      0.05019
FE      0.06248      0.06247      0.31283     -0.00087     -0.00134      0.02424
FE      0.18767      0.18760      0.31261      0.03398      0.02819      0.02571
FE      0.18765      0.06254      0.43723      0.03067      0.01698     -0.03227
FE      0.06248      0.18768      0.43735     -0.00095      0.03653     -0.02507
FE      0.06248      0.06389      0.56122     -0.00067      0.05042     -0.04104
FE      0.18757      0.18759      0.56250      0.02114      0.02159     -0.01366
FE      0.18891      0.06381      0.68739      0.06540      0.03435     -0.03212
FE      0.06248      0.18772      0.68718     -0.00102      0.03370     -0.02621
FE      0.06248      0.06249      0.81214     -0.00187      0.00769     -0.01254
FE      0.19035      0.18767      0.80965      0.15223      0.03835     -0.13297
FE      0.19123      0.06125      0.93522      0.10058     -0.00191     -0.04652
RU      0.06250      0.18990      0.93574     -0.00025      0.00637      0.09904
FE      0.06249      0.31403      0.06379      0.00005      0.08151      0.04909
FE      0.18756      0.43758      0.06253      0.01693      0.01981      0.01277
FE      0.18770      0.31261      0.18780      0.03485      0.03752      0.04934
FE      0.06248      0.43767      0.18766     -0.00111      0.03074      0.03161
FE      0.06248      0.31264      0.31263     -0.00076      0.04017      0.02722
FE      0.18755      0.43756      0.31254      0.00435      0.01288      0.01126
FE      0.18754      0.31252      0.43749      0.00528      0.01224      0.00313
FE      0.06248      0.43751      0.43750     -0.00086      0.00515      0.00341
FE      0.06248      0.31248      0.56251     -0.00088      0.00576     -0.00636
FE      0.18752      0.43753      0.56247      0.00306      0.00613     -0.00970
FE      0.18766      0.31256      0.68727      0.03301      0.02801     -0.04906
FE      0.06248      0.43769      0.68735     -0.00098      0.04634     -0.04117
FE      0.06248      0.31446      0.81064     -0.00071      0.13975     -0.10762
FE      0.18760      0.43765      0.81236      0.01885      0.03123     -0.02226
FE      0.18889      0.31402      0.93750      0.05753      0.08532     -0.00603
FE      0.06248      0.43766      0.93754     -0.00100      0.02690      0.00317
FE      0.06248      0.56248      0.06244     -0.00094     -0.00774      0.00273
FE      0.18751      0.68753      0.06249      0.00470     -0.00364      0.00716
FE      0.18753      0.56251      0.18756      0.00121      0.00588      0.00725
FE      0.06248      0.68753      0.18750     -0.00089      0.00181      0.00326
FE      0.06248      0.56248      0.31248     -0.00089     -0.00141     -0.00018
FE      0.18755      0.68748      0.31251      0.00444     -0.01129     -0.00147
FE      0.18754      0.56244      0.43748      0.00150     -0.00812     -0.00340
FE      0.06248      0.68738      0.43735     -0.00072     -0.03367     -0.02346
FE      0.06248      0.56247      0.56251     -0.00084      0.00434     -0.00669
FE      0.18758      0.68746      0.56242      0.01425     -0.01704     -0.01568
FE      0.18752      0.56252      0.68747      0.00360      0.00628     -0.00690
FE      0.06248      0.68738      0.68753     -0.00089     -0.02603     -0.00361
FE      0.06248      0.56248      0.81248     -0.00087     -0.00104     -0.00245
FE      0.18758      0.68742      0.81250      0.01477     -0.02425      0.00519
FE      0.18751      0.56243      0.93757      0.00356     -0.00853      0.00681
FE      0.06248      0.68738      0.93770     -0.00097     -0.02552      0.02869
FE      0.06248      0.81232      0.06245     -0.00104     -0.03418      0.00162
FE      0.18887      0.93603      0.06247      0.05817     -0.07643      0.01184
FE      0.18760      0.81235      0.18763      0.01967     -0.03225      0.02210
FE      0.06248      0.93554      0.18933     -0.00071     -0.13990      0.10565
FE      0.06248      0.81231      0.31266     -0.00096     -0.05243      0.03746
FE      0.18768      0.93744      0.31282      0.03765     -0.02876      0.04859
FE      0.18766      0.81241      0.43732      0.02596     -0.02595     -0.02267
FE      0.06248      0.93751      0.43716     -0.00085     -0.00763     -0.01423
FE      0.06247      0.81105      0.56117     -0.00307     -0.06658     -0.05309
FE      0.19012      0.93752      0.55986      0.10877     -0.00527     -0.11287
FE      0.18883      0.81102      0.68747      0.04341     -0.06573     -0.01047
RU      0.06250      0.93722      0.68730      0.00019     -0.05073     -0.04445
FE      0.06248      0.81093      0.81364     -0.00102     -0.08240      0.01108
FE      0.19028      0.93740      0.81482      0.14343     -0.03980      0.06684
FE      0.18769      0.81235      0.93767      0.03889     -0.03985      0.02071
FE      0.06249      0.93594      0.93658     -0.00020     -0.07428     -0.01781
FE      0.31306      0.06244      0.06265      0.05417     -0.01187      0.03306
FE      0.43741      0.18754      0.06247      0.00379      0.00708      0.00457
FE      0.43748      0.06245      0.18757      0.01744     -0.00594      0.01900
FE      0.31320      0.18757      0.18818      0.11667      0.01788      0.11281
FE      0.31317      0.06248      0.31307      0.12509     -0.00023      0.10005
FE      0.43762      0.18755      0.31260      0.04377      0.00634      0.03587
FE      0.43762      0.06250      0.43753      0.04461      0.00370      0.01546
FE      0.31256      0.18755      0.43755      0.01673      0.00884      0.01329
FE      0.31275      0.06252      0.56231      0.04303      0.01314     -0.03833
FE      0.43759      0.18752      0.56241      0.03663      0.00729     -0.03015
FE      0.43761      0.06247      0.68741      0.04614      0.00017     -0.03647
FE      0.31326      0.18769      0.68690      0.13744      0.03351     -0.11319
FE      0.31340      0.06249      0.81195      0.14579      0.00172     -0.08930
FE      0.43750      0.18754      0.81244      0.02549      0.01210     -0.01677
FE      0.43746      0.06249      0.93757      0.01860     -0.00204      0.00785
FE      0.31303      0.18758      0.93741      0.04586      0.01941     -0.01569
FE      0.31283      0.31268      0.06261      0.05537      0.04543      0.02247
FE      0.43752      0.43751      0.06249      0.01264      0.00980      0.00040
FE      0.43758      0.31249      0.18758      0.02546      0.00902      0.01521
FE      0.31255      0.43757      0.18755      0.00933      0.01011      0.00456
FE      0.31256      0.31250      0.31254      0.01505      0.00708      0.01638
FE      0.43751      0.43753      0.31248      0.00346      0.00208     -0.00085
FE      0.43751      0.31248      0.43751      0.00323     -0.00005      0.00146
FE      0.31249      0.43752      0.43752      0.00172      0.00214      0.00101
FE      0.31258      0.31253      0.56242      0.01996      0.01052     -0.01832
FE      0.43751      0.43752      0.56248      0.00396      0.00048     -0.00193
FE      0.43755      0.31249      0.68747      0.02140      0.00790     -0.01154
FE      0.31250      0.43753      0.68750      0.00426      0.00535     -0.00354
FE      0.31275      0.31258      0.81234      0.04477      0.02821     -0.02790
FE      0.43754      0.43753      0.81247      0.01216      0.00758     -0.00380
FE      0.43752      0.31250      0.93751      0.01407      0.01285     -0.00036
FE      0.31269      0.43773      0.93751      0.03846      0.04125      0.00242
FE      0.31253      0.56251      0.06249      0.00613      0.00446      0.00046
FE      0.43750      0.68753      0.06248      0.00686     -0.00236     -0.00111
FE      0.43752      0.56249      0.18753      0.00453      0.00009      0.00132
FE      0.31253      0.68749      0.18753      0.00876     -0.00683      0.00307
FE      0.31249      0.56248      0.31248      0.00057     -0.00105     -0.00001
FE      0.43751      0.68752      0.31249      0.00351      0.00042     -0.00160
FE      0.43751      0.56247      0.43752      0.00304     -0.00271      0.00114
FE      0.31251      0.68751      0.43750      0.00351     -0.00281     -0.00131
FE      0.31254      0.56244      0.56247      0.00611     -0.00655     -0.00291
FE      0.43753      0.68752      0.56247      0.00977     -0.00400     -0.00356
FE      0.43750      0.56249      0.68752      0.00627     -0.00405      0.00094
FE      0.31264      0.68737      0.68752      0.02843     -0.02985     -0.00153
FE      0.31257      0.56248      0.81248      0.01345      0.00026     -0.00280
FE      0.43754      0.68752      0.81249      0.01252     -0.00561      0.00051
FE      0.43751      0.56246      0.93752      0.00749      0.00129      0.00154
FE      0.31254      0.68748      0.93752      0.00968     -0.00881      0.00372
FE      0.31274      0.81225      0.06253      0.04867     -0.04546      0.01385
FE      0.43758      0.93750      0.06255      0.03923     -0.01206      0.02655
FE      0.43753      0.81248      0.18753      0.01065     -0.00787      0.00361
FE      0.31273      0.93745      0.18767      0.04089     -0.02239      0.02872
FE      0.31256      0.81245      0.31245      0.01556     -0.01038     -0.01217
FE      0.43762      0.93750      0.31247      0.04464     -0.00441     -0.01526
FE      0.43755      0.81246      0.43746      0.01806     -0.00571     -0.01041
FE      0.31310      0.93751      0.43699      0.10793     -0.00520     -0.07694
FE      0.31270      0.81241      0.56235      0.03234     -0.02174     -0.02520
FE      0.43743      0.93753      0.56248      0.00230      0.00054     -0.00747
FE      0.43750      0.81246      0.68752      0.00653     -0.00878      0.00057
FE      0.31289      0.93750      0.68746      0.03186     -0.00642     -0.01727
FE      0.31275      0.81238      0.81258      0.03937     -0.02838      0.01757
FE      0.43750      0.93750      0.81242      0.02581     -0.01010     -0.00985
FE      0.43756      0.81247      0.93756      0.02826     -0.01519      0.01184
FE      0.31338      0.93732      0.93795      0.14522     -0.04378      0.06912
FE      0.56248      0.06246      0.06247     -0.00090     -0.00258      0.00030
FE      0.68763      0.18754      0.06247     -0.00062      0.00729      0.00453
FE      0.68756      0.06245      0.18757     -0.01420     -0.00607      0.01925
FE      0.56248      0.18754      0.18753     -0.00092      0.00359      0.00424
FE      0.56248      0.06248      0.31249     -0.00088     -0.00106      0.00098
FE      0.68742      0.18755      0.31260     -0.04073      0.00628      0.03616
FE      0.68742      0.06250      0.43753     -0.04147      0.00378      0.01540
FE      0.56248      0.18751      0.43751     -0.00083      0.00197     -0.00084
FE      0.56248      0.06249      0.56250     -0.00084     -0.00037     -0.00154
FE      0.68745      0.18752      0.56241     -0.03336      0.00728     -0.03021
FE      0.68743      0.06247      0.68741     -0.04314      0.00026     -0.03675
FE      0.56248      0.18751      0.68751     -0.00089      0.00143     -0.00113
FE      0.56248      0.06248      0.81247     -0.00090     -0.00127     -0.00368
FE      0.68754      0.18755      0.81244     -0.02230      0.01223     -0.01698
FE      0.68758      0.06249      0.93757     -0.01545     -0.00216      0.00790
FE      0.56248      0.18752      0.93752     -0.00089      0.00328      0.00098
FE      0.56248      0.31247      0.06247     -0.00090     -0.00044     -0.00017
FE      0.68752      0.43751      0.06249     -0.00944      0.00989      0.00040
FE      0.68747      0.31249      0.18758     -0.02219      0.00917      0.01522
FE      0.56248      0.43752      0.18752     -0.00088      0.00081      0.00154
FE      0.56248      0.31246      0.31248     -0.00089     -0.00117     -0.00054
FE      0.68753      0.43753      0.31248     -0.00015      0.00209     -0.00087
FE      0.68753      0.31248      0.43751      0.00004     -0.00008      0.00149
FE      0.56248      0.43753      0.43751     -0.00089      0.00155      0.00036
FE      0.56248      0.31248      0.56249     -0.00086     -0.00054     -0.00019
FE      0.68753      0.43752      0.56248     -0.00064      0.00049     -0.00195
FE      0.68750      0.31249      0.68747     -0.01824      0.00794     -0.01161
FE      0.56248      0.43751      0.68752     -0.00088      0.00098     -0.00037
FE      0.56248      0.31247      0.81248     -0.00089      0.00007     -0.00504
FE      0.68751      0.43753      0.81247     -0.00886      0.00759     -0.00382
FE      0.68752      0.31250      0.93751     -0.01088      0.01297     -0.00035
FE      0.56248      0.43752      0.93753     -0.00090      0.00026      0.00304
FE      0.56248      0.56248      0.06248     -0.00087     -0.00093     -0.00189
FE      0.68754      0.68753      0.06248     -0.00357     -0.00236     -0.00115
FE      0.68752      0.56249      0.18753     -0.00123      0.00009      0.00133
FE      0.56248      0.68751      0.18753     -0.00087      0.00079      0.00085
FE      0.56248      0.56248      0.31249     -0.00087     -0.00143     -0.00057
FE      0.68753      0.68752      0.31249     -0.00025      0.00042     -0.00162
FE      0.68753      0.56247      0.43752      0.00030     -0.00270      0.00113
FE      0.56248      0.68753      0.43752     -0.00089      0.00127     -0.00017
FE      0.56248      0.56247      0.56249     -0.00089     -0.00110     -0.00037
FE      0.68751      0.68752      0.56247     -0.00646     -0.00405     -0.00358
FE      0.68754      0.56249      0.68752     -0.00301     -0.00408      0.00097
FE      0.56248      0.68754      0.68752     -0.00089      0.00180      0.00026
FE      0.56248      0.56248      0.81247     -0.00090     -0.00127     -0.00216
FE      0.68751      0.68752      0.81249     -0.00924     -0.00569      0.00051
FE      0.68754      0.56246      0.93752     -0.00418      0.00129      0.00158
FE      0.56248      0.68753      0.93752     -0.00089      0.00102      0.00317
FE      0.56248      0.81249      0.06247     -0.00089     -0.00069     -0.00264
FE      0.68746      0.93750      0.06255     -0.03621     -0.01220      0.02674
FE      0.68752      0.81248      0.18753     -0.00736     -0.00790      0.00365
FE      0.56248      0.93753      0.18751     -0.00087     -0.00094      0.00346
FE      0.56248      0.81250      0.31248     -0.00086     -0.00134     -0.00001
FE      0.68742      0.93750      0.31247     -0.04149     -0.00448     -0.01519
FE      0.68749      0.81246      0.43746     -0.01481     -0.00568     -0.01045
FE      0.56248      0.93752      0.43750     -0.00088     -0.00044     -0.00087
FE      0.56248      0.81246      0.56249     -0.00089     -0.00312     -0.00229
FE      0.68761      0.93753      0.56248      0.00089      0.00070     -0.00771
FE      0.68754      0.81246      0.68752     -0.00323     -0.00885      0.00061
FE      0.56248      0.93754      0.68753     -0.00090      0.00031      0.00019
FE      0.56248      0.81248      0.81248     -0.00089     -0.00234     -0.00064
FE      0.68754      0.93750      0.81242     -0.02261     -0.01013     -0.00987
FE      0.68748      0.81247      0.93756     -0.02496     -0.01524      0.01179
FE      0.56248      0.93753      0.93754     -0.00092     -0.00026      0.00229
FE      0.81190      0.06244      0.06264     -0.05592     -0.01282      0.03231
FE      0.93386      0.18881      0.06503     -0.08835      0.02821      0.08894
FE      0.93471      0.06240      0.19039     -0.15080     -0.01768      0.14433
FE      0.81176      0.18757      0.18818     -0.11862      0.01922      0.11368
FE      0.81179      0.06248      0.31306     -0.12527     -0.00102      0.09911
FE      0.93737      0.18760      0.31261     -0.03116      0.02815      0.02643
FE      0.93739      0.06254      0.43723     -0.02802      0.01714     -0.03239
FE      0.81240      0.18755      0.43755     -0.01858      0.00889      0.01340
FE      0.81221      0.06252      0.56231     -0.04491      0.01279     -0.03868
FE      0.93747      0.18759      0.56250     -0.01799      0.02168     -0.01382
FE      0.93611      0.06382      0.68739     -0.06745      0.03426     -0.03339
FE      0.81171      0.18769      0.68691     -0.13762      0.03437     -0.11206
FE      0.81156      0.06249      0.81195     -0.14690      0.00020     -0.09041
FE      0.93465      0.18766      0.80965     -0.16346      0.03776     -0.13480
FE      0.93376      0.06125      0.93522     -0.10913     -0.00262     -0.04586
FE      0.81193      0.18759      0.93741     -0.04779      0.02030     -0.01506
FE      0.81214      0.31268      0.06261     -0.05653      0.04499      0.02204
FE      0.93748      0.43758      0.06253     -0.01366      0.01982      0.01290
FE      0.93734      0.31261      0.18780     -0.03159      0.03807      0.04926
FE      0.81241      0.43757      0.18755     -0.01118      0.01021      0.00461
FE      0.81241      0.31250      0.31254     -0.01667      0.00700      0.01625
FE      0.93749      0.43756      0.31254     -0.00108      0.01284      0.01130
FE      0.93750      0.31252      0.43749     -0.00207      0.01232      0.00311
FE      0.81248      0.43752      0.43752     -0.00347      0.00215      0.00102
FE      0.81238      0.31253      0.56242     -0.02165      0.01035     -0.01838
FE      0.93752      0.43753      0.56247      0.00020      0.00611     -0.00970
FE      0.93738      0.31256      0.68727     -0.03018      0.02823     -0.04932
FE      0.81246      0.43753      0.68750     -0.00600      0.00539     -0.00351
FE      0.81221      0.31258      0.81234     -0.04651      0.02778     -0.02822
FE      0.93744      0.43765      0.81236     -0.01536      0.03129     -0.02231
FE      0.93613      0.31402      0.93749     -0.05949      0.08532     -0.00690
FE      0.81227      0.43773      0.93751     -0.04045      0.04151      0.00269
FE      0.81244      0.56251      0.06249     -0.00780      0.00437      0.00042
FE      0.93753      0.68753      0.06249     -0.00140     -0.00365      0.00716
FE      0.93752      0.56251      0.18756      0.00205      0.00592      0.00727
FE      0.81243      0.68749      0.18753     -0.01047     -0.00675      0.00311
FE      0.81247      0.56248      0.31248     -0.00231     -0.00107     -0.00002
FE      0.93749      0.68748      0.31251     -0.00123     -0.01139     -0.00144
FE      0.93750      0.56244      0.43748      0.00181     -0.00810     -0.00343
FE      0.81245      0.68751      0.43750     -0.00525     -0.00278     -0.00126
FE      0.81243      0.56244      0.56247     -0.00792     -0.00666     -0.00297
FE      0.93746      0.68746      0.56242     -0.01107     -0.01738     -0.01571
FE      0.93752      0.56252      0.68747     -0.00046      0.00630     -0.00686
FE      0.81233      0.68737      0.68752     -0.02981     -0.02946     -0.00135
FE      0.81239      0.56248      0.81248     -0.01517      0.00012     -0.00290
FE      0.93746      0.68742      0.81250     -0.01169     -0.02441      0.00525
FE      0.93753      0.56243      0.93757     -0.00015     -0.00852      0.00683
FE      0.81242      0.68748      0.93752     -0.01135     -0.00868      0.00374
FE      0.81222      0.81225      0.06253     -0.05060     -0.04577      0.01349
FE      0.93616      0.93603      0.06248     -0.06007     -0.07647      0.01280
FE      0.93744      0.81235      0.18763     -0.01615     -0.03229      0.02213
FE      0.81223      0.93745      0.18767     -0.04274     -0.02202      0.02900
FE      0.81241      0.81245      0.31245     -0.01739     -0.01044     -0.01228
FE      0.93736      0.93744      0.31282     -0.03507     -0.02898      0.04878
FE      0.93738      0.81241      0.43732     -0.02308     -0.02590     -0.02326
FE      0.81186      0.93751      0.43700     -0.10828     -0.00444     -0.07608
FE      0.81226      0.81241      0.56235     -0.03451     -0.02222     -0.02550
FE      0.93489      0.93751      0.55986     -0.11886     -0.00646     -0.11471
FE      0.93621      0.81103      0.68746     -0.04470     -0.06578     -0.01265
FE      0.81207      0.93750      0.68747     -0.03389     -0.00584     -0.01669
FE      0.81222      0.81237      0.81258     -0.04110     -0.02886      0.01719
FE      0.93472      0.93739      0.81482     -0.15052     -0.04055      0.06558
FE      0.93736      0.81235      0.93767     -0.03540     -0.03982      0.02064
FE      0.81159      0.93732      0.93795     -0.14578     -0.04248      0.07004
