/* Converted from PWscf output file */ 
#L_UNITS ang 
#E_UNITS eV 
#S_UNITS GPA 
#F_UNITS EV/ANG 
#ALAT 	   6.88626     // a0 
#X 	   1.00000     0.00000     0.00000     // X 
#Y 	   0.00000     1.05298     0.00000     // Y 
#Z 	   0.00000     0.00000     1.00000     // Z 
#SX 	   9.70845     0.03588    -0.00190     // SX 
#SY 	   0.03588     6.51785     0.03588     // SY 
#SZ 	  -0.00190     0.03588     9.70845     // SZ 
#EPA 	  -4.50742     // Energy per Atom 
#C 	1 1 1 
#W 	20.0 
#RCUT 	6.5        // Rcut 
RU      0.00000      0.00000      0.00000     -1.25363     -0.96900     -1.25363
RU      0.25521      0.25520      0.00000      0.39586      0.20860     -1.21430
RU      0.25703      0.00000      0.25703      0.13529     -0.84627      0.13529
RU      0.00000      0.25520      0.25521     -1.21430      0.20860      0.39586
FE      0.00000      0.00000      0.50000     -0.57722     -0.29065      0.75244
FE      0.25049      0.25094      0.50000      0.57026      0.30512      0.81027
FE      0.25703      0.00000      0.74297     -0.22116     -0.22100      0.09258
FE      0.00000      0.25520      0.74479     -0.46785     -0.23909     -0.13036
FE      0.00000      0.50000      0.00000     -0.28648      0.55812     -0.28648
FE      0.25521      0.74480      0.00000     -0.24960     -0.00262     -0.23671
FE      0.25085      0.50000      0.25085      0.24062      0.56790      0.24062
FE      0.00000      0.74480      0.25521     -0.23671     -0.00262     -0.24960
FE      0.00000      0.50000      0.50000     -0.07007      0.39144      0.36942
FE      0.25049      0.74906      0.50000      0.02403     -0.34874      0.31644
FE      0.25085      0.50000      0.74915      0.01530      0.33220     -0.25828
FE      0.00000      0.74480      0.74479     -0.05004      0.21042      0.24728
FE      0.50000      0.00000      0.00000      0.75244     -0.29065     -0.57722
FE      0.74479      0.25520      0.00000     -0.13036     -0.23909     -0.46785
FE      0.74297      0.00000      0.25703      0.09258     -0.22100     -0.22116
FE      0.50000      0.25094      0.25049      0.81027      0.30512      0.57026
FE      0.50000      0.00000      0.50000      0.69225      0.00992      0.69225
FE      0.74951      0.25094      0.50000     -0.56325      0.00014      0.59518
FE      0.74297      0.00000      0.74297      0.24767      0.01153      0.24767
FE      0.50000      0.25094      0.74951      0.59518      0.00014     -0.56325
FE      0.50000      0.50000      0.00000      0.36942      0.39144     -0.07007
FE      0.74479      0.74480      0.00000      0.24728      0.21042     -0.05004
FE      0.74915      0.50000      0.25085     -0.25828      0.33220      0.01530
FE      0.50000      0.74906      0.25049      0.31644     -0.34874      0.02403
FE      0.50000      0.50000      0.50000      0.06296     -0.00764      0.06296
FE      0.74951      0.74906      0.50000     -0.02743     -0.00517      0.05868
FE      0.74915      0.50000      0.74915     -0.02015     -0.00589     -0.02015
FE      0.50000      0.74906      0.74951      0.05868     -0.00517     -0.02743
