/* Converted from PWscf output file */ 
#L_UNITS ang 
#E_UNITS eV 
#S_UNITS GPA 
#F_UNITS EV/ANG 
#ALAT 	  13.68896     // a0 
#X 	   1.00000     0.00000     0.00000     // X 
#Y 	   0.00000     1.05609    -0.00010     // Y 
#Z 	   0.00000    -0.00009     1.00047     // Z 
#SX 	  -0.03981     0.00000    -0.00000     // SX 
#SY 	   0.00000    -0.00044     0.00583     // SY 
#SZ 	  -0.00000     0.00583    -0.04113     // SZ 
#EPA 	  -4.28639     // Energy per Atom 
#C 	1 1 1 
#W 	1.0 
#RCUT 	6.5        // Rcut 
RU      0.06248      0.06068      0.06449      0.00098      0.01003     -0.01428
FE      0.19119      0.18879      0.06540      0.00479      0.00391      0.00106
FE      0.19073      0.06224      0.19092      0.01254      0.00188      0.01070
FE      0.06244      0.18893      0.18938     -0.00017      0.00893      0.00785
FE      0.06247      0.06241      0.31296     -0.00016     -0.00125      0.00767
FE      0.18815      0.18790      0.31288      0.00176     -0.00057      0.00220
FE      0.18807      0.06265      0.43698      0.00368     -0.00417      0.00241
FE      0.06249      0.18798      0.43715      0.00046     -0.00097      0.00144
FE      0.06248      0.06385      0.56114      0.00016      0.00424     -0.00889
FE      0.18787      0.18786      0.56229      0.00349      0.00002     -0.00178
FE      0.18924      0.06363      0.68696      0.00798      0.00681     -0.00110
FE      0.06246      0.18808      0.68700     -0.00011     -0.00198     -0.00930
FE      0.06244      0.06259      0.81191     -0.00011     -0.00052      0.00050
FE      0.19084      0.18808      0.80928      0.01149     -0.00318     -0.01164
FE      0.19150      0.06158      0.93536      0.00488     -0.00507     -0.00346
RU      0.06248      0.18983      0.93602      0.00087     -0.00927      0.01880
FE      0.06248      0.31440      0.06391     -0.00019     -0.00410      0.00487
FE      0.18778      0.43783      0.06271      0.00032     -0.00257     -0.00114
FE      0.18807      0.31303      0.18824     -0.00059     -0.00147     -0.00057
FE      0.06248      0.43796      0.18797      0.00012     -0.00259     -0.00115
FE      0.06249      0.31308      0.31288      0.00001     -0.00089      0.00204
FE      0.18773      0.43781      0.31273      0.00034      0.00068     -0.00123
FE      0.18775      0.31283      0.43754      0.00204      0.00248     -0.00099
FE      0.06248      0.43771      0.43756     -0.00002      0.00263     -0.00157
FE      0.06248      0.31270      0.56237     -0.00007      0.00430     -0.00277
FE      0.18770      0.43777      0.56226      0.00228      0.00343      0.00044
FE      0.18811      0.31298      0.68671     -0.00078      0.00129      0.00134
FE      0.06248      0.43815      0.68689      0.00008     -0.00289      0.00239
FE      0.06247      0.31495      0.81032     -0.00004      0.00805     -0.01032
FE      0.18786      0.43804      0.81212     -0.00134     -0.00339      0.00009
FE      0.18897      0.31433      0.93742      0.00835      0.00372     -0.00010
FE      0.06247      0.43796      0.93753     -0.00013     -0.00191     -0.00046
FE      0.06248      0.56241      0.06259      0.00010      0.00026     -0.00089
FE      0.18768      0.68733      0.06267      0.00150     -0.00095     -0.00040
FE      0.18763      0.56255      0.18767      0.00196     -0.00324      0.00091
FE      0.06248      0.68740      0.18759      0.00000     -0.00294      0.00209
FE      0.06248      0.56247      0.31252      0.00005     -0.00046      0.00054
FE      0.18774      0.68720      0.31251      0.00082     -0.00081      0.00131
FE      0.18766      0.56239      0.43743      0.00227      0.00235     -0.00035
FE      0.06249      0.68696      0.43720     -0.00010      0.00439      0.00051
FE      0.06248      0.56259      0.56234      0.00001     -0.00130      0.00116
FE      0.18778      0.68720      0.56226      0.00197      0.00133      0.00066
FE      0.18767      0.56262      0.68732      0.00115     -0.00012     -0.00002
FE      0.06248      0.68708      0.68740     -0.00028      0.00480      0.00029
FE      0.06248      0.56250      0.81244     -0.00005      0.00041     -0.00182
FE      0.18777      0.68712      0.81250      0.00047      0.00403     -0.00112
FE      0.18765      0.56237      0.93764      0.00142      0.00055     -0.00095
FE      0.06248      0.68710      0.93789      0.00002      0.00259     -0.00145
FE      0.06247      0.81194      0.06256     -0.00008      0.00130      0.00250
FE      0.18897      0.93586      0.06272      0.01111     -0.00460      0.00191
FE      0.18789      0.81191      0.18789     -0.00015      0.00160      0.00085
FE      0.06247      0.93508      0.18969      0.00042     -0.00776      0.01163
FE      0.06248      0.81176      0.31306     -0.00005      0.00194     -0.00317
FE      0.18819      0.93705      0.31330      0.00099     -0.00144     -0.00190
FE      0.18807      0.81199      0.43720      0.00027     -0.00188      0.00050
FE      0.06247      0.93733      0.43715     -0.00034     -0.00412     -0.00197
FE      0.06244      0.81084      0.56101     -0.00037     -0.00510     -0.00405
FE      0.19046      0.93732      0.55953      0.00896     -0.00286     -0.00657
FE      0.18897      0.81085      0.68726      0.00508     -0.00463      0.00080
RU      0.06248      0.93699      0.68704      0.00086     -0.00299     -0.00584
FE      0.06247      0.81070      0.81338     -0.00017     -0.00358      0.00717
FE      0.19085      0.93702      0.81461      0.00676      0.00395      0.00915
FE      0.18812      0.81192      0.93788     -0.00097      0.00413     -0.00040
FE      0.06247      0.93571      0.93675     -0.00001      0.00148     -0.00371
FE      0.31361      0.06243      0.06312      0.00164      0.00091     -0.00129
FE      0.43758      0.18770      0.06263      0.00239      0.00616      0.00100
FE      0.43792      0.06243      0.18787     -0.00041      0.00213      0.00103
FE      0.31430      0.18780      0.18910     -0.00636      0.00233     -0.00602
FE      0.31448      0.06250      0.31388     -0.00545     -0.00179     -0.00534
FE      0.43834      0.18779      0.31317     -0.00777      0.00522     -0.00796
FE      0.43851      0.06251      0.43779     -0.00971     -0.00358     -0.00779
FE      0.31304      0.18781      0.43769      0.00351      0.00136     -0.00132
FE      0.31339      0.06254      0.56182      0.00252     -0.00203      0.00152
FE      0.43837      0.18779      0.56184     -0.00995      0.00462      0.00886
FE      0.43832      0.06240      0.68677     -0.00743      0.00078      0.00743
FE      0.31450      0.18800      0.68586     -0.00652      0.00044      0.00676
FE      0.31466      0.06255      0.81126     -0.00778      0.00013      0.00495
FE      0.43794      0.18783      0.81222     -0.00215      0.00209     -0.00156
FE      0.43782      0.06256      0.93770     -0.00070      0.00029     -0.00115
FE      0.31345      0.18787      0.93730      0.00128      0.00139      0.00072
FE      0.31334      0.31309      0.06289     -0.00205      0.00047     -0.00069
FE      0.43778      0.43774      0.06261     -0.00224     -0.00030     -0.00003
FE      0.43798      0.31280      0.18788     -0.00294      0.00482     -0.00158
FE      0.31278      0.43780      0.18772      0.00100      0.00025     -0.00067
FE      0.31296      0.31284      0.31285      0.00065      0.00421     -0.00269
FE      0.43766      0.43770      0.31254      0.00233      0.00810     -0.00048
FE      0.43777      0.31278      0.43749      0.00068      0.01187     -0.00150
FE      0.31272      0.43772      0.43749      0.00276      0.00629     -0.00056
FE      0.31307      0.31293      0.56209      0.00069      0.00380      0.00291
FE      0.43767      0.43768      0.56238      0.00225      0.01036     -0.00205
FE      0.43797      0.31286      0.68717     -0.00295      0.00519      0.00027
FE      0.31274      0.43775      0.68732      0.00209      0.00479     -0.00072
FE      0.31328      0.31302      0.81203     -0.00120      0.00005     -0.00032
FE      0.43780      0.43774      0.81234     -0.00126      0.00356     -0.00020
FE      0.43774      0.31277      0.93748      0.00004      0.00463      0.00106
FE      0.31311      0.43807      0.93751     -0.00137     -0.00304      0.00023
FE      0.31271      0.56256      0.06259      0.00222     -0.00436     -0.00025
FE      0.43771      0.68730      0.06255     -0.00102     -0.00444      0.00097
FE      0.43765      0.56249      0.18760      0.00169     -0.00235      0.00134
FE      0.31282      0.68721      0.18764      0.00132     -0.00285     -0.00034
FE      0.31266      0.56247      0.31253      0.00306     -0.00026     -0.00010
FE      0.43766      0.68733      0.31250      0.00226     -0.00908      0.00098
FE      0.43763      0.56245      0.43749      0.00283      0.00077     -0.00056
FE      0.31272      0.68730      0.43743      0.00348     -0.00437      0.00055
FE      0.31272      0.56240      0.56236      0.00342      0.00398     -0.00032
FE      0.43775      0.68734      0.56235      0.00102     -0.00462     -0.00032
FE      0.43769      0.56245      0.68744      0.00041      0.00379     -0.00179
FE      0.31301      0.68708      0.68741     -0.00003      0.00050     -0.00023
FE      0.31284      0.56251      0.81241      0.00042     -0.00016     -0.00027
FE      0.43779      0.68732      0.81251     -0.00096     -0.00308     -0.00137
FE      0.43771      0.56251      0.93755     -0.00113     -0.00449      0.00069
FE      0.31279      0.68722      0.93758      0.00110     -0.00023      0.00068
FE      0.31332      0.81180      0.06284     -0.00137      0.00201     -0.00151
FE      0.43821      0.93731      0.06309     -0.00761     -0.00158     -0.00724
FE      0.43788      0.81214      0.18768     -0.00152     -0.00719      0.00051
FE      0.31327      0.93714      0.18804      0.00163     -0.00042      0.00054
FE      0.31300      0.81209      0.31237      0.00149     -0.00516      0.00251
FE      0.43841      0.93725      0.31229     -0.00826     -0.00605      0.00661
FE      0.43792      0.81215      0.43730      0.00053     -0.01076      0.00164
FE      0.31432      0.93720      0.43649     -0.00677     -0.00392      0.00533
FE      0.31318      0.81206      0.56208      0.00118     -0.00474      0.00119
FE      0.43772      0.93729      0.56235      0.00228     -0.00900     -0.00050
FE      0.43767      0.81221      0.68743      0.00263     -0.00861     -0.00018
FE      0.31331      0.93725      0.68713      0.00423     -0.00167      0.00169
FE      0.31326      0.81198      0.81267     -0.00189      0.00127     -0.00018
FE      0.43795      0.93724      0.81222     -0.00279     -0.00033      0.00306
FE      0.43805      0.81209      0.93771     -0.00511     -0.00018      0.00079
FE      0.31459      0.93700      0.93848     -0.00856      0.00189     -0.00526
FE      0.56250      0.06254      0.06264      0.00069      0.00208      0.00109
FE      0.68747      0.18771      0.06265     -0.00141      0.00621      0.00174
FE      0.68714      0.06244      0.18788      0.00085      0.00258      0.00156
FE      0.56248      0.18767      0.18767     -0.00038      0.00916      0.00365
FE      0.56248      0.06248      0.31257     -0.00044     -0.00019      0.00084
FE      0.68669      0.18778      0.31318      0.00805      0.00532     -0.00864
FE      0.68651      0.06252      0.43777      0.00884     -0.00363     -0.00825
FE      0.56248      0.18777      0.43750     -0.00038      0.00678     -0.00226
FE      0.56249      0.06241      0.56236     -0.00030     -0.00188      0.00076
FE      0.68666      0.18778      0.56185      0.00897      0.00445      0.00915
FE      0.68671      0.06242      0.68677      0.00802      0.00085      0.00798
FE      0.56248      0.18770      0.68729     -0.00039      0.00598     -0.00009
FE      0.56248      0.06248      0.81237     -0.00011      0.00058     -0.00189
FE      0.68712      0.18782      0.81221      0.00306      0.00198     -0.00223
FE      0.68723      0.06256      0.93769      0.00157      0.00009     -0.00148
FE      0.56249      0.18771      0.93759      0.00067      0.00533     -0.00181
FE      0.56249      0.31262      0.06255      0.00013      0.00769      0.00221
FE      0.68727      0.43774      0.06261      0.00229     -0.00026      0.00002
FE      0.68706      0.31281      0.18788      0.00311      0.00456     -0.00148
FE      0.56248      0.43771      0.18765     -0.00016      0.00447      0.00043
FE      0.56249      0.31277      0.31266      0.00005      0.01060     -0.00285
FE      0.68739      0.43770      0.31255     -0.00222      0.00805     -0.00023
FE      0.68727      0.31278      0.43749     -0.00135      0.01203     -0.00156
FE      0.56248      0.43765      0.43751     -0.00028      0.01245     -0.00117
FE      0.56248      0.31275      0.56231     -0.00019      0.01324     -0.00051
FE      0.68738      0.43768      0.56238     -0.00193      0.01017     -0.00201
FE      0.68707      0.31286      0.68716      0.00297      0.00490      0.00004
FE      0.56248      0.43770      0.68737     -0.00003      0.00743     -0.00146
FE      0.56249      0.31273      0.81236      0.00029      0.00674     -0.00044
FE      0.68726      0.43774      0.81235      0.00159      0.00349     -0.00000
FE      0.68730      0.31278      0.93748      0.00043      0.00473      0.00115
FE      0.56248      0.43764      0.93754     -0.00014      0.00356      0.00110
FE      0.56248      0.56249      0.06253     -0.00004     -0.00309      0.00177
FE      0.68734      0.68730      0.06256      0.00093     -0.00439      0.00108
FE      0.68740      0.56249      0.18759     -0.00153     -0.00218      0.00125
FE      0.56248      0.68736      0.18757     -0.00009     -0.01019      0.00186
FE      0.56248      0.56247      0.31250     -0.00011     -0.00084      0.00075
FE      0.68739      0.68732      0.31250     -0.00256     -0.00927      0.00087
FE      0.68742      0.56245      0.43749     -0.00284      0.00080     -0.00073
FE      0.56249      0.68734      0.43744      0.00004     -0.00821      0.00039
FE      0.56248      0.56246      0.56242     -0.00016      0.00221     -0.00229
FE      0.68730      0.68733      0.56235     -0.00106     -0.00479     -0.00028
FE      0.68736      0.56245      0.68744     -0.00055      0.00382     -0.00189
FE      0.56248      0.68742      0.68746     -0.00005     -0.00608     -0.00198
FE      0.56248      0.56248      0.81245     -0.00011     -0.00018     -0.00132
FE      0.68726      0.68731      0.81251      0.00097     -0.00318     -0.00137
FE      0.68734      0.56251      0.93755      0.00132     -0.00453      0.00064
FE      0.56249      0.68733      0.93760      0.00004     -0.00485     -0.00018
FE      0.56248      0.81223      0.06262     -0.00025     -0.00718     -0.00029
FE      0.68682      0.93729      0.06309      0.00819     -0.00159     -0.00791
FE      0.68717      0.81213      0.18767      0.00154     -0.00712      0.00004
FE      0.56249      0.93733      0.18764      0.00007     -0.00482      0.00091
FE      0.56248      0.81217      0.31248     -0.00038     -0.01141      0.00135
FE      0.68661      0.93724      0.31230      0.00778     -0.00582      0.00682
FE      0.68712      0.81216      0.43729     -0.00058     -0.01070      0.00127
FE      0.56248      0.93730      0.43755     -0.00047     -0.01150     -0.00275
FE      0.56248      0.81228      0.56241     -0.00017     -0.01423     -0.00192
FE      0.68732      0.93729      0.56233     -0.00224     -0.00916     -0.00102
FE      0.68738      0.81220      0.68743     -0.00225     -0.00869     -0.00044
FE      0.56250      0.93727      0.68731      0.00060     -0.00629      0.00225
FE      0.56248      0.81223      0.81239     -0.00004     -0.00615      0.00143
FE      0.68709      0.93723      0.81224      0.00340     -0.00008      0.00343
FE      0.68700      0.81210      0.93771      0.00519     -0.00015      0.00087
FE      0.56248      0.93742      0.93760     -0.00025     -0.00316      0.00151
FE      0.81136      0.06242      0.06310     -0.00140      0.00064     -0.00106
FE      0.93376      0.18879      0.06541     -0.00392      0.00403      0.00045
FE      0.93420      0.06223      0.19090     -0.01224      0.00198      0.01087
FE      0.81075      0.18783      0.18911      0.00563      0.00215     -0.00531
FE      0.81055      0.06249      0.31389      0.00477     -0.00151     -0.00533
FE      0.93688      0.18790      0.31291     -0.00149     -0.00042      0.00297
FE      0.93696      0.06266      0.43698     -0.00345     -0.00399      0.00275
FE      0.81192      0.18782      0.43770     -0.00415      0.00192     -0.00092
FE      0.81157      0.06253      0.56180     -0.00300     -0.00248      0.00111
FE      0.93718      0.18786      0.56227     -0.00312      0.00006     -0.00257
FE      0.93572      0.06363      0.68694     -0.00753      0.00714     -0.00162
FE      0.81054      0.18801      0.68583      0.00574      0.00063      0.00631
FE      0.81039      0.06253      0.81125      0.00648      0.00022      0.00462
FE      0.93410      0.18810      0.80930     -0.01175     -0.00307     -0.01180
FE      0.93346      0.06158      0.93535     -0.00434     -0.00499     -0.00278
FE      0.81150      0.18788      0.93732     -0.00124      0.00171      0.00092
FE      0.81164      0.31310      0.06289      0.00170      0.00090     -0.00032
FE      0.93726      0.43784      0.06271     -0.00025     -0.00225     -0.00088
FE      0.93697      0.31305      0.18825      0.00072     -0.00123     -0.00027
FE      0.81218      0.43780      0.18772     -0.00138      0.00073     -0.00028
FE      0.81202      0.31283      0.31285     -0.00073      0.00429     -0.00247
FE      0.93732      0.43781      0.31273     -0.00015      0.00074     -0.00103
FE      0.93730      0.31284      0.43754     -0.00198      0.00272     -0.00126
FE      0.81224      0.43772      0.43749     -0.00281      0.00662     -0.00035
FE      0.81190      0.31292      0.56208     -0.00049      0.00396      0.00251
FE      0.93736      0.43777      0.56226     -0.00190      0.00338      0.00057
FE      0.93691      0.31300      0.68670      0.00075      0.00154      0.00117
FE      0.81223      0.43776      0.68732     -0.00234      0.00510     -0.00070
FE      0.81169      0.31302      0.81201      0.00101      0.00012     -0.00041
FE      0.93720      0.43804      0.81212      0.00137     -0.00334     -0.00001
FE      0.93600      0.31433      0.93741     -0.00800      0.00403      0.00003
FE      0.81186      0.43808      0.93752      0.00140     -0.00292      0.00025
FE      0.81226      0.56256      0.06259     -0.00234     -0.00438     -0.00027
FE      0.93736      0.68732      0.06267     -0.00146     -0.00127     -0.00037
FE      0.93742      0.56256      0.18767     -0.00163     -0.00314      0.00084
FE      0.81215      0.68721      0.18764     -0.00112     -0.00294     -0.00028
FE      0.81231      0.56247      0.31253     -0.00307     -0.00042     -0.00025
FE      0.93731      0.68720      0.31251     -0.00083     -0.00103      0.00145
FE      0.93740      0.56240      0.43742     -0.00214      0.00247     -0.00050
FE      0.81225      0.68730      0.43743     -0.00365     -0.00454      0.00045
FE      0.81225      0.56240      0.56236     -0.00352      0.00365     -0.00058
FE      0.93726      0.68718      0.56225     -0.00211      0.00112      0.00052
FE      0.93738      0.56262      0.68731     -0.00101     -0.00024     -0.00017
FE      0.81197      0.68708      0.68742     -0.00021      0.00004     -0.00033
FE      0.81213      0.56250      0.81241     -0.00053     -0.00036     -0.00035
FE      0.93727      0.68711      0.81251     -0.00046      0.00374     -0.00104
FE      0.93741      0.56237      0.93764     -0.00127      0.00075     -0.00100
FE      0.81218      0.68723      0.93758     -0.00131     -0.00039      0.00085
FE      0.81166      0.81179      0.06282      0.00144      0.00188     -0.00125
FE      0.93601      0.93586      0.06275     -0.01043     -0.00499      0.00224
FE      0.93716      0.81191      0.18788      0.00025      0.00148      0.00093
FE      0.81169      0.93714      0.18805     -0.00221     -0.00028      0.00056
FE      0.81196      0.81208      0.31236     -0.00172     -0.00575      0.00190
FE      0.93683      0.93704      0.31330     -0.00093     -0.00162     -0.00252
FE      0.93695      0.81199      0.43717     -0.00052     -0.00205      0.00014
FE      0.81070      0.93721      0.43648      0.00600     -0.00424      0.00519
FE      0.81177      0.81203      0.56206     -0.00102     -0.00482      0.00089
FE      0.93446      0.93732      0.55954     -0.00889     -0.00321     -0.00663
FE      0.93600      0.81084      0.68724     -0.00518     -0.00476      0.00071
FE      0.81163      0.93726      0.68713     -0.00409     -0.00160      0.00166
FE      0.81171      0.81196      0.81266      0.00159      0.00105     -0.00039
FE      0.93410      0.93702      0.81460     -0.00656      0.00357      0.00866
FE      0.93692      0.81192      0.93788      0.00098      0.00373     -0.00051
FE      0.81045      0.93700      0.93849      0.00747      0.00181     -0.00512
