/* Converted from PWscf output file */ 
#L_UNITS ang 
#E_UNITS eV 
#S_UNITS GPA 
#F_UNITS EV/ANG 
#ALAT 	  13.68169     // a0 
#X 	   1.00000     0.00000    -0.00000     // X 
#Y 	   0.00000     1.05653    -0.00014     // Y 
#Z 	  -0.00000    -0.00013     1.00031     // Z 
#SX 	  -0.06023     0.00000     0.00000     // SX 
#SY 	   0.00000    -0.09363     0.01444     // SY 
#SZ 	   0.00000     0.01444    -0.05469     // SZ 
#EPA 	  -4.27818     // Energy per Atom 
#C 	1 1 1 
#W 	1.0 
#RCUT 	6.5        // Rcut 
RU      0.06250      0.06044      0.06436     -0.00166      0.09620     -0.09426
FE      0.19126      0.18885      0.06516     -0.05623     -0.03033     -0.01325
FE      0.19062      0.06234      0.19073      0.02272     -0.01590      0.02610
FE      0.06246      0.18901      0.18924     -0.00233     -0.01827     -0.01264
FE      0.06248      0.06243      0.31287     -0.00054     -0.00823      0.01074
FE      0.18776      0.18766      0.31274      0.02961      0.01999      0.03438
FE      0.18755      0.06247      0.43745      0.00948     -0.00189      0.00415
FE      0.06248      0.18756      0.43751     -0.00012      0.00685      0.00404
FE      0.06248      0.06244      0.56249     -0.00012     -0.00685     -0.00404
FE      0.18755      0.18753      0.56255      0.00948      0.00189     -0.00415
FE      0.18776      0.06234      0.68726      0.02961     -0.02000     -0.03438
FE      0.06248      0.18757      0.68713     -0.00054      0.00824     -0.01075
FE      0.06246      0.06099      0.81076     -0.00233      0.01827      0.01264
FE      0.19062      0.18766      0.80927      0.02273      0.01589     -0.02610
FE      0.19126      0.06115      0.93484     -0.05623      0.03033      0.01324
RU      0.06250      0.18956      0.93564     -0.00166     -0.09620      0.09427
FE      0.06249      0.31419      0.06385      0.00012      0.00915     -0.01661
FE      0.18761      0.43764      0.06257      0.01643      0.02037      0.01197
FE      0.18781      0.31273      0.18795      0.03136      0.03868      0.04224
FE      0.06248      0.43776      0.18775     -0.00050      0.02746      0.02866
FE      0.06248      0.31277      0.31272      0.00011      0.03446      0.03022
FE      0.18756      0.43761      0.31259      0.00533      0.01432      0.01531
FE      0.18755      0.31251      0.43757      0.00615      0.01070      0.01061
FE      0.06248      0.43753      0.43753     -0.00013      0.00821      0.00640
FE      0.06248      0.31251      0.56247     -0.00011      0.00987     -0.00535
FE      0.18755      0.43756      0.56243      0.00441      0.00950     -0.01218
FE      0.18779      0.31266      0.68710      0.03067      0.03198     -0.04677
FE      0.06248      0.43783      0.68722     -0.00024      0.04544     -0.04198
FE      0.06248      0.31481      0.81041     -0.00056      0.05571     -0.02968
FE      0.18767      0.43775      0.81230      0.01885      0.03194     -0.02035
FE      0.18898      0.31415      0.93741     -0.00564      0.01415     -0.01233
FE      0.06248      0.43775      0.93754     -0.00040      0.02410     -0.00049
FE      0.06248      0.56246      0.06246     -0.00020     -0.00097      0.00227
FE      0.18751      0.68753      0.06248      0.00397     -0.00022      0.00057
FE      0.18753      0.56253      0.18758      0.00221      0.00679      0.00652
FE      0.06248      0.68753      0.18751     -0.00014     -0.00015      0.00448
FE      0.06248      0.56248      0.31248     -0.00015      0.00610      0.00719
FE      0.18755      0.68747      0.31255      0.00224     -0.00728      0.00825
FE      0.18753      0.56247      0.43753      0.00042      0.00028      0.00282
FE      0.06248      0.68752      0.43753     -0.00012     -0.00835      0.00774
FE      0.06248      0.56248      0.56247     -0.00012      0.00834     -0.00774
FE      0.18753      0.68753      0.56247      0.00041     -0.00028     -0.00282
FE      0.18755      0.56253      0.68745      0.00221      0.00727     -0.00827
FE      0.06248      0.68752      0.68752     -0.00015     -0.00609     -0.00717
FE      0.06248      0.56247      0.81249     -0.00014      0.00015     -0.00449
FE      0.18753      0.68747      0.81242      0.00221     -0.00678     -0.00652
FE      0.18751      0.56247      0.93752      0.00397      0.00022     -0.00058
FE      0.06248      0.68754      0.93754     -0.00020      0.00097     -0.00227
FE      0.06248      0.81225      0.06246     -0.00040     -0.02410      0.00049
FE      0.18898      0.93585      0.06259     -0.00564     -0.01416      0.01233
FE      0.18767      0.81225      0.18770      0.01885     -0.03195      0.02035
FE      0.06248      0.93519      0.18959     -0.00056     -0.05571      0.02968
FE      0.06248      0.81217      0.31278     -0.00024     -0.04544      0.04198
FE      0.18779      0.93734      0.31290      0.03067     -0.03198      0.04677
FE      0.18755      0.81244      0.43757      0.00441     -0.00950      0.01218
FE      0.06248      0.93749      0.43753     -0.00011     -0.00987      0.00536
FE      0.06248      0.81247      0.56247     -0.00013     -0.00821     -0.00640
FE      0.18755      0.93749      0.56243      0.00615     -0.01070     -0.01061
FE      0.18756      0.81239      0.68741      0.00533     -0.01433     -0.01531
FE      0.06248      0.93723      0.68728      0.00011     -0.03446     -0.03022
FE      0.06248      0.81224      0.81225     -0.00050     -0.02746     -0.02867
FE      0.18781      0.93727      0.81205      0.03136     -0.03868     -0.04224
FE      0.18761      0.81236      0.93743      0.01643     -0.02036     -0.01197
FE      0.06249      0.93581      0.93615      0.00012     -0.00915      0.01661
FE      0.31313      0.06237      0.06267      0.02433     -0.01506      0.01771
FE      0.43743      0.18755      0.06250      0.00836      0.00632      0.00663
FE      0.43755      0.06244      0.18764      0.02239     -0.00669      0.02006
FE      0.31356      0.18762      0.18853      0.10018      0.01559      0.09753
FE      0.31348      0.06245      0.31347      0.10266     -0.00565      0.10656
FE      0.43778      0.18756      0.31273      0.04994      0.00728      0.04448
FE      0.43769      0.06248      0.43769      0.03912     -0.00279      0.03487
FE      0.31260      0.18756      0.43762      0.01737      0.00695      0.01864
FE      0.31260      0.06244      0.56238      0.01737     -0.00695     -0.01864
FE      0.43769      0.18752      0.56231      0.03911      0.00279     -0.03487
FE      0.43778      0.06244      0.68727      0.04994     -0.00728     -0.04448
FE      0.31348      0.18755      0.68653      0.10265      0.00565     -0.10656
FE      0.31356      0.06238      0.81147      0.10018     -0.01560     -0.09753
FE      0.43755      0.18756      0.81236      0.02238      0.00669     -0.02007
FE      0.43743      0.06245      0.93750      0.00836     -0.00632     -0.00663
FE      0.31313      0.18763      0.93733      0.02432      0.01506     -0.01771
FE      0.31300      0.31282      0.06268      0.04826      0.04220      0.02018
FE      0.43757      0.43755      0.06250      0.01622      0.01347      0.00296
FE      0.43767      0.31254      0.18764      0.02854      0.01470      0.01734
FE      0.31257      0.43760      0.18757      0.01044      0.01164      0.00620
FE      0.31261      0.31253      0.31261      0.01906      0.01181      0.02253
FE      0.43753      0.43754      0.31248      0.00435      0.00267      0.00205
FE      0.43752      0.31248      0.43752      0.00580      0.00392      0.00180
FE      0.31249      0.43753      0.43753      0.00403      0.00426      0.00189
FE      0.31259      0.31252      0.56237      0.01944      0.01066     -0.02056
FE      0.43752      0.43753      0.56248      0.00325      0.00107     -0.00225
FE      0.43763      0.31252      0.68743      0.02142      0.00870     -0.01571
FE      0.31252      0.43756      0.68748      0.00686      0.00735     -0.00693
FE      0.31284      0.31263      0.81224      0.03658      0.02613     -0.02772
FE      0.43757      0.43756      0.81245      0.01313      0.00979     -0.00490
FE      0.43757      0.31254      0.93750      0.01451      0.01524     -0.00205
FE      0.31281      0.43785      0.93751      0.03365      0.03597     -0.00069
FE      0.31255      0.56254      0.06249      0.00697      0.00684      0.00115
FE      0.43753      0.68752      0.06248      0.00896     -0.00646     -0.00045
FE      0.43754      0.56248      0.18753      0.00490      0.00120      0.00123
FE      0.31256      0.68746      0.18755      0.00906     -0.00840      0.00392
FE      0.31249      0.56248      0.31249      0.00271      0.00120      0.00374
FE      0.43753      0.68752      0.31248      0.00326     -0.00134      0.00091
FE      0.43752      0.56247      0.43752      0.00163     -0.00016      0.00087
FE      0.31249      0.68752      0.43753      0.00128     -0.00139      0.00227
FE      0.31249      0.56248      0.56247      0.00128      0.00139     -0.00226
FE      0.43752      0.68753      0.56248      0.00163      0.00016     -0.00087
FE      0.43753      0.56248      0.68752      0.00325      0.00134     -0.00091
FE      0.31249      0.68752      0.68751      0.00271     -0.00120     -0.00374
FE      0.31256      0.56254      0.81245      0.00906      0.00841     -0.00392
FE      0.43754      0.68752      0.81247      0.00490     -0.00119     -0.00123
FE      0.43753      0.56248      0.93752      0.00896      0.00646      0.00045
FE      0.31255      0.68746      0.93751      0.00697     -0.00684     -0.00115
FE      0.31281      0.81215      0.06249      0.03365     -0.03597      0.00070
FE      0.43757      0.93746      0.06250      0.01451     -0.01524      0.00205
FE      0.43757      0.81244      0.18755      0.01312     -0.00978      0.00490
FE      0.31284      0.93737      0.18776      0.03658     -0.02613      0.02771
FE      0.31252      0.81244      0.31252      0.00685     -0.00736      0.00693
FE      0.43763      0.93748      0.31257      0.02143     -0.00870      0.01571
FE      0.43752      0.81247      0.43752      0.00326     -0.00107      0.00226
FE      0.31259      0.93748      0.43763      0.01944     -0.01066      0.02056
FE      0.31249      0.81247      0.56247      0.00403     -0.00426     -0.00189
FE      0.43752      0.93752      0.56248      0.00580     -0.00392     -0.00180
FE      0.43753      0.81246      0.68752      0.00435     -0.00267     -0.00204
FE      0.31261      0.93747      0.68739      0.01906     -0.01180     -0.02253
FE      0.31257      0.81240      0.81243      0.01043     -0.01164     -0.00620
FE      0.43767      0.93746      0.81236      0.02854     -0.01470     -0.01734
FE      0.43757      0.81245      0.93750      0.01622     -0.01347     -0.00296
FE      0.31300      0.93718      0.93732      0.04826     -0.04220     -0.02018
FE      0.56248      0.06247      0.06248     -0.00010     -0.00207      0.00133
FE      0.68761      0.18755      0.06250     -0.00755      0.00656      0.00684
FE      0.68750      0.06244      0.18764     -0.02132     -0.00667      0.02040
FE      0.56248      0.18753      0.18755     -0.00014      0.00210      0.00516
FE      0.56248      0.06248      0.31250     -0.00011     -0.00250      0.00648
FE      0.68727      0.18756      0.31273     -0.04947      0.00698      0.04523
FE      0.68736      0.06248      0.43769     -0.03803     -0.00262      0.03495
FE      0.56248      0.18752      0.43752     -0.00002      0.00261      0.00300
FE      0.56248      0.06248      0.56248     -0.00002     -0.00261     -0.00300
FE      0.68736      0.18752      0.56231     -0.03802      0.00262     -0.03495
FE      0.68727      0.06244      0.68727     -0.04947     -0.00698     -0.04523
FE      0.56248      0.18752      0.68750     -0.00011      0.00250     -0.00647
FE      0.56248      0.06247      0.81245     -0.00014     -0.00211     -0.00517
FE      0.68750      0.18756      0.81236     -0.02132      0.00667     -0.02041
FE      0.68761      0.06245      0.93750     -0.00756     -0.00657     -0.00684
FE      0.56248      0.18753      0.93752     -0.00010      0.00207     -0.00133
FE      0.56248      0.31248      0.06248     -0.00015      0.00307      0.00160
FE      0.68748      0.43755      0.06250     -0.01516      0.01356      0.00303
FE      0.68738      0.31254      0.18764     -0.02759      0.01516      0.01730
FE      0.56248      0.43753      0.18753     -0.00015      0.00326      0.00320
FE      0.56248      0.31247      0.31248     -0.00010      0.00579      0.00560
FE      0.68752      0.43754      0.31248     -0.00315      0.00267      0.00207
FE      0.68752      0.31248      0.43752     -0.00467      0.00392      0.00182
FE      0.56248      0.43754      0.43752     -0.00014      0.00037      0.00077
FE      0.56248      0.31249      0.56248     -0.00011      0.00322     -0.00382
FE      0.68753      0.43753      0.56248     -0.00208      0.00108     -0.00228
FE      0.68742      0.31252      0.68742     -0.02062      0.00887     -0.01603
FE      0.56248      0.43752      0.68752     -0.00013      0.00308     -0.00368
FE      0.56248      0.31249      0.81247     -0.00015      0.00534     -0.00551
FE      0.68747      0.43756      0.81245     -0.01196      0.00985     -0.00489
FE      0.68748      0.31254      0.93750     -0.01366      0.01558     -0.00210
FE      0.56248      0.43752      0.93753     -0.00014      0.00178      0.00094
FE      0.56248      0.56248      0.06248     -0.00013      0.00058     -0.00068
FE      0.68752      0.68752      0.06248     -0.00783     -0.00658     -0.00046
FE      0.68751      0.56248      0.18753     -0.00372      0.00125      0.00122
FE      0.56248      0.68753      0.18753     -0.00013     -0.00037      0.00020
FE      0.56248      0.56247      0.31249     -0.00013     -0.00023      0.00082
FE      0.68752      0.68752      0.31248     -0.00209     -0.00136      0.00092
FE      0.68753      0.56247      0.43752     -0.00044     -0.00016      0.00087
FE      0.56248      0.68753      0.43752     -0.00013     -0.00002      0.00088
FE      0.56248      0.56247      0.56248     -0.00014      0.00002     -0.00088
FE      0.68753      0.68753      0.56248     -0.00045      0.00017     -0.00088
FE      0.68752      0.56248      0.68752     -0.00209      0.00137     -0.00092
FE      0.56248      0.68753      0.68751     -0.00013      0.00023     -0.00081
FE      0.56248      0.56247      0.81247     -0.00014      0.00037     -0.00021
FE      0.68751      0.68752      0.81247     -0.00372     -0.00124     -0.00123
FE      0.68752      0.56248      0.93752     -0.00783      0.00658      0.00047
FE      0.56248      0.68752      0.93752     -0.00013     -0.00058      0.00068
FE      0.56248      0.81248      0.06247     -0.00014     -0.00178     -0.00094
FE      0.68748      0.93746      0.06250     -0.01366     -0.01558      0.00210
FE      0.68747      0.81244      0.18755     -0.01196     -0.00985      0.00488
FE      0.56248      0.93751      0.18753     -0.00015     -0.00534      0.00551
FE      0.56248      0.81248      0.31248     -0.00012     -0.00308      0.00369
FE      0.68742      0.93748      0.31258     -0.02062     -0.00887      0.01603
FE      0.68753      0.81247      0.43752     -0.00208     -0.00109      0.00228
FE      0.56248      0.93751      0.43752     -0.00011     -0.00322      0.00383
FE      0.56248      0.81246      0.56248     -0.00013     -0.00037     -0.00077
FE      0.68752      0.93752      0.56248     -0.00468     -0.00392     -0.00182
FE      0.68752      0.81246      0.68752     -0.00315     -0.00266     -0.00207
FE      0.56248      0.93753      0.68752     -0.00011     -0.00579     -0.00560
FE      0.56248      0.81247      0.81247     -0.00015     -0.00326     -0.00320
FE      0.68738      0.93746      0.81236     -0.02759     -0.01516     -0.01731
FE      0.68748      0.81245      0.93750     -0.01516     -0.01357     -0.00303
FE      0.56248      0.93752      0.93752     -0.00015     -0.00307     -0.00160
FE      0.81182      0.06237      0.06266     -0.02513     -0.01596      0.01703
FE      0.93372      0.18885      0.06517      0.05096     -0.02987     -0.01223
FE      0.93435      0.06234      0.19073     -0.03207     -0.01747      0.02592
FE      0.81140      0.18763      0.18853     -0.09955      0.01778      0.09869
FE      0.81149      0.06244      0.31347     -0.10064     -0.00652      0.10611
FE      0.93728      0.18766      0.31274     -0.02946      0.01997      0.03552
FE      0.93750      0.06247      0.43745     -0.00866     -0.00187      0.00442
FE      0.81236      0.18756      0.43762     -0.01788      0.00702      0.01885
FE      0.81236      0.06244      0.56238     -0.01788     -0.00702     -0.01884
FE      0.93750      0.18753      0.56255     -0.00866      0.00187     -0.00441
FE      0.93728      0.06234      0.68726     -0.02947     -0.01997     -0.03552
FE      0.81149      0.18756      0.68653     -0.10064      0.00652     -0.10610
FE      0.81140      0.06237      0.81147     -0.09954     -0.01778     -0.09869
FE      0.93435      0.18766      0.80927     -0.03207      0.01747     -0.02592
FE      0.93372      0.06115      0.93483      0.05096      0.02988      0.01222
FE      0.81182      0.18763      0.93734     -0.02513      0.01596     -0.01703
FE      0.81197      0.31281      0.06267     -0.04766      0.04186      0.01974
FE      0.93744      0.43764      0.06257     -0.01535      0.02034      0.01215
FE      0.93724      0.31273      0.18795     -0.03059      0.03968      0.04219
FE      0.81238      0.43760      0.18757     -0.01089      0.01177      0.00624
FE      0.81235      0.31253      0.31261     -0.01907      0.01168      0.02235
FE      0.93748      0.43761      0.31259     -0.00419      0.01429      0.01541
FE      0.93750      0.31251      0.43757     -0.00497      0.01077      0.01063
FE      0.81246      0.43753      0.43753     -0.00431      0.00428      0.00191
FE      0.81236      0.31252      0.56237     -0.01974      0.01047     -0.02067
FE      0.93750      0.43756      0.56243     -0.00314      0.00947     -0.01218
FE      0.93725      0.31266      0.68710     -0.03059      0.03246     -0.04729
FE      0.81244      0.43756      0.68748     -0.00713      0.00742     -0.00684
FE      0.81211      0.31263      0.81223     -0.03708      0.02594     -0.02825
FE      0.93738      0.43775      0.81230     -0.01739      0.03203     -0.02031
FE      0.93603      0.31415      0.93740      0.00154      0.01336     -0.01297
FE      0.81215      0.43786      0.93751     -0.03421      0.03643     -0.00026
FE      0.81241      0.56253      0.06249     -0.00711      0.00673      0.00107
FE      0.93754      0.68753      0.06248     -0.00282     -0.00025      0.00055
FE      0.93751      0.56253      0.18758     -0.00109      0.00685      0.00655
FE      0.81240      0.68746      0.18755     -0.00924     -0.00826      0.00398
FE      0.81247      0.56248      0.31249     -0.00294      0.00119      0.00374
FE      0.93750      0.68747      0.31255     -0.00122     -0.00736      0.00830
FE      0.93752      0.56247      0.43753      0.00081      0.00029      0.00282
FE      0.81246      0.68752      0.43753     -0.00153     -0.00137      0.00228
FE      0.81246      0.56248      0.56247     -0.00153      0.00137     -0.00228
FE      0.93752      0.68753      0.56247      0.00081     -0.00029     -0.00282
FE      0.93750      0.56253      0.68745     -0.00121      0.00735     -0.00829
FE      0.81247      0.68752      0.68751     -0.00294     -0.00119     -0.00374
FE      0.81240      0.56254      0.81245     -0.00923      0.00826     -0.00399
FE      0.93751      0.68747      0.81242     -0.00109     -0.00685     -0.00655
FE      0.93754      0.56247      0.93752     -0.00282      0.00025     -0.00055
FE      0.81241      0.68747      0.93751     -0.00711     -0.00673     -0.00107
FE      0.81215      0.81214      0.06249     -0.03422     -0.03643      0.00026
FE      0.93603      0.93585      0.06260      0.00154     -0.01336      0.01297
FE      0.93738      0.81225      0.18770     -0.01737     -0.03201      0.02031
FE      0.81211      0.93737      0.18777     -0.03708     -0.02594      0.02824
FE      0.81244      0.81244      0.31252     -0.00714     -0.00741      0.00685
FE      0.93725      0.93734      0.31290     -0.03059     -0.03247      0.04728
FE      0.93750      0.81244      0.43757     -0.00314     -0.00947      0.01218
FE      0.81236      0.93748      0.43763     -0.01975     -0.01047      0.02067
FE      0.81246      0.81247      0.56247     -0.00431     -0.00428     -0.00192
FE      0.93750      0.93749      0.56243     -0.00497     -0.01077     -0.01063
FE      0.93748      0.81239      0.68741     -0.00419     -0.01429     -0.01540
FE      0.81235      0.93747      0.68739     -0.01908     -0.01168     -0.02234
FE      0.81238      0.81240      0.81243     -0.01089     -0.01177     -0.00624
FE      0.93724      0.93727      0.81205     -0.03059     -0.03968     -0.04220
FE      0.93744      0.81236      0.93743     -0.01535     -0.02034     -0.01215
FE      0.81197      0.93719      0.93733     -0.04765     -0.04186     -0.01973
